{"index":{"_index":"winlogbeat-6.4.0-2018.09.19","_type":"doc","_id":"rF_g8WUBfVn9xHWiyTkg"}}
{"thread_id":368,"event_data":{"param2":"Ausgeführt","param1":"Kryptografiedienste","Binary":"430072007900700074005300760063002F0034000000"},"@timestamp":"2018-09-19T12:49:17.937Z","keywords":["Klassisch"],"log_name":"System","level":"Informationen","computer_name":"flare-PC","source_name":"Service Control Manager","process_id":488,"message":"Dienst \"Kryptografiedienste\" befindet sich jetzt im Status \"Ausgeführt\".","@version":"1","provider_guid":"{555908d1-a6d7-4695-8e1e-26931d2012f4}","beat":{"version":"6.4.0","name":"flare-PC","hostname":"flare-PC"},"tags":["beats_input_codec_plain_applied"],"type":"wineventlog","event_id":7036,"record_number":"11678","host":{"name":"flare-PC"}}
{"index":{"_index":"winlogbeat-6.4.0-2018.09.19","_type":"doc","_id":"Vl_i8WUBfVn9xHWikDoz"}}
{"thread_id":1824,"event_data":{"LogonId":"0xe320","Product":"Firefox","User":"flare-PC\\flare","Hashes":"MD5=FA64B4AEB420A6C292F877E90D0670A5,SHA256=377D3B741D8447B9BBD5F6FA700151A6CE8412CA15792BA4EAAA3174B1763BA4","Image":"C:\\Program Files\\Mozilla Firefox\\firefox.exe","ParentProcessGuid":"{2D3B23BE-463E-5BA2-0000-001010000400}","Description":"Firefox","FileVersion":"62.0","ParentImage":"C:\\Program Files\\Mozilla Firefox\\firefox.exe","ParentCommandLine":"\"C:\\Program Files\\Mozilla Firefox\\firefox.exe\" ","TerminalSessionId":"1","CommandLine":"\"C:\\Program Files\\Mozilla Firefox\\firefox.exe\" -contentproc --channel=\"588.6.549366775\\923168184\" -childID 2 -isForBrowser -prefsHandle 2744 -prefsLen 12018 -schedulerPrefs 0001,2 -parentBuildID 20180830143136 -greomni \"C:\\Program Files\\Mozilla Firefox\\omni.ja\" -appomni \"C:\\Program Files\\Mozilla Firefox\\browser\\omni.ja\" -appdir \"C:\\Program Files\\Mozilla Firefox\\browser\" - 588 \"\\\\.\\pipe\\gecko-crash-server-pipe.588\" 2060 tab","LogonGuid":"{2D3B23BE-45CC-5BA2-0000-002020E30000}","ProcessId":"2512","CurrentDirectory":"C:\\Program Files\\Mozilla Firefox\\","IntegrityLevel":"Low","Company":"Mozilla Corporation","ParentProcessId":"588","UtcTime":"2018-09-19 12:51:12.944","ProcessGuid":"{2D3B23BE-4640-5BA2-0000-0010EC230400}"},"@timestamp":"2018-09-19T12:51:12.944Z","log_name":"Microsoft-Windows-Sysmon/Operational","level":"Informationen","computer_name":"flare-PC","source_name":"Microsoft-Windows-Sysmon","process_id":1304,"message":"Process Create:\nRuleName: \nUtcTime: 2018-09-19 12:51:12.944\nProcessGuid: {2D3B23BE-4640-5BA2-0000-0010EC230400}\nProcessId: 2512\nImage: C:\\Program Files\\Mozilla Firefox\\firefox.exe\nFileVersion: 62.0\nDescription: Firefox\nProduct: Firefox\nCompany: Mozilla Corporation\nCommandLine: \"C:\\Program Files\\Mozilla Firefox\\firefox.exe\" -contentproc --channel=\"588.6.549366775\\923168184\" -childID 2 -isForBrowser -prefsHandle 2744 -prefsLen 12018 -schedulerPrefs 0001,2 -parentBuildID 20180830143136 -greomni \"C:\\Program Files\\Mozilla Firefox\\omni.ja\" -appomni \"C:\\Program Files\\Mozilla Firefox\\browser\\omni.ja\" -appdir \"C:\\Program Files\\Mozilla Firefox\\browser\" - 588 \"\\\\.\\pipe\\gecko-crash-server-pipe.588\" 2060 tab\nCurrentDirectory: C:\\Program Files\\Mozilla Firefox\\\nUser: flare-PC\\flare\nLogonGuid: {2D3B23BE-45CC-5BA2-0000-002020E30000}\nLogonId: 0xe320\nTerminalSessionId: 1\nIntegrityLevel: Low\nHashes: MD5=FA64B4AEB420A6C292F877E90D0670A5,SHA256=377D3B741D8447B9BBD5F6FA700151A6CE8412CA15792BA4EAAA3174B1763BA4\nParentProcessGuid: {2D3B23BE-463E-5BA2-0000-001010000400}\nParentProcessId: 588\nParentImage: C:\\Program Files\\Mozilla Firefox\\firefox.exe\nParentCommandLine: \"C:\\Program Files\\Mozilla Firefox\\firefox.exe\" ","@version":"1","provider_guid":"{5770385F-C22A-43E0-BF4C-06F5698FFBD9}","beat":{"version":"6.4.0","name":"flare-PC","hostname":"flare-PC"},"tags":["beats_input_codec_plain_applied"],"type":"wineventlog","event_id":1,"task":"Process Create (rule: ProcessCreate)","host":{"name":"flare-PC"},"user":{"domain":"NT-AUTORITÄT","identifier":"S-1-5-18","type":"User","name":"SYSTEM"},"version":5,"record_number":"887","opcode":"Info"}
{"index":{"_index":"winlogbeat-6.4.0-2018.09.19","_type":"doc","_id":"V1_i8WUBfVn9xHWimTpj"}}
{"thread_id":1824,"event_data":{"ParentProcessGuid":"{2D3B23BE-463E-5BA2-0000-001010000400}","User":"flare-PC\\flare","UtcTime":"2018-09-19 12:51:14.208","Hashes":"MD5=FA64B4AEB420A6C292F877E90D0670A5,SHA256=377D3B741D8447B9BBD5F6FA700151A6CE8412CA15792BA4EAAA3174B1763BA4","Product":"Firefox","Description":"Firefox","LogonId":"0xe320","ParentImage":"C:\\Program Files\\Mozilla Firefox\\firefox.exe","FileVersion":"62.0","ParentCommandLine":"\"C:\\Program Files\\Mozilla Firefox\\firefox.exe\" ","Company":"Mozilla Corporation","CommandLine":"\"C:\\Program Files\\Mozilla Firefox\\firefox.exe\" -contentproc --channel=\"588.12.2065017240\\1416024878\" -childID 3 -isForBrowser -prefsHandle 2884 -prefsLen 12724 -schedulerPrefs 0001,2 -parentBuildID 20180830143136 -greomni \"C:\\Program Files\\Mozilla Firefox\\omni.ja\" -appomni \"C:\\Program Files\\Mozilla Firefox\\browser\\omni.ja\" -appdir \"C:\\Program Files\\Mozilla Firefox\\browser\" - 588 \"\\\\.\\pipe\\gecko-crash-server-pipe.588\" 2940 tab","ParentProcessId":"588","CurrentDirectory":"C:\\Program Files\\Mozilla Firefox\\","TerminalSessionId":"1","IntegrityLevel":"Low","LogonGuid":"{2D3B23BE-45CC-5BA2-0000-002020E30000}","ProcessId":"2572","Image":"C:\\Program Files\\Mozilla Firefox\\firefox.exe","ProcessGuid":"{2D3B23BE-4642-5BA2-0000-001061360400}"},"@timestamp":"2018-09-19T12:51:14.208Z","log_name":"Microsoft-Windows-Sysmon/Operational","level":"Informationen","computer_name":"flare-PC","source_name":"Microsoft-Windows-Sysmon","process_id":1304,"@version":"1","provider_guid":"{5770385F-C22A-43E0-BF4C-06F5698FFBD9}","message":"Process Create:\nRuleName: \nUtcTime: 2018-09-19 12:51:14.208\nProcessGuid: {2D3B23BE-4642-5BA2-0000-001061360400}\nProcessId: 2572\nImage: C:\\Program Files\\Mozilla Firefox\\firefox.exe\nFileVersion: 62.0\nDescription: Firefox\nProduct: Firefox\nCompany: Mozilla Corporation\nCommandLine: \"C:\\Program Files\\Mozilla Firefox\\firefox.exe\" -contentproc --channel=\"588.12.2065017240\\1416024878\" -childID 3 -isForBrowser -prefsHandle 2884 -prefsLen 12724 -schedulerPrefs 0001,2 -parentBuildID 20180830143136 -greomni \"C:\\Program Files\\Mozilla Firefox\\omni.ja\" -appomni \"C:\\Program Files\\Mozilla Firefox\\browser\\omni.ja\" -appdir \"C:\\Program Files\\Mozilla Firefox\\browser\" - 588 \"\\\\.\\pipe\\gecko-crash-server-pipe.588\" 2940 tab\nCurrentDirectory: C:\\Program Files\\Mozilla Firefox\\\nUser: flare-PC\\flare\nLogonGuid: {2D3B23BE-45CC-5BA2-0000-002020E30000}\nLogonId: 0xe320\nTerminalSessionId: 1\nIntegrityLevel: Low\nHashes: MD5=FA64B4AEB420A6C292F877E90D0670A5,SHA256=377D3B741D8447B9BBD5F6FA700151A6CE8412CA15792BA4EAAA3174B1763BA4\nParentProcessGuid: {2D3B23BE-463E-5BA2-0000-001010000400}\nParentProcessId: 588\nParentImage: C:\\Program Files\\Mozilla Firefox\\firefox.exe\nParentCommandLine: \"C:\\Program Files\\Mozilla Firefox\\firefox.exe\" ","beat":{"version":"6.4.0","name":"flare-PC","hostname":"flare-PC"},"tags":["beats_input_codec_plain_applied"],"type":"wineventlog","task":"Process Create (rule: ProcessCreate)","event_id":1,"version":5,"user":{"name":"SYSTEM","identifier":"S-1-5-18","domain":"NT-AUTORITÄT","type":"User"},"record_number":"888","host":{"name":"flare-PC"},"opcode":"Info"}
{"index":{"_index":"winlogbeat-6.4.0-2018.09.19","_type":"doc","_id":"Ml_g8WUBfVn9xHWi7zrx"}}
{"thread_id":1824,"event_data":{"ParentProcessGuid":"{2D3B23BE-45D0-5BA2-0000-0010C3580100}","User":"flare-PC\\flare","UtcTime":"2018-09-19 12:49:29.986","Image":"C:\\Windows\\SysWOW64\\runonce.exe","Product":"Betriebssystem Microsoft® Windows®","LogonId":"0xe320","Description":"Wrapper für einmaliges Ausführen","ParentImage":"C:\\Windows\\explorer.exe","ParentCommandLine":"C:\\Windows\\Explorer.EXE","FileVersion":"6.1.7600.16385 (win7_rtm.090713-1255)","Company":"Microsoft Corporation","TerminalSessionId":"1","ParentProcessId":"1692","ProcessId":"2328","CurrentDirectory":"C:\\Windows\\SysWOW64\\","IntegrityLevel":"Medium","LogonGuid":"{2D3B23BE-45CC-5BA2-0000-002020E30000}","Hashes":"MD5=D44741F65A1D71F65814A12CF6E2400A,SHA256=C6721F830675ADC7E7FDE2B5E822E56F6A063146F5066F1E25EBFE86F0A87136","CommandLine":"C:\\Windows\\SysWOW64\\runonce.exe /Run6432","ProcessGuid":"{2D3B23BE-45D9-5BA2-0000-0010D8160200}"},"@timestamp":"2018-09-19T12:49:30.001Z","log_name":"Microsoft-Windows-Sysmon/Operational","level":"Informationen","computer_name":"flare-PC","source_name":"Microsoft-Windows-Sysmon","process_id":1304,"@version":"1","message":"Process Create:\nRuleName: \nUtcTime: 2018-09-19 12:49:29.986\nProcessGuid: {2D3B23BE-45D9-5BA2-0000-0010D8160200}\nProcessId: 2328\nImage: C:\\Windows\\SysWOW64\\runonce.exe\nFileVersion: 6.1.7600.16385 (win7_rtm.090713-1255)\nDescription: Wrapper für einmaliges Ausführen\nProduct: Betriebssystem Microsoft® Windows®\nCompany: Microsoft Corporation\nCommandLine: C:\\Windows\\SysWOW64\\runonce.exe /Run6432\nCurrentDirectory: C:\\Windows\\SysWOW64\\\nUser: flare-PC\\flare\nLogonGuid: {2D3B23BE-45CC-5BA2-0000-002020E30000}\nLogonId: 0xe320\nTerminalSessionId: 1\nIntegrityLevel: Medium\nHashes: MD5=D44741F65A1D71F65814A12CF6E2400A,SHA256=C6721F830675ADC7E7FDE2B5E822E56F6A063146F5066F1E25EBFE86F0A87136\nParentProcessGuid: {2D3B23BE-45D0-5BA2-0000-0010C3580100}\nParentProcessId: 1692\nParentImage: C:\\Windows\\explorer.exe\nParentCommandLine: C:\\Windows\\Explorer.EXE","provider_guid":"{5770385F-C22A-43E0-BF4C-06F5698FFBD9}","beat":{"version":"6.4.0","name":"flare-PC","hostname":"flare-PC"},"tags":["beats_input_codec_plain_applied"],"type":"wineventlog","record_number":"879","task":"Process Create (rule: ProcessCreate)","host":{"name":"flare-PC"},"user":{"name":"SYSTEM","domain":"NT-AUTORITÄT","type":"User","identifier":"S-1-5-18"},"version":5,"event_id":1,"opcode":"Info"}
{"index":{"_index":"winlogbeat-6.4.0-2018.09.19","_type":"doc","_id":"P1_h8WUBfVn9xHWiFjo0"}}
{"event_data":{"param3":"Windows: ","param2":"2640","param1":"Windows"},"@timestamp":"2018-09-19T12:49:40.000Z","log_name":"Application","keywords":["Klassisch"],"level":"Informationen","computer_name":"flare-PC","source_name":"ESENT","message":"Windows (2640) Windows: Das Datenbankmodul hat erfolgreich die Schritte zur Wiederherstellung abgeschlossen.","@version":"1","beat":{"version":"6.4.0","name":"flare-PC","hostname":"flare-PC"},"tags":["beats_input_codec_plain_applied"],"type":"wineventlog","event_id":302,"record_number":"2384","host":{"name":"flare-PC"},"task":"Protokollierung/Wiederherstellung","opcode":"Info"}
{"index":{"_index":"winlogbeat-6.4.0-2018.09.19","_type":"doc","_id":"Rl_h8WUBfVn9xHWiGjq4"}}
{"thread_id":604,"event_data":{"param2":"Ausgeführt","param1":"Peer Name Resolution-Protokoll","Binary":"50004E00520050007300760063002F0034000000"},"@timestamp":"2018-09-19T12:49:41.437Z","keywords":["Klassisch"],"log_name":"System","level":"Informationen","computer_name":"flare-PC","source_name":"Service Control Manager","process_id":488,"message":"Dienst \"Peer Name Resolution-Protokoll\" befindet sich jetzt im Status \"Ausgeführt\".","@version":"1","provider_guid":"{555908d1-a6d7-4695-8e1e-26931d2012f4}","beat":{"version":"6.4.0","name":"flare-PC","hostname":"flare-PC"},"tags":["beats_input_codec_plain_applied"],"type":"wineventlog","record_number":"11710","event_id":7036,"host":{"name":"flare-PC"}}
{"index":{"_index":"winlogbeat-6.4.0-2018.09.19","_type":"doc","_id":"SV_h8WUBfVn9xHWiGjq4"}}
{"thread_id":648,"event_data":{"param2":"Ausgeführt","param1":"UPnP-Gerätehost","Binary":"750070006E00700068006F00730074002F0034000000"},"@timestamp":"2018-09-19T12:49:41.108Z","keywords":["Klassisch"],"log_name":"System","level":"Informationen","computer_name":"flare-PC","source_name":"Service Control Manager","process_id":488,"provider_guid":"{555908d1-a6d7-4695-8e1e-26931d2012f4}","message":"Dienst \"UPnP-Gerätehost\" befindet sich jetzt im Status \"Ausgeführt\".","@version":"1","beat":{"version":"6.4.0","name":"flare-PC","hostname":"flare-PC"},"tags":["beats_input_codec_plain_applied"],"type":"wineventlog","record_number":"11707","event_id":7036,"host":{"name":"flare-PC"}}
{"index":{"_index":"winlogbeat-6.4.0-2018.09.19","_type":"doc","_id":"Ql_h8WUBfVn9xHWiGjq4"}}
{"event_data":{"ExtraInfo":""},"@timestamp":"2018-09-19T12:49:40.000Z","log_name":"Application","keywords":["Klassisch"],"level":"Informationen","computer_name":"flare-PC","source_name":"Microsoft-Windows-Search","message":"Windows Search wurde gestartet.","@version":"1","provider_guid":"{CA4E628D-8567-4896-AB6B-835B221F373F}","beat":{"version":"6.4.0","name":"flare-PC","hostname":"flare-PC"},"tags":["beats_input_codec_plain_applied"],"type":"wineventlog","event_id":1003,"record_number":"2385","host":{"name":"flare-PC"},"task":"Suchdienst"}
{"index":{"_index":"winlogbeat-6.4.0-2018.09.19","_type":"doc","_id":"RV_h8WUBfVn9xHWiGjq4"}}
{"thread_id":604,"event_data":{"param2":"Ausgeführt","Binary":"66006400500048006F00730074002F0034000000","param1":"Funktionssuchanbieter-Host"},"@timestamp":"2018-09-19T12:49:41.030Z","keywords":["Klassisch"],"log_name":"System","level":"Informationen","computer_name":"flare-PC","source_name":"Service Control Manager","process_id":488,"message":"Dienst \"Funktionssuchanbieter-Host\" befindet sich jetzt im Status \"Ausgeführt\".","@version":"1","provider_guid":"{555908d1-a6d7-4695-8e1e-26931d2012f4}","beat":{"version":"6.4.0","name":"flare-PC","hostname":"flare-PC"},"tags":["beats_input_codec_plain_applied"],"type":"wineventlog","event_id":7036,"record_number":"11705","host":{"name":"flare-PC"}}
{"index":{"_index":"winlogbeat-6.4.0-2018.09.19","_type":"doc","_id":"S1_h8WUBfVn9xHWiJzoN"}}
{"thread_id":1824,"event_data":{"UtcTime":"2018-09-19 12:49:43.992","Image":"C:\\Program Files\\Windows Media Player\\wmpnetwk.exe","Details":"FLARE-PC: flare:","EventType":"SetValue","TargetObject":"HKLM\\SOFTWARE\\Microsoft\\Windows Media Player NSS\\3.0\\Servers\\52AF3BF6-11C8-4069-9403-B9B92566C1F9\\FriendlyName","ProcessId":"2740","ProcessGuid":"{2D3B23BE-45E1-5BA2-0000-001024280300}"},"@timestamp":"2018-09-19T12:49:44.007Z","log_name":"Microsoft-Windows-Sysmon/Operational","level":"Informationen","computer_name":"flare-PC","source_name":"Microsoft-Windows-Sysmon","process_id":1304,"message":"Registry value set:\nRuleName: \nEventType: SetValue\nUtcTime: 2018-09-19 12:49:43.992\nProcessGuid: {2D3B23BE-45E1-5BA2-0000-001024280300}\nProcessId: 2740\nImage: C:\\Program Files\\Windows Media Player\\wmpnetwk.exe\nTargetObject: HKLM\\SOFTWARE\\Microsoft\\Windows Media Player NSS\\3.0\\Servers\\52AF3BF6-11C8-4069-9403-B9B92566C1F9\\FriendlyName\nDetails: FLARE-PC: flare:","@version":"1","provider_guid":"{5770385F-C22A-43E0-BF4C-06F5698FFBD9}","beat":{"version":"6.4.0","name":"flare-PC","hostname":"flare-PC"},"tags":["beats_input_codec_plain_applied"],"task":"Registry value set (rule: RegistryEvent)","type":"wineventlog","record_number":"884","version":2,"host":{"name":"flare-PC"},"event_id":13,"user":{"name":"SYSTEM","identifier":"S-1-5-18","type":"User","domain":"NT-AUTORITÄT"},"opcode":"Info"}
{"index":{"_index":"winlogbeat-6.4.0-2018.09.19","_type":"doc","_id":"-V_g8WUBfVn9xHWizzke"}}
{"thread_id":44,"event_data":{"DeviceVersionMajor":"6","DeviceTime":"2017-10-12T02:20:09.000000000Z","DeviceName":"luafv","DeviceNameLength":"5","FinalStatus":"0x0","DeviceVersionMinor":"1"},"@timestamp":"2018-09-19T12:49:15.406Z","log_name":"System","level":"Informationen","computer_name":"flare-PC","source_name":"Microsoft-Windows-FilterManager","process_id":4,"message":"Der Dateisystemfilter \"luafv\" (6.1, ‎2017‎-‎10‎-‎12T02:20:09.000000000Z) wurde erfolgreich geladen und im Filter-Manager registriert.","@version":"1","provider_guid":"{F3C5E28E-63F6-49C7-A204-E48A1BC4B09D}","beat":{"version":"6.4.0","name":"flare-PC","hostname":"flare-PC"},"tags":["beats_input_codec_plain_applied"],"type":"wineventlog","record_number":"11648","event_id":6,"host":{"name":"flare-PC"},"user":{"name":"SYSTEM","identifier":"S-1-5-18","domain":"NT-AUTORITÄT","type":"User"},"opcode":"Info"}
{"index":{"_index":"winlogbeat-6.4.0-2018.09.19","_type":"doc","_id":"vV_g8WUBfVn9xHWiyTkh"}}
{"thread_id":8,"event_data":{"DeviceVersionMajor":"0","DeviceTime":"2018-07-18T22:18:59.000000000Z","DeviceName":"SysmonDrv","DeviceNameLength":"9","FinalStatus":"0x0","DeviceVersionMinor":"0"},"@timestamp":"2018-09-19T12:49:11.328Z","log_name":"System","level":"Informationen","computer_name":"flare-PC","source_name":"Microsoft-Windows-FilterManager","process_id":4,"message":"Der Dateisystemfilter \"SysmonDrv\" (0.0, ‎2018‎-‎07‎-‎18T22:18:59.000000000Z) wurde erfolgreich geladen und im Filter-Manager registriert.","@version":"1","provider_guid":"{F3C5E28E-63F6-49C7-A204-E48A1BC4B09D}","beat":{"version":"6.4.0","name":"flare-PC","hostname":"flare-PC"},"tags":["beats_input_codec_plain_applied"],"type":"wineventlog","record_number":"11639","event_id":6,"host":{"name":"flare-PC"},"user":{"name":"SYSTEM","identifier":"S-1-5-18","domain":"NT-AUTORITÄT","type":"User"},"opcode":"Info"}
{"index":{"_index":"winlogbeat-6.4.0-2018.09.19","_type":"doc","_id":"-l_g8WUBfVn9xHWizzke"}}
{"thread_id":648,"event_data":{"param2":"Ausgeführt","param1":"Windows-Ereignisprotokoll","Binary":"6500760065006E0074006C006F0067002F0034000000"},"@timestamp":"2018-09-19T12:49:15.484Z","keywords":["Klassisch"],"log_name":"System","level":"Informationen","computer_name":"flare-PC","source_name":"Service Control Manager","process_id":488,"provider_guid":"{555908d1-a6d7-4695-8e1e-26931d2012f4}","message":"Dienst \"Windows-Ereignisprotokoll\" befindet sich jetzt im Status \"Ausgeführt\".","@version":"1","beat":{"version":"6.4.0","name":"flare-PC","hostname":"flare-PC"},"tags":["beats_input_codec_plain_applied"],"type":"wineventlog","event_id":7036,"record_number":"11652","host":{"name":"flare-PC"}}
{"index":{"_index":"winlogbeat-6.4.0-2018.09.19","_type":"doc","_id":"vl_g8WUBfVn9xHWiyTkh"}}
{"thread_id":56,"event_data":{"Group":"0","Number":"3","IdleStateCount":"1","ThrottleStateCount":"0","PerfStateCount":"0","IdleState":"01"},"@timestamp":"2018-09-19T12:49:13.656Z","log_name":"System","level":"Informationen","computer_name":"flare-PC","source_name":"Microsoft-Windows-Kernel-Processor-Power","process_id":4,"provider_guid":"{0F67E49F-FE51-4E9F-B490-6F2948CC6027}","message":"Prozessor 3 in Gruppe 0 weist Folgendes auf:\n\n1 inaktive Zustände\n0 Leistungszustände\n0 Drosselungszustände","@version":"1","beat":{"version":"6.4.0","name":"flare-PC","hostname":"flare-PC"},"tags":["beats_input_codec_plain_applied"],"type":"wineventlog","event_id":26,"record_number":"11643","host":{"name":"flare-PC"},"user":{"name":"SYSTEM","identifier":"S-1-5-18","domain":"NT-AUTORITÄT","type":"User"},"opcode":"Info"}
{"index":{"_index":"winlogbeat-6.4.0-2018.09.19","_type":"doc","_id":"YV_i8WUBfVn9xHWiyzrY"}}
{"thread_id":1736,"event_data":{"param2":"Ausgeführt","param1":"Google Update-Dienst (gupdate)","Binary":"67007500700064006100740065002F0034000000"},"@timestamp":"2018-09-19T12:51:26.952Z","log_name":"System","keywords":["Klassisch"],"level":"Informationen","computer_name":"flare-PC","source_name":"Service Control Manager","process_id":488,"message":"Dienst \"Google Update-Dienst (gupdate)\" befindet sich jetzt im Status \"Ausgeführt\".","@version":"1","provider_guid":"{555908d1-a6d7-4695-8e1e-26931d2012f4}","beat":{"version":"6.4.0","name":"flare-PC","hostname":"flare-PC"},"tags":["beats_input_codec_plain_applied"],"type":"wineventlog","record_number":"11717","event_id":7036,"host":{"name":"flare-PC"}}
{"index":{"_index":"winlogbeat-6.4.0-2018.09.19","_type":"doc","_id":"ZF_i8WUBfVn9xHWiyzrY"}}
{"thread_id":472,"event_data":{"param2":"Ausgeführt","param1":"Windows Defender","Binary":"570069006E0044006500660065006E0064002F0034000000"},"@timestamp":"2018-09-19T12:51:27.517Z","log_name":"System","keywords":["Klassisch"],"level":"Informationen","computer_name":"flare-PC","source_name":"Service Control Manager","process_id":488,"@version":"1","provider_guid":"{555908d1-a6d7-4695-8e1e-26931d2012f4}","message":"Dienst \"Windows Defender\" befindet sich jetzt im Status \"Ausgeführt\".","beat":{"version":"6.4.0","name":"flare-PC","hostname":"flare-PC"},"tags":["beats_input_codec_plain_applied"],"type":"wineventlog","event_id":7036,"record_number":"11721","host":{"name":"flare-PC"}}
{"index":{"_index":"winlogbeat-6.4.0-2018.09.19","_type":"doc","_id":"Zl_i8WUBfVn9xHWiyzra"}}
{"@timestamp":"2018-09-19T12:51:27.000Z","log_name":"Application","keywords":["Klassisch"],"level":"Informationen","computer_name":"flare-PC","source_name":"SecurityCenter","message":"Der Windows-Sicherheitscenterdienst wurde gestartet.","@version":"1","beat":{"version":"6.4.0","name":"flare-PC","hostname":"flare-PC"},"tags":["beats_input_codec_plain_applied"],"type":"wineventlog","event_id":1,"record_number":"2390","host":{"name":"flare-PC"},"opcode":"Info"}
{"index":{"_index":"winlogbeat-6.4.0-2018.09.19","_type":"doc","_id":"aF_i8WUBfVn9xHWiyzra"}}
{"thread_id":3088,"event_data":{"param2":"Ausgeführt","param1":"Sicherheitscenter","Binary":"7700730063007300760063002F0034000000"},"@timestamp":"2018-09-19T12:51:27.721Z","keywords":["Klassisch"],"log_name":"System","level":"Informationen","computer_name":"flare-PC","source_name":"Service Control Manager","process_id":488,"@version":"1","provider_guid":"{555908d1-a6d7-4695-8e1e-26931d2012f4}","message":"Dienst \"Sicherheitscenter\" befindet sich jetzt im Status \"Ausgeführt\".","beat":{"version":"6.4.0","name":"flare-PC","hostname":"flare-PC"},"tags":["beats_input_codec_plain_applied"],"type":"wineventlog","record_number":"11722","event_id":7036,"host":{"name":"flare-PC"}}
{"index":{"_index":"winlogbeat-6.4.0-2018.09.19","_type":"doc","_id":"WV_i8WUBfVn9xHWixDpO"}}
{"thread_id":1736,"event_data":{"param2":"Beendet","Binary":"63006C0072005F006F007000740069006D0069007A006100740069006F006E005F00760034002E0030002E00330030003300310039005F00330032002F0031000000","param1":"Microsoft .NET Framework NGEN v4.0.30319_X86"},"@timestamp":"2018-09-19T12:51:25.901Z","log_name":"System","keywords":["Klassisch"],"level":"Informationen","computer_name":"flare-PC","source_name":"Service Control Manager","process_id":488,"provider_guid":"{555908d1-a6d7-4695-8e1e-26931d2012f4}","message":"Dienst \"Microsoft .NET Framework NGEN v4.0.30319_X86\" befindet sich jetzt im Status \"Beendet\".","@version":"1","beat":{"version":"6.4.0","name":"flare-PC","hostname":"flare-PC"},"tags":["beats_input_codec_plain_applied"],"type":"wineventlog","record_number":"11714","event_id":7036,"host":{"name":"flare-PC"}}
{"index":{"_index":"winlogbeat-6.4.0-2018.09.19","_type":"doc","_id":"Yl_i8WUBfVn9xHWiyzrY"}}
{"thread_id":472,"event_data":{"param2":"Ausgeführt","Binary":"7300700070007300760063002F0034000000","param1":"Software Protection"},"@timestamp":"2018-09-19T12:51:27.171Z","keywords":["Klassisch"],"log_name":"System","level":"Informationen","computer_name":"flare-PC","source_name":"Service Control Manager","process_id":488,"message":"Dienst \"Software Protection\" befindet sich jetzt im Status \"Ausgeführt\".","@version":"1","provider_guid":"{555908d1-a6d7-4695-8e1e-26931d2012f4}","beat":{"version":"6.4.0","name":"flare-PC","hostname":"flare-PC"},"tags":["beats_input_codec_plain_applied"],"type":"wineventlog","record_number":"11719","event_id":7036,"host":{"name":"flare-PC"}}
{"index":{"_index":"winlogbeat-6.4.0-2018.09.19","_type":"doc","_id":"Y1_i8WUBfVn9xHWiyzrY"}}
{"thread_id":472,"event_data":{"param2":"Beendet","Binary":"57005000440042007500730045006E0075006D002F0031000000","param1":"Enumeratordienst für tragbare Geräte"},"@timestamp":"2018-09-19T12:51:27.281Z","log_name":"System","keywords":["Klassisch"],"level":"Informationen","computer_name":"flare-PC","source_name":"Service Control Manager","process_id":488,"provider_guid":"{555908d1-a6d7-4695-8e1e-26931d2012f4}","message":"Dienst \"Enumeratordienst für tragbare Geräte\" befindet sich jetzt im Status \"Beendet\".","@version":"1","beat":{"version":"6.4.0","name":"flare-PC","hostname":"flare-PC"},"tags":["beats_input_codec_plain_applied"],"type":"wineventlog","record_number":"11720","event_id":7036,"host":{"name":"flare-PC"}}
{"index":{"_index":"winlogbeat-6.4.0-2018.09.19","_type":"doc","_id":"1F_z8WUBfVn9xHWivjtZ"}}
{"thread_id":1824,"event_data":{"LogonId":"0xe320","ParentProcessGuid":"{2D3B23BE-4A74-5BA2-0000-00107B910D00}","User":"flare-PC\\flare","Hashes":"MD5=B9A4DAC2192FD78CDA097BFA79F6E7B2,SHA256=D468E6B1B79555AC8BCE0300942FD479689EB8F159F3A399848D3BF9B9990A56","Description":"Net Command","UtcTime":"2018-09-19 13:09:11.230","Product":"Microsoft® Windows® Operating System","FileVersion":"6.1.7600.16385 (win7_rtm.090713-1255)","ParentImage":"C:\\Program Files (x86)\\Python27\\python.exe","ParentCommandLine":"\"C:\\Program Files (x86)\\Python27\\python.exe\"  C:\\Users\\flare\\Downloads\\RTA-master\\red_ttp\\enum_commands.py","TerminalSessionId":"1","Company":"Microsoft Corporation","ParentProcessId":"2304","CurrentDirectory":"C:\\Users\\flare\\Downloads\\RTA-master\\","CommandLine":"net view /domain","IntegrityLevel":"Medium","LogonGuid":"{2D3B23BE-45CC-5BA2-0000-002020E30000}","ProcessId":"3932","Image":"C:\\Windows\\SysWOW64\\net.exe","ProcessGuid":"{2D3B23BE-4A77-5BA2-0000-001002D00D00}"},"@timestamp":"2018-09-19T13:09:11.230Z","log_name":"Microsoft-Windows-Sysmon/Operational","level":"Informationen","computer_name":"flare-PC","source_name":"Microsoft-Windows-Sysmon","process_id":1304,"provider_guid":"{5770385F-C22A-43E0-BF4C-06F5698FFBD9}","message":"Process Create:\nRuleName: \nUtcTime: 2018-09-19 13:09:11.230\nProcessGuid: {2D3B23BE-4A77-5BA2-0000-001002D00D00}\nProcessId: 3932\nImage: C:\\Windows\\SysWOW64\\net.exe\nFileVersion: 6.1.7600.16385 (win7_rtm.090713-1255)\nDescription: Net Command\nProduct: Microsoft® Windows® Operating System\nCompany: Microsoft Corporation\nCommandLine: net view /domain\nCurrentDirectory: C:\\Users\\flare\\Downloads\\RTA-master\\\nUser: flare-PC\\flare\nLogonGuid: {2D3B23BE-45CC-5BA2-0000-002020E30000}\nLogonId: 0xe320\nTerminalSessionId: 1\nIntegrityLevel: Medium\nHashes: MD5=B9A4DAC2192FD78CDA097BFA79F6E7B2,SHA256=D468E6B1B79555AC8BCE0300942FD479689EB8F159F3A399848D3BF9B9990A56\nParentProcessGuid: {2D3B23BE-4A74-5BA2-0000-00107B910D00}\nParentProcessId: 2304\nParentImage: C:\\Program Files (x86)\\Python27\\python.exe\nParentCommandLine: \"C:\\Program Files (x86)\\Python27\\python.exe\"  C:\\Users\\flare\\Downloads\\RTA-master\\red_ttp\\enum_commands.py","@version":"1","beat":{"version":"6.4.0","name":"flare-PC","hostname":"flare-PC"},"tags":["beats_input_codec_plain_applied"],"type":"wineventlog","record_number":"1219","event_id":1,"task":"Process Create (rule: ProcessCreate)","host":{"name":"flare-PC"},"user":{"name":"SYSTEM","identifier":"S-1-5-18","domain":"NT-AUTORITÄT","type":"User"},"version":5,"opcode":"Info"}
{"index":{"_index":"winlogbeat-6.4.0-2018.09.19","_type":"doc","_id":"11_z8WUBfVn9xHWivjtZ"}}
{"thread_id":1824,"event_data":{"ParentProcessGuid":"{2D3B23BE-4A74-5BA2-0000-00107B910D00}","Product":"Betriebssystem Microsoft® Windows®","UtcTime":"2018-09-19 13:09:11.574","Hashes":"MD5=B3A44F80F5B23C1F698398F5D49FFFA6,SHA256=8BBCBAD4C0284938F312ED4A50E6F08EE740B7BDAFBCF1CAD31D64B88867AFC1","Image":"C:\\Windows\\SysWOW64\\HOSTNAME.EXE","LogonId":"0xe320","User":"flare-PC\\flare","ParentImage":"C:\\Program Files (x86)\\Python27\\python.exe","ParentCommandLine":"\"C:\\Program Files (x86)\\Python27\\python.exe\"  C:\\Users\\flare\\Downloads\\RTA-master\\red_ttp\\enum_commands.py","FileVersion":"6.1.7600.16385 (win7_rtm.090713-1255)","LogonGuid":"{2D3B23BE-45CC-5BA2-0000-002020E30000}","CommandLine":"hostname","CurrentDirectory":"C:\\Users\\flare\\Downloads\\RTA-master\\","ProcessId":"2448","Company":"Microsoft Corporation","IntegrityLevel":"Medium","ParentProcessId":"2304","Description":"Hostnamen-APP","TerminalSessionId":"1","ProcessGuid":"{2D3B23BE-4A77-5BA2-0000-0010C2D60D00}"},"@timestamp":"2018-09-19T13:09:11.574Z","log_name":"Microsoft-Windows-Sysmon/Operational","level":"Informationen","computer_name":"flare-PC","source_name":"Microsoft-Windows-Sysmon","process_id":1304,"@version":"1","provider_guid":"{5770385F-C22A-43E0-BF4C-06F5698FFBD9}","message":"Process Create:\nRuleName: \nUtcTime: 2018-09-19 13:09:11.574\nProcessGuid: {2D3B23BE-4A77-5BA2-0000-0010C2D60D00}\nProcessId: 2448\nImage: C:\\Windows\\SysWOW64\\HOSTNAME.EXE\nFileVersion: 6.1.7600.16385 (win7_rtm.090713-1255)\nDescription: Hostnamen-APP\nProduct: Betriebssystem Microsoft® Windows®\nCompany: Microsoft Corporation\nCommandLine: hostname\nCurrentDirectory: C:\\Users\\flare\\Downloads\\RTA-master\\\nUser: flare-PC\\flare\nLogonGuid: {2D3B23BE-45CC-5BA2-0000-002020E30000}\nLogonId: 0xe320\nTerminalSessionId: 1\nIntegrityLevel: Medium\nHashes: MD5=B3A44F80F5B23C1F698398F5D49FFFA6,SHA256=8BBCBAD4C0284938F312ED4A50E6F08EE740B7BDAFBCF1CAD31D64B88867AFC1\nParentProcessGuid: {2D3B23BE-4A74-5BA2-0000-00107B910D00}\nParentProcessId: 2304\nParentImage: C:\\Program Files (x86)\\Python27\\python.exe\nParentCommandLine: \"C:\\Program Files (x86)\\Python27\\python.exe\"  C:\\Users\\flare\\Downloads\\RTA-master\\red_ttp\\enum_commands.py","beat":{"version":"6.4.0","name":"flare-PC","hostname":"flare-PC"},"tags":["beats_input_codec_plain_applied"],"type":"wineventlog","record_number":"1223","event_id":1,"version":5,"user":{"name":"SYSTEM","domain":"NT-AUTORITÄT","type":"User","identifier":"S-1-5-18"},"task":"Process Create (rule: ProcessCreate)","host":{"name":"flare-PC"},"opcode":"Info"}
{"index":{"_index":"winlogbeat-6.4.0-2018.09.19","_type":"doc","_id":"4F_z8WUBfVn9xHWivjtZ"}}
{"thread_id":1824,"event_data":{"ParentProcessGuid":"{2D3B23BE-4A74-5BA2-0000-00107B910D00}","User":"flare-PC\\flare","LogonId":"0xe320","Image":"C:\\Windows\\SysWOW64\\net.exe","Description":"Net Command","UtcTime":"2018-09-19 13:09:11.792","Product":"Microsoft® Windows® Operating System","ParentImage":"C:\\Program Files (x86)\\Python27\\python.exe","FileVersion":"6.1.7600.16385 (win7_rtm.090713-1255)","ParentCommandLine":"\"C:\\Program Files (x86)\\Python27\\python.exe\"  C:\\Users\\flare\\Downloads\\RTA-master\\red_ttp\\enum_commands.py","Company":"Microsoft Corporation","Hashes":"MD5=B9A4DAC2192FD78CDA097BFA79F6E7B2,SHA256=D468E6B1B79555AC8BCE0300942FD479689EB8F159F3A399848D3BF9B9990A56","ParentProcessId":"2304","CurrentDirectory":"C:\\Users\\flare\\Downloads\\RTA-master\\","LogonGuid":"{2D3B23BE-45CC-5BA2-0000-002020E30000}","ProcessId":"2792","TerminalSessionId":"1","CommandLine":"net time \\\\172.16.100.10","IntegrityLevel":"Medium","ProcessGuid":"{2D3B23BE-4A77-5BA2-0000-001006E80D00}"},"@timestamp":"2018-09-19T13:09:11.792Z","log_name":"Microsoft-Windows-Sysmon/Operational","level":"Informationen","computer_name":"flare-PC","source_name":"Microsoft-Windows-Sysmon","process_id":1304,"message":"Process Create:\nRuleName: \nUtcTime: 2018-09-19 13:09:11.792\nProcessGuid: {2D3B23BE-4A77-5BA2-0000-001006E80D00}\nProcessId: 2792\nImage: C:\\Windows\\SysWOW64\\net.exe\nFileVersion: 6.1.7600.16385 (win7_rtm.090713-1255)\nDescription: Net Command\nProduct: Microsoft® Windows® Operating System\nCompany: Microsoft Corporation\nCommandLine: net time \\\\172.16.100.10\nCurrentDirectory: C:\\Users\\flare\\Downloads\\RTA-master\\\nUser: flare-PC\\flare\nLogonGuid: {2D3B23BE-45CC-5BA2-0000-002020E30000}\nLogonId: 0xe320\nTerminalSessionId: 1\nIntegrityLevel: Medium\nHashes: MD5=B9A4DAC2192FD78CDA097BFA79F6E7B2,SHA256=D468E6B1B79555AC8BCE0300942FD479689EB8F159F3A399848D3BF9B9990A56\nParentProcessGuid: {2D3B23BE-4A74-5BA2-0000-00107B910D00}\nParentProcessId: 2304\nParentImage: C:\\Program Files (x86)\\Python27\\python.exe\nParentCommandLine: \"C:\\Program Files (x86)\\Python27\\python.exe\"  C:\\Users\\flare\\Downloads\\RTA-master\\red_ttp\\enum_commands.py","@version":"1","provider_guid":"{5770385F-C22A-43E0-BF4C-06F5698FFBD9}","beat":{"version":"6.4.0","name":"flare-PC","hostname":"flare-PC"},"tags":["beats_input_codec_plain_applied"],"task":"Process Create (rule: ProcessCreate)","event_id":1,"record_number":"1227","version":5,"host":{"name":"flare-PC"},"user":{"name":"SYSTEM","domain":"NT-AUTORITÄT","type":"User","identifier":"S-1-5-18"},"type":"wineventlog","opcode":"Info"}
{"index":{"_index":"winlogbeat-6.4.0-2018.09.19","_type":"doc","_id":"5F_z8WUBfVn9xHWivjtZ"}}
{"thread_id":1824,"event_data":{"ParentProcessGuid":"{2D3B23BE-4A74-5BA2-0000-00107B910D00}","User":"flare-PC\\flare","Product":"Microsoft® Windows® Operating System","Image":"C:\\Windows\\SysWOW64\\net.exe","Description":"Net Command","UtcTime":"2018-09-19 13:09:11.955","Hashes":"MD5=B9A4DAC2192FD78CDA097BFA79F6E7B2,SHA256=D468E6B1B79555AC8BCE0300942FD479689EB8F159F3A399848D3BF9B9990A56","ParentImage":"C:\\Program Files (x86)\\Python27\\python.exe","FileVersion":"6.1.7600.16385 (win7_rtm.090713-1255)","ParentCommandLine":"\"C:\\Program Files (x86)\\Python27\\python.exe\"  C:\\Users\\flare\\Downloads\\RTA-master\\red_ttp\\enum_commands.py","Company":"Microsoft Corporation","CommandLine":"net localgroup","ParentProcessId":"2304","ProcessId":"3660","CurrentDirectory":"C:\\Users\\flare\\Downloads\\RTA-master\\","IntegrityLevel":"Medium","TerminalSessionId":"1","LogonGuid":"{2D3B23BE-45CC-5BA2-0000-002020E30000}","LogonId":"0xe320","ProcessGuid":"{2D3B23BE-4A77-5BA2-0000-00102FF30D00}"},"@timestamp":"2018-09-19T13:09:11.955Z","log_name":"Microsoft-Windows-Sysmon/Operational","level":"Informationen","computer_name":"flare-PC","source_name":"Microsoft-Windows-Sysmon","process_id":1304,"message":"Process Create:\nRuleName: \nUtcTime: 2018-09-19 13:09:11.955\nProcessGuid: {2D3B23BE-4A77-5BA2-0000-00102FF30D00}\nProcessId: 3660\nImage: C:\\Windows\\SysWOW64\\net.exe\nFileVersion: 6.1.7600.16385 (win7_rtm.090713-1255)\nDescription: Net Command\nProduct: Microsoft® Windows® Operating System\nCompany: Microsoft Corporation\nCommandLine: net localgroup\nCurrentDirectory: C:\\Users\\flare\\Downloads\\RTA-master\\\nUser: flare-PC\\flare\nLogonGuid: {2D3B23BE-45CC-5BA2-0000-002020E30000}\nLogonId: 0xe320\nTerminalSessionId: 1\nIntegrityLevel: Medium\nHashes: MD5=B9A4DAC2192FD78CDA097BFA79F6E7B2,SHA256=D468E6B1B79555AC8BCE0300942FD479689EB8F159F3A399848D3BF9B9990A56\nParentProcessGuid: {2D3B23BE-4A74-5BA2-0000-00107B910D00}\nParentProcessId: 2304\nParentImage: C:\\Program Files (x86)\\Python27\\python.exe\nParentCommandLine: \"C:\\Program Files (x86)\\Python27\\python.exe\"  C:\\Users\\flare\\Downloads\\RTA-master\\red_ttp\\enum_commands.py","@version":"1","provider_guid":"{5770385F-C22A-43E0-BF4C-06F5698FFBD9}","beat":{"version":"6.4.0","name":"flare-PC","hostname":"flare-PC"},"tags":["beats_input_codec_plain_applied"],"task":"Process Create (rule: ProcessCreate)","record_number":"1235","event_id":1,"host":{"name":"flare-PC"},"user":{"name":"SYSTEM","identifier":"S-1-5-18","domain":"NT-AUTORITÄT","type":"User"},"type":"wineventlog","version":5,"opcode":"Info"}
{"index":{"_index":"winlogbeat-6.4.0-2018.09.19","_type":"doc","_id":"51_z8WUBfVn9xHWivjtZ"}}
{"thread_id":1824,"event_data":{"ParentProcessGuid":"{2D3B23BE-4A74-5BA2-0000-00107B910D00}","Product":"Microsoft® Windows® Operating System","UtcTime":"2018-09-19 13:09:12.017","Image":"C:\\Windows\\SysWOW64\\net.exe","Description":"Net Command","Hashes":"MD5=B9A4DAC2192FD78CDA097BFA79F6E7B2,SHA256=D468E6B1B79555AC8BCE0300942FD479689EB8F159F3A399848D3BF9B9990A56","User":"flare-PC\\flare","ParentImage":"C:\\Program Files (x86)\\Python27\\python.exe","ParentCommandLine":"\"C:\\Program Files (x86)\\Python27\\python.exe\"  C:\\Users\\flare\\Downloads\\RTA-master\\red_ttp\\enum_commands.py","FileVersion":"6.1.7600.16385 (win7_rtm.090713-1255)","LogonGuid":"{2D3B23BE-45CC-5BA2-0000-002020E30000}","CommandLine":"net group \"Domain Admins\" /domain","CurrentDirectory":"C:\\Users\\flare\\Downloads\\RTA-master\\","ProcessId":"2392","ParentProcessId":"2304","IntegrityLevel":"Medium","Company":"Microsoft Corporation","TerminalSessionId":"1","LogonId":"0xe320","ProcessGuid":"{2D3B23BE-4A78-5BA2-0000-0010E4F70D00}"},"@timestamp":"2018-09-19T13:09:12.017Z","log_name":"Microsoft-Windows-Sysmon/Operational","level":"Informationen","computer_name":"flare-PC","source_name":"Microsoft-Windows-Sysmon","process_id":1304,"message":"Process Create:\nRuleName: \nUtcTime: 2018-09-19 13:09:12.017\nProcessGuid: {2D3B23BE-4A78-5BA2-0000-0010E4F70D00}\nProcessId: 2392\nImage: C:\\Windows\\SysWOW64\\net.exe\nFileVersion: 6.1.7600.16385 (win7_rtm.090713-1255)\nDescription: Net Command\nProduct: Microsoft® Windows® Operating System\nCompany: Microsoft Corporation\nCommandLine: net group \"Domain Admins\" /domain\nCurrentDirectory: C:\\Users\\flare\\Downloads\\RTA-master\\\nUser: flare-PC\\flare\nLogonGuid: {2D3B23BE-45CC-5BA2-0000-002020E30000}\nLogonId: 0xe320\nTerminalSessionId: 1\nIntegrityLevel: Medium\nHashes: MD5=B9A4DAC2192FD78CDA097BFA79F6E7B2,SHA256=D468E6B1B79555AC8BCE0300942FD479689EB8F159F3A399848D3BF9B9990A56\nParentProcessGuid: {2D3B23BE-4A74-5BA2-0000-00107B910D00}\nParentProcessId: 2304\nParentImage: C:\\Program Files (x86)\\Python27\\python.exe\nParentCommandLine: \"C:\\Program Files (x86)\\Python27\\python.exe\"  C:\\Users\\flare\\Downloads\\RTA-master\\red_ttp\\enum_commands.py","@version":"1","provider_guid":"{5770385F-C22A-43E0-BF4C-06F5698FFBD9}","beat":{"version":"6.4.0","name":"flare-PC","hostname":"flare-PC"},"tags":["beats_input_codec_plain_applied"],"task":"Process Create (rule: ProcessCreate)","record_number":"1239","type":"wineventlog","host":{"name":"flare-PC"},"user":{"name":"SYSTEM","identifier":"S-1-5-18","domain":"NT-AUTORITÄT","type":"User"},"event_id":1,"version":5,"opcode":"Info"}
{"index":{"_index":"winlogbeat-6.4.0-2018.09.19","_type":"doc","_id":"6F_z8WUBfVn9xHWivjtZ"}}
{"thread_id":1824,"event_data":{"LogonId":"0xe320","User":"flare-PC\\flare","UtcTime":"2018-09-19 13:09:12.095","Product":"Microsoft® Windows® Operating System","Hashes":"MD5=B9A4DAC2192FD78CDA097BFA79F6E7B2,SHA256=D468E6B1B79555AC8BCE0300942FD479689EB8F159F3A399848D3BF9B9990A56","Image":"C:\\Windows\\SysWOW64\\net.exe","ParentProcessGuid":"{2D3B23BE-4A74-5BA2-0000-00107B910D00}","FileVersion":"6.1.7600.16385 (win7_rtm.090713-1255)","ParentImage":"C:\\Program Files (x86)\\Python27\\python.exe","Description":"Net Command","LogonGuid":"{2D3B23BE-45CC-5BA2-0000-002020E30000}","CommandLine":"net config workstation","CurrentDirectory":"C:\\Users\\flare\\Downloads\\RTA-master\\","ProcessId":"3644","Company":"Microsoft Corporation","IntegrityLevel":"Medium","TerminalSessionId":"1","ParentProcessId":"2304","ParentCommandLine":"\"C:\\Program Files (x86)\\Python27\\python.exe\"  C:\\Users\\flare\\Downloads\\RTA-master\\red_ttp\\enum_commands.py","ProcessGuid":"{2D3B23BE-4A78-5BA2-0000-001058FC0D00}"},"@timestamp":"2018-09-19T13:09:12.095Z","log_name":"Microsoft-Windows-Sysmon/Operational","level":"Informationen","computer_name":"flare-PC","source_name":"Microsoft-Windows-Sysmon","process_id":1304,"message":"Process Create:\nRuleName: \nUtcTime: 2018-09-19 13:09:12.095\nProcessGuid: {2D3B23BE-4A78-5BA2-0000-001058FC0D00}\nProcessId: 3644\nImage: C:\\Windows\\SysWOW64\\net.exe\nFileVersion: 6.1.7600.16385 (win7_rtm.090713-1255)\nDescription: Net Command\nProduct: Microsoft® Windows® Operating System\nCompany: Microsoft Corporation\nCommandLine: net config workstation\nCurrentDirectory: C:\\Users\\flare\\Downloads\\RTA-master\\\nUser: flare-PC\\flare\nLogonGuid: {2D3B23BE-45CC-5BA2-0000-002020E30000}\nLogonId: 0xe320\nTerminalSessionId: 1\nIntegrityLevel: Medium\nHashes: MD5=B9A4DAC2192FD78CDA097BFA79F6E7B2,SHA256=D468E6B1B79555AC8BCE0300942FD479689EB8F159F3A399848D3BF9B9990A56\nParentProcessGuid: {2D3B23BE-4A74-5BA2-0000-00107B910D00}\nParentProcessId: 2304\nParentImage: C:\\Program Files (x86)\\Python27\\python.exe\nParentCommandLine: \"C:\\Program Files (x86)\\Python27\\python.exe\"  C:\\Users\\flare\\Downloads\\RTA-master\\red_ttp\\enum_commands.py","@version":"1","provider_guid":"{5770385F-C22A-43E0-BF4C-06F5698FFBD9}","beat":{"version":"6.4.0","name":"flare-PC","hostname":"flare-PC"},"tags":["beats_input_codec_plain_applied"],"type":"wineventlog","event_id":1,"task":"Process Create (rule: ProcessCreate)","version":5,"user":{"name":"SYSTEM","domain":"NT-AUTORITÄT","type":"User","identifier":"S-1-5-18"},"host":{"name":"flare-PC"},"record_number":"1243","opcode":"Info"}
{"index":{"_index":"winlogbeat-6.4.0-2018.09.19","_type":"doc","_id":"6l_z8WUBfVn9xHWivjtc"}}
{"thread_id":1824,"event_data":{"LogonId":"0xe320","ParentProcessGuid":"{2D3B23BE-4A74-5BA2-0000-00107B910D00}","UtcTime":"2018-09-19 13:09:11.589","Product":"Microsoft® Windows® Operating System","Description":"Net Command","Hashes":"MD5=B9A4DAC2192FD78CDA097BFA79F6E7B2,SHA256=D468E6B1B79555AC8BCE0300942FD479689EB8F159F3A399848D3BF9B9990A56","Image":"C:\\Windows\\SysWOW64\\net.exe","ParentImage":"C:\\Program Files (x86)\\Python27\\python.exe","ParentCommandLine":"\"C:\\Program Files (x86)\\Python27\\python.exe\"  C:\\Users\\flare\\Downloads\\RTA-master\\red_ttp\\enum_commands.py","FileVersion":"6.1.7600.16385 (win7_rtm.090713-1255)","LogonGuid":"{2D3B23BE-45CC-5BA2-0000-002020E30000}","CommandLine":"net start","Company":"Microsoft Corporation","ProcessId":"3956","ParentProcessId":"2304","IntegrityLevel":"Medium","TerminalSessionId":"1","CurrentDirectory":"C:\\Users\\flare\\Downloads\\RTA-master\\","User":"flare-PC\\flare","ProcessGuid":"{2D3B23BE-4A77-5BA2-0000-001079D80D00}"},"@timestamp":"2018-09-19T13:09:11.589Z","log_name":"Microsoft-Windows-Sysmon/Operational","level":"Informationen","computer_name":"flare-PC","source_name":"Microsoft-Windows-Sysmon","process_id":1304,"message":"Process Create:\nRuleName: \nUtcTime: 2018-09-19 13:09:11.589\nProcessGuid: {2D3B23BE-4A77-5BA2-0000-001079D80D00}\nProcessId: 3956\nImage: C:\\Windows\\SysWOW64\\net.exe\nFileVersion: 6.1.7600.16385 (win7_rtm.090713-1255)\nDescription: Net Command\nProduct: Microsoft® Windows® Operating System\nCompany: Microsoft Corporation\nCommandLine: net start\nCurrentDirectory: C:\\Users\\flare\\Downloads\\RTA-master\\\nUser: flare-PC\\flare\nLogonGuid: {2D3B23BE-45CC-5BA2-0000-002020E30000}\nLogonId: 0xe320\nTerminalSessionId: 1\nIntegrityLevel: Medium\nHashes: MD5=B9A4DAC2192FD78CDA097BFA79F6E7B2,SHA256=D468E6B1B79555AC8BCE0300942FD479689EB8F159F3A399848D3BF9B9990A56\nParentProcessGuid: {2D3B23BE-4A74-5BA2-0000-00107B910D00}\nParentProcessId: 2304\nParentImage: C:\\Program Files (x86)\\Python27\\python.exe\nParentCommandLine: \"C:\\Program Files (x86)\\Python27\\python.exe\"  C:\\Users\\flare\\Downloads\\RTA-master\\red_ttp\\enum_commands.py","@version":"1","provider_guid":"{5770385F-C22A-43E0-BF4C-06F5698FFBD9}","beat":{"version":"6.4.0","name":"flare-PC","hostname":"flare-PC"},"tags":["beats_input_codec_plain_applied"],"task":"Process Create (rule: ProcessCreate)","event_id":1,"type":"wineventlog","host":{"name":"flare-PC"},"version":5,"user":{"name":"SYSTEM","identifier":"S-1-5-18","domain":"NT-AUTORITÄT","type":"User"},"record_number":"1224","opcode":"Info"}
{"index":{"_index":"winlogbeat-6.4.0-2018.09.19","_type":"doc","_id":"61_z8WUBfVn9xHWivjtc"}}
{"thread_id":1824,"event_data":{"LogonId":"0xe320","ParentProcessGuid":"{2D3B23BE-4A77-5BA2-0000-001006E80D00}","UtcTime":"2018-09-19 13:09:11.808","Image":"C:\\Windows\\SysWOW64\\net1.exe","Description":"Net Command","Hashes":"MD5=2041012726EF7C95ED51C15C56545A7F,SHA256=A0BE13AC9443ACC6D2EEA474CC82A727BDB7E1009F573DBA34D269F9A6AAA347","User":"flare-PC\\flare","ParentImage":"C:\\Windows\\SysWOW64\\net.exe","ParentCommandLine":"net time \\\\172.16.100.10","FileVersion":"6.1.7601.17514 (win7sp1_rtm.101119-1850)","Company":"Microsoft Corporation","LogonGuid":"{2D3B23BE-45CC-5BA2-0000-002020E30000}","CurrentDirectory":"C:\\Users\\flare\\Downloads\\RTA-master\\","CommandLine":"C:\\Windows\\system32\\net1 time \\\\172.16.100.10","TerminalSessionId":"1","IntegrityLevel":"Medium","ParentProcessId":"2792","Product":"Microsoft® Windows® Operating System","ProcessId":"4052","ProcessGuid":"{2D3B23BE-4A77-5BA2-0000-00105EE90D00}"},"@timestamp":"2018-09-19T13:09:11.808Z","log_name":"Microsoft-Windows-Sysmon/Operational","level":"Informationen","computer_name":"flare-PC","source_name":"Microsoft-Windows-Sysmon","process_id":1304,"message":"Process Create:\nRuleName: \nUtcTime: 2018-09-19 13:09:11.808\nProcessGuid: {2D3B23BE-4A77-5BA2-0000-00105EE90D00}\nProcessId: 4052\nImage: C:\\Windows\\SysWOW64\\net1.exe\nFileVersion: 6.1.7601.17514 (win7sp1_rtm.101119-1850)\nDescription: Net Command\nProduct: Microsoft® Windows® Operating System\nCompany: Microsoft Corporation\nCommandLine: C:\\Windows\\system32\\net1 time \\\\172.16.100.10\nCurrentDirectory: C:\\Users\\flare\\Downloads\\RTA-master\\\nUser: flare-PC\\flare\nLogonGuid: {2D3B23BE-45CC-5BA2-0000-002020E30000}\nLogonId: 0xe320\nTerminalSessionId: 1\nIntegrityLevel: Medium\nHashes: MD5=2041012726EF7C95ED51C15C56545A7F,SHA256=A0BE13AC9443ACC6D2EEA474CC82A727BDB7E1009F573DBA34D269F9A6AAA347\nParentProcessGuid: {2D3B23BE-4A77-5BA2-0000-001006E80D00}\nParentProcessId: 2792\nParentImage: C:\\Windows\\SysWOW64\\net.exe\nParentCommandLine: net time \\\\172.16.100.10","@version":"1","provider_guid":"{5770385F-C22A-43E0-BF4C-06F5698FFBD9}","beat":{"version":"6.4.0","name":"flare-PC","hostname":"flare-PC"},"tags":["beats_input_codec_plain_applied"],"task":"Process Create (rule: ProcessCreate)","record_number":"1228","event_id":1,"host":{"name":"flare-PC"},"version":5,"user":{"domain":"NT-AUTORITÄT","identifier":"S-1-5-18","type":"User","name":"SYSTEM"},"type":"wineventlog","opcode":"Info"}
{"index":{"_index":"winlogbeat-6.4.0-2018.09.19","_type":"doc","_id":"7V_z8WUBfVn9xHWivjtc"}}
{"thread_id":1824,"event_data":{"ParentProcessGuid":"{2D3B23BE-4A77-5BA2-0000-00102FF30D00}","Product":"Microsoft® Windows® Operating System","UtcTime":"2018-09-19 13:09:11.955","Image":"C:\\Windows\\SysWOW64\\net1.exe","Hashes":"MD5=2041012726EF7C95ED51C15C56545A7F,SHA256=A0BE13AC9443ACC6D2EEA474CC82A727BDB7E1009F573DBA34D269F9A6AAA347","Description":"Net Command","User":"flare-PC\\flare","FileVersion":"6.1.7601.17514 (win7sp1_rtm.101119-1850)","ParentImage":"C:\\Windows\\SysWOW64\\net.exe","ParentCommandLine":"net localgroup","Company":"Microsoft Corporation","CommandLine":"C:\\Windows\\system32\\net1 localgroup","CurrentDirectory":"C:\\Users\\flare\\Downloads\\RTA-master\\","ProcessId":"2872","TerminalSessionId":"1","IntegrityLevel":"Medium","LogonGuid":"{2D3B23BE-45CC-5BA2-0000-002020E30000}","ParentProcessId":"3660","LogonId":"0xe320","ProcessGuid":"{2D3B23BE-4A77-5BA2-0000-001026F40D00}"},"@timestamp":"2018-09-19T13:09:11.955Z","log_name":"Microsoft-Windows-Sysmon/Operational","level":"Informationen","computer_name":"flare-PC","source_name":"Microsoft-Windows-Sysmon","process_id":1304,"@version":"1","provider_guid":"{5770385F-C22A-43E0-BF4C-06F5698FFBD9}","message":"Process Create:\nRuleName: \nUtcTime: 2018-09-19 13:09:11.955\nProcessGuid: {2D3B23BE-4A77-5BA2-0000-001026F40D00}\nProcessId: 2872\nImage: C:\\Windows\\SysWOW64\\net1.exe\nFileVersion: 6.1.7601.17514 (win7sp1_rtm.101119-1850)\nDescription: Net Command\nProduct: Microsoft® Windows® Operating System\nCompany: Microsoft Corporation\nCommandLine: C:\\Windows\\system32\\net1 localgroup\nCurrentDirectory: C:\\Users\\flare\\Downloads\\RTA-master\\\nUser: flare-PC\\flare\nLogonGuid: {2D3B23BE-45CC-5BA2-0000-002020E30000}\nLogonId: 0xe320\nTerminalSessionId: 1\nIntegrityLevel: Medium\nHashes: MD5=2041012726EF7C95ED51C15C56545A7F,SHA256=A0BE13AC9443ACC6D2EEA474CC82A727BDB7E1009F573DBA34D269F9A6AAA347\nParentProcessGuid: {2D3B23BE-4A77-5BA2-0000-00102FF30D00}\nParentProcessId: 3660\nParentImage: C:\\Windows\\SysWOW64\\net.exe\nParentCommandLine: net localgroup","beat":{"version":"6.4.0","name":"flare-PC","hostname":"flare-PC"},"tags":["beats_input_codec_plain_applied"],"task":"Process Create (rule: ProcessCreate)","record_number":"1236","event_id":1,"host":{"name":"flare-PC"},"version":5,"user":{"name":"SYSTEM","domain":"NT-AUTORITÄT","type":"User","identifier":"S-1-5-18"},"type":"wineventlog","opcode":"Info"}
