{"index":{"_index":"winlogbeat-6.4.0-2018.09.19","_type":"doc","_id":"p1_y8WUBfVn9xHWixztc"}}
{"thread_id":1824,"event_data":{"ParentProcessGuid":"{2D3B23BE-4A3C-5BA2-0000-001038950B00}","User":"flare-PC\\flare","UtcTime":"2018-09-19 13:08:12.665","Product":"Betriebssystem Microsoft® Windows®","Description":"CertUtil.exe","Image":"C:\\Windows\\SysWOW64\\certutil.exe","Hashes":"MD5=0D52559AEF4AA5EAC82F530617032283,SHA256=48850FB7229D99E48C3A749556684E962587058D612C659C58F8B8DB2D00ABEE","ParentImage":"C:\\Program Files (x86)\\Python27\\python.exe","ParentCommandLine":"\"C:\\Program Files (x86)\\Python27\\python.exe\"  C:\\Users\\flare\\Downloads\\RTA-master\\red_ttp\\certutil_file_obfuscation.py","FileVersion":"6.1.7601.18151 (win7sp1_gdr.130512-1533)","TerminalSessionId":"1","CommandLine":"c:\\Windows\\System32\\certutil.exe -decode \"C:\\Users\\flare\\Downloads\\RTA-master\\encoded.txt\" \"C:\\Users\\flare\\Downloads\\RTA-master\\decoded.exe\"","LogonGuid":"{2D3B23BE-45CC-5BA2-0000-002020E30000}","Company":"Microsoft Corporation","CurrentDirectory":"C:\\Users\\flare\\Downloads\\RTA-master\\","IntegrityLevel":"Medium","ProcessId":"3512","LogonId":"0xe320","ParentProcessId":"3424","ProcessGuid":"{2D3B23BE-4A3C-5BA2-0000-00103EC40B00}"},"@timestamp":"2018-09-19T13:08:12.665Z","log_name":"Microsoft-Windows-Sysmon/Operational","level":"Informationen","computer_name":"flare-PC","source_name":"Microsoft-Windows-Sysmon","process_id":1304,"message":"Process Create:\nRuleName: \nUtcTime: 2018-09-19 13:08:12.665\nProcessGuid: {2D3B23BE-4A3C-5BA2-0000-00103EC40B00}\nProcessId: 3512\nImage: C:\\Windows\\SysWOW64\\certutil.exe\nFileVersion: 6.1.7601.18151 (win7sp1_gdr.130512-1533)\nDescription: CertUtil.exe\nProduct: Betriebssystem Microsoft® Windows®\nCompany: Microsoft Corporation\nCommandLine: c:\\Windows\\System32\\certutil.exe -decode \"C:\\Users\\flare\\Downloads\\RTA-master\\encoded.txt\" \"C:\\Users\\flare\\Downloads\\RTA-master\\decoded.exe\"\nCurrentDirectory: C:\\Users\\flare\\Downloads\\RTA-master\\\nUser: flare-PC\\flare\nLogonGuid: {2D3B23BE-45CC-5BA2-0000-002020E30000}\nLogonId: 0xe320\nTerminalSessionId: 1\nIntegrityLevel: Medium\nHashes: MD5=0D52559AEF4AA5EAC82F530617032283,SHA256=48850FB7229D99E48C3A749556684E962587058D612C659C58F8B8DB2D00ABEE\nParentProcessGuid: {2D3B23BE-4A3C-5BA2-0000-001038950B00}\nParentProcessId: 3424\nParentImage: C:\\Program Files (x86)\\Python27\\python.exe\nParentCommandLine: \"C:\\Program Files (x86)\\Python27\\python.exe\"  C:\\Users\\flare\\Downloads\\RTA-master\\red_ttp\\certutil_file_obfuscation.py","@version":"1","provider_guid":"{5770385F-C22A-43E0-BF4C-06F5698FFBD9}","beat":{"version":"6.4.0","name":"flare-PC","hostname":"flare-PC"},"tags":["beats_input_codec_plain_applied"],"type":"wineventlog","event_id":1,"record_number":"1180","version":5,"user":{"name":"SYSTEM","identifier":"S-1-5-18","type":"User","domain":"NT-AUTORITÄT"},"host":{"name":"flare-PC"},"task":"Process Create (rule: ProcessCreate)","opcode":"Info"}
{"index":{"_index":"winlogbeat-6.4.0-2018.09.19","_type":"doc","_id":"LV_x8WUBfVn9xHWiSTtr"}}
{"thread_id":1824,"event_data":{"CreationUtcTime":"2018-09-19 13:06:35.966","UtcTime":"2018-09-19 13:06:35.966","Image":"C:\\Program Files\\7-Zip\\7zG.exe","TargetFilename":"C:\\Users\\flare\\Downloads\\SysinternalsSuite\\Coreinfo.exe","ProcessId":"3056","ProcessGuid":"{2D3B23BE-49CF-5BA2-0000-001095020A00}"},"@timestamp":"2018-09-19T13:06:35.966Z","log_name":"Microsoft-Windows-Sysmon/Operational","level":"Informationen","computer_name":"flare-PC","source_name":"Microsoft-Windows-Sysmon","process_id":1304,"message":"File created:\nRuleName: \nUtcTime: 2018-09-19 13:06:35.966\nProcessGuid: {2D3B23BE-49CF-5BA2-0000-001095020A00}\nProcessId: 3056\nImage: C:\\Program Files\\7-Zip\\7zG.exe\nTargetFilename: C:\\Users\\flare\\Downloads\\SysinternalsSuite\\Coreinfo.exe\nCreationUtcTime: 2018-09-19 13:06:35.966","@version":"1","provider_guid":"{5770385F-C22A-43E0-BF4C-06F5698FFBD9}","beat":{"version":"6.4.0","name":"flare-PC","hostname":"flare-PC"},"tags":["beats_input_codec_plain_applied"],"task":"File created (rule: FileCreate)","record_number":"1024","type":"wineventlog","version":2,"user":{"name":"SYSTEM","identifier":"S-1-5-18","domain":"NT-AUTORITÄT","type":"User"},"event_id":11,"host":{"name":"flare-PC"},"opcode":"Info"}
{"index":{"_index":"winlogbeat-6.4.0-2018.09.19","_type":"doc","_id":"L1_x8WUBfVn9xHWiSTtr"}}
{"thread_id":1824,"event_data":{"CreationUtcTime":"2018-09-19 13:06:36.030","UtcTime":"2018-09-19 13:06:36.030","Image":"C:\\Program Files\\7-Zip\\7zG.exe","TargetFilename":"C:\\Users\\flare\\Downloads\\SysinternalsSuite\\Disk2vhd.chm","ProcessId":"3056","ProcessGuid":"{2D3B23BE-49CF-5BA2-0000-001095020A00}"},"@timestamp":"2018-09-19T13:06:36.030Z","log_name":"Microsoft-Windows-Sysmon/Operational","level":"Informationen","computer_name":"flare-PC","source_name":"Microsoft-Windows-Sysmon","process_id":1304,"provider_guid":"{5770385F-C22A-43E0-BF4C-06F5698FFBD9}","message":"File created:\nRuleName: \nUtcTime: 2018-09-19 13:06:36.030\nProcessGuid: {2D3B23BE-49CF-5BA2-0000-001095020A00}\nProcessId: 3056\nImage: C:\\Program Files\\7-Zip\\7zG.exe\nTargetFilename: C:\\Users\\flare\\Downloads\\SysinternalsSuite\\Disk2vhd.chm\nCreationUtcTime: 2018-09-19 13:06:36.030","@version":"1","beat":{"version":"6.4.0","name":"flare-PC","hostname":"flare-PC"},"tags":["beats_input_codec_plain_applied"],"task":"File created (rule: FileCreate)","record_number":"1032","type":"wineventlog","host":{"name":"flare-PC"},"user":{"name":"SYSTEM","identifier":"S-1-5-18","domain":"NT-AUTORITÄT","type":"User"},"event_id":11,"version":2,"opcode":"Info"}
{"index":{"_index":"winlogbeat-6.4.0-2018.09.19","_type":"doc","_id":"NV_x8WUBfVn9xHWiSTtr"}}
{"thread_id":1824,"event_data":{"CreationUtcTime":"2018-09-19 13:06:36.203","UtcTime":"2018-09-19 13:06:36.203","Image":"C:\\Program Files\\7-Zip\\7zG.exe","TargetFilename":"C:\\Users\\flare\\Downloads\\SysinternalsSuite\\Winobj.exe","ProcessId":"3056","ProcessGuid":"{2D3B23BE-49CF-5BA2-0000-001095020A00}"},"@timestamp":"2018-09-19T13:06:36.203Z","log_name":"Microsoft-Windows-Sysmon/Operational","level":"Informationen","computer_name":"flare-PC","source_name":"Microsoft-Windows-Sysmon","process_id":1304,"message":"File created:\nRuleName: \nUtcTime: 2018-09-19 13:06:36.203\nProcessGuid: {2D3B23BE-49CF-5BA2-0000-001095020A00}\nProcessId: 3056\nImage: C:\\Program Files\\7-Zip\\7zG.exe\nTargetFilename: C:\\Users\\flare\\Downloads\\SysinternalsSuite\\Winobj.exe\nCreationUtcTime: 2018-09-19 13:06:36.203","@version":"1","provider_guid":"{5770385F-C22A-43E0-BF4C-06F5698FFBD9}","beat":{"version":"6.4.0","name":"flare-PC","hostname":"flare-PC"},"tags":["beats_input_codec_plain_applied"],"task":"File created (rule: FileCreate)","event_id":11,"type":"wineventlog","host":{"name":"flare-PC"},"user":{"name":"SYSTEM","identifier":"S-1-5-18","domain":"NT-AUTORITÄT","type":"User"},"version":2,"record_number":"1056","opcode":"Info"}
{"index":{"_index":"winlogbeat-6.4.0-2018.09.19","_type":"doc","_id":"PF_x8WUBfVn9xHWiSTtr"}}
{"thread_id":1824,"event_data":{"CreationUtcTime":"2018-09-19 13:06:36.343","UtcTime":"2018-09-19 13:06:36.343","Image":"C:\\Program Files\\7-Zip\\7zG.exe","TargetFilename":"C:\\Users\\flare\\Downloads\\SysinternalsSuite\\ntfsinfo.exe","ProcessId":"3056","ProcessGuid":"{2D3B23BE-49CF-5BA2-0000-001095020A00}"},"@timestamp":"2018-09-19T13:06:36.343Z","log_name":"Microsoft-Windows-Sysmon/Operational","level":"Informationen","computer_name":"flare-PC","source_name":"Microsoft-Windows-Sysmon","process_id":1304,"provider_guid":"{5770385F-C22A-43E0-BF4C-06F5698FFBD9}","message":"File created:\nRuleName: \nUtcTime: 2018-09-19 13:06:36.343\nProcessGuid: {2D3B23BE-49CF-5BA2-0000-001095020A00}\nProcessId: 3056\nImage: C:\\Program Files\\7-Zip\\7zG.exe\nTargetFilename: C:\\Users\\flare\\Downloads\\SysinternalsSuite\\ntfsinfo.exe\nCreationUtcTime: 2018-09-19 13:06:36.343","@version":"1","beat":{"version":"6.4.0","name":"flare-PC","hostname":"flare-PC"},"tags":["beats_input_codec_plain_applied"],"type":"wineventlog","task":"File created (rule: FileCreate)","event_id":11,"version":2,"record_number":"1084","host":{"name":"flare-PC"},"user":{"domain":"NT-AUTORITÄT","identifier":"S-1-5-18","type":"User","name":"SYSTEM"},"opcode":"Info"}
{"index":{"_index":"winlogbeat-6.4.0-2018.09.19","_type":"doc","_id":"P1_x8WUBfVn9xHWiSTtr"}}
{"thread_id":1824,"event_data":{"CreationUtcTime":"2018-09-19 13:06:36.421","UtcTime":"2018-09-19 13:06:36.421","Image":"C:\\Program Files\\7-Zip\\7zG.exe","TargetFilename":"C:\\Users\\flare\\Downloads\\SysinternalsSuite\\pskill.exe","ProcessId":"3056","ProcessGuid":"{2D3B23BE-49CF-5BA2-0000-001095020A00}"},"@timestamp":"2018-09-19T13:06:36.421Z","log_name":"Microsoft-Windows-Sysmon/Operational","level":"Informationen","computer_name":"flare-PC","source_name":"Microsoft-Windows-Sysmon","process_id":1304,"@version":"1","provider_guid":"{5770385F-C22A-43E0-BF4C-06F5698FFBD9}","message":"File created:\nRuleName: \nUtcTime: 2018-09-19 13:06:36.421\nProcessGuid: {2D3B23BE-49CF-5BA2-0000-001095020A00}\nProcessId: 3056\nImage: C:\\Program Files\\7-Zip\\7zG.exe\nTargetFilename: C:\\Users\\flare\\Downloads\\SysinternalsSuite\\pskill.exe\nCreationUtcTime: 2018-09-19 13:06:36.421","beat":{"version":"6.4.0","name":"flare-PC","hostname":"flare-PC"},"tags":["beats_input_codec_plain_applied"],"task":"File created (rule: FileCreate)","record_number":"1096","event_id":11,"host":{"name":"flare-PC"},"user":{"name":"SYSTEM","domain":"NT-AUTORITÄT","type":"User","identifier":"S-1-5-18"},"type":"wineventlog","version":2,"opcode":"Info"}
{"index":{"_index":"winlogbeat-6.4.0-2018.09.19","_type":"doc","_id":"QV_x8WUBfVn9xHWiSTtr"}}
{"thread_id":1824,"event_data":{"CreationUtcTime":"2018-09-19 13:06:36.437","UtcTime":"2018-09-19 13:06:36.437","Image":"C:\\Program Files\\7-Zip\\7zG.exe","TargetFilename":"C:\\Users\\flare\\Downloads\\SysinternalsSuite\\pssuspend.exe","ProcessId":"3056","ProcessGuid":"{2D3B23BE-49CF-5BA2-0000-001095020A00}"},"@timestamp":"2018-09-19T13:06:36.437Z","log_name":"Microsoft-Windows-Sysmon/Operational","level":"Informationen","computer_name":"flare-PC","source_name":"Microsoft-Windows-Sysmon","process_id":1304,"@version":"1","message":"File created:\nRuleName: \nUtcTime: 2018-09-19 13:06:36.437\nProcessGuid: {2D3B23BE-49CF-5BA2-0000-001095020A00}\nProcessId: 3056\nImage: C:\\Program Files\\7-Zip\\7zG.exe\nTargetFilename: C:\\Users\\flare\\Downloads\\SysinternalsSuite\\pssuspend.exe\nCreationUtcTime: 2018-09-19 13:06:36.437","provider_guid":"{5770385F-C22A-43E0-BF4C-06F5698FFBD9}","beat":{"version":"6.4.0","name":"flare-PC","hostname":"flare-PC"},"tags":["beats_input_codec_plain_applied"],"type":"wineventlog","record_number":"1104","event_id":11,"version":2,"user":{"name":"SYSTEM","domain":"NT-AUTORITÄT","type":"User","identifier":"S-1-5-18"},"host":{"name":"flare-PC"},"task":"File created (rule: FileCreate)","opcode":"Info"}
{"index":{"_index":"winlogbeat-6.4.0-2018.09.19","_type":"doc","_id":"RF_x8WUBfVn9xHWiSTtr"}}
{"thread_id":1824,"event_data":{"CreationUtcTime":"2018-09-19 13:06:36.484","UtcTime":"2018-09-19 13:06:36.484","Image":"C:\\Program Files\\7-Zip\\7zG.exe","TargetFilename":"C:\\Users\\flare\\Downloads\\SysinternalsSuite\\PsInfo.exe","ProcessId":"3056","ProcessGuid":"{2D3B23BE-49CF-5BA2-0000-001095020A00}"},"@timestamp":"2018-09-19T13:06:36.484Z","log_name":"Microsoft-Windows-Sysmon/Operational","level":"Informationen","computer_name":"flare-PC","source_name":"Microsoft-Windows-Sysmon","process_id":1304,"message":"File created:\nRuleName: \nUtcTime: 2018-09-19 13:06:36.484\nProcessGuid: {2D3B23BE-49CF-5BA2-0000-001095020A00}\nProcessId: 3056\nImage: C:\\Program Files\\7-Zip\\7zG.exe\nTargetFilename: C:\\Users\\flare\\Downloads\\SysinternalsSuite\\PsInfo.exe\nCreationUtcTime: 2018-09-19 13:06:36.484","@version":"1","provider_guid":"{5770385F-C22A-43E0-BF4C-06F5698FFBD9}","beat":{"version":"6.4.0","name":"flare-PC","hostname":"flare-PC"},"tags":["beats_input_codec_plain_applied"],"task":"File created (rule: FileCreate)","record_number":"1116","event_id":11,"host":{"name":"flare-PC"},"user":{"name":"SYSTEM","identifier":"S-1-5-18","type":"User","domain":"NT-AUTORITÄT"},"version":2,"type":"wineventlog","opcode":"Info"}
{"index":{"_index":"winlogbeat-6.4.0-2018.09.19","_type":"doc","_id":"SF_x8WUBfVn9xHWiSTtr"}}
{"thread_id":1824,"event_data":{"CreationUtcTime":"2018-09-19 13:06:36.580","UtcTime":"2018-09-19 13:06:36.580","Image":"C:\\Program Files\\7-Zip\\7zG.exe","TargetFilename":"C:\\Users\\flare\\Downloads\\SysinternalsSuite\\livekd.exe","ProcessId":"3056","ProcessGuid":"{2D3B23BE-49CF-5BA2-0000-001095020A00}"},"@timestamp":"2018-09-19T13:06:36.580Z","log_name":"Microsoft-Windows-Sysmon/Operational","level":"Informationen","computer_name":"flare-PC","source_name":"Microsoft-Windows-Sysmon","process_id":1304,"message":"File created:\nRuleName: \nUtcTime: 2018-09-19 13:06:36.580\nProcessGuid: {2D3B23BE-49CF-5BA2-0000-001095020A00}\nProcessId: 3056\nImage: C:\\Program Files\\7-Zip\\7zG.exe\nTargetFilename: C:\\Users\\flare\\Downloads\\SysinternalsSuite\\livekd.exe\nCreationUtcTime: 2018-09-19 13:06:36.580","@version":"1","provider_guid":"{5770385F-C22A-43E0-BF4C-06F5698FFBD9}","beat":{"version":"6.4.0","name":"flare-PC","hostname":"flare-PC"},"tags":["beats_input_codec_plain_applied"],"task":"File created (rule: FileCreate)","type":"wineventlog","event_id":11,"version":2,"user":{"name":"SYSTEM","domain":"NT-AUTORITÄT","type":"User","identifier":"S-1-5-18"},"host":{"name":"flare-PC"},"record_number":"1132","opcode":"Info"}
{"index":{"_index":"winlogbeat-6.4.0-2018.09.19","_type":"doc","_id":"Sl_x8WUBfVn9xHWiSTtr"}}
{"thread_id":1824,"event_data":{"CreationUtcTime":"2018-09-19 13:06:36.611","UtcTime":"2018-09-19 13:06:36.611","Image":"C:\\Program Files\\7-Zip\\7zG.exe","TargetFilename":"C:\\Users\\flare\\Downloads\\SysinternalsSuite\\accesschk.exe","ProcessId":"3056","ProcessGuid":"{2D3B23BE-49CF-5BA2-0000-001095020A00}"},"@timestamp":"2018-09-19T13:06:36.611Z","log_name":"Microsoft-Windows-Sysmon/Operational","level":"Informationen","computer_name":"flare-PC","source_name":"Microsoft-Windows-Sysmon","process_id":1304,"@version":"1","provider_guid":"{5770385F-C22A-43E0-BF4C-06F5698FFBD9}","message":"File created:\nRuleName: \nUtcTime: 2018-09-19 13:06:36.611\nProcessGuid: {2D3B23BE-49CF-5BA2-0000-001095020A00}\nProcessId: 3056\nImage: C:\\Program Files\\7-Zip\\7zG.exe\nTargetFilename: C:\\Users\\flare\\Downloads\\SysinternalsSuite\\accesschk.exe\nCreationUtcTime: 2018-09-19 13:06:36.611","beat":{"version":"6.4.0","name":"flare-PC","hostname":"flare-PC"},"tags":["beats_input_codec_plain_applied"],"task":"File created (rule: FileCreate)","record_number":"1140","event_id":11,"version":2,"user":{"name":"SYSTEM","identifier":"S-1-5-18","type":"User","domain":"NT-AUTORITÄT"},"host":{"name":"flare-PC"},"type":"wineventlog","opcode":"Info"}
{"index":{"_index":"winlogbeat-6.4.0-2018.09.19","_type":"doc","_id":"S1_x8WUBfVn9xHWiSTtr"}}
{"thread_id":1824,"event_data":{"CreationUtcTime":"2018-09-19 13:06:36.642","UtcTime":"2018-09-19 13:06:36.642","Image":"C:\\Program Files\\7-Zip\\7zG.exe","TargetFilename":"C:\\Users\\flare\\Downloads\\SysinternalsSuite\\handle.exe","ProcessId":"3056","ProcessGuid":"{2D3B23BE-49CF-5BA2-0000-001095020A00}"},"@timestamp":"2018-09-19T13:06:36.642Z","log_name":"Microsoft-Windows-Sysmon/Operational","level":"Informationen","computer_name":"flare-PC","source_name":"Microsoft-Windows-Sysmon","process_id":1304,"provider_guid":"{5770385F-C22A-43E0-BF4C-06F5698FFBD9}","message":"File created:\nRuleName: \nUtcTime: 2018-09-19 13:06:36.642\nProcessGuid: {2D3B23BE-49CF-5BA2-0000-001095020A00}\nProcessId: 3056\nImage: C:\\Program Files\\7-Zip\\7zG.exe\nTargetFilename: C:\\Users\\flare\\Downloads\\SysinternalsSuite\\handle.exe\nCreationUtcTime: 2018-09-19 13:06:36.642","@version":"1","beat":{"version":"6.4.0","name":"flare-PC","hostname":"flare-PC"},"tags":["beats_input_codec_plain_applied"],"task":"File created (rule: FileCreate)","event_id":11,"record_number":"1144","version":2,"type":"wineventlog","user":{"name":"SYSTEM","domain":"NT-AUTORITÄT","type":"User","identifier":"S-1-5-18"},"host":{"name":"flare-PC"},"opcode":"Info"}
{"index":{"_index":"winlogbeat-6.4.0-2018.09.19","_type":"doc","_id":"T1_x8WUBfVn9xHWiSTtr"}}
{"thread_id":1824,"event_data":{"CreationUtcTime":"2018-09-19 13:06:36.830","UtcTime":"2018-09-19 13:06:36.830","Image":"C:\\Program Files\\7-Zip\\7zG.exe","TargetFilename":"C:\\Users\\flare\\Downloads\\SysinternalsSuite\\Autoruns64.exe","ProcessId":"3056","ProcessGuid":"{2D3B23BE-49CF-5BA2-0000-001095020A00}"},"@timestamp":"2018-09-19T13:06:36.830Z","log_name":"Microsoft-Windows-Sysmon/Operational","level":"Informationen","computer_name":"flare-PC","source_name":"Microsoft-Windows-Sysmon","process_id":1304,"message":"File created:\nRuleName: \nUtcTime: 2018-09-19 13:06:36.830\nProcessGuid: {2D3B23BE-49CF-5BA2-0000-001095020A00}\nProcessId: 3056\nImage: C:\\Program Files\\7-Zip\\7zG.exe\nTargetFilename: C:\\Users\\flare\\Downloads\\SysinternalsSuite\\Autoruns64.exe\nCreationUtcTime: 2018-09-19 13:06:36.830","@version":"1","provider_guid":"{5770385F-C22A-43E0-BF4C-06F5698FFBD9}","beat":{"version":"6.4.0","name":"flare-PC","hostname":"flare-PC"},"tags":["beats_input_codec_plain_applied"],"type":"wineventlog","record_number":"1160","task":"File created (rule: FileCreate)","version":2,"user":{"name":"SYSTEM","identifier":"S-1-5-18","type":"User","domain":"NT-AUTORITÄT"},"host":{"name":"flare-PC"},"event_id":11,"opcode":"Info"}
{"index":{"_index":"winlogbeat-6.4.0-2018.09.19","_type":"doc","_id":"UF_x8WUBfVn9xHWiSTtr"}}
{"thread_id":1824,"event_data":{"CreationUtcTime":"2018-09-19 13:06:36.861","UtcTime":"2018-09-19 13:06:36.861","Image":"C:\\Program Files\\7-Zip\\7zG.exe","TargetFilename":"C:\\Users\\flare\\Downloads\\SysinternalsSuite\\autorunsc64.exe","ProcessId":"3056","ProcessGuid":"{2D3B23BE-49CF-5BA2-0000-001095020A00}"},"@timestamp":"2018-09-19T13:06:36.861Z","log_name":"Microsoft-Windows-Sysmon/Operational","level":"Informationen","computer_name":"flare-PC","source_name":"Microsoft-Windows-Sysmon","process_id":1304,"message":"File created:\nRuleName: \nUtcTime: 2018-09-19 13:06:36.861\nProcessGuid: {2D3B23BE-49CF-5BA2-0000-001095020A00}\nProcessId: 3056\nImage: C:\\Program Files\\7-Zip\\7zG.exe\nTargetFilename: C:\\Users\\flare\\Downloads\\SysinternalsSuite\\autorunsc64.exe\nCreationUtcTime: 2018-09-19 13:06:36.861","@version":"1","provider_guid":"{5770385F-C22A-43E0-BF4C-06F5698FFBD9}","beat":{"version":"6.4.0","name":"flare-PC","hostname":"flare-PC"},"tags":["beats_input_codec_plain_applied"],"task":"File created (rule: FileCreate)","type":"wineventlog","record_number":"1164","version":2,"user":{"domain":"NT-AUTORITÄT","identifier":"S-1-5-18","type":"User","name":"SYSTEM"},"host":{"name":"flare-PC"},"event_id":11,"opcode":"Info"}
{"index":{"_index":"winlogbeat-6.4.0-2018.09.19","_type":"doc","_id":"V1_x8WUBfVn9xHWiSTtt"}}
{"thread_id":1824,"event_data":{"CreationUtcTime":"2018-09-19 13:06:36.171","UtcTime":"2018-09-19 13:06:36.171","Image":"C:\\Program Files\\7-Zip\\7zG.exe","TargetFilename":"C:\\Users\\flare\\Downloads\\SysinternalsSuite\\psshutdown.exe","ProcessId":"3056","ProcessGuid":"{2D3B23BE-49CF-5BA2-0000-001095020A00}"},"@timestamp":"2018-09-19T13:06:36.171Z","log_name":"Microsoft-Windows-Sysmon/Operational","level":"Informationen","computer_name":"flare-PC","source_name":"Microsoft-Windows-Sysmon","process_id":1304,"message":"File created:\nRuleName: \nUtcTime: 2018-09-19 13:06:36.171\nProcessGuid: {2D3B23BE-49CF-5BA2-0000-001095020A00}\nProcessId: 3056\nImage: C:\\Program Files\\7-Zip\\7zG.exe\nTargetFilename: C:\\Users\\flare\\Downloads\\SysinternalsSuite\\psshutdown.exe\nCreationUtcTime: 2018-09-19 13:06:36.171","@version":"1","provider_guid":"{5770385F-C22A-43E0-BF4C-06F5698FFBD9}","beat":{"version":"6.4.0","name":"flare-PC","hostname":"flare-PC"},"tags":["beats_input_codec_plain_applied"],"type":"wineventlog","record_number":"1046","task":"File created (rule: FileCreate)","version":2,"user":{"domain":"NT-AUTORITÄT","identifier":"S-1-5-18","type":"User","name":"SYSTEM"},"host":{"name":"flare-PC"},"event_id":11,"opcode":"Info"}
{"index":{"_index":"winlogbeat-6.4.0-2018.09.19","_type":"doc","_id":"WV_x8WUBfVn9xHWiSTtt"}}
{"thread_id":1824,"event_data":{"CreationUtcTime":"2018-09-19 13:06:36.203","UtcTime":"2018-09-19 13:06:36.203","Image":"C:\\Program Files\\7-Zip\\7zG.exe","TargetFilename":"C:\\Users\\flare\\Downloads\\SysinternalsSuite\\Tcpview.exe","ProcessId":"3056","ProcessGuid":"{2D3B23BE-49CF-5BA2-0000-001095020A00}"},"@timestamp":"2018-09-19T13:06:36.203Z","log_name":"Microsoft-Windows-Sysmon/Operational","level":"Informationen","computer_name":"flare-PC","source_name":"Microsoft-Windows-Sysmon","process_id":1304,"provider_guid":"{5770385F-C22A-43E0-BF4C-06F5698FFBD9}","message":"File created:\nRuleName: \nUtcTime: 2018-09-19 13:06:36.203\nProcessGuid: {2D3B23BE-49CF-5BA2-0000-001095020A00}\nProcessId: 3056\nImage: C:\\Program Files\\7-Zip\\7zG.exe\nTargetFilename: C:\\Users\\flare\\Downloads\\SysinternalsSuite\\Tcpview.exe\nCreationUtcTime: 2018-09-19 13:06:36.203","@version":"1","beat":{"version":"6.4.0","name":"flare-PC","hostname":"flare-PC"},"tags":["beats_input_codec_plain_applied"],"type":"wineventlog","event_id":11,"task":"File created (rule: FileCreate)","host":{"name":"flare-PC"},"user":{"name":"SYSTEM","domain":"NT-AUTORITÄT","type":"User","identifier":"S-1-5-18"},"record_number":"1054","version":2,"opcode":"Info"}
{"index":{"_index":"winlogbeat-6.4.0-2018.09.19","_type":"doc","_id":"YF_x8WUBfVn9xHWiSTtt"}}
{"thread_id":1824,"event_data":{"CreationUtcTime":"2018-09-19 13:06:36.343","UtcTime":"2018-09-19 13:06:36.343","Image":"C:\\Program Files\\7-Zip\\7zG.exe","TargetFilename":"C:\\Users\\flare\\Downloads\\SysinternalsSuite\\logonsessions.exe","ProcessId":"3056","ProcessGuid":"{2D3B23BE-49CF-5BA2-0000-001095020A00}"},"@timestamp":"2018-09-19T13:06:36.343Z","log_name":"Microsoft-Windows-Sysmon/Operational","level":"Informationen","computer_name":"flare-PC","source_name":"Microsoft-Windows-Sysmon","process_id":1304,"provider_guid":"{5770385F-C22A-43E0-BF4C-06F5698FFBD9}","message":"File created:\nRuleName: \nUtcTime: 2018-09-19 13:06:36.343\nProcessGuid: {2D3B23BE-49CF-5BA2-0000-001095020A00}\nProcessId: 3056\nImage: C:\\Program Files\\7-Zip\\7zG.exe\nTargetFilename: C:\\Users\\flare\\Downloads\\SysinternalsSuite\\logonsessions.exe\nCreationUtcTime: 2018-09-19 13:06:36.343","@version":"1","beat":{"version":"6.4.0","name":"flare-PC","hostname":"flare-PC"},"tags":["beats_input_codec_plain_applied"],"type":"wineventlog","task":"File created (rule: FileCreate)","record_number":"1082","event_id":11,"user":{"name":"SYSTEM","domain":"NT-AUTORITÄT","type":"User","identifier":"S-1-5-18"},"version":2,"host":{"name":"flare-PC"},"opcode":"Info"}
{"index":{"_index":"winlogbeat-6.4.0-2018.09.19","_type":"doc","_id":"Y1_x8WUBfVn9xHWiSTtt"}}
{"thread_id":1824,"event_data":{"CreationUtcTime":"2018-09-19 13:06:36.406","UtcTime":"2018-09-19 13:06:36.406","Image":"C:\\Program Files\\7-Zip\\7zG.exe","TargetFilename":"C:\\Users\\flare\\Downloads\\SysinternalsSuite\\psfile.exe","ProcessId":"3056","ProcessGuid":"{2D3B23BE-49CF-5BA2-0000-001095020A00}"},"@timestamp":"2018-09-19T13:06:36.406Z","log_name":"Microsoft-Windows-Sysmon/Operational","level":"Informationen","computer_name":"flare-PC","source_name":"Microsoft-Windows-Sysmon","process_id":1304,"provider_guid":"{5770385F-C22A-43E0-BF4C-06F5698FFBD9}","message":"File created:\nRuleName: \nUtcTime: 2018-09-19 13:06:36.406\nProcessGuid: {2D3B23BE-49CF-5BA2-0000-001095020A00}\nProcessId: 3056\nImage: C:\\Program Files\\7-Zip\\7zG.exe\nTargetFilename: C:\\Users\\flare\\Downloads\\SysinternalsSuite\\psfile.exe\nCreationUtcTime: 2018-09-19 13:06:36.406","@version":"1","beat":{"version":"6.4.0","name":"flare-PC","hostname":"flare-PC"},"tags":["beats_input_codec_plain_applied"],"task":"File created (rule: FileCreate)","record_number":"1094","event_id":11,"version":2,"host":{"name":"flare-PC"},"type":"wineventlog","user":{"name":"SYSTEM","identifier":"S-1-5-18","domain":"NT-AUTORITÄT","type":"User"},"opcode":"Info"}
{"index":{"_index":"winlogbeat-6.4.0-2018.09.19","_type":"doc","_id":"Zl_x8WUBfVn9xHWiSTtt"}}
{"thread_id":1824,"event_data":{"CreationUtcTime":"2018-09-19 13:06:36.453","UtcTime":"2018-09-19 13:06:36.453","Image":"C:\\Program Files\\7-Zip\\7zG.exe","TargetFilename":"C:\\Users\\flare\\Downloads\\SysinternalsSuite\\RegDelNull.exe","ProcessId":"3056","ProcessGuid":"{2D3B23BE-49CF-5BA2-0000-001095020A00}"},"@timestamp":"2018-09-19T13:06:36.453Z","log_name":"Microsoft-Windows-Sysmon/Operational","level":"Informationen","computer_name":"flare-PC","source_name":"Microsoft-Windows-Sysmon","process_id":1304,"provider_guid":"{5770385F-C22A-43E0-BF4C-06F5698FFBD9}","message":"File created:\nRuleName: \nUtcTime: 2018-09-19 13:06:36.453\nProcessGuid: {2D3B23BE-49CF-5BA2-0000-001095020A00}\nProcessId: 3056\nImage: C:\\Program Files\\7-Zip\\7zG.exe\nTargetFilename: C:\\Users\\flare\\Downloads\\SysinternalsSuite\\RegDelNull.exe\nCreationUtcTime: 2018-09-19 13:06:36.453","@version":"1","beat":{"version":"6.4.0","name":"flare-PC","hostname":"flare-PC"},"tags":["beats_input_codec_plain_applied"],"task":"File created (rule: FileCreate)","event_id":11,"type":"wineventlog","record_number":"1106","user":{"name":"SYSTEM","identifier":"S-1-5-18","type":"User","domain":"NT-AUTORITÄT"},"host":{"name":"flare-PC"},"version":2,"opcode":"Info"}
{"index":{"_index":"winlogbeat-6.4.0-2018.09.19","_type":"doc","_id":"Z1_x8WUBfVn9xHWiSTtt"}}
{"thread_id":1824,"event_data":{"CreationUtcTime":"2018-09-19 13:06:36.453","UtcTime":"2018-09-19 13:06:36.453","Image":"C:\\Program Files\\7-Zip\\7zG.exe","TargetFilename":"C:\\Users\\flare\\Downloads\\SysinternalsSuite\\sync.exe","ProcessId":"3056","ProcessGuid":"{2D3B23BE-49CF-5BA2-0000-001095020A00}"},"@timestamp":"2018-09-19T13:06:36.453Z","log_name":"Microsoft-Windows-Sysmon/Operational","level":"Informationen","computer_name":"flare-PC","source_name":"Microsoft-Windows-Sysmon","process_id":1304,"provider_guid":"{5770385F-C22A-43E0-BF4C-06F5698FFBD9}","message":"File created:\nRuleName: \nUtcTime: 2018-09-19 13:06:36.453\nProcessGuid: {2D3B23BE-49CF-5BA2-0000-001095020A00}\nProcessId: 3056\nImage: C:\\Program Files\\7-Zip\\7zG.exe\nTargetFilename: C:\\Users\\flare\\Downloads\\SysinternalsSuite\\sync.exe\nCreationUtcTime: 2018-09-19 13:06:36.453","@version":"1","beat":{"version":"6.4.0","name":"flare-PC","hostname":"flare-PC"},"tags":["beats_input_codec_plain_applied"],"task":"File created (rule: FileCreate)","type":"wineventlog","record_number":"1110","event_id":11,"user":{"name":"SYSTEM","identifier":"S-1-5-18","domain":"NT-AUTORITÄT","type":"User"},"version":2,"host":{"name":"flare-PC"},"opcode":"Info"}
{"index":{"_index":"winlogbeat-6.4.0-2018.09.19","_type":"doc","_id":"al_x8WUBfVn9xHWiSTtt"}}
{"thread_id":1824,"event_data":{"CreationUtcTime":"2018-09-19 13:06:36.500","UtcTime":"2018-09-19 13:06:36.500","Image":"C:\\Program Files\\7-Zip\\7zG.exe","TargetFilename":"C:\\Users\\flare\\Downloads\\SysinternalsSuite\\strings.exe","ProcessId":"3056","ProcessGuid":"{2D3B23BE-49CF-5BA2-0000-001095020A00}"},"@timestamp":"2018-09-19T13:06:36.500Z","log_name":"Microsoft-Windows-Sysmon/Operational","level":"Informationen","computer_name":"flare-PC","source_name":"Microsoft-Windows-Sysmon","process_id":1304,"provider_guid":"{5770385F-C22A-43E0-BF4C-06F5698FFBD9}","message":"File created:\nRuleName: \nUtcTime: 2018-09-19 13:06:36.500\nProcessGuid: {2D3B23BE-49CF-5BA2-0000-001095020A00}\nProcessId: 3056\nImage: C:\\Program Files\\7-Zip\\7zG.exe\nTargetFilename: C:\\Users\\flare\\Downloads\\SysinternalsSuite\\strings.exe\nCreationUtcTime: 2018-09-19 13:06:36.500","@version":"1","beat":{"version":"6.4.0","name":"flare-PC","hostname":"flare-PC"},"tags":["beats_input_codec_plain_applied"],"type":"wineventlog","record_number":"1122","event_id":11,"task":"File created (rule: FileCreate)","version":2,"user":{"name":"SYSTEM","identifier":"S-1-5-18","domain":"NT-AUTORITÄT","type":"User"},"host":{"name":"flare-PC"},"opcode":"Info"}
{"index":{"_index":"winlogbeat-6.4.0-2018.09.19","_type":"doc","_id":"b1_x8WUBfVn9xHWiSTtt"}}
{"thread_id":1824,"event_data":{"CreationUtcTime":"2018-09-19 13:06:36.626","UtcTime":"2018-09-19 13:06:36.626","Image":"C:\\Program Files\\7-Zip\\7zG.exe","TargetFilename":"C:\\Users\\flare\\Downloads\\SysinternalsSuite\\sigcheck.exe","ProcessId":"3056","ProcessGuid":"{2D3B23BE-49CF-5BA2-0000-001095020A00}"},"@timestamp":"2018-09-19T13:06:36.626Z","log_name":"Microsoft-Windows-Sysmon/Operational","level":"Informationen","computer_name":"flare-PC","source_name":"Microsoft-Windows-Sysmon","process_id":1304,"@version":"1","message":"File created:\nRuleName: \nUtcTime: 2018-09-19 13:06:36.626\nProcessGuid: {2D3B23BE-49CF-5BA2-0000-001095020A00}\nProcessId: 3056\nImage: C:\\Program Files\\7-Zip\\7zG.exe\nTargetFilename: C:\\Users\\flare\\Downloads\\SysinternalsSuite\\sigcheck.exe\nCreationUtcTime: 2018-09-19 13:06:36.626","provider_guid":"{5770385F-C22A-43E0-BF4C-06F5698FFBD9}","beat":{"version":"6.4.0","name":"flare-PC","hostname":"flare-PC"},"tags":["beats_input_codec_plain_applied"],"type":"wineventlog","event_id":11,"record_number":"1142","version":2,"host":{"name":"flare-PC"},"task":"File created (rule: FileCreate)","user":{"name":"SYSTEM","identifier":"S-1-5-18","type":"User","domain":"NT-AUTORITÄT"},"opcode":"Info"}
{"index":{"_index":"winlogbeat-6.4.0-2018.09.19","_type":"doc","_id":"cF_x8WUBfVn9xHWiSTtt"}}
{"thread_id":1824,"event_data":{"CreationUtcTime":"2018-09-19 13:06:36.642","UtcTime":"2018-09-19 13:06:36.642","Image":"C:\\Program Files\\7-Zip\\7zG.exe","TargetFilename":"C:\\Users\\flare\\Downloads\\SysinternalsSuite\\Bginfo.exe","ProcessId":"3056","ProcessGuid":"{2D3B23BE-49CF-5BA2-0000-001095020A00}"},"@timestamp":"2018-09-19T13:06:36.642Z","log_name":"Microsoft-Windows-Sysmon/Operational","level":"Informationen","computer_name":"flare-PC","source_name":"Microsoft-Windows-Sysmon","process_id":1304,"message":"File created:\nRuleName: \nUtcTime: 2018-09-19 13:06:36.642\nProcessGuid: {2D3B23BE-49CF-5BA2-0000-001095020A00}\nProcessId: 3056\nImage: C:\\Program Files\\7-Zip\\7zG.exe\nTargetFilename: C:\\Users\\flare\\Downloads\\SysinternalsSuite\\Bginfo.exe\nCreationUtcTime: 2018-09-19 13:06:36.642","@version":"1","provider_guid":"{5770385F-C22A-43E0-BF4C-06F5698FFBD9}","beat":{"version":"6.4.0","name":"flare-PC","hostname":"flare-PC"},"tags":["beats_input_codec_plain_applied"],"type":"wineventlog","task":"File created (rule: FileCreate)","event_id":11,"host":{"name":"flare-PC"},"user":{"name":"SYSTEM","identifier":"S-1-5-18","domain":"NT-AUTORITÄT","type":"User"},"record_number":"1146","version":2,"opcode":"Info"}
{"index":{"_index":"winlogbeat-6.4.0-2018.09.19","_type":"doc","_id":"dV_x8WUBfVn9xHWiSTtu"}}
{"thread_id":1824,"event_data":{"CreationUtcTime":"2018-09-19 13:06:35.871","UtcTime":"2018-09-19 13:06:35.871","Image":"C:\\Program Files\\7-Zip\\7zG.exe","TargetFilename":"C:\\Users\\flare\\Downloads\\SysinternalsSuite\\Cacheset.exe","ProcessId":"3056","ProcessGuid":"{2D3B23BE-49CF-5BA2-0000-001095020A00}"},"@timestamp":"2018-09-19T13:06:35.871Z","log_name":"Microsoft-Windows-Sysmon/Operational","level":"Informationen","computer_name":"flare-PC","source_name":"Microsoft-Windows-Sysmon","process_id":1304,"provider_guid":"{5770385F-C22A-43E0-BF4C-06F5698FFBD9}","message":"File created:\nRuleName: \nUtcTime: 2018-09-19 13:06:35.871\nProcessGuid: {2D3B23BE-49CF-5BA2-0000-001095020A00}\nProcessId: 3056\nImage: C:\\Program Files\\7-Zip\\7zG.exe\nTargetFilename: C:\\Users\\flare\\Downloads\\SysinternalsSuite\\Cacheset.exe\nCreationUtcTime: 2018-09-19 13:06:35.871","@version":"1","beat":{"version":"6.4.0","name":"flare-PC","hostname":"flare-PC"},"tags":["beats_input_codec_plain_applied"],"type":"wineventlog","task":"File created (rule: FileCreate)","record_number":"1023","host":{"name":"flare-PC"},"user":{"name":"SYSTEM","identifier":"S-1-5-18","domain":"NT-AUTORITÄT","type":"User"},"event_id":11,"version":2,"opcode":"Info"}
{"index":{"_index":"winlogbeat-6.4.0-2018.09.19","_type":"doc","_id":"dl_x8WUBfVn9xHWiSTtu"}}
{"thread_id":1824,"event_data":{"CreationUtcTime":"2018-09-19 13:06:35.999","UtcTime":"2018-09-19 13:06:35.999","Image":"C:\\Program Files\\7-Zip\\7zG.exe","TargetFilename":"C:\\Users\\flare\\Downloads\\SysinternalsSuite\\ctrl2cap.nt4.sys","ProcessId":"3056","ProcessGuid":"{2D3B23BE-49CF-5BA2-0000-001095020A00}"},"@timestamp":"2018-09-19T13:06:35.999Z","log_name":"Microsoft-Windows-Sysmon/Operational","level":"Informationen","computer_name":"flare-PC","source_name":"Microsoft-Windows-Sysmon","process_id":1304,"message":"File created:\nRuleName: \nUtcTime: 2018-09-19 13:06:35.999\nProcessGuid: {2D3B23BE-49CF-5BA2-0000-001095020A00}\nProcessId: 3056\nImage: C:\\Program Files\\7-Zip\\7zG.exe\nTargetFilename: C:\\Users\\flare\\Downloads\\SysinternalsSuite\\ctrl2cap.nt4.sys\nCreationUtcTime: 2018-09-19 13:06:35.999","@version":"1","provider_guid":"{5770385F-C22A-43E0-BF4C-06F5698FFBD9}","beat":{"version":"6.4.0","name":"flare-PC","hostname":"flare-PC"},"tags":["beats_input_codec_plain_applied"],"type":"wineventlog","record_number":"1027","task":"File created (rule: FileCreate)","version":2,"host":{"name":"flare-PC"},"user":{"name":"SYSTEM","identifier":"S-1-5-18","domain":"NT-AUTORITÄT","type":"User"},"event_id":11,"opcode":"Info"}
{"index":{"_index":"winlogbeat-6.4.0-2018.09.19","_type":"doc","_id":"el_x8WUBfVn9xHWiSTtu"}}
{"thread_id":1824,"event_data":{"CreationUtcTime":"2018-09-19 13:06:36.171","UtcTime":"2018-09-19 13:06:36.171","Image":"C:\\Program Files\\7-Zip\\7zG.exe","TargetFilename":"C:\\Users\\flare\\Downloads\\SysinternalsSuite\\portmon.exe","ProcessId":"3056","ProcessGuid":"{2D3B23BE-49CF-5BA2-0000-001095020A00}"},"@timestamp":"2018-09-19T13:06:36.171Z","log_name":"Microsoft-Windows-Sysmon/Operational","level":"Informationen","computer_name":"flare-PC","source_name":"Microsoft-Windows-Sysmon","process_id":1304,"message":"File created:\nRuleName: \nUtcTime: 2018-09-19 13:06:36.171\nProcessGuid: {2D3B23BE-49CF-5BA2-0000-001095020A00}\nProcessId: 3056\nImage: C:\\Program Files\\7-Zip\\7zG.exe\nTargetFilename: C:\\Users\\flare\\Downloads\\SysinternalsSuite\\portmon.exe\nCreationUtcTime: 2018-09-19 13:06:36.171","@version":"1","provider_guid":"{5770385F-C22A-43E0-BF4C-06F5698FFBD9}","beat":{"version":"6.4.0","name":"flare-PC","hostname":"flare-PC"},"tags":["beats_input_codec_plain_applied"],"type":"wineventlog","record_number":"1043","event_id":11,"version":2,"task":"File created (rule: FileCreate)","host":{"name":"flare-PC"},"user":{"name":"SYSTEM","identifier":"S-1-5-18","type":"User","domain":"NT-AUTORITÄT"},"opcode":"Info"}
{"index":{"_index":"winlogbeat-6.4.0-2018.09.19","_type":"doc","_id":"e1_x8WUBfVn9xHWiSTtu"}}
{"thread_id":1824,"event_data":{"CreationUtcTime":"2018-09-19 13:06:36.187","UtcTime":"2018-09-19 13:06:36.187","Image":"C:\\Program Files\\7-Zip\\7zG.exe","TargetFilename":"C:\\Users\\flare\\Downloads\\SysinternalsSuite\\Pstools.chm","ProcessId":"3056","ProcessGuid":"{2D3B23BE-49CF-5BA2-0000-001095020A00}"},"@timestamp":"2018-09-19T13:06:36.187Z","log_name":"Microsoft-Windows-Sysmon/Operational","level":"Informationen","computer_name":"flare-PC","source_name":"Microsoft-Windows-Sysmon","process_id":1304,"@version":"1","provider_guid":"{5770385F-C22A-43E0-BF4C-06F5698FFBD9}","message":"File created:\nRuleName: \nUtcTime: 2018-09-19 13:06:36.187\nProcessGuid: {2D3B23BE-49CF-5BA2-0000-001095020A00}\nProcessId: 3056\nImage: C:\\Program Files\\7-Zip\\7zG.exe\nTargetFilename: C:\\Users\\flare\\Downloads\\SysinternalsSuite\\Pstools.chm\nCreationUtcTime: 2018-09-19 13:06:36.187","beat":{"version":"6.4.0","name":"flare-PC","hostname":"flare-PC"},"tags":["beats_input_codec_plain_applied"],"task":"File created (rule: FileCreate)","record_number":"1047","type":"wineventlog","host":{"name":"flare-PC"},"user":{"name":"SYSTEM","identifier":"S-1-5-18","domain":"NT-AUTORITÄT","type":"User"},"event_id":11,"version":2,"opcode":"Info"}
{"index":{"_index":"winlogbeat-6.4.0-2018.09.19","_type":"doc","_id":"fV_x8WUBfVn9xHWiSTtu"}}
{"thread_id":1824,"event_data":{"CreationUtcTime":"2018-09-19 13:06:36.203","UtcTime":"2018-09-19 13:06:36.203","Image":"C:\\Program Files\\7-Zip\\7zG.exe","TargetFilename":"C:\\Users\\flare\\Downloads\\SysinternalsSuite\\TCPVIEW.HLP","ProcessId":"3056","ProcessGuid":"{2D3B23BE-49CF-5BA2-0000-001095020A00}"},"@timestamp":"2018-09-19T13:06:36.203Z","log_name":"Microsoft-Windows-Sysmon/Operational","level":"Informationen","computer_name":"flare-PC","source_name":"Microsoft-Windows-Sysmon","process_id":1304,"message":"File created:\nRuleName: \nUtcTime: 2018-09-19 13:06:36.203\nProcessGuid: {2D3B23BE-49CF-5BA2-0000-001095020A00}\nProcessId: 3056\nImage: C:\\Program Files\\7-Zip\\7zG.exe\nTargetFilename: C:\\Users\\flare\\Downloads\\SysinternalsSuite\\TCPVIEW.HLP\nCreationUtcTime: 2018-09-19 13:06:36.203","@version":"1","provider_guid":"{5770385F-C22A-43E0-BF4C-06F5698FFBD9}","beat":{"version":"6.4.0","name":"flare-PC","hostname":"flare-PC"},"tags":["beats_input_codec_plain_applied"],"task":"File created (rule: FileCreate)","record_number":"1055","type":"wineventlog","version":2,"user":{"name":"SYSTEM","identifier":"S-1-5-18","type":"User","domain":"NT-AUTORITÄT"},"host":{"name":"flare-PC"},"event_id":11,"opcode":"Info"}
{"index":{"_index":"winlogbeat-6.4.0-2018.09.19","_type":"doc","_id":"gF_x8WUBfVn9xHWiSTtu"}}
{"thread_id":1824,"event_data":{"CreationUtcTime":"2018-09-19 13:06:36.296","UtcTime":"2018-09-19 13:06:36.296","Image":"C:\\Program Files\\7-Zip\\7zG.exe","TargetFilename":"C:\\Users\\flare\\Downloads\\SysinternalsSuite\\Contig64.exe","ProcessId":"3056","ProcessGuid":"{2D3B23BE-49CF-5BA2-0000-001095020A00}"},"@timestamp":"2018-09-19T13:06:36.296Z","log_name":"Microsoft-Windows-Sysmon/Operational","level":"Informationen","computer_name":"flare-PC","source_name":"Microsoft-Windows-Sysmon","process_id":1304,"provider_guid":"{5770385F-C22A-43E0-BF4C-06F5698FFBD9}","message":"File created:\nRuleName: \nUtcTime: 2018-09-19 13:06:36.296\nProcessGuid: {2D3B23BE-49CF-5BA2-0000-001095020A00}\nProcessId: 3056\nImage: C:\\Program Files\\7-Zip\\7zG.exe\nTargetFilename: C:\\Users\\flare\\Downloads\\SysinternalsSuite\\Contig64.exe\nCreationUtcTime: 2018-09-19 13:06:36.296","@version":"1","beat":{"version":"6.4.0","name":"flare-PC","hostname":"flare-PC"},"tags":["beats_input_codec_plain_applied"],"type":"wineventlog","record_number":"1067","event_id":11,"task":"File created (rule: FileCreate)","user":{"name":"SYSTEM","identifier":"S-1-5-18","domain":"NT-AUTORITÄT","type":"User"},"version":2,"host":{"name":"flare-PC"},"opcode":"Info"}
{"index":{"_index":"winlogbeat-6.4.0-2018.09.19","_type":"doc","_id":"g1_x8WUBfVn9xHWiSTtu"}}
{"thread_id":1824,"event_data":{"CreationUtcTime":"2018-09-19 13:06:36.328","UtcTime":"2018-09-19 13:06:36.328","Image":"C:\\Program Files\\7-Zip\\7zG.exe","TargetFilename":"C:\\Users\\flare\\Downloads\\SysinternalsSuite\\LoadOrd64.exe","ProcessId":"3056","ProcessGuid":"{2D3B23BE-49CF-5BA2-0000-001095020A00}"},"@timestamp":"2018-09-19T13:06:36.328Z","log_name":"Microsoft-Windows-Sysmon/Operational","level":"Informationen","computer_name":"flare-PC","source_name":"Microsoft-Windows-Sysmon","process_id":1304,"message":"File created:\nRuleName: \nUtcTime: 2018-09-19 13:06:36.328\nProcessGuid: {2D3B23BE-49CF-5BA2-0000-001095020A00}\nProcessId: 3056\nImage: C:\\Program Files\\7-Zip\\7zG.exe\nTargetFilename: C:\\Users\\flare\\Downloads\\SysinternalsSuite\\LoadOrd64.exe\nCreationUtcTime: 2018-09-19 13:06:36.328","@version":"1","provider_guid":"{5770385F-C22A-43E0-BF4C-06F5698FFBD9}","beat":{"version":"6.4.0","name":"flare-PC","hostname":"flare-PC"},"tags":["beats_input_codec_plain_applied"],"task":"File created (rule: FileCreate)","event_id":11,"type":"wineventlog","version":2,"host":{"name":"flare-PC"},"record_number":"1079","user":{"name":"SYSTEM","identifier":"S-1-5-18","domain":"NT-AUTORITÄT","type":"User"},"opcode":"Info"}
{"index":{"_index":"winlogbeat-6.4.0-2018.09.19","_type":"doc","_id":"hF_x8WUBfVn9xHWiSTtu"}}
{"thread_id":1824,"event_data":{"CreationUtcTime":"2018-09-19 13:06:36.343","UtcTime":"2018-09-19 13:06:36.343","Image":"C:\\Program Files\\7-Zip\\7zG.exe","TargetFilename":"C:\\Users\\flare\\Downloads\\SysinternalsSuite\\logonsessions64.exe","ProcessId":"3056","ProcessGuid":"{2D3B23BE-49CF-5BA2-0000-001095020A00}"},"@timestamp":"2018-09-19T13:06:36.343Z","log_name":"Microsoft-Windows-Sysmon/Operational","level":"Informationen","computer_name":"flare-PC","source_name":"Microsoft-Windows-Sysmon","process_id":1304,"message":"File created:\nRuleName: \nUtcTime: 2018-09-19 13:06:36.343\nProcessGuid: {2D3B23BE-49CF-5BA2-0000-001095020A00}\nProcessId: 3056\nImage: C:\\Program Files\\7-Zip\\7zG.exe\nTargetFilename: C:\\Users\\flare\\Downloads\\SysinternalsSuite\\logonsessions64.exe\nCreationUtcTime: 2018-09-19 13:06:36.343","@version":"1","provider_guid":"{5770385F-C22A-43E0-BF4C-06F5698FFBD9}","beat":{"version":"6.4.0","name":"flare-PC","hostname":"flare-PC"},"tags":["beats_input_codec_plain_applied"],"task":"File created (rule: FileCreate)","type":"wineventlog","record_number":"1083","event_id":11,"user":{"domain":"NT-AUTORITÄT","identifier":"S-1-5-18","type":"User","name":"SYSTEM"},"host":{"name":"flare-PC"},"version":2,"opcode":"Info"}
{"index":{"_index":"winlogbeat-6.4.0-2018.09.19","_type":"doc","_id":"jF_x8WUBfVn9xHWiSTtu"}}
{"thread_id":1824,"event_data":{"CreationUtcTime":"2018-09-19 13:06:36.468","UtcTime":"2018-09-19 13:06:36.468","Image":"C:\\Program Files\\7-Zip\\7zG.exe","TargetFilename":"C:\\Users\\flare\\Downloads\\SysinternalsSuite\\psping64.exe","ProcessId":"3056","ProcessGuid":"{2D3B23BE-49CF-5BA2-0000-001095020A00}"},"@timestamp":"2018-09-19T13:06:36.468Z","log_name":"Microsoft-Windows-Sysmon/Operational","level":"Informationen","computer_name":"flare-PC","source_name":"Microsoft-Windows-Sysmon","process_id":1304,"provider_guid":"{5770385F-C22A-43E0-BF4C-06F5698FFBD9}","message":"File created:\nRuleName: \nUtcTime: 2018-09-19 13:06:36.468\nProcessGuid: {2D3B23BE-49CF-5BA2-0000-001095020A00}\nProcessId: 3056\nImage: C:\\Program Files\\7-Zip\\7zG.exe\nTargetFilename: C:\\Users\\flare\\Downloads\\SysinternalsSuite\\psping64.exe\nCreationUtcTime: 2018-09-19 13:06:36.468","@version":"1","beat":{"version":"6.4.0","name":"flare-PC","hostname":"flare-PC"},"tags":["beats_input_codec_plain_applied"],"type":"wineventlog","record_number":"1115","event_id":11,"host":{"name":"flare-PC"},"user":{"name":"SYSTEM","identifier":"S-1-5-18","type":"User","domain":"NT-AUTORITÄT"},"version":2,"task":"File created (rule: FileCreate)","opcode":"Info"}
{"index":{"_index":"winlogbeat-6.4.0-2018.09.19","_type":"doc","_id":"j1_x8WUBfVn9xHWiSTtu"}}
{"thread_id":1824,"event_data":{"CreationUtcTime":"2018-09-19 13:06:36.515","UtcTime":"2018-09-19 13:06:36.515","Image":"C:\\Program Files\\7-Zip\\7zG.exe","TargetFilename":"C:\\Users\\flare\\Downloads\\SysinternalsSuite\\procexp.exe","ProcessId":"3056","ProcessGuid":"{2D3B23BE-49CF-5BA2-0000-001095020A00}"},"@timestamp":"2018-09-19T13:06:36.515Z","log_name":"Microsoft-Windows-Sysmon/Operational","level":"Informationen","computer_name":"flare-PC","source_name":"Microsoft-Windows-Sysmon","process_id":1304,"message":"File created:\nRuleName: \nUtcTime: 2018-09-19 13:06:36.515\nProcessGuid: {2D3B23BE-49CF-5BA2-0000-001095020A00}\nProcessId: 3056\nImage: C:\\Program Files\\7-Zip\\7zG.exe\nTargetFilename: C:\\Users\\flare\\Downloads\\SysinternalsSuite\\procexp.exe\nCreationUtcTime: 2018-09-19 13:06:36.515","@version":"1","provider_guid":"{5770385F-C22A-43E0-BF4C-06F5698FFBD9}","beat":{"version":"6.4.0","name":"flare-PC","hostname":"flare-PC"},"tags":["beats_input_codec_plain_applied"],"task":"File created (rule: FileCreate)","record_number":"1127","type":"wineventlog","host":{"name":"flare-PC"},"user":{"domain":"NT-AUTORITÄT","identifier":"S-1-5-18","type":"User","name":"SYSTEM"},"version":2,"event_id":11,"opcode":"Info"}
{"index":{"_index":"winlogbeat-6.4.0-2018.09.19","_type":"doc","_id":"kF_x8WUBfVn9xHWiSTtu"}}
{"thread_id":1824,"event_data":{"CreationUtcTime":"2018-09-19 13:06:36.564","UtcTime":"2018-09-19 13:06:36.564","Image":"C:\\Program Files\\7-Zip\\7zG.exe","TargetFilename":"C:\\Users\\flare\\Downloads\\SysinternalsSuite\\procdump64.exe","ProcessId":"3056","ProcessGuid":"{2D3B23BE-49CF-5BA2-0000-001095020A00}"},"@timestamp":"2018-09-19T13:06:36.580Z","log_name":"Microsoft-Windows-Sysmon/Operational","level":"Informationen","computer_name":"flare-PC","source_name":"Microsoft-Windows-Sysmon","process_id":1304,"message":"File created:\nRuleName: \nUtcTime: 2018-09-19 13:06:36.564\nProcessGuid: {2D3B23BE-49CF-5BA2-0000-001095020A00}\nProcessId: 3056\nImage: C:\\Program Files\\7-Zip\\7zG.exe\nTargetFilename: C:\\Users\\flare\\Downloads\\SysinternalsSuite\\procdump64.exe\nCreationUtcTime: 2018-09-19 13:06:36.564","@version":"1","provider_guid":"{5770385F-C22A-43E0-BF4C-06F5698FFBD9}","beat":{"version":"6.4.0","name":"flare-PC","hostname":"flare-PC"},"tags":["beats_input_codec_plain_applied"],"type":"wineventlog","event_id":11,"record_number":"1131","version":2,"user":{"domain":"NT-AUTORITÄT","identifier":"S-1-5-18","type":"User","name":"SYSTEM"},"task":"File created (rule: FileCreate)","host":{"name":"flare-PC"},"opcode":"Info"}
{"index":{"_index":"winlogbeat-6.4.0-2018.09.19","_type":"doc","_id":"kl_x8WUBfVn9xHWiSTtu"}}
{"thread_id":1824,"event_data":{"CreationUtcTime":"2018-09-19 13:06:36.611","UtcTime":"2018-09-19 13:06:36.611","Image":"C:\\Program Files\\7-Zip\\7zG.exe","TargetFilename":"C:\\Users\\flare\\Downloads\\SysinternalsSuite\\whois64.exe","ProcessId":"3056","ProcessGuid":"{2D3B23BE-49CF-5BA2-0000-001095020A00}"},"@timestamp":"2018-09-19T13:06:36.611Z","log_name":"Microsoft-Windows-Sysmon/Operational","level":"Informationen","computer_name":"flare-PC","source_name":"Microsoft-Windows-Sysmon","process_id":1304,"message":"File created:\nRuleName: \nUtcTime: 2018-09-19 13:06:36.611\nProcessGuid: {2D3B23BE-49CF-5BA2-0000-001095020A00}\nProcessId: 3056\nImage: C:\\Program Files\\7-Zip\\7zG.exe\nTargetFilename: C:\\Users\\flare\\Downloads\\SysinternalsSuite\\whois64.exe\nCreationUtcTime: 2018-09-19 13:06:36.611","@version":"1","provider_guid":"{5770385F-C22A-43E0-BF4C-06F5698FFBD9}","beat":{"version":"6.4.0","name":"flare-PC","hostname":"flare-PC"},"tags":["beats_input_codec_plain_applied"],"task":"File created (rule: FileCreate)","type":"wineventlog","event_id":11,"host":{"name":"flare-PC"},"user":{"domain":"NT-AUTORITÄT","identifier":"S-1-5-18","type":"User","name":"SYSTEM"},"record_number":"1139","version":2,"opcode":"Info"}
{"index":{"_index":"winlogbeat-6.4.0-2018.09.19","_type":"doc","_id":"k1_x8WUBfVn9xHWiSTtu"}}
{"thread_id":1824,"event_data":{"CreationUtcTime":"2018-09-19 13:06:36.626","UtcTime":"2018-09-19 13:06:36.626","Image":"C:\\Program Files\\7-Zip\\7zG.exe","TargetFilename":"C:\\Users\\flare\\Downloads\\SysinternalsSuite\\sigcheck64.exe","ProcessId":"3056","ProcessGuid":"{2D3B23BE-49CF-5BA2-0000-001095020A00}"},"@timestamp":"2018-09-19T13:06:36.626Z","log_name":"Microsoft-Windows-Sysmon/Operational","level":"Informationen","computer_name":"flare-PC","source_name":"Microsoft-Windows-Sysmon","process_id":1304,"@version":"1","provider_guid":"{5770385F-C22A-43E0-BF4C-06F5698FFBD9}","message":"File created:\nRuleName: \nUtcTime: 2018-09-19 13:06:36.626\nProcessGuid: {2D3B23BE-49CF-5BA2-0000-001095020A00}\nProcessId: 3056\nImage: C:\\Program Files\\7-Zip\\7zG.exe\nTargetFilename: C:\\Users\\flare\\Downloads\\SysinternalsSuite\\sigcheck64.exe\nCreationUtcTime: 2018-09-19 13:06:36.626","beat":{"version":"6.4.0","name":"flare-PC","hostname":"flare-PC"},"tags":["beats_input_codec_plain_applied"],"type":"wineventlog","event_id":11,"record_number":"1143","version":2,"host":{"name":"flare-PC"},"user":{"name":"SYSTEM","identifier":"S-1-5-18","domain":"NT-AUTORITÄT","type":"User"},"task":"File created (rule: FileCreate)","opcode":"Info"}
{"index":{"_index":"winlogbeat-6.4.0-2018.09.19","_type":"doc","_id":"lF_x8WUBfVn9xHWiSTtu"}}
{"thread_id":1824,"event_data":{"CreationUtcTime":"2018-09-19 13:06:36.673","UtcTime":"2018-09-19 13:06:36.689","Image":"C:\\Program Files\\7-Zip\\7zG.exe","TargetFilename":"C:\\Users\\flare\\Downloads\\SysinternalsSuite\\Bginfo64.exe","ProcessId":"3056","ProcessGuid":"{2D3B23BE-49CF-5BA2-0000-001095020A00}"},"@timestamp":"2018-09-19T13:06:36.689Z","log_name":"Microsoft-Windows-Sysmon/Operational","level":"Informationen","computer_name":"flare-PC","source_name":"Microsoft-Windows-Sysmon","process_id":1304,"@version":"1","provider_guid":"{5770385F-C22A-43E0-BF4C-06F5698FFBD9}","message":"File created:\nRuleName: \nUtcTime: 2018-09-19 13:06:36.689\nProcessGuid: {2D3B23BE-49CF-5BA2-0000-001095020A00}\nProcessId: 3056\nImage: C:\\Program Files\\7-Zip\\7zG.exe\nTargetFilename: C:\\Users\\flare\\Downloads\\SysinternalsSuite\\Bginfo64.exe\nCreationUtcTime: 2018-09-19 13:06:36.673","beat":{"version":"6.4.0","name":"flare-PC","hostname":"flare-PC"},"tags":["beats_input_codec_plain_applied"],"type":"wineventlog","record_number":"1147","event_id":11,"version":2,"host":{"name":"flare-PC"},"user":{"name":"SYSTEM","identifier":"S-1-5-18","domain":"NT-AUTORITÄT","type":"User"},"task":"File created (rule: FileCreate)","opcode":"Info"}
