{"index":{"_index":"winlogbeat-6.4.0-2018.09.19","_type":"doc","_id":"Ll_58WUBfVn9xHWitT2H"}}
{"thread_id":1824,"event_data":{"ParentProcessGuid":"{2D3B23BE-4BED-5BA2-0000-0010600B1F00}","Product":"Betriebssystem Microsoft® Windows®","User":"flare-PC\\flare","Hashes":"MD5=A03CF3838775E0801A0894C8BACD2E56,SHA256=132AA270790F56A7524CAB968927ED5E1D91B9A26D4BADCB24E450E7DECC5F81","Description":"WMI-Befehlszeilendienstprogramm","Image":"C:\\Windows\\SysWOW64\\wbem\\WMIC.exe","LogonId":"0xe320","ParentImage":"C:\\Program Files (x86)\\Python27\\python.exe","FileVersion":"6.1.7600.16385 (win7_rtm.090713-1255)","ParentCommandLine":"\"C:\\Program Files (x86)\\Python27\\python.exe\"  C:\\Users\\flare\\Downloads\\RTA-master\\red_ttp\\wmi_tool_execution.py","TerminalSessionId":"1","CommandLine":"wmic.exe process call create odbcconf.exe","CurrentDirectory":"C:\\Users\\flare\\Downloads\\RTA-master\\","ProcessId":"632","Company":"Microsoft Corporation","IntegrityLevel":"Medium","UtcTime":"2018-09-19 13:15:26.541","LogonGuid":"{2D3B23BE-45CC-5BA2-0000-002020E30000}","ParentProcessId":"3604","ProcessGuid":"{2D3B23BE-4BEE-5BA2-0000-0010F9451F00}"},"@timestamp":"2018-09-19T13:15:26.541Z","log_name":"Microsoft-Windows-Sysmon/Operational","level":"Informationen","computer_name":"flare-PC","source_name":"Microsoft-Windows-Sysmon","process_id":1304,"message":"Process Create:\nRuleName: \nUtcTime: 2018-09-19 13:15:26.541\nProcessGuid: {2D3B23BE-4BEE-5BA2-0000-0010F9451F00}\nProcessId: 632\nImage: C:\\Windows\\SysWOW64\\wbem\\WMIC.exe\nFileVersion: 6.1.7600.16385 (win7_rtm.090713-1255)\nDescription: WMI-Befehlszeilendienstprogramm\nProduct: Betriebssystem Microsoft® Windows®\nCompany: Microsoft Corporation\nCommandLine: wmic.exe process call create odbcconf.exe\nCurrentDirectory: C:\\Users\\flare\\Downloads\\RTA-master\\\nUser: flare-PC\\flare\nLogonGuid: {2D3B23BE-45CC-5BA2-0000-002020E30000}\nLogonId: 0xe320\nTerminalSessionId: 1\nIntegrityLevel: Medium\nHashes: MD5=A03CF3838775E0801A0894C8BACD2E56,SHA256=132AA270790F56A7524CAB968927ED5E1D91B9A26D4BADCB24E450E7DECC5F81\nParentProcessGuid: {2D3B23BE-4BED-5BA2-0000-0010600B1F00}\nParentProcessId: 3604\nParentImage: C:\\Program Files (x86)\\Python27\\python.exe\nParentCommandLine: \"C:\\Program Files (x86)\\Python27\\python.exe\"  C:\\Users\\flare\\Downloads\\RTA-master\\red_ttp\\wmi_tool_execution.py","@version":"1","provider_guid":"{5770385F-C22A-43E0-BF4C-06F5698FFBD9}","beat":{"version":"6.4.0","name":"flare-PC","hostname":"flare-PC"},"tags":["beats_input_codec_plain_applied"],"task":"Process Create (rule: ProcessCreate)","event_id":1,"record_number":"1538","host":{"name":"flare-PC"},"type":"wineventlog","version":5,"user":{"name":"SYSTEM","domain":"NT-AUTORITÄT","type":"User","identifier":"S-1-5-18"},"opcode":"Info"}
{"index":{"_index":"winlogbeat-6.4.0-2018.09.19","_type":"doc","_id":"L1_58WUBfVn9xHWitT2H"}}
{"thread_id":1824,"event_data":{"LogonId":"0xe320","Product":"Betriebssystem Microsoft® Windows®","UtcTime":"2018-09-19 13:15:26.698","Hashes":"MD5=94BDCAFBD584C979B385ADEE14B08AB4,SHA256=CB1822A981E9821D571AF16B7E37BEBA5FEB8E3DEDCDD0461119AF9AAC0358B3","Description":"Beendet Prozesse","Image":"C:\\Windows\\SysWOW64\\taskkill.exe","ParentProcessGuid":"{2D3B23BE-4BED-5BA2-0000-0010600B1F00}","FileVersion":"6.1.7600.16385 (win7_rtm.090713-1255)","ParentCommandLine":"\"C:\\Program Files (x86)\\Python27\\python.exe\"  C:\\Users\\flare\\Downloads\\RTA-master\\red_ttp\\wmi_tool_execution.py","User":"flare-PC\\flare","Company":"Microsoft Corporation","TerminalSessionId":"1","CurrentDirectory":"C:\\Users\\flare\\Downloads\\RTA-master\\","ProcessId":"3860","LogonGuid":"{2D3B23BE-45CC-5BA2-0000-002020E30000}","ParentProcessId":"3604","CommandLine":"taskkill.exe /f /im odbcconf.exe","IntegrityLevel":"Medium","ParentImage":"C:\\Program Files (x86)\\Python27\\python.exe","ProcessGuid":"{2D3B23BE-4BEE-5BA2-0000-001023561F00}"},"@timestamp":"2018-09-19T13:15:26.698Z","log_name":"Microsoft-Windows-Sysmon/Operational","level":"Informationen","computer_name":"flare-PC","source_name":"Microsoft-Windows-Sysmon","process_id":1304,"message":"Process Create:\nRuleName: \nUtcTime: 2018-09-19 13:15:26.698\nProcessGuid: {2D3B23BE-4BEE-5BA2-0000-001023561F00}\nProcessId: 3860\nImage: C:\\Windows\\SysWOW64\\taskkill.exe\nFileVersion: 6.1.7600.16385 (win7_rtm.090713-1255)\nDescription: Beendet Prozesse\nProduct: Betriebssystem Microsoft® Windows®\nCompany: Microsoft Corporation\nCommandLine: taskkill.exe /f /im odbcconf.exe\nCurrentDirectory: C:\\Users\\flare\\Downloads\\RTA-master\\\nUser: flare-PC\\flare\nLogonGuid: {2D3B23BE-45CC-5BA2-0000-002020E30000}\nLogonId: 0xe320\nTerminalSessionId: 1\nIntegrityLevel: Medium\nHashes: MD5=94BDCAFBD584C979B385ADEE14B08AB4,SHA256=CB1822A981E9821D571AF16B7E37BEBA5FEB8E3DEDCDD0461119AF9AAC0358B3\nParentProcessGuid: {2D3B23BE-4BED-5BA2-0000-0010600B1F00}\nParentProcessId: 3604\nParentImage: C:\\Program Files (x86)\\Python27\\python.exe\nParentCommandLine: \"C:\\Program Files (x86)\\Python27\\python.exe\"  C:\\Users\\flare\\Downloads\\RTA-master\\red_ttp\\wmi_tool_execution.py","@version":"1","provider_guid":"{5770385F-C22A-43E0-BF4C-06F5698FFBD9}","beat":{"version":"6.4.0","name":"flare-PC","hostname":"flare-PC"},"tags":["beats_input_codec_plain_applied"],"task":"Process Create (rule: ProcessCreate)","event_id":1,"type":"wineventlog","host":{"name":"flare-PC"},"user":{"name":"SYSTEM","identifier":"S-1-5-18","domain":"NT-AUTORITÄT","type":"User"},"version":5,"record_number":"1542","opcode":"Info"}
{"index":{"_index":"winlogbeat-6.4.0-2018.09.19","_type":"doc","_id":"K1_58WUBfVn9xHWitT2H"}}
{"thread_id":1824,"event_data":{"LogonId":"0xe320","Product":"Microsoft® Windows®-Betriebssystem","UtcTime":"2018-09-19 13:15:26.603","Image":"C:\\Windows\\System32\\odbcconf.exe","Hashes":"MD5=EC68E25F9A66A7DFEF55890385974961,SHA256=6557CA3FDD3BED5AB62113856F75AFC20998C620A06078DDF3C4D67BD4A90805","User":"flare-PC\\flare","ParentProcessGuid":"{2D3B23BE-4A77-5BA2-0000-001076DF0D00}","ParentImage":"C:\\Windows\\System32\\wbem\\WmiPrvSE.exe","ParentCommandLine":"C:\\Windows\\system32\\wbem\\wmiprvse.exe -secured -Embedding","FileVersion":"6.1.7600.16385 (win7_rtm.090713-1255)","Company":"Microsoft Corporation","TerminalSessionId":"1","LogonGuid":"{2D3B23BE-45CC-5BA2-0000-002020E30000}","ProcessId":"3260","ParentProcessId":"1764","IntegrityLevel":"Medium","CommandLine":"odbcconf.exe","Description":"ODBC-Treiberkonfigurationsprogramm","CurrentDirectory":"C:\\Windows\\system32\\","ProcessGuid":"{2D3B23BE-4BEE-5BA2-0000-0010CE4D1F00}"},"@timestamp":"2018-09-19T13:15:26.603Z","log_name":"Microsoft-Windows-Sysmon/Operational","level":"Informationen","computer_name":"flare-PC","source_name":"Microsoft-Windows-Sysmon","process_id":1304,"@version":"1","provider_guid":"{5770385F-C22A-43E0-BF4C-06F5698FFBD9}","message":"Process Create:\nRuleName: \nUtcTime: 2018-09-19 13:15:26.603\nProcessGuid: {2D3B23BE-4BEE-5BA2-0000-0010CE4D1F00}\nProcessId: 3260\nImage: C:\\Windows\\System32\\odbcconf.exe\nFileVersion: 6.1.7600.16385 (win7_rtm.090713-1255)\nDescription: ODBC-Treiberkonfigurationsprogramm\nProduct: Microsoft® Windows®-Betriebssystem\nCompany: Microsoft Corporation\nCommandLine: odbcconf.exe\nCurrentDirectory: C:\\Windows\\system32\\\nUser: flare-PC\\flare\nLogonGuid: {2D3B23BE-45CC-5BA2-0000-002020E30000}\nLogonId: 0xe320\nTerminalSessionId: 1\nIntegrityLevel: Medium\nHashes: MD5=EC68E25F9A66A7DFEF55890385974961,SHA256=6557CA3FDD3BED5AB62113856F75AFC20998C620A06078DDF3C4D67BD4A90805\nParentProcessGuid: {2D3B23BE-4A77-5BA2-0000-001076DF0D00}\nParentProcessId: 1764\nParentImage: C:\\Windows\\System32\\wbem\\WmiPrvSE.exe\nParentCommandLine: C:\\Windows\\system32\\wbem\\wmiprvse.exe -secured -Embedding","beat":{"version":"6.4.0","name":"flare-PC","hostname":"flare-PC"},"tags":["beats_input_codec_plain_applied"],"type":"wineventlog","event_id":1,"record_number":"1539","host":{"name":"flare-PC"},"user":{"name":"SYSTEM","domain":"NT-AUTORITÄT","type":"User","identifier":"S-1-5-18"},"version":5,"task":"Process Create (rule: ProcessCreate)","opcode":"Info"}

