{"index":{"_index":"winlogbeat-6.4.0-2018.09.19","_type":"doc","_id":"AV_18WUBfVn9xHWiADx7"}}
{"thread_id":1824,"event_data":{"ParentProcessGuid":"{2D3B23BE-4AC5-5BA2-0000-001072C41200}","User":"flare-PC\\flare","Product":"?","Hashes":"MD5=6E8B813C218546F9DF6F17F4B97B06EE,SHA256=C7817E6DA74A7AE196EB2D35CE21319ABE3A62CD23AB4DB39FA5138DF7CA1D44","Description":"?","UtcTime":"2018-09-19 13:10:29.299","Image":"C:\\Program Files (x86)\\Python27\\python.exe","FileVersion":"?","ParentCommandLine":"C:\\Windows\\system32\\cmd.exe /c \"\"C:\\Program Files (x86)\\Python27\\python.exe\" C:\\Users\\flare\\Downloads\\RTA-master\\red_ttp\\lateral_commands.py\"","ParentImage":"C:\\Windows\\SysWOW64\\cmd.exe","TerminalSessionId":"1","Company":"?","ParentProcessId":"172","ProcessId":"1148","CommandLine":"\"C:\\Program Files (x86)\\Python27\\python.exe\"  C:\\Users\\flare\\Downloads\\RTA-master\\red_ttp\\lateral_commands.py","CurrentDirectory":"C:\\Users\\flare\\Downloads\\RTA-master\\","LogonGuid":"{2D3B23BE-45CC-5BA2-0000-002020E30000}","IntegrityLevel":"Medium","LogonId":"0xe320","ProcessGuid":"{2D3B23BE-4AC5-5BA2-0000-0010A6C51200}"},"@timestamp":"2018-09-19T13:10:29.299Z","log_name":"Microsoft-Windows-Sysmon/Operational","level":"Informationen","computer_name":"flare-PC","source_name":"Microsoft-Windows-Sysmon","process_id":1304,"message":"Process Create:\nRuleName: \nUtcTime: 2018-09-19 13:10:29.299\nProcessGuid: {2D3B23BE-4AC5-5BA2-0000-0010A6C51200}\nProcessId: 1148\nImage: C:\\Program Files (x86)\\Python27\\python.exe\nFileVersion: ?\nDescription: ?\nProduct: ?\nCompany: ?\nCommandLine: \"C:\\Program Files (x86)\\Python27\\python.exe\"  C:\\Users\\flare\\Downloads\\RTA-master\\red_ttp\\lateral_commands.py\nCurrentDirectory: C:\\Users\\flare\\Downloads\\RTA-master\\\nUser: flare-PC\\flare\nLogonGuid: {2D3B23BE-45CC-5BA2-0000-002020E30000}\nLogonId: 0xe320\nTerminalSessionId: 1\nIntegrityLevel: Medium\nHashes: MD5=6E8B813C218546F9DF6F17F4B97B06EE,SHA256=C7817E6DA74A7AE196EB2D35CE21319ABE3A62CD23AB4DB39FA5138DF7CA1D44\nParentProcessGuid: {2D3B23BE-4AC5-5BA2-0000-001072C41200}\nParentProcessId: 172\nParentImage: C:\\Windows\\SysWOW64\\cmd.exe\nParentCommandLine: C:\\Windows\\system32\\cmd.exe /c \"\"C:\\Program Files (x86)\\Python27\\python.exe\" C:\\Users\\flare\\Downloads\\RTA-master\\red_ttp\\lateral_commands.py\"","@version":"1","provider_guid":"{5770385F-C22A-43E0-BF4C-06F5698FFBD9}","beat":{"version":"6.4.0","name":"flare-PC","hostname":"flare-PC"},"tags":["beats_input_codec_plain_applied"],"task":"Process Create (rule: ProcessCreate)","event_id":1,"record_number":"1261","host":{"name":"flare-PC"},"type":"wineventlog","version":5,"user":{"name":"SYSTEM","domain":"NT-AUTORITÄT","type":"User","identifier":"S-1-5-18"},"opcode":"Info"}
{"index":{"_index":"winlogbeat-6.4.0-2018.09.19","_type":"doc","_id":"BF_18WUBfVn9xHWiADx7"}}
{"thread_id":1824,"event_data":{"ParentProcessGuid":"{2D3B23BE-4A77-5BA2-0000-001076DF0D00}","Product":"Betriebssystem Microsoft® Windows®","UtcTime":"2018-09-19 13:10:30.115","Hashes":"MD5=CF45949CDBB39C953331CDCB9CEC20F8,SHA256=34DF739526C114BB89470B3B650946CBF7335CB4A2206489534FB05C1FC143A8","User":"flare-PC\\flare","LogonId":"0xe320","Description":"IP-Konfigurationsprogramm","ParentImage":"C:\\Windows\\System32\\wbem\\WmiPrvSE.exe","ParentCommandLine":"C:\\Windows\\system32\\wbem\\wmiprvse.exe -secured -Embedding","FileVersion":"6.1.7600.16385 (win7_rtm.090713-1255)","Company":"Microsoft Corporation","LogonGuid":"{2D3B23BE-45CC-5BA2-0000-002020E30000}","ParentProcessId":"1764","ProcessId":"3868","CurrentDirectory":"C:\\Windows\\system32\\","IntegrityLevel":"Medium","CommandLine":"ipconfig.exe","Image":"C:\\Windows\\System32\\ipconfig.exe","TerminalSessionId":"1","ProcessGuid":"{2D3B23BE-4AC6-5BA2-0000-001048011300}"},"@timestamp":"2018-09-19T13:10:30.146Z","log_name":"Microsoft-Windows-Sysmon/Operational","level":"Informationen","computer_name":"flare-PC","source_name":"Microsoft-Windows-Sysmon","process_id":1304,"provider_guid":"{5770385F-C22A-43E0-BF4C-06F5698FFBD9}","message":"Process Create:\nRuleName: \nUtcTime: 2018-09-19 13:10:30.115\nProcessGuid: {2D3B23BE-4AC6-5BA2-0000-001048011300}\nProcessId: 3868\nImage: C:\\Windows\\System32\\ipconfig.exe\nFileVersion: 6.1.7600.16385 (win7_rtm.090713-1255)\nDescription: IP-Konfigurationsprogramm\nProduct: Betriebssystem Microsoft® Windows®\nCompany: Microsoft Corporation\nCommandLine: ipconfig.exe\nCurrentDirectory: C:\\Windows\\system32\\\nUser: flare-PC\\flare\nLogonGuid: {2D3B23BE-45CC-5BA2-0000-002020E30000}\nLogonId: 0xe320\nTerminalSessionId: 1\nIntegrityLevel: Medium\nHashes: MD5=CF45949CDBB39C953331CDCB9CEC20F8,SHA256=34DF739526C114BB89470B3B650946CBF7335CB4A2206489534FB05C1FC143A8\nParentProcessGuid: {2D3B23BE-4A77-5BA2-0000-001076DF0D00}\nParentProcessId: 1764\nParentImage: C:\\Windows\\System32\\wbem\\WmiPrvSE.exe\nParentCommandLine: C:\\Windows\\system32\\wbem\\wmiprvse.exe -secured -Embedding","@version":"1","beat":{"version":"6.4.0","name":"flare-PC","hostname":"flare-PC"},"tags":["beats_input_codec_plain_applied"],"task":"Process Create (rule: ProcessCreate)","type":"wineventlog","event_id":1,"host":{"name":"flare-PC"},"version":5,"user":{"name":"SYSTEM","identifier":"S-1-5-18","domain":"NT-AUTORITÄT","type":"User"},"record_number":"1269","opcode":"Info"}
{"index":{"_index":"winlogbeat-6.4.0-2018.09.19","_type":"doc","_id":"C1_18WUBfVn9xHWiADx7"}}
{"thread_id":1824,"event_data":{"ParentProcessGuid":"{2D3B23BE-4AC5-5BA2-0000-0010A6C51200}","User":"flare-PC\\flare","UtcTime":"2018-09-19 13:10:30.511","Hashes":"MD5=2003E9B15E1C502B146DAD2E383AC1E3,SHA256=15018D0093BEFABBA8B927743191030D1F8C17BB97FDB48C2FC3EAB20E2D4B3D","Description":"Verwaltung geplanter Aufgaben","Product":"Betriebssystem Microsoft® Windows®","Image":"C:\\Windows\\SysWOW64\\schtasks.exe","ParentImage":"C:\\Program Files (x86)\\Python27\\python.exe","ParentCommandLine":"\"C:\\Program Files (x86)\\Python27\\python.exe\"  C:\\Users\\flare\\Downloads\\RTA-master\\red_ttp\\lateral_commands.py","FileVersion":"6.1.7600.16385 (win7_rtm.090713-1255)","LogonGuid":"{2D3B23BE-45CC-5BA2-0000-002020E30000}","CommandLine":"schtasks /s 172.16.100.10 /run /tn test_task-1148","CurrentDirectory":"C:\\Users\\flare\\Downloads\\RTA-master\\","ProcessId":"1160","TerminalSessionId":"1","ParentProcessId":"1148","Company":"Microsoft Corporation","IntegrityLevel":"Medium","LogonId":"0xe320","ProcessGuid":"{2D3B23BE-4AC6-5BA2-0000-0010DC261300}"},"@timestamp":"2018-09-19T13:10:30.511Z","log_name":"Microsoft-Windows-Sysmon/Operational","level":"Informationen","computer_name":"flare-PC","source_name":"Microsoft-Windows-Sysmon","process_id":1304,"message":"Process Create:\nRuleName: \nUtcTime: 2018-09-19 13:10:30.511\nProcessGuid: {2D3B23BE-4AC6-5BA2-0000-0010DC261300}\nProcessId: 1160\nImage: C:\\Windows\\SysWOW64\\schtasks.exe\nFileVersion: 6.1.7600.16385 (win7_rtm.090713-1255)\nDescription: Verwaltung geplanter Aufgaben\nProduct: Betriebssystem Microsoft® Windows®\nCompany: Microsoft Corporation\nCommandLine: schtasks /s 172.16.100.10 /run /tn test_task-1148\nCurrentDirectory: C:\\Users\\flare\\Downloads\\RTA-master\\\nUser: flare-PC\\flare\nLogonGuid: {2D3B23BE-45CC-5BA2-0000-002020E30000}\nLogonId: 0xe320\nTerminalSessionId: 1\nIntegrityLevel: Medium\nHashes: MD5=2003E9B15E1C502B146DAD2E383AC1E3,SHA256=15018D0093BEFABBA8B927743191030D1F8C17BB97FDB48C2FC3EAB20E2D4B3D\nParentProcessGuid: {2D3B23BE-4AC5-5BA2-0000-0010A6C51200}\nParentProcessId: 1148\nParentImage: C:\\Program Files (x86)\\Python27\\python.exe\nParentCommandLine: \"C:\\Program Files (x86)\\Python27\\python.exe\"  C:\\Users\\flare\\Downloads\\RTA-master\\red_ttp\\lateral_commands.py","@version":"1","provider_guid":"{5770385F-C22A-43E0-BF4C-06F5698FFBD9}","beat":{"version":"6.4.0","name":"flare-PC","hostname":"flare-PC"},"tags":["beats_input_codec_plain_applied"],"type":"wineventlog","task":"Process Create (rule: ProcessCreate)","record_number":"1281","version":5,"host":{"name":"flare-PC"},"event_id":1,"user":{"name":"SYSTEM","domain":"NT-AUTORITÄT","type":"User","identifier":"S-1-5-18"},"opcode":"Info"}
{"index":{"_index":"winlogbeat-6.4.0-2018.09.19","_type":"doc","_id":"DV_18WUBfVn9xHWiADx-"}}
{"thread_id":1824,"event_data":{"ParentProcessGuid":"{2D3B23BE-4AC5-5BA2-0000-0010A6C51200}","Product":"Betriebssystem Microsoft® Windows®","UtcTime":"2018-09-19 13:10:29.896","Image":"C:\\Windows\\SysWOW64\\sc.exe","Hashes":"MD5=D2F7A0ADC2EE0F65AB1F19D2E00C16B8,SHA256=1C2EC0BB83D2AD3F53B0706C46A2604F81F2FC2AFDCF43BE5914CC8F509DD48C","Description":"Ein Programm, das die Entwicklung von Diensten in WindowsNT unterstützt","User":"flare-PC\\flare","ParentImage":"C:\\Program Files (x86)\\Python27\\python.exe","ParentCommandLine":"\"C:\\Program Files (x86)\\Python27\\python.exe\"  C:\\Users\\flare\\Downloads\\RTA-master\\red_ttp\\lateral_commands.py","FileVersion":"6.1.7600.16385 (win7_rtm.090713-1255)","LogonGuid":"{2D3B23BE-45CC-5BA2-0000-002020E30000}","TerminalSessionId":"1","CurrentDirectory":"C:\\Users\\flare\\Downloads\\RTA-master\\","CommandLine":"sc.exe \\\\172.16.100.10 delete test_service","Company":"Microsoft Corporation","ParentProcessId":"1148","IntegrityLevel":"Medium","LogonId":"0xe320","ProcessId":"1020","ProcessGuid":"{2D3B23BE-4AC5-5BA2-0000-001095F81200}"},"@timestamp":"2018-09-19T13:10:29.912Z","log_name":"Microsoft-Windows-Sysmon/Operational","level":"Informationen","computer_name":"flare-PC","source_name":"Microsoft-Windows-Sysmon","process_id":1304,"message":"Process Create:\nRuleName: \nUtcTime: 2018-09-19 13:10:29.896\nProcessGuid: {2D3B23BE-4AC5-5BA2-0000-001095F81200}\nProcessId: 1020\nImage: C:\\Windows\\SysWOW64\\sc.exe\nFileVersion: 6.1.7600.16385 (win7_rtm.090713-1255)\nDescription: Ein Programm, das die Entwicklung von Diensten in WindowsNT unterstützt\nProduct: Betriebssystem Microsoft® Windows®\nCompany: Microsoft Corporation\nCommandLine: sc.exe \\\\172.16.100.10 delete test_service\nCurrentDirectory: C:\\Users\\flare\\Downloads\\RTA-master\\\nUser: flare-PC\\flare\nLogonGuid: {2D3B23BE-45CC-5BA2-0000-002020E30000}\nLogonId: 0xe320\nTerminalSessionId: 1\nIntegrityLevel: Medium\nHashes: MD5=D2F7A0ADC2EE0F65AB1F19D2E00C16B8,SHA256=1C2EC0BB83D2AD3F53B0706C46A2604F81F2FC2AFDCF43BE5914CC8F509DD48C\nParentProcessGuid: {2D3B23BE-4AC5-5BA2-0000-0010A6C51200}\nParentProcessId: 1148\nParentImage: C:\\Program Files (x86)\\Python27\\python.exe\nParentCommandLine: \"C:\\Program Files (x86)\\Python27\\python.exe\"  C:\\Users\\flare\\Downloads\\RTA-master\\red_ttp\\lateral_commands.py","@version":"1","provider_guid":"{5770385F-C22A-43E0-BF4C-06F5698FFBD9}","beat":{"version":"6.4.0","name":"flare-PC","hostname":"flare-PC"},"tags":["beats_input_codec_plain_applied"],"type":"wineventlog","event_id":1,"record_number":"1267","host":{"name":"flare-PC"},"version":5,"task":"Process Create (rule: ProcessCreate)","user":{"name":"SYSTEM","identifier":"S-1-5-18","type":"User","domain":"NT-AUTORITÄT"},"opcode":"Info"}
{"index":{"_index":"winlogbeat-6.4.0-2018.09.19","_type":"doc","_id":"Dl_18WUBfVn9xHWiADx-"}}
{"thread_id":1824,"event_data":{"ParentProcessGuid":"{2D3B23BE-4AC5-5BA2-0000-0010A6C51200}","LogonId":"0xe320","UtcTime":"2018-09-19 13:10:30.240","Image":"C:\\Windows\\SysWOW64\\net.exe","Description":"Net Command","Hashes":"MD5=B9A4DAC2192FD78CDA097BFA79F6E7B2,SHA256=D468E6B1B79555AC8BCE0300942FD479689EB8F159F3A399848D3BF9B9990A56","Product":"Microsoft® Windows® Operating System","ParentImage":"C:\\Program Files (x86)\\Python27\\python.exe","ParentCommandLine":"\"C:\\Program Files (x86)\\Python27\\python.exe\"  C:\\Users\\flare\\Downloads\\RTA-master\\red_ttp\\lateral_commands.py","FileVersion":"6.1.7600.16385 (win7_rtm.090713-1255)","Company":"Microsoft Corporation","CommandLine":"net.exe time \\\\172.16.100.10","CurrentDirectory":"C:\\Users\\flare\\Downloads\\RTA-master\\","ProcessId":"3860","ParentProcessId":"1148","IntegrityLevel":"Medium","User":"flare-PC\\flare","LogonGuid":"{2D3B23BE-45CC-5BA2-0000-002020E30000}","TerminalSessionId":"1","ProcessGuid":"{2D3B23BE-4AC6-5BA2-0000-0010B60B1300}"},"@timestamp":"2018-09-19T13:10:30.240Z","log_name":"Microsoft-Windows-Sysmon/Operational","level":"Informationen","computer_name":"flare-PC","source_name":"Microsoft-Windows-Sysmon","process_id":1304,"message":"Process Create:\nRuleName: \nUtcTime: 2018-09-19 13:10:30.240\nProcessGuid: {2D3B23BE-4AC6-5BA2-0000-0010B60B1300}\nProcessId: 3860\nImage: C:\\Windows\\SysWOW64\\net.exe\nFileVersion: 6.1.7600.16385 (win7_rtm.090713-1255)\nDescription: Net Command\nProduct: Microsoft® Windows® Operating System\nCompany: Microsoft Corporation\nCommandLine: net.exe time \\\\172.16.100.10\nCurrentDirectory: C:\\Users\\flare\\Downloads\\RTA-master\\\nUser: flare-PC\\flare\nLogonGuid: {2D3B23BE-45CC-5BA2-0000-002020E30000}\nLogonId: 0xe320\nTerminalSessionId: 1\nIntegrityLevel: Medium\nHashes: MD5=B9A4DAC2192FD78CDA097BFA79F6E7B2,SHA256=D468E6B1B79555AC8BCE0300942FD479689EB8F159F3A399848D3BF9B9990A56\nParentProcessGuid: {2D3B23BE-4AC5-5BA2-0000-0010A6C51200}\nParentProcessId: 1148\nParentImage: C:\\Program Files (x86)\\Python27\\python.exe\nParentCommandLine: \"C:\\Program Files (x86)\\Python27\\python.exe\"  C:\\Users\\flare\\Downloads\\RTA-master\\red_ttp\\lateral_commands.py","@version":"1","provider_guid":"{5770385F-C22A-43E0-BF4C-06F5698FFBD9}","beat":{"version":"6.4.0","name":"flare-PC","hostname":"flare-PC"},"tags":["beats_input_codec_plain_applied"],"task":"Process Create (rule: ProcessCreate)","record_number":"1271","type":"wineventlog","event_id":1,"user":{"domain":"NT-AUTORITÄT","identifier":"S-1-5-18","type":"User","name":"SYSTEM"},"version":5,"host":{"name":"flare-PC"},"opcode":"Info"}
{"index":{"_index":"winlogbeat-6.4.0-2018.09.19","_type":"doc","_id":"F1_18WUBfVn9xHWiADyC"}}
{"thread_id":1824,"event_data":{"ParentProcessGuid":"{2D3B23BE-4AC5-5BA2-0000-0010A6C51200}","User":"flare-PC\\flare","UtcTime":"2018-09-19 13:10:30.476","Hashes":"MD5=2003E9B15E1C502B146DAD2E383AC1E3,SHA256=15018D0093BEFABBA8B927743191030D1F8C17BB97FDB48C2FC3EAB20E2D4B3D","Description":"Verwaltung geplanter Aufgaben","Image":"C:\\Windows\\SysWOW64\\schtasks.exe","LogonId":"0xe320","ParentImage":"C:\\Program Files (x86)\\Python27\\python.exe","FileVersion":"6.1.7600.16385 (win7_rtm.090713-1255)","Product":"Betriebssystem Microsoft® Windows®","LogonGuid":"{2D3B23BE-45CC-5BA2-0000-002020E30000}","CommandLine":"schtasks /s 172.16.100.10 /create /SC MONTHLY /MO first /D SUN /tn test_task-1148 /tr c:\\windows\\system32\\ipconfig.exe /f","ParentProcessId":"1148","ProcessId":"2940","CurrentDirectory":"C:\\Users\\flare\\Downloads\\RTA-master\\","IntegrityLevel":"Medium","TerminalSessionId":"1","Company":"Microsoft Corporation","ParentCommandLine":"\"C:\\Program Files (x86)\\Python27\\python.exe\"  C:\\Users\\flare\\Downloads\\RTA-master\\red_ttp\\lateral_commands.py","ProcessGuid":"{2D3B23BE-4AC6-5BA2-0000-001003241300}"},"@timestamp":"2018-09-19T13:10:30.476Z","log_name":"Microsoft-Windows-Sysmon/Operational","level":"Informationen","computer_name":"flare-PC","source_name":"Microsoft-Windows-Sysmon","process_id":1304,"message":"Process Create:\nRuleName: \nUtcTime: 2018-09-19 13:10:30.476\nProcessGuid: {2D3B23BE-4AC6-5BA2-0000-001003241300}\nProcessId: 2940\nImage: C:\\Windows\\SysWOW64\\schtasks.exe\nFileVersion: 6.1.7600.16385 (win7_rtm.090713-1255)\nDescription: Verwaltung geplanter Aufgaben\nProduct: Betriebssystem Microsoft® Windows®\nCompany: Microsoft Corporation\nCommandLine: schtasks /s 172.16.100.10 /create /SC MONTHLY /MO first /D SUN /tn test_task-1148 /tr c:\\windows\\system32\\ipconfig.exe /f\nCurrentDirectory: C:\\Users\\flare\\Downloads\\RTA-master\\\nUser: flare-PC\\flare\nLogonGuid: {2D3B23BE-45CC-5BA2-0000-002020E30000}\nLogonId: 0xe320\nTerminalSessionId: 1\nIntegrityLevel: Medium\nHashes: MD5=2003E9B15E1C502B146DAD2E383AC1E3,SHA256=15018D0093BEFABBA8B927743191030D1F8C17BB97FDB48C2FC3EAB20E2D4B3D\nParentProcessGuid: {2D3B23BE-4AC5-5BA2-0000-0010A6C51200}\nParentProcessId: 1148\nParentImage: C:\\Program Files (x86)\\Python27\\python.exe\nParentCommandLine: \"C:\\Program Files (x86)\\Python27\\python.exe\"  C:\\Users\\flare\\Downloads\\RTA-master\\red_ttp\\lateral_commands.py","@version":"1","provider_guid":"{5770385F-C22A-43E0-BF4C-06F5698FFBD9}","beat":{"version":"6.4.0","name":"flare-PC","hostname":"flare-PC"},"tags":["beats_input_codec_plain_applied"],"task":"Process Create (rule: ProcessCreate)","event_id":1,"type":"wineventlog","host":{"name":"flare-PC"},"record_number":"1280","version":5,"user":{"name":"SYSTEM","identifier":"S-1-5-18","domain":"NT-AUTORITÄT","type":"User"},"opcode":"Info"}
{"index":{"_index":"winlogbeat-6.4.0-2018.09.19","_type":"doc","_id":"_1_08WUBfVn9xHWi-DsM"}}
{"thread_id":1824,"event_data":{"ParentProcessGuid":"{2D3B23BE-4A9F-5BA2-0000-0010A9841100}","Product":"Microsoft® .NET Framework","UtcTime":"2018-09-19 13:10:28.596","Image":"C:\\Windows\\Microsoft.NET\\Framework64\\v4.0.30319\\InstallUtil.exe","Description":".NET Framework installation utility","LogonId":"0xe320","Hashes":"MD5=819E74EDB55FC837F0AE6422473910F7,SHA256=F34609E99E5629D8B8661AAD4BD8CE66EB2378BC06FFABE5BE5F73F4A9DE60D1","FileVersion":"4.7.3062.0 built by: NET472REL1","ParentCommandLine":"\"C:\\Program Files (x86)\\Python27\\python.exe\"  C:\\Users\\flare\\Downloads\\RTA-master\\red_ttp\\installutil_network.py","ParentImage":"C:\\Program Files (x86)\\Python27\\python.exe","LogonGuid":"{2D3B23BE-45CC-5BA2-0000-002020E30000}","Company":"Microsoft Corporation","ParentProcessId":"3096","CurrentDirectory":"C:\\Users\\flare\\Downloads\\RTA-master\\red_ttp\\","ProcessId":"2336","IntegrityLevel":"Medium","TerminalSessionId":"1","CommandLine":"C:\\Windows\\Microsoft.NET\\Framework64\\v4.0.30319\\InstallUtil.exe /logfile= /LogToConsole=False /U mydotnet.exe","User":"flare-PC\\flare","ProcessGuid":"{2D3B23BE-4AC4-5BA2-0000-0010A4BB1200}"},"@timestamp":"2018-09-19T13:10:28.596Z","log_name":"Microsoft-Windows-Sysmon/Operational","level":"Informationen","computer_name":"flare-PC","source_name":"Microsoft-Windows-Sysmon","process_id":1304,"provider_guid":"{5770385F-C22A-43E0-BF4C-06F5698FFBD9}","message":"Process Create:\nRuleName: \nUtcTime: 2018-09-19 13:10:28.596\nProcessGuid: {2D3B23BE-4AC4-5BA2-0000-0010A4BB1200}\nProcessId: 2336\nImage: C:\\Windows\\Microsoft.NET\\Framework64\\v4.0.30319\\InstallUtil.exe\nFileVersion: 4.7.3062.0 built by: NET472REL1\nDescription: .NET Framework installation utility\nProduct: Microsoft® .NET Framework\nCompany: Microsoft Corporation\nCommandLine: C:\\Windows\\Microsoft.NET\\Framework64\\v4.0.30319\\InstallUtil.exe /logfile= /LogToConsole=False /U mydotnet.exe\nCurrentDirectory: C:\\Users\\flare\\Downloads\\RTA-master\\red_ttp\\\nUser: flare-PC\\flare\nLogonGuid: {2D3B23BE-45CC-5BA2-0000-002020E30000}\nLogonId: 0xe320\nTerminalSessionId: 1\nIntegrityLevel: Medium\nHashes: MD5=819E74EDB55FC837F0AE6422473910F7,SHA256=F34609E99E5629D8B8661AAD4BD8CE66EB2378BC06FFABE5BE5F73F4A9DE60D1\nParentProcessGuid: {2D3B23BE-4A9F-5BA2-0000-0010A9841100}\nParentProcessId: 3096\nParentImage: C:\\Program Files (x86)\\Python27\\python.exe\nParentCommandLine: \"C:\\Program Files (x86)\\Python27\\python.exe\"  C:\\Users\\flare\\Downloads\\RTA-master\\red_ttp\\installutil_network.py","@version":"1","beat":{"version":"6.4.0","name":"flare-PC","hostname":"flare-PC"},"tags":["beats_input_codec_plain_applied"],"task":"Process Create (rule: ProcessCreate)","record_number":"1259","type":"wineventlog","version":5,"user":{"name":"SYSTEM","identifier":"S-1-5-18","domain":"NT-AUTORITÄT","type":"User"},"host":{"name":"flare-PC"},"event_id":1,"opcode":"Info"}
{"index":{"_index":"winlogbeat-6.4.0-2018.09.19","_type":"doc","_id":"AF_18WUBfVn9xHWiADx7"}}
{"thread_id":1824,"event_data":{"ParentProcessGuid":"{2D3B23BE-4AC5-5BA2-0000-0010A6C51200}","LogonId":"0xe320","UtcTime":"2018-09-19 13:10:29.739","Image":"C:\\Windows\\SysWOW64\\net.exe","Description":"Net Command","Hashes":"MD5=B9A4DAC2192FD78CDA097BFA79F6E7B2,SHA256=D468E6B1B79555AC8BCE0300942FD479689EB8F159F3A399848D3BF9B9990A56","Product":"Microsoft® Windows® Operating System","ParentImage":"C:\\Program Files (x86)\\Python27\\python.exe","FileVersion":"6.1.7600.16385 (win7_rtm.090713-1255)","ParentCommandLine":"\"C:\\Program Files (x86)\\Python27\\python.exe\"  C:\\Users\\flare\\Downloads\\RTA-master\\red_ttp\\lateral_commands.py","Company":"Microsoft Corporation","CommandLine":"net view","CurrentDirectory":"C:\\Users\\flare\\Downloads\\RTA-master\\","ProcessId":"2872","LogonGuid":"{2D3B23BE-45CC-5BA2-0000-002020E30000}","ParentProcessId":"1148","User":"flare-PC\\flare","TerminalSessionId":"1","IntegrityLevel":"Medium","ProcessGuid":"{2D3B23BE-4AC5-5BA2-0000-0010C6EF1200}"},"@timestamp":"2018-09-19T13:10:29.739Z","log_name":"Microsoft-Windows-Sysmon/Operational","level":"Informationen","computer_name":"flare-PC","source_name":"Microsoft-Windows-Sysmon","process_id":1304,"message":"Process Create:\nRuleName: \nUtcTime: 2018-09-19 13:10:29.739\nProcessGuid: {2D3B23BE-4AC5-5BA2-0000-0010C6EF1200}\nProcessId: 2872\nImage: C:\\Windows\\SysWOW64\\net.exe\nFileVersion: 6.1.7600.16385 (win7_rtm.090713-1255)\nDescription: Net Command\nProduct: Microsoft® Windows® Operating System\nCompany: Microsoft Corporation\nCommandLine: net view\nCurrentDirectory: C:\\Users\\flare\\Downloads\\RTA-master\\\nUser: flare-PC\\flare\nLogonGuid: {2D3B23BE-45CC-5BA2-0000-002020E30000}\nLogonId: 0xe320\nTerminalSessionId: 1\nIntegrityLevel: Medium\nHashes: MD5=B9A4DAC2192FD78CDA097BFA79F6E7B2,SHA256=D468E6B1B79555AC8BCE0300942FD479689EB8F159F3A399848D3BF9B9990A56\nParentProcessGuid: {2D3B23BE-4AC5-5BA2-0000-0010A6C51200}\nParentProcessId: 1148\nParentImage: C:\\Program Files (x86)\\Python27\\python.exe\nParentCommandLine: \"C:\\Program Files (x86)\\Python27\\python.exe\"  C:\\Users\\flare\\Downloads\\RTA-master\\red_ttp\\lateral_commands.py","@version":"1","provider_guid":"{5770385F-C22A-43E0-BF4C-06F5698FFBD9}","beat":{"version":"6.4.0","name":"flare-PC","hostname":"flare-PC"},"tags":["beats_input_codec_plain_applied"],"type":"wineventlog","record_number":"1262","event_id":1,"host":{"name":"flare-PC"},"user":{"name":"SYSTEM","domain":"NT-AUTORITÄT","type":"User","identifier":"S-1-5-18"},"task":"Process Create (rule: ProcessCreate)","version":5,"opcode":"Info"}
{"index":{"_index":"winlogbeat-6.4.0-2018.09.19","_type":"doc","_id":"A1_18WUBfVn9xHWiADx7"}}
{"thread_id":1824,"event_data":{"ParentProcessGuid":"{2D3B23BE-4AC5-5BA2-0000-0010A6C51200}","LogonId":"0xe320","UtcTime":"2018-09-19 13:10:29.880","Image":"C:\\Windows\\SysWOW64\\sc.exe","Description":"Ein Programm, das die Entwicklung von Diensten in WindowsNT unterstützt","User":"flare-PC\\flare","Hashes":"MD5=D2F7A0ADC2EE0F65AB1F19D2E00C16B8,SHA256=1C2EC0BB83D2AD3F53B0706C46A2604F81F2FC2AFDCF43BE5914CC8F509DD48C","FileVersion":"6.1.7600.16385 (win7_rtm.090713-1255)","ParentImage":"C:\\Program Files (x86)\\Python27\\python.exe","ParentCommandLine":"\"C:\\Program Files (x86)\\Python27\\python.exe\"  C:\\Users\\flare\\Downloads\\RTA-master\\red_ttp\\lateral_commands.py","Company":"Microsoft Corporation","TerminalSessionId":"1","CurrentDirectory":"C:\\Users\\flare\\Downloads\\RTA-master\\","ParentProcessId":"1148","ProcessId":"3068","IntegrityLevel":"Medium","CommandLine":"sc.exe \\\\172.16.100.10 start test_service","LogonGuid":"{2D3B23BE-45CC-5BA2-0000-002020E30000}","Product":"Betriebssystem Microsoft® Windows®","ProcessGuid":"{2D3B23BE-4AC5-5BA2-0000-0010DAF61200}"},"@timestamp":"2018-09-19T13:10:29.880Z","log_name":"Microsoft-Windows-Sysmon/Operational","level":"Informationen","computer_name":"flare-PC","source_name":"Microsoft-Windows-Sysmon","process_id":1304,"provider_guid":"{5770385F-C22A-43E0-BF4C-06F5698FFBD9}","message":"Process Create:\nRuleName: \nUtcTime: 2018-09-19 13:10:29.880\nProcessGuid: {2D3B23BE-4AC5-5BA2-0000-0010DAF61200}\nProcessId: 3068\nImage: C:\\Windows\\SysWOW64\\sc.exe\nFileVersion: 6.1.7600.16385 (win7_rtm.090713-1255)\nDescription: Ein Programm, das die Entwicklung von Diensten in WindowsNT unterstützt\nProduct: Betriebssystem Microsoft® Windows®\nCompany: Microsoft Corporation\nCommandLine: sc.exe \\\\172.16.100.10 start test_service\nCurrentDirectory: C:\\Users\\flare\\Downloads\\RTA-master\\\nUser: flare-PC\\flare\nLogonGuid: {2D3B23BE-45CC-5BA2-0000-002020E30000}\nLogonId: 0xe320\nTerminalSessionId: 1\nIntegrityLevel: Medium\nHashes: MD5=D2F7A0ADC2EE0F65AB1F19D2E00C16B8,SHA256=1C2EC0BB83D2AD3F53B0706C46A2604F81F2FC2AFDCF43BE5914CC8F509DD48C\nParentProcessGuid: {2D3B23BE-4AC5-5BA2-0000-0010A6C51200}\nParentProcessId: 1148\nParentImage: C:\\Program Files (x86)\\Python27\\python.exe\nParentCommandLine: \"C:\\Program Files (x86)\\Python27\\python.exe\"  C:\\Users\\flare\\Downloads\\RTA-master\\red_ttp\\lateral_commands.py","@version":"1","beat":{"version":"6.4.0","name":"flare-PC","hostname":"flare-PC"},"tags":["beats_input_codec_plain_applied"],"type":"wineventlog","record_number":"1266","task":"Process Create (rule: ProcessCreate)","host":{"name":"flare-PC"},"version":5,"user":{"name":"SYSTEM","identifier":"S-1-5-18","domain":"NT-AUTORITÄT","type":"User"},"event_id":1,"opcode":"Info"}
{"index":{"_index":"winlogbeat-6.4.0-2018.09.19","_type":"doc","_id":"BV_18WUBfVn9xHWiADx7"}}
{"thread_id":1824,"event_data":{"LogonId":"0xe320","Product":"Betriebssystem Microsoft® Windows®","UtcTime":"2018-09-19 13:10:30.162","Image":"C:\\Windows\\SysWOW64\\wbem\\WMIC.exe","Description":"WMI-Befehlszeilendienstprogramm","User":"flare-PC\\flare","Hashes":"MD5=A03CF3838775E0801A0894C8BACD2E56,SHA256=132AA270790F56A7524CAB968927ED5E1D91B9A26D4BADCB24E450E7DECC5F81","FileVersion":"6.1.7600.16385 (win7_rtm.090713-1255)","ParentImage":"C:\\Program Files (x86)\\Python27\\python.exe","ParentCommandLine":"\"C:\\Program Files (x86)\\Python27\\python.exe\"  C:\\Users\\flare\\Downloads\\RTA-master\\red_ttp\\lateral_commands.py","Company":"Microsoft Corporation","CommandLine":"wmic.exe /node:172.16.100.10 path WIN32_USERACCOUNT where(name='vagrant') set passwordexpires='false'","ParentProcessId":"1148","ProcessId":"3832","TerminalSessionId":"1","CurrentDirectory":"C:\\Users\\flare\\Downloads\\RTA-master\\","LogonGuid":"{2D3B23BE-45CC-5BA2-0000-002020E30000}","ParentProcessGuid":"{2D3B23BE-4AC5-5BA2-0000-0010A6C51200}","IntegrityLevel":"Medium","ProcessGuid":"{2D3B23BE-4AC6-5BA2-0000-001024021300}"},"@timestamp":"2018-09-19T13:10:30.162Z","log_name":"Microsoft-Windows-Sysmon/Operational","level":"Informationen","computer_name":"flare-PC","source_name":"Microsoft-Windows-Sysmon","process_id":1304,"message":"Process Create:\nRuleName: \nUtcTime: 2018-09-19 13:10:30.162\nProcessGuid: {2D3B23BE-4AC6-5BA2-0000-001024021300}\nProcessId: 3832\nImage: C:\\Windows\\SysWOW64\\wbem\\WMIC.exe\nFileVersion: 6.1.7600.16385 (win7_rtm.090713-1255)\nDescription: WMI-Befehlszeilendienstprogramm\nProduct: Betriebssystem Microsoft® Windows®\nCompany: Microsoft Corporation\nCommandLine: wmic.exe /node:172.16.100.10 path WIN32_USERACCOUNT where(name='vagrant') set passwordexpires='false'\nCurrentDirectory: C:\\Users\\flare\\Downloads\\RTA-master\\\nUser: flare-PC\\flare\nLogonGuid: {2D3B23BE-45CC-5BA2-0000-002020E30000}\nLogonId: 0xe320\nTerminalSessionId: 1\nIntegrityLevel: Medium\nHashes: MD5=A03CF3838775E0801A0894C8BACD2E56,SHA256=132AA270790F56A7524CAB968927ED5E1D91B9A26D4BADCB24E450E7DECC5F81\nParentProcessGuid: {2D3B23BE-4AC5-5BA2-0000-0010A6C51200}\nParentProcessId: 1148\nParentImage: C:\\Program Files (x86)\\Python27\\python.exe\nParentCommandLine: \"C:\\Program Files (x86)\\Python27\\python.exe\"  C:\\Users\\flare\\Downloads\\RTA-master\\red_ttp\\lateral_commands.py","@version":"1","provider_guid":"{5770385F-C22A-43E0-BF4C-06F5698FFBD9}","beat":{"version":"6.4.0","name":"flare-PC","hostname":"flare-PC"},"tags":["beats_input_codec_plain_applied"],"task":"Process Create (rule: ProcessCreate)","event_id":1,"record_number":"1270","version":5,"host":{"name":"flare-PC"},"type":"wineventlog","user":{"name":"SYSTEM","identifier":"S-1-5-18","domain":"NT-AUTORITÄT","type":"User"},"opcode":"Info"}
{"index":{"_index":"winlogbeat-6.4.0-2018.09.19","_type":"doc","_id":"B1_18WUBfVn9xHWiADx7"}}
{"thread_id":1824,"event_data":{"LogonId":"0xe320","ParentProcessGuid":"{2D3B23BE-4AC5-5BA2-0000-0010A6C51200}","UtcTime":"2018-09-19 13:10:30.396","Hashes":"MD5=B3A44F80F5B23C1F698398F5D49FFFA6,SHA256=8BBCBAD4C0284938F312ED4A50E6F08EE740B7BDAFBCF1CAD31D64B88867AFC1","Description":"Hostnamen-APP","User":"flare-PC\\flare","Product":"Betriebssystem Microsoft® Windows®","FileVersion":"6.1.7600.16385 (win7_rtm.090713-1255)","ParentCommandLine":"\"C:\\Program Files (x86)\\Python27\\python.exe\"  C:\\Users\\flare\\Downloads\\RTA-master\\red_ttp\\lateral_commands.py","ParentImage":"C:\\Program Files (x86)\\Python27\\python.exe","Company":"Microsoft Corporation","TerminalSessionId":"1","ParentProcessId":"1148","CurrentDirectory":"C:\\Users\\flare\\Downloads\\RTA-master\\","ProcessId":"2568","CommandLine":"hostname","LogonGuid":"{2D3B23BE-45CC-5BA2-0000-002020E30000}","IntegrityLevel":"Medium","Image":"C:\\Windows\\SysWOW64\\HOSTNAME.EXE","ProcessGuid":"{2D3B23BE-4AC6-5BA2-0000-0010291F1300}"},"@timestamp":"2018-09-19T13:10:30.396Z","log_name":"Microsoft-Windows-Sysmon/Operational","level":"Informationen","computer_name":"flare-PC","source_name":"Microsoft-Windows-Sysmon","process_id":1304,"provider_guid":"{5770385F-C22A-43E0-BF4C-06F5698FFBD9}","message":"Process Create:\nRuleName: \nUtcTime: 2018-09-19 13:10:30.396\nProcessGuid: {2D3B23BE-4AC6-5BA2-0000-0010291F1300}\nProcessId: 2568\nImage: C:\\Windows\\SysWOW64\\HOSTNAME.EXE\nFileVersion: 6.1.7600.16385 (win7_rtm.090713-1255)\nDescription: Hostnamen-APP\nProduct: Betriebssystem Microsoft® Windows®\nCompany: Microsoft Corporation\nCommandLine: hostname\nCurrentDirectory: C:\\Users\\flare\\Downloads\\RTA-master\\\nUser: flare-PC\\flare\nLogonGuid: {2D3B23BE-45CC-5BA2-0000-002020E30000}\nLogonId: 0xe320\nTerminalSessionId: 1\nIntegrityLevel: Medium\nHashes: MD5=B3A44F80F5B23C1F698398F5D49FFFA6,SHA256=8BBCBAD4C0284938F312ED4A50E6F08EE740B7BDAFBCF1CAD31D64B88867AFC1\nParentProcessGuid: {2D3B23BE-4AC5-5BA2-0000-0010A6C51200}\nParentProcessId: 1148\nParentImage: C:\\Program Files (x86)\\Python27\\python.exe\nParentCommandLine: \"C:\\Program Files (x86)\\Python27\\python.exe\"  C:\\Users\\flare\\Downloads\\RTA-master\\red_ttp\\lateral_commands.py","@version":"1","beat":{"version":"6.4.0","name":"flare-PC","hostname":"flare-PC"},"tags":["beats_input_codec_plain_applied"],"task":"Process Create (rule: ProcessCreate)","type":"wineventlog","record_number":"1278","host":{"name":"flare-PC"},"user":{"name":"SYSTEM","identifier":"S-1-5-18","domain":"NT-AUTORITÄT","type":"User"},"version":5,"event_id":1,"opcode":"Info"}
{"index":{"_index":"winlogbeat-6.4.0-2018.09.19","_type":"doc","_id":"3l_z8WUBfVn9xHWivjtZ"}}
{"thread_id":1824,"event_data":{"LogonId":"0xe320","Product":"Microsoft® Windows® Operating System","UtcTime":"2018-09-19 13:09:11.839","Image":"C:\\Windows\\SysWOW64\\net.exe","User":"flare-PC\\flare","Hashes":"MD5=B9A4DAC2192FD78CDA097BFA79F6E7B2,SHA256=D468E6B1B79555AC8BCE0300942FD479689EB8F159F3A399848D3BF9B9990A56","ParentProcessGuid":"{2D3B23BE-4A74-5BA2-0000-00107B910D00}","FileVersion":"6.1.7600.16385 (win7_rtm.090713-1255)","ParentImage":"C:\\Program Files (x86)\\Python27\\python.exe","ParentCommandLine":"\"C:\\Program Files (x86)\\Python27\\python.exe\"  C:\\Users\\flare\\Downloads\\RTA-master\\red_ttp\\enum_commands.py","Company":"Microsoft Corporation","LogonGuid":"{2D3B23BE-45CC-5BA2-0000-002020E30000}","CurrentDirectory":"C:\\Users\\flare\\Downloads\\RTA-master\\","ProcessId":"3812","TerminalSessionId":"1","IntegrityLevel":"Medium","Description":"Net Command","ParentProcessId":"2304","CommandLine":"net use","ProcessGuid":"{2D3B23BE-4A77-5BA2-0000-001006EB0D00}"},"@timestamp":"2018-09-19T13:09:11.839Z","log_name":"Microsoft-Windows-Sysmon/Operational","level":"Informationen","computer_name":"flare-PC","source_name":"Microsoft-Windows-Sysmon","process_id":1304,"@version":"1","message":"Process Create:\nRuleName: \nUtcTime: 2018-09-19 13:09:11.839\nProcessGuid: {2D3B23BE-4A77-5BA2-0000-001006EB0D00}\nProcessId: 3812\nImage: C:\\Windows\\SysWOW64\\net.exe\nFileVersion: 6.1.7600.16385 (win7_rtm.090713-1255)\nDescription: Net Command\nProduct: Microsoft® Windows® Operating System\nCompany: Microsoft Corporation\nCommandLine: net use\nCurrentDirectory: C:\\Users\\flare\\Downloads\\RTA-master\\\nUser: flare-PC\\flare\nLogonGuid: {2D3B23BE-45CC-5BA2-0000-002020E30000}\nLogonId: 0xe320\nTerminalSessionId: 1\nIntegrityLevel: Medium\nHashes: MD5=B9A4DAC2192FD78CDA097BFA79F6E7B2,SHA256=D468E6B1B79555AC8BCE0300942FD479689EB8F159F3A399848D3BF9B9990A56\nParentProcessGuid: {2D3B23BE-4A74-5BA2-0000-00107B910D00}\nParentProcessId: 2304\nParentImage: C:\\Program Files (x86)\\Python27\\python.exe\nParentCommandLine: \"C:\\Program Files (x86)\\Python27\\python.exe\"  C:\\Users\\flare\\Downloads\\RTA-master\\red_ttp\\enum_commands.py","provider_guid":"{5770385F-C22A-43E0-BF4C-06F5698FFBD9}","beat":{"version":"6.4.0","name":"flare-PC","hostname":"flare-PC"},"tags":["beats_input_codec_plain_applied"],"task":"Process Create (rule: ProcessCreate)","record_number":"1229","type":"wineventlog","version":5,"host":{"name":"flare-PC"},"user":{"name":"SYSTEM","identifier":"S-1-5-18","domain":"NT-AUTORITÄT","type":"User"},"event_id":1,"opcode":"Info"}
{"index":{"_index":"winlogbeat-6.4.0-2018.09.19","_type":"doc","_id":"5V_z8WUBfVn9xHWivjtZ"}}
{"thread_id":1824,"event_data":{"LogonId":"0xe320","User":"flare-PC\\flare","Product":"Microsoft® Windows® Operating System","Hashes":"MD5=B9A4DAC2192FD78CDA097BFA79F6E7B2,SHA256=D468E6B1B79555AC8BCE0300942FD479689EB8F159F3A399848D3BF9B9990A56","UtcTime":"2018-09-19 13:09:12.048","ParentProcessGuid":"{2D3B23BE-4A74-5BA2-0000-00107B910D00}","Image":"C:\\Windows\\SysWOW64\\net.exe","ParentImage":"C:\\Program Files (x86)\\Python27\\python.exe","ParentCommandLine":"\"C:\\Program Files (x86)\\Python27\\python.exe\"  C:\\Users\\flare\\Downloads\\RTA-master\\red_ttp\\enum_commands.py","Description":"Net Command","Company":"Microsoft Corporation","CommandLine":"net share","CurrentDirectory":"C:\\Users\\flare\\Downloads\\RTA-master\\","ProcessId":"3144","LogonGuid":"{2D3B23BE-45CC-5BA2-0000-002020E30000}","IntegrityLevel":"Medium","ParentProcessId":"2304","TerminalSessionId":"1","FileVersion":"6.1.7600.16385 (win7_rtm.090713-1255)","ProcessGuid":"{2D3B23BE-4A78-5BA2-0000-00101DFA0D00}"},"@timestamp":"2018-09-19T13:09:12.048Z","log_name":"Microsoft-Windows-Sysmon/Operational","level":"Informationen","computer_name":"flare-PC","source_name":"Microsoft-Windows-Sysmon","process_id":1304,"provider_guid":"{5770385F-C22A-43E0-BF4C-06F5698FFBD9}","message":"Process Create:\nRuleName: \nUtcTime: 2018-09-19 13:09:12.048\nProcessGuid: {2D3B23BE-4A78-5BA2-0000-00101DFA0D00}\nProcessId: 3144\nImage: C:\\Windows\\SysWOW64\\net.exe\nFileVersion: 6.1.7600.16385 (win7_rtm.090713-1255)\nDescription: Net Command\nProduct: Microsoft® Windows® Operating System\nCompany: Microsoft Corporation\nCommandLine: net share\nCurrentDirectory: C:\\Users\\flare\\Downloads\\RTA-master\\\nUser: flare-PC\\flare\nLogonGuid: {2D3B23BE-45CC-5BA2-0000-002020E30000}\nLogonId: 0xe320\nTerminalSessionId: 1\nIntegrityLevel: Medium\nHashes: MD5=B9A4DAC2192FD78CDA097BFA79F6E7B2,SHA256=D468E6B1B79555AC8BCE0300942FD479689EB8F159F3A399848D3BF9B9990A56\nParentProcessGuid: {2D3B23BE-4A74-5BA2-0000-00107B910D00}\nParentProcessId: 2304\nParentImage: C:\\Program Files (x86)\\Python27\\python.exe\nParentCommandLine: \"C:\\Program Files (x86)\\Python27\\python.exe\"  C:\\Users\\flare\\Downloads\\RTA-master\\red_ttp\\enum_commands.py","@version":"1","beat":{"version":"6.4.0","name":"flare-PC","hostname":"flare-PC"},"tags":["beats_input_codec_plain_applied"],"type":"wineventlog","event_id":1,"record_number":"1241","host":{"name":"flare-PC"},"version":5,"user":{"domain":"NT-AUTORITÄT","identifier":"S-1-5-18","type":"User","name":"SYSTEM"},"task":"Process Create (rule: ProcessCreate)","opcode":"Info"}
{"index":{"_index":"winlogbeat-6.4.0-2018.09.19","_type":"doc","_id":"5l_z8WUBfVn9xHWivjtZ"}}
{"thread_id":1824,"event_data":{"ParentProcessGuid":"{2D3B23BE-4A74-5BA2-0000-00107B910D00}","Product":"Betriebssystem Microsoft® Windows®","UtcTime":"2018-09-19 13:09:12.128","Hashes":"MD5=E32AC8B1091F300A580DA58576934DD7,SHA256=C51E2B4C269A7E991BE7C972AACD46B5C7418CD2D8D5D83E28A8106AA9892E1F","Image":"C:\\Windows\\SysWOW64\\gpresult.exe","LogonId":"0xe320","Description":"Gruppenrichtlinien-RSOP-Datenabfrage","ParentImage":"C:\\Program Files (x86)\\Python27\\python.exe","FileVersion":"6.1.7600.16385 (win7_rtm.090713-1255)","User":"flare-PC\\flare","Company":"Microsoft Corporation","CommandLine":"gpresult.exe /z","ParentProcessId":"2304","ProcessId":"3084","CurrentDirectory":"C:\\Users\\flare\\Downloads\\RTA-master\\","IntegrityLevel":"Medium","ParentCommandLine":"\"C:\\Program Files (x86)\\Python27\\python.exe\"  C:\\Users\\flare\\Downloads\\RTA-master\\red_ttp\\enum_commands.py","TerminalSessionId":"1","LogonGuid":"{2D3B23BE-45CC-5BA2-0000-002020E30000}","ProcessGuid":"{2D3B23BE-4A78-5BA2-0000-0010A4FE0D00}"},"@timestamp":"2018-09-19T13:09:12.144Z","log_name":"Microsoft-Windows-Sysmon/Operational","level":"Informationen","computer_name":"flare-PC","source_name":"Microsoft-Windows-Sysmon","process_id":1304,"message":"Process Create:\nRuleName: \nUtcTime: 2018-09-19 13:09:12.128\nProcessGuid: {2D3B23BE-4A78-5BA2-0000-0010A4FE0D00}\nProcessId: 3084\nImage: C:\\Windows\\SysWOW64\\gpresult.exe\nFileVersion: 6.1.7600.16385 (win7_rtm.090713-1255)\nDescription: Gruppenrichtlinien-RSOP-Datenabfrage\nProduct: Betriebssystem Microsoft® Windows®\nCompany: Microsoft Corporation\nCommandLine: gpresult.exe /z\nCurrentDirectory: C:\\Users\\flare\\Downloads\\RTA-master\\\nUser: flare-PC\\flare\nLogonGuid: {2D3B23BE-45CC-5BA2-0000-002020E30000}\nLogonId: 0xe320\nTerminalSessionId: 1\nIntegrityLevel: Medium\nHashes: MD5=E32AC8B1091F300A580DA58576934DD7,SHA256=C51E2B4C269A7E991BE7C972AACD46B5C7418CD2D8D5D83E28A8106AA9892E1F\nParentProcessGuid: {2D3B23BE-4A74-5BA2-0000-00107B910D00}\nParentProcessId: 2304\nParentImage: C:\\Program Files (x86)\\Python27\\python.exe\nParentCommandLine: \"C:\\Program Files (x86)\\Python27\\python.exe\"  C:\\Users\\flare\\Downloads\\RTA-master\\red_ttp\\enum_commands.py","@version":"1","provider_guid":"{5770385F-C22A-43E0-BF4C-06F5698FFBD9}","beat":{"version":"6.4.0","name":"flare-PC","hostname":"flare-PC"},"tags":["beats_input_codec_plain_applied"],"task":"Process Create (rule: ProcessCreate)","record_number":"1245","event_id":1,"version":5,"host":{"name":"flare-PC"},"user":{"name":"SYSTEM","domain":"NT-AUTORITÄT","type":"User","identifier":"S-1-5-18"},"type":"wineventlog","opcode":"Info"}
{"index":{"_index":"winlogbeat-6.4.0-2018.09.19","_type":"doc","_id":"6V_z8WUBfVn9xHWivjtc"}}
{"thread_id":1824,"event_data":{"LogonId":"0xe320","Product":"Microsoft® Windows® Operating System","ParentProcessGuid":"{2D3B23BE-4A74-5BA2-0000-00107B910D00}","Hashes":"MD5=B9A4DAC2192FD78CDA097BFA79F6E7B2,SHA256=D468E6B1B79555AC8BCE0300942FD479689EB8F159F3A399848D3BF9B9990A56","Description":"Net Command","Image":"C:\\Windows\\SysWOW64\\net.exe","User":"flare-PC\\flare","ParentImage":"C:\\Program Files (x86)\\Python27\\python.exe","FileVersion":"6.1.7600.16385 (win7_rtm.090713-1255)","ParentCommandLine":"\"C:\\Program Files (x86)\\Python27\\python.exe\"  C:\\Users\\flare\\Downloads\\RTA-master\\red_ttp\\enum_commands.py","TerminalSessionId":"1","LogonGuid":"{2D3B23BE-45CC-5BA2-0000-002020E30000}","ParentProcessId":"2304","ProcessId":"2008","Company":"Microsoft Corporation","IntegrityLevel":"Medium","CurrentDirectory":"C:\\Users\\flare\\Downloads\\RTA-master\\","CommandLine":"net view \\\\172.16.100.10","UtcTime":"2018-09-19 13:09:11.246","ProcessGuid":"{2D3B23BE-4A77-5BA2-0000-00109AD10D00}"},"@timestamp":"2018-09-19T13:09:11.246Z","log_name":"Microsoft-Windows-Sysmon/Operational","level":"Informationen","computer_name":"flare-PC","source_name":"Microsoft-Windows-Sysmon","process_id":1304,"message":"Process Create:\nRuleName: \nUtcTime: 2018-09-19 13:09:11.246\nProcessGuid: {2D3B23BE-4A77-5BA2-0000-00109AD10D00}\nProcessId: 2008\nImage: C:\\Windows\\SysWOW64\\net.exe\nFileVersion: 6.1.7600.16385 (win7_rtm.090713-1255)\nDescription: Net Command\nProduct: Microsoft® Windows® Operating System\nCompany: Microsoft Corporation\nCommandLine: net view \\\\172.16.100.10\nCurrentDirectory: C:\\Users\\flare\\Downloads\\RTA-master\\\nUser: flare-PC\\flare\nLogonGuid: {2D3B23BE-45CC-5BA2-0000-002020E30000}\nLogonId: 0xe320\nTerminalSessionId: 1\nIntegrityLevel: Medium\nHashes: MD5=B9A4DAC2192FD78CDA097BFA79F6E7B2,SHA256=D468E6B1B79555AC8BCE0300942FD479689EB8F159F3A399848D3BF9B9990A56\nParentProcessGuid: {2D3B23BE-4A74-5BA2-0000-00107B910D00}\nParentProcessId: 2304\nParentImage: C:\\Program Files (x86)\\Python27\\python.exe\nParentCommandLine: \"C:\\Program Files (x86)\\Python27\\python.exe\"  C:\\Users\\flare\\Downloads\\RTA-master\\red_ttp\\enum_commands.py","@version":"1","provider_guid":"{5770385F-C22A-43E0-BF4C-06F5698FFBD9}","beat":{"version":"6.4.0","name":"flare-PC","hostname":"flare-PC"},"tags":["beats_input_codec_plain_applied"],"task":"Process Create (rule: ProcessCreate)","type":"wineventlog","event_id":1,"host":{"name":"flare-PC"},"version":5,"user":{"name":"SYSTEM","domain":"NT-AUTORITÄT","type":"User","identifier":"S-1-5-18"},"record_number":"1220","opcode":"Info"}
{"index":{"_index":"winlogbeat-6.4.0-2018.09.19","_type":"doc","_id":"-F_08WUBfVn9xHWiJzvg"}}
{"thread_id":1824,"event_data":{"LogonId":"0xe320","User":"flare-PC\\flare","UtcTime":"2018-09-19 13:09:37.212","Image":"C:\\Windows\\SysWOW64\\cmd.exe","Description":"Windows-Befehlsprozessor","Product":"Betriebssystem Microsoft® Windows®","Hashes":"MD5=AD7B9C14083B52BC532FBA5948342B98,SHA256=17F746D82695FA9B35493B41859D39D786D32B23A9D2E00F4011DEC7A02402AE","ParentImage":"C:\\Program Files (x86)\\Python27\\python.exe","ParentCommandLine":"\"C:\\Program Files (x86)\\Python27\\python.exe\"  C:\\Users\\flare\\Downloads\\RTA-master\\red_ttp\\findstr_pw_search.py","FileVersion":"6.1.7601.17514 (win7sp1_rtm.101119-1850)","TerminalSessionId":"1","CommandLine":"C:\\Windows\\system32\\cmd.exe /c \"dir c:\\ /s /b | findstr password\"","CurrentDirectory":"C:\\Users\\flare\\Downloads\\RTA-master\\","ParentProcessId":"3524","Company":"Microsoft Corporation","IntegrityLevel":"Medium","LogonGuid":"{2D3B23BE-45CC-5BA2-0000-002020E30000}","ParentProcessGuid":"{2D3B23BE-4A90-5BA2-0000-00105EC50E00}","ProcessId":"2448","ProcessGuid":"{2D3B23BE-4A91-5BA2-0000-001006F40E00}"},"@timestamp":"2018-09-19T13:09:37.212Z","log_name":"Microsoft-Windows-Sysmon/Operational","level":"Informationen","computer_name":"flare-PC","source_name":"Microsoft-Windows-Sysmon","process_id":1304,"message":"Process Create:\nRuleName: \nUtcTime: 2018-09-19 13:09:37.212\nProcessGuid: {2D3B23BE-4A91-5BA2-0000-001006F40E00}\nProcessId: 2448\nImage: C:\\Windows\\SysWOW64\\cmd.exe\nFileVersion: 6.1.7601.17514 (win7sp1_rtm.101119-1850)\nDescription: Windows-Befehlsprozessor\nProduct: Betriebssystem Microsoft® Windows®\nCompany: Microsoft Corporation\nCommandLine: C:\\Windows\\system32\\cmd.exe /c \"dir c:\\ /s /b | findstr password\"\nCurrentDirectory: C:\\Users\\flare\\Downloads\\RTA-master\\\nUser: flare-PC\\flare\nLogonGuid: {2D3B23BE-45CC-5BA2-0000-002020E30000}\nLogonId: 0xe320\nTerminalSessionId: 1\nIntegrityLevel: Medium\nHashes: MD5=AD7B9C14083B52BC532FBA5948342B98,SHA256=17F746D82695FA9B35493B41859D39D786D32B23A9D2E00F4011DEC7A02402AE\nParentProcessGuid: {2D3B23BE-4A90-5BA2-0000-00105EC50E00}\nParentProcessId: 3524\nParentImage: C:\\Program Files (x86)\\Python27\\python.exe\nParentCommandLine: \"C:\\Program Files (x86)\\Python27\\python.exe\"  C:\\Users\\flare\\Downloads\\RTA-master\\red_ttp\\findstr_pw_search.py","@version":"1","provider_guid":"{5770385F-C22A-43E0-BF4C-06F5698FFBD9}","beat":{"version":"6.4.0","name":"flare-PC","hostname":"flare-PC"},"tags":["beats_input_codec_plain_applied"],"type":"wineventlog","task":"Process Create (rule: ProcessCreate)","record_number":"1251","version":5,"user":{"name":"SYSTEM","domain":"NT-AUTORITÄT","type":"User","identifier":"S-1-5-18"},"host":{"name":"flare-PC"},"event_id":1,"opcode":"Info"}
{"index":{"_index":"winlogbeat-6.4.0-2018.09.19","_type":"doc","_id":"91_08WUBfVn9xHWiJzvg"}}
{"thread_id":1824,"event_data":{"ParentProcessGuid":"{2D3B23BE-4A91-5BA2-0000-001006F40E00}","User":"flare-PC\\flare","UtcTime":"2018-09-19 13:09:37.233","Image":"C:\\Windows\\SysWOW64\\cmd.exe","Description":"Windows-Befehlsprozessor","Hashes":"MD5=AD7B9C14083B52BC532FBA5948342B98,SHA256=17F746D82695FA9B35493B41859D39D786D32B23A9D2E00F4011DEC7A02402AE","LogonId":"0xe320","FileVersion":"6.1.7601.17514 (win7sp1_rtm.101119-1850)","ParentCommandLine":"C:\\Windows\\system32\\cmd.exe /c \"dir c:\\ /s /b | findstr password\"","ParentImage":"C:\\Windows\\SysWOW64\\cmd.exe","LogonGuid":"{2D3B23BE-45CC-5BA2-0000-002020E30000}","CommandLine":"C:\\Windows\\system32\\cmd.exe  /S /D /c\" dir c:\\ /s /b \"","CurrentDirectory":"C:\\Users\\flare\\Downloads\\RTA-master\\","ProcessId":"3620","TerminalSessionId":"1","IntegrityLevel":"Medium","Company":"Microsoft Corporation","ParentProcessId":"2448","Product":"Betriebssystem Microsoft® Windows®","ProcessGuid":"{2D3B23BE-4A91-5BA2-0000-0010E8F50E00}"},"@timestamp":"2018-09-19T13:09:37.233Z","log_name":"Microsoft-Windows-Sysmon/Operational","level":"Informationen","computer_name":"flare-PC","source_name":"Microsoft-Windows-Sysmon","process_id":1304,"provider_guid":"{5770385F-C22A-43E0-BF4C-06F5698FFBD9}","message":"Process Create:\nRuleName: \nUtcTime: 2018-09-19 13:09:37.233\nProcessGuid: {2D3B23BE-4A91-5BA2-0000-0010E8F50E00}\nProcessId: 3620\nImage: C:\\Windows\\SysWOW64\\cmd.exe\nFileVersion: 6.1.7601.17514 (win7sp1_rtm.101119-1850)\nDescription: Windows-Befehlsprozessor\nProduct: Betriebssystem Microsoft® Windows®\nCompany: Microsoft Corporation\nCommandLine: C:\\Windows\\system32\\cmd.exe  /S /D /c\" dir c:\\ /s /b \"\nCurrentDirectory: C:\\Users\\flare\\Downloads\\RTA-master\\\nUser: flare-PC\\flare\nLogonGuid: {2D3B23BE-45CC-5BA2-0000-002020E30000}\nLogonId: 0xe320\nTerminalSessionId: 1\nIntegrityLevel: Medium\nHashes: MD5=AD7B9C14083B52BC532FBA5948342B98,SHA256=17F746D82695FA9B35493B41859D39D786D32B23A9D2E00F4011DEC7A02402AE\nParentProcessGuid: {2D3B23BE-4A91-5BA2-0000-001006F40E00}\nParentProcessId: 2448\nParentImage: C:\\Windows\\SysWOW64\\cmd.exe\nParentCommandLine: C:\\Windows\\system32\\cmd.exe /c \"dir c:\\ /s /b | findstr password\"","@version":"1","beat":{"version":"6.4.0","name":"flare-PC","hostname":"flare-PC"},"tags":["beats_input_codec_plain_applied"],"task":"Process Create (rule: ProcessCreate)","event_id":1,"type":"wineventlog","version":5,"record_number":"1252","host":{"name":"flare-PC"},"user":{"name":"SYSTEM","identifier":"S-1-5-18","domain":"NT-AUTORITÄT","type":"User"},"opcode":"Info"}
{"index":{"_index":"winlogbeat-6.4.0-2018.09.19","_type":"doc","_id":"2V_z8WUBfVn9xHWivjtZ"}}
{"thread_id":1824,"event_data":{"LogonId":"0xe320","Product":"Betriebssystem Microsoft® Windows®","UtcTime":"2018-09-19 13:09:11.636","Hashes":"MD5=A9A00E71E3DD67B029FC904FE3BB61DA,SHA256=AD3E811249DA750D80F2762C3AEB403780C1B69D05911E3C9950A7DAED9E6670","Description":"Listet die aktuell ausgeführten Aufgaben auf","Image":"C:\\Windows\\SysWOW64\\tasklist.exe","ParentProcessGuid":"{2D3B23BE-4A74-5BA2-0000-00107B910D00}","ParentImage":"C:\\Program Files (x86)\\Python27\\python.exe","FileVersion":"6.1.7600.16385 (win7_rtm.090713-1255)","ParentCommandLine":"\"C:\\Program Files (x86)\\Python27\\python.exe\"  C:\\Users\\flare\\Downloads\\RTA-master\\red_ttp\\enum_commands.py","TerminalSessionId":"1","Company":"Microsoft Corporation","CurrentDirectory":"C:\\Users\\flare\\Downloads\\RTA-master\\","ParentProcessId":"2304","LogonGuid":"{2D3B23BE-45CC-5BA2-0000-002020E30000}","User":"flare-PC\\flare","ProcessId":"2408","CommandLine":"tasklist /svc","IntegrityLevel":"Medium","ProcessGuid":"{2D3B23BE-4A77-5BA2-0000-0010FFDA0D00}"},"@timestamp":"2018-09-19T13:09:11.636Z","log_name":"Microsoft-Windows-Sysmon/Operational","level":"Informationen","computer_name":"flare-PC","source_name":"Microsoft-Windows-Sysmon","process_id":1304,"message":"Process Create:\nRuleName: \nUtcTime: 2018-09-19 13:09:11.636\nProcessGuid: {2D3B23BE-4A77-5BA2-0000-0010FFDA0D00}\nProcessId: 2408\nImage: C:\\Windows\\SysWOW64\\tasklist.exe\nFileVersion: 6.1.7600.16385 (win7_rtm.090713-1255)\nDescription: Listet die aktuell ausgeführten Aufgaben auf\nProduct: Betriebssystem Microsoft® Windows®\nCompany: Microsoft Corporation\nCommandLine: tasklist /svc\nCurrentDirectory: C:\\Users\\flare\\Downloads\\RTA-master\\\nUser: flare-PC\\flare\nLogonGuid: {2D3B23BE-45CC-5BA2-0000-002020E30000}\nLogonId: 0xe320\nTerminalSessionId: 1\nIntegrityLevel: Medium\nHashes: MD5=A9A00E71E3DD67B029FC904FE3BB61DA,SHA256=AD3E811249DA750D80F2762C3AEB403780C1B69D05911E3C9950A7DAED9E6670\nParentProcessGuid: {2D3B23BE-4A74-5BA2-0000-00107B910D00}\nParentProcessId: 2304\nParentImage: C:\\Program Files (x86)\\Python27\\python.exe\nParentCommandLine: \"C:\\Program Files (x86)\\Python27\\python.exe\"  C:\\Users\\flare\\Downloads\\RTA-master\\red_ttp\\enum_commands.py","@version":"1","provider_guid":"{5770385F-C22A-43E0-BF4C-06F5698FFBD9}","beat":{"version":"6.4.0","name":"flare-PC","hostname":"flare-PC"},"tags":["beats_input_codec_plain_applied"],"task":"Process Create (rule: ProcessCreate)","type":"wineventlog","record_number":"1226","version":5,"user":{"name":"SYSTEM","identifier":"S-1-5-18","domain":"NT-AUTORITÄT","type":"User"},"event_id":1,"host":{"name":"flare-PC"},"opcode":"Info"}
