{"index":{"_index":"winlogbeat-6.4.0-2018.09.19","_type":"doc","_id":"T1_18WUBfVn9xHWimjy8"}}
{"thread_id":1824,"event_data":{"CreationUtcTime":"2018-09-19 12:59:31.179","UtcTime":"2018-09-19 13:11:06.050","Image":"C:\\Program Files (x86)\\Python27\\python.exe","TargetFilename":"C:\\Users\\flare\\Downloads\\RTA-master\\red_ttp\\bin\\cscript.xsl","ProcessId":"3892","ProcessGuid":"{2D3B23BE-4AE7-5BA2-0000-001085E91400}"},"@timestamp":"2018-09-19T13:11:06.050Z","log_name":"Microsoft-Windows-Sysmon/Operational","level":"Informationen","computer_name":"flare-PC","source_name":"Microsoft-Windows-Sysmon","process_id":1304,"@version":"1","provider_guid":"{5770385F-C22A-43E0-BF4C-06F5698FFBD9}","message":"File created:\nRuleName: \nUtcTime: 2018-09-19 13:11:06.050\nProcessGuid: {2D3B23BE-4AE7-5BA2-0000-001085E91400}\nProcessId: 3892\nImage: C:\\Program Files (x86)\\Python27\\python.exe\nTargetFilename: C:\\Users\\flare\\Downloads\\RTA-master\\red_ttp\\bin\\cscript.xsl\nCreationUtcTime: 2018-09-19 12:59:31.179","beat":{"version":"6.4.0","name":"flare-PC","hostname":"flare-PC"},"tags":["beats_input_codec_plain_applied"],"type":"wineventlog","task":"File created (rule: FileCreate)","event_id":11,"version":2,"host":{"name":"flare-PC"},"user":{"name":"SYSTEM","identifier":"S-1-5-18","domain":"NT-AUTORITÄT","type":"User"},"record_number":"1324","opcode":"Info"}
{"index":{"_index":"winlogbeat-6.4.0-2018.09.19","_type":"doc","_id":"WV_18WUBfVn9xHWimjy8"}}
{"thread_id":1824,"event_data":{"LogonId":"0xe320","User":"flare-PC\\flare","UtcTime":"2018-09-19 13:11:07.477","Hashes":"MD5=2041012726EF7C95ED51C15C56545A7F,SHA256=A0BE13AC9443ACC6D2EEA474CC82A727BDB7E1009F573DBA34D269F9A6AAA347","Image":"C:\\Windows\\SysWOW64\\net1.exe","ParentProcessGuid":"{2D3B23BE-4AEB-5BA2-0000-0010FF961500}","Product":"Microsoft® Windows® Operating System","FileVersion":"6.1.7601.17514 (win7sp1_rtm.101119-1850)","ParentCommandLine":"net.exe group  \"Domain Admins\"  macgyver  /add  /domain","ParentImage":"C:\\Windows\\SysWOW64\\net.exe","TerminalSessionId":"1","CommandLine":"C:\\Windows\\system32\\net1 group  \"Domain Admins\"  macgyver  /add  /domain","ParentProcessId":"3732","CurrentDirectory":"C:\\Users\\flare\\Downloads\\RTA-master\\","Company":"Microsoft Corporation","IntegrityLevel":"Medium","LogonGuid":"{2D3B23BE-45CC-5BA2-0000-002020E30000}","ProcessId":"2568","Description":"Net Command","ProcessGuid":"{2D3B23BE-4AEB-5BA2-0000-001037981500}"},"@timestamp":"2018-09-19T13:11:07.493Z","log_name":"Microsoft-Windows-Sysmon/Operational","level":"Informationen","computer_name":"flare-PC","source_name":"Microsoft-Windows-Sysmon","process_id":1304,"@version":"1","provider_guid":"{5770385F-C22A-43E0-BF4C-06F5698FFBD9}","message":"Process Create:\nRuleName: \nUtcTime: 2018-09-19 13:11:07.477\nProcessGuid: {2D3B23BE-4AEB-5BA2-0000-001037981500}\nProcessId: 2568\nImage: C:\\Windows\\SysWOW64\\net1.exe\nFileVersion: 6.1.7601.17514 (win7sp1_rtm.101119-1850)\nDescription: Net Command\nProduct: Microsoft® Windows® Operating System\nCompany: Microsoft Corporation\nCommandLine: C:\\Windows\\system32\\net1 group  \"Domain Admins\"  macgyver  /add  /domain\nCurrentDirectory: C:\\Users\\flare\\Downloads\\RTA-master\\\nUser: flare-PC\\flare\nLogonGuid: {2D3B23BE-45CC-5BA2-0000-002020E30000}\nLogonId: 0xe320\nTerminalSessionId: 1\nIntegrityLevel: Medium\nHashes: MD5=2041012726EF7C95ED51C15C56545A7F,SHA256=A0BE13AC9443ACC6D2EEA474CC82A727BDB7E1009F573DBA34D269F9A6AAA347\nParentProcessGuid: {2D3B23BE-4AEB-5BA2-0000-0010FF961500}\nParentProcessId: 3732\nParentImage: C:\\Windows\\SysWOW64\\net.exe\nParentCommandLine: net.exe group  \"Domain Admins\"  macgyver  /add  /domain","beat":{"version":"6.4.0","name":"flare-PC","hostname":"flare-PC"},"tags":["beats_input_codec_plain_applied"],"type":"wineventlog","event_id":1,"record_number":"1336","host":{"name":"flare-PC"},"user":{"name":"SYSTEM","identifier":"S-1-5-18","domain":"NT-AUTORITÄT","type":"User"},"task":"Process Create (rule: ProcessCreate)","version":5,"opcode":"Info"}
{"index":{"_index":"winlogbeat-6.4.0-2018.09.19","_type":"doc","_id":"W1_18WUBfVn9xHWimjy8"}}
{"thread_id":1824,"event_data":{"ParentProcessGuid":"{2D3B23BE-4AEB-5BA2-0000-0010799C1500}","Product":"Microsoft® Windows® Operating System","UtcTime":"2018-09-19 13:11:07.555","Hashes":"MD5=2041012726EF7C95ED51C15C56545A7F,SHA256=A0BE13AC9443ACC6D2EEA474CC82A727BDB7E1009F573DBA34D269F9A6AAA347","Image":"C:\\Windows\\SysWOW64\\net1.exe","LogonId":"0xe320","User":"flare-PC\\flare","ParentImage":"C:\\Windows\\SysWOW64\\net.exe","ParentCommandLine":"net.exe user macgyver /delete","FileVersion":"6.1.7601.17514 (win7sp1_rtm.101119-1850)","TerminalSessionId":"1","Company":"Microsoft Corporation","ParentProcessId":"1796","CurrentDirectory":"C:\\Users\\flare\\Downloads\\RTA-master\\","ProcessId":"3228","IntegrityLevel":"Medium","CommandLine":"C:\\Windows\\system32\\net1 user macgyver /delete","LogonGuid":"{2D3B23BE-45CC-5BA2-0000-002020E30000}","Description":"Net Command","ProcessGuid":"{2D3B23BE-4AEB-5BA2-0000-0010A89D1500}"},"@timestamp":"2018-09-19T13:11:07.555Z","log_name":"Microsoft-Windows-Sysmon/Operational","level":"Informationen","computer_name":"flare-PC","source_name":"Microsoft-Windows-Sysmon","process_id":1304,"provider_guid":"{5770385F-C22A-43E0-BF4C-06F5698FFBD9}","message":"Process Create:\nRuleName: \nUtcTime: 2018-09-19 13:11:07.555\nProcessGuid: {2D3B23BE-4AEB-5BA2-0000-0010A89D1500}\nProcessId: 3228\nImage: C:\\Windows\\SysWOW64\\net1.exe\nFileVersion: 6.1.7601.17514 (win7sp1_rtm.101119-1850)\nDescription: Net Command\nProduct: Microsoft® Windows® Operating System\nCompany: Microsoft Corporation\nCommandLine: C:\\Windows\\system32\\net1 user macgyver /delete\nCurrentDirectory: C:\\Users\\flare\\Downloads\\RTA-master\\\nUser: flare-PC\\flare\nLogonGuid: {2D3B23BE-45CC-5BA2-0000-002020E30000}\nLogonId: 0xe320\nTerminalSessionId: 1\nIntegrityLevel: Medium\nHashes: MD5=2041012726EF7C95ED51C15C56545A7F,SHA256=A0BE13AC9443ACC6D2EEA474CC82A727BDB7E1009F573DBA34D269F9A6AAA347\nParentProcessGuid: {2D3B23BE-4AEB-5BA2-0000-0010799C1500}\nParentProcessId: 1796\nParentImage: C:\\Windows\\SysWOW64\\net.exe\nParentCommandLine: net.exe user macgyver /delete","@version":"1","beat":{"version":"6.4.0","name":"flare-PC","hostname":"flare-PC"},"tags":["beats_input_codec_plain_applied"],"task":"Process Create (rule: ProcessCreate)","event_id":1,"type":"wineventlog","version":5,"user":{"name":"SYSTEM","identifier":"S-1-5-18","domain":"NT-AUTORITÄT","type":"User"},"host":{"name":"flare-PC"},"record_number":"1340","opcode":"Info"}
{"index":{"_index":"winlogbeat-6.4.0-2018.09.19","_type":"doc","_id":"UF_18WUBfVn9xHWimjy8"}}
{"thread_id":1824,"event_data":{"ParentProcessGuid":"{2D3B23BE-4AE7-5BA2-0000-001085E91400}","LogonId":"0xe320","UtcTime":"2018-09-19 13:11:06.066","Image":"C:\\Users\\flare\\Downloads\\RTA-master\\red_ttp\\bin\\msxsl.exe","Hashes":"MD5=3E9F31B4E2CD423C015D34D63047685E,SHA256=35BA7624F586086F32A01459FCC0AB755B01B49D571618AF456AA49E593734C7","User":"flare-PC\\flare","Product":"Command Line XSLT","ParentImage":"C:\\Program Files (x86)\\Python27\\python.exe","ParentCommandLine":"\"C:\\Program Files (x86)\\Python27\\python.exe\"  C:\\Users\\flare\\Downloads\\RTA-master\\red_ttp\\msxsl_network.py","FileVersion":"1.1.0.1","TerminalSessionId":"1","CommandLine":"C:\\Users\\flare\\Downloads\\RTA-master\\red_ttp\\bin\\msxsl.exe C:\\Users\\flare\\Downloads\\RTA-master\\red_ttp\\bin\\customers.xml C:\\Users\\flare\\Downloads\\RTA-master\\red_ttp\\bin\\cscript.xsl","ParentProcessId":"3892","Company":"Microsoft","CurrentDirectory":"C:\\Users\\flare\\Downloads\\RTA-master\\red_ttp\\","IntegrityLevel":"Medium","LogonGuid":"{2D3B23BE-45CC-5BA2-0000-002020E30000}","Description":"msxsl","ProcessId":"1344","ProcessGuid":"{2D3B23BE-4AEA-5BA2-0000-001099591500}"},"@timestamp":"2018-09-19T13:11:06.066Z","log_name":"Microsoft-Windows-Sysmon/Operational","level":"Informationen","computer_name":"flare-PC","source_name":"Microsoft-Windows-Sysmon","process_id":1304,"message":"Process Create:\nRuleName: \nUtcTime: 2018-09-19 13:11:06.066\nProcessGuid: {2D3B23BE-4AEA-5BA2-0000-001099591500}\nProcessId: 1344\nImage: C:\\Users\\flare\\Downloads\\RTA-master\\red_ttp\\bin\\msxsl.exe\nFileVersion: 1.1.0.1\nDescription: msxsl\nProduct: Command Line XSLT\nCompany: Microsoft\nCommandLine: C:\\Users\\flare\\Downloads\\RTA-master\\red_ttp\\bin\\msxsl.exe C:\\Users\\flare\\Downloads\\RTA-master\\red_ttp\\bin\\customers.xml C:\\Users\\flare\\Downloads\\RTA-master\\red_ttp\\bin\\cscript.xsl\nCurrentDirectory: C:\\Users\\flare\\Downloads\\RTA-master\\red_ttp\\\nUser: flare-PC\\flare\nLogonGuid: {2D3B23BE-45CC-5BA2-0000-002020E30000}\nLogonId: 0xe320\nTerminalSessionId: 1\nIntegrityLevel: Medium\nHashes: MD5=3E9F31B4E2CD423C015D34D63047685E,SHA256=35BA7624F586086F32A01459FCC0AB755B01B49D571618AF456AA49E593734C7\nParentProcessGuid: {2D3B23BE-4AE7-5BA2-0000-001085E91400}\nParentProcessId: 3892\nParentImage: C:\\Program Files (x86)\\Python27\\python.exe\nParentCommandLine: \"C:\\Program Files (x86)\\Python27\\python.exe\"  C:\\Users\\flare\\Downloads\\RTA-master\\red_ttp\\msxsl_network.py","@version":"1","provider_guid":"{5770385F-C22A-43E0-BF4C-06F5698FFBD9}","beat":{"version":"6.4.0","name":"flare-PC","hostname":"flare-PC"},"tags":["beats_input_codec_plain_applied"],"type":"wineventlog","record_number":"1325","event_id":1,"host":{"name":"flare-PC"},"user":{"name":"SYSTEM","identifier":"S-1-5-18","domain":"NT-AUTORITÄT","type":"User"},"task":"Process Create (rule: ProcessCreate)","version":5,"opcode":"Info"}
{"index":{"_index":"winlogbeat-6.4.0-2018.09.19","_type":"doc","_id":"UV_18WUBfVn9xHWimjy8"}}
{"thread_id":1824,"event_data":{"UtcTime":"2018-09-19 13:11:06.394","Image":"C:\\Users\\flare\\Downloads\\RTA-master\\red_ttp\\bin\\msxsl.exe","ProcessId":"1344","ProcessGuid":"{2D3B23BE-4AEA-5BA2-0000-001099591500}"},"@timestamp":"2018-09-19T13:11:06.410Z","log_name":"Microsoft-Windows-Sysmon/Operational","level":"Informationen","computer_name":"flare-PC","source_name":"Microsoft-Windows-Sysmon","process_id":1304,"message":"Process terminated:\nRuleName: \nUtcTime: 2018-09-19 13:11:06.394\nProcessGuid: {2D3B23BE-4AEA-5BA2-0000-001099591500}\nProcessId: 1344\nImage: C:\\Users\\flare\\Downloads\\RTA-master\\red_ttp\\bin\\msxsl.exe","@version":"1","provider_guid":"{5770385F-C22A-43E0-BF4C-06F5698FFBD9}","beat":{"version":"6.4.0","name":"flare-PC","hostname":"flare-PC"},"tags":["beats_input_codec_plain_applied"],"task":"Process terminated (rule: ProcessTerminate)","record_number":"1326","event_id":5,"host":{"name":"flare-PC"},"user":{"name":"SYSTEM","identifier":"S-1-5-18","domain":"NT-AUTORITÄT","type":"User"},"version":3,"type":"wineventlog","opcode":"Info"}
{"index":{"_index":"winlogbeat-6.4.0-2018.09.19","_type":"doc","_id":"Wl_18WUBfVn9xHWimjy8"}}
{"thread_id":1824,"event_data":{"LogonId":"0xe320","User":"flare-PC\\flare","UtcTime":"2018-09-19 13:11:07.524","Hashes":"MD5=2041012726EF7C95ED51C15C56545A7F,SHA256=A0BE13AC9443ACC6D2EEA474CC82A727BDB7E1009F573DBA34D269F9A6AAA347","Image":"C:\\Windows\\SysWOW64\\net1.exe","Description":"Net Command","Product":"Microsoft® Windows® Operating System","ParentImage":"C:\\Windows\\SysWOW64\\net.exe","FileVersion":"6.1.7601.17514 (win7sp1_rtm.101119-1850)","ParentCommandLine":"net.exe localgroup Administrators macgyver /add","TerminalSessionId":"1","Company":"Microsoft Corporation","ParentProcessId":"3832","ProcessId":"3728","CommandLine":"C:\\Windows\\system32\\net1 localgroup Administrators macgyver /add","IntegrityLevel":"Medium","ParentProcessGuid":"{2D3B23BE-4AEB-5BA2-0000-0010BA991500}","CurrentDirectory":"C:\\Users\\flare\\Downloads\\RTA-master\\","LogonGuid":"{2D3B23BE-45CC-5BA2-0000-002020E30000}","ProcessGuid":"{2D3B23BE-4AEB-5BA2-0000-0010F29A1500}"},"@timestamp":"2018-09-19T13:11:07.524Z","log_name":"Microsoft-Windows-Sysmon/Operational","level":"Informationen","computer_name":"flare-PC","source_name":"Microsoft-Windows-Sysmon","process_id":1304,"message":"Process Create:\nRuleName: \nUtcTime: 2018-09-19 13:11:07.524\nProcessGuid: {2D3B23BE-4AEB-5BA2-0000-0010F29A1500}\nProcessId: 3728\nImage: C:\\Windows\\SysWOW64\\net1.exe\nFileVersion: 6.1.7601.17514 (win7sp1_rtm.101119-1850)\nDescription: Net Command\nProduct: Microsoft® Windows® Operating System\nCompany: Microsoft Corporation\nCommandLine: C:\\Windows\\system32\\net1 localgroup Administrators macgyver /add\nCurrentDirectory: C:\\Users\\flare\\Downloads\\RTA-master\\\nUser: flare-PC\\flare\nLogonGuid: {2D3B23BE-45CC-5BA2-0000-002020E30000}\nLogonId: 0xe320\nTerminalSessionId: 1\nIntegrityLevel: Medium\nHashes: MD5=2041012726EF7C95ED51C15C56545A7F,SHA256=A0BE13AC9443ACC6D2EEA474CC82A727BDB7E1009F573DBA34D269F9A6AAA347\nParentProcessGuid: {2D3B23BE-4AEB-5BA2-0000-0010BA991500}\nParentProcessId: 3832\nParentImage: C:\\Windows\\SysWOW64\\net.exe\nParentCommandLine: net.exe localgroup Administrators macgyver /add","@version":"1","provider_guid":"{5770385F-C22A-43E0-BF4C-06F5698FFBD9}","beat":{"version":"6.4.0","name":"flare-PC","hostname":"flare-PC"},"tags":["beats_input_codec_plain_applied"],"task":"Process Create (rule: ProcessCreate)","event_id":1,"record_number":"1338","host":{"name":"flare-PC"},"user":{"name":"SYSTEM","identifier":"S-1-5-18","type":"User","domain":"NT-AUTORITÄT"},"type":"wineventlog","version":5,"opcode":"Info"}
{"index":{"_index":"winlogbeat-6.4.0-2018.09.19","_type":"doc","_id":"f1_28WUBfVn9xHWiszyt"}}
{"thread_id":1824,"event_data":{"LogonId":"0xe320","ParentProcessGuid":"{2D3B23BE-4B30-5BA2-0000-001016C41600}","UtcTime":"2018-09-19 13:12:16.850","Hashes":"MD5=EB32C070E658937AA9FA9F3AE629B2B8,SHA256=70BA57FB0BF2F34B86426D21559F5F6D05C1268193904DE8E959D7B06CE964CE","Description":"Windows PowerShell","Product":"Betriebssystem Microsoft® Windows®","Image":"C:\\Windows\\SysWOW64\\WindowsPowerShell\\v1.0\\powershell.exe","ParentImage":"C:\\Program Files (x86)\\Python27\\python.exe","ParentCommandLine":"\"C:\\Program Files (x86)\\Python27\\python.exe\"  C:\\Users\\flare\\Downloads\\RTA-master\\red_ttp\\powershell_args.py","User":"flare-PC\\flare","TerminalSessionId":"1","CommandLine":"powershell -encoded cABpAG4AZwAgAGcAbwBvAGcAbABlAC4AYwBvAG0A","ParentProcessId":"2940","ProcessId":"1132","CurrentDirectory":"C:\\Users\\flare\\Downloads\\RTA-master\\","IntegrityLevel":"Medium","FileVersion":"10.0.14409.1005 (rs1_srvoob.161208-1155)","LogonGuid":"{2D3B23BE-45CC-5BA2-0000-002020E30000}","Company":"Microsoft Corporation","ProcessGuid":"{2D3B23BE-4B30-5BA2-0000-001085EF1600}"},"@timestamp":"2018-09-19T13:12:16.861Z","log_name":"Microsoft-Windows-Sysmon/Operational","level":"Informationen","computer_name":"flare-PC","source_name":"Microsoft-Windows-Sysmon","process_id":1304,"message":"Process Create:\nRuleName: \nUtcTime: 2018-09-19 13:12:16.850\nProcessGuid: {2D3B23BE-4B30-5BA2-0000-001085EF1600}\nProcessId: 1132\nImage: C:\\Windows\\SysWOW64\\WindowsPowerShell\\v1.0\\powershell.exe\nFileVersion: 10.0.14409.1005 (rs1_srvoob.161208-1155)\nDescription: Windows PowerShell\nProduct: Betriebssystem Microsoft® Windows®\nCompany: Microsoft Corporation\nCommandLine: powershell -encoded cABpAG4AZwAgAGcAbwBvAGcAbABlAC4AYwBvAG0A\nCurrentDirectory: C:\\Users\\flare\\Downloads\\RTA-master\\\nUser: flare-PC\\flare\nLogonGuid: {2D3B23BE-45CC-5BA2-0000-002020E30000}\nLogonId: 0xe320\nTerminalSessionId: 1\nIntegrityLevel: Medium\nHashes: MD5=EB32C070E658937AA9FA9F3AE629B2B8,SHA256=70BA57FB0BF2F34B86426D21559F5F6D05C1268193904DE8E959D7B06CE964CE\nParentProcessGuid: {2D3B23BE-4B30-5BA2-0000-001016C41600}\nParentProcessId: 2940\nParentImage: C:\\Program Files (x86)\\Python27\\python.exe\nParentCommandLine: \"C:\\Program Files (x86)\\Python27\\python.exe\"  C:\\Users\\flare\\Downloads\\RTA-master\\red_ttp\\powershell_args.py","@version":"1","provider_guid":"{5770385F-C22A-43E0-BF4C-06F5698FFBD9}","beat":{"version":"6.4.0","name":"flare-PC","hostname":"flare-PC"},"tags":["beats_input_codec_plain_applied"],"type":"wineventlog","record_number":"1374","task":"Process Create (rule: ProcessCreate)","event_id":1,"version":5,"host":{"name":"flare-PC"},"user":{"name":"SYSTEM","domain":"NT-AUTORITÄT","type":"User","identifier":"S-1-5-18"},"opcode":"Info"}
{"index":{"_index":"winlogbeat-6.4.0-2018.09.19","_type":"doc","_id":"gF_28WUBfVn9xHWiszyu"}}
{"thread_id":1824,"event_data":{"CreationUtcTime":"2018-09-19 13:12:16.834","UtcTime":"2018-09-19 13:12:16.834","Image":"C:\\Program Files (x86)\\Python27\\python.exe","TargetFilename":"C:\\Users\\flare\\Downloads\\RTA-master\\tmp.ps1","ProcessId":"2940","ProcessGuid":"{2D3B23BE-4B30-5BA2-0000-001016C41600}"},"@timestamp":"2018-09-19T13:12:16.834Z","log_name":"Microsoft-Windows-Sysmon/Operational","level":"Informationen","computer_name":"flare-PC","source_name":"Microsoft-Windows-Sysmon","process_id":1304,"provider_guid":"{5770385F-C22A-43E0-BF4C-06F5698FFBD9}","message":"File created:\nRuleName: \nUtcTime: 2018-09-19 13:12:16.834\nProcessGuid: {2D3B23BE-4B30-5BA2-0000-001016C41600}\nProcessId: 2940\nImage: C:\\Program Files (x86)\\Python27\\python.exe\nTargetFilename: C:\\Users\\flare\\Downloads\\RTA-master\\tmp.ps1\nCreationUtcTime: 2018-09-19 13:12:16.834","@version":"1","beat":{"version":"6.4.0","name":"flare-PC","hostname":"flare-PC"},"tags":["beats_input_codec_plain_applied"],"type":"wineventlog","record_number":"1373","event_id":11,"host":{"name":"flare-PC"},"user":{"domain":"NT-AUTORITÄT","identifier":"S-1-5-18","type":"User","name":"SYSTEM"},"version":2,"task":"File created (rule: FileCreate)","opcode":"Info"}
{"index":{"_index":"winlogbeat-6.4.0-2018.09.19","_type":"doc","_id":"gV_28WUBfVn9xHWiszyv"}}
{"thread_id":1824,"event_data":{"LogonId":"0xe320","User":"flare-PC\\flare","UtcTime":"2018-09-19 13:12:16.381","Hashes":"MD5=AD7B9C14083B52BC532FBA5948342B98,SHA256=17F746D82695FA9B35493B41859D39D786D32B23A9D2E00F4011DEC7A02402AE","Product":"Betriebssystem Microsoft® Windows®","ParentProcessGuid":"{2D3B23BE-4A1C-5BA2-0000-0010C8100B00}","Image":"C:\\Windows\\SysWOW64\\cmd.exe","FileVersion":"6.1.7601.17514 (win7sp1_rtm.101119-1850)","ParentCommandLine":"\"C:\\Program Files (x86)\\Python27\\python.exe\" \"C:\\Users\\flare\\Downloads\\RTA-master\\run_all.py\" ","ParentImage":"C:\\Program Files (x86)\\Python27\\python.exe","Company":"Microsoft Corporation","TerminalSessionId":"1","CurrentDirectory":"C:\\Users\\flare\\Downloads\\RTA-master\\","ProcessId":"3636","LogonGuid":"{2D3B23BE-45CC-5BA2-0000-002020E30000}","IntegrityLevel":"Medium","ParentProcessId":"3756","CommandLine":"C:\\Windows\\system32\\cmd.exe /c \"\"C:\\Program Files (x86)\\Python27\\python.exe\" C:\\Users\\flare\\Downloads\\RTA-master\\red_ttp\\powershell_args.py\"","Description":"Windows-Befehlsprozessor","ProcessGuid":"{2D3B23BE-4B30-5BA2-0000-0010AAC21600}"},"@timestamp":"2018-09-19T13:12:16.381Z","log_name":"Microsoft-Windows-Sysmon/Operational","level":"Informationen","computer_name":"flare-PC","source_name":"Microsoft-Windows-Sysmon","process_id":1304,"message":"Process Create:\nRuleName: \nUtcTime: 2018-09-19 13:12:16.381\nProcessGuid: {2D3B23BE-4B30-5BA2-0000-0010AAC21600}\nProcessId: 3636\nImage: C:\\Windows\\SysWOW64\\cmd.exe\nFileVersion: 6.1.7601.17514 (win7sp1_rtm.101119-1850)\nDescription: Windows-Befehlsprozessor\nProduct: Betriebssystem Microsoft® Windows®\nCompany: Microsoft Corporation\nCommandLine: C:\\Windows\\system32\\cmd.exe /c \"\"C:\\Program Files (x86)\\Python27\\python.exe\" C:\\Users\\flare\\Downloads\\RTA-master\\red_ttp\\powershell_args.py\"\nCurrentDirectory: C:\\Users\\flare\\Downloads\\RTA-master\\\nUser: flare-PC\\flare\nLogonGuid: {2D3B23BE-45CC-5BA2-0000-002020E30000}\nLogonId: 0xe320\nTerminalSessionId: 1\nIntegrityLevel: Medium\nHashes: MD5=AD7B9C14083B52BC532FBA5948342B98,SHA256=17F746D82695FA9B35493B41859D39D786D32B23A9D2E00F4011DEC7A02402AE\nParentProcessGuid: {2D3B23BE-4A1C-5BA2-0000-0010C8100B00}\nParentProcessId: 3756\nParentImage: C:\\Program Files (x86)\\Python27\\python.exe\nParentCommandLine: \"C:\\Program Files (x86)\\Python27\\python.exe\" \"C:\\Users\\flare\\Downloads\\RTA-master\\run_all.py\" ","@version":"1","provider_guid":"{5770385F-C22A-43E0-BF4C-06F5698FFBD9}","beat":{"version":"6.4.0","name":"flare-PC","hostname":"flare-PC"},"tags":["beats_input_codec_plain_applied"],"task":"Process Create (rule: ProcessCreate)","record_number":"1371","event_id":1,"host":{"name":"flare-PC"},"user":{"name":"SYSTEM","identifier":"S-1-5-18","type":"User","domain":"NT-AUTORITÄT"},"type":"wineventlog","version":5,"opcode":"Info"}
{"index":{"_index":"winlogbeat-6.4.0-2018.09.19","_type":"doc","_id":"g1_28WUBfVn9xHWivDwm"}}
{"thread_id":1824,"event_data":{"ParentProcessGuid":"{2D3B23BE-4B30-5BA2-0000-001085EF1600}","Product":"Betriebssystem Microsoft® Windows®","User":"flare-PC\\flare","Hashes":"MD5=6242E3D67787CCBF4E06AD2982853144,SHA256=4CA10DBA7FF487FDB3F1362A3681D7D929F5AA1262CDFD31B04C30826983FB1D","Description":"TCP/IP-Befehl Ping","Image":"C:\\Windows\\SysWOW64\\PING.EXE","UtcTime":"2018-09-19 13:12:17.492","ParentImage":"C:\\Windows\\SysWOW64\\WindowsPowerShell\\v1.0\\powershell.exe","ParentCommandLine":"powershell -encoded cABpAG4AZwAgAGcAbwBvAGcAbABlAC4AYwBvAG0A","FileVersion":"6.1.7600.16385 (win7_rtm.090713-1255)","TerminalSessionId":"1","LogonGuid":"{2D3B23BE-45CC-5BA2-0000-002020E30000}","CommandLine":"\"C:\\Windows\\system32\\PING.EXE\" google.com","ProcessId":"320","CurrentDirectory":"C:\\Users\\flare\\Downloads\\RTA-master\\","IntegrityLevel":"Medium","Company":"Microsoft Corporation","ParentProcessId":"1132","LogonId":"0xe320","ProcessGuid":"{2D3B23BE-4B31-5BA2-0000-00102CFD1600}"},"@timestamp":"2018-09-19T13:12:17.507Z","log_name":"Microsoft-Windows-Sysmon/Operational","level":"Informationen","computer_name":"flare-PC","source_name":"Microsoft-Windows-Sysmon","process_id":1304,"message":"Process Create:\nRuleName: \nUtcTime: 2018-09-19 13:12:17.492\nProcessGuid: {2D3B23BE-4B31-5BA2-0000-00102CFD1600}\nProcessId: 320\nImage: C:\\Windows\\SysWOW64\\PING.EXE\nFileVersion: 6.1.7600.16385 (win7_rtm.090713-1255)\nDescription: TCP/IP-Befehl Ping\nProduct: Betriebssystem Microsoft® Windows®\nCompany: Microsoft Corporation\nCommandLine: \"C:\\Windows\\system32\\PING.EXE\" google.com\nCurrentDirectory: C:\\Users\\flare\\Downloads\\RTA-master\\\nUser: flare-PC\\flare\nLogonGuid: {2D3B23BE-45CC-5BA2-0000-002020E30000}\nLogonId: 0xe320\nTerminalSessionId: 1\nIntegrityLevel: Medium\nHashes: MD5=6242E3D67787CCBF4E06AD2982853144,SHA256=4CA10DBA7FF487FDB3F1362A3681D7D929F5AA1262CDFD31B04C30826983FB1D\nParentProcessGuid: {2D3B23BE-4B30-5BA2-0000-001085EF1600}\nParentProcessId: 1132\nParentImage: C:\\Windows\\SysWOW64\\WindowsPowerShell\\v1.0\\powershell.exe\nParentCommandLine: powershell -encoded cABpAG4AZwAgAGcAbwBvAGcAbABlAC4AYwBvAG0A","@version":"1","provider_guid":"{5770385F-C22A-43E0-BF4C-06F5698FFBD9}","beat":{"version":"6.4.0","name":"flare-PC","hostname":"flare-PC"},"tags":["beats_input_codec_plain_applied"],"type":"wineventlog","event_id":1,"record_number":"1376","host":{"name":"flare-PC"},"user":{"name":"SYSTEM","identifier":"S-1-5-18","domain":"NT-AUTORITÄT","type":"User"},"version":5,"task":"Process Create (rule: ProcessCreate)","opcode":"Info"}
{"index":{"_index":"winlogbeat-6.4.0-2018.09.19","_type":"doc","_id":"h1_28WUBfVn9xHWixTyO"}}
{"thread_id":1824,"event_data":{"ParentProcessGuid":"{2D3B23BE-4B30-5BA2-0000-001016C41600}","User":"flare-PC\\flare","Product":"Betriebssystem Microsoft® Windows®","Hashes":"MD5=EB32C070E658937AA9FA9F3AE629B2B8,SHA256=70BA57FB0BF2F34B86426D21559F5F6D05C1268193904DE8E959D7B06CE964CE","Image":"C:\\Windows\\SysWOW64\\WindowsPowerShell\\v1.0\\powershell.exe","Description":"Windows PowerShell","LogonId":"0xe320","ParentImage":"C:\\Program Files (x86)\\Python27\\python.exe","ParentCommandLine":"\"C:\\Program Files (x86)\\Python27\\python.exe\"  C:\\Users\\flare\\Downloads\\RTA-master\\red_ttp\\powershell_args.py","FileVersion":"10.0.14409.1005 (rs1_srvoob.161208-1155)","LogonGuid":"{2D3B23BE-45CC-5BA2-0000-002020E30000}","CommandLine":"powershell.exe -ExecutionPol Bypass C:\\Users\\flare\\Downloads\\RTA-master\\tmp.ps1","ParentProcessId":"2940","CurrentDirectory":"C:\\Users\\flare\\Downloads\\RTA-master\\","Company":"Microsoft Corporation","IntegrityLevel":"Medium","TerminalSessionId":"1","ProcessId":"2184","UtcTime":"2018-09-19 13:12:20.648","ProcessGuid":"{2D3B23BE-4B34-5BA2-0000-001077001700}"},"@timestamp":"2018-09-19T13:12:20.648Z","log_name":"Microsoft-Windows-Sysmon/Operational","level":"Informationen","computer_name":"flare-PC","source_name":"Microsoft-Windows-Sysmon","process_id":1304,"provider_guid":"{5770385F-C22A-43E0-BF4C-06F5698FFBD9}","message":"Process Create:\nRuleName: \nUtcTime: 2018-09-19 13:12:20.648\nProcessGuid: {2D3B23BE-4B34-5BA2-0000-001077001700}\nProcessId: 2184\nImage: C:\\Windows\\SysWOW64\\WindowsPowerShell\\v1.0\\powershell.exe\nFileVersion: 10.0.14409.1005 (rs1_srvoob.161208-1155)\nDescription: Windows PowerShell\nProduct: Betriebssystem Microsoft® Windows®\nCompany: Microsoft Corporation\nCommandLine: powershell.exe -ExecutionPol Bypass C:\\Users\\flare\\Downloads\\RTA-master\\tmp.ps1\nCurrentDirectory: C:\\Users\\flare\\Downloads\\RTA-master\\\nUser: flare-PC\\flare\nLogonGuid: {2D3B23BE-45CC-5BA2-0000-002020E30000}\nLogonId: 0xe320\nTerminalSessionId: 1\nIntegrityLevel: Medium\nHashes: MD5=EB32C070E658937AA9FA9F3AE629B2B8,SHA256=70BA57FB0BF2F34B86426D21559F5F6D05C1268193904DE8E959D7B06CE964CE\nParentProcessGuid: {2D3B23BE-4B30-5BA2-0000-001016C41600}\nParentProcessId: 2940\nParentImage: C:\\Program Files (x86)\\Python27\\python.exe\nParentCommandLine: \"C:\\Program Files (x86)\\Python27\\python.exe\"  C:\\Users\\flare\\Downloads\\RTA-master\\red_ttp\\powershell_args.py","@version":"1","beat":{"version":"6.4.0","name":"flare-PC","hostname":"flare-PC"},"tags":["beats_input_codec_plain_applied"],"task":"Process Create (rule: ProcessCreate)","record_number":"1377","event_id":1,"version":5,"user":{"name":"SYSTEM","domain":"NT-AUTORITÄT","type":"User","identifier":"S-1-5-18"},"type":"wineventlog","host":{"name":"flare-PC"},"opcode":"Info"}
{"index":{"_index":"winlogbeat-6.4.0-2018.09.19","_type":"doc","_id":"hV_28WUBfVn9xHWixTyO"}}
{"thread_id":1824,"event_data":{"LogonId":"0xe320","User":"flare-PC\\flare","UtcTime":"2018-09-19 13:12:20.897","Image":"C:\\Windows\\SysWOW64\\whoami.exe","ParentProcessGuid":"{2D3B23BE-4B34-5BA2-0000-001077001700}","Product":"Betriebssystem Microsoft® Windows®","Description":"whoami - Zeigt Informationen über angemeldete Benutzer an.","ParentImage":"C:\\Windows\\SysWOW64\\WindowsPowerShell\\v1.0\\powershell.exe","FileVersion":"6.1.7600.16385 (win7_rtm.090713-1255)","ParentCommandLine":"powershell.exe -ExecutionPol Bypass C:\\Users\\flare\\Downloads\\RTA-master\\tmp.ps1","LogonGuid":"{2D3B23BE-45CC-5BA2-0000-002020E30000}","Company":"Microsoft Corporation","CurrentDirectory":"C:\\Users\\flare\\Downloads\\RTA-master\\","ProcessId":"3100","TerminalSessionId":"1","IntegrityLevel":"Medium","ParentProcessId":"2184","CommandLine":"\"C:\\Windows\\system32\\whoami.exe\"","Hashes":"MD5=0EBF71E33EF09CA65D9683AFA999C473,SHA256=599EFD455AEEEFE2044A9B597061F271595033F5D0DF2C99DFDBCA8394BBCEC3","ProcessGuid":"{2D3B23BE-4B34-5BA2-0000-0010F80F1700}"},"@timestamp":"2018-09-19T13:12:20.897Z","log_name":"Microsoft-Windows-Sysmon/Operational","level":"Informationen","computer_name":"flare-PC","source_name":"Microsoft-Windows-Sysmon","process_id":1304,"message":"Process Create:\nRuleName: \nUtcTime: 2018-09-19 13:12:20.897\nProcessGuid: {2D3B23BE-4B34-5BA2-0000-0010F80F1700}\nProcessId: 3100\nImage: C:\\Windows\\SysWOW64\\whoami.exe\nFileVersion: 6.1.7600.16385 (win7_rtm.090713-1255)\nDescription: whoami - Zeigt Informationen über angemeldete Benutzer an.\nProduct: Betriebssystem Microsoft® Windows®\nCompany: Microsoft Corporation\nCommandLine: \"C:\\Windows\\system32\\whoami.exe\"\nCurrentDirectory: C:\\Users\\flare\\Downloads\\RTA-master\\\nUser: flare-PC\\flare\nLogonGuid: {2D3B23BE-45CC-5BA2-0000-002020E30000}\nLogonId: 0xe320\nTerminalSessionId: 1\nIntegrityLevel: Medium\nHashes: MD5=0EBF71E33EF09CA65D9683AFA999C473,SHA256=599EFD455AEEEFE2044A9B597061F271595033F5D0DF2C99DFDBCA8394BBCEC3\nParentProcessGuid: {2D3B23BE-4B34-5BA2-0000-001077001700}\nParentProcessId: 2184\nParentImage: C:\\Windows\\SysWOW64\\WindowsPowerShell\\v1.0\\powershell.exe\nParentCommandLine: powershell.exe -ExecutionPol Bypass C:\\Users\\flare\\Downloads\\RTA-master\\tmp.ps1","@version":"1","provider_guid":"{5770385F-C22A-43E0-BF4C-06F5698FFBD9}","beat":{"version":"6.4.0","name":"flare-PC","hostname":"flare-PC"},"tags":["beats_input_codec_plain_applied"],"task":"Process Create (rule: ProcessCreate)","event_id":1,"record_number":"1379","version":5,"type":"wineventlog","user":{"name":"SYSTEM","identifier":"S-1-5-18","type":"User","domain":"NT-AUTORITÄT"},"host":{"name":"flare-PC"},"opcode":"Info"}
{"index":{"_index":"winlogbeat-6.4.0-2018.09.19","_type":"doc","_id":"jl_28WUBfVn9xHWi1TyG"}}
{"thread_id":1824,"event_data":{"ParentProcessGuid":"{2D3B23BE-4B36-5BA2-0000-001084321700}","Product":"?","UtcTime":"2018-09-19 13:12:23.569","User":"flare-PC\\flare","LogonId":"0xe320","Image":"C:\\Users\\flare\\Downloads\\RTA-master\\evil.com","Description":"?","ParentImage":"C:\\Program Files (x86)\\Python27\\python.exe","FileVersion":"?","ParentCommandLine":"\"C:\\Program Files (x86)\\Python27\\python.exe\"  C:\\Users\\flare\\Downloads\\RTA-master\\red_ttp\\process_extension_anomalies.py","TerminalSessionId":"1","CommandLine":"evil.com","CurrentDirectory":"C:\\Users\\flare\\Downloads\\RTA-master\\","ParentProcessId":"1696","LogonGuid":"{2D3B23BE-45CC-5BA2-0000-002020E30000}","IntegrityLevel":"Medium","Company":"?","ProcessId":"4056","Hashes":"MD5=0D19266C09D4DEAC5836E572BE912A39,SHA256=DAB5DC65269C0F834EADE5177F8FB486C08685EB6773369576303855F70EF82F","ProcessGuid":"{2D3B23BE-4B37-5BA2-0000-0010555D1700}"},"@timestamp":"2018-09-19T13:12:23.584Z","log_name":"Microsoft-Windows-Sysmon/Operational","level":"Informationen","computer_name":"flare-PC","source_name":"Microsoft-Windows-Sysmon","process_id":1304,"provider_guid":"{5770385F-C22A-43E0-BF4C-06F5698FFBD9}","message":"Process Create:\nRuleName: \nUtcTime: 2018-09-19 13:12:23.569\nProcessGuid: {2D3B23BE-4B37-5BA2-0000-0010555D1700}\nProcessId: 4056\nImage: C:\\Users\\flare\\Downloads\\RTA-master\\evil.com\nFileVersion: ?\nDescription: ?\nProduct: ?\nCompany: ?\nCommandLine: evil.com\nCurrentDirectory: C:\\Users\\flare\\Downloads\\RTA-master\\\nUser: flare-PC\\flare\nLogonGuid: {2D3B23BE-45CC-5BA2-0000-002020E30000}\nLogonId: 0xe320\nTerminalSessionId: 1\nIntegrityLevel: Medium\nHashes: MD5=0D19266C09D4DEAC5836E572BE912A39,SHA256=DAB5DC65269C0F834EADE5177F8FB486C08685EB6773369576303855F70EF82F\nParentProcessGuid: {2D3B23BE-4B36-5BA2-0000-001084321700}\nParentProcessId: 1696\nParentImage: C:\\Program Files (x86)\\Python27\\python.exe\nParentCommandLine: \"C:\\Program Files (x86)\\Python27\\python.exe\"  C:\\Users\\flare\\Downloads\\RTA-master\\red_ttp\\process_extension_anomalies.py","@version":"1","beat":{"version":"6.4.0","name":"flare-PC","hostname":"flare-PC"},"tags":["beats_input_codec_plain_applied"],"type":"wineventlog","record_number":"1387","task":"Process Create (rule: ProcessCreate)","version":5,"host":{"name":"flare-PC"},"user":{"name":"SYSTEM","identifier":"S-1-5-18","type":"User","domain":"NT-AUTORITÄT"},"event_id":1,"opcode":"Info"}
{"index":{"_index":"winlogbeat-6.4.0-2018.09.19","_type":"doc","_id":"bV_18WUBfVn9xHWisDzg"}}
{"thread_id":1824,"event_data":{"CreationUtcTime":"2018-09-19 13:11:12.669","UtcTime":"2018-09-19 13:11:12.669","Image":"C:\\Windows\\SysWOW64\\cscript.exe","TargetFilename":"C:\\Users\\flare\\AppData\\Roaming\\Microsoft\\Windows\\Start Menu\\Programs\\Startup\\rta-vbs-persistence-startup.lnk","ProcessId":"2252","ProcessGuid":"{2D3B23BE-4AF0-5BA2-0000-0010B1FA1500}"},"@timestamp":"2018-09-19T13:11:12.669Z","log_name":"Microsoft-Windows-Sysmon/Operational","level":"Informationen","computer_name":"flare-PC","source_name":"Microsoft-Windows-Sysmon","process_id":1304,"message":"File created:\nRuleName: \nUtcTime: 2018-09-19 13:11:12.669\nProcessGuid: {2D3B23BE-4AF0-5BA2-0000-0010B1FA1500}\nProcessId: 2252\nImage: C:\\Windows\\SysWOW64\\cscript.exe\nTargetFilename: C:\\Users\\flare\\AppData\\Roaming\\Microsoft\\Windows\\Start Menu\\Programs\\Startup\\rta-vbs-persistence-startup.lnk\nCreationUtcTime: 2018-09-19 13:11:12.669","@version":"1","provider_guid":"{5770385F-C22A-43E0-BF4C-06F5698FFBD9}","beat":{"version":"6.4.0","name":"flare-PC","hostname":"flare-PC"},"tags":["beats_input_codec_plain_applied"],"type":"wineventlog","event_id":11,"record_number":"1355","task":"File created (rule: FileCreate)","user":{"name":"SYSTEM","identifier":"S-1-5-18","type":"User","domain":"NT-AUTORITÄT"},"version":2,"host":{"name":"flare-PC"},"opcode":"Info"}
{"index":{"_index":"winlogbeat-6.4.0-2018.09.19","_type":"doc","_id":"bl_18WUBfVn9xHWisDzg"}}
{"thread_id":1824,"event_data":{"CreationUtcTime":"2018-09-19 13:11:12.666","UtcTime":"2018-09-19 13:11:12.666","Image":"C:\\Windows\\SysWOW64\\cscript.exe","TargetFilename":"C:\\Users\\flare\\rta-vbs-persistence-startup-shortcut.vbs","ProcessId":"2252","ProcessGuid":"{2D3B23BE-4AF0-5BA2-0000-0010B1FA1500}"},"@timestamp":"2018-09-19T13:11:12.666Z","log_name":"Microsoft-Windows-Sysmon/Operational","level":"Informationen","computer_name":"flare-PC","source_name":"Microsoft-Windows-Sysmon","process_id":1304,"provider_guid":"{5770385F-C22A-43E0-BF4C-06F5698FFBD9}","message":"File created:\nRuleName: \nUtcTime: 2018-09-19 13:11:12.666\nProcessGuid: {2D3B23BE-4AF0-5BA2-0000-0010B1FA1500}\nProcessId: 2252\nImage: C:\\Windows\\SysWOW64\\cscript.exe\nTargetFilename: C:\\Users\\flare\\rta-vbs-persistence-startup-shortcut.vbs\nCreationUtcTime: 2018-09-19 13:11:12.666","@version":"1","beat":{"version":"6.4.0","name":"flare-PC","hostname":"flare-PC"},"tags":["beats_input_codec_plain_applied"],"task":"File created (rule: FileCreate)","record_number":"1354","event_id":11,"version":2,"host":{"name":"flare-PC"},"type":"wineventlog","user":{"name":"SYSTEM","identifier":"S-1-5-18","type":"User","domain":"NT-AUTORITÄT"},"opcode":"Info"}
{"index":{"_index":"winlogbeat-6.4.0-2018.09.19","_type":"doc","_id":"dl_18WUBfVn9xHWi1zzy"}}
{"thread_id":1824,"event_data":{"UtcTime":"2018-09-19 13:11:20.581","Image":"C:\\Windows\\Explorer.EXE","EventType":"CreateKey","TargetObject":"HKU\\S-1-5-21-4019173901-3792766986-1456451320-1001\\Software\\Microsoft\\Windows\\CurrentVersion\\Explorer\\FileExts\\.vbs","ProcessId":"1160","ProcessGuid":"{2D3B23BE-4AF8-5BA2-0000-0010F61C1600}"},"@timestamp":"2018-09-19T13:11:20.596Z","log_name":"Microsoft-Windows-Sysmon/Operational","level":"Informationen","computer_name":"flare-PC","source_name":"Microsoft-Windows-Sysmon","process_id":1304,"message":"Registry object added or deleted:\nRuleName: \nEventType: CreateKey\nUtcTime: 2018-09-19 13:11:20.581\nProcessGuid: {2D3B23BE-4AF8-5BA2-0000-0010F61C1600}\nProcessId: 1160\nImage: C:\\Windows\\Explorer.EXE\nTargetObject: HKU\\S-1-5-21-4019173901-3792766986-1456451320-1001\\Software\\Microsoft\\Windows\\CurrentVersion\\Explorer\\FileExts\\.vbs","@version":"1","provider_guid":"{5770385F-C22A-43E0-BF4C-06F5698FFBD9}","beat":{"version":"6.4.0","name":"flare-PC","hostname":"flare-PC"},"tags":["beats_input_codec_plain_applied"],"type":"wineventlog","record_number":"1366","event_id":12,"version":2,"host":{"name":"flare-PC"},"user":{"name":"SYSTEM","identifier":"S-1-5-18","type":"User","domain":"NT-AUTORITÄT"},"task":"Registry object added or deleted (rule: RegistryEvent)","opcode":"Info"}
{"index":{"_index":"winlogbeat-6.4.0-2018.09.19","_type":"doc","_id":"kl_28WUBfVn9xHWi_jzq"}}
{"thread_id":1824,"event_data":{"UtcTime":"2018-09-19 13:12:34.542","Image":"C:\\Users\\flare\\Downloads\\RTA-master\\bad.pif","ProcessId":"2100","ProcessGuid":"{2D3B23BE-4B3C-5BA2-0000-0010985F1700}"},"@timestamp":"2018-09-19T13:12:34.542Z","log_name":"Microsoft-Windows-Sysmon/Operational","level":"Informationen","computer_name":"flare-PC","source_name":"Microsoft-Windows-Sysmon","process_id":1304,"message":"Process terminated:\nRuleName: \nUtcTime: 2018-09-19 13:12:34.542\nProcessGuid: {2D3B23BE-4B3C-5BA2-0000-0010985F1700}\nProcessId: 2100\nImage: C:\\Users\\flare\\Downloads\\RTA-master\\bad.pif","@version":"1","provider_guid":"{5770385F-C22A-43E0-BF4C-06F5698FFBD9}","beat":{"version":"6.4.0","name":"flare-PC","hostname":"flare-PC"},"tags":["beats_input_codec_plain_applied"],"type":"wineventlog","record_number":"1391","task":"Process terminated (rule: ProcessTerminate)","version":3,"host":{"name":"flare-PC"},"user":{"name":"SYSTEM","identifier":"S-1-5-18","domain":"NT-AUTORITÄT","type":"User"},"event_id":5,"opcode":"Info"}
{"index":{"_index":"winlogbeat-6.4.0-2018.09.19","_type":"doc","_id":"4l_58WUBfVn9xHWieTzN"}}
{"thread_id":1824,"event_data":{"CreationUtcTime":"2018-09-19 13:15:12.042","UtcTime":"2018-09-19 13:15:12.042","Image":"C:\\Program Files (x86)\\Python27\\python.exe","TargetFilename":"C:\\Users\\flare\\Downloads\\RTA-master\\winword.exe","ProcessId":"1132","ProcessGuid":"{2D3B23BE-4BDF-5BA2-0000-001096FB1C00}"},"@timestamp":"2018-09-19T13:15:12.042Z","log_name":"Microsoft-Windows-Sysmon/Operational","level":"Informationen","computer_name":"flare-PC","source_name":"Microsoft-Windows-Sysmon","process_id":1304,"@version":"1","provider_guid":"{5770385F-C22A-43E0-BF4C-06F5698FFBD9}","message":"File created:\nRuleName: \nUtcTime: 2018-09-19 13:15:12.042\nProcessGuid: {2D3B23BE-4BDF-5BA2-0000-001096FB1C00}\nProcessId: 1132\nImage: C:\\Program Files (x86)\\Python27\\python.exe\nTargetFilename: C:\\Users\\flare\\Downloads\\RTA-master\\winword.exe\nCreationUtcTime: 2018-09-19 13:15:12.042","beat":{"version":"6.4.0","name":"flare-PC","hostname":"flare-PC"},"tags":["beats_input_codec_plain_applied"],"task":"File created (rule: FileCreate)","event_id":11,"record_number":"1465","version":2,"user":{"name":"SYSTEM","identifier":"S-1-5-18","domain":"NT-AUTORITÄT","type":"User"},"type":"wineventlog","host":{"name":"flare-PC"},"opcode":"Info"}
{"index":{"_index":"winlogbeat-6.4.0-2018.09.19","_type":"doc","_id":"5V_58WUBfVn9xHWieTzN"}}
{"thread_id":1824,"event_data":{"ParentProcessGuid":"{2D3B23BE-4BDF-5BA2-0000-001096FB1C00}","User":"flare-PC\\flare","Product":"Betriebssystem Microsoft® Windows®","Hashes":"MD5=AD7B9C14083B52BC532FBA5948342B98,SHA256=17F746D82695FA9B35493B41859D39D786D32B23A9D2E00F4011DEC7A02402AE","Image":"C:\\Users\\flare\\Downloads\\RTA-master\\winword.exe","Description":"Windows-Befehlsprozessor","UtcTime":"2018-09-19 13:15:12.654","ParentImage":"C:\\Program Files (x86)\\Python27\\python.exe","ParentCommandLine":"\"C:\\Program Files (x86)\\Python27\\python.exe\"  C:\\Users\\flare\\Downloads\\RTA-master\\red_ttp\\suspicious_office_children.py","FileVersion":"6.1.7601.17514 (win7sp1_rtm.101119-1850)","TerminalSessionId":"1","Company":"Microsoft Corporation","CurrentDirectory":"C:\\Users\\flare\\Downloads\\RTA-master\\","CommandLine":"C:\\Users\\flare\\Downloads\\RTA-master\\winword.exe /c powershell.exe exit","LogonGuid":"{2D3B23BE-45CC-5BA2-0000-002020E30000}","ProcessId":"2224","ParentProcessId":"1132","IntegrityLevel":"Medium","LogonId":"0xe320","ProcessGuid":"{2D3B23BE-4BE0-5BA2-0000-00109A2E1D00}"},"@timestamp":"2018-09-19T13:15:12.654Z","log_name":"Microsoft-Windows-Sysmon/Operational","level":"Informationen","computer_name":"flare-PC","source_name":"Microsoft-Windows-Sysmon","process_id":1304,"message":"Process Create:\nRuleName: \nUtcTime: 2018-09-19 13:15:12.654\nProcessGuid: {2D3B23BE-4BE0-5BA2-0000-00109A2E1D00}\nProcessId: 2224\nImage: C:\\Users\\flare\\Downloads\\RTA-master\\winword.exe\nFileVersion: 6.1.7601.17514 (win7sp1_rtm.101119-1850)\nDescription: Windows-Befehlsprozessor\nProduct: Betriebssystem Microsoft® Windows®\nCompany: Microsoft Corporation\nCommandLine: C:\\Users\\flare\\Downloads\\RTA-master\\winword.exe /c powershell.exe exit\nCurrentDirectory: C:\\Users\\flare\\Downloads\\RTA-master\\\nUser: flare-PC\\flare\nLogonGuid: {2D3B23BE-45CC-5BA2-0000-002020E30000}\nLogonId: 0xe320\nTerminalSessionId: 1\nIntegrityLevel: Medium\nHashes: MD5=AD7B9C14083B52BC532FBA5948342B98,SHA256=17F746D82695FA9B35493B41859D39D786D32B23A9D2E00F4011DEC7A02402AE\nParentProcessGuid: {2D3B23BE-4BDF-5BA2-0000-001096FB1C00}\nParentProcessId: 1132\nParentImage: C:\\Program Files (x86)\\Python27\\python.exe\nParentCommandLine: \"C:\\Program Files (x86)\\Python27\\python.exe\"  C:\\Users\\flare\\Downloads\\RTA-master\\red_ttp\\suspicious_office_children.py","@version":"1","provider_guid":"{5770385F-C22A-43E0-BF4C-06F5698FFBD9}","beat":{"version":"6.4.0","name":"flare-PC","hostname":"flare-PC"},"tags":["beats_input_codec_plain_applied"],"task":"Process Create (rule: ProcessCreate)","record_number":"1469","event_id":1,"version":5,"user":{"name":"SYSTEM","identifier":"S-1-5-18","type":"User","domain":"NT-AUTORITÄT"},"type":"wineventlog","host":{"name":"flare-PC"},"opcode":"Info"}
{"index":{"_index":"winlogbeat-6.4.0-2018.09.19","_type":"doc","_id":"4V_58WUBfVn9xHWieTzN"}}
{"thread_id":1824,"event_data":{"LogonId":"0xe320","User":"flare-PC\\flare","UtcTime":"2018-09-19 13:15:12.167","Product":"Windows Installer - Unicode","Description":"Windows® Installer","ParentProcessGuid":"{2D3B23BE-4BE0-5BA2-0000-001037261D00}","Hashes":"MD5=3C4C3A520CE2B15C81307D800FC2B7F6,SHA256=02D54BBA4210372805393E907827C3A8C1076BDE5DE0C9C63443104306BECA8D","FileVersion":"5.0.7600.16385 (win7_rtm.090713-1255)","ParentCommandLine":"C:\\Users\\flare\\Downloads\\RTA-master\\winword.exe /c msiexec.exe /i blah /quiet","ParentImage":"C:\\Users\\flare\\Downloads\\RTA-master\\winword.exe","LogonGuid":"{2D3B23BE-45CC-5BA2-0000-002020E30000}","CommandLine":"msiexec.exe  /i blah /quiet","ParentProcessId":"1696","CurrentDirectory":"C:\\Users\\flare\\Downloads\\RTA-master\\","Company":"Microsoft Corporation","IntegrityLevel":"Medium","Image":"C:\\Windows\\SysWOW64\\msiexec.exe","ProcessId":"3524","TerminalSessionId":"1","ProcessGuid":"{2D3B23BE-4BE0-5BA2-0000-0010DC271D00}"},"@timestamp":"2018-09-19T13:15:12.167Z","log_name":"Microsoft-Windows-Sysmon/Operational","level":"Informationen","computer_name":"flare-PC","source_name":"Microsoft-Windows-Sysmon","process_id":1304,"@version":"1","provider_guid":"{5770385F-C22A-43E0-BF4C-06F5698FFBD9}","message":"Process Create:\nRuleName: \nUtcTime: 2018-09-19 13:15:12.167\nProcessGuid: {2D3B23BE-4BE0-5BA2-0000-0010DC271D00}\nProcessId: 3524\nImage: C:\\Windows\\SysWOW64\\msiexec.exe\nFileVersion: 5.0.7600.16385 (win7_rtm.090713-1255)\nDescription: Windows® Installer\nProduct: Windows Installer - Unicode\nCompany: Microsoft Corporation\nCommandLine: msiexec.exe  /i blah /quiet\nCurrentDirectory: C:\\Users\\flare\\Downloads\\RTA-master\\\nUser: flare-PC\\flare\nLogonGuid: {2D3B23BE-45CC-5BA2-0000-002020E30000}\nLogonId: 0xe320\nTerminalSessionId: 1\nIntegrityLevel: Medium\nHashes: MD5=3C4C3A520CE2B15C81307D800FC2B7F6,SHA256=02D54BBA4210372805393E907827C3A8C1076BDE5DE0C9C63443104306BECA8D\nParentProcessGuid: {2D3B23BE-4BE0-5BA2-0000-001037261D00}\nParentProcessId: 1696\nParentImage: C:\\Users\\flare\\Downloads\\RTA-master\\winword.exe\nParentCommandLine: C:\\Users\\flare\\Downloads\\RTA-master\\winword.exe /c msiexec.exe /i blah /quiet","beat":{"version":"6.4.0","name":"flare-PC","hostname":"flare-PC"},"tags":["beats_input_codec_plain_applied"],"task":"Process Create (rule: ProcessCreate)","record_number":"1467","type":"wineventlog","host":{"name":"flare-PC"},"user":{"domain":"NT-AUTORITÄT","identifier":"S-1-5-18","type":"User","name":"SYSTEM"},"version":5,"event_id":1,"opcode":"Info"}
{"index":{"_index":"winlogbeat-6.4.0-2018.09.19","_type":"doc","_id":"6V_58WUBfVn9xHWieTzN"}}
{"thread_id":1824,"event_data":{"LogonId":"0xe320","Product":"?","UtcTime":"2018-09-19 13:15:11.605","Image":"C:\\Program Files (x86)\\Python27\\python.exe","Description":"?","User":"flare-PC\\flare","Hashes":"MD5=6E8B813C218546F9DF6F17F4B97B06EE,SHA256=C7817E6DA74A7AE196EB2D35CE21319ABE3A62CD23AB4DB39FA5138DF7CA1D44","ParentImage":"C:\\Windows\\SysWOW64\\cmd.exe","ParentCommandLine":"C:\\Windows\\system32\\cmd.exe /c \"\"C:\\Program Files (x86)\\Python27\\python.exe\" C:\\Users\\flare\\Downloads\\RTA-master\\red_ttp\\suspicious_office_children.py\"","ParentProcessGuid":"{2D3B23BE-4BDF-5BA2-0000-00105DFA1C00}","LogonGuid":"{2D3B23BE-45CC-5BA2-0000-002020E30000}","TerminalSessionId":"1","CurrentDirectory":"C:\\Users\\flare\\Downloads\\RTA-master\\","ProcessId":"1132","ParentProcessId":"3820","CommandLine":"\"C:\\Program Files (x86)\\Python27\\python.exe\"  C:\\Users\\flare\\Downloads\\RTA-master\\red_ttp\\suspicious_office_children.py","FileVersion":"?","IntegrityLevel":"Medium","Company":"?","ProcessGuid":"{2D3B23BE-4BDF-5BA2-0000-001096FB1C00}"},"@timestamp":"2018-09-19T13:15:11.605Z","log_name":"Microsoft-Windows-Sysmon/Operational","level":"Informationen","computer_name":"flare-PC","source_name":"Microsoft-Windows-Sysmon","process_id":1304,"@version":"1","provider_guid":"{5770385F-C22A-43E0-BF4C-06F5698FFBD9}","message":"Process Create:\nRuleName: \nUtcTime: 2018-09-19 13:15:11.605\nProcessGuid: {2D3B23BE-4BDF-5BA2-0000-001096FB1C00}\nProcessId: 1132\nImage: C:\\Program Files (x86)\\Python27\\python.exe\nFileVersion: ?\nDescription: ?\nProduct: ?\nCompany: ?\nCommandLine: \"C:\\Program Files (x86)\\Python27\\python.exe\"  C:\\Users\\flare\\Downloads\\RTA-master\\red_ttp\\suspicious_office_children.py\nCurrentDirectory: C:\\Users\\flare\\Downloads\\RTA-master\\\nUser: flare-PC\\flare\nLogonGuid: {2D3B23BE-45CC-5BA2-0000-002020E30000}\nLogonId: 0xe320\nTerminalSessionId: 1\nIntegrityLevel: Medium\nHashes: MD5=6E8B813C218546F9DF6F17F4B97B06EE,SHA256=C7817E6DA74A7AE196EB2D35CE21319ABE3A62CD23AB4DB39FA5138DF7CA1D44\nParentProcessGuid: {2D3B23BE-4BDF-5BA2-0000-00105DFA1C00}\nParentProcessId: 3820\nParentImage: C:\\Windows\\SysWOW64\\cmd.exe\nParentCommandLine: C:\\Windows\\system32\\cmd.exe /c \"\"C:\\Program Files (x86)\\Python27\\python.exe\" C:\\Users\\flare\\Downloads\\RTA-master\\red_ttp\\suspicious_office_children.py\"","beat":{"version":"6.4.0","name":"flare-PC","hostname":"flare-PC"},"tags":["beats_input_codec_plain_applied"],"type":"wineventlog","record_number":"1464","event_id":1,"host":{"name":"flare-PC"},"version":5,"user":{"name":"SYSTEM","domain":"NT-AUTORITÄT","type":"User","identifier":"S-1-5-18"},"task":"Process Create (rule: ProcessCreate)","opcode":"Info"}
{"index":{"_index":"winlogbeat-6.4.0-2018.09.19","_type":"doc","_id":"6l_58WUBfVn9xHWieTzN"}}
{"thread_id":1824,"event_data":{"UtcTime":"2018-09-19 13:15:12.246","Image":"C:\\Users\\flare\\Downloads\\RTA-master\\winword.exe","ProcessId":"1696","ProcessGuid":"{2D3B23BE-4BE0-5BA2-0000-001037261D00}"},"@timestamp":"2018-09-19T13:15:12.246Z","log_name":"Microsoft-Windows-Sysmon/Operational","level":"Informationen","computer_name":"flare-PC","source_name":"Microsoft-Windows-Sysmon","process_id":1304,"@version":"1","provider_guid":"{5770385F-C22A-43E0-BF4C-06F5698FFBD9}","message":"Process terminated:\nRuleName: \nUtcTime: 2018-09-19 13:15:12.246\nProcessGuid: {2D3B23BE-4BE0-5BA2-0000-001037261D00}\nProcessId: 1696\nImage: C:\\Users\\flare\\Downloads\\RTA-master\\winword.exe","beat":{"version":"6.4.0","name":"flare-PC","hostname":"flare-PC"},"tags":["beats_input_codec_plain_applied"],"type":"wineventlog","task":"Process terminated (rule: ProcessTerminate)","record_number":"1468","host":{"name":"flare-PC"},"version":3,"user":{"name":"SYSTEM","domain":"NT-AUTORITÄT","type":"User","identifier":"S-1-5-18"},"event_id":5,"opcode":"Info"}
