{"index":{"_index":"winlogbeat-6.4.0-2018.09.19","_type":"doc","_id":"xF_q8WUBfVn9xHWijzoX"}}
{"thread_id":1824,"event_data":{"CreationUtcTime":"2018-09-19 12:59:31.343","UtcTime":"2018-09-19 12:59:31.343","Image":"C:\\Program Files\\7-Zip\\7zG.exe","TargetFilename":"C:\\Users\\flare\\Downloads\\RTA-master\\red_ttp\\uac_sdclt.py","ProcessId":"212","ProcessGuid":"{2D3B23BE-4832-5BA2-0000-001011390700}"},"@timestamp":"2018-09-19T12:59:31.343Z","log_name":"Microsoft-Windows-Sysmon/Operational","level":"Informationen","computer_name":"flare-PC","source_name":"Microsoft-Windows-Sysmon","process_id":1304,"message":"File created:\nRuleName: \nUtcTime: 2018-09-19 12:59:31.343\nProcessGuid: {2D3B23BE-4832-5BA2-0000-001011390700}\nProcessId: 212\nImage: C:\\Program Files\\7-Zip\\7zG.exe\nTargetFilename: C:\\Users\\flare\\Downloads\\RTA-master\\red_ttp\\uac_sdclt.py\nCreationUtcTime: 2018-09-19 12:59:31.343","@version":"1","provider_guid":"{5770385F-C22A-43E0-BF4C-06F5698FFBD9}","beat":{"version":"6.4.0","name":"flare-PC","hostname":"flare-PC"},"tags":["beats_input_codec_plain_applied"],"task":"File created (rule: FileCreate)","record_number":"975","event_id":11,"host":{"name":"flare-PC"},"user":{"name":"SYSTEM","identifier":"S-1-5-18","domain":"NT-AUTORITÄT","type":"User"},"version":2,"type":"wineventlog","opcode":"Info"}
{"index":{"_index":"winlogbeat-6.4.0-2018.09.19","_type":"doc","_id":"yl_q8WUBfVn9xHWijzoY"}}
{"thread_id":1824,"event_data":{"CreationUtcTime":"2018-09-19 12:59:31.179","UtcTime":"2018-09-19 12:59:31.179","Image":"C:\\Program Files\\7-Zip\\7zG.exe","TargetFilename":"C:\\Users\\flare\\Downloads\\RTA-master\\red_ttp\\bin\\customers.xml","ProcessId":"212","ProcessGuid":"{2D3B23BE-4832-5BA2-0000-001011390700}"},"@timestamp":"2018-09-19T12:59:31.179Z","log_name":"Microsoft-Windows-Sysmon/Operational","level":"Informationen","computer_name":"flare-PC","source_name":"Microsoft-Windows-Sysmon","process_id":1304,"provider_guid":"{5770385F-C22A-43E0-BF4C-06F5698FFBD9}","message":"File created:\nRuleName: \nUtcTime: 2018-09-19 12:59:31.179\nProcessGuid: {2D3B23BE-4832-5BA2-0000-001011390700}\nProcessId: 212\nImage: C:\\Program Files\\7-Zip\\7zG.exe\nTargetFilename: C:\\Users\\flare\\Downloads\\RTA-master\\red_ttp\\bin\\customers.xml\nCreationUtcTime: 2018-09-19 12:59:31.179","@version":"1","beat":{"version":"6.4.0","name":"flare-PC","hostname":"flare-PC"},"tags":["beats_input_codec_plain_applied"],"type":"wineventlog","event_id":11,"record_number":"928","task":"File created (rule: FileCreate)","user":{"name":"SYSTEM","domain":"NT-AUTORITÄT","type":"User","identifier":"S-1-5-18"},"host":{"name":"flare-PC"},"version":2,"opcode":"Info"}
{"index":{"_index":"winlogbeat-6.4.0-2018.09.19","_type":"doc","_id":"zF_q8WUBfVn9xHWijzoY"}}
{"thread_id":1824,"event_data":{"CreationUtcTime":"2018-09-19 12:59:31.195","UtcTime":"2018-09-19 12:59:31.195","Image":"C:\\Program Files\\7-Zip\\7zG.exe","TargetFilename":"C:\\Users\\flare\\Downloads\\RTA-master\\red_ttp\\bin\\myservice64.dll","ProcessId":"212","ProcessGuid":"{2D3B23BE-4832-5BA2-0000-001011390700}"},"@timestamp":"2018-09-19T12:59:31.195Z","log_name":"Microsoft-Windows-Sysmon/Operational","level":"Informationen","computer_name":"flare-PC","source_name":"Microsoft-Windows-Sysmon","process_id":1304,"message":"File created:\nRuleName: \nUtcTime: 2018-09-19 12:59:31.195\nProcessGuid: {2D3B23BE-4832-5BA2-0000-001011390700}\nProcessId: 212\nImage: C:\\Program Files\\7-Zip\\7zG.exe\nTargetFilename: C:\\Users\\flare\\Downloads\\RTA-master\\red_ttp\\bin\\myservice64.dll\nCreationUtcTime: 2018-09-19 12:59:31.195","@version":"1","provider_guid":"{5770385F-C22A-43E0-BF4C-06F5698FFBD9}","beat":{"version":"6.4.0","name":"flare-PC","hostname":"flare-PC"},"tags":["beats_input_codec_plain_applied"],"type":"wineventlog","event_id":11,"record_number":"936","version":2,"host":{"name":"flare-PC"},"task":"File created (rule: FileCreate)","user":{"name":"SYSTEM","identifier":"S-1-5-18","domain":"NT-AUTORITÄT","type":"User"},"opcode":"Info"}
{"index":{"_index":"winlogbeat-6.4.0-2018.09.19","_type":"doc","_id":"zV_q8WUBfVn9xHWijzoY"}}
{"thread_id":1824,"event_data":{"CreationUtcTime":"2018-09-19 12:59:31.195","UtcTime":"2018-09-19 12:59:31.195","Image":"C:\\Program Files\\7-Zip\\7zG.exe","TargetFilename":"C:\\Users\\flare\\Downloads\\RTA-master\\red_ttp\\certutil_file_obfuscation.py","ProcessId":"212","ProcessGuid":"{2D3B23BE-4832-5BA2-0000-001011390700}"},"@timestamp":"2018-09-19T12:59:31.195Z","log_name":"Microsoft-Windows-Sysmon/Operational","level":"Informationen","computer_name":"flare-PC","source_name":"Microsoft-Windows-Sysmon","process_id":1304,"provider_guid":"{5770385F-C22A-43E0-BF4C-06F5698FFBD9}","message":"File created:\nRuleName: \nUtcTime: 2018-09-19 12:59:31.195\nProcessGuid: {2D3B23BE-4832-5BA2-0000-001011390700}\nProcessId: 212\nImage: C:\\Program Files\\7-Zip\\7zG.exe\nTargetFilename: C:\\Users\\flare\\Downloads\\RTA-master\\red_ttp\\certutil_file_obfuscation.py\nCreationUtcTime: 2018-09-19 12:59:31.195","@version":"1","beat":{"version":"6.4.0","name":"flare-PC","hostname":"flare-PC"},"tags":["beats_input_codec_plain_applied"],"type":"wineventlog","event_id":11,"task":"File created (rule: FileCreate)","version":2,"host":{"name":"flare-PC"},"user":{"domain":"NT-AUTORITÄT","identifier":"S-1-5-18","type":"User","name":"SYSTEM"},"record_number":"940","opcode":"Info"}
{"index":{"_index":"winlogbeat-6.4.0-2018.09.19","_type":"doc","_id":"z1_q8WUBfVn9xHWijzoY"}}
{"thread_id":1824,"event_data":{"CreationUtcTime":"2018-09-19 12:59:31.210","UtcTime":"2018-09-19 12:59:31.210","Image":"C:\\Program Files\\7-Zip\\7zG.exe","TargetFilename":"C:\\Users\\flare\\Downloads\\RTA-master\\red_ttp\\findstr_pw_search.py","ProcessId":"212","ProcessGuid":"{2D3B23BE-4832-5BA2-0000-001011390700}"},"@timestamp":"2018-09-19T12:59:31.228Z","log_name":"Microsoft-Windows-Sysmon/Operational","level":"Informationen","computer_name":"flare-PC","source_name":"Microsoft-Windows-Sysmon","process_id":1304,"message":"File created:\nRuleName: \nUtcTime: 2018-09-19 12:59:31.210\nProcessGuid: {2D3B23BE-4832-5BA2-0000-001011390700}\nProcessId: 212\nImage: C:\\Program Files\\7-Zip\\7zG.exe\nTargetFilename: C:\\Users\\flare\\Downloads\\RTA-master\\red_ttp\\findstr_pw_search.py\nCreationUtcTime: 2018-09-19 12:59:31.210","@version":"1","provider_guid":"{5770385F-C22A-43E0-BF4C-06F5698FFBD9}","beat":{"version":"6.4.0","name":"flare-PC","hostname":"flare-PC"},"tags":["beats_input_codec_plain_applied"],"task":"File created (rule: FileCreate)","type":"wineventlog","record_number":"948","version":2,"user":{"name":"SYSTEM","identifier":"S-1-5-18","type":"User","domain":"NT-AUTORITÄT"},"host":{"name":"flare-PC"},"event_id":11,"opcode":"Info"}
{"index":{"_index":"winlogbeat-6.4.0-2018.09.19","_type":"doc","_id":"0F_q8WUBfVn9xHWijzoY"}}
{"thread_id":1824,"event_data":{"CreationUtcTime":"2018-09-19 12:59:31.291","UtcTime":"2018-09-19 12:59:31.291","Image":"C:\\Program Files\\7-Zip\\7zG.exe","TargetFilename":"C:\\Users\\flare\\Downloads\\RTA-master\\red_ttp\\mshta_network.py","ProcessId":"212","ProcessGuid":"{2D3B23BE-4832-5BA2-0000-001011390700}"},"@timestamp":"2018-09-19T12:59:31.291Z","log_name":"Microsoft-Windows-Sysmon/Operational","level":"Informationen","computer_name":"flare-PC","source_name":"Microsoft-Windows-Sysmon","process_id":1304,"message":"File created:\nRuleName: \nUtcTime: 2018-09-19 12:59:31.291\nProcessGuid: {2D3B23BE-4832-5BA2-0000-001011390700}\nProcessId: 212\nImage: C:\\Program Files\\7-Zip\\7zG.exe\nTargetFilename: C:\\Users\\flare\\Downloads\\RTA-master\\red_ttp\\mshta_network.py\nCreationUtcTime: 2018-09-19 12:59:31.291","@version":"1","provider_guid":"{5770385F-C22A-43E0-BF4C-06F5698FFBD9}","beat":{"version":"6.4.0","name":"flare-PC","hostname":"flare-PC"},"tags":["beats_input_codec_plain_applied"],"type":"wineventlog","event_id":11,"record_number":"952","version":2,"host":{"name":"flare-PC"},"user":{"name":"SYSTEM","identifier":"S-1-5-18","domain":"NT-AUTORITÄT","type":"User"},"task":"File created (rule: FileCreate)","opcode":"Info"}
{"index":{"_index":"winlogbeat-6.4.0-2018.09.19","_type":"doc","_id":"0V_q8WUBfVn9xHWijzoY"}}
{"thread_id":1824,"event_data":{"CreationUtcTime":"2018-09-19 12:59:31.291","UtcTime":"2018-09-19 12:59:31.311","Image":"C:\\Program Files\\7-Zip\\7zG.exe","TargetFilename":"C:\\Users\\flare\\Downloads\\RTA-master\\red_ttp\\office_application_startup.py","ProcessId":"212","ProcessGuid":"{2D3B23BE-4832-5BA2-0000-001011390700}"},"@timestamp":"2018-09-19T12:59:31.311Z","log_name":"Microsoft-Windows-Sysmon/Operational","level":"Informationen","computer_name":"flare-PC","source_name":"Microsoft-Windows-Sysmon","process_id":1304,"provider_guid":"{5770385F-C22A-43E0-BF4C-06F5698FFBD9}","message":"File created:\nRuleName: \nUtcTime: 2018-09-19 12:59:31.311\nProcessGuid: {2D3B23BE-4832-5BA2-0000-001011390700}\nProcessId: 212\nImage: C:\\Program Files\\7-Zip\\7zG.exe\nTargetFilename: C:\\Users\\flare\\Downloads\\RTA-master\\red_ttp\\office_application_startup.py\nCreationUtcTime: 2018-09-19 12:59:31.291","@version":"1","beat":{"version":"6.4.0","name":"flare-PC","hostname":"flare-PC"},"tags":["beats_input_codec_plain_applied"],"type":"wineventlog","event_id":11,"record_number":"956","host":{"name":"flare-PC"},"version":2,"task":"File created (rule: FileCreate)","user":{"name":"SYSTEM","identifier":"S-1-5-18","domain":"NT-AUTORITÄT","type":"User"},"opcode":"Info"}
{"index":{"_index":"winlogbeat-6.4.0-2018.09.19","_type":"doc","_id":"0l_q8WUBfVn9xHWijzoY"}}
{"thread_id":1824,"event_data":{"CreationUtcTime":"2018-09-19 12:59:31.312","UtcTime":"2018-09-19 12:59:31.312","Image":"C:\\Program Files\\7-Zip\\7zG.exe","TargetFilename":"C:\\Users\\flare\\Downloads\\RTA-master\\red_ttp\\process_name_masquerade.py","ProcessId":"212","ProcessGuid":"{2D3B23BE-4832-5BA2-0000-001011390700}"},"@timestamp":"2018-09-19T12:59:31.312Z","log_name":"Microsoft-Windows-Sysmon/Operational","level":"Informationen","computer_name":"flare-PC","source_name":"Microsoft-Windows-Sysmon","process_id":1304,"message":"File created:\nRuleName: \nUtcTime: 2018-09-19 12:59:31.312\nProcessGuid: {2D3B23BE-4832-5BA2-0000-001011390700}\nProcessId: 212\nImage: C:\\Program Files\\7-Zip\\7zG.exe\nTargetFilename: C:\\Users\\flare\\Downloads\\RTA-master\\red_ttp\\process_name_masquerade.py\nCreationUtcTime: 2018-09-19 12:59:31.312","@version":"1","provider_guid":"{5770385F-C22A-43E0-BF4C-06F5698FFBD9}","beat":{"version":"6.4.0","name":"flare-PC","hostname":"flare-PC"},"tags":["beats_input_codec_plain_applied"],"task":"File created (rule: FileCreate)","record_number":"960","event_id":11,"version":2,"user":{"name":"SYSTEM","identifier":"S-1-5-18","type":"User","domain":"NT-AUTORITÄT"},"host":{"name":"flare-PC"},"type":"wineventlog","opcode":"Info"}
{"index":{"_index":"winlogbeat-6.4.0-2018.09.19","_type":"doc","_id":"01_q8WUBfVn9xHWijzoY"}}
{"thread_id":1824,"event_data":{"CreationUtcTime":"2018-09-19 12:59:31.312","UtcTime":"2018-09-19 12:59:31.328","Image":"C:\\Program Files\\7-Zip\\7zG.exe","TargetFilename":"C:\\Users\\flare\\Downloads\\RTA-master\\red_ttp\\regsvr32_scrobj.py","ProcessId":"212","ProcessGuid":"{2D3B23BE-4832-5BA2-0000-001011390700}"},"@timestamp":"2018-09-19T12:59:31.328Z","log_name":"Microsoft-Windows-Sysmon/Operational","level":"Informationen","computer_name":"flare-PC","source_name":"Microsoft-Windows-Sysmon","process_id":1304,"message":"File created:\nRuleName: \nUtcTime: 2018-09-19 12:59:31.328\nProcessGuid: {2D3B23BE-4832-5BA2-0000-001011390700}\nProcessId: 212\nImage: C:\\Program Files\\7-Zip\\7zG.exe\nTargetFilename: C:\\Users\\flare\\Downloads\\RTA-master\\red_ttp\\regsvr32_scrobj.py\nCreationUtcTime: 2018-09-19 12:59:31.312","@version":"1","provider_guid":"{5770385F-C22A-43E0-BF4C-06F5698FFBD9}","beat":{"version":"6.4.0","name":"flare-PC","hostname":"flare-PC"},"tags":["beats_input_codec_plain_applied"],"type":"wineventlog","task":"File created (rule: FileCreate)","event_id":11,"host":{"name":"flare-PC"},"user":{"name":"SYSTEM","identifier":"S-1-5-18","domain":"NT-AUTORITÄT","type":"User"},"version":2,"record_number":"964","opcode":"Info"}
{"index":{"_index":"winlogbeat-6.4.0-2018.09.19","_type":"doc","_id":"1V_q8WUBfVn9xHWijzoY"}}
{"thread_id":1824,"event_data":{"CreationUtcTime":"2018-09-19 12:59:31.343","UtcTime":"2018-09-19 12:59:31.343","Image":"C:\\Program Files\\7-Zip\\7zG.exe","TargetFilename":"C:\\Users\\flare\\Downloads\\RTA-master\\red_ttp\\system_restore_process.py","ProcessId":"212","ProcessGuid":"{2D3B23BE-4832-5BA2-0000-001011390700}"},"@timestamp":"2018-09-19T12:59:31.343Z","log_name":"Microsoft-Windows-Sysmon/Operational","level":"Informationen","computer_name":"flare-PC","source_name":"Microsoft-Windows-Sysmon","process_id":1304,"provider_guid":"{5770385F-C22A-43E0-BF4C-06F5698FFBD9}","message":"File created:\nRuleName: \nUtcTime: 2018-09-19 12:59:31.343\nProcessGuid: {2D3B23BE-4832-5BA2-0000-001011390700}\nProcessId: 212\nImage: C:\\Program Files\\7-Zip\\7zG.exe\nTargetFilename: C:\\Users\\flare\\Downloads\\RTA-master\\red_ttp\\system_restore_process.py\nCreationUtcTime: 2018-09-19 12:59:31.343","@version":"1","beat":{"version":"6.4.0","name":"flare-PC","hostname":"flare-PC"},"tags":["beats_input_codec_plain_applied"],"type":"wineventlog","task":"File created (rule: FileCreate)","event_id":11,"host":{"name":"flare-PC"},"user":{"name":"SYSTEM","identifier":"S-1-5-18","type":"User","domain":"NT-AUTORITÄT"},"record_number":"972","version":2,"opcode":"Info"}
{"index":{"_index":"winlogbeat-6.4.0-2018.09.19","_type":"doc","_id":"11_q8WUBfVn9xHWijzoY"}}
{"thread_id":1824,"event_data":{"CreationUtcTime":"2018-09-19 12:59:31.343","UtcTime":"2018-09-19 12:59:31.343","Image":"C:\\Program Files\\7-Zip\\7zG.exe","TargetFilename":"C:\\Users\\flare\\Downloads\\RTA-master\\red_ttp\\wevtutil_log_clear.py","ProcessId":"212","ProcessGuid":"{2D3B23BE-4832-5BA2-0000-001011390700}"},"@timestamp":"2018-09-19T12:59:31.343Z","log_name":"Microsoft-Windows-Sysmon/Operational","level":"Informationen","computer_name":"flare-PC","source_name":"Microsoft-Windows-Sysmon","process_id":1304,"@version":"1","provider_guid":"{5770385F-C22A-43E0-BF4C-06F5698FFBD9}","message":"File created:\nRuleName: \nUtcTime: 2018-09-19 12:59:31.343\nProcessGuid: {2D3B23BE-4832-5BA2-0000-001011390700}\nProcessId: 212\nImage: C:\\Program Files\\7-Zip\\7zG.exe\nTargetFilename: C:\\Users\\flare\\Downloads\\RTA-master\\red_ttp\\wevtutil_log_clear.py\nCreationUtcTime: 2018-09-19 12:59:31.343","beat":{"version":"6.4.0","name":"flare-PC","hostname":"flare-PC"},"tags":["beats_input_codec_plain_applied"],"type":"wineventlog","event_id":11,"task":"File created (rule: FileCreate)","version":2,"host":{"name":"flare-PC"},"user":{"name":"SYSTEM","identifier":"S-1-5-18","domain":"NT-AUTORITÄT","type":"User"},"record_number":"980","opcode":"Info"}
{"index":{"_index":"winlogbeat-6.4.0-2018.09.19","_type":"doc","_id":"-l_v8WUBfVn9xHWiWTr8"}}
{"thread_id":1824,"event_data":{"LogonId":"0xe320","Product":"Command Line XSLT","User":"flare-PC\\flare","Hashes":"MD5=3E9F31B4E2CD423C015D34D63047685E,SHA256=35BA7624F586086F32A01459FCC0AB755B01B49D571618AF456AA49E593734C7","Description":"msxsl","ParentProcessGuid":"{2D3B23BE-463E-5BA2-0000-001010000400}","UtcTime":"2018-09-19 13:04:35.346","FileVersion":"1.1.0.1","ParentCommandLine":"\"C:\\Program Files\\Mozilla Firefox\\firefox.exe\" ","ParentImage":"C:\\Program Files\\Mozilla Firefox\\firefox.exe","Company":"Microsoft","CommandLine":"\"C:\\Users\\flare\\Downloads\\msxsl.exe\" ","CurrentDirectory":"C:\\Users\\flare\\Downloads\\","ProcessId":"3232","LogonGuid":"{2D3B23BE-45CC-5BA2-0000-002020E30000}","IntegrityLevel":"Medium","ParentProcessId":"588","TerminalSessionId":"1","Image":"C:\\Users\\flare\\Downloads\\msxsl.exe","ProcessGuid":"{2D3B23BE-4963-5BA2-0000-0010A3960800}"},"@timestamp":"2018-09-19T13:04:35.362Z","log_name":"Microsoft-Windows-Sysmon/Operational","level":"Informationen","computer_name":"flare-PC","source_name":"Microsoft-Windows-Sysmon","process_id":1304,"message":"Process Create:\nRuleName: \nUtcTime: 2018-09-19 13:04:35.346\nProcessGuid: {2D3B23BE-4963-5BA2-0000-0010A3960800}\nProcessId: 3232\nImage: C:\\Users\\flare\\Downloads\\msxsl.exe\nFileVersion: 1.1.0.1\nDescription: msxsl\nProduct: Command Line XSLT\nCompany: Microsoft\nCommandLine: \"C:\\Users\\flare\\Downloads\\msxsl.exe\" \nCurrentDirectory: C:\\Users\\flare\\Downloads\\\nUser: flare-PC\\flare\nLogonGuid: {2D3B23BE-45CC-5BA2-0000-002020E30000}\nLogonId: 0xe320\nTerminalSessionId: 1\nIntegrityLevel: Medium\nHashes: MD5=3E9F31B4E2CD423C015D34D63047685E,SHA256=35BA7624F586086F32A01459FCC0AB755B01B49D571618AF456AA49E593734C7\nParentProcessGuid: {2D3B23BE-463E-5BA2-0000-001010000400}\nParentProcessId: 588\nParentImage: C:\\Program Files\\Mozilla Firefox\\firefox.exe\nParentCommandLine: \"C:\\Program Files\\Mozilla Firefox\\firefox.exe\" ","@version":"1","provider_guid":"{5770385F-C22A-43E0-BF4C-06F5698FFBD9}","beat":{"version":"6.4.0","name":"flare-PC","hostname":"flare-PC"},"tags":["beats_input_codec_plain_applied"],"task":"Process Create (rule: ProcessCreate)","event_id":1,"record_number":"1011","version":5,"host":{"name":"flare-PC"},"user":{"name":"SYSTEM","identifier":"S-1-5-18","type":"User","domain":"NT-AUTORITÄT"},"type":"wineventlog","opcode":"Info"}
{"index":{"_index":"winlogbeat-6.4.0-2018.09.19","_type":"doc","_id":"9V_v8WUBfVn9xHWiPjqh"}}
{"thread_id":1824,"event_data":{"CreationUtcTime":"2018-09-19 13:04:30.726","UtcTime":"2018-09-19 13:04:30.726","Image":"C:\\Program Files\\Mozilla Firefox\\firefox.exe","TargetFilename":"C:\\Users\\flare\\Downloads\\msxsl.exe","ProcessId":"588","ProcessGuid":"{2D3B23BE-463E-5BA2-0000-001010000400}"},"@timestamp":"2018-09-19T13:04:30.726Z","log_name":"Microsoft-Windows-Sysmon/Operational","level":"Informationen","computer_name":"flare-PC","source_name":"Microsoft-Windows-Sysmon","process_id":1304,"provider_guid":"{5770385F-C22A-43E0-BF4C-06F5698FFBD9}","message":"File created:\nRuleName: \nUtcTime: 2018-09-19 13:04:30.726\nProcessGuid: {2D3B23BE-463E-5BA2-0000-001010000400}\nProcessId: 588\nImage: C:\\Program Files\\Mozilla Firefox\\firefox.exe\nTargetFilename: C:\\Users\\flare\\Downloads\\msxsl.exe\nCreationUtcTime: 2018-09-19 13:04:30.726","@version":"1","beat":{"version":"6.4.0","name":"flare-PC","hostname":"flare-PC"},"tags":["beats_input_codec_plain_applied"],"task":"File created (rule: FileCreate)","event_id":11,"record_number":"1007","version":2,"user":{"name":"SYSTEM","identifier":"S-1-5-18","domain":"NT-AUTORITÄT","type":"User"},"type":"wineventlog","host":{"name":"flare-PC"},"opcode":"Info"}
{"index":{"_index":"winlogbeat-6.4.0-2018.09.19","_type":"doc","_id":"-F_v8WUBfVn9xHWiPjql"}}
{"thread_id":1824,"event_data":{"CreationUtcTime":"2018-09-19 13:04:28.620","UtcTime":"2018-09-19 13:04:30.820","Image":"C:\\Program Files\\Mozilla Firefox\\firefox.exe","Hash":"MD5=3E9F31B4E2CD423C015D34D63047685E,SHA256=35BA7624F586086F32A01459FCC0AB755B01B49D571618AF456AA49E593734C7","TargetFilename":"C:\\Users\\flare\\Downloads\\msxsl.exe","ProcessId":"588","ProcessGuid":"{2D3B23BE-463E-5BA2-0000-001010000400}"},"@timestamp":"2018-09-19T13:04:30.820Z","log_name":"Microsoft-Windows-Sysmon/Operational","level":"Informationen","computer_name":"flare-PC","source_name":"Microsoft-Windows-Sysmon","process_id":1304,"@version":"1","provider_guid":"{5770385F-C22A-43E0-BF4C-06F5698FFBD9}","message":"File stream created:\nRuleName: \nUtcTime: 2018-09-19 13:04:30.820\nProcessGuid: {2D3B23BE-463E-5BA2-0000-001010000400}\nProcessId: 588\nImage: C:\\Program Files\\Mozilla Firefox\\firefox.exe\nTargetFilename: C:\\Users\\flare\\Downloads\\msxsl.exe\nCreationUtcTime: 2018-09-19 13:04:28.620\nHash: MD5=3E9F31B4E2CD423C015D34D63047685E,SHA256=35BA7624F586086F32A01459FCC0AB755B01B49D571618AF456AA49E593734C7","beat":{"version":"6.4.0","name":"flare-PC","hostname":"flare-PC"},"tags":["beats_input_codec_plain_applied"],"task":"File stream created (rule: FileCreateStreamHash)","record_number":"1008","event_id":15,"host":{"name":"flare-PC"},"type":"wineventlog","user":{"name":"SYSTEM","identifier":"S-1-5-18","domain":"NT-AUTORITÄT","type":"User"},"version":2,"opcode":"Info"}
{"index":{"_index":"winlogbeat-6.4.0-2018.09.19","_type":"doc","_id":"9F_v8WUBfVn9xHWiNTrE"}}
{"thread_id":1824,"event_data":{"CreationUtcTime":"2018-09-19 13:04:28.620","UtcTime":"2018-09-19 13:04:28.620","Image":"C:\\Program Files\\Mozilla Firefox\\firefox.exe","TargetFilename":"C:\\Users\\flare\\AppData\\Local\\Temp\\+d9v_O9o.exe","ProcessId":"588","ProcessGuid":"{2D3B23BE-463E-5BA2-0000-001010000400}"},"@timestamp":"2018-09-19T13:04:28.620Z","log_name":"Microsoft-Windows-Sysmon/Operational","level":"Informationen","computer_name":"flare-PC","source_name":"Microsoft-Windows-Sysmon","process_id":1304,"message":"File created:\nRuleName: \nUtcTime: 2018-09-19 13:04:28.620\nProcessGuid: {2D3B23BE-463E-5BA2-0000-001010000400}\nProcessId: 588\nImage: C:\\Program Files\\Mozilla Firefox\\firefox.exe\nTargetFilename: C:\\Users\\flare\\AppData\\Local\\Temp\\+d9v_O9o.exe\nCreationUtcTime: 2018-09-19 13:04:28.620","@version":"1","provider_guid":"{5770385F-C22A-43E0-BF4C-06F5698FFBD9}","beat":{"version":"6.4.0","name":"flare-PC","hostname":"flare-PC"},"tags":["beats_input_codec_plain_applied"],"task":"File created (rule: FileCreate)","event_id":11,"type":"wineventlog","host":{"name":"flare-PC"},"version":2,"user":{"name":"SYSTEM","domain":"NT-AUTORITÄT","type":"User","identifier":"S-1-5-18"},"record_number":"1006","opcode":"Info"}
{"index":{"_index":"winlogbeat-6.4.0-2018.09.19","_type":"doc","_id":"-V_v8WUBfVn9xHWiWTr8"}}
{"thread_id":1824,"event_data":{"UtcTime":"2018-09-19 13:04:35.394","Image":"C:\\Users\\flare\\Downloads\\msxsl.exe","ProcessId":"3232","ProcessGuid":"{2D3B23BE-4963-5BA2-0000-0010A3960800}"},"@timestamp":"2018-09-19T13:04:35.394Z","log_name":"Microsoft-Windows-Sysmon/Operational","level":"Informationen","computer_name":"flare-PC","source_name":"Microsoft-Windows-Sysmon","process_id":1304,"@version":"1","provider_guid":"{5770385F-C22A-43E0-BF4C-06F5698FFBD9}","message":"Process terminated:\nRuleName: \nUtcTime: 2018-09-19 13:04:35.394\nProcessGuid: {2D3B23BE-4963-5BA2-0000-0010A3960800}\nProcessId: 3232\nImage: C:\\Users\\flare\\Downloads\\msxsl.exe","beat":{"version":"6.4.0","name":"flare-PC","hostname":"flare-PC"},"tags":["beats_input_codec_plain_applied"],"task":"Process terminated (rule: ProcessTerminate)","type":"wineventlog","record_number":"1012","version":3,"user":{"name":"SYSTEM","identifier":"S-1-5-18","domain":"NT-AUTORITÄT","type":"User"},"host":{"name":"flare-PC"},"event_id":5,"opcode":"Info"}
{"index":{"_index":"winlogbeat-6.4.0-2018.09.19","_type":"doc","_id":"jV_p8WUBfVn9xHWi4jqN"}}
{"thread_id":3668,"event_data":{"param2":"Beendet","param1":"Windows-Fehlerberichterstattungsdienst","Binary":"5700650072005300760063002F0031000000"},"@timestamp":"2018-09-19T12:58:49.997Z","keywords":["Klassisch"],"log_name":"System","level":"Informationen","computer_name":"flare-PC","source_name":"Service Control Manager","process_id":488,"provider_guid":"{555908d1-a6d7-4695-8e1e-26931d2012f4}","message":"Dienst \"Windows-Fehlerberichterstattungsdienst\" befindet sich jetzt im Status \"Beendet\".","@version":"1","beat":{"version":"6.4.0","name":"flare-PC","hostname":"flare-PC"},"tags":["beats_input_codec_plain_applied"],"type":"wineventlog","record_number":"11731","event_id":7036,"host":{"name":"flare-PC"}}
{"index":{"_index":"winlogbeat-6.4.0-2018.09.19","_type":"doc","_id":"vV_z8WUBfVn9xHWirDtS"}}
{"thread_id":1824,"event_data":{"LogonId":"0xe320","Product":"?","ParentProcessGuid":"{2D3B23BE-4A73-5BA2-0000-0010AB380D00}","Hashes":"MD5=6E8B813C218546F9DF6F17F4B97B06EE,SHA256=C7817E6DA74A7AE196EB2D35CE21319ABE3A62CD23AB4DB39FA5138DF7CA1D44","Description":"?","UtcTime":"2018-09-19 13:09:07.259","Image":"C:\\Program Files (x86)\\Python27\\python.exe","ParentImage":"C:\\Windows\\SysWOW64\\cmd.exe","ParentCommandLine":"C:\\Windows\\system32\\cmd.exe /c \"\"C:\\Program Files (x86)\\Python27\\python.exe\" C:\\Users\\flare\\Downloads\\RTA-master\\red_ttp\\disable_windows_fw.py\"","FileVersion":"?","LogonGuid":"{2D3B23BE-45CC-5BA2-0000-002020E30000}","CommandLine":"\"C:\\Program Files (x86)\\Python27\\python.exe\"  C:\\Users\\flare\\Downloads\\RTA-master\\red_ttp\\disable_windows_fw.py","Company":"?","ProcessId":"3488","ParentProcessId":"1800","IntegrityLevel":"Medium","TerminalSessionId":"1","CurrentDirectory":"C:\\Users\\flare\\Downloads\\RTA-master\\","User":"flare-PC\\flare","ProcessGuid":"{2D3B23BE-4A73-5BA2-0000-00100C3A0D00}"},"@timestamp":"2018-09-19T13:09:07.275Z","log_name":"Microsoft-Windows-Sysmon/Operational","level":"Informationen","computer_name":"flare-PC","source_name":"Microsoft-Windows-Sysmon","process_id":1304,"message":"Process Create:\nRuleName: \nUtcTime: 2018-09-19 13:09:07.259\nProcessGuid: {2D3B23BE-4A73-5BA2-0000-00100C3A0D00}\nProcessId: 3488\nImage: C:\\Program Files (x86)\\Python27\\python.exe\nFileVersion: ?\nDescription: ?\nProduct: ?\nCompany: ?\nCommandLine: \"C:\\Program Files (x86)\\Python27\\python.exe\"  C:\\Users\\flare\\Downloads\\RTA-master\\red_ttp\\disable_windows_fw.py\nCurrentDirectory: C:\\Users\\flare\\Downloads\\RTA-master\\\nUser: flare-PC\\flare\nLogonGuid: {2D3B23BE-45CC-5BA2-0000-002020E30000}\nLogonId: 0xe320\nTerminalSessionId: 1\nIntegrityLevel: Medium\nHashes: MD5=6E8B813C218546F9DF6F17F4B97B06EE,SHA256=C7817E6DA74A7AE196EB2D35CE21319ABE3A62CD23AB4DB39FA5138DF7CA1D44\nParentProcessGuid: {2D3B23BE-4A73-5BA2-0000-0010AB380D00}\nParentProcessId: 1800\nParentImage: C:\\Windows\\SysWOW64\\cmd.exe\nParentCommandLine: C:\\Windows\\system32\\cmd.exe /c \"\"C:\\Program Files (x86)\\Python27\\python.exe\" C:\\Users\\flare\\Downloads\\RTA-master\\red_ttp\\disable_windows_fw.py\"","@version":"1","provider_guid":"{5770385F-C22A-43E0-BF4C-06F5698FFBD9}","beat":{"version":"6.4.0","name":"flare-PC","hostname":"flare-PC"},"tags":["beats_input_codec_plain_applied"],"type":"wineventlog","event_id":1,"task":"Process Create (rule: ProcessCreate)","version":5,"user":{"domain":"NT-AUTORITÄT","identifier":"S-1-5-18","type":"User","name":"SYSTEM"},"record_number":"1199","host":{"name":"flare-PC"},"opcode":"Info"}
{"index":{"_index":"winlogbeat-6.4.0-2018.09.19","_type":"doc","_id":"vl_z8WUBfVn9xHWirDtS"}}
{"thread_id":1824,"event_data":{"UtcTime":"2018-09-19 13:09:07.900","Image":"C:\\Windows\\SysWOW64\\netsh.exe","Details":"DWORD (0x00000001)","EventType":"SetValue","TargetObject":"HKU\\S-1-5-21-4019173901-3792766986-1456451320-1001\\Software\\Microsoft\\Windows Firewall\\{573CE786-C66B-4D24-A1FE-65049DEB42E2}\\PublicProfile\\EnableFirewall","ProcessId":"3876","ProcessGuid":"{2D3B23BE-4A73-5BA2-0000-001006650D00}"},"@timestamp":"2018-09-19T13:09:07.916Z","log_name":"Microsoft-Windows-Sysmon/Operational","level":"Informationen","computer_name":"flare-PC","source_name":"Microsoft-Windows-Sysmon","process_id":1304,"@version":"1","provider_guid":"{5770385F-C22A-43E0-BF4C-06F5698FFBD9}","message":"Registry value set:\nRuleName: \nEventType: SetValue\nUtcTime: 2018-09-19 13:09:07.900\nProcessGuid: {2D3B23BE-4A73-5BA2-0000-001006650D00}\nProcessId: 3876\nImage: C:\\Windows\\SysWOW64\\netsh.exe\nTargetObject: HKU\\S-1-5-21-4019173901-3792766986-1456451320-1001\\Software\\Microsoft\\Windows Firewall\\{573CE786-C66B-4D24-A1FE-65049DEB42E2}\\PublicProfile\\EnableFirewall\nDetails: DWORD (0x00000001)","beat":{"version":"6.4.0","name":"flare-PC","hostname":"flare-PC"},"tags":["beats_input_codec_plain_applied"],"type":"wineventlog","record_number":"1203","event_id":13,"host":{"name":"flare-PC"},"version":2,"task":"Registry value set (rule: RegistryEvent)","user":{"name":"SYSTEM","identifier":"S-1-5-18","domain":"NT-AUTORITÄT","type":"User"},"opcode":"Info"}
{"index":{"_index":"winlogbeat-6.4.0-2018.09.19","_type":"doc","_id":"w1_z8WUBfVn9xHWirDtS"}}
{"thread_id":1824,"event_data":{"ParentProcessGuid":"{2D3B23BE-4A73-5BA2-0000-00100C3A0D00}","Product":"Betriebssystem Microsoft® Windows®","LogonId":"0xe320","Image":"C:\\Windows\\SysWOW64\\netsh.exe","Description":"Netzwerkbefehlsshell","Hashes":"MD5=784A50A6A09C25F011C3143DDD68E729,SHA256=661F5D4CE4F0A6CB32669A43CE5DEEC6D5A9E19B2387F22C5012405E92169943","UtcTime":"2018-09-19 13:09:07.681","FileVersion":"6.1.7600.16385 (win7_rtm.090713-1255)","ParentCommandLine":"\"C:\\Program Files (x86)\\Python27\\python.exe\"  C:\\Users\\flare\\Downloads\\RTA-master\\red_ttp\\disable_windows_fw.py","ParentImage":"C:\\Program Files (x86)\\Python27\\python.exe","LogonGuid":"{2D3B23BE-45CC-5BA2-0000-002020E30000}","Company":"Microsoft Corporation","CurrentDirectory":"C:\\Users\\flare\\Downloads\\RTA-master\\","ParentProcessId":"3488","ProcessId":"3876","CommandLine":"netsh.exe advfirewall export C:\\Users\\flare\\Downloads\\RTA-master\\fw.rules","TerminalSessionId":"1","IntegrityLevel":"Medium","User":"flare-PC\\flare","ProcessGuid":"{2D3B23BE-4A73-5BA2-0000-001006650D00}"},"@timestamp":"2018-09-19T13:09:07.681Z","log_name":"Microsoft-Windows-Sysmon/Operational","level":"Informationen","computer_name":"flare-PC","source_name":"Microsoft-Windows-Sysmon","process_id":1304,"provider_guid":"{5770385F-C22A-43E0-BF4C-06F5698FFBD9}","message":"Process Create:\nRuleName: \nUtcTime: 2018-09-19 13:09:07.681\nProcessGuid: {2D3B23BE-4A73-5BA2-0000-001006650D00}\nProcessId: 3876\nImage: C:\\Windows\\SysWOW64\\netsh.exe\nFileVersion: 6.1.7600.16385 (win7_rtm.090713-1255)\nDescription: Netzwerkbefehlsshell\nProduct: Betriebssystem Microsoft® Windows®\nCompany: Microsoft Corporation\nCommandLine: netsh.exe advfirewall export C:\\Users\\flare\\Downloads\\RTA-master\\fw.rules\nCurrentDirectory: C:\\Users\\flare\\Downloads\\RTA-master\\\nUser: flare-PC\\flare\nLogonGuid: {2D3B23BE-45CC-5BA2-0000-002020E30000}\nLogonId: 0xe320\nTerminalSessionId: 1\nIntegrityLevel: Medium\nHashes: MD5=784A50A6A09C25F011C3143DDD68E729,SHA256=661F5D4CE4F0A6CB32669A43CE5DEEC6D5A9E19B2387F22C5012405E92169943\nParentProcessGuid: {2D3B23BE-4A73-5BA2-0000-00100C3A0D00}\nParentProcessId: 3488\nParentImage: C:\\Program Files (x86)\\Python27\\python.exe\nParentCommandLine: \"C:\\Program Files (x86)\\Python27\\python.exe\"  C:\\Users\\flare\\Downloads\\RTA-master\\red_ttp\\disable_windows_fw.py","@version":"1","beat":{"version":"6.4.0","name":"flare-PC","hostname":"flare-PC"},"tags":["beats_input_codec_plain_applied"],"task":"Process Create (rule: ProcessCreate)","record_number":"1200","event_id":1,"version":5,"user":{"name":"SYSTEM","identifier":"S-1-5-18","domain":"NT-AUTORITÄT","type":"User"},"type":"wineventlog","host":{"name":"flare-PC"},"opcode":"Info"}
{"index":{"_index":"winlogbeat-6.4.0-2018.09.19","_type":"doc","_id":"xV_z8WUBfVn9xHWirDtS"}}
{"thread_id":1824,"event_data":{"ParentProcessGuid":"{2D3B23BE-4A74-5BA2-0000-001031900D00}","Product":"?","User":"flare-PC\\flare","Image":"C:\\Program Files (x86)\\Python27\\python.exe","Description":"?","UtcTime":"2018-09-19 13:09:08.279","Hashes":"MD5=6E8B813C218546F9DF6F17F4B97B06EE,SHA256=C7817E6DA74A7AE196EB2D35CE21319ABE3A62CD23AB4DB39FA5138DF7CA1D44","ParentImage":"C:\\Windows\\SysWOW64\\cmd.exe","ParentCommandLine":"C:\\Windows\\system32\\cmd.exe /c \"\"C:\\Program Files (x86)\\Python27\\python.exe\" C:\\Users\\flare\\Downloads\\RTA-master\\red_ttp\\enum_commands.py\"","FileVersion":"?","Company":"?","CommandLine":"\"C:\\Program Files (x86)\\Python27\\python.exe\"  C:\\Users\\flare\\Downloads\\RTA-master\\red_ttp\\enum_commands.py","CurrentDirectory":"C:\\Users\\flare\\Downloads\\RTA-master\\","TerminalSessionId":"1","ParentProcessId":"3832","LogonGuid":"{2D3B23BE-45CC-5BA2-0000-002020E30000}","ProcessId":"2304","LogonId":"0xe320","IntegrityLevel":"Medium","ProcessGuid":"{2D3B23BE-4A74-5BA2-0000-00107B910D00}"},"@timestamp":"2018-09-19T13:09:08.513Z","log_name":"Microsoft-Windows-Sysmon/Operational","level":"Informationen","computer_name":"flare-PC","source_name":"Microsoft-Windows-Sysmon","process_id":1304,"message":"Process Create:\nRuleName: \nUtcTime: 2018-09-19 13:09:08.279\nProcessGuid: {2D3B23BE-4A74-5BA2-0000-00107B910D00}\nProcessId: 2304\nImage: C:\\Program Files (x86)\\Python27\\python.exe\nFileVersion: ?\nDescription: ?\nProduct: ?\nCompany: ?\nCommandLine: \"C:\\Program Files (x86)\\Python27\\python.exe\"  C:\\Users\\flare\\Downloads\\RTA-master\\red_ttp\\enum_commands.py\nCurrentDirectory: C:\\Users\\flare\\Downloads\\RTA-master\\\nUser: flare-PC\\flare\nLogonGuid: {2D3B23BE-45CC-5BA2-0000-002020E30000}\nLogonId: 0xe320\nTerminalSessionId: 1\nIntegrityLevel: Medium\nHashes: MD5=6E8B813C218546F9DF6F17F4B97B06EE,SHA256=C7817E6DA74A7AE196EB2D35CE21319ABE3A62CD23AB4DB39FA5138DF7CA1D44\nParentProcessGuid: {2D3B23BE-4A74-5BA2-0000-001031900D00}\nParentProcessId: 3832\nParentImage: C:\\Windows\\SysWOW64\\cmd.exe\nParentCommandLine: C:\\Windows\\system32\\cmd.exe /c \"\"C:\\Program Files (x86)\\Python27\\python.exe\" C:\\Users\\flare\\Downloads\\RTA-master\\red_ttp\\enum_commands.py\"","@version":"1","provider_guid":"{5770385F-C22A-43E0-BF4C-06F5698FFBD9}","beat":{"version":"6.4.0","name":"flare-PC","hostname":"flare-PC"},"tags":["beats_input_codec_plain_applied"],"task":"Process Create (rule: ProcessCreate)","type":"wineventlog","event_id":1,"host":{"name":"flare-PC"},"version":5,"record_number":"1208","user":{"domain":"NT-AUTORITÄT","identifier":"S-1-5-18","type":"User","name":"SYSTEM"},"opcode":"Info"}
{"index":{"_index":"winlogbeat-6.4.0-2018.09.19","_type":"doc","_id":"xl_z8WUBfVn9xHWirDtS"}}
{"thread_id":1824,"event_data":{"LogonId":"0xe320","User":"flare-PC\\flare","UtcTime":"2018-09-19 13:09:08.826","Image":"C:\\Windows\\SysWOW64\\net.exe","Hashes":"MD5=B9A4DAC2192FD78CDA097BFA79F6E7B2,SHA256=D468E6B1B79555AC8BCE0300942FD479689EB8F159F3A399848D3BF9B9990A56","ParentProcessGuid":"{2D3B23BE-4A74-5BA2-0000-00107B910D00}","Description":"Net Command","FileVersion":"6.1.7600.16385 (win7_rtm.090713-1255)","ParentCommandLine":"\"C:\\Program Files (x86)\\Python27\\python.exe\"  C:\\Users\\flare\\Downloads\\RTA-master\\red_ttp\\enum_commands.py","ParentImage":"C:\\Program Files (x86)\\Python27\\python.exe","LogonGuid":"{2D3B23BE-45CC-5BA2-0000-002020E30000}","TerminalSessionId":"1","ParentProcessId":"2304","CurrentDirectory":"C:\\Users\\flare\\Downloads\\RTA-master\\","Company":"Microsoft Corporation","IntegrityLevel":"Medium","CommandLine":"net user","ProcessId":"428","Product":"Microsoft® Windows® Operating System","ProcessGuid":"{2D3B23BE-4A74-5BA2-0000-0010D0C30D00}"},"@timestamp":"2018-09-19T13:09:08.826Z","log_name":"Microsoft-Windows-Sysmon/Operational","level":"Informationen","computer_name":"flare-PC","source_name":"Microsoft-Windows-Sysmon","process_id":1304,"message":"Process Create:\nRuleName: \nUtcTime: 2018-09-19 13:09:08.826\nProcessGuid: {2D3B23BE-4A74-5BA2-0000-0010D0C30D00}\nProcessId: 428\nImage: C:\\Windows\\SysWOW64\\net.exe\nFileVersion: 6.1.7600.16385 (win7_rtm.090713-1255)\nDescription: Net Command\nProduct: Microsoft® Windows® Operating System\nCompany: Microsoft Corporation\nCommandLine: net user\nCurrentDirectory: C:\\Users\\flare\\Downloads\\RTA-master\\\nUser: flare-PC\\flare\nLogonGuid: {2D3B23BE-45CC-5BA2-0000-002020E30000}\nLogonId: 0xe320\nTerminalSessionId: 1\nIntegrityLevel: Medium\nHashes: MD5=B9A4DAC2192FD78CDA097BFA79F6E7B2,SHA256=D468E6B1B79555AC8BCE0300942FD479689EB8F159F3A399848D3BF9B9990A56\nParentProcessGuid: {2D3B23BE-4A74-5BA2-0000-00107B910D00}\nParentProcessId: 2304\nParentImage: C:\\Program Files (x86)\\Python27\\python.exe\nParentCommandLine: \"C:\\Program Files (x86)\\Python27\\python.exe\"  C:\\Users\\flare\\Downloads\\RTA-master\\red_ttp\\enum_commands.py","@version":"1","provider_guid":"{5770385F-C22A-43E0-BF4C-06F5698FFBD9}","beat":{"version":"6.4.0","name":"flare-PC","hostname":"flare-PC"},"tags":["beats_input_codec_plain_applied"],"type":"wineventlog","event_id":1,"record_number":"1212","version":5,"host":{"name":"flare-PC"},"user":{"name":"SYSTEM","domain":"NT-AUTORITÄT","type":"User","identifier":"S-1-5-18"},"task":"Process Create (rule: ProcessCreate)","opcode":"Info"}
{"index":{"_index":"winlogbeat-6.4.0-2018.09.19","_type":"doc","_id":"x1_z8WUBfVn9xHWirDtS"}}
{"thread_id":1824,"event_data":{"LogonId":"0xe320","User":"flare-PC\\flare","UtcTime":"2018-09-19 13:09:08.919","ParentProcessGuid":"{2D3B23BE-4A74-5BA2-0000-00107B910D00}","Description":"Net Command","Hashes":"MD5=B9A4DAC2192FD78CDA097BFA79F6E7B2,SHA256=D468E6B1B79555AC8BCE0300942FD479689EB8F159F3A399848D3BF9B9990A56","Image":"C:\\Windows\\SysWOW64\\net.exe","FileVersion":"6.1.7600.16385 (win7_rtm.090713-1255)","ParentCommandLine":"\"C:\\Program Files (x86)\\Python27\\python.exe\"  C:\\Users\\flare\\Downloads\\RTA-master\\red_ttp\\enum_commands.py","ParentImage":"C:\\Program Files (x86)\\Python27\\python.exe","TerminalSessionId":"1","Company":"Microsoft Corporation","CurrentDirectory":"C:\\Users\\flare\\Downloads\\RTA-master\\","ProcessId":"3136","LogonGuid":"{2D3B23BE-45CC-5BA2-0000-002020E30000}","CommandLine":"net user /domaintasklist","IntegrityLevel":"Medium","Product":"Microsoft® Windows® Operating System","ParentProcessId":"2304","ProcessGuid":"{2D3B23BE-4A74-5BA2-0000-0010A3C90D00}"},"@timestamp":"2018-09-19T13:09:08.919Z","log_name":"Microsoft-Windows-Sysmon/Operational","level":"Informationen","computer_name":"flare-PC","source_name":"Microsoft-Windows-Sysmon","process_id":1304,"message":"Process Create:\nRuleName: \nUtcTime: 2018-09-19 13:09:08.919\nProcessGuid: {2D3B23BE-4A74-5BA2-0000-0010A3C90D00}\nProcessId: 3136\nImage: C:\\Windows\\SysWOW64\\net.exe\nFileVersion: 6.1.7600.16385 (win7_rtm.090713-1255)\nDescription: Net Command\nProduct: Microsoft® Windows® Operating System\nCompany: Microsoft Corporation\nCommandLine: net user /domaintasklist\nCurrentDirectory: C:\\Users\\flare\\Downloads\\RTA-master\\\nUser: flare-PC\\flare\nLogonGuid: {2D3B23BE-45CC-5BA2-0000-002020E30000}\nLogonId: 0xe320\nTerminalSessionId: 1\nIntegrityLevel: Medium\nHashes: MD5=B9A4DAC2192FD78CDA097BFA79F6E7B2,SHA256=D468E6B1B79555AC8BCE0300942FD479689EB8F159F3A399848D3BF9B9990A56\nParentProcessGuid: {2D3B23BE-4A74-5BA2-0000-00107B910D00}\nParentProcessId: 2304\nParentImage: C:\\Program Files (x86)\\Python27\\python.exe\nParentCommandLine: \"C:\\Program Files (x86)\\Python27\\python.exe\"  C:\\Users\\flare\\Downloads\\RTA-master\\red_ttp\\enum_commands.py","@version":"1","provider_guid":"{5770385F-C22A-43E0-BF4C-06F5698FFBD9}","beat":{"version":"6.4.0","name":"flare-PC","hostname":"flare-PC"},"tags":["beats_input_codec_plain_applied"],"type":"wineventlog","record_number":"1216","task":"Process Create (rule: ProcessCreate)","version":5,"user":{"domain":"NT-AUTORITÄT","identifier":"S-1-5-18","type":"User","name":"SYSTEM"},"event_id":1,"host":{"name":"flare-PC"},"opcode":"Info"}
{"index":{"_index":"winlogbeat-6.4.0-2018.09.19","_type":"doc","_id":"yF_z8WUBfVn9xHWirDtS"}}
{"thread_id":1824,"event_data":{"LogonId":"0x3e4","User":"NT-AUTORITÄT\\NETZWERKDIENST","ParentProcessGuid":"{2D3B23BE-45CB-5BA2-0000-001032770000}","Image":"C:\\Windows\\SysWOW64\\wbem\\WmiPrvSE.exe","Product":"Microsoft® Windows® Operating System","UtcTime":"2018-09-19 13:09:07.166","Description":"WMI Provider Host","ParentImage":"C:\\Windows\\System32\\svchost.exe","ParentCommandLine":"C:\\Windows\\system32\\svchost.exe -k DcomLaunch","FileVersion":"10.0.14409.1005 (rs1_srvoob.161208-1155)","TerminalSessionId":"0","LogonGuid":"{2D3B23BE-45CB-5BA2-0000-0020E4030000}","CommandLine":"C:\\Windows\\sysWOW64\\wbem\\wmiprvse.exe -secured -Embedding","ProcessId":"320","CurrentDirectory":"C:\\Windows\\system32\\","IntegrityLevel":"System","Company":"Microsoft Corporation","ParentProcessId":"620","Hashes":"MD5=54B7C43C2E89F5CE71B2C255C1CF35E2,SHA256=E56A124BFC0D46F76BE850F8E599B9F69E1BC1F2152E304BBF496C414A458AD1","ProcessGuid":"{2D3B23BE-4A73-5BA2-0000-001044330D00}"},"@timestamp":"2018-09-19T13:09:07.166Z","log_name":"Microsoft-Windows-Sysmon/Operational","level":"Informationen","computer_name":"flare-PC","source_name":"Microsoft-Windows-Sysmon","process_id":1304,"provider_guid":"{5770385F-C22A-43E0-BF4C-06F5698FFBD9}","message":"Process Create:\nRuleName: \nUtcTime: 2018-09-19 13:09:07.166\nProcessGuid: {2D3B23BE-4A73-5BA2-0000-001044330D00}\nProcessId: 320\nImage: C:\\Windows\\SysWOW64\\wbem\\WmiPrvSE.exe\nFileVersion: 10.0.14409.1005 (rs1_srvoob.161208-1155)\nDescription: WMI Provider Host\nProduct: Microsoft® Windows® Operating System\nCompany: Microsoft Corporation\nCommandLine: C:\\Windows\\sysWOW64\\wbem\\wmiprvse.exe -secured -Embedding\nCurrentDirectory: C:\\Windows\\system32\\\nUser: NT-AUTORITÄT\\NETZWERKDIENST\nLogonGuid: {2D3B23BE-45CB-5BA2-0000-0020E4030000}\nLogonId: 0x3e4\nTerminalSessionId: 0\nIntegrityLevel: System\nHashes: MD5=54B7C43C2E89F5CE71B2C255C1CF35E2,SHA256=E56A124BFC0D46F76BE850F8E599B9F69E1BC1F2152E304BBF496C414A458AD1\nParentProcessGuid: {2D3B23BE-45CB-5BA2-0000-001032770000}\nParentProcessId: 620\nParentImage: C:\\Windows\\System32\\svchost.exe\nParentCommandLine: C:\\Windows\\system32\\svchost.exe -k DcomLaunch","@version":"1","beat":{"version":"6.4.0","name":"flare-PC","hostname":"flare-PC"},"tags":["beats_input_codec_plain_applied"],"type":"wineventlog","task":"Process Create (rule: ProcessCreate)","record_number":"1197","version":5,"user":{"name":"SYSTEM","identifier":"S-1-5-18","domain":"NT-AUTORITÄT","type":"User"},"event_id":1,"host":{"name":"flare-PC"},"opcode":"Info"}
{"index":{"_index":"winlogbeat-6.4.0-2018.09.19","_type":"doc","_id":"y1_z8WUBfVn9xHWirDtS"}}
{"thread_id":1824,"event_data":{"ParentProcessGuid":"{2D3B23BE-4A74-5BA2-0000-00107B910D00}","User":"flare-PC\\flare","UtcTime":"2018-09-19 13:09:08.732","Hashes":"MD5=CABB20E171770FF64614A54C1F31C033,SHA256=C0E3087D87C84776FE7FFCA768A0793C02D28E34A821F0C9DA32339AF8E7E6A6","Product":"Betriebssystem Microsoft® Windows®","Image":"C:\\Windows\\SysWOW64\\ipconfig.exe","Description":"IP-Konfigurationsprogramm","FileVersion":"6.1.7600.16385 (win7_rtm.090713-1255)","ParentImage":"C:\\Program Files (x86)\\Python27\\python.exe","LogonId":"0xe320","TerminalSessionId":"1","LogonGuid":"{2D3B23BE-45CC-5BA2-0000-002020E30000}","CurrentDirectory":"C:\\Users\\flare\\Downloads\\RTA-master\\","ProcessId":"3180","ParentProcessId":"2304","IntegrityLevel":"Medium","Company":"Microsoft Corporation","CommandLine":"ipconfig /all","ParentCommandLine":"\"C:\\Program Files (x86)\\Python27\\python.exe\"  C:\\Users\\flare\\Downloads\\RTA-master\\red_ttp\\enum_commands.py","ProcessGuid":"{2D3B23BE-4A74-5BA2-0000-001041BD0D00}"},"@timestamp":"2018-09-19T13:09:08.732Z","log_name":"Microsoft-Windows-Sysmon/Operational","level":"Informationen","computer_name":"flare-PC","source_name":"Microsoft-Windows-Sysmon","process_id":1304,"@version":"1","message":"Process Create:\nRuleName: \nUtcTime: 2018-09-19 13:09:08.732\nProcessGuid: {2D3B23BE-4A74-5BA2-0000-001041BD0D00}\nProcessId: 3180\nImage: C:\\Windows\\SysWOW64\\ipconfig.exe\nFileVersion: 6.1.7600.16385 (win7_rtm.090713-1255)\nDescription: IP-Konfigurationsprogramm\nProduct: Betriebssystem Microsoft® Windows®\nCompany: Microsoft Corporation\nCommandLine: ipconfig /all\nCurrentDirectory: C:\\Users\\flare\\Downloads\\RTA-master\\\nUser: flare-PC\\flare\nLogonGuid: {2D3B23BE-45CC-5BA2-0000-002020E30000}\nLogonId: 0xe320\nTerminalSessionId: 1\nIntegrityLevel: Medium\nHashes: MD5=CABB20E171770FF64614A54C1F31C033,SHA256=C0E3087D87C84776FE7FFCA768A0793C02D28E34A821F0C9DA32339AF8E7E6A6\nParentProcessGuid: {2D3B23BE-4A74-5BA2-0000-00107B910D00}\nParentProcessId: 2304\nParentImage: C:\\Program Files (x86)\\Python27\\python.exe\nParentCommandLine: \"C:\\Program Files (x86)\\Python27\\python.exe\"  C:\\Users\\flare\\Downloads\\RTA-master\\red_ttp\\enum_commands.py","provider_guid":"{5770385F-C22A-43E0-BF4C-06F5698FFBD9}","beat":{"version":"6.4.0","name":"flare-PC","hostname":"flare-PC"},"tags":["beats_input_codec_plain_applied"],"type":"wineventlog","event_id":1,"record_number":"1209","version":5,"user":{"name":"SYSTEM","identifier":"S-1-5-18","type":"User","domain":"NT-AUTORITÄT"},"task":"Process Create (rule: ProcessCreate)","host":{"name":"flare-PC"},"opcode":"Info"}
{"index":{"_index":"winlogbeat-6.4.0-2018.09.19","_type":"doc","_id":"zF_z8WUBfVn9xHWirDtS"}}
{"thread_id":1824,"event_data":{"LogonId":"0xe320","User":"flare-PC\\flare","UtcTime":"2018-09-19 13:09:08.841","Product":"Microsoft® Windows® Operating System","ParentProcessGuid":"{2D3B23BE-4A74-5BA2-0000-0010D0C30D00}","Image":"C:\\Windows\\SysWOW64\\net1.exe","Description":"Net Command","FileVersion":"6.1.7601.17514 (win7sp1_rtm.101119-1850)","ParentImage":"C:\\Windows\\SysWOW64\\net.exe","Hashes":"MD5=2041012726EF7C95ED51C15C56545A7F,SHA256=A0BE13AC9443ACC6D2EEA474CC82A727BDB7E1009F573DBA34D269F9A6AAA347","Company":"Microsoft Corporation","CommandLine":"C:\\Windows\\system32\\net1 user","ParentProcessId":"428","ProcessId":"3684","CurrentDirectory":"C:\\Users\\flare\\Downloads\\RTA-master\\","TerminalSessionId":"1","LogonGuid":"{2D3B23BE-45CC-5BA2-0000-002020E30000}","IntegrityLevel":"Medium","ParentCommandLine":"net user","ProcessGuid":"{2D3B23BE-4A74-5BA2-0000-0010EBC40D00}"},"@timestamp":"2018-09-19T13:09:08.841Z","log_name":"Microsoft-Windows-Sysmon/Operational","level":"Informationen","computer_name":"flare-PC","source_name":"Microsoft-Windows-Sysmon","process_id":1304,"provider_guid":"{5770385F-C22A-43E0-BF4C-06F5698FFBD9}","message":"Process Create:\nRuleName: \nUtcTime: 2018-09-19 13:09:08.841\nProcessGuid: {2D3B23BE-4A74-5BA2-0000-0010EBC40D00}\nProcessId: 3684\nImage: C:\\Windows\\SysWOW64\\net1.exe\nFileVersion: 6.1.7601.17514 (win7sp1_rtm.101119-1850)\nDescription: Net Command\nProduct: Microsoft® Windows® Operating System\nCompany: Microsoft Corporation\nCommandLine: C:\\Windows\\system32\\net1 user\nCurrentDirectory: C:\\Users\\flare\\Downloads\\RTA-master\\\nUser: flare-PC\\flare\nLogonGuid: {2D3B23BE-45CC-5BA2-0000-002020E30000}\nLogonId: 0xe320\nTerminalSessionId: 1\nIntegrityLevel: Medium\nHashes: MD5=2041012726EF7C95ED51C15C56545A7F,SHA256=A0BE13AC9443ACC6D2EEA474CC82A727BDB7E1009F573DBA34D269F9A6AAA347\nParentProcessGuid: {2D3B23BE-4A74-5BA2-0000-0010D0C30D00}\nParentProcessId: 428\nParentImage: C:\\Windows\\SysWOW64\\net.exe\nParentCommandLine: net user","@version":"1","beat":{"version":"6.4.0","name":"flare-PC","hostname":"flare-PC"},"tags":["beats_input_codec_plain_applied"],"type":"wineventlog","record_number":"1213","event_id":1,"version":5,"user":{"name":"SYSTEM","domain":"NT-AUTORITÄT","type":"User","identifier":"S-1-5-18"},"task":"Process Create (rule: ProcessCreate)","host":{"name":"flare-PC"},"opcode":"Info"}
{"index":{"_index":"winlogbeat-6.4.0-2018.09.19","_type":"doc","_id":"zl_z8WUBfVn9xHWirDtT"}}
{"thread_id":1824,"event_data":{"LogonId":"0xe320","Product":"Betriebssystem Microsoft® Windows®","UtcTime":"2018-09-19 13:09:07.244","Image":"C:\\Windows\\SysWOW64\\cmd.exe","Hashes":"MD5=AD7B9C14083B52BC532FBA5948342B98,SHA256=17F746D82695FA9B35493B41859D39D786D32B23A9D2E00F4011DEC7A02402AE","User":"flare-PC\\flare","Description":"Windows-Befehlsprozessor","ParentImage":"C:\\Program Files (x86)\\Python27\\python.exe","FileVersion":"6.1.7601.17514 (win7sp1_rtm.101119-1850)","ParentCommandLine":"\"C:\\Program Files (x86)\\Python27\\python.exe\" \"C:\\Users\\flare\\Downloads\\RTA-master\\run_all.py\" ","TerminalSessionId":"1","CommandLine":"C:\\Windows\\system32\\cmd.exe /c \"\"C:\\Program Files (x86)\\Python27\\python.exe\" C:\\Users\\flare\\Downloads\\RTA-master\\red_ttp\\disable_windows_fw.py\"","LogonGuid":"{2D3B23BE-45CC-5BA2-0000-002020E30000}","CurrentDirectory":"C:\\Users\\flare\\Downloads\\RTA-master\\","ProcessId":"1800","IntegrityLevel":"Medium","ParentProcessGuid":"{2D3B23BE-4A1C-5BA2-0000-0010C8100B00}","ParentProcessId":"3756","Company":"Microsoft Corporation","ProcessGuid":"{2D3B23BE-4A73-5BA2-0000-0010AB380D00}"},"@timestamp":"2018-09-19T13:09:07.259Z","log_name":"Microsoft-Windows-Sysmon/Operational","level":"Informationen","computer_name":"flare-PC","source_name":"Microsoft-Windows-Sysmon","process_id":1304,"message":"Process Create:\nRuleName: \nUtcTime: 2018-09-19 13:09:07.244\nProcessGuid: {2D3B23BE-4A73-5BA2-0000-0010AB380D00}\nProcessId: 1800\nImage: C:\\Windows\\SysWOW64\\cmd.exe\nFileVersion: 6.1.7601.17514 (win7sp1_rtm.101119-1850)\nDescription: Windows-Befehlsprozessor\nProduct: Betriebssystem Microsoft® Windows®\nCompany: Microsoft Corporation\nCommandLine: C:\\Windows\\system32\\cmd.exe /c \"\"C:\\Program Files (x86)\\Python27\\python.exe\" C:\\Users\\flare\\Downloads\\RTA-master\\red_ttp\\disable_windows_fw.py\"\nCurrentDirectory: C:\\Users\\flare\\Downloads\\RTA-master\\\nUser: flare-PC\\flare\nLogonGuid: {2D3B23BE-45CC-5BA2-0000-002020E30000}\nLogonId: 0xe320\nTerminalSessionId: 1\nIntegrityLevel: Medium\nHashes: MD5=AD7B9C14083B52BC532FBA5948342B98,SHA256=17F746D82695FA9B35493B41859D39D786D32B23A9D2E00F4011DEC7A02402AE\nParentProcessGuid: {2D3B23BE-4A1C-5BA2-0000-0010C8100B00}\nParentProcessId: 3756\nParentImage: C:\\Program Files (x86)\\Python27\\python.exe\nParentCommandLine: \"C:\\Program Files (x86)\\Python27\\python.exe\" \"C:\\Users\\flare\\Downloads\\RTA-master\\run_all.py\" ","@version":"1","provider_guid":"{5770385F-C22A-43E0-BF4C-06F5698FFBD9}","beat":{"version":"6.4.0","name":"flare-PC","hostname":"flare-PC"},"tags":["beats_input_codec_plain_applied"],"task":"Process Create (rule: ProcessCreate)","event_id":1,"type":"wineventlog","host":{"name":"flare-PC"},"user":{"domain":"NT-AUTORITÄT","identifier":"S-1-5-18","type":"User","name":"SYSTEM"},"version":5,"record_number":"1198","opcode":"Info"}
