{"index":{"_index":"winlogbeat-6.4.0-2018.09.19","_type":"doc","_id":"5F_58WUBfVn9xHWieTzN"}}
{"thread_id":1824,"event_data":{"CreationUtcTime":"2018-09-19 13:15:12.857","UtcTime":"2018-09-19 13:15:12.857","Image":"C:\\Windows\\SysWOW64\\WindowsPowerShell\\v1.0\\powershell.exe","TargetFilename":"C:\\Users\\flare\\AppData\\Local\\Temp\\biou4ghi.zcm.ps1","ProcessId":"3624","ProcessGuid":"{2D3B23BE-4BE0-5BA2-0000-0010B82F1D00}"},"@timestamp":"2018-09-19T13:15:12.857Z","log_name":"Microsoft-Windows-Sysmon/Operational","level":"Informationen","computer_name":"flare-PC","source_name":"Microsoft-Windows-Sysmon","process_id":1304,"provider_guid":"{5770385F-C22A-43E0-BF4C-06F5698FFBD9}","message":"File created:\nRuleName: \nUtcTime: 2018-09-19 13:15:12.857\nProcessGuid: {2D3B23BE-4BE0-5BA2-0000-0010B82F1D00}\nProcessId: 3624\nImage: C:\\Windows\\SysWOW64\\WindowsPowerShell\\v1.0\\powershell.exe\nTargetFilename: C:\\Users\\flare\\AppData\\Local\\Temp\\biou4ghi.zcm.ps1\nCreationUtcTime: 2018-09-19 13:15:12.857","@version":"1","beat":{"version":"6.4.0","name":"flare-PC","hostname":"flare-PC"},"tags":["beats_input_codec_plain_applied"],"type":"wineventlog","record_number":"1471","event_id":11,"version":2,"user":{"domain":"NT-AUTORITÄT","identifier":"S-1-5-18","type":"User","name":"SYSTEM"},"host":{"name":"flare-PC"},"task":"File created (rule: FileCreate)","opcode":"Info"}
{"index":{"_index":"winlogbeat-6.4.0-2018.09.19","_type":"doc","_id":"7F_58WUBfVn9xHWieTzN"}}
{"event_data":{"param1":"C:\\Users\\flare\\Downloads\\RTA-master\\blah.msi","param5":"(NULL)","param3":"(NULL)","param4":"(NULL)","param6":"(NULL)","param2":"696"},"@timestamp":"2018-09-19T13:15:14.000Z","log_name":"Application","keywords":["Klassisch"],"level":"Informationen","computer_name":"flare-PC","source_name":"MsiInstaller","@version":"1","message":"Eine Windows Installer-Transaktion wird beendet: C:\\Users\\flare\\Downloads\\RTA-master\\blah.msi. Clientprozess-ID: 696.","beat":{"version":"6.4.0","name":"flare-PC","hostname":"flare-PC"},"tags":["beats_input_codec_plain_applied"],"type":"wineventlog","event_id":1042,"record_number":"2415","host":{"name":"flare-PC"},"user":{"name":"SYSTEM","identifier":"S-1-5-18","type":"User","domain":"NT-AUTORITÄT"},"opcode":"Info"}
{"index":{"_index":"winlogbeat-6.4.0-2018.09.19","_type":"doc","_id":"8l_58WUBfVn9xHWigTyo"}}
{"thread_id":1824,"event_data":{"LogonId":"0xe320","Product":"Microsoft ® Windows Script Host","User":"flare-PC\\flare","Hashes":"MD5=979D74799EA6C8B8167869A68DF5204A,SHA256=2160BA6829909EEB1D272AC4A5F43588750C0B4743477BF2B46952033B5D4B3B","Description":"Microsoft ® Windows Based Script Host","Image":"C:\\Windows\\SysWOW64\\wscript.exe","UtcTime":"2018-09-19 13:15:13.459","FileVersion":"5.8.7600.16385","ParentCommandLine":"C:\\Users\\flare\\Downloads\\RTA-master\\winword.exe /c wscript.exe //b","ParentProcessGuid":"{2D3B23BE-4BE1-5BA2-0000-0010D23C1D00}","TerminalSessionId":"1","CommandLine":"wscript.exe  //b","CurrentDirectory":"C:\\Users\\flare\\Downloads\\RTA-master\\","ProcessId":"2296","Company":"Microsoft Corporation","IntegrityLevel":"Medium","ParentProcessId":"1604","LogonGuid":"{2D3B23BE-45CC-5BA2-0000-002020E30000}","ParentImage":"C:\\Users\\flare\\Downloads\\RTA-master\\winword.exe","ProcessGuid":"{2D3B23BE-4BE1-5BA2-0000-0010E73D1D00}"},"@timestamp":"2018-09-19T13:15:13.678Z","log_name":"Microsoft-Windows-Sysmon/Operational","level":"Informationen","computer_name":"flare-PC","source_name":"Microsoft-Windows-Sysmon","process_id":1304,"message":"Process Create:\nRuleName: \nUtcTime: 2018-09-19 13:15:13.459\nProcessGuid: {2D3B23BE-4BE1-5BA2-0000-0010E73D1D00}\nProcessId: 2296\nImage: C:\\Windows\\SysWOW64\\wscript.exe\nFileVersion: 5.8.7600.16385\nDescription: Microsoft ® Windows Based Script Host\nProduct: Microsoft ® Windows Script Host\nCompany: Microsoft Corporation\nCommandLine: wscript.exe  //b\nCurrentDirectory: C:\\Users\\flare\\Downloads\\RTA-master\\\nUser: flare-PC\\flare\nLogonGuid: {2D3B23BE-45CC-5BA2-0000-002020E30000}\nLogonId: 0xe320\nTerminalSessionId: 1\nIntegrityLevel: Medium\nHashes: MD5=979D74799EA6C8B8167869A68DF5204A,SHA256=2160BA6829909EEB1D272AC4A5F43588750C0B4743477BF2B46952033B5D4B3B\nParentProcessGuid: {2D3B23BE-4BE1-5BA2-0000-0010D23C1D00}\nParentProcessId: 1604\nParentImage: C:\\Users\\flare\\Downloads\\RTA-master\\winword.exe\nParentCommandLine: C:\\Users\\flare\\Downloads\\RTA-master\\winword.exe /c wscript.exe //b","@version":"1","provider_guid":"{5770385F-C22A-43E0-BF4C-06F5698FFBD9}","beat":{"version":"6.4.0","name":"flare-PC","hostname":"flare-PC"},"tags":["beats_input_codec_plain_applied"],"type":"wineventlog","event_id":1,"task":"Process Create (rule: ProcessCreate)","host":{"name":"flare-PC"},"user":{"domain":"NT-AUTORITÄT","identifier":"S-1-5-18","type":"User","name":"SYSTEM"},"record_number":"1474","version":5,"opcode":"Info"}
{"index":{"_index":"winlogbeat-6.4.0-2018.09.19","_type":"doc","_id":"9l_58WUBfVn9xHWigTyo"}}
{"thread_id":1824,"event_data":{"UtcTime":"2018-09-19 13:15:14.304","Image":"C:\\Users\\flare\\Downloads\\RTA-master\\excel.exe","ProcessId":"3068","ProcessGuid":"{2D3B23BE-4BE2-5BA2-0000-001020431D00}"},"@timestamp":"2018-09-19T13:15:14.304Z","log_name":"Microsoft-Windows-Sysmon/Operational","level":"Informationen","computer_name":"flare-PC","source_name":"Microsoft-Windows-Sysmon","process_id":1304,"@version":"1","provider_guid":"{5770385F-C22A-43E0-BF4C-06F5698FFBD9}","message":"Process terminated:\nRuleName: \nUtcTime: 2018-09-19 13:15:14.304\nProcessGuid: {2D3B23BE-4BE2-5BA2-0000-001020431D00}\nProcessId: 3068\nImage: C:\\Users\\flare\\Downloads\\RTA-master\\excel.exe","beat":{"version":"6.4.0","name":"flare-PC","hostname":"flare-PC"},"tags":["beats_input_codec_plain_applied"],"type":"wineventlog","event_id":5,"record_number":"1479","version":3,"user":{"name":"SYSTEM","domain":"NT-AUTORITÄT","type":"User","identifier":"S-1-5-18"},"host":{"name":"flare-PC"},"task":"Process terminated (rule: ProcessTerminate)","opcode":"Info"}
{"index":{"_index":"winlogbeat-6.4.0-2018.09.19","_type":"doc","_id":"-l_58WUBfVn9xHWiiTyk"}}
{"thread_id":1824,"event_data":{"LogonId":"0xe320","ParentProcessGuid":"{2D3B23BE-4BDF-5BA2-0000-001096FB1C00}","User":"flare-PC\\flare","Hashes":"MD5=AD7B9C14083B52BC532FBA5948342B98,SHA256=17F746D82695FA9B35493B41859D39D786D32B23A9D2E00F4011DEC7A02402AE","Product":"Betriebssystem Microsoft® Windows®","Image":"C:\\Users\\flare\\Downloads\\RTA-master\\excel.exe","UtcTime":"2018-09-19 13:15:15.229","ParentImage":"C:\\Program Files (x86)\\Python27\\python.exe","FileVersion":"6.1.7601.17514 (win7sp1_rtm.101119-1850)","ParentCommandLine":"\"C:\\Program Files (x86)\\Python27\\python.exe\"  C:\\Users\\flare\\Downloads\\RTA-master\\red_ttp\\suspicious_office_children.py","TerminalSessionId":"1","CommandLine":"C:\\Users\\flare\\Downloads\\RTA-master\\excel.exe /c wscript.exe //b","LogonGuid":"{2D3B23BE-45CC-5BA2-0000-002020E30000}","ProcessId":"2556","ParentProcessId":"1132","IntegrityLevel":"Medium","CurrentDirectory":"C:\\Users\\flare\\Downloads\\RTA-master\\","Company":"Microsoft Corporation","Description":"Windows-Befehlsprozessor","ProcessGuid":"{2D3B23BE-4BE3-5BA2-0000-0010B7581D00}"},"@timestamp":"2018-09-19T13:15:15.229Z","log_name":"Microsoft-Windows-Sysmon/Operational","level":"Informationen","computer_name":"flare-PC","source_name":"Microsoft-Windows-Sysmon","process_id":1304,"provider_guid":"{5770385F-C22A-43E0-BF4C-06F5698FFBD9}","message":"Process Create:\nRuleName: \nUtcTime: 2018-09-19 13:15:15.229\nProcessGuid: {2D3B23BE-4BE3-5BA2-0000-0010B7581D00}\nProcessId: 2556\nImage: C:\\Users\\flare\\Downloads\\RTA-master\\excel.exe\nFileVersion: 6.1.7601.17514 (win7sp1_rtm.101119-1850)\nDescription: Windows-Befehlsprozessor\nProduct: Betriebssystem Microsoft® Windows®\nCompany: Microsoft Corporation\nCommandLine: C:\\Users\\flare\\Downloads\\RTA-master\\excel.exe /c wscript.exe //b\nCurrentDirectory: C:\\Users\\flare\\Downloads\\RTA-master\\\nUser: flare-PC\\flare\nLogonGuid: {2D3B23BE-45CC-5BA2-0000-002020E30000}\nLogonId: 0xe320\nTerminalSessionId: 1\nIntegrityLevel: Medium\nHashes: MD5=AD7B9C14083B52BC532FBA5948342B98,SHA256=17F746D82695FA9B35493B41859D39D786D32B23A9D2E00F4011DEC7A02402AE\nParentProcessGuid: {2D3B23BE-4BDF-5BA2-0000-001096FB1C00}\nParentProcessId: 1132\nParentImage: C:\\Program Files (x86)\\Python27\\python.exe\nParentCommandLine: \"C:\\Program Files (x86)\\Python27\\python.exe\"  C:\\Users\\flare\\Downloads\\RTA-master\\red_ttp\\suspicious_office_children.py","@version":"1","beat":{"version":"6.4.0","name":"flare-PC","hostname":"flare-PC"},"tags":["beats_input_codec_plain_applied"],"task":"Process Create (rule: ProcessCreate)","record_number":"1484","event_id":1,"version":5,"host":{"name":"flare-PC"},"type":"wineventlog","user":{"name":"SYSTEM","identifier":"S-1-5-18","type":"User","domain":"NT-AUTORITÄT"},"opcode":"Info"}
{"index":{"_index":"winlogbeat-6.4.0-2018.09.19","_type":"doc","_id":"AF_58WUBfVn9xHWiiT2l"}}
{"thread_id":1824,"event_data":{"ParentProcessGuid":"{2D3B23BE-4BE3-5BA2-0000-0010B7581D00}","LogonId":"0xe320","UtcTime":"2018-09-19 13:15:15.245","Hashes":"MD5=979D74799EA6C8B8167869A68DF5204A,SHA256=2160BA6829909EEB1D272AC4A5F43588750C0B4743477BF2B46952033B5D4B3B","Description":"Microsoft ® Windows Based Script Host","Image":"C:\\Windows\\SysWOW64\\wscript.exe","Product":"Microsoft ® Windows Script Host","ParentImage":"C:\\Users\\flare\\Downloads\\RTA-master\\excel.exe","ParentCommandLine":"C:\\Users\\flare\\Downloads\\RTA-master\\excel.exe /c wscript.exe //b","FileVersion":"5.8.7600.16385","LogonGuid":"{2D3B23BE-45CC-5BA2-0000-002020E30000}","Company":"Microsoft Corporation","ParentProcessId":"2556","ProcessId":"2824","CurrentDirectory":"C:\\Users\\flare\\Downloads\\RTA-master\\","IntegrityLevel":"Medium","TerminalSessionId":"1","CommandLine":"wscript.exe  //b","User":"flare-PC\\flare","ProcessGuid":"{2D3B23BE-4BE3-5BA2-0000-0010D0591D00}"},"@timestamp":"2018-09-19T13:15:15.245Z","log_name":"Microsoft-Windows-Sysmon/Operational","level":"Informationen","computer_name":"flare-PC","source_name":"Microsoft-Windows-Sysmon","process_id":1304,"@version":"1","provider_guid":"{5770385F-C22A-43E0-BF4C-06F5698FFBD9}","message":"Process Create:\nRuleName: \nUtcTime: 2018-09-19 13:15:15.245\nProcessGuid: {2D3B23BE-4BE3-5BA2-0000-0010D0591D00}\nProcessId: 2824\nImage: C:\\Windows\\SysWOW64\\wscript.exe\nFileVersion: 5.8.7600.16385\nDescription: Microsoft ® Windows Based Script Host\nProduct: Microsoft ® Windows Script Host\nCompany: Microsoft Corporation\nCommandLine: wscript.exe  //b\nCurrentDirectory: C:\\Users\\flare\\Downloads\\RTA-master\\\nUser: flare-PC\\flare\nLogonGuid: {2D3B23BE-45CC-5BA2-0000-002020E30000}\nLogonId: 0xe320\nTerminalSessionId: 1\nIntegrityLevel: Medium\nHashes: MD5=979D74799EA6C8B8167869A68DF5204A,SHA256=2160BA6829909EEB1D272AC4A5F43588750C0B4743477BF2B46952033B5D4B3B\nParentProcessGuid: {2D3B23BE-4BE3-5BA2-0000-0010B7581D00}\nParentProcessId: 2556\nParentImage: C:\\Users\\flare\\Downloads\\RTA-master\\excel.exe\nParentCommandLine: C:\\Users\\flare\\Downloads\\RTA-master\\excel.exe /c wscript.exe //b","beat":{"version":"6.4.0","name":"flare-PC","hostname":"flare-PC"},"tags":["beats_input_codec_plain_applied"],"type":"wineventlog","event_id":1,"record_number":"1485","version":5,"host":{"name":"flare-PC"},"user":{"name":"SYSTEM","identifier":"S-1-5-18","type":"User","domain":"NT-AUTORITÄT"},"task":"Process Create (rule: ProcessCreate)","opcode":"Info"}
{"index":{"_index":"winlogbeat-6.4.0-2018.09.19","_type":"doc","_id":"Al_58WUBfVn9xHWiiT2l"}}
{"thread_id":1824,"event_data":{"LogonId":"0xe320","Product":"Betriebssystem Microsoft® Windows®","User":"flare-PC\\flare","Image":"C:\\Windows\\SysWOW64\\cmd.exe","Description":"Windows-Befehlsprozessor","ParentProcessGuid":"{2D3B23BE-4A1C-5BA2-0000-0010C8100B00}","UtcTime":"2018-09-19 13:15:16.818","ParentImage":"C:\\Program Files (x86)\\Python27\\python.exe","ParentCommandLine":"\"C:\\Program Files (x86)\\Python27\\python.exe\" \"C:\\Users\\flare\\Downloads\\RTA-master\\run_all.py\" ","FileVersion":"6.1.7601.17514 (win7sp1_rtm.101119-1850)","Company":"Microsoft Corporation","LogonGuid":"{2D3B23BE-45CC-5BA2-0000-002020E30000}","ParentProcessId":"3756","CurrentDirectory":"C:\\Users\\flare\\Downloads\\RTA-master\\","ProcessId":"3408","IntegrityLevel":"Medium","CommandLine":"C:\\Windows\\system32\\cmd.exe /c \"\"C:\\Program Files (x86)\\Python27\\python.exe\" C:\\Users\\flare\\Downloads\\RTA-master\\red_ttp\\uac_eventviewer.py\"","TerminalSessionId":"1","Hashes":"MD5=AD7B9C14083B52BC532FBA5948342B98,SHA256=17F746D82695FA9B35493B41859D39D786D32B23A9D2E00F4011DEC7A02402AE","ProcessGuid":"{2D3B23BE-4BE4-5BA2-0000-0010FFB61D00}"},"@timestamp":"2018-09-19T13:15:16.818Z","log_name":"Microsoft-Windows-Sysmon/Operational","level":"Informationen","computer_name":"flare-PC","source_name":"Microsoft-Windows-Sysmon","process_id":1304,"provider_guid":"{5770385F-C22A-43E0-BF4C-06F5698FFBD9}","message":"Process Create:\nRuleName: \nUtcTime: 2018-09-19 13:15:16.818\nProcessGuid: {2D3B23BE-4BE4-5BA2-0000-0010FFB61D00}\nProcessId: 3408\nImage: C:\\Windows\\SysWOW64\\cmd.exe\nFileVersion: 6.1.7601.17514 (win7sp1_rtm.101119-1850)\nDescription: Windows-Befehlsprozessor\nProduct: Betriebssystem Microsoft® Windows®\nCompany: Microsoft Corporation\nCommandLine: C:\\Windows\\system32\\cmd.exe /c \"\"C:\\Program Files (x86)\\Python27\\python.exe\" C:\\Users\\flare\\Downloads\\RTA-master\\red_ttp\\uac_eventviewer.py\"\nCurrentDirectory: C:\\Users\\flare\\Downloads\\RTA-master\\\nUser: flare-PC\\flare\nLogonGuid: {2D3B23BE-45CC-5BA2-0000-002020E30000}\nLogonId: 0xe320\nTerminalSessionId: 1\nIntegrityLevel: Medium\nHashes: MD5=AD7B9C14083B52BC532FBA5948342B98,SHA256=17F746D82695FA9B35493B41859D39D786D32B23A9D2E00F4011DEC7A02402AE\nParentProcessGuid: {2D3B23BE-4A1C-5BA2-0000-0010C8100B00}\nParentProcessId: 3756\nParentImage: C:\\Program Files (x86)\\Python27\\python.exe\nParentCommandLine: \"C:\\Program Files (x86)\\Python27\\python.exe\" \"C:\\Users\\flare\\Downloads\\RTA-master\\run_all.py\" ","@version":"1","beat":{"version":"6.4.0","name":"flare-PC","hostname":"flare-PC"},"tags":["beats_input_codec_plain_applied"],"task":"Process Create (rule: ProcessCreate)","event_id":1,"record_number":"1493","host":{"name":"flare-PC"},"version":5,"type":"wineventlog","user":{"domain":"NT-AUTORITÄT","identifier":"S-1-5-18","type":"User","name":"SYSTEM"},"opcode":"Info"}
{"index":{"_index":"winlogbeat-6.4.0-2018.09.19","_type":"doc","_id":"-V_58WUBfVn9xHWiiTyk"}}
{"thread_id":1824,"event_data":{"ParentProcessGuid":"{2D3B23BE-4A1C-5BA2-0000-0010C8100B00}","Product":"Betriebssystem Microsoft® Windows®","UtcTime":"2018-09-19 13:15:16.268","Image":"C:\\Windows\\SysWOW64\\cmd.exe","Description":"Windows-Befehlsprozessor","User":"flare-PC\\flare","Hashes":"MD5=AD7B9C14083B52BC532FBA5948342B98,SHA256=17F746D82695FA9B35493B41859D39D786D32B23A9D2E00F4011DEC7A02402AE","FileVersion":"6.1.7601.17514 (win7sp1_rtm.101119-1850)","ParentCommandLine":"\"C:\\Program Files (x86)\\Python27\\python.exe\" \"C:\\Users\\flare\\Downloads\\RTA-master\\run_all.py\" ","ParentImage":"C:\\Program Files (x86)\\Python27\\python.exe","TerminalSessionId":"1","Company":"Microsoft Corporation","ParentProcessId":"3756","LogonGuid":"{2D3B23BE-45CC-5BA2-0000-002020E30000}","CurrentDirectory":"C:\\Users\\flare\\Downloads\\RTA-master\\","IntegrityLevel":"Medium","CommandLine":"C:\\Windows\\system32\\cmd.exe /c \"\"C:\\Program Files (x86)\\Python27\\python.exe\" C:\\Users\\flare\\Downloads\\RTA-master\\red_ttp\\trust_provider.py\"","LogonId":"0xe320","ProcessId":"2940","ProcessGuid":"{2D3B23BE-4BE4-5BA2-0000-00105C8B1D00}"},"@timestamp":"2018-09-19T13:15:16.268Z","log_name":"Microsoft-Windows-Sysmon/Operational","level":"Informationen","computer_name":"flare-PC","source_name":"Microsoft-Windows-Sysmon","process_id":1304,"provider_guid":"{5770385F-C22A-43E0-BF4C-06F5698FFBD9}","message":"Process Create:\nRuleName: \nUtcTime: 2018-09-19 13:15:16.268\nProcessGuid: {2D3B23BE-4BE4-5BA2-0000-00105C8B1D00}\nProcessId: 2940\nImage: C:\\Windows\\SysWOW64\\cmd.exe\nFileVersion: 6.1.7601.17514 (win7sp1_rtm.101119-1850)\nDescription: Windows-Befehlsprozessor\nProduct: Betriebssystem Microsoft® Windows®\nCompany: Microsoft Corporation\nCommandLine: C:\\Windows\\system32\\cmd.exe /c \"\"C:\\Program Files (x86)\\Python27\\python.exe\" C:\\Users\\flare\\Downloads\\RTA-master\\red_ttp\\trust_provider.py\"\nCurrentDirectory: C:\\Users\\flare\\Downloads\\RTA-master\\\nUser: flare-PC\\flare\nLogonGuid: {2D3B23BE-45CC-5BA2-0000-002020E30000}\nLogonId: 0xe320\nTerminalSessionId: 1\nIntegrityLevel: Medium\nHashes: MD5=AD7B9C14083B52BC532FBA5948342B98,SHA256=17F746D82695FA9B35493B41859D39D786D32B23A9D2E00F4011DEC7A02402AE\nParentProcessGuid: {2D3B23BE-4A1C-5BA2-0000-0010C8100B00}\nParentProcessId: 3756\nParentImage: C:\\Program Files (x86)\\Python27\\python.exe\nParentCommandLine: \"C:\\Program Files (x86)\\Python27\\python.exe\" \"C:\\Users\\flare\\Downloads\\RTA-master\\run_all.py\" ","@version":"1","beat":{"version":"6.4.0","name":"flare-PC","hostname":"flare-PC"},"tags":["beats_input_codec_plain_applied"],"task":"Process Create (rule: ProcessCreate)","type":"wineventlog","record_number":"1491","version":5,"host":{"name":"flare-PC"},"user":{"name":"SYSTEM","domain":"NT-AUTORITÄT","type":"User","identifier":"S-1-5-18"},"event_id":1,"opcode":"Info"}
{"index":{"_index":"winlogbeat-6.4.0-2018.09.19","_type":"doc","_id":"BF_58WUBfVn9xHWikT2y"}}
{"thread_id":1824,"event_data":{"LogonId":"0xe320","User":"flare-PC\\flare","Product":"?","Image":"C:\\Program Files (x86)\\Python27\\python.exe","Description":"?","Hashes":"MD5=6E8B813C218546F9DF6F17F4B97B06EE,SHA256=C7817E6DA74A7AE196EB2D35CE21319ABE3A62CD23AB4DB39FA5138DF7CA1D44","UtcTime":"2018-09-19 13:15:17.333","FileVersion":"?","ParentImage":"C:\\Windows\\SysWOW64\\cmd.exe","ParentProcessGuid":"{2D3B23BE-4BE5-5BA2-0000-0010C4E31D00}","Company":"?","LogonGuid":"{2D3B23BE-45CC-5BA2-0000-002020E30000}","TerminalSessionId":"1","ProcessId":"3228","CommandLine":"\"C:\\Program Files (x86)\\Python27\\python.exe\"  C:\\Users\\flare\\Downloads\\RTA-master\\red_ttp\\uac_sdclt.py","CurrentDirectory":"C:\\Users\\flare\\Downloads\\RTA-master\\","IntegrityLevel":"Medium","ParentCommandLine":"C:\\Windows\\system32\\cmd.exe /c \"\"C:\\Program Files (x86)\\Python27\\python.exe\" C:\\Users\\flare\\Downloads\\RTA-master\\red_ttp\\uac_sdclt.py\"","ParentProcessId":"4088","ProcessGuid":"{2D3B23BE-4BE5-5BA2-0000-0010FDE41D00}"},"@timestamp":"2018-09-19T13:15:17.333Z","log_name":"Microsoft-Windows-Sysmon/Operational","level":"Informationen","computer_name":"flare-PC","source_name":"Microsoft-Windows-Sysmon","process_id":1304,"message":"Process Create:\nRuleName: \nUtcTime: 2018-09-19 13:15:17.333\nProcessGuid: {2D3B23BE-4BE5-5BA2-0000-0010FDE41D00}\nProcessId: 3228\nImage: C:\\Program Files (x86)\\Python27\\python.exe\nFileVersion: ?\nDescription: ?\nProduct: ?\nCompany: ?\nCommandLine: \"C:\\Program Files (x86)\\Python27\\python.exe\"  C:\\Users\\flare\\Downloads\\RTA-master\\red_ttp\\uac_sdclt.py\nCurrentDirectory: C:\\Users\\flare\\Downloads\\RTA-master\\\nUser: flare-PC\\flare\nLogonGuid: {2D3B23BE-45CC-5BA2-0000-002020E30000}\nLogonId: 0xe320\nTerminalSessionId: 1\nIntegrityLevel: Medium\nHashes: MD5=6E8B813C218546F9DF6F17F4B97B06EE,SHA256=C7817E6DA74A7AE196EB2D35CE21319ABE3A62CD23AB4DB39FA5138DF7CA1D44\nParentProcessGuid: {2D3B23BE-4BE5-5BA2-0000-0010C4E31D00}\nParentProcessId: 4088\nParentImage: C:\\Windows\\SysWOW64\\cmd.exe\nParentCommandLine: C:\\Windows\\system32\\cmd.exe /c \"\"C:\\Program Files (x86)\\Python27\\python.exe\" C:\\Users\\flare\\Downloads\\RTA-master\\red_ttp\\uac_sdclt.py\"","@version":"1","provider_guid":"{5770385F-C22A-43E0-BF4C-06F5698FFBD9}","beat":{"version":"6.4.0","name":"flare-PC","hostname":"flare-PC"},"tags":["beats_input_codec_plain_applied"],"type":"wineventlog","record_number":"1498","task":"Process Create (rule: ProcessCreate)","version":5,"event_id":1,"user":{"name":"SYSTEM","identifier":"S-1-5-18","type":"User","domain":"NT-AUTORITÄT"},"host":{"name":"flare-PC"},"opcode":"Info"}
{"index":{"_index":"winlogbeat-6.4.0-2018.09.19","_type":"doc","_id":"C1_58WUBfVn9xHWikT2y"}}
{"thread_id":1824,"event_data":{"ParentProcessGuid":"{2D3B23BE-4A1C-5BA2-0000-0010C8100B00}","User":"flare-PC\\flare","LogonId":"0xe320","Hashes":"MD5=AD7B9C14083B52BC532FBA5948342B98,SHA256=17F746D82695FA9B35493B41859D39D786D32B23A9D2E00F4011DEC7A02402AE","Product":"Betriebssystem Microsoft® Windows®","Image":"C:\\Windows\\SysWOW64\\cmd.exe","Description":"Windows-Befehlsprozessor","FileVersion":"6.1.7601.17514 (win7sp1_rtm.101119-1850)","ParentImage":"C:\\Program Files (x86)\\Python27\\python.exe","UtcTime":"2018-09-19 13:15:17.783","TerminalSessionId":"1","LogonGuid":"{2D3B23BE-45CC-5BA2-0000-002020E30000}","CurrentDirectory":"C:\\Users\\flare\\Downloads\\RTA-master\\","ProcessId":"3972","Company":"Microsoft Corporation","IntegrityLevel":"Medium","ParentProcessId":"3756","ParentCommandLine":"\"C:\\Program Files (x86)\\Python27\\python.exe\" \"C:\\Users\\flare\\Downloads\\RTA-master\\run_all.py\" ","CommandLine":"C:\\Windows\\system32\\cmd.exe /c \"\"C:\\Program Files (x86)\\Python27\\python.exe\" C:\\Users\\flare\\Downloads\\RTA-master\\red_ttp\\unusual_ms_tool_network.py\"","ProcessGuid":"{2D3B23BE-4BE5-5BA2-0000-001007101E00}"},"@timestamp":"2018-09-19T13:15:17.783Z","log_name":"Microsoft-Windows-Sysmon/Operational","level":"Informationen","computer_name":"flare-PC","source_name":"Microsoft-Windows-Sysmon","process_id":1304,"@version":"1","provider_guid":"{5770385F-C22A-43E0-BF4C-06F5698FFBD9}","message":"Process Create:\nRuleName: \nUtcTime: 2018-09-19 13:15:17.783\nProcessGuid: {2D3B23BE-4BE5-5BA2-0000-001007101E00}\nProcessId: 3972\nImage: C:\\Windows\\SysWOW64\\cmd.exe\nFileVersion: 6.1.7601.17514 (win7sp1_rtm.101119-1850)\nDescription: Windows-Befehlsprozessor\nProduct: Betriebssystem Microsoft® Windows®\nCompany: Microsoft Corporation\nCommandLine: C:\\Windows\\system32\\cmd.exe /c \"\"C:\\Program Files (x86)\\Python27\\python.exe\" C:\\Users\\flare\\Downloads\\RTA-master\\red_ttp\\unusual_ms_tool_network.py\"\nCurrentDirectory: C:\\Users\\flare\\Downloads\\RTA-master\\\nUser: flare-PC\\flare\nLogonGuid: {2D3B23BE-45CC-5BA2-0000-002020E30000}\nLogonId: 0xe320\nTerminalSessionId: 1\nIntegrityLevel: Medium\nHashes: MD5=AD7B9C14083B52BC532FBA5948342B98,SHA256=17F746D82695FA9B35493B41859D39D786D32B23A9D2E00F4011DEC7A02402AE\nParentProcessGuid: {2D3B23BE-4A1C-5BA2-0000-0010C8100B00}\nParentProcessId: 3756\nParentImage: C:\\Program Files (x86)\\Python27\\python.exe\nParentCommandLine: \"C:\\Program Files (x86)\\Python27\\python.exe\" \"C:\\Users\\flare\\Downloads\\RTA-master\\run_all.py\" ","beat":{"version":"6.4.0","name":"flare-PC","hostname":"flare-PC"},"tags":["beats_input_codec_plain_applied"],"type":"wineventlog","record_number":"1504","task":"Process Create (rule: ProcessCreate)","host":{"name":"flare-PC"},"user":{"name":"SYSTEM","identifier":"S-1-5-18","domain":"NT-AUTORITÄT","type":"User"},"version":5,"event_id":1,"opcode":"Info"}
{"index":{"_index":"winlogbeat-6.4.0-2018.09.19","_type":"doc","_id":"Dl_58WUBfVn9xHWikT2z"}}
{"thread_id":1824,"event_data":{"UtcTime":"2018-09-19 13:15:17.751","Image":"C:\\Program Files (x86)\\Python27\\python.exe","Details":"C:\\Users\\flare\\Downloads\\RTA-master\\red_ttp\\bin\\myapp.exe","EventType":"SetValue","TargetObject":"HKU\\S-1-5-21-4019173901-3792766986-1456451320-1001_CLASSES\\exefile\\shell\\runas\\command\\IsolatedCommand","ProcessId":"3228","ProcessGuid":"{2D3B23BE-4BE5-5BA2-0000-0010FDE41D00}"},"@timestamp":"2018-09-19T13:15:17.751Z","log_name":"Microsoft-Windows-Sysmon/Operational","level":"Informationen","computer_name":"flare-PC","source_name":"Microsoft-Windows-Sysmon","process_id":1304,"@version":"1","provider_guid":"{5770385F-C22A-43E0-BF4C-06F5698FFBD9}","message":"Registry value set:\nRuleName: \nEventType: SetValue\nUtcTime: 2018-09-19 13:15:17.751\nProcessGuid: {2D3B23BE-4BE5-5BA2-0000-0010FDE41D00}\nProcessId: 3228\nImage: C:\\Program Files (x86)\\Python27\\python.exe\nTargetObject: HKU\\S-1-5-21-4019173901-3792766986-1456451320-1001_CLASSES\\exefile\\shell\\runas\\command\\IsolatedCommand\nDetails: C:\\Users\\flare\\Downloads\\RTA-master\\red_ttp\\bin\\myapp.exe","beat":{"version":"6.4.0","name":"flare-PC","hostname":"flare-PC"},"tags":["beats_input_codec_plain_applied"],"type":"wineventlog","record_number":"1503","event_id":13,"host":{"name":"flare-PC"},"version":2,"user":{"name":"SYSTEM","identifier":"S-1-5-18","domain":"NT-AUTORITÄT","type":"User"},"task":"Registry value set (rule: RegistryEvent)","opcode":"Info"}
{"index":{"_index":"winlogbeat-6.4.0-2018.09.19","_type":"doc","_id":"D1_58WUBfVn9xHWikT2z"}}
{"thread_id":1824,"event_data":{"ParentProcessGuid":"{2D3B23BE-4BE5-5BA2-0000-00103E111E00}","Product":"?","UtcTime":"2018-09-19 13:15:18.831","Image":"C:\\Users\\flare\\Downloads\\RTA-master\\red_ttp\\bginfo.exe","Hashes":"MD5=6E8B813C218546F9DF6F17F4B97B06EE,SHA256=C7817E6DA74A7AE196EB2D35CE21319ABE3A62CD23AB4DB39FA5138DF7CA1D44","LogonId":"0xe320","Description":"?","ParentImage":"C:\\Program Files (x86)\\Python27\\python.exe","ParentCommandLine":"\"C:\\Program Files (x86)\\Python27\\python.exe\"  C:\\Users\\flare\\Downloads\\RTA-master\\red_ttp\\unusual_ms_tool_network.py","FileVersion":"?","Company":"?","TerminalSessionId":"1","CurrentDirectory":"C:\\Users\\flare\\Downloads\\RTA-master\\red_ttp\\","ProcessId":"3644","LogonGuid":"{2D3B23BE-45CC-5BA2-0000-002020E30000}","CommandLine":"C:\\Users\\flare\\Downloads\\RTA-master\\red_ttp\\bginfo.exe -c \"import urllib; urllib.urlopen('http://172.16.100.10:8000')\"","ParentProcessId":"2792","User":"flare-PC\\flare","IntegrityLevel":"Medium","ProcessGuid":"{2D3B23BE-4BE6-5BA2-0000-0010DA3B1E00}"},"@timestamp":"2018-09-19T13:15:18.831Z","log_name":"Microsoft-Windows-Sysmon/Operational","level":"Informationen","computer_name":"flare-PC","source_name":"Microsoft-Windows-Sysmon","process_id":1304,"message":"Process Create:\nRuleName: \nUtcTime: 2018-09-19 13:15:18.831\nProcessGuid: {2D3B23BE-4BE6-5BA2-0000-0010DA3B1E00}\nProcessId: 3644\nImage: C:\\Users\\flare\\Downloads\\RTA-master\\red_ttp\\bginfo.exe\nFileVersion: ?\nDescription: ?\nProduct: ?\nCompany: ?\nCommandLine: C:\\Users\\flare\\Downloads\\RTA-master\\red_ttp\\bginfo.exe -c \"import urllib; urllib.urlopen('http://172.16.100.10:8000')\"\nCurrentDirectory: C:\\Users\\flare\\Downloads\\RTA-master\\red_ttp\\\nUser: flare-PC\\flare\nLogonGuid: {2D3B23BE-45CC-5BA2-0000-002020E30000}\nLogonId: 0xe320\nTerminalSessionId: 1\nIntegrityLevel: Medium\nHashes: MD5=6E8B813C218546F9DF6F17F4B97B06EE,SHA256=C7817E6DA74A7AE196EB2D35CE21319ABE3A62CD23AB4DB39FA5138DF7CA1D44\nParentProcessGuid: {2D3B23BE-4BE5-5BA2-0000-00103E111E00}\nParentProcessId: 2792\nParentImage: C:\\Program Files (x86)\\Python27\\python.exe\nParentCommandLine: \"C:\\Program Files (x86)\\Python27\\python.exe\"  C:\\Users\\flare\\Downloads\\RTA-master\\red_ttp\\unusual_ms_tool_network.py","@version":"1","provider_guid":"{5770385F-C22A-43E0-BF4C-06F5698FFBD9}","beat":{"version":"6.4.0","name":"flare-PC","hostname":"flare-PC"},"tags":["beats_input_codec_plain_applied"],"task":"Process Create (rule: ProcessCreate)","event_id":1,"record_number":"1507","version":5,"user":{"name":"SYSTEM","identifier":"S-1-5-18","domain":"NT-AUTORITÄT","type":"User"},"host":{"name":"flare-PC"},"type":"wineventlog","opcode":"Info"}
{"index":{"_index":"winlogbeat-6.4.0-2018.09.19","_type":"doc","_id":"EV_58WUBfVn9xHWimT2g"}}
{"thread_id":1824,"event_data":{"CreationUtcTime":"2018-09-19 13:15:19.112","UtcTime":"2018-09-19 13:15:19.112","Image":"C:\\Program Files (x86)\\Python27\\python.exe","TargetFilename":"C:\\Users\\flare\\Downloads\\RTA-master\\red_ttp\\rcsi.exe","ProcessId":"2792","ProcessGuid":"{2D3B23BE-4BE5-5BA2-0000-00103E111E00}"},"@timestamp":"2018-09-19T13:15:19.112Z","log_name":"Microsoft-Windows-Sysmon/Operational","level":"Informationen","computer_name":"flare-PC","source_name":"Microsoft-Windows-Sysmon","process_id":1304,"message":"File created:\nRuleName: \nUtcTime: 2018-09-19 13:15:19.112\nProcessGuid: {2D3B23BE-4BE5-5BA2-0000-00103E111E00}\nProcessId: 2792\nImage: C:\\Program Files (x86)\\Python27\\python.exe\nTargetFilename: C:\\Users\\flare\\Downloads\\RTA-master\\red_ttp\\rcsi.exe\nCreationUtcTime: 2018-09-19 13:15:19.112","@version":"1","provider_guid":"{5770385F-C22A-43E0-BF4C-06F5698FFBD9}","beat":{"version":"6.4.0","name":"flare-PC","hostname":"flare-PC"},"tags":["beats_input_codec_plain_applied"],"type":"wineventlog","record_number":"1509","task":"File created (rule: FileCreate)","version":2,"user":{"name":"SYSTEM","domain":"NT-AUTORITÄT","type":"User","identifier":"S-1-5-18"},"host":{"name":"flare-PC"},"event_id":11,"opcode":"Info"}
{"index":{"_index":"winlogbeat-6.4.0-2018.09.19","_type":"doc","_id":"FF_58WUBfVn9xHWimT2g"}}
{"thread_id":1824,"event_data":{"LogonId":"0xe320","User":"flare-PC\\flare","UtcTime":"2018-09-19 13:15:19.377","Hashes":"MD5=6E8B813C218546F9DF6F17F4B97B06EE,SHA256=C7817E6DA74A7AE196EB2D35CE21319ABE3A62CD23AB4DB39FA5138DF7CA1D44","Image":"C:\\Users\\flare\\Downloads\\RTA-master\\red_ttp\\control.exe","Product":"?","ParentProcessGuid":"{2D3B23BE-4BE5-5BA2-0000-00103E111E00}","ParentImage":"C:\\Program Files (x86)\\Python27\\python.exe","ParentCommandLine":"\"C:\\Program Files (x86)\\Python27\\python.exe\"  C:\\Users\\flare\\Downloads\\RTA-master\\red_ttp\\unusual_ms_tool_network.py","Description":"?","Company":"?","TerminalSessionId":"1","ParentProcessId":"2792","LogonGuid":"{2D3B23BE-45CC-5BA2-0000-002020E30000}","ProcessId":"296","IntegrityLevel":"Medium","CommandLine":"C:\\Users\\flare\\Downloads\\RTA-master\\red_ttp\\control.exe -c \"import urllib; urllib.urlopen('http://172.16.100.10:8000')\"","FileVersion":"?","CurrentDirectory":"C:\\Users\\flare\\Downloads\\RTA-master\\red_ttp\\","ProcessGuid":"{2D3B23BE-4BE7-5BA2-0000-0010FA461E00}"},"@timestamp":"2018-09-19T13:15:19.377Z","log_name":"Microsoft-Windows-Sysmon/Operational","level":"Informationen","computer_name":"flare-PC","source_name":"Microsoft-Windows-Sysmon","process_id":1304,"message":"Process Create:\nRuleName: \nUtcTime: 2018-09-19 13:15:19.377\nProcessGuid: {2D3B23BE-4BE7-5BA2-0000-0010FA461E00}\nProcessId: 296\nImage: C:\\Users\\flare\\Downloads\\RTA-master\\red_ttp\\control.exe\nFileVersion: ?\nDescription: ?\nProduct: ?\nCompany: ?\nCommandLine: C:\\Users\\flare\\Downloads\\RTA-master\\red_ttp\\control.exe -c \"import urllib; urllib.urlopen('http://172.16.100.10:8000')\"\nCurrentDirectory: C:\\Users\\flare\\Downloads\\RTA-master\\red_ttp\\\nUser: flare-PC\\flare\nLogonGuid: {2D3B23BE-45CC-5BA2-0000-002020E30000}\nLogonId: 0xe320\nTerminalSessionId: 1\nIntegrityLevel: Medium\nHashes: MD5=6E8B813C218546F9DF6F17F4B97B06EE,SHA256=C7817E6DA74A7AE196EB2D35CE21319ABE3A62CD23AB4DB39FA5138DF7CA1D44\nParentProcessGuid: {2D3B23BE-4BE5-5BA2-0000-00103E111E00}\nParentProcessId: 2792\nParentImage: C:\\Program Files (x86)\\Python27\\python.exe\nParentCommandLine: \"C:\\Program Files (x86)\\Python27\\python.exe\"  C:\\Users\\flare\\Downloads\\RTA-master\\red_ttp\\unusual_ms_tool_network.py","@version":"1","provider_guid":"{5770385F-C22A-43E0-BF4C-06F5698FFBD9}","beat":{"version":"6.4.0","name":"flare-PC","hostname":"flare-PC"},"tags":["beats_input_codec_plain_applied"],"type":"wineventlog","event_id":1,"task":"Process Create (rule: ProcessCreate)","version":5,"record_number":"1513","host":{"name":"flare-PC"},"user":{"name":"SYSTEM","domain":"NT-AUTORITÄT","type":"User","identifier":"S-1-5-18"},"opcode":"Info"}
{"index":{"_index":"winlogbeat-6.4.0-2018.09.19","_type":"doc","_id":"F1_58WUBfVn9xHWimT2g"}}
{"thread_id":1824,"event_data":{"UtcTime":"2018-09-19 13:15:19.907","Image":"C:\\Users\\flare\\Downloads\\RTA-master\\red_ttp\\odbcconf.exe","ProcessId":"3800","ProcessGuid":"{2D3B23BE-4BE7-5BA2-0000-0010DB4C1E00}"},"@timestamp":"2018-09-19T13:15:19.907Z","log_name":"Microsoft-Windows-Sysmon/Operational","level":"Informationen","computer_name":"flare-PC","source_name":"Microsoft-Windows-Sysmon","process_id":1304,"@version":"1","message":"Process terminated:\nRuleName: \nUtcTime: 2018-09-19 13:15:19.907\nProcessGuid: {2D3B23BE-4BE7-5BA2-0000-0010DB4C1E00}\nProcessId: 3800\nImage: C:\\Users\\flare\\Downloads\\RTA-master\\red_ttp\\odbcconf.exe","provider_guid":"{5770385F-C22A-43E0-BF4C-06F5698FFBD9}","beat":{"version":"6.4.0","name":"flare-PC","hostname":"flare-PC"},"tags":["beats_input_codec_plain_applied"],"task":"Process terminated (rule: ProcessTerminate)","event_id":5,"record_number":"1517","version":3,"user":{"domain":"NT-AUTORITÄT","identifier":"S-1-5-18","type":"User","name":"SYSTEM"},"type":"wineventlog","host":{"name":"flare-PC"},"opcode":"Info"}
{"index":{"_index":"winlogbeat-6.4.0-2018.09.19","_type":"doc","_id":"E1_58WUBfVn9xHWimT2g"}}
{"thread_id":1824,"event_data":{"UtcTime":"2018-09-19 13:15:19.640","Image":"C:\\Users\\flare\\Downloads\\RTA-master\\red_ttp\\control.exe","ProcessId":"296","ProcessGuid":"{2D3B23BE-4BE7-5BA2-0000-0010FA461E00}"},"@timestamp":"2018-09-19T13:15:19.640Z","log_name":"Microsoft-Windows-Sysmon/Operational","level":"Informationen","computer_name":"flare-PC","source_name":"Microsoft-Windows-Sysmon","process_id":1304,"message":"Process terminated:\nRuleName: \nUtcTime: 2018-09-19 13:15:19.640\nProcessGuid: {2D3B23BE-4BE7-5BA2-0000-0010FA461E00}\nProcessId: 296\nImage: C:\\Users\\flare\\Downloads\\RTA-master\\red_ttp\\control.exe","@version":"1","provider_guid":"{5770385F-C22A-43E0-BF4C-06F5698FFBD9}","beat":{"version":"6.4.0","name":"flare-PC","hostname":"flare-PC"},"tags":["beats_input_codec_plain_applied"],"type":"wineventlog","event_id":5,"record_number":"1514","version":3,"host":{"name":"flare-PC"},"task":"Process terminated (rule: ProcessTerminate)","user":{"name":"SYSTEM","identifier":"S-1-5-18","domain":"NT-AUTORITÄT","type":"User"},"opcode":"Info"}
{"index":{"_index":"winlogbeat-6.4.0-2018.09.19","_type":"doc","_id":"Gl_58WUBfVn9xHWimT2i"}}
{"thread_id":1824,"event_data":{"CreationUtcTime":"2018-09-19 13:15:19.362","UtcTime":"2018-09-19 13:15:19.362","Image":"C:\\Program Files (x86)\\Python27\\python.exe","TargetFilename":"C:\\Users\\flare\\Downloads\\RTA-master\\red_ttp\\control.exe","ProcessId":"2792","ProcessGuid":"{2D3B23BE-4BE5-5BA2-0000-00103E111E00}"},"@timestamp":"2018-09-19T13:15:19.362Z","log_name":"Microsoft-Windows-Sysmon/Operational","level":"Informationen","computer_name":"flare-PC","source_name":"Microsoft-Windows-Sysmon","process_id":1304,"message":"File created:\nRuleName: \nUtcTime: 2018-09-19 13:15:19.362\nProcessGuid: {2D3B23BE-4BE5-5BA2-0000-00103E111E00}\nProcessId: 2792\nImage: C:\\Program Files (x86)\\Python27\\python.exe\nTargetFilename: C:\\Users\\flare\\Downloads\\RTA-master\\red_ttp\\control.exe\nCreationUtcTime: 2018-09-19 13:15:19.362","@version":"1","provider_guid":"{5770385F-C22A-43E0-BF4C-06F5698FFBD9}","beat":{"version":"6.4.0","name":"flare-PC","hostname":"flare-PC"},"tags":["beats_input_codec_plain_applied"],"type":"wineventlog","event_id":11,"task":"File created (rule: FileCreate)","host":{"name":"flare-PC"},"version":2,"user":{"domain":"NT-AUTORITÄT","identifier":"S-1-5-18","type":"User","name":"SYSTEM"},"record_number":"1512","opcode":"Info"}
{"index":{"_index":"winlogbeat-6.4.0-2018.09.19","_type":"doc","_id":"HF_58WUBfVn9xHWimT2i"}}
{"thread_id":1824,"event_data":{"LogonId":"0xe320","Product":"Betriebssystem Microsoft® Windows®","User":"flare-PC\\flare","Hashes":"MD5=54A47F6B5E09A77E61649109C6A08866,SHA256=121118A0F5E0E8C933EFD28C9901E54E42792619A8A3A6D11E1F0025A7324BC2","ParentProcessGuid":"{2D3B23BE-4BE8-5BA2-0000-001048531E00}","Image":"C:\\Windows\\SysWOW64\\svchost.exe","UtcTime":"2018-09-19 13:15:20.861","ParentImage":"C:\\Program Files (x86)\\Python27\\python.exe","FileVersion":"6.1.7600.16385 (win7_rtm.090713-1255)","Description":"Hostprozess für Windows-Dienste","Company":"Microsoft Corporation","TerminalSessionId":"1","CurrentDirectory":"C:\\Users\\flare\\Downloads\\RTA-master\\","ProcessId":"3792","LogonGuid":"{2D3B23BE-45CC-5BA2-0000-002020E30000}","IntegrityLevel":"Medium","ParentProcessId":"2400","ParentCommandLine":"\"C:\\Program Files (x86)\\Python27\\python.exe\"  C:\\Users\\flare\\Downloads\\RTA-master\\red_ttp\\unusual_parent.py","CommandLine":"C:\\Windows\\System32\\svchost.exe","ProcessGuid":"{2D3B23BE-4BE8-5BA2-0000-0010D27D1E00}"},"@timestamp":"2018-09-19T13:15:20.876Z","log_name":"Microsoft-Windows-Sysmon/Operational","level":"Informationen","computer_name":"flare-PC","source_name":"Microsoft-Windows-Sysmon","process_id":1304,"provider_guid":"{5770385F-C22A-43E0-BF4C-06F5698FFBD9}","message":"Process Create:\nRuleName: \nUtcTime: 2018-09-19 13:15:20.861\nProcessGuid: {2D3B23BE-4BE8-5BA2-0000-0010D27D1E00}\nProcessId: 3792\nImage: C:\\Windows\\SysWOW64\\svchost.exe\nFileVersion: 6.1.7600.16385 (win7_rtm.090713-1255)\nDescription: Hostprozess für Windows-Dienste\nProduct: Betriebssystem Microsoft® Windows®\nCompany: Microsoft Corporation\nCommandLine: C:\\Windows\\System32\\svchost.exe\nCurrentDirectory: C:\\Users\\flare\\Downloads\\RTA-master\\\nUser: flare-PC\\flare\nLogonGuid: {2D3B23BE-45CC-5BA2-0000-002020E30000}\nLogonId: 0xe320\nTerminalSessionId: 1\nIntegrityLevel: Medium\nHashes: MD5=54A47F6B5E09A77E61649109C6A08866,SHA256=121118A0F5E0E8C933EFD28C9901E54E42792619A8A3A6D11E1F0025A7324BC2\nParentProcessGuid: {2D3B23BE-4BE8-5BA2-0000-001048531E00}\nParentProcessId: 2400\nParentImage: C:\\Program Files (x86)\\Python27\\python.exe\nParentCommandLine: \"C:\\Program Files (x86)\\Python27\\python.exe\"  C:\\Users\\flare\\Downloads\\RTA-master\\red_ttp\\unusual_parent.py","@version":"1","beat":{"version":"6.4.0","name":"flare-PC","hostname":"flare-PC"},"tags":["beats_input_codec_plain_applied"],"task":"Process Create (rule: ProcessCreate)","record_number":"1520","type":"wineventlog","host":{"name":"flare-PC"},"version":5,"user":{"domain":"NT-AUTORITÄT","identifier":"S-1-5-18","type":"User","name":"SYSTEM"},"event_id":1,"opcode":"Info"}
{"index":{"_index":"winlogbeat-6.4.0-2018.09.19","_type":"doc","_id":"0V_58WUBfVn9xHWicTwe"}}
{"thread_id":1824,"event_data":{"LogonId":"0xe320","Product":"Betriebssystem Microsoft® Windows®","ParentProcessGuid":"{2D3B23BE-4BDD-5BA2-0000-00109F471C00}","Image":"C:\\Windows\\SysWOW64\\schtasks.exe","Description":"Verwaltung geplanter Aufgaben","Hashes":"MD5=2003E9B15E1C502B146DAD2E383AC1E3,SHA256=15018D0093BEFABBA8B927743191030D1F8C17BB97FDB48C2FC3EAB20E2D4B3D","User":"flare-PC\\flare","FileVersion":"6.1.7600.16385 (win7_rtm.090713-1255)","ParentCommandLine":"\"C:\\Program Files (x86)\\Python27\\python.exe\"  C:\\Users\\flare\\Downloads\\RTA-master\\red_ttp\\schtask_escalation.py","ParentImage":"C:\\Program Files (x86)\\Python27\\python.exe","TerminalSessionId":"1","CommandLine":"schtasks.exe /create /tn test-task-rta /ru system /tr \"cmd.exe /c whoami.exe > C:\\Users\\flare\\Downloads\\RTA-master\\task.log\" /sc onlogon","CurrentDirectory":"C:\\Users\\flare\\Downloads\\RTA-master\\","Company":"Microsoft Corporation","ProcessId":"2400","ParentProcessId":"2788","IntegrityLevel":"Medium","LogonGuid":"{2D3B23BE-45CC-5BA2-0000-002020E30000}","UtcTime":"2018-09-19 13:15:10.149","ProcessGuid":"{2D3B23BE-4BDE-5BA2-0000-0010A4741C00}"},"@timestamp":"2018-09-19T13:15:10.149Z","log_name":"Microsoft-Windows-Sysmon/Operational","level":"Informationen","computer_name":"flare-PC","source_name":"Microsoft-Windows-Sysmon","process_id":1304,"@version":"1","provider_guid":"{5770385F-C22A-43E0-BF4C-06F5698FFBD9}","message":"Process Create:\nRuleName: \nUtcTime: 2018-09-19 13:15:10.149\nProcessGuid: {2D3B23BE-4BDE-5BA2-0000-0010A4741C00}\nProcessId: 2400\nImage: C:\\Windows\\SysWOW64\\schtasks.exe\nFileVersion: 6.1.7600.16385 (win7_rtm.090713-1255)\nDescription: Verwaltung geplanter Aufgaben\nProduct: Betriebssystem Microsoft® Windows®\nCompany: Microsoft Corporation\nCommandLine: schtasks.exe /create /tn test-task-rta /ru system /tr \"cmd.exe /c whoami.exe > C:\\Users\\flare\\Downloads\\RTA-master\\task.log\" /sc onlogon\nCurrentDirectory: C:\\Users\\flare\\Downloads\\RTA-master\\\nUser: flare-PC\\flare\nLogonGuid: {2D3B23BE-45CC-5BA2-0000-002020E30000}\nLogonId: 0xe320\nTerminalSessionId: 1\nIntegrityLevel: Medium\nHashes: MD5=2003E9B15E1C502B146DAD2E383AC1E3,SHA256=15018D0093BEFABBA8B927743191030D1F8C17BB97FDB48C2FC3EAB20E2D4B3D\nParentProcessGuid: {2D3B23BE-4BDD-5BA2-0000-00109F471C00}\nParentProcessId: 2788\nParentImage: C:\\Program Files (x86)\\Python27\\python.exe\nParentCommandLine: \"C:\\Program Files (x86)\\Python27\\python.exe\"  C:\\Users\\flare\\Downloads\\RTA-master\\red_ttp\\schtask_escalation.py","beat":{"version":"6.4.0","name":"flare-PC","hostname":"flare-PC"},"tags":["beats_input_codec_plain_applied"],"type":"wineventlog","record_number":"1455","event_id":1,"version":5,"host":{"name":"flare-PC"},"task":"Process Create (rule: ProcessCreate)","user":{"name":"SYSTEM","domain":"NT-AUTORITÄT","type":"User","identifier":"S-1-5-18"},"opcode":"Info"}
{"index":{"_index":"winlogbeat-6.4.0-2018.09.19","_type":"doc","_id":"1F_58WUBfVn9xHWicTwe"}}
{"event_data":{"param1":"C:\\Users\\flare\\Downloads\\RTA-master\\blah.msi","param5":"(NULL)","param3":"(NULL)","param4":"(NULL)","param6":"(NULL)","param2":"3524"},"@timestamp":"2018-09-19T13:15:12.000Z","log_name":"Application","keywords":["Klassisch"],"level":"Informationen","computer_name":"flare-PC","source_name":"MsiInstaller","message":"Eine Windows Installer-Transaktion wird gestartet: C:\\Users\\flare\\Downloads\\RTA-master\\blah.msi. Clientprozess-ID: 3524.","@version":"1","beat":{"version":"6.4.0","name":"flare-PC","hostname":"flare-PC"},"tags":["beats_input_codec_plain_applied"],"type":"wineventlog","record_number":"2410","event_id":1040,"host":{"name":"flare-PC"},"user":{"name":"flare","identifier":"S-1-5-21-4019173901-3792766986-1456451320-1001","type":"User","domain":"flare-PC"},"opcode":"Info"}
{"index":{"_index":"winlogbeat-6.4.0-2018.09.19","_type":"doc","_id":"11_58WUBfVn9xHWicTwe"}}
{"thread_id":1824,"event_data":{"UtcTime":"2018-09-19 13:15:10.620","Image":"C:\\Program Files (x86)\\Python27\\python.exe","Details":"C:\\WINDOWS\\SysWow64\\scrobj.dll","EventType":"SetValue","TargetObject":"HKU\\S-1-5-21-4019173901-3792766986-1456451320-1001_CLASSES\\Wow6432Node\\CLSID\\{00000000-0000-0000-0000-0000DEADBEEF}\\InprocServer32\\(Default)","ProcessId":"3940","ProcessGuid":"{2D3B23BE-4BDE-5BA2-0000-001034781C00}"},"@timestamp":"2018-09-19T13:15:10.620Z","log_name":"Microsoft-Windows-Sysmon/Operational","level":"Informationen","computer_name":"flare-PC","source_name":"Microsoft-Windows-Sysmon","process_id":1304,"@version":"1","message":"Registry value set:\nRuleName: \nEventType: SetValue\nUtcTime: 2018-09-19 13:15:10.620\nProcessGuid: {2D3B23BE-4BDE-5BA2-0000-001034781C00}\nProcessId: 3940\nImage: C:\\Program Files (x86)\\Python27\\python.exe\nTargetObject: HKU\\S-1-5-21-4019173901-3792766986-1456451320-1001_CLASSES\\Wow6432Node\\CLSID\\{00000000-0000-0000-0000-0000DEADBEEF}\\InprocServer32\\(Default)\nDetails: C:\\WINDOWS\\SysWow64\\scrobj.dll","provider_guid":"{5770385F-C22A-43E0-BF4C-06F5698FFBD9}","beat":{"version":"6.4.0","name":"flare-PC","hostname":"flare-PC"},"tags":["beats_input_codec_plain_applied"],"type":"wineventlog","task":"Registry value set (rule: RegistryEvent)","event_id":13,"version":2,"host":{"name":"flare-PC"},"record_number":"1458","user":{"domain":"NT-AUTORITÄT","identifier":"S-1-5-18","type":"User","name":"SYSTEM"},"opcode":"Info"}
{"index":{"_index":"winlogbeat-6.4.0-2018.09.19","_type":"doc","_id":"IF_58WUBfVn9xHWioT17"}}
{"thread_id":1824,"event_data":{"LogonId":"0xe320","Product":"?","User":"flare-PC\\flare","Image":"C:\\Program Files (x86)\\Python27\\python.exe","Description":"?","ParentProcessGuid":"{2D3B23BE-4BEA-5BA2-0000-0010D9D81E00}","Hashes":"MD5=6E8B813C218546F9DF6F17F4B97B06EE,SHA256=C7817E6DA74A7AE196EB2D35CE21319ABE3A62CD23AB4DB39FA5138DF7CA1D44","ParentImage":"C:\\Windows\\SysWOW64\\cmd.exe","FileVersion":"?","ParentCommandLine":"C:\\Windows\\system32\\cmd.exe /c \"\"C:\\Program Files (x86)\\Python27\\python.exe\" C:\\Users\\flare\\Downloads\\RTA-master\\red_ttp\\wevtutil_log_clear.py\"","TerminalSessionId":"1","LogonGuid":"{2D3B23BE-45CC-5BA2-0000-002020E30000}","ParentProcessId":"1852","ProcessId":"3956","UtcTime":"2018-09-19 13:15:22.370","IntegrityLevel":"Medium","CommandLine":"\"C:\\Program Files (x86)\\Python27\\python.exe\"  C:\\Users\\flare\\Downloads\\RTA-master\\red_ttp\\wevtutil_log_clear.py","Company":"?","CurrentDirectory":"C:\\Users\\flare\\Downloads\\RTA-master\\","ProcessGuid":"{2D3B23BE-4BEA-5BA2-0000-001012DA1E00}"},"@timestamp":"2018-09-19T13:15:22.385Z","log_name":"Microsoft-Windows-Sysmon/Operational","level":"Informationen","computer_name":"flare-PC","source_name":"Microsoft-Windows-Sysmon","process_id":1304,"message":"Process Create:\nRuleName: \nUtcTime: 2018-09-19 13:15:22.370\nProcessGuid: {2D3B23BE-4BEA-5BA2-0000-001012DA1E00}\nProcessId: 3956\nImage: C:\\Program Files (x86)\\Python27\\python.exe\nFileVersion: ?\nDescription: ?\nProduct: ?\nCompany: ?\nCommandLine: \"C:\\Program Files (x86)\\Python27\\python.exe\"  C:\\Users\\flare\\Downloads\\RTA-master\\red_ttp\\wevtutil_log_clear.py\nCurrentDirectory: C:\\Users\\flare\\Downloads\\RTA-master\\\nUser: flare-PC\\flare\nLogonGuid: {2D3B23BE-45CC-5BA2-0000-002020E30000}\nLogonId: 0xe320\nTerminalSessionId: 1\nIntegrityLevel: Medium\nHashes: MD5=6E8B813C218546F9DF6F17F4B97B06EE,SHA256=C7817E6DA74A7AE196EB2D35CE21319ABE3A62CD23AB4DB39FA5138DF7CA1D44\nParentProcessGuid: {2D3B23BE-4BEA-5BA2-0000-0010D9D81E00}\nParentProcessId: 1852\nParentImage: C:\\Windows\\SysWOW64\\cmd.exe\nParentCommandLine: C:\\Windows\\system32\\cmd.exe /c \"\"C:\\Program Files (x86)\\Python27\\python.exe\" C:\\Users\\flare\\Downloads\\RTA-master\\red_ttp\\wevtutil_log_clear.py\"","@version":"1","provider_guid":"{5770385F-C22A-43E0-BF4C-06F5698FFBD9}","beat":{"version":"6.4.0","name":"flare-PC","hostname":"flare-PC"},"tags":["beats_input_codec_plain_applied"],"task":"Process Create (rule: ProcessCreate)","record_number":"1528","event_id":1,"version":5,"user":{"name":"SYSTEM","identifier":"S-1-5-18","domain":"NT-AUTORITÄT","type":"User"},"host":{"name":"flare-PC"},"type":"wineventlog","opcode":"Info"}
{"index":{"_index":"winlogbeat-6.4.0-2018.09.19","_type":"doc","_id":"IV_58WUBfVn9xHWioT18"}}
{"thread_id":1824,"event_data":{"LogonId":"0xe320","ParentProcessGuid":"{2D3B23BE-4BE9-5BA2-0000-0010197F1E00}","User":"flare-PC\\flare","Hashes":"MD5=6E8B813C218546F9DF6F17F4B97B06EE,SHA256=C7817E6DA74A7AE196EB2D35CE21319ABE3A62CD23AB4DB39FA5138DF7CA1D44","Image":"C:\\Program Files (x86)\\Python27\\python.exe","Description":"?","Product":"?","ParentImage":"C:\\Windows\\SysWOW64\\cmd.exe","ParentCommandLine":"C:\\Windows\\system32\\cmd.exe /c \"\"C:\\Program Files (x86)\\Python27\\python.exe\" C:\\Users\\flare\\Downloads\\RTA-master\\red_ttp\\unusual_process_path.py\"","FileVersion":"?","TerminalSessionId":"1","CommandLine":"\"C:\\Program Files (x86)\\Python27\\python.exe\"  C:\\Users\\flare\\Downloads\\RTA-master\\red_ttp\\unusual_process_path.py","ParentProcessId":"3144","Company":"?","CurrentDirectory":"C:\\Users\\flare\\Downloads\\RTA-master\\","IntegrityLevel":"Medium","LogonGuid":"{2D3B23BE-45CC-5BA2-0000-002020E30000}","ProcessId":"3940","UtcTime":"2018-09-19 13:15:21.392","ProcessGuid":"{2D3B23BE-4BE9-5BA2-0000-001062801E00}"},"@timestamp":"2018-09-19T13:15:21.392Z","log_name":"Microsoft-Windows-Sysmon/Operational","level":"Informationen","computer_name":"flare-PC","source_name":"Microsoft-Windows-Sysmon","process_id":1304,"message":"Process Create:\nRuleName: \nUtcTime: 2018-09-19 13:15:21.392\nProcessGuid: {2D3B23BE-4BE9-5BA2-0000-001062801E00}\nProcessId: 3940\nImage: C:\\Program Files (x86)\\Python27\\python.exe\nFileVersion: ?\nDescription: ?\nProduct: ?\nCompany: ?\nCommandLine: \"C:\\Program Files (x86)\\Python27\\python.exe\"  C:\\Users\\flare\\Downloads\\RTA-master\\red_ttp\\unusual_process_path.py\nCurrentDirectory: C:\\Users\\flare\\Downloads\\RTA-master\\\nUser: flare-PC\\flare\nLogonGuid: {2D3B23BE-45CC-5BA2-0000-002020E30000}\nLogonId: 0xe320\nTerminalSessionId: 1\nIntegrityLevel: Medium\nHashes: MD5=6E8B813C218546F9DF6F17F4B97B06EE,SHA256=C7817E6DA74A7AE196EB2D35CE21319ABE3A62CD23AB4DB39FA5138DF7CA1D44\nParentProcessGuid: {2D3B23BE-4BE9-5BA2-0000-0010197F1E00}\nParentProcessId: 3144\nParentImage: C:\\Windows\\SysWOW64\\cmd.exe\nParentCommandLine: C:\\Windows\\system32\\cmd.exe /c \"\"C:\\Program Files (x86)\\Python27\\python.exe\" C:\\Users\\flare\\Downloads\\RTA-master\\red_ttp\\unusual_process_path.py\"","@version":"1","provider_guid":"{5770385F-C22A-43E0-BF4C-06F5698FFBD9}","beat":{"version":"6.4.0","name":"flare-PC","hostname":"flare-PC"},"tags":["beats_input_codec_plain_applied"],"type":"wineventlog","record_number":"1522","event_id":1,"host":{"name":"flare-PC"},"user":{"name":"SYSTEM","identifier":"S-1-5-18","domain":"NT-AUTORITÄT","type":"User"},"version":5,"task":"Process Create (rule: ProcessCreate)","opcode":"Info"}
