{"index":{"_index":"winlogbeat-6.4.0-2018.09.19","_type":"doc","_id":"cF_n8WUBfVn9xHWiXzrE"}}
{"thread_id":1824,"event_data":{"ParentProcessGuid":"{2D3B23BE-463E-5BA2-0000-001010000400}","Product":"Firefox","User":"flare-PC\\flare","Hashes":"MD5=FA64B4AEB420A6C292F877E90D0670A5,SHA256=377D3B741D8447B9BBD5F6FA700151A6CE8412CA15792BA4EAAA3174B1763BA4","Image":"C:\\Program Files\\Mozilla Firefox\\firefox.exe","Description":"Firefox","LogonId":"0xe320","FileVersion":"62.0","ParentCommandLine":"\"C:\\Program Files\\Mozilla Firefox\\firefox.exe\" ","ParentImage":"C:\\Program Files\\Mozilla Firefox\\firefox.exe","Company":"Mozilla Corporation","CommandLine":"\"C:\\Program Files\\Mozilla Firefox\\firefox.exe\" -contentproc --channel=\"588.30.1781441373\\430454825\" -childID 6 -isForBrowser -prefsHandle 7520 -prefsLen 12724 -schedulerPrefs 0001,2 -parentBuildID 20180830143136 -greomni \"C:\\Program Files\\Mozilla Firefox\\omni.ja\" -appomni \"C:\\Program Files\\Mozilla Firefox\\browser\\omni.ja\" -appdir \"C:\\Program Files\\Mozilla Firefox\\browser\" - 588 \"\\\\.\\pipe\\gecko-crash-server-pipe.588\" 7512 tab","LogonGuid":"{2D3B23BE-45CC-5BA2-0000-002020E30000}","ProcessId":"1460","TerminalSessionId":"1","IntegrityLevel":"Low","CurrentDirectory":"C:\\Program Files\\Mozilla Firefox\\","ParentProcessId":"588","UtcTime":"2018-09-19 12:56:12.934","ProcessGuid":"{2D3B23BE-476C-5BA2-0000-00101E810500}"},"@timestamp":"2018-09-19T12:56:12.934Z","log_name":"Microsoft-Windows-Sysmon/Operational","level":"Informationen","computer_name":"flare-PC","source_name":"Microsoft-Windows-Sysmon","process_id":1304,"@version":"1","message":"Process Create:\nRuleName: \nUtcTime: 2018-09-19 12:56:12.934\nProcessGuid: {2D3B23BE-476C-5BA2-0000-00101E810500}\nProcessId: 1460\nImage: C:\\Program Files\\Mozilla Firefox\\firefox.exe\nFileVersion: 62.0\nDescription: Firefox\nProduct: Firefox\nCompany: Mozilla Corporation\nCommandLine: \"C:\\Program Files\\Mozilla Firefox\\firefox.exe\" -contentproc --channel=\"588.30.1781441373\\430454825\" -childID 6 -isForBrowser -prefsHandle 7520 -prefsLen 12724 -schedulerPrefs 0001,2 -parentBuildID 20180830143136 -greomni \"C:\\Program Files\\Mozilla Firefox\\omni.ja\" -appomni \"C:\\Program Files\\Mozilla Firefox\\browser\\omni.ja\" -appdir \"C:\\Program Files\\Mozilla Firefox\\browser\" - 588 \"\\\\.\\pipe\\gecko-crash-server-pipe.588\" 7512 tab\nCurrentDirectory: C:\\Program Files\\Mozilla Firefox\\\nUser: flare-PC\\flare\nLogonGuid: {2D3B23BE-45CC-5BA2-0000-002020E30000}\nLogonId: 0xe320\nTerminalSessionId: 1\nIntegrityLevel: Low\nHashes: MD5=FA64B4AEB420A6C292F877E90D0670A5,SHA256=377D3B741D8447B9BBD5F6FA700151A6CE8412CA15792BA4EAAA3174B1763BA4\nParentProcessGuid: {2D3B23BE-463E-5BA2-0000-001010000400}\nParentProcessId: 588\nParentImage: C:\\Program Files\\Mozilla Firefox\\firefox.exe\nParentCommandLine: \"C:\\Program Files\\Mozilla Firefox\\firefox.exe\" ","provider_guid":"{5770385F-C22A-43E0-BF4C-06F5698FFBD9}","beat":{"version":"6.4.0","name":"flare-PC","hostname":"flare-PC"},"tags":["beats_input_codec_plain_applied"],"task":"Process Create (rule: ProcessCreate)","event_id":1,"record_number":"893","version":5,"host":{"name":"flare-PC"},"user":{"name":"SYSTEM","identifier":"S-1-5-18","type":"User","domain":"NT-AUTORITÄT"},"type":"wineventlog","opcode":"Info"}
{"index":{"_index":"winlogbeat-6.4.0-2018.09.19","_type":"doc","_id":"eF_o8WUBfVn9xHWiATrM"}}
{"thread_id":2792,"event_data":{"AuthenticationPackageName":"Negotiate","TransmittedServices":"-","LmPackageName":"-","IpAddress":"-","SubjectLogonId":"0x3e7","TargetDomainName":"NT-AUTORITÄT","ProcessName":"C:\\Windows\\System32\\services.exe","TargetUserName":"SYSTEM","KeyLength":"0","IpPort":"-","LogonGuid":"{00000000-0000-0000-0000-000000000000}","SubjectUserSid":"S-1-5-18","ProcessId":"0x1e8","LogonProcessName":"Advapi  ","SubjectDomainName":"WORKGROUP","TargetUserSid":"S-1-5-18","SubjectUserName":"FLARE-PC$","TargetLogonId":"0x3e7","LogonType":"5"},"@timestamp":"2018-09-19T12:56:49.985Z","keywords":["Überwachung erfolgreich"],"log_name":"Security","level":"Informationen","computer_name":"flare-PC","source_name":"Microsoft-Windows-Security-Auditing","process_id":512,"@version":"1","provider_guid":"{54849625-5478-4994-A5BA-3E3B0328C30D}","message":"Ein Konto wurde erfolgreich angemeldet.\n\nAntragsteller:\n\tSicherheits-ID:\t\tS-1-5-18\n\tKontoname:\t\tFLARE-PC$\n\tKontodomäne:\t\tWORKGROUP\n\tAnmelde-ID:\t\t0x3e7\n\nAnmeldetyp:\t\t\t5\n\nNeue Anmeldung:\n\tSicherheits-ID:\t\tS-1-5-18\n\tKontoname:\t\tSYSTEM\n\tKontodomäne:\t\tNT-AUTORITÄT\n\tAnmelde-ID:\t\t0x3e7\n\tAnmelde-GUID:\t\t{00000000-0000-0000-0000-000000000000}\n\nProzessinformationen:\n\tProzess-ID:\t\t0x1e8\n\tProzessname:\t\tC:\\Windows\\System32\\services.exe\n\nNetzwerkinformationen:\n\tArbeitsstationsname:\t\n\tQuellnetzwerkadresse:\t-\n\tQuellport:\t\t-\n\nDetaillierte Authentifizierungsinformationen:\n\tAnmeldeprozess:\t\tAdvapi  \n\tAuthentifizierungspaket:\tNegotiate\n\tÜbertragene Dienste:\t-\n\tPaketname (nur NTLM):\t-\n\tSchlüssellänge:\t\t0\n\nDieses Ereignis wird beim Erstellen einer Anmeldesitzung generiert. Es wird auf dem Computer generiert, auf den zugegriffen wurde.\n\nDie Antragstellerfelder geben das Konto auf dem lokalen System an, von dem die Anmeldung angefordert wurde. Dies ist meistens ein Dienst wie der Serverdienst oder ein lokaler Prozess wie \"Winlogon.exe\" oder \"Services.exe\".\n\nDas Anmeldetypfeld gibt den jeweiligen Anmeldetyp an. Die häufigsten Typen sind 2 (interaktiv) und 3 (Netzwerk).\n\nDie Felder für die neue Anmeldung geben das Konto an, für das die Anmeldung erstellt wurde, d. h. das angemeldete Konto.\n\nDie Netzwerkfelder geben die Quelle einer Remoteanmeldeanforderung an. der Arbeitsstationsname ist nicht immer verfügbar und kann in manchen Fällen leer bleiben.\n\nDie Felder für die Authentifizierungsinformationen enthalten detaillierte Informationen zu dieser speziellen Anmeldeanforderung.\n\t - Die Anmelde-GUID ist ein eindeutiger Bezeichner, der verwendet werden kann, um dieses Ereignis mit einem KDC-Ereignis zu korrelieren.\n\t- Die übertragenen Dienste geben an, welche Zwischendienste an der Anmeldeanforderung beteiligt waren.\n\t- Der Paketname gibt das in den NTLM-Protokollen verwendete Unterprotokoll an.\n\t- Die Schlüssellänge gibt die Länge des generierten Sitzungsschlüssels an. Wenn kein Sitzungsschlüssel angefordert wurde, ist dieser Wert 0.","beat":{"version":"6.4.0","name":"flare-PC","hostname":"flare-PC"},"tags":["beats_input_codec_plain_applied"],"type":"wineventlog","task":"Anmelden","record_number":"16737","host":{"name":"flare-PC"},"event_id":4624,"opcode":"Info"}
{"index":{"_index":"winlogbeat-6.4.0-2018.09.19","_type":"doc","_id":"el_o8WUBfVn9xHWiATrO"}}
{"thread_id":964,"event_data":{"param2":"Ausgeführt","param1":"Windows-Fehlerberichterstattungsdienst","Binary":"5700650072005300760063002F0034000000"},"@timestamp":"2018-09-19T12:56:49.985Z","log_name":"System","keywords":["Klassisch"],"level":"Informationen","computer_name":"flare-PC","source_name":"Service Control Manager","process_id":488,"message":"Dienst \"Windows-Fehlerberichterstattungsdienst\" befindet sich jetzt im Status \"Ausgeführt\".","@version":"1","provider_guid":"{555908d1-a6d7-4695-8e1e-26931d2012f4}","beat":{"version":"6.4.0","name":"flare-PC","hostname":"flare-PC"},"tags":["beats_input_codec_plain_applied"],"type":"wineventlog","record_number":"11725","event_id":7036,"host":{"name":"flare-PC"}}
{"index":{"_index":"winlogbeat-6.4.0-2018.09.19","_type":"doc","_id":"2V_r8WUBfVn9xHWiBDrc"}}
{"thread_id":1824,"event_data":{"LogonId":"0x3e7","User":"NT-AUTORITÄT\\SYSTEM","Product":"Betriebssystem Microsoft® Windows®","Hashes":"MD5=97E0EC3D6D99E8CC2B17EF2D3760E8FC,SHA256=6DCE7D58EBB0D705FCB4179349C441B45E160C94E43934C5ED8FA1964E2CD031","UtcTime":"2018-09-19 13:00:01.556","Image":"C:\\Windows\\System32\\schtasks.exe","Description":"Verwaltung geplanter Aufgaben","ParentImage":"C:\\Windows\\System32\\wsqmcons.exe","FileVersion":"6.1.7600.16385 (win7_rtm.090713-1255)","ParentCommandLine":"C:\\Windows\\System32\\wsqmcons.exe ","LogonGuid":"{2D3B23BE-45CA-5BA2-0000-0020E7030000}","Company":"Microsoft Corporation","ParentProcessId":"2808","ProcessId":"3296","CurrentDirectory":"C:\\Windows\\system32\\","IntegrityLevel":"System","ParentProcessGuid":"{2D3B23BE-4851-5BA2-0000-0010C0070800}","CommandLine":"C:\\Windows\\system32\\schtasks.exe /delete /f /TN \"Microsoft\\Windows\\Customer Experience Improvement Program\\Uploader\"","TerminalSessionId":"0","ProcessGuid":"{2D3B23BE-4851-5BA2-0000-001028090800}"},"@timestamp":"2018-09-19T13:00:01.556Z","log_name":"Microsoft-Windows-Sysmon/Operational","level":"Informationen","computer_name":"flare-PC","source_name":"Microsoft-Windows-Sysmon","process_id":1304,"@version":"1","message":"Process Create:\nRuleName: \nUtcTime: 2018-09-19 13:00:01.556\nProcessGuid: {2D3B23BE-4851-5BA2-0000-001028090800}\nProcessId: 3296\nImage: C:\\Windows\\System32\\schtasks.exe\nFileVersion: 6.1.7600.16385 (win7_rtm.090713-1255)\nDescription: Verwaltung geplanter Aufgaben\nProduct: Betriebssystem Microsoft® Windows®\nCompany: Microsoft Corporation\nCommandLine: C:\\Windows\\system32\\schtasks.exe /delete /f /TN \"Microsoft\\Windows\\Customer Experience Improvement Program\\Uploader\"\nCurrentDirectory: C:\\Windows\\system32\\\nUser: NT-AUTORITÄT\\SYSTEM\nLogonGuid: {2D3B23BE-45CA-5BA2-0000-0020E7030000}\nLogonId: 0x3e7\nTerminalSessionId: 0\nIntegrityLevel: System\nHashes: MD5=97E0EC3D6D99E8CC2B17EF2D3760E8FC,SHA256=6DCE7D58EBB0D705FCB4179349C441B45E160C94E43934C5ED8FA1964E2CD031\nParentProcessGuid: {2D3B23BE-4851-5BA2-0000-0010C0070800}\nParentProcessId: 2808\nParentImage: C:\\Windows\\System32\\wsqmcons.exe\nParentCommandLine: C:\\Windows\\System32\\wsqmcons.exe ","provider_guid":"{5770385F-C22A-43E0-BF4C-06F5698FFBD9}","beat":{"version":"6.4.0","name":"flare-PC","hostname":"flare-PC"},"tags":["beats_input_codec_plain_applied"],"task":"Process Create (rule: ProcessCreate)","record_number":"985","type":"wineventlog","host":{"name":"flare-PC"},"user":{"domain":"NT-AUTORITÄT","identifier":"S-1-5-18","type":"User","name":"SYSTEM"},"version":5,"event_id":1,"opcode":"Info"}
{"index":{"_index":"winlogbeat-6.4.0-2018.09.19","_type":"doc","_id":"2l_r8WUBfVn9xHWiBDrd"}}
{"thread_id":1824,"event_data":{"ParentProcessGuid":"{2D3B23BE-45CA-5BA2-0000-00104A5C0000}","User":"NT-AUTORITÄT\\SYSTEM","LogonId":"0x3e7","UtcTime":"2018-09-19 13:00:01.541","Description":"Windows SQM-Konsolidator","Hashes":"MD5=8FAFCA21FE9B20C420CE9D4DC50A7169,SHA256=7EE656884090AEDB0A615E0641ECC250D6204CB9570CA02216F2B7D5F381E021","Image":"C:\\Windows\\System32\\wsqmcons.exe","ParentImage":"C:\\Windows\\System32\\services.exe","ParentCommandLine":"C:\\Windows\\system32\\services.exe","Product":"Betriebssystem Microsoft® Windows®","Company":"Microsoft Corporation","TerminalSessionId":"0","CurrentDirectory":"C:\\Windows\\system32\\","ProcessId":"2808","CommandLine":"C:\\Windows\\System32\\wsqmcons.exe ","LogonGuid":"{2D3B23BE-45CA-5BA2-0000-0020E7030000}","IntegrityLevel":"System","ParentProcessId":"488","FileVersion":"6.1.7600.16385 (win7_rtm.090713-1255)","ProcessGuid":"{2D3B23BE-4851-5BA2-0000-0010C0070800}"},"@timestamp":"2018-09-19T13:00:01.541Z","log_name":"Microsoft-Windows-Sysmon/Operational","level":"Informationen","computer_name":"flare-PC","source_name":"Microsoft-Windows-Sysmon","process_id":1304,"message":"Process Create:\nRuleName: \nUtcTime: 2018-09-19 13:00:01.541\nProcessGuid: {2D3B23BE-4851-5BA2-0000-0010C0070800}\nProcessId: 2808\nImage: C:\\Windows\\System32\\wsqmcons.exe\nFileVersion: 6.1.7600.16385 (win7_rtm.090713-1255)\nDescription: Windows SQM-Konsolidator\nProduct: Betriebssystem Microsoft® Windows®\nCompany: Microsoft Corporation\nCommandLine: C:\\Windows\\System32\\wsqmcons.exe \nCurrentDirectory: C:\\Windows\\system32\\\nUser: NT-AUTORITÄT\\SYSTEM\nLogonGuid: {2D3B23BE-45CA-5BA2-0000-0020E7030000}\nLogonId: 0x3e7\nTerminalSessionId: 0\nIntegrityLevel: System\nHashes: MD5=8FAFCA21FE9B20C420CE9D4DC50A7169,SHA256=7EE656884090AEDB0A615E0641ECC250D6204CB9570CA02216F2B7D5F381E021\nParentProcessGuid: {2D3B23BE-45CA-5BA2-0000-00104A5C0000}\nParentProcessId: 488\nParentImage: C:\\Windows\\System32\\services.exe\nParentCommandLine: C:\\Windows\\system32\\services.exe","@version":"1","provider_guid":"{5770385F-C22A-43E0-BF4C-06F5698FFBD9}","beat":{"version":"6.4.0","name":"flare-PC","hostname":"flare-PC"},"tags":["beats_input_codec_plain_applied"],"type":"wineventlog","event_id":1,"record_number":"984","version":5,"user":{"name":"SYSTEM","domain":"NT-AUTORITÄT","type":"User","identifier":"S-1-5-18"},"task":"Process Create (rule: ProcessCreate)","host":{"name":"flare-PC"},"opcode":"Info"}
{"index":{"_index":"winlogbeat-6.4.0-2018.09.19","_type":"doc","_id":"i1_p8WUBfVn9xHWiTjrn"}}
{"event_data":{"param1":"Product: Python 2.7.15 (64-bit) -- Configuration failed.","param5":"(NULL)","param3":"(NULL)","param4":"(NULL)","param6":"(NULL)","param2":"(NULL)","Binary":"7B31364344393241342D303135322D344342372D384644362D3937383844333336333631377D2C2031363032"},"@timestamp":"2018-09-19T12:58:13.000Z","keywords":["Klassisch"],"log_name":"Application","level":"Informationen","computer_name":"flare-PC","source_name":"MsiInstaller","message":"Product: Python 2.7.15 (64-bit) -- Configuration failed.","@version":"1","beat":{"version":"6.4.0","name":"flare-PC","hostname":"flare-PC"},"tags":["beats_input_codec_plain_applied"],"type":"wineventlog","event_id":11729,"record_number":"2393","host":{"name":"flare-PC"},"user":{"name":"flare","identifier":"S-1-5-21-4019173901-3792766986-1456451320-1001","domain":"flare-PC","type":"User"},"opcode":"Info"}
{"index":{"_index":"winlogbeat-6.4.0-2018.09.19","_type":"doc","_id":"jF_p8WUBfVn9xHWiTjro"}}
{"event_data":{"param1":"Python 2.7.15 (64-bit)","param5":"Python Software Foundation","param3":"1033","param4":"1602","param6":"(NULL)","param2":"2.7.15150","Binary":"7B31364344393241342D303135322D344342372D384644362D3937383844333336333631377D3030303031353335653539393162663966333263343364653266636261646536666635373030303030393034"},"@timestamp":"2018-09-19T12:58:13.000Z","log_name":"Application","keywords":["Klassisch"],"level":"Informationen","computer_name":"flare-PC","source_name":"MsiInstaller","message":"Das Produkt wurde durch Windows Installer neu konfiguriert. Produktname: Python 2.7.15 (64-bit). Produktversion: 2.7.15150. Produktsprache: 1033. Hersteller: Python Software Foundation. Erfolg- bzw. Fehlerstatus der neuen Konfiguration: 1602.","@version":"1","beat":{"version":"6.4.0","name":"flare-PC","hostname":"flare-PC"},"tags":["beats_input_codec_plain_applied"],"type":"wineventlog","event_id":1035,"record_number":"2394","host":{"name":"flare-PC"},"user":{"domain":"flare-PC","identifier":"S-1-5-21-4019173901-3792766986-1456451320-1001","type":"User","name":"flare"},"opcode":"Info"}
{"index":{"_index":"winlogbeat-6.4.0-2018.09.19","_type":"doc","_id":"il_p8WUBfVn9xHWiKjrn"}}
{"thread_id":3364,"event_data":{"param2":"Ausgeführt","param1":"Anwendungserfahrung","Binary":"410065004C006F006F006B00750070005300760063002F0034000000"},"@timestamp":"2018-09-19T12:58:02.989Z","log_name":"System","keywords":["Klassisch"],"level":"Informationen","computer_name":"flare-PC","source_name":"Service Control Manager","process_id":488,"message":"Dienst \"Anwendungserfahrung\" befindet sich jetzt im Status \"Ausgeführt\".","@version":"1","provider_guid":"{555908d1-a6d7-4695-8e1e-26931d2012f4}","beat":{"version":"6.4.0","name":"flare-PC","hostname":"flare-PC"},"tags":["beats_input_codec_plain_applied"],"type":"wineventlog","event_id":7036,"record_number":"11730","host":{"name":"flare-PC"}}
{"index":{"_index":"winlogbeat-6.4.0-2018.09.19","_type":"doc","_id":"f1_o8WUBfVn9xHWiWToV"}}
{"@timestamp":"2018-09-19T12:57:14.000Z","log_name":"Application","keywords":["Klassisch"],"level":"Informationen","computer_name":"flare-PC","source_name":"Microsoft-Windows-Security-SPP","message":"Der Softwareschutzdienst wurde beendet.","@version":"1","provider_guid":"{E23B33B0-C8C9-472C-A5F9-F2BDFEA0F156}","beat":{"version":"6.4.0","name":"flare-PC","hostname":"flare-PC"},"tags":["beats_input_codec_plain_applied"],"type":"wineventlog","event_id":903,"record_number":"2392","host":{"name":"flare-PC"}}
{"index":{"_index":"winlogbeat-6.4.0-2018.09.19","_type":"doc","_id":"8l_u8WUBfVn9xHWidjqZ"}}
{"thread_id":1824,"event_data":{"ParentProcessGuid":"{2D3B23BE-463E-5BA2-0000-001010000400}","Product":"Firefox","UtcTime":"2018-09-19 13:03:40.545","Image":"C:\\Program Files\\Mozilla Firefox\\firefox.exe","Description":"Firefox","LogonId":"0xe320","User":"flare-PC\\flare","FileVersion":"62.0","Hashes":"MD5=FA64B4AEB420A6C292F877E90D0670A5,SHA256=377D3B741D8447B9BBD5F6FA700151A6CE8412CA15792BA4EAAA3174B1763BA4","ParentImage":"C:\\Program Files\\Mozilla Firefox\\firefox.exe","Company":"Mozilla Corporation","CommandLine":"\"C:\\Program Files\\Mozilla Firefox\\firefox.exe\" -contentproc --channel=\"588.36.2133001957\\361808825\" -childID 7 -isForBrowser -prefsHandle 3684 -prefsLen 12773 -schedulerPrefs 0001,2 -parentBuildID 20180830143136 -greomni \"C:\\Program Files\\Mozilla Firefox\\omni.ja\" -appomni \"C:\\Program Files\\Mozilla Firefox\\browser\\omni.ja\" -appdir \"C:\\Program Files\\Mozilla Firefox\\browser\" - 588 \"\\\\.\\pipe\\gecko-crash-server-pipe.588\" 3480 tab","ParentProcessId":"588","TerminalSessionId":"1","CurrentDirectory":"C:\\Program Files\\Mozilla Firefox\\","IntegrityLevel":"Low","LogonGuid":"{2D3B23BE-45CC-5BA2-0000-002020E30000}","ParentCommandLine":"\"C:\\Program Files\\Mozilla Firefox\\firefox.exe\" ","ProcessId":"3272","ProcessGuid":"{2D3B23BE-492C-5BA2-0000-001069520800}"},"@timestamp":"2018-09-19T13:03:40.561Z","log_name":"Microsoft-Windows-Sysmon/Operational","level":"Informationen","computer_name":"flare-PC","source_name":"Microsoft-Windows-Sysmon","process_id":1304,"message":"Process Create:\nRuleName: \nUtcTime: 2018-09-19 13:03:40.545\nProcessGuid: {2D3B23BE-492C-5BA2-0000-001069520800}\nProcessId: 3272\nImage: C:\\Program Files\\Mozilla Firefox\\firefox.exe\nFileVersion: 62.0\nDescription: Firefox\nProduct: Firefox\nCompany: Mozilla Corporation\nCommandLine: \"C:\\Program Files\\Mozilla Firefox\\firefox.exe\" -contentproc --channel=\"588.36.2133001957\\361808825\" -childID 7 -isForBrowser -prefsHandle 3684 -prefsLen 12773 -schedulerPrefs 0001,2 -parentBuildID 20180830143136 -greomni \"C:\\Program Files\\Mozilla Firefox\\omni.ja\" -appomni \"C:\\Program Files\\Mozilla Firefox\\browser\\omni.ja\" -appdir \"C:\\Program Files\\Mozilla Firefox\\browser\" - 588 \"\\\\.\\pipe\\gecko-crash-server-pipe.588\" 3480 tab\nCurrentDirectory: C:\\Program Files\\Mozilla Firefox\\\nUser: flare-PC\\flare\nLogonGuid: {2D3B23BE-45CC-5BA2-0000-002020E30000}\nLogonId: 0xe320\nTerminalSessionId: 1\nIntegrityLevel: Low\nHashes: MD5=FA64B4AEB420A6C292F877E90D0670A5,SHA256=377D3B741D8447B9BBD5F6FA700151A6CE8412CA15792BA4EAAA3174B1763BA4\nParentProcessGuid: {2D3B23BE-463E-5BA2-0000-001010000400}\nParentProcessId: 588\nParentImage: C:\\Program Files\\Mozilla Firefox\\firefox.exe\nParentCommandLine: \"C:\\Program Files\\Mozilla Firefox\\firefox.exe\" ","@version":"1","provider_guid":"{5770385F-C22A-43E0-BF4C-06F5698FFBD9}","beat":{"version":"6.4.0","name":"flare-PC","hostname":"flare-PC"},"tags":["beats_input_codec_plain_applied"],"type":"wineventlog","event_id":1,"task":"Process Create (rule: ProcessCreate)","host":{"name":"flare-PC"},"version":5,"user":{"name":"SYSTEM","identifier":"S-1-5-18","domain":"NT-AUTORITÄT","type":"User"},"record_number":"1004","opcode":"Info"}
{"index":{"_index":"winlogbeat-6.4.0-2018.09.19","_type":"doc","_id":"7l_s8WUBfVn9xHWikTpU"}}
{"thread_id":1824,"event_data":{"LogonId":"0xe2f8","User":"flare-PC\\flare","ParentProcessGuid":"{2D3B23BE-4846-5BA2-0000-00102D030800}","Product":" Network  Password  Recovery","Description":" Network Password Recovery","Hashes":"MD5=F627C30429D967082CDCF634AA735410,SHA256=6A87226ED5CCA8E072507D6C24289C57757DD96177F329A00B00E40427A1D473","UtcTime":"2018-09-19 13:01:40.462","FileVersion":"1.50","Image":"C:\\Users\\flare\\AppData\\Roaming\\Microsoft\\Windows\\nc.exe","ParentImage":"C:\\Windows\\System32\\cmd.exe","LogonGuid":"{2D3B23BE-45CC-5BA2-0000-0020F8E20000}","CommandLine":"nc  /shtml a.html","CurrentDirectory":"C:\\Users\\flare\\AppData\\Roaming\\Microsoft\\Windows\\","ProcessId":"3992","TerminalSessionId":"1","IntegrityLevel":"High","Company":"NirSoft","ParentCommandLine":"\"C:\\Windows\\System32\\cmd.exe\" ","ParentProcessId":"3208","ProcessGuid":"{2D3B23BE-48B4-5BA2-0000-0010351D0800}"},"@timestamp":"2018-09-19T13:01:40.478Z","log_name":"Microsoft-Windows-Sysmon/Operational","level":"Informationen","computer_name":"flare-PC","source_name":"Microsoft-Windows-Sysmon","process_id":1304,"provider_guid":"{5770385F-C22A-43E0-BF4C-06F5698FFBD9}","message":"Process Create:\nRuleName: \nUtcTime: 2018-09-19 13:01:40.462\nProcessGuid: {2D3B23BE-48B4-5BA2-0000-0010351D0800}\nProcessId: 3992\nImage: C:\\Users\\flare\\AppData\\Roaming\\Microsoft\\Windows\\nc.exe\nFileVersion: 1.50\nDescription:  Network Password Recovery\nProduct:  Network  Password  Recovery\nCompany: NirSoft\nCommandLine: nc  /shtml a.html\nCurrentDirectory: C:\\Users\\flare\\AppData\\Roaming\\Microsoft\\Windows\\\nUser: flare-PC\\flare\nLogonGuid: {2D3B23BE-45CC-5BA2-0000-0020F8E20000}\nLogonId: 0xe2f8\nTerminalSessionId: 1\nIntegrityLevel: High\nHashes: MD5=F627C30429D967082CDCF634AA735410,SHA256=6A87226ED5CCA8E072507D6C24289C57757DD96177F329A00B00E40427A1D473\nParentProcessGuid: {2D3B23BE-4846-5BA2-0000-00102D030800}\nParentProcessId: 3208\nParentImage: C:\\Windows\\System32\\cmd.exe\nParentCommandLine: \"C:\\Windows\\System32\\cmd.exe\" ","@version":"1","beat":{"version":"6.4.0","name":"flare-PC","hostname":"flare-PC"},"tags":["beats_input_codec_plain_applied"],"type":"wineventlog","event_id":1,"record_number":"1002","version":5,"user":{"name":"SYSTEM","domain":"NT-AUTORITÄT","type":"User","identifier":"S-1-5-18"},"task":"Process Create (rule: ProcessCreate)","host":{"name":"flare-PC"},"opcode":"Info"}
{"index":{"_index":"winlogbeat-6.4.0-2018.09.19","_type":"doc","_id":"_1_w8WUBfVn9xHWi9Dqy"}}
{"thread_id":556,"event_data":{"AuthenticationPackageName":"Negotiate","TransmittedServices":"-","LmPackageName":"-","IpPort":"-","IpAddress":"-","ProcessName":"C:\\Windows\\System32\\services.exe","TargetUserName":"SYSTEM","SubjectLogonId":"0x3e7","KeyLength":"0","TargetDomainName":"NT-AUTORITÄT","LogonGuid":"{00000000-0000-0000-0000-000000000000}","ProcessId":"0x1e8","SubjectUserSid":"S-1-5-18","SubjectDomainName":"WORKGROUP","LogonProcessName":"Advapi  ","TargetUserSid":"S-1-5-18","SubjectUserName":"FLARE-PC$","TargetLogonId":"0x3e7","LogonType":"5"},"@timestamp":"2018-09-19T13:06:15.992Z","log_name":"Security","keywords":["Überwachung erfolgreich"],"level":"Informationen","computer_name":"flare-PC","source_name":"Microsoft-Windows-Security-Auditing","process_id":512,"message":"Ein Konto wurde erfolgreich angemeldet.\n\nAntragsteller:\n\tSicherheits-ID:\t\tS-1-5-18\n\tKontoname:\t\tFLARE-PC$\n\tKontodomäne:\t\tWORKGROUP\n\tAnmelde-ID:\t\t0x3e7\n\nAnmeldetyp:\t\t\t5\n\nNeue Anmeldung:\n\tSicherheits-ID:\t\tS-1-5-18\n\tKontoname:\t\tSYSTEM\n\tKontodomäne:\t\tNT-AUTORITÄT\n\tAnmelde-ID:\t\t0x3e7\n\tAnmelde-GUID:\t\t{00000000-0000-0000-0000-000000000000}\n\nProzessinformationen:\n\tProzess-ID:\t\t0x1e8\n\tProzessname:\t\tC:\\Windows\\System32\\services.exe\n\nNetzwerkinformationen:\n\tArbeitsstationsname:\t\n\tQuellnetzwerkadresse:\t-\n\tQuellport:\t\t-\n\nDetaillierte Authentifizierungsinformationen:\n\tAnmeldeprozess:\t\tAdvapi  \n\tAuthentifizierungspaket:\tNegotiate\n\tÜbertragene Dienste:\t-\n\tPaketname (nur NTLM):\t-\n\tSchlüssellänge:\t\t0\n\nDieses Ereignis wird beim Erstellen einer Anmeldesitzung generiert. Es wird auf dem Computer generiert, auf den zugegriffen wurde.\n\nDie Antragstellerfelder geben das Konto auf dem lokalen System an, von dem die Anmeldung angefordert wurde. Dies ist meistens ein Dienst wie der Serverdienst oder ein lokaler Prozess wie \"Winlogon.exe\" oder \"Services.exe\".\n\nDas Anmeldetypfeld gibt den jeweiligen Anmeldetyp an. Die häufigsten Typen sind 2 (interaktiv) und 3 (Netzwerk).\n\nDie Felder für die neue Anmeldung geben das Konto an, für das die Anmeldung erstellt wurde, d. h. das angemeldete Konto.\n\nDie Netzwerkfelder geben die Quelle einer Remoteanmeldeanforderung an. der Arbeitsstationsname ist nicht immer verfügbar und kann in manchen Fällen leer bleiben.\n\nDie Felder für die Authentifizierungsinformationen enthalten detaillierte Informationen zu dieser speziellen Anmeldeanforderung.\n\t - Die Anmelde-GUID ist ein eindeutiger Bezeichner, der verwendet werden kann, um dieses Ereignis mit einem KDC-Ereignis zu korrelieren.\n\t- Die übertragenen Dienste geben an, welche Zwischendienste an der Anmeldeanforderung beteiligt waren.\n\t- Der Paketname gibt das in den NTLM-Protokollen verwendete Unterprotokoll an.\n\t- Die Schlüssellänge gibt die Länge des generierten Sitzungsschlüssels an. Wenn kein Sitzungsschlüssel angefordert wurde, ist dieser Wert 0.","@version":"1","provider_guid":"{54849625-5478-4994-A5BA-3E3B0328C30D}","beat":{"version":"6.4.0","name":"flare-PC","hostname":"flare-PC"},"tags":["beats_input_codec_plain_applied"],"type":"wineventlog","record_number":"16741","event_id":4624,"host":{"name":"flare-PC"},"task":"Anmelden","opcode":"Info"}
{"index":{"_index":"winlogbeat-6.4.0-2018.09.19","_type":"doc","_id":"51_s8WUBfVn9xHWiLTqH"}}
{"thread_id":2940,"event_data":{"param2":"Ausgeführt","param1":"WCESERVICE","Binary":"57004300450053004500520056004900430045002F0034000000"},"@timestamp":"2018-09-19T13:01:14.095Z","log_name":"System","keywords":["Klassisch"],"level":"Informationen","computer_name":"flare-PC","source_name":"Service Control Manager","process_id":488,"message":"Dienst \"WCESERVICE\" befindet sich jetzt im Status \"Ausgeführt\".","@version":"1","provider_guid":"{555908d1-a6d7-4695-8e1e-26931d2012f4}","beat":{"version":"6.4.0","name":"flare-PC","hostname":"flare-PC"},"tags":["beats_input_codec_plain_applied"],"type":"wineventlog","event_id":7036,"record_number":"11733","host":{"name":"flare-PC"}}
{"index":{"_index":"winlogbeat-6.4.0-2018.09.19","_type":"doc","_id":"6V_s8WUBfVn9xHWiLTqH"}}
{"thread_id":1824,"event_data":{"StartAddress":"0x00000000001E082C","SourceImage":"C:\\Users\\flare\\AppData\\Roaming\\Microsoft\\Windows\\editor.exe","UtcTime":"2018-09-19 13:01:14.158","TargetProcessGuid":"{2D3B23BE-45CA-5BA2-0000-0010035F0000}","TargetProcessId":"512","SourceProcessId":"3248","SourceProcessGuid":"{2D3B23BE-489A-5BA2-0000-00104B150800}","TargetImage":"C:\\Windows\\System32\\lsass.exe","NewThreadId":"2748"},"@timestamp":"2018-09-19T13:01:14.158Z","log_name":"Microsoft-Windows-Sysmon/Operational","level":"Informationen","computer_name":"flare-PC","source_name":"Microsoft-Windows-Sysmon","process_id":1304,"@version":"1","provider_guid":"{5770385F-C22A-43E0-BF4C-06F5698FFBD9}","message":"CreateRemoteThread detected:\nRuleName: \nUtcTime: 2018-09-19 13:01:14.158\nSourceProcessGuid: {2D3B23BE-489A-5BA2-0000-00104B150800}\nSourceProcessId: 3248\nSourceImage: C:\\Users\\flare\\AppData\\Roaming\\Microsoft\\Windows\\editor.exe\nTargetProcessGuid: {2D3B23BE-45CA-5BA2-0000-0010035F0000}\nTargetProcessId: 512\nTargetImage: C:\\Windows\\System32\\lsass.exe\nNewThreadId: 2748\nStartAddress: 0x00000000001E082C\nStartModule: \nStartFunction: ","beat":{"version":"6.4.0","name":"flare-PC","hostname":"flare-PC"},"tags":["beats_input_codec_plain_applied"],"type":"wineventlog","record_number":"997","event_id":8,"version":2,"user":{"name":"SYSTEM","identifier":"S-1-5-18","type":"User","domain":"NT-AUTORITÄT"},"host":{"name":"flare-PC"},"task":"CreateRemoteThread detected (rule: CreateRemoteThread)","opcode":"Info"}
{"index":{"_index":"winlogbeat-6.4.0-2018.09.19","_type":"doc","_id":"41_s8WUBfVn9xHWiLTqH"}}
{"thread_id":1824,"event_data":{"SourceProcessId":"3248","NewThreadId":"3912","UtcTime":"2018-09-19 13:01:14.158","TargetProcessGuid":"{2D3B23BE-45CA-5BA2-0000-0010035F0000}","SourceImage":"C:\\Users\\flare\\AppData\\Roaming\\Microsoft\\Windows\\editor.exe","StartAddress":"0x00000000001E082C","TargetImage":"C:\\Windows\\System32\\lsass.exe","SourceProcessGuid":"{2D3B23BE-489A-5BA2-0000-00104B150800}","TargetProcessId":"512"},"@timestamp":"2018-09-19T13:01:14.158Z","log_name":"Microsoft-Windows-Sysmon/Operational","level":"Informationen","computer_name":"flare-PC","source_name":"Microsoft-Windows-Sysmon","process_id":1304,"@version":"1","provider_guid":"{5770385F-C22A-43E0-BF4C-06F5698FFBD9}","message":"CreateRemoteThread detected:\nRuleName: \nUtcTime: 2018-09-19 13:01:14.158\nSourceProcessGuid: {2D3B23BE-489A-5BA2-0000-00104B150800}\nSourceProcessId: 3248\nSourceImage: C:\\Users\\flare\\AppData\\Roaming\\Microsoft\\Windows\\editor.exe\nTargetProcessGuid: {2D3B23BE-45CA-5BA2-0000-0010035F0000}\nTargetProcessId: 512\nTargetImage: C:\\Windows\\System32\\lsass.exe\nNewThreadId: 3912\nStartAddress: 0x00000000001E082C\nStartModule: \nStartFunction: ","beat":{"version":"6.4.0","name":"flare-PC","hostname":"flare-PC"},"tags":["beats_input_codec_plain_applied"],"task":"CreateRemoteThread detected (rule: CreateRemoteThread)","type":"wineventlog","record_number":"995","event_id":8,"user":{"name":"SYSTEM","identifier":"S-1-5-18","domain":"NT-AUTORITÄT","type":"User"},"version":2,"host":{"name":"flare-PC"},"opcode":"Info"}
{"index":{"_index":"winlogbeat-6.4.0-2018.09.19","_type":"doc","_id":"4l_s8WUBfVn9xHWiLTqH"}}
{"thread_id":1824,"event_data":{"SourceProcessId":"3248","SourceProcessGuid":"{2D3B23BE-489A-5BA2-0000-00104B150800}","UtcTime":"2018-09-19 13:01:14.111","TargetProcessGuid":"{2D3B23BE-45CA-5BA2-0000-0010035F0000}","TargetProcessId":"512","StartAddress":"0x00000000001E082C","TargetImage":"C:\\Windows\\System32\\lsass.exe","SourceImage":"C:\\Users\\flare\\AppData\\Roaming\\Microsoft\\Windows\\editor.exe","NewThreadId":"4024"},"@timestamp":"2018-09-19T13:01:14.111Z","log_name":"Microsoft-Windows-Sysmon/Operational","level":"Informationen","computer_name":"flare-PC","source_name":"Microsoft-Windows-Sysmon","process_id":1304,"message":"CreateRemoteThread detected:\nRuleName: \nUtcTime: 2018-09-19 13:01:14.111\nSourceProcessGuid: {2D3B23BE-489A-5BA2-0000-00104B150800}\nSourceProcessId: 3248\nSourceImage: C:\\Users\\flare\\AppData\\Roaming\\Microsoft\\Windows\\editor.exe\nTargetProcessGuid: {2D3B23BE-45CA-5BA2-0000-0010035F0000}\nTargetProcessId: 512\nTargetImage: C:\\Windows\\System32\\lsass.exe\nNewThreadId: 4024\nStartAddress: 0x00000000001E082C\nStartModule: \nStartFunction: ","@version":"1","provider_guid":"{5770385F-C22A-43E0-BF4C-06F5698FFBD9}","beat":{"version":"6.4.0","name":"flare-PC","hostname":"flare-PC"},"tags":["beats_input_codec_plain_applied"],"task":"CreateRemoteThread detected (rule: CreateRemoteThread)","record_number":"992","event_id":8,"version":2,"host":{"name":"flare-PC"},"user":{"name":"SYSTEM","identifier":"S-1-5-18","domain":"NT-AUTORITÄT","type":"User"},"type":"wineventlog","opcode":"Info"}
{"index":{"_index":"winlogbeat-6.4.0-2018.09.19","_type":"doc","_id":"61_s8WUBfVn9xHWiLTqH"}}
{"thread_id":964,"event_data":{"param2":"Beendet","param1":"WCESERVICE","Binary":"57004300450053004500520056004900430045002F0031000000"},"@timestamp":"2018-09-19T13:01:14.173Z","log_name":"System","keywords":["Klassisch"],"level":"Informationen","computer_name":"flare-PC","source_name":"Service Control Manager","process_id":488,"@version":"1","provider_guid":"{555908d1-a6d7-4695-8e1e-26931d2012f4}","message":"Dienst \"WCESERVICE\" befindet sich jetzt im Status \"Beendet\".","beat":{"version":"6.4.0","name":"flare-PC","hostname":"flare-PC"},"tags":["beats_input_codec_plain_applied"],"type":"wineventlog","record_number":"11734","event_id":7036,"host":{"name":"flare-PC"}}
{"index":{"_index":"winlogbeat-6.4.0-2018.09.19","_type":"doc","_id":"7F_s8WUBfVn9xHWiLTqH"}}
{"thread_id":1824,"event_data":{"SourceProcessGuid":"{2D3B23BE-489A-5BA2-0000-00104B150800}","TargetProcessId":"512","UtcTime":"2018-09-19 13:01:14.142","TargetProcessGuid":"{2D3B23BE-45CA-5BA2-0000-0010035F0000}","SourceImage":"C:\\Users\\flare\\AppData\\Roaming\\Microsoft\\Windows\\editor.exe","StartAddress":"0x00000000001E082C","SourceProcessId":"3248","TargetImage":"C:\\Windows\\System32\\lsass.exe","NewThreadId":"3952"},"@timestamp":"2018-09-19T13:01:14.142Z","log_name":"Microsoft-Windows-Sysmon/Operational","level":"Informationen","computer_name":"flare-PC","source_name":"Microsoft-Windows-Sysmon","process_id":1304,"message":"CreateRemoteThread detected:\nRuleName: \nUtcTime: 2018-09-19 13:01:14.142\nSourceProcessGuid: {2D3B23BE-489A-5BA2-0000-00104B150800}\nSourceProcessId: 3248\nSourceImage: C:\\Users\\flare\\AppData\\Roaming\\Microsoft\\Windows\\editor.exe\nTargetProcessGuid: {2D3B23BE-45CA-5BA2-0000-0010035F0000}\nTargetProcessId: 512\nTargetImage: C:\\Windows\\System32\\lsass.exe\nNewThreadId: 3952\nStartAddress: 0x00000000001E082C\nStartModule: \nStartFunction: ","@version":"1","provider_guid":"{5770385F-C22A-43E0-BF4C-06F5698FFBD9}","beat":{"version":"6.4.0","name":"flare-PC","hostname":"flare-PC"},"tags":["beats_input_codec_plain_applied"],"type":"wineventlog","record_number":"994","task":"CreateRemoteThread detected (rule: CreateRemoteThread)","version":2,"user":{"domain":"NT-AUTORITÄT","identifier":"S-1-5-18","type":"User","name":"SYSTEM"},"event_id":8,"host":{"name":"flare-PC"},"opcode":"Info"}
{"index":{"_index":"winlogbeat-6.4.0-2018.09.19","_type":"doc","_id":"7V_s8WUBfVn9xHWiLTqH"}}
{"thread_id":1824,"event_data":{"SourceProcessGuid":"{2D3B23BE-489A-5BA2-0000-00104B150800}","StartAddress":"0x00000000001E082C","UtcTime":"2018-09-19 13:01:14.173","TargetProcessGuid":"{2D3B23BE-45CA-5BA2-0000-0010035F0000}","SourceImage":"C:\\Users\\flare\\AppData\\Roaming\\Microsoft\\Windows\\editor.exe","SourceProcessId":"3248","TargetImage":"C:\\Windows\\System32\\lsass.exe","TargetProcessId":"512","NewThreadId":"3976"},"@timestamp":"2018-09-19T13:01:14.173Z","log_name":"Microsoft-Windows-Sysmon/Operational","level":"Informationen","computer_name":"flare-PC","source_name":"Microsoft-Windows-Sysmon","process_id":1304,"@version":"1","provider_guid":"{5770385F-C22A-43E0-BF4C-06F5698FFBD9}","message":"CreateRemoteThread detected:\nRuleName: \nUtcTime: 2018-09-19 13:01:14.173\nSourceProcessGuid: {2D3B23BE-489A-5BA2-0000-00104B150800}\nSourceProcessId: 3248\nSourceImage: C:\\Users\\flare\\AppData\\Roaming\\Microsoft\\Windows\\editor.exe\nTargetProcessGuid: {2D3B23BE-45CA-5BA2-0000-0010035F0000}\nTargetProcessId: 512\nTargetImage: C:\\Windows\\System32\\lsass.exe\nNewThreadId: 3976\nStartAddress: 0x00000000001E082C\nStartModule: \nStartFunction: ","beat":{"version":"6.4.0","name":"flare-PC","hostname":"flare-PC"},"tags":["beats_input_codec_plain_applied"],"type":"wineventlog","record_number":"998","task":"CreateRemoteThread detected (rule: CreateRemoteThread)","version":2,"user":{"name":"SYSTEM","identifier":"S-1-5-18","domain":"NT-AUTORITÄT","type":"User"},"event_id":8,"host":{"name":"flare-PC"},"opcode":"Info"}
{"index":{"_index":"winlogbeat-6.4.0-2018.09.19","_type":"doc","_id":"91_v8WUBfVn9xHWiPjqk"}}
{"thread_id":1824,"event_data":{"CreationUtcTime":"2018-09-19 13:04:28.620","UtcTime":"2018-09-19 13:04:30.835","Image":"C:\\Program Files\\Mozilla Firefox\\firefox.exe","Hash":"MD5=FBCCF14D504B7B2DBCB5A5BDA75BD93B,SHA256=EACD09517CE90D34BA562171D15AC40D302F0E691B439F91BE1B6406E25F5913","TargetFilename":"C:\\Users\\flare\\Downloads\\msxsl.exe:Zone.Identifier","ProcessId":"588","ProcessGuid":"{2D3B23BE-463E-5BA2-0000-001010000400}"},"@timestamp":"2018-09-19T13:04:30.835Z","log_name":"Microsoft-Windows-Sysmon/Operational","level":"Informationen","computer_name":"flare-PC","source_name":"Microsoft-Windows-Sysmon","process_id":1304,"provider_guid":"{5770385F-C22A-43E0-BF4C-06F5698FFBD9}","message":"File stream created:\nRuleName: \nUtcTime: 2018-09-19 13:04:30.835\nProcessGuid: {2D3B23BE-463E-5BA2-0000-001010000400}\nProcessId: 588\nImage: C:\\Program Files\\Mozilla Firefox\\firefox.exe\nTargetFilename: C:\\Users\\flare\\Downloads\\msxsl.exe:Zone.Identifier\nCreationUtcTime: 2018-09-19 13:04:28.620\nHash: MD5=FBCCF14D504B7B2DBCB5A5BDA75BD93B,SHA256=EACD09517CE90D34BA562171D15AC40D302F0E691B439F91BE1B6406E25F5913","@version":"1","beat":{"version":"6.4.0","name":"flare-PC","hostname":"flare-PC"},"tags":["beats_input_codec_plain_applied"],"type":"wineventlog","record_number":"1010","event_id":15,"version":2,"user":{"name":"SYSTEM","identifier":"S-1-5-18","domain":"NT-AUTORITÄT","type":"User"},"host":{"name":"flare-PC"},"task":"File stream created (rule: FileCreateStreamHash)","opcode":"Info"}
{"index":{"_index":"winlogbeat-6.4.0-2018.09.19","_type":"doc","_id":"AV_w8WUBfVn9xHWi_Dv7"}}
{"thread_id":1824,"event_data":{"CreationUtcTime":"2018-09-19 13:05:51.052","UtcTime":"2018-09-19 13:06:18.863","Hash":"MD5=2700A4A4D4B79E7A2B59D4CA06BA212A,SHA256=533E40025EE69A1B4B436DC6C996C7B34C2B16CEC1B45CEA0199F19092E77810","Image":"C:\\Program Files\\Mozilla Firefox\\firefox.exe","TargetFilename":"C:\\Users\\flare\\Downloads\\SysinternalsSuite.zip","ProcessId":"588","ProcessGuid":"{2D3B23BE-463E-5BA2-0000-001010000400}"},"@timestamp":"2018-09-19T13:06:19.098Z","log_name":"Microsoft-Windows-Sysmon/Operational","level":"Informationen","computer_name":"flare-PC","source_name":"Microsoft-Windows-Sysmon","process_id":1304,"provider_guid":"{5770385F-C22A-43E0-BF4C-06F5698FFBD9}","message":"File stream created:\nRuleName: \nUtcTime: 2018-09-19 13:06:18.863\nProcessGuid: {2D3B23BE-463E-5BA2-0000-001010000400}\nProcessId: 588\nImage: C:\\Program Files\\Mozilla Firefox\\firefox.exe\nTargetFilename: C:\\Users\\flare\\Downloads\\SysinternalsSuite.zip\nCreationUtcTime: 2018-09-19 13:05:51.052\nHash: MD5=2700A4A4D4B79E7A2B59D4CA06BA212A,SHA256=533E40025EE69A1B4B436DC6C996C7B34C2B16CEC1B45CEA0199F19092E77810","@version":"1","beat":{"version":"6.4.0","name":"flare-PC","hostname":"flare-PC"},"tags":["beats_input_codec_plain_applied"],"task":"File stream created (rule: FileCreateStreamHash)","type":"wineventlog","record_number":"1014","version":2,"user":{"name":"SYSTEM","identifier":"S-1-5-18","domain":"NT-AUTORITÄT","type":"User"},"host":{"name":"flare-PC"},"event_id":15,"opcode":"Info"}
{"index":{"_index":"winlogbeat-6.4.0-2018.09.19","_type":"doc","_id":"Al_w8WUBfVn9xHWi_Dv7"}}
{"thread_id":1824,"event_data":{"CreationUtcTime":"2018-09-19 13:05:51.052","UtcTime":"2018-09-19 13:06:19.098","Image":"C:\\Program Files\\Mozilla Firefox\\firefox.exe","TargetFilename":"C:\\Users\\flare\\Downloads\\SysinternalsSuite.zip:Zone.Identifier","ProcessId":"588","ProcessGuid":"{2D3B23BE-463E-5BA2-0000-001010000400}"},"@timestamp":"2018-09-19T13:06:19.098Z","log_name":"Microsoft-Windows-Sysmon/Operational","level":"Informationen","computer_name":"flare-PC","source_name":"Microsoft-Windows-Sysmon","process_id":1304,"message":"File created:\nRuleName: \nUtcTime: 2018-09-19 13:06:19.098\nProcessGuid: {2D3B23BE-463E-5BA2-0000-001010000400}\nProcessId: 588\nImage: C:\\Program Files\\Mozilla Firefox\\firefox.exe\nTargetFilename: C:\\Users\\flare\\Downloads\\SysinternalsSuite.zip:Zone.Identifier\nCreationUtcTime: 2018-09-19 13:05:51.052","@version":"1","provider_guid":"{5770385F-C22A-43E0-BF4C-06F5698FFBD9}","beat":{"version":"6.4.0","name":"flare-PC","hostname":"flare-PC"},"tags":["beats_input_codec_plain_applied"],"task":"File created (rule: FileCreate)","record_number":"1015","event_id":11,"version":2,"user":{"name":"SYSTEM","domain":"NT-AUTORITÄT","type":"User","identifier":"S-1-5-18"},"host":{"name":"flare-PC"},"type":"wineventlog","opcode":"Info"}
{"index":{"_index":"winlogbeat-6.4.0-2018.09.19","_type":"doc","_id":"71_s8WUBfVn9xHWiojqQ"}}
{"thread_id":1824,"event_data":{"UtcTime":"2018-09-19 13:01:44.157","Image":"C:\\Users\\flare\\AppData\\Roaming\\Microsoft\\Windows\\nc.exe","ProcessId":"3992","ProcessGuid":"{2D3B23BE-48B4-5BA2-0000-0010351D0800}"},"@timestamp":"2018-09-19T13:01:44.157Z","log_name":"Microsoft-Windows-Sysmon/Operational","level":"Informationen","computer_name":"flare-PC","source_name":"Microsoft-Windows-Sysmon","process_id":1304,"@version":"1","message":"Process terminated:\nRuleName: \nUtcTime: 2018-09-19 13:01:44.157\nProcessGuid: {2D3B23BE-48B4-5BA2-0000-0010351D0800}\nProcessId: 3992\nImage: C:\\Users\\flare\\AppData\\Roaming\\Microsoft\\Windows\\nc.exe","provider_guid":"{5770385F-C22A-43E0-BF4C-06F5698FFBD9}","beat":{"version":"6.4.0","name":"flare-PC","hostname":"flare-PC"},"tags":["beats_input_codec_plain_applied"],"type":"wineventlog","record_number":"1003","event_id":5,"host":{"name":"flare-PC"},"user":{"domain":"NT-AUTORITÄT","identifier":"S-1-5-18","type":"User","name":"SYSTEM"},"version":3,"task":"Process terminated (rule: ProcessTerminate)","opcode":"Info"}
{"index":{"_index":"winlogbeat-6.4.0-2018.09.19","_type":"doc","_id":"8F_t8WUBfVn9xHWiLzp9"}}
{"thread_id":3364,"event_data":{"param2":"Ausgeführt","param1":"Unterstützung in der Systemsteuerung unter Lösungen für Probleme","Binary":"770065007200630070006C0073007500700070006F00720074002F0034000000"},"@timestamp":"2018-09-19T13:02:19.743Z","log_name":"System","keywords":["Klassisch"],"level":"Informationen","computer_name":"flare-PC","source_name":"Service Control Manager","process_id":488,"provider_guid":"{555908d1-a6d7-4695-8e1e-26931d2012f4}","message":"Dienst \"Unterstützung in der Systemsteuerung unter Lösungen für Probleme\" befindet sich jetzt im Status \"Ausgeführt\".","@version":"1","beat":{"version":"6.4.0","name":"flare-PC","hostname":"flare-PC"},"tags":["beats_input_codec_plain_applied"],"type":"wineventlog","event_id":7036,"record_number":"11735","host":{"name":"flare-PC"}}
{"index":{"_index":"winlogbeat-6.4.0-2018.09.19","_type":"doc","_id":"n1_y8WUBfVn9xHWixzta"}}
{"thread_id":1824,"event_data":{"LogonId":"0xe320","Product":"Microsoft® Windows® Operating System","User":"flare-PC\\flare","Image":"C:\\Windows\\SysWOW64\\net1.exe","UtcTime":"2018-09-19 13:08:12.085","ParentProcessGuid":"{2D3B23BE-4A3C-5BA2-0000-00103E8F0B00}","Description":"Net Command","ParentImage":"C:\\Windows\\SysWOW64\\net.exe","ParentCommandLine":"net time \\\\172.16.100.10","FileVersion":"6.1.7601.17514 (win7sp1_rtm.101119-1850)","LogonGuid":"{2D3B23BE-45CC-5BA2-0000-002020E30000}","CommandLine":"C:\\Windows\\system32\\net1 time \\\\172.16.100.10","CurrentDirectory":"C:\\Users\\flare\\Downloads\\RTA-master\\","ProcessId":"3908","TerminalSessionId":"1","Hashes":"MD5=2041012726EF7C95ED51C15C56545A7F,SHA256=A0BE13AC9443ACC6D2EEA474CC82A727BDB7E1009F573DBA34D269F9A6AAA347","Company":"Microsoft Corporation","ParentProcessId":"3164","IntegrityLevel":"Medium","ProcessGuid":"{2D3B23BE-4A3C-5BA2-0000-001080900B00}"},"@timestamp":"2018-09-19T13:08:12.085Z","log_name":"Microsoft-Windows-Sysmon/Operational","level":"Informationen","computer_name":"flare-PC","source_name":"Microsoft-Windows-Sysmon","process_id":1304,"message":"Process Create:\nRuleName: \nUtcTime: 2018-09-19 13:08:12.085\nProcessGuid: {2D3B23BE-4A3C-5BA2-0000-001080900B00}\nProcessId: 3908\nImage: C:\\Windows\\SysWOW64\\net1.exe\nFileVersion: 6.1.7601.17514 (win7sp1_rtm.101119-1850)\nDescription: Net Command\nProduct: Microsoft® Windows® Operating System\nCompany: Microsoft Corporation\nCommandLine: C:\\Windows\\system32\\net1 time \\\\172.16.100.10\nCurrentDirectory: C:\\Users\\flare\\Downloads\\RTA-master\\\nUser: flare-PC\\flare\nLogonGuid: {2D3B23BE-45CC-5BA2-0000-002020E30000}\nLogonId: 0xe320\nTerminalSessionId: 1\nIntegrityLevel: Medium\nHashes: MD5=2041012726EF7C95ED51C15C56545A7F,SHA256=A0BE13AC9443ACC6D2EEA474CC82A727BDB7E1009F573DBA34D269F9A6AAA347\nParentProcessGuid: {2D3B23BE-4A3C-5BA2-0000-00103E8F0B00}\nParentProcessId: 3164\nParentImage: C:\\Windows\\SysWOW64\\net.exe\nParentCommandLine: net time \\\\172.16.100.10","@version":"1","provider_guid":"{5770385F-C22A-43E0-BF4C-06F5698FFBD9}","beat":{"version":"6.4.0","name":"flare-PC","hostname":"flare-PC"},"tags":["beats_input_codec_plain_applied"],"type":"wineventlog","event_id":1,"record_number":"1175","version":5,"task":"Process Create (rule: ProcessCreate)","host":{"name":"flare-PC"},"user":{"name":"SYSTEM","identifier":"S-1-5-18","domain":"NT-AUTORITÄT","type":"User"},"opcode":"Info"}
{"index":{"_index":"winlogbeat-6.4.0-2018.09.19","_type":"doc","_id":"ol_y8WUBfVn9xHWixztb"}}
{"thread_id":1824,"event_data":{"ParentProcessGuid":"{2D3B23BE-4A3B-5BA2-0000-0010F0640B00}","Product":"Microsoft® Windows® Operating System","UtcTime":"2018-09-19 13:08:12.039","Hashes":"MD5=B9A4DAC2192FD78CDA097BFA79F6E7B2,SHA256=D468E6B1B79555AC8BCE0300942FD479689EB8F159F3A399848D3BF9B9990A56","User":"flare-PC\\flare","Image":"C:\\Windows\\SysWOW64\\net.exe","LogonId":"0xe320","ParentImage":"C:\\Program Files (x86)\\Python27\\python.exe","ParentCommandLine":"\"C:\\Program Files (x86)\\Python27\\python.exe\"  C:\\Users\\flare\\Downloads\\RTA-master\\red_ttp\\at_command.py","FileVersion":"6.1.7600.16385 (win7_rtm.090713-1255)","TerminalSessionId":"1","LogonGuid":"{2D3B23BE-45CC-5BA2-0000-002020E30000}","ParentProcessId":"2336","ProcessId":"3164","CommandLine":"net time \\\\172.16.100.10","CurrentDirectory":"C:\\Users\\flare\\Downloads\\RTA-master\\","Company":"Microsoft Corporation","IntegrityLevel":"Medium","Description":"Net Command","ProcessGuid":"{2D3B23BE-4A3C-5BA2-0000-00103E8F0B00}"},"@timestamp":"2018-09-19T13:08:12.070Z","log_name":"Microsoft-Windows-Sysmon/Operational","level":"Informationen","computer_name":"flare-PC","source_name":"Microsoft-Windows-Sysmon","process_id":1304,"message":"Process Create:\nRuleName: \nUtcTime: 2018-09-19 13:08:12.039\nProcessGuid: {2D3B23BE-4A3C-5BA2-0000-00103E8F0B00}\nProcessId: 3164\nImage: C:\\Windows\\SysWOW64\\net.exe\nFileVersion: 6.1.7600.16385 (win7_rtm.090713-1255)\nDescription: Net Command\nProduct: Microsoft® Windows® Operating System\nCompany: Microsoft Corporation\nCommandLine: net time \\\\172.16.100.10\nCurrentDirectory: C:\\Users\\flare\\Downloads\\RTA-master\\\nUser: flare-PC\\flare\nLogonGuid: {2D3B23BE-45CC-5BA2-0000-002020E30000}\nLogonId: 0xe320\nTerminalSessionId: 1\nIntegrityLevel: Medium\nHashes: MD5=B9A4DAC2192FD78CDA097BFA79F6E7B2,SHA256=D468E6B1B79555AC8BCE0300942FD479689EB8F159F3A399848D3BF9B9990A56\nParentProcessGuid: {2D3B23BE-4A3B-5BA2-0000-0010F0640B00}\nParentProcessId: 2336\nParentImage: C:\\Program Files (x86)\\Python27\\python.exe\nParentCommandLine: \"C:\\Program Files (x86)\\Python27\\python.exe\"  C:\\Users\\flare\\Downloads\\RTA-master\\red_ttp\\at_command.py","@version":"1","provider_guid":"{5770385F-C22A-43E0-BF4C-06F5698FFBD9}","beat":{"version":"6.4.0","name":"flare-PC","hostname":"flare-PC"},"tags":["beats_input_codec_plain_applied"],"task":"Process Create (rule: ProcessCreate)","event_id":1,"record_number":"1174","version":5,"host":{"name":"flare-PC"},"type":"wineventlog","user":{"name":"SYSTEM","identifier":"S-1-5-18","domain":"NT-AUTORITÄT","type":"User"},"opcode":"Info"}
