{"index":{"_index":"winlogbeat-6.4.0-2018.09.19","_type":"doc","_id":"7l_g8WUBfVn9xHWizzke"}}
{"thread_id":3348,"event_data":{"param2":"Beendet","param1":"Diagnostics Tracking Service","Binary":"440069006100670054007200610063006B002F0031000000"},"@timestamp":"2018-09-19T12:47:54.571Z","log_name":"System","keywords":["Klassisch"],"level":"Informationen","computer_name":"flare-PC","source_name":"Service Control Manager","process_id":496,"provider_guid":"{555908d1-a6d7-4695-8e1e-26931d2012f4}","message":"Dienst \"Diagnostics Tracking Service\" befindet sich jetzt im Status \"Beendet\".","@version":"1","beat":{"version":"6.4.0","name":"flare-PC","hostname":"flare-PC"},"tags":["beats_input_codec_plain_applied"],"type":"wineventlog","record_number":"11604","event_id":7036,"host":{"name":"flare-PC"}}
{"index":{"_index":"winlogbeat-6.4.0-2018.09.19","_type":"doc","_id":"8F_g8WUBfVn9xHWizzke"}}
{"thread_id":3348,"event_data":{"param2":"Beendet","param1":"Plug & Play","Binary":"50006C007500670050006C00610079002F0031000000"},"@timestamp":"2018-09-19T12:47:54.946Z","keywords":["Klassisch"],"log_name":"System","level":"Informationen","computer_name":"flare-PC","source_name":"Service Control Manager","process_id":496,"provider_guid":"{555908d1-a6d7-4695-8e1e-26931d2012f4}","message":"Dienst \"Plug & Play\" befindet sich jetzt im Status \"Beendet\".","@version":"1","beat":{"version":"6.4.0","name":"flare-PC","hostname":"flare-PC"},"tags":["beats_input_codec_plain_applied"],"type":"wineventlog","record_number":"11612","event_id":7036,"host":{"name":"flare-PC"}}
{"index":{"_index":"winlogbeat-6.4.0-2018.09.19","_type":"doc","_id":"_1_g8WUBfVn9xHWizzke"}}
{"thread_id":596,"event_data":{"param2":"Ausgeführt","Binary":"5300680065006C006C004800570044006500740065006300740069006F006E002F0034000000","param1":"Shellhardwareerkennung"},"@timestamp":"2018-09-19T12:49:17.421Z","keywords":["Klassisch"],"log_name":"System","level":"Informationen","computer_name":"flare-PC","source_name":"Service Control Manager","process_id":488,"provider_guid":"{555908d1-a6d7-4695-8e1e-26931d2012f4}","message":"Dienst \"Shellhardwareerkennung\" befindet sich jetzt im Status \"Ausgeführt\".","@version":"1","beat":{"version":"6.4.0","name":"flare-PC","hostname":"flare-PC"},"tags":["beats_input_codec_plain_applied"],"type":"wineventlog","record_number":"11672","event_id":7036,"host":{"name":"flare-PC"}}
{"index":{"_index":"winlogbeat-6.4.0-2018.09.19","_type":"doc","_id":"yl_g8WUBfVn9xHWiyTkh"}}
{"thread_id":548,"event_data":{"SubjectDomainName":"NT-AUTORITÄT","SubjectLogonId":"0x3e7","SubjectUserName":"SYSTEM","PrivilegeList":"SeAssignPrimaryTokenPrivilege\n\t\t\tSeTcbPrivilege\n\t\t\tSeSecurityPrivilege\n\t\t\tSeTakeOwnershipPrivilege\n\t\t\tSeLoadDriverPrivilege\n\t\t\tSeBackupPrivilege\n\t\t\tSeRestorePrivilege\n\t\t\tSeDebugPrivilege\n\t\t\tSeAuditPrivilege\n\t\t\tSeSystemEnvironmentPrivilege\n\t\t\tSeImpersonatePrivilege","SubjectUserSid":"S-1-5-18"},"@timestamp":"2018-09-19T12:49:15.312Z","log_name":"Security","keywords":["Überwachung erfolgreich"],"level":"Informationen","computer_name":"flare-PC","source_name":"Microsoft-Windows-Security-Auditing","process_id":512,"@version":"1","provider_guid":"{54849625-5478-4994-A5BA-3E3B0328C30D}","message":"Einer neuen Anmeldung wurden besondere Rechte zugewiesen.\n\nAntragsteller:\n\tSicherheits-ID:\t\tS-1-5-18\n\tKontoname:\t\tSYSTEM\n\tKontodomäne:\t\tNT-AUTORITÄT\n\tAnmelde-ID:\t\t0x3e7\n\nBerechtigungen:\t\tSeAssignPrimaryTokenPrivilege\n\t\t\tSeTcbPrivilege\n\t\t\tSeSecurityPrivilege\n\t\t\tSeTakeOwnershipPrivilege\n\t\t\tSeLoadDriverPrivilege\n\t\t\tSeBackupPrivilege\n\t\t\tSeRestorePrivilege\n\t\t\tSeDebugPrivilege\n\t\t\tSeAuditPrivilege\n\t\t\tSeSystemEnvironmentPrivilege\n\t\t\tSeImpersonatePrivilege","beat":{"version":"6.4.0","name":"flare-PC","hostname":"flare-PC"},"tags":["beats_input_codec_plain_applied"],"type":"wineventlog","record_number":"16706","event_id":4672,"host":{"name":"flare-PC"},"task":"Spezielle Anmeldung","opcode":"Info"}
{"index":{"_index":"winlogbeat-6.4.0-2018.09.19","_type":"doc","_id":"m1_g8WUBfVn9xHWiyTkg"}}
{"thread_id":3348,"event_data":{"param2":"Beendet","param1":"Stromversorgung","Binary":"50006F007700650072002F0031000000"},"@timestamp":"2018-09-19T12:47:54.946Z","keywords":["Klassisch"],"log_name":"System","level":"Informationen","computer_name":"flare-PC","source_name":"Service Control Manager","process_id":496,"message":"Dienst \"Stromversorgung\" befindet sich jetzt im Status \"Beendet\".","@version":"1","provider_guid":"{555908d1-a6d7-4695-8e1e-26931d2012f4}","beat":{"version":"6.4.0","name":"flare-PC","hostname":"flare-PC"},"tags":["beats_input_codec_plain_applied"],"type":"wineventlog","record_number":"11610","event_id":7036,"host":{"name":"flare-PC"}}
{"index":{"_index":"winlogbeat-6.4.0-2018.09.19","_type":"doc","_id":"nF_g8WUBfVn9xHWiyTkg"}}
{"thread_id":3348,"event_data":{"param2":"Beendet","param1":"Benutzerprofildienst","Binary":"500072006F0066005300760063002F0031000000"},"@timestamp":"2018-09-19T12:47:54.946Z","keywords":["Klassisch"],"log_name":"System","level":"Informationen","computer_name":"flare-PC","source_name":"Service Control Manager","process_id":496,"provider_guid":"{555908d1-a6d7-4695-8e1e-26931d2012f4}","message":"Dienst \"Benutzerprofildienst\" befindet sich jetzt im Status \"Beendet\".","@version":"1","beat":{"version":"6.4.0","name":"flare-PC","hostname":"flare-PC"},"tags":["beats_input_codec_plain_applied"],"type":"wineventlog","event_id":7036,"record_number":"11614","host":{"name":"flare-PC"}}
{"index":{"_index":"winlogbeat-6.4.0-2018.09.19","_type":"doc","_id":"oF_g8WUBfVn9xHWiyTkg"}}
{"thread_id":1012,"event_data":{"param2":"Beendet","Binary":"540072007500730074006500640049006E007300740061006C006C00650072002F0031000000","param1":"Windows Modules Installer"},"@timestamp":"2018-09-19T12:47:59.688Z","log_name":"System","keywords":["Klassisch"],"level":"Informationen","computer_name":"flare-PC","source_name":"Service Control Manager","process_id":496,"provider_guid":"{555908d1-a6d7-4695-8e1e-26931d2012f4}","message":"Dienst \"Windows Modules Installer\" befindet sich jetzt im Status \"Beendet\".","@version":"1","beat":{"version":"6.4.0","name":"flare-PC","hostname":"flare-PC"},"tags":["beats_input_codec_plain_applied"],"type":"wineventlog","record_number":"11630","event_id":7036,"host":{"name":"flare-PC"}}
{"index":{"_index":"winlogbeat-6.4.0-2018.09.19","_type":"doc","_id":"oV_g8WUBfVn9xHWiyTkg"}}
{"thread_id":1012,"event_data":{"param2":"Beendet","param1":"Windows Search","Binary":"57005300650061007200630068002F0031000000"},"@timestamp":"2018-09-19T12:48:02.500Z","log_name":"System","keywords":["Klassisch"],"level":"Informationen","computer_name":"flare-PC","source_name":"Service Control Manager","process_id":496,"message":"Dienst \"Windows Search\" befindet sich jetzt im Status \"Beendet\".","@version":"1","provider_guid":"{555908d1-a6d7-4695-8e1e-26931d2012f4}","beat":{"version":"6.4.0","name":"flare-PC","hostname":"flare-PC"},"tags":["beats_input_codec_plain_applied"],"type":"wineventlog","event_id":7036,"record_number":"11634","host":{"name":"flare-PC"}}
{"index":{"_index":"winlogbeat-6.4.0-2018.09.19","_type":"doc","_id":"tl_g8WUBfVn9xHWiyTkh"}}
{"thread_id":712,"@timestamp":"2018-09-19T12:47:54.946Z","user_data":{"InstallSubsystemState":"false","CachingSubsystemState":"false","xml_name":"INFO_PNP_STATE"},"log_name":"System","level":"Informationen","computer_name":"flare-PC","source_name":"Microsoft-Windows-UserPnp","process_id":620,"provider_guid":"{96F4A050-7E31-453C-88BE-9634F4E02139}","message":"Der Status von mindestens einem Subsystem des Plug & Play-Dienstes hat sich geändert. \n\nPlugPlay-Installationssubsystem aktiviert: \"false\" \nPlugPlay-Zwischenspeicherungssubsystem aktiviert: \"false\" ","@version":"1","beat":{"version":"6.4.0","name":"flare-PC","hostname":"flare-PC"},"tags":["beats_input_codec_plain_applied"],"type":"wineventlog","record_number":"11611","event_id":20010,"host":{"name":"flare-PC"},"user":{"domain":"NT-AUTORITÄT","identifier":"S-1-5-18","type":"User","name":"SYSTEM"},"opcode":"Info"}
{"index":{"_index":"winlogbeat-6.4.0-2018.09.19","_type":"doc","_id":"pl_g8WUBfVn9xHWiyTkg"}}
{"thread_id":648,"event_data":{"param2":"Ausgeführt","param1":"Multimediaklassenplaner","Binary":"4D004D004300530053002F0034000000"},"@timestamp":"2018-09-19T12:49:15.593Z","log_name":"System","keywords":["Klassisch"],"level":"Informationen","computer_name":"flare-PC","source_name":"Service Control Manager","process_id":488,"message":"Dienst \"Multimediaklassenplaner\" befindet sich jetzt im Status \"Ausgeführt\".","@version":"1","provider_guid":"{555908d1-a6d7-4695-8e1e-26931d2012f4}","beat":{"version":"6.4.0","name":"flare-PC","hostname":"flare-PC"},"tags":["beats_input_codec_plain_applied"],"type":"wineventlog","record_number":"11654","event_id":7036,"host":{"name":"flare-PC"}}
{"index":{"_index":"winlogbeat-6.4.0-2018.09.19","_type":"doc","_id":"zV_g8WUBfVn9xHWiyTkh"}}
{"thread_id":548,"event_data":{"LmPackageName":"-","AuthenticationPackageName":"Negotiate","ProcessName":"C:\\Windows\\System32\\services.exe","IpAddress":"-","SubjectLogonId":"0x3e7","TargetDomainName":"NT-AUTORITÄT","IpPort":"-","TargetUserName":"LOKALER DIENST","KeyLength":"0","LogonType":"5","LogonGuid":"{00000000-0000-0000-0000-000000000000}","ProcessId":"0x1e8","SubjectUserSid":"S-1-5-18","LogonProcessName":"Advapi  ","SubjectDomainName":"WORKGROUP","TargetUserSid":"S-1-5-19","SubjectUserName":"FLARE-PC$","TargetLogonId":"0x3e5","TransmittedServices":"-"},"@timestamp":"2018-09-19T12:49:15.437Z","keywords":["Überwachung erfolgreich"],"log_name":"Security","level":"Informationen","computer_name":"flare-PC","source_name":"Microsoft-Windows-Security-Auditing","process_id":512,"message":"Ein Konto wurde erfolgreich angemeldet.\n\nAntragsteller:\n\tSicherheits-ID:\t\tS-1-5-18\n\tKontoname:\t\tFLARE-PC$\n\tKontodomäne:\t\tWORKGROUP\n\tAnmelde-ID:\t\t0x3e7\n\nAnmeldetyp:\t\t\t5\n\nNeue Anmeldung:\n\tSicherheits-ID:\t\tS-1-5-19\n\tKontoname:\t\tLOKALER DIENST\n\tKontodomäne:\t\tNT-AUTORITÄT\n\tAnmelde-ID:\t\t0x3e5\n\tAnmelde-GUID:\t\t{00000000-0000-0000-0000-000000000000}\n\nProzessinformationen:\n\tProzess-ID:\t\t0x1e8\n\tProzessname:\t\tC:\\Windows\\System32\\services.exe\n\nNetzwerkinformationen:\n\tArbeitsstationsname:\t\n\tQuellnetzwerkadresse:\t-\n\tQuellport:\t\t-\n\nDetaillierte Authentifizierungsinformationen:\n\tAnmeldeprozess:\t\tAdvapi  \n\tAuthentifizierungspaket:\tNegotiate\n\tÜbertragene Dienste:\t-\n\tPaketname (nur NTLM):\t-\n\tSchlüssellänge:\t\t0\n\nDieses Ereignis wird beim Erstellen einer Anmeldesitzung generiert. Es wird auf dem Computer generiert, auf den zugegriffen wurde.\n\nDie Antragstellerfelder geben das Konto auf dem lokalen System an, von dem die Anmeldung angefordert wurde. Dies ist meistens ein Dienst wie der Serverdienst oder ein lokaler Prozess wie \"Winlogon.exe\" oder \"Services.exe\".\n\nDas Anmeldetypfeld gibt den jeweiligen Anmeldetyp an. Die häufigsten Typen sind 2 (interaktiv) und 3 (Netzwerk).\n\nDie Felder für die neue Anmeldung geben das Konto an, für das die Anmeldung erstellt wurde, d. h. das angemeldete Konto.\n\nDie Netzwerkfelder geben die Quelle einer Remoteanmeldeanforderung an. der Arbeitsstationsname ist nicht immer verfügbar und kann in manchen Fällen leer bleiben.\n\nDie Felder für die Authentifizierungsinformationen enthalten detaillierte Informationen zu dieser speziellen Anmeldeanforderung.\n\t - Die Anmelde-GUID ist ein eindeutiger Bezeichner, der verwendet werden kann, um dieses Ereignis mit einem KDC-Ereignis zu korrelieren.\n\t- Die übertragenen Dienste geben an, welche Zwischendienste an der Anmeldeanforderung beteiligt waren.\n\t- Der Paketname gibt das in den NTLM-Protokollen verwendete Unterprotokoll an.\n\t- Die Schlüssellänge gibt die Länge des generierten Sitzungsschlüssels an. Wenn kein Sitzungsschlüssel angefordert wurde, ist dieser Wert 0.","@version":"1","provider_guid":"{54849625-5478-4994-A5BA-3E3B0328C30D}","beat":{"version":"6.4.0","name":"flare-PC","hostname":"flare-PC"},"tags":["beats_input_codec_plain_applied"],"type":"wineventlog","event_id":4624,"task":"Anmelden","host":{"name":"flare-PC"},"record_number":"16709","opcode":"Info"}
{"index":{"_index":"winlogbeat-6.4.0-2018.09.19","_type":"doc","_id":"qV_g8WUBfVn9xHWiyTkg"}}
{"thread_id":596,"event_data":{"param2":"Ausgeführt","Binary":"6C006D0068006F007300740073002F0034000000","param1":"TCP/IP-NetBIOS-Hilfsdienst"},"@timestamp":"2018-09-19T12:49:17.390Z","log_name":"System","keywords":["Klassisch"],"level":"Informationen","computer_name":"flare-PC","source_name":"Service Control Manager","process_id":488,"provider_guid":"{555908d1-a6d7-4695-8e1e-26931d2012f4}","message":"Dienst \"TCP/IP-NetBIOS-Hilfsdienst\" befindet sich jetzt im Status \"Ausgeführt\".","@version":"1","beat":{"version":"6.4.0","name":"flare-PC","hostname":"flare-PC"},"tags":["beats_input_codec_plain_applied"],"type":"wineventlog","event_id":7036,"record_number":"11666","host":{"name":"flare-PC"}}
{"index":{"_index":"winlogbeat-6.4.0-2018.09.19","_type":"doc","_id":"VV_i8WUBfVn9xHWikDoz"}}
{"thread_id":1824,"event_data":{"ParentProcessGuid":"{2D3B23BE-463E-5BA2-0000-001010000400}","Product":"Firefox","UtcTime":"2018-09-19 12:51:12.185","Hashes":"MD5=FA64B4AEB420A6C292F877E90D0670A5,SHA256=377D3B741D8447B9BBD5F6FA700151A6CE8412CA15792BA4EAAA3174B1763BA4","Description":"Firefox","User":"flare-PC\\flare","Image":"C:\\Program Files\\Mozilla Firefox\\firefox.exe","ParentImage":"C:\\Program Files\\Mozilla Firefox\\firefox.exe","ParentCommandLine":"\"C:\\Program Files\\Mozilla Firefox\\firefox.exe\" ","FileVersion":"62.0","LogonGuid":"{2D3B23BE-45CC-5BA2-0000-002020E30000}","CommandLine":"\"C:\\Program Files\\Mozilla Firefox\\firefox.exe\" -contentproc --channel=\"588.0.1346745458\\1778836665\" -childID 1 -isForBrowser -prefsHandle 1468 -prefsLen 8330 -schedulerPrefs 0001,2 -parentBuildID 20180830143136 -greomni \"C:\\Program Files\\Mozilla Firefox\\omni.ja\" -appomni \"C:\\Program Files\\Mozilla Firefox\\browser\\omni.ja\" -appdir \"C:\\Program Files\\Mozilla Firefox\\browser\" - 588 \"\\\\.\\pipe\\gecko-crash-server-pipe.588\" 1580 tab","Company":"Mozilla Corporation","ProcessId":"2472","TerminalSessionId":"1","IntegrityLevel":"Low","ParentProcessId":"588","CurrentDirectory":"C:\\Program Files\\Mozilla Firefox\\","LogonId":"0xe320","ProcessGuid":"{2D3B23BE-4640-5BA2-0000-001078140400}"},"@timestamp":"2018-09-19T12:51:12.185Z","log_name":"Microsoft-Windows-Sysmon/Operational","level":"Informationen","computer_name":"flare-PC","source_name":"Microsoft-Windows-Sysmon","process_id":1304,"message":"Process Create:\nRuleName: \nUtcTime: 2018-09-19 12:51:12.185\nProcessGuid: {2D3B23BE-4640-5BA2-0000-001078140400}\nProcessId: 2472\nImage: C:\\Program Files\\Mozilla Firefox\\firefox.exe\nFileVersion: 62.0\nDescription: Firefox\nProduct: Firefox\nCompany: Mozilla Corporation\nCommandLine: \"C:\\Program Files\\Mozilla Firefox\\firefox.exe\" -contentproc --channel=\"588.0.1346745458\\1778836665\" -childID 1 -isForBrowser -prefsHandle 1468 -prefsLen 8330 -schedulerPrefs 0001,2 -parentBuildID 20180830143136 -greomni \"C:\\Program Files\\Mozilla Firefox\\omni.ja\" -appomni \"C:\\Program Files\\Mozilla Firefox\\browser\\omni.ja\" -appdir \"C:\\Program Files\\Mozilla Firefox\\browser\" - 588 \"\\\\.\\pipe\\gecko-crash-server-pipe.588\" 1580 tab\nCurrentDirectory: C:\\Program Files\\Mozilla Firefox\\\nUser: flare-PC\\flare\nLogonGuid: {2D3B23BE-45CC-5BA2-0000-002020E30000}\nLogonId: 0xe320\nTerminalSessionId: 1\nIntegrityLevel: Low\nHashes: MD5=FA64B4AEB420A6C292F877E90D0670A5,SHA256=377D3B741D8447B9BBD5F6FA700151A6CE8412CA15792BA4EAAA3174B1763BA4\nParentProcessGuid: {2D3B23BE-463E-5BA2-0000-001010000400}\nParentProcessId: 588\nParentImage: C:\\Program Files\\Mozilla Firefox\\firefox.exe\nParentCommandLine: \"C:\\Program Files\\Mozilla Firefox\\firefox.exe\" ","@version":"1","provider_guid":"{5770385F-C22A-43E0-BF4C-06F5698FFBD9}","beat":{"version":"6.4.0","name":"flare-PC","hostname":"flare-PC"},"tags":["beats_input_codec_plain_applied"],"type":"wineventlog","event_id":1,"task":"Process Create (rule: ProcessCreate)","host":{"name":"flare-PC"},"record_number":"886","version":5,"user":{"name":"SYSTEM","identifier":"S-1-5-18","domain":"NT-AUTORITÄT","type":"User"},"opcode":"Info"}
{"index":{"_index":"winlogbeat-6.4.0-2018.09.19","_type":"doc","_id":"WF_i8WUBfVn9xHWixDpM"}}
{"@timestamp":"2018-09-19T12:51:27.000Z","keywords":["Klassisch"],"log_name":"Application","level":"Informationen","computer_name":"flare-PC","source_name":"Microsoft-Windows-Security-SPP","@version":"1","provider_guid":"{E23B33B0-C8C9-472C-A5F9-F2BDFEA0F156}","message":"Der Softwareschutzdienst wird gestartet.","beat":{"version":"6.4.0","name":"flare-PC","hostname":"flare-PC"},"tags":["beats_input_codec_plain_applied"],"type":"wineventlog","event_id":900,"record_number":"2386","host":{"name":"flare-PC"}}
{"index":{"_index":"winlogbeat-6.4.0-2018.09.19","_type":"doc","_id":"W1_i8WUBfVn9xHWiyzrY"}}
{"thread_id":580,"event_data":{"LmPackageName":"-","TransmittedServices":"-","ProcessName":"C:\\Windows\\System32\\services.exe","IpPort":"-","SubjectLogonId":"0x3e7","AuthenticationPackageName":"Negotiate","TargetUserName":"SYSTEM","IpAddress":"-","KeyLength":"0","TargetDomainName":"NT-AUTORITÄT","LogonGuid":"{00000000-0000-0000-0000-000000000000}","SubjectUserSid":"S-1-5-18","ProcessId":"0x1e8","LogonProcessName":"Advapi  ","SubjectDomainName":"WORKGROUP","TargetUserSid":"S-1-5-18","SubjectUserName":"FLARE-PC$","TargetLogonId":"0x3e7","LogonType":"5"},"@timestamp":"2018-09-19T12:51:27.296Z","keywords":["Überwachung erfolgreich"],"log_name":"Security","level":"Informationen","computer_name":"flare-PC","source_name":"Microsoft-Windows-Security-Auditing","process_id":512,"message":"Ein Konto wurde erfolgreich angemeldet.\n\nAntragsteller:\n\tSicherheits-ID:\t\tS-1-5-18\n\tKontoname:\t\tFLARE-PC$\n\tKontodomäne:\t\tWORKGROUP\n\tAnmelde-ID:\t\t0x3e7\n\nAnmeldetyp:\t\t\t5\n\nNeue Anmeldung:\n\tSicherheits-ID:\t\tS-1-5-18\n\tKontoname:\t\tSYSTEM\n\tKontodomäne:\t\tNT-AUTORITÄT\n\tAnmelde-ID:\t\t0x3e7\n\tAnmelde-GUID:\t\t{00000000-0000-0000-0000-000000000000}\n\nProzessinformationen:\n\tProzess-ID:\t\t0x1e8\n\tProzessname:\t\tC:\\Windows\\System32\\services.exe\n\nNetzwerkinformationen:\n\tArbeitsstationsname:\t\n\tQuellnetzwerkadresse:\t-\n\tQuellport:\t\t-\n\nDetaillierte Authentifizierungsinformationen:\n\tAnmeldeprozess:\t\tAdvapi  \n\tAuthentifizierungspaket:\tNegotiate\n\tÜbertragene Dienste:\t-\n\tPaketname (nur NTLM):\t-\n\tSchlüssellänge:\t\t0\n\nDieses Ereignis wird beim Erstellen einer Anmeldesitzung generiert. Es wird auf dem Computer generiert, auf den zugegriffen wurde.\n\nDie Antragstellerfelder geben das Konto auf dem lokalen System an, von dem die Anmeldung angefordert wurde. Dies ist meistens ein Dienst wie der Serverdienst oder ein lokaler Prozess wie \"Winlogon.exe\" oder \"Services.exe\".\n\nDas Anmeldetypfeld gibt den jeweiligen Anmeldetyp an. Die häufigsten Typen sind 2 (interaktiv) und 3 (Netzwerk).\n\nDie Felder für die neue Anmeldung geben das Konto an, für das die Anmeldung erstellt wurde, d. h. das angemeldete Konto.\n\nDie Netzwerkfelder geben die Quelle einer Remoteanmeldeanforderung an. der Arbeitsstationsname ist nicht immer verfügbar und kann in manchen Fällen leer bleiben.\n\nDie Felder für die Authentifizierungsinformationen enthalten detaillierte Informationen zu dieser speziellen Anmeldeanforderung.\n\t - Die Anmelde-GUID ist ein eindeutiger Bezeichner, der verwendet werden kann, um dieses Ereignis mit einem KDC-Ereignis zu korrelieren.\n\t- Die übertragenen Dienste geben an, welche Zwischendienste an der Anmeldeanforderung beteiligt waren.\n\t- Der Paketname gibt das in den NTLM-Protokollen verwendete Unterprotokoll an.\n\t- Die Schlüssellänge gibt die Länge des generierten Sitzungsschlüssels an. Wenn kein Sitzungsschlüssel angefordert wurde, ist dieser Wert 0.","@version":"1","provider_guid":"{54849625-5478-4994-A5BA-3E3B0328C30D}","beat":{"version":"6.4.0","name":"flare-PC","hostname":"flare-PC"},"tags":["beats_input_codec_plain_applied"],"type":"wineventlog","task":"Anmelden","event_id":4624,"host":{"name":"flare-PC"},"record_number":"16735","opcode":"Info"}
{"index":{"_index":"winlogbeat-6.4.0-2018.09.19","_type":"doc","_id":"XV_i8WUBfVn9xHWiyzrY"}}
{"event_data":{"param1":"C:\\Windows\\system32\\sppwinob.dll, msft:spp/windowsfunctionality/agent/7.0, 0x00000000, 0x00000000\nC:\\Windows\\system32\\sppobjs.dll, msft:rm/algorithm/phone/1.0, 0x00000000, 0x00000000\nC:\\Windows\\system32\\sppobjs.dll, msft:rm/algorithm/pkey/2005, 0x00000000, 0x00000000\nC:\\Windows\\system32\\sppobjs.dll, msft:spp/TaskScheduler/1.0, 0x00000000, 0x00000000\nC:\\Windows\\system32\\sppobjs.dll, msft:spp/volume/services/kms/1.0, 0x00000000, 0x00000000\nC:\\Windows\\system32\\sppobjs.dll, msft:spp/volume/services/kms/licenserenewal/1.0, 0x00000000, 0x00000000"},"@timestamp":"2018-09-19T12:51:27.000Z","keywords":["Klassisch"],"log_name":"Application","level":"Informationen","computer_name":"flare-PC","source_name":"Microsoft-Windows-Security-SPP","provider_guid":"{E23B33B0-C8C9-472C-A5F9-F2BDFEA0F156}","message":"Initialisierungsstatus für Dienstobjekte.\nC:\\Windows\\system32\\sppwinob.dll, msft:spp/windowsfunctionality/agent/7.0, 0x00000000, 0x00000000\nC:\\Windows\\system32\\sppobjs.dll, msft:rm/algorithm/phone/1.0, 0x00000000, 0x00000000\nC:\\Windows\\system32\\sppobjs.dll, msft:rm/algorithm/pkey/2005, 0x00000000, 0x00000000\nC:\\Windows\\system32\\sppobjs.dll, msft:spp/TaskScheduler/1.0, 0x00000000, 0x00000000\nC:\\Windows\\system32\\sppobjs.dll, msft:spp/volume/services/kms/1.0, 0x00000000, 0x00000000\nC:\\Windows\\system32\\sppobjs.dll, msft:spp/volume/services/kms/licenserenewal/1.0, 0x00000000, 0x00000000","@version":"1","beat":{"version":"6.4.0","name":"flare-PC","hostname":"flare-PC"},"tags":["beats_input_codec_plain_applied"],"type":"wineventlog","event_id":1066,"record_number":"2387","host":{"name":"flare-PC"}}
{"index":{"_index":"winlogbeat-6.4.0-2018.09.19","_type":"doc","_id":"ZV_i8WUBfVn9xHWiyzra"}}
{"thread_id":580,"event_data":{"SubjectDomainName":"NT-AUTORITÄT","SubjectLogonId":"0x3e7","SubjectUserName":"SYSTEM","PrivilegeList":"SeAssignPrimaryTokenPrivilege\n\t\t\tSeTcbPrivilege\n\t\t\tSeSecurityPrivilege\n\t\t\tSeTakeOwnershipPrivilege\n\t\t\tSeLoadDriverPrivilege\n\t\t\tSeBackupPrivilege\n\t\t\tSeRestorePrivilege\n\t\t\tSeDebugPrivilege\n\t\t\tSeAuditPrivilege\n\t\t\tSeSystemEnvironmentPrivilege\n\t\t\tSeImpersonatePrivilege","SubjectUserSid":"S-1-5-18"},"@timestamp":"2018-09-19T12:51:27.296Z","log_name":"Security","keywords":["Überwachung erfolgreich"],"level":"Informationen","computer_name":"flare-PC","source_name":"Microsoft-Windows-Security-Auditing","process_id":512,"message":"Einer neuen Anmeldung wurden besondere Rechte zugewiesen.\n\nAntragsteller:\n\tSicherheits-ID:\t\tS-1-5-18\n\tKontoname:\t\tSYSTEM\n\tKontodomäne:\t\tNT-AUTORITÄT\n\tAnmelde-ID:\t\t0x3e7\n\nBerechtigungen:\t\tSeAssignPrimaryTokenPrivilege\n\t\t\tSeTcbPrivilege\n\t\t\tSeSecurityPrivilege\n\t\t\tSeTakeOwnershipPrivilege\n\t\t\tSeLoadDriverPrivilege\n\t\t\tSeBackupPrivilege\n\t\t\tSeRestorePrivilege\n\t\t\tSeDebugPrivilege\n\t\t\tSeAuditPrivilege\n\t\t\tSeSystemEnvironmentPrivilege\n\t\t\tSeImpersonatePrivilege","@version":"1","provider_guid":"{54849625-5478-4994-A5BA-3E3B0328C30D}","beat":{"version":"6.4.0","name":"flare-PC","hostname":"flare-PC"},"tags":["beats_input_codec_plain_applied"],"task":"Spezielle Anmeldung","record_number":"16736","event_id":4672,"host":{"name":"flare-PC"},"type":"wineventlog","opcode":"Info"}
{"index":{"_index":"winlogbeat-6.4.0-2018.09.19","_type":"doc","_id":"aV_i8WUBfVn9xHWi1ToY"}}
{"thread_id":3088,"event_data":{"param2":"Ausgeführt","param1":"Windows Update","Binary":"770075006100750073006500720076002F0034000000"},"@timestamp":"2018-09-19T12:51:28.758Z","log_name":"System","keywords":["Klassisch"],"level":"Informationen","computer_name":"flare-PC","source_name":"Service Control Manager","process_id":488,"provider_guid":"{555908d1-a6d7-4695-8e1e-26931d2012f4}","message":"Dienst \"Windows Update\" befindet sich jetzt im Status \"Ausgeführt\".","@version":"1","beat":{"version":"6.4.0","name":"flare-PC","hostname":"flare-PC"},"tags":["beats_input_codec_plain_applied"],"type":"wineventlog","event_id":7036,"record_number":"11723","host":{"name":"flare-PC"}}
{"index":{"_index":"winlogbeat-6.4.0-2018.09.19","_type":"doc","_id":"tF_g8WUBfVn9xHWiyTkh"}}
{"thread_id":3348,"event_data":{"param2":"Beendet","Binary":"670070007300760063002F0031000000","param1":"Gruppenrichtlinienclient"},"@timestamp":"2018-09-19T12:47:54.445Z","keywords":["Klassisch"],"log_name":"System","level":"Informationen","computer_name":"flare-PC","source_name":"Service Control Manager","process_id":496,"message":"Dienst \"Gruppenrichtlinienclient\" befindet sich jetzt im Status \"Beendet\".","@version":"1","provider_guid":"{555908d1-a6d7-4695-8e1e-26931d2012f4}","beat":{"version":"6.4.0","name":"flare-PC","hostname":"flare-PC"},"tags":["beats_input_codec_plain_applied"],"type":"wineventlog","event_id":7036,"record_number":"11603","host":{"name":"flare-PC"}}
{"index":{"_index":"winlogbeat-6.4.0-2018.09.19","_type":"doc","_id":"o1_g8WUBfVn9xHWiyTkg"}}
{"thread_id":56,"event_data":{"Group":"0","Number":"2","ThrottleStateCount":"0","IdleStateCount":"1","PerfStateCount":"0","IdleState":"01"},"@timestamp":"2018-09-19T12:49:13.656Z","log_name":"System","level":"Informationen","computer_name":"flare-PC","source_name":"Microsoft-Windows-Kernel-Processor-Power","process_id":4,"provider_guid":"{0F67E49F-FE51-4E9F-B490-6F2948CC6027}","message":"Prozessor 2 in Gruppe 0 weist Folgendes auf:\n\n1 inaktive Zustände\n0 Leistungszustände\n0 Drosselungszustände","@version":"1","beat":{"version":"6.4.0","name":"flare-PC","hostname":"flare-PC"},"tags":["beats_input_codec_plain_applied"],"type":"wineventlog","event_id":26,"record_number":"11642","host":{"name":"flare-PC"},"user":{"name":"SYSTEM","identifier":"S-1-5-18","type":"User","domain":"NT-AUTORITÄT"},"opcode":"Info"}
{"index":{"_index":"winlogbeat-6.4.0-2018.09.19","_type":"doc","_id":"uV_g8WUBfVn9xHWiyTkh"}}
{"event_data":{"Binary":"E2070900030013000C0031000F00E4010000000000000000"},"@timestamp":"2018-09-19T12:49:15.000Z","keywords":["Klassisch"],"log_name":"System","level":"Informationen","computer_name":"flare-PC","source_name":"EventLog","message":"Der Ereignisprotokolldienst wurde gestartet.","@version":"1","beat":{"version":"6.4.0","name":"flare-PC","hostname":"flare-PC"},"tags":["beats_input_codec_plain_applied"],"type":"wineventlog","record_number":"11623","event_id":6005,"host":{"name":"flare-PC"}}
{"index":{"_index":"winlogbeat-6.4.0-2018.09.19","_type":"doc","_id":"Nl_h8WUBfVn9xHWiCDpe"}}
{"event_data":{"param3":"Windows: ","param2":"2640","param1":"Windows"},"@timestamp":"2018-09-19T12:49:37.000Z","log_name":"Application","keywords":["Klassisch"],"level":"Informationen","computer_name":"flare-PC","source_name":"ESENT","@version":"1","message":"Windows (2640) Windows: Das Datenbankmodul initiiert Schritte zur Wiederherstellung.","beat":{"version":"6.4.0","name":"flare-PC","hostname":"flare-PC"},"tags":["beats_input_codec_plain_applied"],"task":"Protokollierung/Wiederherstellung","event_id":300,"record_number":"2382","host":{"name":"flare-PC"},"type":"wineventlog","opcode":"Info"}
{"index":{"_index":"winlogbeat-6.4.0-2018.09.19","_type":"doc","_id":"NV_h8WUBfVn9xHWiCDpe"}}
{"thread_id":580,"event_data":{"SubjectDomainName":"NT-AUTORITÄT","SubjectLogonId":"0x3e7","PrivilegeList":"SeAssignPrimaryTokenPrivilege\n\t\t\tSeTcbPrivilege\n\t\t\tSeSecurityPrivilege\n\t\t\tSeTakeOwnershipPrivilege\n\t\t\tSeLoadDriverPrivilege\n\t\t\tSeBackupPrivilege\n\t\t\tSeRestorePrivilege\n\t\t\tSeDebugPrivilege\n\t\t\tSeAuditPrivilege\n\t\t\tSeSystemEnvironmentPrivilege\n\t\t\tSeImpersonatePrivilege","SubjectUserSid":"S-1-5-18","SubjectUserName":"SYSTEM"},"@timestamp":"2018-09-19T12:49:36.936Z","log_name":"Security","keywords":["Überwachung erfolgreich"],"level":"Informationen","computer_name":"flare-PC","source_name":"Microsoft-Windows-Security-Auditing","process_id":512,"provider_guid":"{54849625-5478-4994-A5BA-3E3B0328C30D}","message":"Einer neuen Anmeldung wurden besondere Rechte zugewiesen.\n\nAntragsteller:\n\tSicherheits-ID:\t\tS-1-5-18\n\tKontoname:\t\tSYSTEM\n\tKontodomäne:\t\tNT-AUTORITÄT\n\tAnmelde-ID:\t\t0x3e7\n\nBerechtigungen:\t\tSeAssignPrimaryTokenPrivilege\n\t\t\tSeTcbPrivilege\n\t\t\tSeSecurityPrivilege\n\t\t\tSeTakeOwnershipPrivilege\n\t\t\tSeLoadDriverPrivilege\n\t\t\tSeBackupPrivilege\n\t\t\tSeRestorePrivilege\n\t\t\tSeDebugPrivilege\n\t\t\tSeAuditPrivilege\n\t\t\tSeSystemEnvironmentPrivilege\n\t\t\tSeImpersonatePrivilege","@version":"1","beat":{"version":"6.4.0","name":"flare-PC","hostname":"flare-PC"},"tags":["beats_input_codec_plain_applied"],"type":"wineventlog","event_id":4672,"record_number":"16727","host":{"name":"flare-PC"},"task":"Spezielle Anmeldung","opcode":"Info"}
{"index":{"_index":"winlogbeat-6.4.0-2018.09.19","_type":"doc","_id":"TV_h8WUBfVn9xHWiSDpV"}}
{"thread_id":576,"event_data":{"ReturnCode":"0x0","AlgorithmName":"RSA","SubjectDomainName":"NT-AUTORITÄT","KeyName":"cd03f6fd-6b9a-4d1a-9995-0a58b00edbc9","SubjectLogonId":"0x3e5","SubjectUserName":"LOKALER DIENST","Operation":"%%2480","ProviderName":"Microsoft Software Key Storage Provider","SubjectUserSid":"S-1-5-19","KeyType":"%%2499"},"@timestamp":"2018-09-19T12:49:52.222Z","log_name":"Security","keywords":["Überwachung erfolgreich"],"level":"Informationen","computer_name":"flare-PC","source_name":"Microsoft-Windows-Security-Auditing","process_id":512,"@version":"1","message":"Kryptografievorgang.\n\nAntragsteller:\n\tSicherheits-ID:\tS-1-5-19\n\tKontoname:\tLOKALER DIENST\n\tKontodomäne:\tNT-AUTORITÄT\n\tAnmelde-ID:\t0x3e5\n\nKryptografische Parameter:\n\tAnbietername:\tMicrosoft Software Key Storage Provider\n\tAlgorithmusname:\tRSA\n\tSchlüsselname:\tcd03f6fd-6b9a-4d1a-9995-0a58b00edbc9\n\tSchlüsseltyp:\tComputerschlüssel.\n\nKryptografischer Vorgang:\n\tVorgang:\tSchlüssel öffnen.\n\tRückgabecode:\t0x0","provider_guid":"{54849625-5478-4994-A5BA-3E3B0328C30D}","beat":{"version":"6.4.0","name":"flare-PC","hostname":"flare-PC"},"tags":["beats_input_codec_plain_applied"],"task":"Systemintegrität","record_number":"16729","event_id":5061,"host":{"name":"flare-PC"},"type":"wineventlog","opcode":"Info"}
{"index":{"_index":"winlogbeat-6.4.0-2018.09.19","_type":"doc","_id":"UF_h8WUBfVn9xHWieDrp"}}
{"thread_id":560,"event_data":{"ReturnCode":"0x0","AlgorithmName":"RSA","KeyName":"{EB6AC35D-DE5F-40AA-B924-5A164D069CF0}","SubjectDomainName":"WORKGROUP","SubjectLogonId":"0x3e7","SubjectUserName":"FLARE-PC$","Operation":"%%2480","KeyType":"%%2499","ProviderName":"Microsoft Software Key Storage Provider","SubjectUserSid":"S-1-5-18"},"@timestamp":"2018-09-19T12:50:03.138Z","log_name":"Security","keywords":["Überwachung erfolgreich"],"level":"Informationen","computer_name":"flare-PC","source_name":"Microsoft-Windows-Security-Auditing","process_id":512,"message":"Kryptografievorgang.\n\nAntragsteller:\n\tSicherheits-ID:\tS-1-5-18\n\tKontoname:\tFLARE-PC$\n\tKontodomäne:\tWORKGROUP\n\tAnmelde-ID:\t0x3e7\n\nKryptografische Parameter:\n\tAnbietername:\tMicrosoft Software Key Storage Provider\n\tAlgorithmusname:\tRSA\n\tSchlüsselname:\t{EB6AC35D-DE5F-40AA-B924-5A164D069CF0}\n\tSchlüsseltyp:\tComputerschlüssel.\n\nKryptografischer Vorgang:\n\tVorgang:\tSchlüssel öffnen.\n\tRückgabecode:\t0x0","@version":"1","provider_guid":"{54849625-5478-4994-A5BA-3E3B0328C30D}","beat":{"version":"6.4.0","name":"flare-PC","hostname":"flare-PC"},"tags":["beats_input_codec_plain_applied"],"type":"wineventlog","event_id":5061,"record_number":"16732","task":"Systemintegrität","host":{"name":"flare-PC"},"opcode":"Info"}
{"index":{"_index":"winlogbeat-6.4.0-2018.09.19","_type":"doc","_id":"Sl_h8WUBfVn9xHWiGjq4"}}
{"thread_id":648,"event_data":{"param2":"Ausgeführt","param1":"Peernetzwerk-Gruppenzuordnung","Binary":"7000320070007300760063002F0034000000"},"@timestamp":"2018-09-19T12:49:41.453Z","log_name":"System","keywords":["Klassisch"],"level":"Informationen","computer_name":"flare-PC","source_name":"Service Control Manager","process_id":488,"message":"Dienst \"Peernetzwerk-Gruppenzuordnung\" befindet sich jetzt im Status \"Ausgeführt\".","@version":"1","provider_guid":"{555908d1-a6d7-4695-8e1e-26931d2012f4}","beat":{"version":"6.4.0","name":"flare-PC","hostname":"flare-PC"},"tags":["beats_input_codec_plain_applied"],"type":"wineventlog","event_id":7036,"record_number":"11711","host":{"name":"flare-PC"}}
{"index":{"_index":"winlogbeat-6.4.0-2018.09.19","_type":"doc","_id":"R1_h8WUBfVn9xHWiGjq4"}}
{"thread_id":604,"event_data":{"param2":"Ausgeführt","Binary":"70003200700069006D007300760063002F0034000000","param1":"Peernetzwerkidentitäts-Manager"},"@timestamp":"2018-09-19T12:49:41.218Z","log_name":"System","keywords":["Klassisch"],"level":"Informationen","computer_name":"flare-PC","source_name":"Service Control Manager","process_id":488,"provider_guid":"{555908d1-a6d7-4695-8e1e-26931d2012f4}","message":"Dienst \"Peernetzwerkidentitäts-Manager\" befindet sich jetzt im Status \"Ausgeführt\".","@version":"1","beat":{"version":"6.4.0","name":"flare-PC","hostname":"flare-PC"},"tags":["beats_input_codec_plain_applied"],"type":"wineventlog","record_number":"11709","event_id":7036,"host":{"name":"flare-PC"}}
{"index":{"_index":"winlogbeat-6.4.0-2018.09.19","_type":"doc","_id":"A1_g8WUBfVn9xHWi2zoE"}}
{"thread_id":1772,"@timestamp":"2018-09-19T12:49:20.783Z","log_name":"Application","level":"Informationen","computer_name":"flare-PC","source_name":"Microsoft-Windows-WMI","process_id":912,"provider_guid":"{1EDEEE53-0AFE-4609-B846-D8C0B2075B1F}","message":"Der Windows-Verwaltungsinstrumentationsdienst wurde erfolgreich gestartet.","@version":"1","beat":{"version":"6.4.0","name":"flare-PC","hostname":"flare-PC"},"tags":["beats_input_codec_plain_applied"],"type":"wineventlog","event_id":5615,"record_number":"2379","version":2,"user":{"name":"SYSTEM","domain":"NT-AUTORITÄT","type":"User","identifier":"S-1-5-18"},"host":{"name":"flare-PC"},"opcode":"Info"}
{"index":{"_index":"winlogbeat-6.4.0-2018.09.19","_type":"doc","_id":"B1_g8WUBfVn9xHWi2zoE"}}
{"thread_id":1312,"event_data":{"param2":"Ausgeführt","param1":"NLA (Network Location Awareness)","Binary":"4E006C0061005300760063002F0034000000"},"@timestamp":"2018-09-19T12:49:18.531Z","keywords":["Klassisch"],"log_name":"System","level":"Informationen","computer_name":"flare-PC","source_name":"Service Control Manager","process_id":488,"message":"Dienst \"NLA (Network Location Awareness)\" befindet sich jetzt im Status \"Ausgeführt\".","@version":"1","provider_guid":"{555908d1-a6d7-4695-8e1e-26931d2012f4}","beat":{"version":"6.4.0","name":"flare-PC","hostname":"flare-PC"},"tags":["beats_input_codec_plain_applied"],"type":"wineventlog","record_number":"11683","event_id":7036,"host":{"name":"flare-PC"}}
{"index":{"_index":"winlogbeat-6.4.0-2018.09.19","_type":"doc","_id":"CF_g8WUBfVn9xHWi2zoE"}}
{"thread_id":648,"event_data":{"param2":"Ausgeführt","param1":"Diagnostics Tracking Service","Binary":"440069006100670054007200610063006B002F0034000000"},"@timestamp":"2018-09-19T12:49:18.593Z","keywords":["Klassisch"],"log_name":"System","level":"Informationen","computer_name":"flare-PC","source_name":"Service Control Manager","process_id":488,"@version":"1","provider_guid":"{555908d1-a6d7-4695-8e1e-26931d2012f4}","message":"Dienst \"Diagnostics Tracking Service\" befindet sich jetzt im Status \"Ausgeführt\".","beat":{"version":"6.4.0","name":"flare-PC","hostname":"flare-PC"},"tags":["beats_input_codec_plain_applied"],"type":"wineventlog","event_id":7036,"record_number":"11684","host":{"name":"flare-PC"}}
{"index":{"_index":"winlogbeat-6.4.0-2018.09.19","_type":"doc","_id":"Cl_g8WUBfVn9xHWi2zoE"}}
{"thread_id":1312,"event_data":{"param2":"Ausgeführt","Binary":"460044005200650073005000750062002F0034000000","param1":"Funktionssuche-Ressourcenveröffentlichung"},"@timestamp":"2018-09-19T12:49:19.437Z","log_name":"System","keywords":["Klassisch"],"level":"Informationen","computer_name":"flare-PC","source_name":"Service Control Manager","process_id":488,"message":"Dienst \"Funktionssuche-Ressourcenveröffentlichung\" befindet sich jetzt im Status \"Ausgeführt\".","@version":"1","provider_guid":"{555908d1-a6d7-4695-8e1e-26931d2012f4}","beat":{"version":"6.4.0","name":"flare-PC","hostname":"flare-PC"},"tags":["beats_input_codec_plain_applied"],"type":"wineventlog","record_number":"11686","event_id":7036,"host":{"name":"flare-PC"}}
{"index":{"_index":"winlogbeat-6.4.0-2018.09.19","_type":"doc","_id":"DV_g8WUBfVn9xHWi2zoE"}}
{"thread_id":648,"event_data":{"param2":"Ausgeführt","param1":"IP-Hilfsdienst","Binary":"6900700068006C0070007300760063002F0034000000"},"@timestamp":"2018-09-19T12:49:21.821Z","keywords":["Klassisch"],"log_name":"System","level":"Informationen","computer_name":"flare-PC","source_name":"Service Control Manager","process_id":488,"provider_guid":"{555908d1-a6d7-4695-8e1e-26931d2012f4}","message":"Dienst \"IP-Hilfsdienst\" befindet sich jetzt im Status \"Ausgeführt\".","@version":"1","beat":{"version":"6.4.0","name":"flare-PC","hostname":"flare-PC"},"tags":["beats_input_codec_plain_applied"],"type":"wineventlog","record_number":"11689","event_id":7036,"host":{"name":"flare-PC"}}
{"index":{"_index":"winlogbeat-6.4.0-2018.09.19","_type":"doc","_id":"E1_g8WUBfVn9xHWi4DpE"}}
{"thread_id":1824,"event_data":{"LogonId":"0x3e7","User":"NT-AUTORITÄT\\SYSTEM","UtcTime":"2018-09-19 12:49:13.859","Image":"C:\\Windows\\System32\\smss.exe","Description":"Windows-Sitzungs-Manager","Hashes":"MD5=9390EC4421FE3D0FC47CEED81D7D9B05,SHA256=B92283936A3A7394703C0FD548D6989A32597FECD6C6299035C0AB4090F79A8B","Product":"Betriebssystem Microsoft® Windows®","ParentImage":"C:\\Windows\\System32\\smss.exe","FileVersion":"6.1.7600.16385 (win7_rtm.090713-1255)","ParentCommandLine":"\\SystemRoot\\System32\\smss.exe","LogonGuid":"{2D3B23BE-45CA-5BA2-0000-0020E7030000}","CommandLine":"\\SystemRoot\\System32\\smss.exe 00000000 00000048 ","ParentProcessId":"280","ProcessId":"348","CurrentDirectory":"C:\\Windows\\","TerminalSessionId":"0","Company":"Microsoft Corporation","IntegrityLevel":"System","ParentProcessGuid":"{2D3B23BE-45C8-5BA2-0000-0010FA340000}","ProcessGuid":"{2D3B23BE-45C9-5BA2-0000-0010684E0000}"},"@timestamp":"2018-09-19T12:49:27.844Z","log_name":"Microsoft-Windows-Sysmon/Operational","level":"Informationen","computer_name":"flare-PC","source_name":"Microsoft-Windows-Sysmon","process_id":1304,"message":"Process Create:\nRuleName: \nUtcTime: 2018-09-19 12:49:13.859\nProcessGuid: {2D3B23BE-45C9-5BA2-0000-0010684E0000}\nProcessId: 348\nImage: C:\\Windows\\System32\\smss.exe\nFileVersion: 6.1.7600.16385 (win7_rtm.090713-1255)\nDescription: Windows-Sitzungs-Manager\nProduct: Betriebssystem Microsoft® Windows®\nCompany: Microsoft Corporation\nCommandLine: \\SystemRoot\\System32\\smss.exe 00000000 00000048 \nCurrentDirectory: C:\\Windows\\\nUser: NT-AUTORITÄT\\SYSTEM\nLogonGuid: {2D3B23BE-45CA-5BA2-0000-0020E7030000}\nLogonId: 0x3e7\nTerminalSessionId: 0\nIntegrityLevel: System\nHashes: MD5=9390EC4421FE3D0FC47CEED81D7D9B05,SHA256=B92283936A3A7394703C0FD548D6989A32597FECD6C6299035C0AB4090F79A8B\nParentProcessGuid: {2D3B23BE-45C8-5BA2-0000-0010FA340000}\nParentProcessId: 280\nParentImage: C:\\Windows\\System32\\smss.exe\nParentCommandLine: \\SystemRoot\\System32\\smss.exe","@version":"1","provider_guid":"{5770385F-C22A-43E0-BF4C-06F5698FFBD9}","beat":{"version":"6.4.0","name":"flare-PC","hostname":"flare-PC"},"tags":["beats_input_codec_plain_applied"],"type":"wineventlog","record_number":"853","task":"Process Create (rule: ProcessCreate)","version":5,"user":{"name":"SYSTEM","identifier":"S-1-5-18","domain":"NT-AUTORITÄT","type":"User"},"event_id":1,"host":{"name":"flare-PC"},"opcode":"Info"}
{"index":{"_index":"winlogbeat-6.4.0-2018.09.19","_type":"doc","_id":"FV_g8WUBfVn9xHWi4DpE"}}
{"thread_id":1824,"event_data":{"ParentProcessGuid":"{2D3B23BE-45CA-5BA2-0000-0010C2530000}","Product":"Betriebssystem Microsoft® Windows®","UtcTime":"2018-09-19 12:49:14.343","Hashes":"MD5=60C2862B4BF0FD9F582EF344C2B1EC72,SHA256=CB1C6018FC5C15483AC5BB96E5C2E2E115BB0C0E1314837D77201BAB37E8C03A","Description":"Client-Server-Laufzeitprozess","Image":"C:\\Windows\\System32\\csrss.exe","User":"NT-AUTORITÄT\\SYSTEM","FileVersion":"6.1.7600.16385 (win7_rtm.090713-1255)","ParentCommandLine":"\\SystemRoot\\System32\\smss.exe 00000001 00000048 ","LogonId":"0x3e7","LogonGuid":"{2D3B23BE-45CA-5BA2-0000-0020E7030000}","CommandLine":"%%SystemRoot%%\\system32\\csrss.exe ObjectDirectory=\\Windows SharedSection=1024,20480,768 Windows=On SubSystemType=Windows ServerDll=basesrv,1 ServerDll=winsrv:UserServerDllInitialization,3 ServerDll=winsrv:ConServerDllInitialization,2 ServerDll=sxssrv,4 ProfileControl=Off MaxRequestThreads=16","CurrentDirectory":"C:\\Windows\\system32","ProcessId":"416","ParentProcessId":"396","IntegrityLevel":"System","TerminalSessionId":"1","Company":"Microsoft Corporation","ParentImage":"C:\\Windows\\System32\\smss.exe","ProcessGuid":"{2D3B23BE-45CA-5BA2-0000-001071540000}"},"@timestamp":"2018-09-19T12:49:27.953Z","log_name":"Microsoft-Windows-Sysmon/Operational","level":"Informationen","computer_name":"flare-PC","source_name":"Microsoft-Windows-Sysmon","process_id":1304,"message":"Process Create:\nRuleName: \nUtcTime: 2018-09-19 12:49:14.343\nProcessGuid: {2D3B23BE-45CA-5BA2-0000-001071540000}\nProcessId: 416\nImage: C:\\Windows\\System32\\csrss.exe\nFileVersion: 6.1.7600.16385 (win7_rtm.090713-1255)\nDescription: Client-Server-Laufzeitprozess\nProduct: Betriebssystem Microsoft® Windows®\nCompany: Microsoft Corporation\nCommandLine: %%SystemRoot%%\\system32\\csrss.exe ObjectDirectory=\\Windows SharedSection=1024,20480,768 Windows=On SubSystemType=Windows ServerDll=basesrv,1 ServerDll=winsrv:UserServerDllInitialization,3 ServerDll=winsrv:ConServerDllInitialization,2 ServerDll=sxssrv,4 ProfileControl=Off MaxRequestThreads=16\nCurrentDirectory: C:\\Windows\\system32\nUser: NT-AUTORITÄT\\SYSTEM\nLogonGuid: {2D3B23BE-45CA-5BA2-0000-0020E7030000}\nLogonId: 0x3e7\nTerminalSessionId: 1\nIntegrityLevel: System\nHashes: MD5=60C2862B4BF0FD9F582EF344C2B1EC72,SHA256=CB1C6018FC5C15483AC5BB96E5C2E2E115BB0C0E1314837D77201BAB37E8C03A\nParentProcessGuid: {2D3B23BE-45CA-5BA2-0000-0010C2530000}\nParentProcessId: 396\nParentImage: C:\\Windows\\System32\\smss.exe\nParentCommandLine: \\SystemRoot\\System32\\smss.exe 00000001 00000048 ","@version":"1","provider_guid":"{5770385F-C22A-43E0-BF4C-06F5698FFBD9}","beat":{"version":"6.4.0","name":"flare-PC","hostname":"flare-PC"},"tags":["beats_input_codec_plain_applied"],"type":"wineventlog","event_id":1,"record_number":"857","host":{"name":"flare-PC"},"user":{"name":"SYSTEM","identifier":"S-1-5-18","type":"User","domain":"NT-AUTORITÄT"},"task":"Process Create (rule: ProcessCreate)","version":5,"opcode":"Info"}
{"index":{"_index":"winlogbeat-6.4.0-2018.09.19","_type":"doc","_id":"H1_g8WUBfVn9xHWi5DpD"}}
{"thread_id":1824,"event_data":{"ParentProcessGuid":"{2D3B23BE-45CA-5BA2-0000-0010D5530000}","Product":"Microsoft® Windows® Operating System","UtcTime":"2018-09-19 12:49:14.468","Hashes":"MD5=72D30CE8351FD3B8E87DDF92365ED7FC,SHA256=344245640AFD4B775055EF3C84CA2D114B0C1DBC88BB28CC82728A5CDC492DDD","Description":"Local Security Authority Process","Image":"C:\\Windows\\System32\\lsass.exe","User":"NT-AUTORITÄT\\SYSTEM","ParentImage":"C:\\Windows\\System32\\wininit.exe","FileVersion":"6.1.7601.24231 (win7sp1_ldr.180810-0600)","LogonId":"0x3e7","TerminalSessionId":"0","CommandLine":"C:\\Windows\\system32\\lsass.exe","ParentProcessId":"404","ProcessId":"512","Company":"Microsoft Corporation","IntegrityLevel":"System","CurrentDirectory":"C:\\Windows\\system32\\","LogonGuid":"{2D3B23BE-45CA-5BA2-0000-0020E7030000}","ParentCommandLine":"wininit.exe","ProcessGuid":"{2D3B23BE-45CA-5BA2-0000-0010035F0000}"},"@timestamp":"2018-09-19T12:49:28.015Z","log_name":"Microsoft-Windows-Sysmon/Operational","level":"Informationen","computer_name":"flare-PC","source_name":"Microsoft-Windows-Sysmon","process_id":1304,"message":"Process Create:\nRuleName: \nUtcTime: 2018-09-19 12:49:14.468\nProcessGuid: {2D3B23BE-45CA-5BA2-0000-0010035F0000}\nProcessId: 512\nImage: C:\\Windows\\System32\\lsass.exe\nFileVersion: 6.1.7601.24231 (win7sp1_ldr.180810-0600)\nDescription: Local Security Authority Process\nProduct: Microsoft® Windows® Operating System\nCompany: Microsoft Corporation\nCommandLine: C:\\Windows\\system32\\lsass.exe\nCurrentDirectory: C:\\Windows\\system32\\\nUser: NT-AUTORITÄT\\SYSTEM\nLogonGuid: {2D3B23BE-45CA-5BA2-0000-0020E7030000}\nLogonId: 0x3e7\nTerminalSessionId: 0\nIntegrityLevel: System\nHashes: MD5=72D30CE8351FD3B8E87DDF92365ED7FC,SHA256=344245640AFD4B775055EF3C84CA2D114B0C1DBC88BB28CC82728A5CDC492DDD\nParentProcessGuid: {2D3B23BE-45CA-5BA2-0000-0010D5530000}\nParentProcessId: 404\nParentImage: C:\\Windows\\System32\\wininit.exe\nParentCommandLine: wininit.exe","@version":"1","provider_guid":"{5770385F-C22A-43E0-BF4C-06F5698FFBD9}","beat":{"version":"6.4.0","name":"flare-PC","hostname":"flare-PC"},"tags":["beats_input_codec_plain_applied"],"type":"wineventlog","task":"Process Create (rule: ProcessCreate)","event_id":1,"version":5,"user":{"domain":"NT-AUTORITÄT","identifier":"S-1-5-18","type":"User","name":"SYSTEM"},"host":{"name":"flare-PC"},"record_number":"860","opcode":"Info"}
{"index":{"_index":"winlogbeat-6.4.0-2018.09.19","_type":"doc","_id":"IF_g8WUBfVn9xHWi5DpD"}}
{"thread_id":1824,"event_data":{"ParentProcessGuid":"{2D3B23BE-45CA-5BA2-0000-00104A5C0000}","User":"NT-AUTORITÄT\\SYSTEM","UtcTime":"2018-09-19 12:49:15.328","Hashes":"MD5=C78655BC80301D76ED4FEF1C1EA40A7D,SHA256=93B2ED4004ED5F7F3039DD7ECBD22C7E4E24B6373B4D9EF8D6E45A179B13A5E8","Image":"C:\\Windows\\System32\\svchost.exe","Product":"Betriebssystem Microsoft® Windows®","LogonId":"0x3e7","ParentImage":"C:\\Windows\\System32\\services.exe","ParentCommandLine":"C:\\Windows\\system32\\services.exe","FileVersion":"6.1.7600.16385 (win7_rtm.090713-1255)","LogonGuid":"{2D3B23BE-45CA-5BA2-0000-0020E7030000}","CommandLine":"C:\\Windows\\system32\\svchost.exe -k DcomLaunch","CurrentDirectory":"C:\\Windows\\system32\\","ProcessId":"620","ParentProcessId":"488","IntegrityLevel":"System","TerminalSessionId":"0","Description":"Hostprozess für Windows-Dienste","Company":"Microsoft Corporation","ProcessGuid":"{2D3B23BE-45CB-5BA2-0000-001032770000}"},"@timestamp":"2018-09-19T12:49:28.125Z","log_name":"Microsoft-Windows-Sysmon/Operational","level":"Informationen","computer_name":"flare-PC","source_name":"Microsoft-Windows-Sysmon","process_id":1304,"message":"Process Create:\nRuleName: \nUtcTime: 2018-09-19 12:49:15.328\nProcessGuid: {2D3B23BE-45CB-5BA2-0000-001032770000}\nProcessId: 620\nImage: C:\\Windows\\System32\\svchost.exe\nFileVersion: 6.1.7600.16385 (win7_rtm.090713-1255)\nDescription: Hostprozess für Windows-Dienste\nProduct: Betriebssystem Microsoft® Windows®\nCompany: Microsoft Corporation\nCommandLine: C:\\Windows\\system32\\svchost.exe -k DcomLaunch\nCurrentDirectory: C:\\Windows\\system32\\\nUser: NT-AUTORITÄT\\SYSTEM\nLogonGuid: {2D3B23BE-45CA-5BA2-0000-0020E7030000}\nLogonId: 0x3e7\nTerminalSessionId: 0\nIntegrityLevel: System\nHashes: MD5=C78655BC80301D76ED4FEF1C1EA40A7D,SHA256=93B2ED4004ED5F7F3039DD7ECBD22C7E4E24B6373B4D9EF8D6E45A179B13A5E8\nParentProcessGuid: {2D3B23BE-45CA-5BA2-0000-00104A5C0000}\nParentProcessId: 488\nParentImage: C:\\Windows\\System32\\services.exe\nParentCommandLine: C:\\Windows\\system32\\services.exe","@version":"1","provider_guid":"{5770385F-C22A-43E0-BF4C-06F5698FFBD9}","beat":{"version":"6.4.0","name":"flare-PC","hostname":"flare-PC"},"tags":["beats_input_codec_plain_applied"],"task":"Process Create (rule: ProcessCreate)","event_id":1,"type":"wineventlog","version":5,"user":{"name":"SYSTEM","identifier":"S-1-5-18","type":"User","domain":"NT-AUTORITÄT"},"record_number":"864","host":{"name":"flare-PC"},"opcode":"Info"}
