{"index":{"_index":"winlogbeat-6.4.0-2018.09.19","_type":"doc","_id":"Fl_58WUBfVn9xHWimT2g"}}
{"thread_id":1824,"event_data":{"ParentProcessGuid":"{2D3B23BE-4A1C-5BA2-0000-0010C8100B00}","User":"flare-PC\\flare","Product":"Betriebssystem Microsoft® Windows®","Hashes":"MD5=AD7B9C14083B52BC532FBA5948342B98,SHA256=17F746D82695FA9B35493B41859D39D786D32B23A9D2E00F4011DEC7A02402AE","Description":"Windows-Befehlsprozessor","LogonId":"0xe320","UtcTime":"2018-09-19 13:15:20.407","ParentImage":"C:\\Program Files (x86)\\Python27\\python.exe","FileVersion":"6.1.7601.17514 (win7sp1_rtm.101119-1850)","ParentCommandLine":"\"C:\\Program Files (x86)\\Python27\\python.exe\" \"C:\\Users\\flare\\Downloads\\RTA-master\\run_all.py\" ","TerminalSessionId":"1","CommandLine":"C:\\Windows\\system32\\cmd.exe /c \"\"C:\\Program Files (x86)\\Python27\\python.exe\" C:\\Users\\flare\\Downloads\\RTA-master\\red_ttp\\unusual_parent.py\"","Company":"Microsoft Corporation","ProcessId":"2484","LogonGuid":"{2D3B23BE-45CC-5BA2-0000-002020E30000}","IntegrityLevel":"Medium","CurrentDirectory":"C:\\Users\\flare\\Downloads\\RTA-master\\","ParentProcessId":"3756","Image":"C:\\Windows\\SysWOW64\\cmd.exe","ProcessGuid":"{2D3B23BE-4BE8-5BA2-0000-00100F521E00}"},"@timestamp":"2018-09-19T13:15:20.407Z","log_name":"Microsoft-Windows-Sysmon/Operational","level":"Informationen","computer_name":"flare-PC","source_name":"Microsoft-Windows-Sysmon","process_id":1304,"message":"Process Create:\nRuleName: \nUtcTime: 2018-09-19 13:15:20.407\nProcessGuid: {2D3B23BE-4BE8-5BA2-0000-00100F521E00}\nProcessId: 2484\nImage: C:\\Windows\\SysWOW64\\cmd.exe\nFileVersion: 6.1.7601.17514 (win7sp1_rtm.101119-1850)\nDescription: Windows-Befehlsprozessor\nProduct: Betriebssystem Microsoft® Windows®\nCompany: Microsoft Corporation\nCommandLine: C:\\Windows\\system32\\cmd.exe /c \"\"C:\\Program Files (x86)\\Python27\\python.exe\" C:\\Users\\flare\\Downloads\\RTA-master\\red_ttp\\unusual_parent.py\"\nCurrentDirectory: C:\\Users\\flare\\Downloads\\RTA-master\\\nUser: flare-PC\\flare\nLogonGuid: {2D3B23BE-45CC-5BA2-0000-002020E30000}\nLogonId: 0xe320\nTerminalSessionId: 1\nIntegrityLevel: Medium\nHashes: MD5=AD7B9C14083B52BC532FBA5948342B98,SHA256=17F746D82695FA9B35493B41859D39D786D32B23A9D2E00F4011DEC7A02402AE\nParentProcessGuid: {2D3B23BE-4A1C-5BA2-0000-0010C8100B00}\nParentProcessId: 3756\nParentImage: C:\\Program Files (x86)\\Python27\\python.exe\nParentCommandLine: \"C:\\Program Files (x86)\\Python27\\python.exe\" \"C:\\Users\\flare\\Downloads\\RTA-master\\run_all.py\" ","@version":"1","provider_guid":"{5770385F-C22A-43E0-BF4C-06F5698FFBD9}","beat":{"version":"6.4.0","name":"flare-PC","hostname":"flare-PC"},"tags":["beats_input_codec_plain_applied"],"task":"Process Create (rule: ProcessCreate)","record_number":"1518","event_id":1,"host":{"name":"flare-PC"},"user":{"name":"SYSTEM","domain":"NT-AUTORITÄT","type":"User","identifier":"S-1-5-18"},"version":5,"type":"wineventlog","opcode":"Info"}
{"index":{"_index":"winlogbeat-6.4.0-2018.09.19","_type":"doc","_id":"3l_58WUBfVn9xHWieTzN"}}
{"thread_id":1824,"event_data":{"LogonId":"0xe320","ParentProcessGuid":"{2D3B23BE-4A1C-5BA2-0000-0010C8100B00}","User":"flare-PC\\flare","Hashes":"MD5=AD7B9C14083B52BC532FBA5948342B98,SHA256=17F746D82695FA9B35493B41859D39D786D32B23A9D2E00F4011DEC7A02402AE","Description":"Windows-Befehlsprozessor","UtcTime":"2018-09-19 13:15:11.060","Image":"C:\\Windows\\SysWOW64\\cmd.exe","ParentImage":"C:\\Program Files (x86)\\Python27\\python.exe","ParentCommandLine":"\"C:\\Program Files (x86)\\Python27\\python.exe\" \"C:\\Users\\flare\\Downloads\\RTA-master\\run_all.py\" ","FileVersion":"6.1.7601.17514 (win7sp1_rtm.101119-1850)","TerminalSessionId":"1","CommandLine":"C:\\Windows\\system32\\cmd.exe /c \"\"C:\\Program Files (x86)\\Python27\\python.exe\" C:\\Users\\flare\\Downloads\\RTA-master\\red_ttp\\smb_connection.py\"","ParentProcessId":"3756","CurrentDirectory":"C:\\Users\\flare\\Downloads\\RTA-master\\","ProcessId":"3988","IntegrityLevel":"Medium","Company":"Microsoft Corporation","LogonGuid":"{2D3B23BE-45CC-5BA2-0000-002020E30000}","Product":"Betriebssystem Microsoft® Windows®","ProcessGuid":"{2D3B23BE-4BDF-5BA2-0000-00104ACE1C00}"},"@timestamp":"2018-09-19T13:15:11.060Z","log_name":"Microsoft-Windows-Sysmon/Operational","level":"Informationen","computer_name":"flare-PC","source_name":"Microsoft-Windows-Sysmon","process_id":1304,"message":"Process Create:\nRuleName: \nUtcTime: 2018-09-19 13:15:11.060\nProcessGuid: {2D3B23BE-4BDF-5BA2-0000-00104ACE1C00}\nProcessId: 3988\nImage: C:\\Windows\\SysWOW64\\cmd.exe\nFileVersion: 6.1.7601.17514 (win7sp1_rtm.101119-1850)\nDescription: Windows-Befehlsprozessor\nProduct: Betriebssystem Microsoft® Windows®\nCompany: Microsoft Corporation\nCommandLine: C:\\Windows\\system32\\cmd.exe /c \"\"C:\\Program Files (x86)\\Python27\\python.exe\" C:\\Users\\flare\\Downloads\\RTA-master\\red_ttp\\smb_connection.py\"\nCurrentDirectory: C:\\Users\\flare\\Downloads\\RTA-master\\\nUser: flare-PC\\flare\nLogonGuid: {2D3B23BE-45CC-5BA2-0000-002020E30000}\nLogonId: 0xe320\nTerminalSessionId: 1\nIntegrityLevel: Medium\nHashes: MD5=AD7B9C14083B52BC532FBA5948342B98,SHA256=17F746D82695FA9B35493B41859D39D786D32B23A9D2E00F4011DEC7A02402AE\nParentProcessGuid: {2D3B23BE-4A1C-5BA2-0000-0010C8100B00}\nParentProcessId: 3756\nParentImage: C:\\Program Files (x86)\\Python27\\python.exe\nParentCommandLine: \"C:\\Program Files (x86)\\Python27\\python.exe\" \"C:\\Users\\flare\\Downloads\\RTA-master\\run_all.py\" ","@version":"1","provider_guid":"{5770385F-C22A-43E0-BF4C-06F5698FFBD9}","beat":{"version":"6.4.0","name":"flare-PC","hostname":"flare-PC"},"tags":["beats_input_codec_plain_applied"],"task":"Process Create (rule: ProcessCreate)","type":"wineventlog","event_id":1,"host":{"name":"flare-PC"},"version":5,"user":{"domain":"NT-AUTORITÄT","identifier":"S-1-5-18","type":"User","name":"SYSTEM"},"record_number":"1461","opcode":"Info"}
{"index":{"_index":"winlogbeat-6.4.0-2018.09.19","_type":"doc","_id":"6F_58WUBfVn9xHWieTzN"}}
{"event_data":{"param1":"C:\\Users\\flare\\Downloads\\RTA-master\\blah","param5":"(NULL)","param3":"(NULL)","param4":"(NULL)","param6":"(NULL)","param2":"696"},"@timestamp":"2018-09-19T13:15:14.000Z","log_name":"Application","keywords":["Klassisch"],"level":"Informationen","computer_name":"flare-PC","source_name":"MsiInstaller","message":"Eine Windows Installer-Transaktion wird gestartet: C:\\Users\\flare\\Downloads\\RTA-master\\blah. Clientprozess-ID: 696.","@version":"1","beat":{"version":"6.4.0","name":"flare-PC","hostname":"flare-PC"},"tags":["beats_input_codec_plain_applied"],"type":"wineventlog","event_id":1040,"record_number":"2412","host":{"name":"flare-PC"},"user":{"domain":"flare-PC","identifier":"S-1-5-21-4019173901-3792766986-1456451320-1001","type":"User","name":"flare"},"opcode":"Info"}
{"index":{"_index":"winlogbeat-6.4.0-2018.09.19","_type":"doc","_id":"01_58WUBfVn9xHWicTwe"}}
{"thread_id":1824,"event_data":{"ParentProcessGuid":"{2D3B23BE-4BDE-5BA2-0000-0010FB761C00}","User":"flare-PC\\flare","UtcTime":"2018-09-19 13:15:10.196","Image":"C:\\Program Files (x86)\\Python27\\python.exe","Hashes":"MD5=6E8B813C218546F9DF6F17F4B97B06EE,SHA256=C7817E6DA74A7AE196EB2D35CE21319ABE3A62CD23AB4DB39FA5138DF7CA1D44","Description":"?","Product":"?","FileVersion":"?","ParentImage":"C:\\Windows\\SysWOW64\\cmd.exe","ParentCommandLine":"C:\\Windows\\system32\\cmd.exe /c \"\"C:\\Program Files (x86)\\Python27\\python.exe\" C:\\Users\\flare\\Downloads\\RTA-master\\red_ttp\\scrobj_com_hijack.py\"","Company":"?","CommandLine":"\"C:\\Program Files (x86)\\Python27\\python.exe\"  C:\\Users\\flare\\Downloads\\RTA-master\\red_ttp\\scrobj_com_hijack.py","ParentProcessId":"4016","CurrentDirectory":"C:\\Users\\flare\\Downloads\\RTA-master\\","ProcessId":"3940","IntegrityLevel":"Medium","LogonGuid":"{2D3B23BE-45CC-5BA2-0000-002020E30000}","TerminalSessionId":"1","LogonId":"0xe320","ProcessGuid":"{2D3B23BE-4BDE-5BA2-0000-001034781C00}"},"@timestamp":"2018-09-19T13:15:10.196Z","log_name":"Microsoft-Windows-Sysmon/Operational","level":"Informationen","computer_name":"flare-PC","source_name":"Microsoft-Windows-Sysmon","process_id":1304,"provider_guid":"{5770385F-C22A-43E0-BF4C-06F5698FFBD9}","message":"Process Create:\nRuleName: \nUtcTime: 2018-09-19 13:15:10.196\nProcessGuid: {2D3B23BE-4BDE-5BA2-0000-001034781C00}\nProcessId: 3940\nImage: C:\\Program Files (x86)\\Python27\\python.exe\nFileVersion: ?\nDescription: ?\nProduct: ?\nCompany: ?\nCommandLine: \"C:\\Program Files (x86)\\Python27\\python.exe\"  C:\\Users\\flare\\Downloads\\RTA-master\\red_ttp\\scrobj_com_hijack.py\nCurrentDirectory: C:\\Users\\flare\\Downloads\\RTA-master\\\nUser: flare-PC\\flare\nLogonGuid: {2D3B23BE-45CC-5BA2-0000-002020E30000}\nLogonId: 0xe320\nTerminalSessionId: 1\nIntegrityLevel: Medium\nHashes: MD5=6E8B813C218546F9DF6F17F4B97B06EE,SHA256=C7817E6DA74A7AE196EB2D35CE21319ABE3A62CD23AB4DB39FA5138DF7CA1D44\nParentProcessGuid: {2D3B23BE-4BDE-5BA2-0000-0010FB761C00}\nParentProcessId: 4016\nParentImage: C:\\Windows\\SysWOW64\\cmd.exe\nParentCommandLine: C:\\Windows\\system32\\cmd.exe /c \"\"C:\\Program Files (x86)\\Python27\\python.exe\" C:\\Users\\flare\\Downloads\\RTA-master\\red_ttp\\scrobj_com_hijack.py\"","@version":"1","beat":{"version":"6.4.0","name":"flare-PC","hostname":"flare-PC"},"tags":["beats_input_codec_plain_applied"],"task":"Process Create (rule: ProcessCreate)","record_number":"1457","event_id":1,"type":"wineventlog","version":5,"host":{"name":"flare-PC"},"user":{"name":"SYSTEM","identifier":"S-1-5-18","type":"User","domain":"NT-AUTORITÄT"},"opcode":"Info"}
{"index":{"_index":"winlogbeat-6.4.0-2018.09.19","_type":"doc","_id":"1V_58WUBfVn9xHWicTwe"}}
{"event_data":{"param1":"C:\\Users\\flare\\Downloads\\RTA-master\\blah","param5":"(NULL)","param3":"(NULL)","param4":"(NULL)","param6":"(NULL)","param2":"3524"},"@timestamp":"2018-09-19T13:15:12.000Z","log_name":"Application","keywords":["Klassisch"],"level":"Informationen","computer_name":"flare-PC","source_name":"MsiInstaller","message":"Eine Windows Installer-Transaktion wird gestartet: C:\\Users\\flare\\Downloads\\RTA-master\\blah. Clientprozess-ID: 3524.","@version":"1","beat":{"version":"6.4.0","name":"flare-PC","hostname":"flare-PC"},"tags":["beats_input_codec_plain_applied"],"type":"wineventlog","event_id":1040,"record_number":"2408","host":{"name":"flare-PC"},"user":{"name":"flare","identifier":"S-1-5-21-4019173901-3792766986-1456451320-1001","domain":"flare-PC","type":"User"},"opcode":"Info"}
{"index":{"_index":"winlogbeat-6.4.0-2018.09.19","_type":"doc","_id":"2F_58WUBfVn9xHWicTwe"}}
{"event_data":{"param1":"C:\\Users\\flare\\Downloads\\RTA-master\\blah","param5":"(NULL)","param4":"(NULL)","param3":"(NULL)","param6":"(NULL)","param2":"3524"},"@timestamp":"2018-09-19T13:15:12.000Z","log_name":"Application","keywords":["Klassisch"],"level":"Informationen","computer_name":"flare-PC","source_name":"MsiInstaller","message":"Eine Windows Installer-Transaktion wird beendet: C:\\Users\\flare\\Downloads\\RTA-master\\blah. Clientprozess-ID: 3524.","@version":"1","beat":{"version":"6.4.0","name":"flare-PC","hostname":"flare-PC"},"tags":["beats_input_codec_plain_applied"],"type":"wineventlog","event_id":1042,"record_number":"2409","host":{"name":"flare-PC"},"user":{"name":"SYSTEM","identifier":"S-1-5-18","type":"User","domain":"NT-AUTORITÄT"},"opcode":"Info"}
{"index":{"_index":"winlogbeat-6.4.0-2018.09.19","_type":"doc","_id":"21_58WUBfVn9xHWicTwh"}}
{"thread_id":1824,"event_data":{"LogonId":"0xe320","Product":"?","ParentProcessGuid":"{2D3B23BE-4BDE-5BA2-0000-0010B4A21C00}","Image":"C:\\Program Files (x86)\\Python27\\python.exe","Hashes":"MD5=6E8B813C218546F9DF6F17F4B97B06EE,SHA256=C7817E6DA74A7AE196EB2D35CE21319ABE3A62CD23AB4DB39FA5138DF7CA1D44","Description":"?","UtcTime":"2018-09-19 13:15:10.651","FileVersion":"?","ParentCommandLine":"C:\\Windows\\system32\\cmd.exe /c \"\"C:\\Program Files (x86)\\Python27\\python.exe\" C:\\Users\\flare\\Downloads\\RTA-master\\red_ttp\\sip_provider.py\"","ParentImage":"C:\\Windows\\SysWOW64\\cmd.exe","Company":"?","LogonGuid":"{2D3B23BE-45CC-5BA2-0000-002020E30000}","ParentProcessId":"2872","CommandLine":"\"C:\\Program Files (x86)\\Python27\\python.exe\"  C:\\Users\\flare\\Downloads\\RTA-master\\red_ttp\\sip_provider.py","CurrentDirectory":"C:\\Users\\flare\\Downloads\\RTA-master\\","ProcessId":"3752","TerminalSessionId":"1","User":"flare-PC\\flare","IntegrityLevel":"Medium","ProcessGuid":"{2D3B23BE-4BDE-5BA2-0000-0010EDA31C00}"},"@timestamp":"2018-09-19T13:15:10.651Z","log_name":"Microsoft-Windows-Sysmon/Operational","level":"Informationen","computer_name":"flare-PC","source_name":"Microsoft-Windows-Sysmon","process_id":1304,"message":"Process Create:\nRuleName: \nUtcTime: 2018-09-19 13:15:10.651\nProcessGuid: {2D3B23BE-4BDE-5BA2-0000-0010EDA31C00}\nProcessId: 3752\nImage: C:\\Program Files (x86)\\Python27\\python.exe\nFileVersion: ?\nDescription: ?\nProduct: ?\nCompany: ?\nCommandLine: \"C:\\Program Files (x86)\\Python27\\python.exe\"  C:\\Users\\flare\\Downloads\\RTA-master\\red_ttp\\sip_provider.py\nCurrentDirectory: C:\\Users\\flare\\Downloads\\RTA-master\\\nUser: flare-PC\\flare\nLogonGuid: {2D3B23BE-45CC-5BA2-0000-002020E30000}\nLogonId: 0xe320\nTerminalSessionId: 1\nIntegrityLevel: Medium\nHashes: MD5=6E8B813C218546F9DF6F17F4B97B06EE,SHA256=C7817E6DA74A7AE196EB2D35CE21319ABE3A62CD23AB4DB39FA5138DF7CA1D44\nParentProcessGuid: {2D3B23BE-4BDE-5BA2-0000-0010B4A21C00}\nParentProcessId: 2872\nParentImage: C:\\Windows\\SysWOW64\\cmd.exe\nParentCommandLine: C:\\Windows\\system32\\cmd.exe /c \"\"C:\\Program Files (x86)\\Python27\\python.exe\" C:\\Users\\flare\\Downloads\\RTA-master\\red_ttp\\sip_provider.py\"","@version":"1","provider_guid":"{5770385F-C22A-43E0-BF4C-06F5698FFBD9}","beat":{"version":"6.4.0","name":"flare-PC","hostname":"flare-PC"},"tags":["beats_input_codec_plain_applied"],"task":"Process Create (rule: ProcessCreate)","event_id":1,"type":"wineventlog","version":5,"user":{"name":"SYSTEM","identifier":"S-1-5-18","domain":"NT-AUTORITÄT","type":"User"},"record_number":"1460","host":{"name":"flare-PC"},"opcode":"Info"}
{"index":{"_index":"winlogbeat-6.4.0-2018.09.19","_type":"doc","_id":"yl_58WUBfVn9xHWiRzxM"}}
{"thread_id":1824,"event_data":{"ParentProcessGuid":"{2D3B23BE-4B6D-5BA2-0000-00109BC41800}","User":"flare-PC\\flare","UtcTime":"2018-09-19 13:15:00.775","Image":"C:\\Windows\\SysWOW64\\taskkill.exe","Description":"Beendet Prozesse","LogonId":"0xe320","Product":"Betriebssystem Microsoft® Windows®","FileVersion":"6.1.7600.16385 (win7_rtm.090713-1255)","ParentCommandLine":"\"C:\\Program Files (x86)\\Python27\\python.exe\"  C:\\Users\\flare\\Downloads\\RTA-master\\red_ttp\\rundll32_inf_callback.py","ParentImage":"C:\\Program Files (x86)\\Python27\\python.exe","TerminalSessionId":"1","CommandLine":"taskkill /f /im notepad.exe","Company":"Microsoft Corporation","ProcessId":"3340","ParentProcessId":"2940","IntegrityLevel":"Medium","Hashes":"MD5=94BDCAFBD584C979B385ADEE14B08AB4,SHA256=CB1822A981E9821D571AF16B7E37BEBA5FEB8E3DEDCDD0461119AF9AAC0358B3","CurrentDirectory":"C:\\Users\\flare\\Downloads\\RTA-master\\red_ttp\\","LogonGuid":"{2D3B23BE-45CC-5BA2-0000-002020E30000}","ProcessGuid":"{2D3B23BE-4BD4-5BA2-0000-001025FB1B00}"},"@timestamp":"2018-09-19T13:15:00.775Z","log_name":"Microsoft-Windows-Sysmon/Operational","level":"Informationen","computer_name":"flare-PC","source_name":"Microsoft-Windows-Sysmon","process_id":1304,"message":"Process Create:\nRuleName: \nUtcTime: 2018-09-19 13:15:00.775\nProcessGuid: {2D3B23BE-4BD4-5BA2-0000-001025FB1B00}\nProcessId: 3340\nImage: C:\\Windows\\SysWOW64\\taskkill.exe\nFileVersion: 6.1.7600.16385 (win7_rtm.090713-1255)\nDescription: Beendet Prozesse\nProduct: Betriebssystem Microsoft® Windows®\nCompany: Microsoft Corporation\nCommandLine: taskkill /f /im notepad.exe\nCurrentDirectory: C:\\Users\\flare\\Downloads\\RTA-master\\red_ttp\\\nUser: flare-PC\\flare\nLogonGuid: {2D3B23BE-45CC-5BA2-0000-002020E30000}\nLogonId: 0xe320\nTerminalSessionId: 1\nIntegrityLevel: Medium\nHashes: MD5=94BDCAFBD584C979B385ADEE14B08AB4,SHA256=CB1822A981E9821D571AF16B7E37BEBA5FEB8E3DEDCDD0461119AF9AAC0358B3\nParentProcessGuid: {2D3B23BE-4B6D-5BA2-0000-00109BC41800}\nParentProcessId: 2940\nParentImage: C:\\Program Files (x86)\\Python27\\python.exe\nParentCommandLine: \"C:\\Program Files (x86)\\Python27\\python.exe\"  C:\\Users\\flare\\Downloads\\RTA-master\\red_ttp\\rundll32_inf_callback.py","@version":"1","provider_guid":"{5770385F-C22A-43E0-BF4C-06F5698FFBD9}","beat":{"version":"6.4.0","name":"flare-PC","hostname":"flare-PC"},"tags":["beats_input_codec_plain_applied"],"task":"Process Create (rule: ProcessCreate)","record_number":"1446","type":"wineventlog","version":5,"user":{"domain":"NT-AUTORITÄT","identifier":"S-1-5-18","type":"User","name":"SYSTEM"},"event_id":1,"host":{"name":"flare-PC"},"opcode":"Info"}
{"index":{"_index":"winlogbeat-6.4.0-2018.09.19","_type":"doc","_id":"zV_58WUBfVn9xHWiTzw3"}}
{"thread_id":1824,"event_data":{"LogonId":"0xe320","Product":"?","UtcTime":"2018-09-19 13:15:01.122","Image":"C:\\Program Files (x86)\\Python27\\python.exe","Description":"?","User":"flare-PC\\flare","ParentProcessGuid":"{2D3B23BE-4BD5-5BA2-0000-0010B1011C00}","ParentImage":"C:\\Windows\\SysWOW64\\cmd.exe","ParentCommandLine":"C:\\Windows\\system32\\cmd.exe /c \"\"C:\\Program Files (x86)\\Python27\\python.exe\" C:\\Users\\flare\\Downloads\\RTA-master\\red_ttp\\rundll32_ordinal.py\"","Hashes":"MD5=6E8B813C218546F9DF6F17F4B97B06EE,SHA256=C7817E6DA74A7AE196EB2D35CE21319ABE3A62CD23AB4DB39FA5138DF7CA1D44","LogonGuid":"{2D3B23BE-45CC-5BA2-0000-002020E30000}","TerminalSessionId":"1","Company":"?","CurrentDirectory":"C:\\Users\\flare\\Downloads\\RTA-master\\","ProcessId":"3836","IntegrityLevel":"Medium","ParentProcessId":"296","CommandLine":"\"C:\\Program Files (x86)\\Python27\\python.exe\"  C:\\Users\\flare\\Downloads\\RTA-master\\red_ttp\\rundll32_ordinal.py","FileVersion":"?","ProcessGuid":"{2D3B23BE-4BD5-5BA2-0000-00100C031C00}"},"@timestamp":"2018-09-19T13:15:01.122Z","log_name":"Microsoft-Windows-Sysmon/Operational","level":"Informationen","computer_name":"flare-PC","source_name":"Microsoft-Windows-Sysmon","process_id":1304,"message":"Process Create:\nRuleName: \nUtcTime: 2018-09-19 13:15:01.122\nProcessGuid: {2D3B23BE-4BD5-5BA2-0000-00100C031C00}\nProcessId: 3836\nImage: C:\\Program Files (x86)\\Python27\\python.exe\nFileVersion: ?\nDescription: ?\nProduct: ?\nCompany: ?\nCommandLine: \"C:\\Program Files (x86)\\Python27\\python.exe\"  C:\\Users\\flare\\Downloads\\RTA-master\\red_ttp\\rundll32_ordinal.py\nCurrentDirectory: C:\\Users\\flare\\Downloads\\RTA-master\\\nUser: flare-PC\\flare\nLogonGuid: {2D3B23BE-45CC-5BA2-0000-002020E30000}\nLogonId: 0xe320\nTerminalSessionId: 1\nIntegrityLevel: Medium\nHashes: MD5=6E8B813C218546F9DF6F17F4B97B06EE,SHA256=C7817E6DA74A7AE196EB2D35CE21319ABE3A62CD23AB4DB39FA5138DF7CA1D44\nParentProcessGuid: {2D3B23BE-4BD5-5BA2-0000-0010B1011C00}\nParentProcessId: 296\nParentImage: C:\\Windows\\SysWOW64\\cmd.exe\nParentCommandLine: C:\\Windows\\system32\\cmd.exe /c \"\"C:\\Program Files (x86)\\Python27\\python.exe\" C:\\Users\\flare\\Downloads\\RTA-master\\red_ttp\\rundll32_ordinal.py\"","@version":"1","provider_guid":"{5770385F-C22A-43E0-BF4C-06F5698FFBD9}","beat":{"version":"6.4.0","name":"flare-PC","hostname":"flare-PC"},"tags":["beats_input_codec_plain_applied"],"task":"Process Create (rule: ProcessCreate)","event_id":1,"record_number":"1448","host":{"name":"flare-PC"},"version":5,"user":{"name":"SYSTEM","domain":"NT-AUTORITÄT","type":"User","identifier":"S-1-5-18"},"type":"wineventlog","opcode":"Info"}
{"index":{"_index":"winlogbeat-6.4.0-2018.09.19","_type":"doc","_id":"FV_58WUBfVn9xHWimT2g"}}
{"thread_id":1824,"event_data":{"CreationUtcTime":"2018-09-19 13:15:19.656","UtcTime":"2018-09-19 13:15:19.656","Image":"C:\\Program Files (x86)\\Python27\\python.exe","TargetFilename":"C:\\Users\\flare\\Downloads\\RTA-master\\red_ttp\\odbcconf.exe","ProcessId":"2792","ProcessGuid":"{2D3B23BE-4BE5-5BA2-0000-00103E111E00}"},"@timestamp":"2018-09-19T13:15:19.656Z","log_name":"Microsoft-Windows-Sysmon/Operational","level":"Informationen","computer_name":"flare-PC","source_name":"Microsoft-Windows-Sysmon","process_id":1304,"message":"File created:\nRuleName: \nUtcTime: 2018-09-19 13:15:19.656\nProcessGuid: {2D3B23BE-4BE5-5BA2-0000-00103E111E00}\nProcessId: 2792\nImage: C:\\Program Files (x86)\\Python27\\python.exe\nTargetFilename: C:\\Users\\flare\\Downloads\\RTA-master\\red_ttp\\odbcconf.exe\nCreationUtcTime: 2018-09-19 13:15:19.656","@version":"1","provider_guid":"{5770385F-C22A-43E0-BF4C-06F5698FFBD9}","beat":{"version":"6.4.0","name":"flare-PC","hostname":"flare-PC"},"tags":["beats_input_codec_plain_applied"],"task":"File created (rule: FileCreate)","type":"wineventlog","event_id":11,"host":{"name":"flare-PC"},"user":{"name":"SYSTEM","identifier":"S-1-5-18","domain":"NT-AUTORITÄT","type":"User"},"version":2,"record_number":"1515","opcode":"Info"}
{"index":{"_index":"winlogbeat-6.4.0-2018.09.19","_type":"doc","_id":"G1_58WUBfVn9xHWimT2i"}}
{"thread_id":1824,"event_data":{"ParentProcessGuid":"{2D3B23BE-4BE5-5BA2-0000-00103E111E00}","User":"flare-PC\\flare","UtcTime":"2018-09-19 13:15:19.671","Image":"C:\\Users\\flare\\Downloads\\RTA-master\\red_ttp\\odbcconf.exe","Hashes":"MD5=6E8B813C218546F9DF6F17F4B97B06EE,SHA256=C7817E6DA74A7AE196EB2D35CE21319ABE3A62CD23AB4DB39FA5138DF7CA1D44","Product":"?","LogonId":"0xe320","FileVersion":"?","ParentImage":"C:\\Program Files (x86)\\Python27\\python.exe","Description":"?","TerminalSessionId":"1","CommandLine":"C:\\Users\\flare\\Downloads\\RTA-master\\red_ttp\\odbcconf.exe -c \"import urllib; urllib.urlopen('http://172.16.100.10:8000')\"","ParentProcessId":"2792","CurrentDirectory":"C:\\Users\\flare\\Downloads\\RTA-master\\red_ttp\\","LogonGuid":"{2D3B23BE-45CC-5BA2-0000-002020E30000}","IntegrityLevel":"Medium","Company":"?","ProcessId":"3800","ParentCommandLine":"\"C:\\Program Files (x86)\\Python27\\python.exe\"  C:\\Users\\flare\\Downloads\\RTA-master\\red_ttp\\unusual_ms_tool_network.py","ProcessGuid":"{2D3B23BE-4BE7-5BA2-0000-0010DB4C1E00}"},"@timestamp":"2018-09-19T13:15:19.671Z","log_name":"Microsoft-Windows-Sysmon/Operational","level":"Informationen","computer_name":"flare-PC","source_name":"Microsoft-Windows-Sysmon","process_id":1304,"message":"Process Create:\nRuleName: \nUtcTime: 2018-09-19 13:15:19.671\nProcessGuid: {2D3B23BE-4BE7-5BA2-0000-0010DB4C1E00}\nProcessId: 3800\nImage: C:\\Users\\flare\\Downloads\\RTA-master\\red_ttp\\odbcconf.exe\nFileVersion: ?\nDescription: ?\nProduct: ?\nCompany: ?\nCommandLine: C:\\Users\\flare\\Downloads\\RTA-master\\red_ttp\\odbcconf.exe -c \"import urllib; urllib.urlopen('http://172.16.100.10:8000')\"\nCurrentDirectory: C:\\Users\\flare\\Downloads\\RTA-master\\red_ttp\\\nUser: flare-PC\\flare\nLogonGuid: {2D3B23BE-45CC-5BA2-0000-002020E30000}\nLogonId: 0xe320\nTerminalSessionId: 1\nIntegrityLevel: Medium\nHashes: MD5=6E8B813C218546F9DF6F17F4B97B06EE,SHA256=C7817E6DA74A7AE196EB2D35CE21319ABE3A62CD23AB4DB39FA5138DF7CA1D44\nParentProcessGuid: {2D3B23BE-4BE5-5BA2-0000-00103E111E00}\nParentProcessId: 2792\nParentImage: C:\\Program Files (x86)\\Python27\\python.exe\nParentCommandLine: \"C:\\Program Files (x86)\\Python27\\python.exe\"  C:\\Users\\flare\\Downloads\\RTA-master\\red_ttp\\unusual_ms_tool_network.py","@version":"1","provider_guid":"{5770385F-C22A-43E0-BF4C-06F5698FFBD9}","beat":{"version":"6.4.0","name":"flare-PC","hostname":"flare-PC"},"tags":["beats_input_codec_plain_applied"],"task":"Process Create (rule: ProcessCreate)","event_id":1,"record_number":"1516","host":{"name":"flare-PC"},"user":{"domain":"NT-AUTORITÄT","identifier":"S-1-5-18","type":"User","name":"SYSTEM"},"type":"wineventlog","version":5,"opcode":"Info"}
{"index":{"_index":"winlogbeat-6.4.0-2018.09.19","_type":"doc","_id":"yF_48WUBfVn9xHWi2jwM"}}
{"thread_id":1824,"event_data":{"ParentProcessGuid":"{2D3B23BE-45CA-5BA2-0000-00104A5C0000}","Product":"Betriebssystem Microsoft® Windows®","UtcTime":"2018-09-19 13:14:32.533","User":"NT-AUTORITÄT\\LOKALER DIENST","Description":"Hostprozess für Windows-Aufgaben","Hashes":"MD5=639774C9ACD063F028F6084ABF5593AD,SHA256=9DFD80610CBBC9188F6C6BC85C87016B0AE42254FC289C2B578E85282BDD9C23","Image":"C:\\Windows\\System32\\taskhost.exe","ParentImage":"C:\\Windows\\System32\\services.exe","ParentCommandLine":"C:\\Windows\\system32\\services.exe","FileVersion":"6.1.7600.16385 (win7_rtm.090713-1255)","Company":"Microsoft Corporation","TerminalSessionId":"0","ParentProcessId":"488","ProcessId":"4004","CurrentDirectory":"C:\\Windows\\system32\\","IntegrityLevel":"System","CommandLine":"taskhost.exe $(Arg0)","LogonId":"0x3e5","LogonGuid":"{2D3B23BE-45CB-5BA2-0000-0020E5030000}","ProcessGuid":"{2D3B23BE-4BB8-5BA2-0000-0010B2581900}"},"@timestamp":"2018-09-19T13:14:32.533Z","log_name":"Microsoft-Windows-Sysmon/Operational","level":"Informationen","computer_name":"flare-PC","source_name":"Microsoft-Windows-Sysmon","process_id":1304,"message":"Process Create:\nRuleName: \nUtcTime: 2018-09-19 13:14:32.533\nProcessGuid: {2D3B23BE-4BB8-5BA2-0000-0010B2581900}\nProcessId: 4004\nImage: C:\\Windows\\System32\\taskhost.exe\nFileVersion: 6.1.7600.16385 (win7_rtm.090713-1255)\nDescription: Hostprozess für Windows-Aufgaben\nProduct: Betriebssystem Microsoft® Windows®\nCompany: Microsoft Corporation\nCommandLine: taskhost.exe $(Arg0)\nCurrentDirectory: C:\\Windows\\system32\\\nUser: NT-AUTORITÄT\\LOKALER DIENST\nLogonGuid: {2D3B23BE-45CB-5BA2-0000-0020E5030000}\nLogonId: 0x3e5\nTerminalSessionId: 0\nIntegrityLevel: System\nHashes: MD5=639774C9ACD063F028F6084ABF5593AD,SHA256=9DFD80610CBBC9188F6C6BC85C87016B0AE42254FC289C2B578E85282BDD9C23\nParentProcessGuid: {2D3B23BE-45CA-5BA2-0000-00104A5C0000}\nParentProcessId: 488\nParentImage: C:\\Windows\\System32\\services.exe\nParentCommandLine: C:\\Windows\\system32\\services.exe","@version":"1","provider_guid":"{5770385F-C22A-43E0-BF4C-06F5698FFBD9}","beat":{"version":"6.4.0","name":"flare-PC","hostname":"flare-PC"},"tags":["beats_input_codec_plain_applied"],"task":"Process Create (rule: ProcessCreate)","type":"wineventlog","record_number":"1445","version":5,"user":{"name":"SYSTEM","domain":"NT-AUTORITÄT","type":"User","identifier":"S-1-5-18"},"host":{"name":"flare-PC"},"event_id":1,"opcode":"Info"}
{"index":{"_index":"winlogbeat-6.4.0-2018.09.19","_type":"doc","_id":"zl_58WUBfVn9xHWiYDxJ"}}
{"thread_id":1824,"event_data":{"CreationUtcTime":"2018-09-19 13:15:05.113","UtcTime":"2018-09-19 13:15:05.113","Image":"C:\\Program Files (x86)\\Python27\\python.exe","TargetFilename":"C:\\Users\\flare\\Downloads\\RTA-master\\dsquery.dat","ProcessId":"3836","ProcessGuid":"{2D3B23BE-4BD5-5BA2-0000-00100C031C00}"},"@timestamp":"2018-09-19T13:15:05.113Z","log_name":"Microsoft-Windows-Sysmon/Operational","level":"Informationen","computer_name":"flare-PC","source_name":"Microsoft-Windows-Sysmon","process_id":1304,"@version":"1","provider_guid":"{5770385F-C22A-43E0-BF4C-06F5698FFBD9}","message":"File created:\nRuleName: \nUtcTime: 2018-09-19 13:15:05.113\nProcessGuid: {2D3B23BE-4BD5-5BA2-0000-00100C031C00}\nProcessId: 3836\nImage: C:\\Program Files (x86)\\Python27\\python.exe\nTargetFilename: C:\\Users\\flare\\Downloads\\RTA-master\\dsquery.dat\nCreationUtcTime: 2018-09-19 13:15:05.113","beat":{"version":"6.4.0","name":"flare-PC","hostname":"flare-PC"},"tags":["beats_input_codec_plain_applied"],"task":"File created (rule: FileCreate)","record_number":"1450","event_id":11,"host":{"name":"flare-PC"},"user":{"name":"SYSTEM","identifier":"S-1-5-18","type":"User","domain":"NT-AUTORITÄT"},"type":"wineventlog","version":2,"opcode":"Info"}
{"index":{"_index":"winlogbeat-6.4.0-2018.09.19","_type":"doc","_id":"yV_48WUBfVn9xHWi_zyi"}}
{"thread_id":3952,"event_data":{"param2":"Ausgeführt","param1":"WinHTTP-Web Proxy Auto-Discovery-Dienst","Binary":"570069006E0048007400740070004100750074006F00500072006F00780079005300760063002F0034000000"},"@timestamp":"2018-09-19T13:14:41.559Z","keywords":["Klassisch"],"log_name":"System","level":"Informationen","computer_name":"flare-PC","source_name":"Service Control Manager","process_id":488,"message":"Dienst \"WinHTTP-Web Proxy Auto-Discovery-Dienst\" befindet sich jetzt im Status \"Ausgeführt\".","@version":"1","provider_guid":"{555908d1-a6d7-4695-8e1e-26931d2012f4}","beat":{"version":"6.4.0","name":"flare-PC","hostname":"flare-PC"},"tags":["beats_input_codec_plain_applied"],"type":"wineventlog","record_number":"11747","event_id":7036,"host":{"name":"flare-PC"}}
{"index":{"_index":"winlogbeat-6.4.0-2018.09.19","_type":"doc","_id":"H1_58WUBfVn9xHWioT17"}}
{"thread_id":1824,"event_data":{"LogonId":"0xe320","User":"flare-PC\\flare","ParentProcessGuid":"{2D3B23BE-4A1C-5BA2-0000-0010C8100B00}","UtcTime":"2018-09-19 13:15:22.354","Image":"C:\\Windows\\SysWOW64\\cmd.exe","Description":"Windows-Befehlsprozessor","Hashes":"MD5=AD7B9C14083B52BC532FBA5948342B98,SHA256=17F746D82695FA9B35493B41859D39D786D32B23A9D2E00F4011DEC7A02402AE","ParentImage":"C:\\Program Files (x86)\\Python27\\python.exe","ParentCommandLine":"\"C:\\Program Files (x86)\\Python27\\python.exe\" \"C:\\Users\\flare\\Downloads\\RTA-master\\run_all.py\" ","FileVersion":"6.1.7601.17514 (win7sp1_rtm.101119-1850)","LogonGuid":"{2D3B23BE-45CC-5BA2-0000-002020E30000}","Company":"Microsoft Corporation","CurrentDirectory":"C:\\Users\\flare\\Downloads\\RTA-master\\","Product":"Betriebssystem Microsoft® Windows®","ParentProcessId":"3756","IntegrityLevel":"Medium","ProcessId":"1852","TerminalSessionId":"1","CommandLine":"C:\\Windows\\system32\\cmd.exe /c \"\"C:\\Program Files (x86)\\Python27\\python.exe\" C:\\Users\\flare\\Downloads\\RTA-master\\red_ttp\\wevtutil_log_clear.py\"","ProcessGuid":"{2D3B23BE-4BEA-5BA2-0000-0010D9D81E00}"},"@timestamp":"2018-09-19T13:15:22.354Z","log_name":"Microsoft-Windows-Sysmon/Operational","level":"Informationen","computer_name":"flare-PC","source_name":"Microsoft-Windows-Sysmon","process_id":1304,"message":"Process Create:\nRuleName: \nUtcTime: 2018-09-19 13:15:22.354\nProcessGuid: {2D3B23BE-4BEA-5BA2-0000-0010D9D81E00}\nProcessId: 1852\nImage: C:\\Windows\\SysWOW64\\cmd.exe\nFileVersion: 6.1.7601.17514 (win7sp1_rtm.101119-1850)\nDescription: Windows-Befehlsprozessor\nProduct: Betriebssystem Microsoft® Windows®\nCompany: Microsoft Corporation\nCommandLine: C:\\Windows\\system32\\cmd.exe /c \"\"C:\\Program Files (x86)\\Python27\\python.exe\" C:\\Users\\flare\\Downloads\\RTA-master\\red_ttp\\wevtutil_log_clear.py\"\nCurrentDirectory: C:\\Users\\flare\\Downloads\\RTA-master\\\nUser: flare-PC\\flare\nLogonGuid: {2D3B23BE-45CC-5BA2-0000-002020E30000}\nLogonId: 0xe320\nTerminalSessionId: 1\nIntegrityLevel: Medium\nHashes: MD5=AD7B9C14083B52BC532FBA5948342B98,SHA256=17F746D82695FA9B35493B41859D39D786D32B23A9D2E00F4011DEC7A02402AE\nParentProcessGuid: {2D3B23BE-4A1C-5BA2-0000-0010C8100B00}\nParentProcessId: 3756\nParentImage: C:\\Program Files (x86)\\Python27\\python.exe\nParentCommandLine: \"C:\\Program Files (x86)\\Python27\\python.exe\" \"C:\\Users\\flare\\Downloads\\RTA-master\\run_all.py\" ","@version":"1","provider_guid":"{5770385F-C22A-43E0-BF4C-06F5698FFBD9}","beat":{"version":"6.4.0","name":"flare-PC","hostname":"flare-PC"},"tags":["beats_input_codec_plain_applied"],"task":"Process Create (rule: ProcessCreate)","record_number":"1527","event_id":1,"version":5,"user":{"name":"SYSTEM","identifier":"S-1-5-18","type":"User","domain":"NT-AUTORITÄT"},"type":"wineventlog","host":{"name":"flare-PC"},"opcode":"Info"}
{"index":{"_index":"winlogbeat-6.4.0-2018.09.19","_type":"doc","_id":"I1_58WUBfVn9xHWioT19"}}
{"thread_id":1824,"event_data":{"LogonId":"0xe320","Product":"Betriebssystem Microsoft® Windows®","UtcTime":"2018-09-19 13:15:21.376","User":"flare-PC\\flare","Description":"Windows-Befehlsprozessor","Hashes":"MD5=AD7B9C14083B52BC532FBA5948342B98,SHA256=17F746D82695FA9B35493B41859D39D786D32B23A9D2E00F4011DEC7A02402AE","ParentProcessGuid":"{2D3B23BE-4A1C-5BA2-0000-0010C8100B00}","ParentImage":"C:\\Program Files (x86)\\Python27\\python.exe","ParentCommandLine":"\"C:\\Program Files (x86)\\Python27\\python.exe\" \"C:\\Users\\flare\\Downloads\\RTA-master\\run_all.py\" ","FileVersion":"6.1.7601.17514 (win7sp1_rtm.101119-1850)","LogonGuid":"{2D3B23BE-45CC-5BA2-0000-002020E30000}","TerminalSessionId":"1","CurrentDirectory":"C:\\Users\\flare\\Downloads\\RTA-master\\","ProcessId":"3144","CommandLine":"C:\\Windows\\system32\\cmd.exe /c \"\"C:\\Program Files (x86)\\Python27\\python.exe\" C:\\Users\\flare\\Downloads\\RTA-master\\red_ttp\\unusual_process_path.py\"","IntegrityLevel":"Medium","Company":"Microsoft Corporation","ParentProcessId":"3756","Image":"C:\\Windows\\SysWOW64\\cmd.exe","ProcessGuid":"{2D3B23BE-4BE9-5BA2-0000-0010197F1E00}"},"@timestamp":"2018-09-19T13:15:21.376Z","log_name":"Microsoft-Windows-Sysmon/Operational","level":"Informationen","computer_name":"flare-PC","source_name":"Microsoft-Windows-Sysmon","process_id":1304,"message":"Process Create:\nRuleName: \nUtcTime: 2018-09-19 13:15:21.376\nProcessGuid: {2D3B23BE-4BE9-5BA2-0000-0010197F1E00}\nProcessId: 3144\nImage: C:\\Windows\\SysWOW64\\cmd.exe\nFileVersion: 6.1.7601.17514 (win7sp1_rtm.101119-1850)\nDescription: Windows-Befehlsprozessor\nProduct: Betriebssystem Microsoft® Windows®\nCompany: Microsoft Corporation\nCommandLine: C:\\Windows\\system32\\cmd.exe /c \"\"C:\\Program Files (x86)\\Python27\\python.exe\" C:\\Users\\flare\\Downloads\\RTA-master\\red_ttp\\unusual_process_path.py\"\nCurrentDirectory: C:\\Users\\flare\\Downloads\\RTA-master\\\nUser: flare-PC\\flare\nLogonGuid: {2D3B23BE-45CC-5BA2-0000-002020E30000}\nLogonId: 0xe320\nTerminalSessionId: 1\nIntegrityLevel: Medium\nHashes: MD5=AD7B9C14083B52BC532FBA5948342B98,SHA256=17F746D82695FA9B35493B41859D39D786D32B23A9D2E00F4011DEC7A02402AE\nParentProcessGuid: {2D3B23BE-4A1C-5BA2-0000-0010C8100B00}\nParentProcessId: 3756\nParentImage: C:\\Program Files (x86)\\Python27\\python.exe\nParentCommandLine: \"C:\\Program Files (x86)\\Python27\\python.exe\" \"C:\\Users\\flare\\Downloads\\RTA-master\\run_all.py\" ","@version":"1","provider_guid":"{5770385F-C22A-43E0-BF4C-06F5698FFBD9}","beat":{"version":"6.4.0","name":"flare-PC","hostname":"flare-PC"},"tags":["beats_input_codec_plain_applied"],"task":"Process Create (rule: ProcessCreate)","record_number":"1521","event_id":1,"version":5,"user":{"name":"SYSTEM","domain":"NT-AUTORITÄT","type":"User","identifier":"S-1-5-18"},"type":"wineventlog","host":{"name":"flare-PC"},"opcode":"Info"}
{"index":{"_index":"winlogbeat-6.4.0-2018.09.19","_type":"doc","_id":"JF_58WUBfVn9xHWioT19"}}
{"thread_id":1824,"event_data":{"LogonId":"0xe320","Product":"Sysinternals PsExec","UtcTime":"2018-09-19 13:15:22.307","Hashes":"MD5=27304B246C7D5B4E149124D5F93C5B01,SHA256=3337E3875B05E0BFBA69AB926532E3F179E8CFBF162EBB60CE58A0281437A7EF","Description":"Execute processes remotely","Image":"C:\\Users\\flare\\Downloads\\RTA-master\\red_ttp\\bin\\PsExec.exe","User":"flare-PC\\flare","ParentImage":"C:\\Program Files (x86)\\Python27\\python.exe","ParentCommandLine":"\"C:\\Program Files (x86)\\Python27\\python.exe\"  C:\\Users\\flare\\Downloads\\RTA-master\\red_ttp\\user_dir_escalation.py","FileVersion":"2.2","LogonGuid":"{2D3B23BE-45CC-5BA2-0000-002020E30000}","CommandLine":"C:\\Users\\flare\\Downloads\\RTA-master\\red_ttp\\bin\\PsExec.exe -w C:\\Users\\flare\\Downloads\\RTA-master -accepteula -s \"C:\\Program Files (x86)\\Python27\\python.exe\" C:\\Users\\flare\\Downloads\\RTA-master\\red_ttp\\user_dir_escalation.py","ParentProcessId":"3752","CurrentDirectory":"C:\\Users\\flare\\Downloads\\RTA-master\\","ProcessId":"2712","IntegrityLevel":"Medium","Company":"Sysinternals - www.sysinternals.com","TerminalSessionId":"1","ParentProcessGuid":"{2D3B23BE-4BE9-5BA2-0000-001098AC1E00}","ProcessGuid":"{2D3B23BE-4BEA-5BA2-0000-0010E7D61E00}"},"@timestamp":"2018-09-19T13:15:22.307Z","log_name":"Microsoft-Windows-Sysmon/Operational","level":"Informationen","computer_name":"flare-PC","source_name":"Microsoft-Windows-Sysmon","process_id":1304,"message":"Process Create:\nRuleName: \nUtcTime: 2018-09-19 13:15:22.307\nProcessGuid: {2D3B23BE-4BEA-5BA2-0000-0010E7D61E00}\nProcessId: 2712\nImage: C:\\Users\\flare\\Downloads\\RTA-master\\red_ttp\\bin\\PsExec.exe\nFileVersion: 2.2\nDescription: Execute processes remotely\nProduct: Sysinternals PsExec\nCompany: Sysinternals - www.sysinternals.com\nCommandLine: C:\\Users\\flare\\Downloads\\RTA-master\\red_ttp\\bin\\PsExec.exe -w C:\\Users\\flare\\Downloads\\RTA-master -accepteula -s \"C:\\Program Files (x86)\\Python27\\python.exe\" C:\\Users\\flare\\Downloads\\RTA-master\\red_ttp\\user_dir_escalation.py\nCurrentDirectory: C:\\Users\\flare\\Downloads\\RTA-master\\\nUser: flare-PC\\flare\nLogonGuid: {2D3B23BE-45CC-5BA2-0000-002020E30000}\nLogonId: 0xe320\nTerminalSessionId: 1\nIntegrityLevel: Medium\nHashes: MD5=27304B246C7D5B4E149124D5F93C5B01,SHA256=3337E3875B05E0BFBA69AB926532E3F179E8CFBF162EBB60CE58A0281437A7EF\nParentProcessGuid: {2D3B23BE-4BE9-5BA2-0000-001098AC1E00}\nParentProcessId: 3752\nParentImage: C:\\Program Files (x86)\\Python27\\python.exe\nParentCommandLine: \"C:\\Program Files (x86)\\Python27\\python.exe\"  C:\\Users\\flare\\Downloads\\RTA-master\\red_ttp\\user_dir_escalation.py","@version":"1","provider_guid":"{5770385F-C22A-43E0-BF4C-06F5698FFBD9}","beat":{"version":"6.4.0","name":"flare-PC","hostname":"flare-PC"},"tags":["beats_input_codec_plain_applied"],"type":"wineventlog","event_id":1,"record_number":"1525","host":{"name":"flare-PC"},"version":5,"task":"Process Create (rule: ProcessCreate)","user":{"name":"SYSTEM","domain":"NT-AUTORITÄT","type":"User","identifier":"S-1-5-18"},"opcode":"Info"}
{"index":{"_index":"winlogbeat-6.4.0-2018.09.19","_type":"doc","_id":"KV_58WUBfVn9xHWirT1k"}}
{"thread_id":1824,"event_data":{"LogonId":"0xe320","Product":"?","ParentProcessGuid":"{2D3B23BE-4BED-5BA2-0000-0010270A1F00}","Hashes":"MD5=6E8B813C218546F9DF6F17F4B97B06EE,SHA256=C7817E6DA74A7AE196EB2D35CE21319ABE3A62CD23AB4DB39FA5138DF7CA1D44","Description":"?","UtcTime":"2018-09-19 13:15:25.915","Image":"C:\\Program Files (x86)\\Python27\\python.exe","FileVersion":"?","ParentCommandLine":"C:\\Windows\\system32\\cmd.exe /c \"\"C:\\Program Files (x86)\\Python27\\python.exe\" C:\\Users\\flare\\Downloads\\RTA-master\\red_ttp\\wmi_tool_execution.py\"","ParentImage":"C:\\Windows\\SysWOW64\\cmd.exe","LogonGuid":"{2D3B23BE-45CC-5BA2-0000-002020E30000}","CommandLine":"\"C:\\Program Files (x86)\\Python27\\python.exe\"  C:\\Users\\flare\\Downloads\\RTA-master\\red_ttp\\wmi_tool_execution.py","CurrentDirectory":"C:\\Users\\flare\\Downloads\\RTA-master\\","ProcessId":"3604","ParentProcessId":"1696","TerminalSessionId":"1","User":"flare-PC\\flare","Company":"?","IntegrityLevel":"Medium","ProcessGuid":"{2D3B23BE-4BED-5BA2-0000-0010600B1F00}"},"@timestamp":"2018-09-19T13:15:25.915Z","log_name":"Microsoft-Windows-Sysmon/Operational","level":"Informationen","computer_name":"flare-PC","source_name":"Microsoft-Windows-Sysmon","process_id":1304,"message":"Process Create:\nRuleName: \nUtcTime: 2018-09-19 13:15:25.915\nProcessGuid: {2D3B23BE-4BED-5BA2-0000-0010600B1F00}\nProcessId: 3604\nImage: C:\\Program Files (x86)\\Python27\\python.exe\nFileVersion: ?\nDescription: ?\nProduct: ?\nCompany: ?\nCommandLine: \"C:\\Program Files (x86)\\Python27\\python.exe\"  C:\\Users\\flare\\Downloads\\RTA-master\\red_ttp\\wmi_tool_execution.py\nCurrentDirectory: C:\\Users\\flare\\Downloads\\RTA-master\\\nUser: flare-PC\\flare\nLogonGuid: {2D3B23BE-45CC-5BA2-0000-002020E30000}\nLogonId: 0xe320\nTerminalSessionId: 1\nIntegrityLevel: Medium\nHashes: MD5=6E8B813C218546F9DF6F17F4B97B06EE,SHA256=C7817E6DA74A7AE196EB2D35CE21319ABE3A62CD23AB4DB39FA5138DF7CA1D44\nParentProcessGuid: {2D3B23BE-4BED-5BA2-0000-0010270A1F00}\nParentProcessId: 1696\nParentImage: C:\\Windows\\SysWOW64\\cmd.exe\nParentCommandLine: C:\\Windows\\system32\\cmd.exe /c \"\"C:\\Program Files (x86)\\Python27\\python.exe\" C:\\Users\\flare\\Downloads\\RTA-master\\red_ttp\\wmi_tool_execution.py\"","@version":"1","provider_guid":"{5770385F-C22A-43E0-BF4C-06F5698FFBD9}","beat":{"version":"6.4.0","name":"flare-PC","hostname":"flare-PC"},"tags":["beats_input_codec_plain_applied"],"type":"wineventlog","record_number":"1533","task":"Process Create (rule: ProcessCreate)","version":5,"user":{"name":"SYSTEM","identifier":"S-1-5-18","type":"User","domain":"NT-AUTORITÄT"},"host":{"name":"flare-PC"},"event_id":1,"opcode":"Info"}
{"index":{"_index":"winlogbeat-6.4.0-2018.09.19","_type":"doc","_id":"MV_58WUBfVn9xHWitT2H"}}
{"thread_id":1824,"event_data":{"ParentProcessGuid":"{2D3B23BE-4BED-5BA2-0000-0010600B1F00}","Product":"Betriebssystem Microsoft® Windows®","LogonId":"0xe320","Image":"C:\\Windows\\SysWOW64\\wbem\\WMIC.exe","Description":"WMI-Befehlszeilendienstprogramm","Hashes":"MD5=A03CF3838775E0801A0894C8BACD2E56,SHA256=132AA270790F56A7524CAB968927ED5E1D91B9A26D4BADCB24E450E7DECC5F81","UtcTime":"2018-09-19 13:15:26.620","ParentImage":"C:\\Program Files (x86)\\Python27\\python.exe","ParentCommandLine":"\"C:\\Program Files (x86)\\Python27\\python.exe\"  C:\\Users\\flare\\Downloads\\RTA-master\\red_ttp\\wmi_tool_execution.py","User":"flare-PC\\flare","LogonGuid":"{2D3B23BE-45CC-5BA2-0000-002020E30000}","CommandLine":"wmic.exe process call create \"powershell.exe exit'\"","Company":"Microsoft Corporation","TerminalSessionId":"1","CurrentDirectory":"C:\\Users\\flare\\Downloads\\RTA-master\\","IntegrityLevel":"Medium","ParentProcessId":"3604","ProcessId":"3696","FileVersion":"6.1.7600.16385 (win7_rtm.090713-1255)","ProcessGuid":"{2D3B23BE-4BEE-5BA2-0000-0010504F1F00}"},"@timestamp":"2018-09-19T13:15:26.620Z","log_name":"Microsoft-Windows-Sysmon/Operational","level":"Informationen","computer_name":"flare-PC","source_name":"Microsoft-Windows-Sysmon","process_id":1304,"provider_guid":"{5770385F-C22A-43E0-BF4C-06F5698FFBD9}","message":"Process Create:\nRuleName: \nUtcTime: 2018-09-19 13:15:26.620\nProcessGuid: {2D3B23BE-4BEE-5BA2-0000-0010504F1F00}\nProcessId: 3696\nImage: C:\\Windows\\SysWOW64\\wbem\\WMIC.exe\nFileVersion: 6.1.7600.16385 (win7_rtm.090713-1255)\nDescription: WMI-Befehlszeilendienstprogramm\nProduct: Betriebssystem Microsoft® Windows®\nCompany: Microsoft Corporation\nCommandLine: wmic.exe process call create \"powershell.exe exit'\"\nCurrentDirectory: C:\\Users\\flare\\Downloads\\RTA-master\\\nUser: flare-PC\\flare\nLogonGuid: {2D3B23BE-45CC-5BA2-0000-002020E30000}\nLogonId: 0xe320\nTerminalSessionId: 1\nIntegrityLevel: Medium\nHashes: MD5=A03CF3838775E0801A0894C8BACD2E56,SHA256=132AA270790F56A7524CAB968927ED5E1D91B9A26D4BADCB24E450E7DECC5F81\nParentProcessGuid: {2D3B23BE-4BED-5BA2-0000-0010600B1F00}\nParentProcessId: 3604\nParentImage: C:\\Program Files (x86)\\Python27\\python.exe\nParentCommandLine: \"C:\\Program Files (x86)\\Python27\\python.exe\"  C:\\Users\\flare\\Downloads\\RTA-master\\red_ttp\\wmi_tool_execution.py","@version":"1","beat":{"version":"6.4.0","name":"flare-PC","hostname":"flare-PC"},"tags":["beats_input_codec_plain_applied"],"task":"Process Create (rule: ProcessCreate)","record_number":"1540","event_id":1,"version":5,"user":{"name":"SYSTEM","identifier":"S-1-5-18","domain":"NT-AUTORITÄT","type":"User"},"type":"wineventlog","host":{"name":"flare-PC"},"opcode":"Info"}
{"index":{"_index":"winlogbeat-6.4.0-2018.09.19","_type":"doc","_id":"Ml_58WUBfVn9xHWitT2H"}}
{"thread_id":1824,"event_data":{"CreationUtcTime":"2018-09-19 13:15:26.932","UtcTime":"2018-09-19 13:15:26.932","Image":"C:\\Windows\\System32\\WindowsPowerShell\\v1.0\\powershell.exe","TargetFilename":"C:\\Users\\flare\\AppData\\Local\\Temp\\rl5l22ml.tkq.ps1","ProcessId":"2564","ProcessGuid":"{2D3B23BE-4BEE-5BA2-0000-00102D551F00}"},"@timestamp":"2018-09-19T13:15:26.932Z","log_name":"Microsoft-Windows-Sysmon/Operational","level":"Informationen","computer_name":"flare-PC","source_name":"Microsoft-Windows-Sysmon","process_id":1304,"message":"File created:\nRuleName: \nUtcTime: 2018-09-19 13:15:26.932\nProcessGuid: {2D3B23BE-4BEE-5BA2-0000-00102D551F00}\nProcessId: 2564\nImage: C:\\Windows\\System32\\WindowsPowerShell\\v1.0\\powershell.exe\nTargetFilename: C:\\Users\\flare\\AppData\\Local\\Temp\\rl5l22ml.tkq.ps1\nCreationUtcTime: 2018-09-19 13:15:26.932","@version":"1","provider_guid":"{5770385F-C22A-43E0-BF4C-06F5698FFBD9}","beat":{"version":"6.4.0","name":"flare-PC","hostname":"flare-PC"},"tags":["beats_input_codec_plain_applied"],"type":"wineventlog","record_number":"1544","event_id":11,"version":2,"user":{"name":"SYSTEM","identifier":"S-1-5-18","domain":"NT-AUTORITÄT","type":"User"},"host":{"name":"flare-PC"},"task":"File created (rule: FileCreate)","opcode":"Info"}
{"index":{"_index":"winlogbeat-6.4.0-2018.09.19","_type":"doc","_id":"LV_58WUBfVn9xHWitT2H"}}
{"thread_id":1824,"event_data":{"LogonId":"0xe320","Product":"Betriebssystem Microsoft® Windows®","UtcTime":"2018-09-19 13:15:26.368","Hashes":"MD5=A03CF3838775E0801A0894C8BACD2E56,SHA256=132AA270790F56A7524CAB968927ED5E1D91B9A26D4BADCB24E450E7DECC5F81","Description":"WMI-Befehlszeilendienstprogramm","User":"flare-PC\\flare","Image":"C:\\Windows\\SysWOW64\\wbem\\WMIC.exe","ParentImage":"C:\\Program Files (x86)\\Python27\\python.exe","ParentCommandLine":"\"C:\\Program Files (x86)\\Python27\\python.exe\"  C:\\Users\\flare\\Downloads\\RTA-master\\red_ttp\\wmi_tool_execution.py","FileVersion":"6.1.7600.16385 (win7_rtm.090713-1255)","LogonGuid":"{2D3B23BE-45CC-5BA2-0000-002020E30000}","TerminalSessionId":"1","ParentProcessId":"3604","ProcessId":"3256","CurrentDirectory":"C:\\Users\\flare\\Downloads\\RTA-master\\","IntegrityLevel":"Medium","Company":"Microsoft Corporation","CommandLine":"wmic.exe process call create cscript.exe","ParentProcessGuid":"{2D3B23BE-4BED-5BA2-0000-0010600B1F00}","ProcessGuid":"{2D3B23BE-4BEE-5BA2-0000-0010C8351F00}"},"@timestamp":"2018-09-19T13:15:26.368Z","log_name":"Microsoft-Windows-Sysmon/Operational","level":"Informationen","computer_name":"flare-PC","source_name":"Microsoft-Windows-Sysmon","process_id":1304,"@version":"1","message":"Process Create:\nRuleName: \nUtcTime: 2018-09-19 13:15:26.368\nProcessGuid: {2D3B23BE-4BEE-5BA2-0000-0010C8351F00}\nProcessId: 3256\nImage: C:\\Windows\\SysWOW64\\wbem\\WMIC.exe\nFileVersion: 6.1.7600.16385 (win7_rtm.090713-1255)\nDescription: WMI-Befehlszeilendienstprogramm\nProduct: Betriebssystem Microsoft® Windows®\nCompany: Microsoft Corporation\nCommandLine: wmic.exe process call create cscript.exe\nCurrentDirectory: C:\\Users\\flare\\Downloads\\RTA-master\\\nUser: flare-PC\\flare\nLogonGuid: {2D3B23BE-45CC-5BA2-0000-002020E30000}\nLogonId: 0xe320\nTerminalSessionId: 1\nIntegrityLevel: Medium\nHashes: MD5=A03CF3838775E0801A0894C8BACD2E56,SHA256=132AA270790F56A7524CAB968927ED5E1D91B9A26D4BADCB24E450E7DECC5F81\nParentProcessGuid: {2D3B23BE-4BED-5BA2-0000-0010600B1F00}\nParentProcessId: 3604\nParentImage: C:\\Program Files (x86)\\Python27\\python.exe\nParentCommandLine: \"C:\\Program Files (x86)\\Python27\\python.exe\"  C:\\Users\\flare\\Downloads\\RTA-master\\red_ttp\\wmi_tool_execution.py","provider_guid":"{5770385F-C22A-43E0-BF4C-06F5698FFBD9}","beat":{"version":"6.4.0","name":"flare-PC","hostname":"flare-PC"},"tags":["beats_input_codec_plain_applied"],"task":"Process Create (rule: ProcessCreate)","record_number":"1534","event_id":1,"version":5,"user":{"domain":"NT-AUTORITÄT","identifier":"S-1-5-18","type":"User","name":"SYSTEM"},"type":"wineventlog","host":{"name":"flare-PC"},"opcode":"Info"}
