{"index":{"_index":"winlogbeat-6.4.0-2018.09.19","_type":"doc","_id":"rl_g8WUBfVn9xHWiyTkh"}}
{"@timestamp":"2018-09-19T12:49:21.000Z","keywords":["Klassisch"],"log_name":"Application","level":"Informationen","computer_name":"flare-PC","source_name":"Desktop Window Manager","message":"Der Desktopfenster-Manager konnte nicht gestartet werden, da WDDM nicht verwendet wird.","@version":"1","beat":{"version":"6.4.0","name":"flare-PC","hostname":"flare-PC"},"tags":["beats_input_codec_plain_applied"],"type":"wineventlog","record_number":"2378","event_id":9007,"host":{"name":"flare-PC"}}
{"index":{"_index":"winlogbeat-6.4.0-2018.09.19","_type":"doc","_id":"nl_g8WUBfVn9xHWiyTkg"}}
{"event_data":{"param3":"Service Pack 1","param4":"Multiprocessor Free","param2":"7601","param1":"6.01.","param5":"17514"},"@timestamp":"2018-09-19T12:49:15.000Z","log_name":"System","keywords":["Klassisch"],"level":"Informationen","computer_name":"flare-PC","source_name":"EventLog","message":"Microsoft (R) Windows (R) 6.01. 7601 Service Pack 1 Multiprocessor Free.","@version":"1","beat":{"version":"6.4.0","name":"flare-PC","hostname":"flare-PC"},"tags":["beats_input_codec_plain_applied"],"type":"wineventlog","event_id":6009,"record_number":"11622","host":{"name":"flare-PC"}}
{"index":{"_index":"winlogbeat-6.4.0-2018.09.19","_type":"doc","_id":"pF_g8WUBfVn9xHWiyTkg"}}
{"thread_id":636,"@timestamp":"2018-09-19T12:49:15.343Z","user_data":{"InstallSubsystemState":"true","CachingSubsystemState":"true","xml_name":"INFO_PNP_STATE"},"log_name":"System","level":"Informationen","computer_name":"flare-PC","source_name":"Microsoft-Windows-UserPnp","process_id":620,"provider_guid":"{96F4A050-7E31-453C-88BE-9634F4E02139}","message":"Der Status von mindestens einem Subsystem des Plug & Play-Dienstes hat sich geändert. \n\nPlugPlay-Installationssubsystem aktiviert: \"true\" \nPlugPlay-Zwischenspeicherungssubsystem aktiviert: \"true\" ","@version":"1","beat":{"version":"6.4.0","name":"flare-PC","hostname":"flare-PC"},"tags":["beats_input_codec_plain_applied"],"type":"wineventlog","record_number":"11646","event_id":20010,"host":{"name":"flare-PC"},"user":{"domain":"NT-AUTORITÄT","identifier":"S-1-5-18","type":"User","name":"SYSTEM"},"opcode":"Info"}
{"index":{"_index":"winlogbeat-6.4.0-2018.09.19","_type":"doc","_id":"pV_g8WUBfVn9xHWiyTkg"}}
{"thread_id":604,"event_data":{"param2":"Ausgeführt","Binary":"5200700063004500700074004D00610070007000650072002F0034000000","param1":"RPC-Endpunktzuordnung"},"@timestamp":"2018-09-19T12:49:15.421Z","keywords":["Klassisch"],"log_name":"System","level":"Informationen","computer_name":"flare-PC","source_name":"Service Control Manager","process_id":488,"@version":"1","provider_guid":"{555908d1-a6d7-4695-8e1e-26931d2012f4}","message":"Dienst \"RPC-Endpunktzuordnung\" befindet sich jetzt im Status \"Ausgeführt\".","beat":{"version":"6.4.0","name":"flare-PC","hostname":"flare-PC"},"tags":["beats_input_codec_plain_applied"],"type":"wineventlog","record_number":"11650","event_id":7036,"host":{"name":"flare-PC"}}
{"index":{"_index":"winlogbeat-6.4.0-2018.09.19","_type":"doc","_id":"qF_g8WUBfVn9xHWiyTkg"}}
{"thread_id":596,"event_data":{"param2":"Ausgeführt","param1":"Benachrichtigungsdienst für Systemereignisse","Binary":"530045004E0053002F0034000000"},"@timestamp":"2018-09-19T12:49:15.937Z","log_name":"System","keywords":["Klassisch"],"level":"Informationen","computer_name":"flare-PC","source_name":"Service Control Manager","process_id":488,"message":"Dienst \"Benachrichtigungsdienst für Systemereignisse\" befindet sich jetzt im Status \"Ausgeführt\".","@version":"1","provider_guid":"{555908d1-a6d7-4695-8e1e-26931d2012f4}","beat":{"version":"6.4.0","name":"flare-PC","hostname":"flare-PC"},"tags":["beats_input_codec_plain_applied"],"type":"wineventlog","event_id":7036,"record_number":"11662","host":{"name":"flare-PC"}}
{"index":{"_index":"winlogbeat-6.4.0-2018.09.19","_type":"doc","_id":"q1_g8WUBfVn9xHWiyTkg"}}
{"thread_id":648,"event_data":{"param2":"Ausgeführt","param1":"Druckwarteschlange","Binary":"530070006F006F006C00650072002F0034000000"},"@timestamp":"2018-09-19T12:49:17.656Z","log_name":"System","keywords":["Klassisch"],"level":"Informationen","computer_name":"flare-PC","source_name":"Service Control Manager","process_id":488,"provider_guid":"{555908d1-a6d7-4695-8e1e-26931d2012f4}","message":"Dienst \"Druckwarteschlange\" befindet sich jetzt im Status \"Ausgeführt\".","@version":"1","beat":{"version":"6.4.0","name":"flare-PC","hostname":"flare-PC"},"tags":["beats_input_codec_plain_applied"],"type":"wineventlog","record_number":"11674","event_id":7036,"host":{"name":"flare-PC"}}
{"index":{"_index":"winlogbeat-6.4.0-2018.09.19","_type":"doc","_id":"_l_g8WUBfVn9xHWizzke"}}
{"thread_id":476,"event_data":{"TSId":"1","UserSid":"S-1-5-21-4019173901-3792766986-1456451320-1001"},"@timestamp":"2018-09-19T12:49:17.406Z","log_name":"System","level":"Informationen","activity_id":"{67144949-5132-4859-8036-A737B43825D8}","computer_name":"flare-PC","source_name":"Microsoft-Windows-Winlogon","process_id":460,"provider_guid":"{DBE9B383-7CF3-4331-91CC-A3CB16A3B538}","message":"Benutzeranmeldebenachrichtigung für Programm zur Verbesserung der Benutzerfreundlichkeit","@version":"1","beat":{"version":"6.4.0","name":"flare-PC","hostname":"flare-PC"},"tags":["beats_input_codec_plain_applied"],"type":"wineventlog","event_id":7001,"record_number":"11668","host":{"name":"flare-PC"},"user":{"name":"SYSTEM","identifier":"S-1-5-18","type":"User","domain":"NT-AUTORITÄT"},"opcode":"Info"}
{"index":{"_index":"winlogbeat-6.4.0-2018.09.19","_type":"doc","_id":"AF_g8WUBfVn9xHWizzoe"}}
{"thread_id":648,"event_data":{"param2":"Ausgeführt","param1":"Windows-Firewall","Binary":"4D00700073005300760063002F0034000000"},"@timestamp":"2018-09-19T12:49:17.921Z","keywords":["Klassisch"],"log_name":"System","level":"Informationen","computer_name":"flare-PC","source_name":"Service Control Manager","process_id":488,"message":"Dienst \"Windows-Firewall\" befindet sich jetzt im Status \"Ausgeführt\".","@version":"1","provider_guid":"{555908d1-a6d7-4695-8e1e-26931d2012f4}","beat":{"version":"6.4.0","name":"flare-PC","hostname":"flare-PC"},"tags":["beats_input_codec_plain_applied"],"type":"wineventlog","record_number":"11676","event_id":7036,"host":{"name":"flare-PC"}}
{"index":{"_index":"winlogbeat-6.4.0-2018.09.19","_type":"doc","_id":"N1_h8WUBfVn9xHWiCDpe"}}
{"event_data":{"param3":"Windows: ","param4":"C:\\ProgramData\\Microsoft\\Search\\Data\\Applications\\Windows\\MSS.log","param2":"2640","param1":"Windows"},"@timestamp":"2018-09-19T12:49:37.000Z","keywords":["Klassisch"],"log_name":"Application","level":"Informationen","computer_name":"flare-PC","source_name":"ESENT","message":"Windows (2640) Windows: Das Datenbankmodul gibt die Protokolldatei C:\\ProgramData\\Microsoft\\Search\\Data\\Applications\\Windows\\MSS.log wieder.","@version":"1","beat":{"version":"6.4.0","name":"flare-PC","hostname":"flare-PC"},"tags":["beats_input_codec_plain_applied"],"task":"Protokollierung/Wiederherstellung","record_number":"2383","event_id":301,"type":"wineventlog","host":{"name":"flare-PC"},"opcode":"Info"}
{"index":{"_index":"winlogbeat-6.4.0-2018.09.19","_type":"doc","_id":"O1_h8WUBfVn9xHWiCDpe"}}
{"thread_id":368,"event_data":{"param2":"Ausgeführt","param1":"Netzwerkverbindungen","Binary":"4E00650074006D0061006E002F0034000000"},"@timestamp":"2018-09-19T12:49:37.020Z","log_name":"System","keywords":["Klassisch"],"level":"Informationen","computer_name":"flare-PC","source_name":"Service Control Manager","process_id":488,"message":"Dienst \"Netzwerkverbindungen\" befindet sich jetzt im Status \"Ausgeführt\".","@version":"1","provider_guid":"{555908d1-a6d7-4695-8e1e-26931d2012f4}","beat":{"version":"6.4.0","name":"flare-PC","hostname":"flare-PC"},"tags":["beats_input_codec_plain_applied"],"type":"wineventlog","record_number":"11701","event_id":7036,"host":{"name":"flare-PC"}}
{"index":{"_index":"winlogbeat-6.4.0-2018.09.19","_type":"doc","_id":"OV_h8WUBfVn9xHWiCDpe"}}
{"thread_id":1824,"event_data":{"LogonId":"0x3e4","User":"NT-AUTORITÄT\\NETZWERKDIENST","UtcTime":"2018-09-19 12:49:37.098","Image":"C:\\Program Files\\Windows Media Player\\wmpnetwk.exe","Description":"Windows Media Player-Netzwerkfreigabedienst","ParentProcessGuid":"{2D3B23BE-45CA-5BA2-0000-00104A5C0000}","Hashes":"MD5=A9F3BFC9345F49614D5859EC95B9E994,SHA256=306467D280E99D0616E839278A4DB5BED684F002AE284C3678CABB5251459CB3","FileVersion":"12.0.7600.16385 (win7_rtm.090713-1255)","ParentCommandLine":"C:\\Windows\\system32\\services.exe","ParentImage":"C:\\Windows\\System32\\services.exe","LogonGuid":"{2D3B23BE-45CB-5BA2-0000-0020E4030000}","TerminalSessionId":"0","CurrentDirectory":"C:\\Windows\\system32\\","ProcessId":"2740","CommandLine":"\"C:\\Program Files\\Windows Media Player\\wmpnetwk.exe\"","IntegrityLevel":"System","ParentProcessId":"488","Company":"Microsoft Corporation","Product":"Betriebssystem Microsoft® Windows®","ProcessGuid":"{2D3B23BE-45E1-5BA2-0000-001024280300}"},"@timestamp":"2018-09-19T12:49:37.114Z","log_name":"Microsoft-Windows-Sysmon/Operational","level":"Informationen","computer_name":"flare-PC","source_name":"Microsoft-Windows-Sysmon","process_id":1304,"message":"Process Create:\nRuleName: \nUtcTime: 2018-09-19 12:49:37.098\nProcessGuid: {2D3B23BE-45E1-5BA2-0000-001024280300}\nProcessId: 2740\nImage: C:\\Program Files\\Windows Media Player\\wmpnetwk.exe\nFileVersion: 12.0.7600.16385 (win7_rtm.090713-1255)\nDescription: Windows Media Player-Netzwerkfreigabedienst\nProduct: Betriebssystem Microsoft® Windows®\nCompany: Microsoft Corporation\nCommandLine: \"C:\\Program Files\\Windows Media Player\\wmpnetwk.exe\"\nCurrentDirectory: C:\\Windows\\system32\\\nUser: NT-AUTORITÄT\\NETZWERKDIENST\nLogonGuid: {2D3B23BE-45CB-5BA2-0000-0020E4030000}\nLogonId: 0x3e4\nTerminalSessionId: 0\nIntegrityLevel: System\nHashes: MD5=A9F3BFC9345F49614D5859EC95B9E994,SHA256=306467D280E99D0616E839278A4DB5BED684F002AE284C3678CABB5251459CB3\nParentProcessGuid: {2D3B23BE-45CA-5BA2-0000-00104A5C0000}\nParentProcessId: 488\nParentImage: C:\\Windows\\System32\\services.exe\nParentCommandLine: C:\\Windows\\system32\\services.exe","@version":"1","provider_guid":"{5770385F-C22A-43E0-BF4C-06F5698FFBD9}","beat":{"version":"6.4.0","name":"flare-PC","hostname":"flare-PC"},"tags":["beats_input_codec_plain_applied"],"type":"wineventlog","record_number":"882","task":"Process Create (rule: ProcessCreate)","version":5,"user":{"name":"SYSTEM","identifier":"S-1-5-18","type":"User","domain":"NT-AUTORITÄT"},"host":{"name":"flare-PC"},"event_id":1,"opcode":"Info"}
{"index":{"_index":"winlogbeat-6.4.0-2018.09.19","_type":"doc","_id":"Ol_h8WUBfVn9xHWiCDpe"}}
{"event_data":{"ServiceName":"WMPNetworkSvc"},"@timestamp":"2018-09-19T12:49:37.000Z","keywords":["Klassisch"],"log_name":"System","level":"Informationen","computer_name":"flare-PC","source_name":"Microsoft-Windows-WMPNSS-Service","message":"Dienst \"WMPNetworkSvc\" wurde gestartet.","@version":"1","provider_guid":"{6A2DC7C1-930A-4FB5-BB44-80B30AEBED6C}","beat":{"version":"6.4.0","name":"flare-PC","hostname":"flare-PC"},"tags":["beats_input_codec_plain_applied"],"type":"wineventlog","record_number":"11700","event_id":14204,"host":{"name":"flare-PC"}}
{"index":{"_index":"winlogbeat-6.4.0-2018.09.19","_type":"doc","_id":"PV_h8WUBfVn9xHWiCDpg"}}
{"thread_id":2056,"event_data":{"Signature":"Riverbed Technology, Inc.","UtcTime":"2018-09-19 12:49:18.453","Hashes":"MD5=DE7FCC77F4A503AF4CA6A47D49B3713D,SHA256=4BFAA99393F635CD05D91A64DE73EDB5639412C129E049F0FE34F88517A10FC6","Signed":"true","ImageLoaded":"C:\\Windows\\System32\\drivers\\npf.sys","SignatureStatus":"Valid"},"@timestamp":"2018-09-19T12:49:36.733Z","log_name":"Microsoft-Windows-Sysmon/Operational","level":"Informationen","computer_name":"flare-PC","source_name":"Microsoft-Windows-Sysmon","process_id":1304,"message":"Driver loaded:\nRuleName: \nUtcTime: 2018-09-19 12:49:18.453\nImageLoaded: C:\\Windows\\System32\\drivers\\npf.sys\nHashes: MD5=DE7FCC77F4A503AF4CA6A47D49B3713D,SHA256=4BFAA99393F635CD05D91A64DE73EDB5639412C129E049F0FE34F88517A10FC6\nSigned: true\nSignature: Riverbed Technology, Inc.\nSignatureStatus: Valid","@version":"1","provider_guid":"{5770385F-C22A-43E0-BF4C-06F5698FFBD9}","beat":{"version":"6.4.0","name":"flare-PC","hostname":"flare-PC"},"tags":["beats_input_codec_plain_applied"],"task":"Driver loaded (rule: DriverLoad)","type":"wineventlog","event_id":6,"host":{"name":"flare-PC"},"version":3,"record_number":"881","user":{"name":"SYSTEM","identifier":"S-1-5-18","type":"User","domain":"NT-AUTORITÄT"},"opcode":"Info"}
{"index":{"_index":"winlogbeat-6.4.0-2018.09.19","_type":"doc","_id":"Pl_h8WUBfVn9xHWiCDpg"}}
{"thread_id":604,"event_data":{"param2":"Ausgeführt","Binary":"57004D0050004E006500740077006F0072006B005300760063002F0034000000","param1":"Windows Media Player-Netzwerkfreigabedienst"},"@timestamp":"2018-09-19T12:49:37.130Z","log_name":"System","keywords":["Klassisch"],"level":"Informationen","computer_name":"flare-PC","source_name":"Service Control Manager","process_id":488,"message":"Dienst \"Windows Media Player-Netzwerkfreigabedienst\" befindet sich jetzt im Status \"Ausgeführt\".","@version":"1","provider_guid":"{555908d1-a6d7-4695-8e1e-26931d2012f4}","beat":{"version":"6.4.0","name":"flare-PC","hostname":"flare-PC"},"tags":["beats_input_codec_plain_applied"],"type":"wineventlog","record_number":"11702","event_id":7036,"host":{"name":"flare-PC"}}
{"index":{"_index":"winlogbeat-6.4.0-2018.09.19","_type":"doc","_id":"0F_g8WUBfVn9xHWiyTkh"}}
{"thread_id":576,"event_data":{"ProcessName":"C:\\Windows\\System32\\winlogon.exe","IpPort":"0","SubjectLogonId":"0x3e7","TargetServerName":"localhost","TargetLogonGuid":"{00000000-0000-0000-0000-000000000000}","TargetDomainName":"flare-PC","TargetInfo":"localhost","TargetUserName":"flare","IpAddress":"127.0.0.1","LogonGuid":"{00000000-0000-0000-0000-000000000000}","SubjectUserSid":"S-1-5-18","ProcessId":"0x1cc","SubjectDomainName":"WORKGROUP","SubjectUserName":"FLARE-PC$"},"@timestamp":"2018-09-19T12:49:16.859Z","log_name":"Security","keywords":["Überwachung erfolgreich"],"level":"Informationen","computer_name":"flare-PC","source_name":"Microsoft-Windows-Security-Auditing","process_id":512,"message":"Anmeldeversuch mit expliziten Anmeldeinformationen.\n\nAntragsteller:\n\tSicherheits-ID:\t\tS-1-5-18\n\tKontoname:\t\tFLARE-PC$\n\tKontodomäne:\t\tWORKGROUP\n\tAnmelde-ID:\t\t0x3e7\n\tAnmelde-GUID:\t\t{00000000-0000-0000-0000-000000000000}\n\nKonto, dessen Anmeldeinformationen verwendet wurden:\n\tKontoname:\t\tflare\n\tKontodomäne:\t\tflare-PC\n\tAnmelde-GUID:\t\t{00000000-0000-0000-0000-000000000000}\n\nZielserver:\n\tZielservername:\tlocalhost\n\tWeitere Informationen:\tlocalhost\n\nProzessinformationen:\n\tProzess-ID:\t\t0x1cc\n\tProzessname:\t\tC:\\Windows\\System32\\winlogon.exe\n\nNetzwerkinformationen:\n\tNetzwerkadresse:\t127.0.0.1\n\tPort:\t\t\t0\n\nDieses Ereignis wird bei einem Anmeldeversuch durch einen Prozess generiert, wenn ausdrücklich die Anmeldeinformationen des Kontos angegeben werden.  Dies ist normalerweise der Fall in Batch-Konfigurationen, z. B. bei geplanten Aufgaben oder wenn der Befehl \"runas\" verwendet wird.","@version":"1","provider_guid":"{54849625-5478-4994-A5BA-3E3B0328C30D}","beat":{"version":"6.4.0","name":"flare-PC","hostname":"flare-PC"},"tags":["beats_input_codec_plain_applied"],"type":"wineventlog","event_id":4648,"task":"Anmelden","host":{"name":"flare-PC"},"record_number":"16715","opcode":"Info"}
{"index":{"_index":"winlogbeat-6.4.0-2018.09.19","_type":"doc","_id":"1V_g8WUBfVn9xHWiyTkh"}}
{"thread_id":3348,"event_data":{"param2":"Beendet","Binary":"460044005200650073005000750062002F0031000000","param1":"Funktionssuche-Ressourcenveröffentlichung"},"@timestamp":"2018-09-19T12:47:54.946Z","log_name":"System","keywords":["Klassisch"],"level":"Informationen","computer_name":"flare-PC","source_name":"Service Control Manager","process_id":496,"@version":"1","provider_guid":"{555908d1-a6d7-4695-8e1e-26931d2012f4}","message":"Dienst \"Funktionssuche-Ressourcenveröffentlichung\" befindet sich jetzt im Status \"Beendet\".","beat":{"version":"6.4.0","name":"flare-PC","hostname":"flare-PC"},"tags":["beats_input_codec_plain_applied"],"type":"wineventlog","record_number":"11609","event_id":7036,"host":{"name":"flare-PC"}}
{"index":{"_index":"winlogbeat-6.4.0-2018.09.19","_type":"doc","_id":"3V_g8WUBfVn9xHWiyTkh"}}
{"thread_id":56,"event_data":{"Group":"0","Number":"1","IdleStateCount":"1","ThrottleStateCount":"0","PerfStateCount":"0","IdleState":"01"},"@timestamp":"2018-09-19T12:49:13.656Z","log_name":"System","level":"Informationen","computer_name":"flare-PC","source_name":"Microsoft-Windows-Kernel-Processor-Power","process_id":4,"@version":"1","provider_guid":"{0F67E49F-FE51-4E9F-B490-6F2948CC6027}","message":"Prozessor 1 in Gruppe 0 weist Folgendes auf:\n\n1 inaktive Zustände\n0 Leistungszustände\n0 Drosselungszustände","beat":{"version":"6.4.0","name":"flare-PC","hostname":"flare-PC"},"tags":["beats_input_codec_plain_applied"],"type":"wineventlog","record_number":"11641","event_id":26,"host":{"name":"flare-PC"},"user":{"name":"SYSTEM","identifier":"S-1-5-18","domain":"NT-AUTORITÄT","type":"User"},"opcode":"Info"}
{"index":{"_index":"winlogbeat-6.4.0-2018.09.19","_type":"doc","_id":"3l_g8WUBfVn9xHWiyTkh"}}
{"thread_id":604,"event_data":{"param2":"Ausgeführt","Binary":"50006C007500670050006C00610079002F0034000000","param1":"Plug & Play"},"@timestamp":"2018-09-19T12:49:15.343Z","keywords":["Klassisch"],"log_name":"System","level":"Informationen","computer_name":"flare-PC","source_name":"Service Control Manager","process_id":488,"provider_guid":"{555908d1-a6d7-4695-8e1e-26931d2012f4}","message":"Dienst \"Plug & Play\" befindet sich jetzt im Status \"Ausgeführt\".","@version":"1","beat":{"version":"6.4.0","name":"flare-PC","hostname":"flare-PC"},"tags":["beats_input_codec_plain_applied"],"type":"wineventlog","event_id":7036,"record_number":"11645","host":{"name":"flare-PC"}}
{"index":{"_index":"winlogbeat-6.4.0-2018.09.19","_type":"doc","_id":"41_g8WUBfVn9xHWiyTkh"}}
{"thread_id":596,"event_data":{"param2":"Ausgeführt","param1":"Netzwerkspeicher-Schnittstellendienst","Binary":"6E00730069002F0034000000"},"@timestamp":"2018-09-19T12:49:17.390Z","log_name":"System","keywords":["Klassisch"],"level":"Informationen","computer_name":"flare-PC","source_name":"Service Control Manager","process_id":488,"message":"Dienst \"Netzwerkspeicher-Schnittstellendienst\" befindet sich jetzt im Status \"Ausgeführt\".","@version":"1","provider_guid":"{555908d1-a6d7-4695-8e1e-26931d2012f4}","beat":{"version":"6.4.0","name":"flare-PC","hostname":"flare-PC"},"tags":["beats_input_codec_plain_applied"],"type":"wineventlog","record_number":"11665","event_id":7036,"host":{"name":"flare-PC"}}
{"index":{"_index":"winlogbeat-6.4.0-2018.09.19","_type":"doc","_id":"5V_g8WUBfVn9xHWiyTkh"}}
{"thread_id":648,"event_data":{"param2":"Ausgeführt","Binary":"5300630068006500640075006C0065002F0034000000","param1":"Aufgabenplanung"},"@timestamp":"2018-09-19T12:49:17.609Z","keywords":["Klassisch"],"log_name":"System","level":"Informationen","computer_name":"flare-PC","source_name":"Service Control Manager","process_id":488,"message":"Dienst \"Aufgabenplanung\" befindet sich jetzt im Status \"Ausgeführt\".","@version":"1","provider_guid":"{555908d1-a6d7-4695-8e1e-26931d2012f4}","beat":{"version":"6.4.0","name":"flare-PC","hostname":"flare-PC"},"tags":["beats_input_codec_plain_applied"],"type":"wineventlog","record_number":"11673","event_id":7036,"host":{"name":"flare-PC"}}
{"index":{"_index":"winlogbeat-6.4.0-2018.09.19","_type":"doc","_id":"5l_g8WUBfVn9xHWiyTkh"}}
{"thread_id":648,"event_data":{"param2":"Ausgeführt","Binary":"4C0061006E006D0061006E0057006F0072006B00730074006100740069006F006E002F0034000000","param1":"Arbeitsstationsdienst"},"@timestamp":"2018-09-19T12:49:17.937Z","keywords":["Klassisch"],"log_name":"System","level":"Informationen","computer_name":"flare-PC","source_name":"Service Control Manager","process_id":488,"provider_guid":"{555908d1-a6d7-4695-8e1e-26931d2012f4}","message":"Dienst \"Arbeitsstationsdienst\" befindet sich jetzt im Status \"Ausgeführt\".","@version":"1","beat":{"version":"6.4.0","name":"flare-PC","hostname":"flare-PC"},"tags":["beats_input_codec_plain_applied"],"type":"wineventlog","record_number":"11677","event_id":7036,"host":{"name":"flare-PC"}}
{"index":{"_index":"winlogbeat-6.4.0-2018.09.19","_type":"doc","_id":"r1_g8WUBfVn9xHWiyTkh"}}
{"thread_id":564,"event_data":{"PuaCount":"0","PuaPolicyId":"0x6ce6"},"@timestamp":"2018-09-19T12:49:14.656Z","log_name":"Security","keywords":["Überwachung erfolgreich"],"level":"Informationen","computer_name":"flare-PC","source_name":"Microsoft-Windows-Security-Auditing","process_id":512,"message":"Eine Benutzerrichtlinien-Überwachungstabelle wurde erstellt.\n\n\tAnzahl von Elementen:\t0\n\tRichtlinienkennung:\t0x6ce6","@version":"1","provider_guid":"{54849625-5478-4994-A5BA-3E3B0328C30D}","beat":{"version":"6.4.0","name":"flare-PC","hostname":"flare-PC"},"tags":["beats_input_codec_plain_applied"],"type":"wineventlog","record_number":"16704","event_id":4902,"task":"Richtlinienänderungen überwachen","host":{"name":"flare-PC"},"opcode":"Info"}
{"index":{"_index":"winlogbeat-6.4.0-2018.09.19","_type":"doc","_id":"tV_g8WUBfVn9xHWiyTkh"}}
{"thread_id":1372,"event_data":{"param2":"Beendet","param1":"Diagnosediensthost","Binary":"570064006900530065007200760069006300650048006F00730074002F0031000000"},"@timestamp":"2018-09-19T12:47:54.727Z","log_name":"System","keywords":["Klassisch"],"level":"Informationen","computer_name":"flare-PC","source_name":"Service Control Manager","process_id":496,"message":"Dienst \"Diagnosediensthost\" befindet sich jetzt im Status \"Beendet\".","@version":"1","provider_guid":"{555908d1-a6d7-4695-8e1e-26931d2012f4}","beat":{"version":"6.4.0","name":"flare-PC","hostname":"flare-PC"},"tags":["beats_input_codec_plain_applied"],"type":"wineventlog","event_id":7036,"record_number":"11607","host":{"name":"flare-PC"}}
{"index":{"_index":"winlogbeat-6.4.0-2018.09.19","_type":"doc","_id":"AV_g8WUBfVn9xHWizzoe"}}
{"thread_id":648,"event_data":{"param2":"Ausgeführt","param1":"Superfetch","Binary":"5300790073004D00610069006E002F0034000000"},"@timestamp":"2018-09-19T12:49:18.500Z","keywords":["Klassisch"],"log_name":"System","level":"Informationen","computer_name":"flare-PC","source_name":"Service Control Manager","process_id":488,"provider_guid":"{555908d1-a6d7-4695-8e1e-26931d2012f4}","message":"Dienst \"Superfetch\" befindet sich jetzt im Status \"Ausgeführt\".","@version":"1","beat":{"version":"6.4.0","name":"flare-PC","hostname":"flare-PC"},"tags":["beats_input_codec_plain_applied"],"type":"wineventlog","event_id":7036,"record_number":"11680","host":{"name":"flare-PC"}}
{"index":{"_index":"winlogbeat-6.4.0-2018.09.19","_type":"doc","_id":"t1_g8WUBfVn9xHWiyTkh"}}
{"thread_id":3348,"event_data":{"param2":"Beendet","param1":"DHCP-Client","Binary":"44006800630070002F0031000000"},"@timestamp":"2018-09-19T12:47:54.961Z","keywords":["Klassisch"],"log_name":"System","level":"Informationen","computer_name":"flare-PC","source_name":"Service Control Manager","process_id":496,"message":"Dienst \"DHCP-Client\" befindet sich jetzt im Status \"Beendet\".","@version":"1","provider_guid":"{555908d1-a6d7-4695-8e1e-26931d2012f4}","beat":{"version":"6.4.0","name":"flare-PC","hostname":"flare-PC"},"tags":["beats_input_codec_plain_applied"],"type":"wineventlog","record_number":"11615","event_id":7036,"host":{"name":"flare-PC"}}
{"index":{"_index":"winlogbeat-6.4.0-2018.09.19","_type":"doc","_id":"v1_g8WUBfVn9xHWiyTkh"}}
{"thread_id":604,"event_data":{"param2":"Ausgeführt","param1":"Stromversorgung","Binary":"50006F007700650072002F0034000000"},"@timestamp":"2018-09-19T12:49:15.375Z","log_name":"System","keywords":["Klassisch"],"level":"Informationen","computer_name":"flare-PC","source_name":"Service Control Manager","process_id":488,"provider_guid":"{555908d1-a6d7-4695-8e1e-26931d2012f4}","message":"Dienst \"Stromversorgung\" befindet sich jetzt im Status \"Ausgeführt\".","@version":"1","beat":{"version":"6.4.0","name":"flare-PC","hostname":"flare-PC"},"tags":["beats_input_codec_plain_applied"],"type":"wineventlog","event_id":7036,"record_number":"11647","host":{"name":"flare-PC"}}
{"index":{"_index":"winlogbeat-6.4.0-2018.09.19","_type":"doc","_id":"wV_g8WUBfVn9xHWiyTkh"}}
{"thread_id":648,"event_data":{"param2":"Ausgeführt","param1":"Windows-Audio-Endpunkterstellung","Binary":"41007500640069006F0045006E00640070006F0069006E0074004200750069006C006400650072002F0034000000"},"@timestamp":"2018-09-19T12:49:15.875Z","log_name":"System","keywords":["Klassisch"],"level":"Informationen","computer_name":"flare-PC","source_name":"Service Control Manager","process_id":488,"message":"Dienst \"Windows-Audio-Endpunkterstellung\" befindet sich jetzt im Status \"Ausgeführt\".","@version":"1","provider_guid":"{555908d1-a6d7-4695-8e1e-26931d2012f4}","beat":{"version":"6.4.0","name":"flare-PC","hostname":"flare-PC"},"tags":["beats_input_codec_plain_applied"],"type":"wineventlog","record_number":"11655","event_id":7036,"host":{"name":"flare-PC"}}
{"index":{"_index":"winlogbeat-6.4.0-2018.09.19","_type":"doc","_id":"wl_g8WUBfVn9xHWiyTkh"}}
{"thread_id":596,"event_data":{"param2":"Ausgeführt","param1":"Benutzerprofildienst","Binary":"500072006F0066005300760063002F0034000000"},"@timestamp":"2018-09-19T12:49:15.921Z","log_name":"System","keywords":["Klassisch"],"level":"Informationen","computer_name":"flare-PC","source_name":"Service Control Manager","process_id":488,"provider_guid":"{555908d1-a6d7-4695-8e1e-26931d2012f4}","message":"Dienst \"Benutzerprofildienst\" befindet sich jetzt im Status \"Ausgeführt\".","@version":"1","beat":{"version":"6.4.0","name":"flare-PC","hostname":"flare-PC"},"tags":["beats_input_codec_plain_applied"],"type":"wineventlog","event_id":7036,"record_number":"11659","host":{"name":"flare-PC"}}
{"index":{"_index":"winlogbeat-6.4.0-2018.09.19","_type":"doc","_id":"xF_g8WUBfVn9xHWiyTkh"}}
{"thread_id":688,"@timestamp":"2018-09-19T12:49:17.390Z","log_name":"System","level":"Informationen","computer_name":"flare-PC","source_name":"Microsoft-Windows-Dhcp-Client","process_id":776,"provider_guid":"{15A7A4F8-0072-4EAB-ABAD-F98A4D666AED}","message":"Der DHCPv4-Clientdienst wird gestartet.","@version":"1","beat":{"version":"6.4.0","name":"flare-PC","hostname":"flare-PC"},"tags":["beats_input_codec_plain_applied"],"type":"wineventlog","event_id":50036,"record_number":"11667","task":"Dienststatusereignis","user":{"domain":"NT-AUTORITÄT","identifier":"S-1-5-19","type":"Well Known Group","name":"LOKALER DIENST"},"host":{"name":"flare-PC"},"opcode":"Der Dienst wird gestartet."}
{"index":{"_index":"winlogbeat-6.4.0-2018.09.19","_type":"doc","_id":"xl_g8WUBfVn9xHWiyTkh"}}
{"thread_id":648,"event_data":{"param2":"Ausgeführt","param1":"Basisfiltermodul","Binary":"4200460045002F0034000000"},"@timestamp":"2018-09-19T12:49:17.718Z","keywords":["Klassisch"],"log_name":"System","level":"Informationen","computer_name":"flare-PC","source_name":"Service Control Manager","process_id":488,"message":"Dienst \"Basisfiltermodul\" befindet sich jetzt im Status \"Ausgeführt\".","@version":"1","provider_guid":"{555908d1-a6d7-4695-8e1e-26931d2012f4}","beat":{"version":"6.4.0","name":"flare-PC","hostname":"flare-PC"},"tags":["beats_input_codec_plain_applied"],"type":"wineventlog","record_number":"11675","event_id":7036,"host":{"name":"flare-PC"}}
{"index":{"_index":"winlogbeat-6.4.0-2018.09.19","_type":"doc","_id":"QV_h8WUBfVn9xHWiGjq4"}}
{"thread_id":648,"event_data":{"param2":"Ausgeführt","param1":"Windows Search","Binary":"57005300650061007200630068002F0034000000"},"@timestamp":"2018-09-19T12:49:40.996Z","keywords":["Klassisch"],"log_name":"System","level":"Informationen","computer_name":"flare-PC","source_name":"Service Control Manager","process_id":488,"message":"Dienst \"Windows Search\" befindet sich jetzt im Status \"Ausgeführt\".","@version":"1","provider_guid":"{555908d1-a6d7-4695-8e1e-26931d2012f4}","beat":{"version":"6.4.0","name":"flare-PC","hostname":"flare-PC"},"tags":["beats_input_codec_plain_applied"],"type":"wineventlog","record_number":"11704","event_id":7036,"host":{"name":"flare-PC"}}
{"index":{"_index":"winlogbeat-6.4.0-2018.09.19","_type":"doc","_id":"QF_h8WUBfVn9xHWiGjq4"}}
{"thread_id":1824,"event_data":{"LogonId":"0x3e5","Product":"Betriebssystem Microsoft® Windows®","ParentProcessGuid":"{2D3B23BE-45CA-5BA2-0000-00104A5C0000}","Image":"C:\\Windows\\System32\\svchost.exe","Description":"Hostprozess für Windows-Dienste","Hashes":"MD5=C78655BC80301D76ED4FEF1C1EA40A7D,SHA256=93B2ED4004ED5F7F3039DD7ECBD22C7E4E24B6373B4D9EF8D6E45A179B13A5E8","UtcTime":"2018-09-19 12:49:41.218","ParentImage":"C:\\Windows\\System32\\services.exe","FileVersion":"6.1.7600.16385 (win7_rtm.090713-1255)","User":"NT-AUTORITÄT\\LOKALER DIENST","LogonGuid":"{2D3B23BE-45CB-5BA2-0000-0020E5030000}","TerminalSessionId":"0","ParentProcessId":"488","ProcessId":"2292","CommandLine":"C:\\Windows\\System32\\svchost.exe -k LocalServicePeerNet","IntegrityLevel":"System","CurrentDirectory":"C:\\Windows\\system32\\","Company":"Microsoft Corporation","ParentCommandLine":"C:\\Windows\\system32\\services.exe","ProcessGuid":"{2D3B23BE-45E5-5BA2-0000-001085700300}"},"@timestamp":"2018-09-19T12:49:41.218Z","log_name":"Microsoft-Windows-Sysmon/Operational","level":"Informationen","computer_name":"flare-PC","source_name":"Microsoft-Windows-Sysmon","process_id":1304,"provider_guid":"{5770385F-C22A-43E0-BF4C-06F5698FFBD9}","message":"Process Create:\nRuleName: \nUtcTime: 2018-09-19 12:49:41.218\nProcessGuid: {2D3B23BE-45E5-5BA2-0000-001085700300}\nProcessId: 2292\nImage: C:\\Windows\\System32\\svchost.exe\nFileVersion: 6.1.7600.16385 (win7_rtm.090713-1255)\nDescription: Hostprozess für Windows-Dienste\nProduct: Betriebssystem Microsoft® Windows®\nCompany: Microsoft Corporation\nCommandLine: C:\\Windows\\System32\\svchost.exe -k LocalServicePeerNet\nCurrentDirectory: C:\\Windows\\system32\\\nUser: NT-AUTORITÄT\\LOKALER DIENST\nLogonGuid: {2D3B23BE-45CB-5BA2-0000-0020E5030000}\nLogonId: 0x3e5\nTerminalSessionId: 0\nIntegrityLevel: System\nHashes: MD5=C78655BC80301D76ED4FEF1C1EA40A7D,SHA256=93B2ED4004ED5F7F3039DD7ECBD22C7E4E24B6373B4D9EF8D6E45A179B13A5E8\nParentProcessGuid: {2D3B23BE-45CA-5BA2-0000-00104A5C0000}\nParentProcessId: 488\nParentImage: C:\\Windows\\System32\\services.exe\nParentCommandLine: C:\\Windows\\system32\\services.exe","@version":"1","beat":{"version":"6.4.0","name":"flare-PC","hostname":"flare-PC"},"tags":["beats_input_codec_plain_applied"],"task":"Process Create (rule: ProcessCreate)","record_number":"883","event_id":1,"version":5,"user":{"name":"SYSTEM","identifier":"S-1-5-18","type":"User","domain":"NT-AUTORITÄT"},"host":{"name":"flare-PC"},"type":"wineventlog","opcode":"Info"}
{"index":{"_index":"winlogbeat-6.4.0-2018.09.19","_type":"doc","_id":"RF_h8WUBfVn9xHWiGjq4"}}
{"thread_id":648,"event_data":{"param2":"Ausgeführt","param1":"Heimnetzgruppen-Anbieter","Binary":"48006F006D006500470072006F0075007000500072006F00760069006400650072002F0034000000"},"@timestamp":"2018-09-19T12:49:41.030Z","log_name":"System","keywords":["Klassisch"],"level":"Informationen","computer_name":"flare-PC","source_name":"Service Control Manager","process_id":488,"message":"Dienst \"Heimnetzgruppen-Anbieter\" befindet sich jetzt im Status \"Ausgeführt\".","@version":"1","provider_guid":"{555908d1-a6d7-4695-8e1e-26931d2012f4}","beat":{"version":"6.4.0","name":"flare-PC","hostname":"flare-PC"},"tags":["beats_input_codec_plain_applied"],"type":"wineventlog","event_id":7036,"record_number":"11706","host":{"name":"flare-PC"}}
{"index":{"_index":"winlogbeat-6.4.0-2018.09.19","_type":"doc","_id":"SF_h8WUBfVn9xHWiGjq4"}}
{"event_data":{"FriendlyName":"FLARE-PC: flare:"},"@timestamp":"2018-09-19T12:49:41.000Z","keywords":["Klassisch"],"log_name":"System","level":"Informationen","computer_name":"flare-PC","source_name":"Microsoft-Windows-WMPNSS-Service","provider_guid":"{6A2DC7C1-930A-4FB5-BB44-80B30AEBED6C}","message":"Media-Server \"FLARE-PC: flare:\" wurde initialisiert und lässt die gemeinsame Nutzung von Medien durch Netzwerkmediengeräte zu.","@version":"1","beat":{"version":"6.4.0","name":"flare-PC","hostname":"flare-PC"},"tags":["beats_input_codec_plain_applied"],"type":"wineventlog","event_id":14206,"record_number":"11703","host":{"name":"flare-PC"}}
{"index":{"_index":"winlogbeat-6.4.0-2018.09.19","_type":"doc","_id":"TF_h8WUBfVn9xHWiSDpU"}}
{"thread_id":576,"event_data":{"SubjectLogonId":"0x3e5","Operation":"%%2458","ReturnCode":"0x0","KeyType":"%%2499","SubjectUserSid":"S-1-5-19","AlgorithmName":"%%2432","KeyName":"cd03f6fd-6b9a-4d1a-9995-0a58b00edbc9","SubjectDomainName":"NT-AUTORITÄT","SubjectUserName":"LOKALER DIENST","KeyFilePath":"C:\\ProgramData\\Microsoft\\Crypto\\RSA\\MachineKeys\\9ac1176f35b22c374df7bf79bab4e7d4_2d3b23be-f5a4-4ef4-a59b-fcbe20fce434","ProviderName":"Microsoft Software Key Storage Provider"},"@timestamp":"2018-09-19T12:49:52.222Z","log_name":"Security","keywords":["Überwachung erfolgreich"],"level":"Informationen","computer_name":"flare-PC","source_name":"Microsoft-Windows-Security-Auditing","process_id":512,"message":"Schlüsseldateivorgang.\nAntragsteller:\n\tSicherheits-ID:\t\tS-1-5-19\n\tKontoname:\t\tLOKALER DIENST\n\tKontodomäne:\t\tNT-AUTORITÄT\n\tAnmelde-ID:\t\t0x3e5\n\nKryptografische Parameter:\n\tAnbietername:\t\tMicrosoft Software Key Storage Provider\n\tAlgorithmusname:\tNicht verfügbar.\n\nSchlüsselname:\tcd03f6fd-6b9a-4d1a-9995-0a58b00edbc9\n\tSchlüsseltyp:\tComputerschlüssel.\n\nInformationen zum Schlüsseldateivorgang:\n\tDateipfad:\tC:\\ProgramData\\Microsoft\\Crypto\\RSA\\MachineKeys\\9ac1176f35b22c374df7bf79bab4e7d4_2d3b23be-f5a4-4ef4-a59b-fcbe20fce434\n\tVorgang:\tPersistenten Schlüssel aus Datei lesen.\n\tRückgabecode:\t0x0","@version":"1","provider_guid":"{54849625-5478-4994-A5BA-3E3B0328C30D}","beat":{"version":"6.4.0","name":"flare-PC","hostname":"flare-PC"},"tags":["beats_input_codec_plain_applied"],"task":"Andere Systemereignisse","type":"wineventlog","record_number":"16728","host":{"name":"flare-PC"},"event_id":5058,"opcode":"Info"}
{"index":{"_index":"winlogbeat-6.4.0-2018.09.19","_type":"doc","_id":"UV_h8WUBfVn9xHWieDrp"}}
{"thread_id":560,"event_data":{"SubjectLogonId":"0x3e7","Operation":"%%2458","KeyType":"%%2499","ReturnCode":"0x0","SubjectUserSid":"S-1-5-18","AlgorithmName":"%%2432","KeyName":"{EB6AC35D-DE5F-40AA-B924-5A164D069CF0}","SubjectDomainName":"WORKGROUP","SubjectUserName":"FLARE-PC$","KeyFilePath":"C:\\ProgramData\\Microsoft\\Crypto\\Keys\\6cfe326187cdad55581d695e53e8dac3_2d3b23be-f5a4-4ef4-a59b-fcbe20fce434","ProviderName":"Microsoft Software Key Storage Provider"},"@timestamp":"2018-09-19T12:50:03.138Z","log_name":"Security","keywords":["Überwachung erfolgreich"],"level":"Informationen","computer_name":"flare-PC","source_name":"Microsoft-Windows-Security-Auditing","process_id":512,"message":"Schlüsseldateivorgang.\nAntragsteller:\n\tSicherheits-ID:\t\tS-1-5-18\n\tKontoname:\t\tFLARE-PC$\n\tKontodomäne:\t\tWORKGROUP\n\tAnmelde-ID:\t\t0x3e7\n\nKryptografische Parameter:\n\tAnbietername:\t\tMicrosoft Software Key Storage Provider\n\tAlgorithmusname:\tNicht verfügbar.\n\nSchlüsselname:\t{EB6AC35D-DE5F-40AA-B924-5A164D069CF0}\n\tSchlüsseltyp:\tComputerschlüssel.\n\nInformationen zum Schlüsseldateivorgang:\n\tDateipfad:\tC:\\ProgramData\\Microsoft\\Crypto\\Keys\\6cfe326187cdad55581d695e53e8dac3_2d3b23be-f5a4-4ef4-a59b-fcbe20fce434\n\tVorgang:\tPersistenten Schlüssel aus Datei lesen.\n\tRückgabecode:\t0x0","@version":"1","provider_guid":"{54849625-5478-4994-A5BA-3E3B0328C30D}","beat":{"version":"6.4.0","name":"flare-PC","hostname":"flare-PC"},"tags":["beats_input_codec_plain_applied"],"task":"Andere Systemereignisse","record_number":"16731","type":"wineventlog","event_id":5058,"host":{"name":"flare-PC"},"opcode":"Info"}
{"index":{"_index":"winlogbeat-6.4.0-2018.09.19","_type":"doc","_id":"Tl_h8WUBfVn9xHWicDqW"}}
{"thread_id":604,"event_data":{"param2":"Ausgeführt","param1":"CNG-Schlüsselisolation","Binary":"4B0065007900490073006F002F0034000000"},"@timestamp":"2018-09-19T12:50:02.636Z","keywords":["Klassisch"],"log_name":"System","level":"Informationen","computer_name":"flare-PC","source_name":"Service Control Manager","process_id":488,"provider_guid":"{555908d1-a6d7-4695-8e1e-26931d2012f4}","message":"Dienst \"CNG-Schlüsselisolation\" befindet sich jetzt im Status \"Ausgeführt\".","@version":"1","beat":{"version":"6.4.0","name":"flare-PC","hostname":"flare-PC"},"tags":["beats_input_codec_plain_applied"],"type":"wineventlog","event_id":7036,"record_number":"11712","host":{"name":"flare-PC"}}
{"index":{"_index":"winlogbeat-6.4.0-2018.09.19","_type":"doc","_id":"T1_h8WUBfVn9xHWicDqW"}}
{"thread_id":560,"event_data":{"SubjectDomainName":"WORKGROUP","SubjectLogonId":"0x3e7","SubjectUserName":"FLARE-PC$","ReturnCode":"0x0","SubjectUserSid":"S-1-5-18","Module":"ncrypt.dll"},"@timestamp":"2018-09-19T12:50:02.636Z","keywords":["Überwachung erfolgreich"],"log_name":"Security","level":"Informationen","computer_name":"flare-PC","source_name":"Microsoft-Windows-Security-Auditing","process_id":512,"provider_guid":"{54849625-5478-4994-A5BA-3E3B0328C30D}","message":"Ein Kryptografieselbsttest wurde ausgeführt.\n\nAntragsteller:\n\tSicherheits-ID:\t\tS-1-5-18\n\tKontoname:\t\tFLARE-PC$\n\tKontodomäne:\t\tWORKGROUP\n\tAnmelde-ID:\t\t0x3e7\n\nModul:\t\tncrypt.dll\n\nRückgabecode:\t0x0","@version":"1","beat":{"version":"6.4.0","name":"flare-PC","hostname":"flare-PC"},"tags":["beats_input_codec_plain_applied"],"task":"Systemintegrität","record_number":"16730","type":"wineventlog","host":{"name":"flare-PC"},"event_id":5056,"opcode":"Info"}
{"index":{"_index":"winlogbeat-6.4.0-2018.09.19","_type":"doc","_id":"Q1_h8WUBfVn9xHWiGjq4"}}
{"thread_id":648,"event_data":{"param2":"Ausgeführt","param1":"Heimnetzgruppen-Listener","Binary":"48006F006D006500470072006F00750070004C0069007300740065006E00650072002F0034000000"},"@timestamp":"2018-09-19T12:49:41.203Z","keywords":["Klassisch"],"log_name":"System","level":"Informationen","computer_name":"flare-PC","source_name":"Service Control Manager","process_id":488,"provider_guid":"{555908d1-a6d7-4695-8e1e-26931d2012f4}","message":"Dienst \"Heimnetzgruppen-Listener\" befindet sich jetzt im Status \"Ausgeführt\".","@version":"1","beat":{"version":"6.4.0","name":"flare-PC","hostname":"flare-PC"},"tags":["beats_input_codec_plain_applied"],"type":"wineventlog","event_id":7036,"record_number":"11708","host":{"name":"flare-PC"}}
{"index":{"_index":"winlogbeat-6.4.0-2018.09.19","_type":"doc","_id":"M1_g8WUBfVn9xHWi9DrZ"}}
{"thread_id":604,"event_data":{"param2":"Ausgeführt","Binary":"420072006F0077007300650072002F0034000000","param1":"Computerbrowser"},"@timestamp":"2018-09-19T12:49:30.986Z","keywords":["Klassisch"],"log_name":"System","level":"Informationen","computer_name":"flare-PC","source_name":"Service Control Manager","process_id":488,"provider_guid":"{555908d1-a6d7-4695-8e1e-26931d2012f4}","message":"Dienst \"Computerbrowser\" befindet sich jetzt im Status \"Ausgeführt\".","@version":"1","beat":{"version":"6.4.0","name":"flare-PC","hostname":"flare-PC"},"tags":["beats_input_codec_plain_applied"],"type":"wineventlog","event_id":7036,"record_number":"11699","host":{"name":"flare-PC"}}
{"index":{"_index":"winlogbeat-6.4.0-2018.09.19","_type":"doc","_id":"al_j8WUBfVn9xHWi1jpi"}}
{"thread_id":1824,"event_data":{"LogonId":"0xe320","Product":"Betriebssystem Microsoft® Windows®","ParentProcessGuid":"{2D3B23BE-45D0-5BA2-0000-0010C3580100}","Image":"C:\\Windows\\System32\\calc.exe","Hashes":"MD5=10E4A1D2132CCB5C6759F038CDB6F3C9,SHA256=C6A91CBA00BF87CDB064C49ADAAC82255CBEC6FDD48FD21F9B3B96ABF019916B","Description":"Windows-Rechner","User":"flare-PC\\flare","ParentImage":"C:\\Windows\\explorer.exe","ParentCommandLine":"C:\\Windows\\Explorer.EXE","UtcTime":"2018-09-19 12:52:30.913","LogonGuid":"{2D3B23BE-45CC-5BA2-0000-002020E30000}","CommandLine":"\"C:\\Windows\\system32\\calc.exe\" ","ParentProcessId":"1692","ProcessId":"3432","Company":"Microsoft Corporation","IntegrityLevel":"Medium","TerminalSessionId":"1","CurrentDirectory":"C:\\Windows\\system32\\","FileVersion":"6.1.7600.16385 (win7_rtm.090713-1255)","ProcessGuid":"{2D3B23BE-468E-5BA2-0000-0010A0C60400}"},"@timestamp":"2018-09-19T12:52:30.928Z","log_name":"Microsoft-Windows-Sysmon/Operational","level":"Informationen","computer_name":"flare-PC","source_name":"Microsoft-Windows-Sysmon","process_id":1304,"message":"Process Create:\nRuleName: \nUtcTime: 2018-09-19 12:52:30.913\nProcessGuid: {2D3B23BE-468E-5BA2-0000-0010A0C60400}\nProcessId: 3432\nImage: C:\\Windows\\System32\\calc.exe\nFileVersion: 6.1.7600.16385 (win7_rtm.090713-1255)\nDescription: Windows-Rechner\nProduct: Betriebssystem Microsoft® Windows®\nCompany: Microsoft Corporation\nCommandLine: \"C:\\Windows\\system32\\calc.exe\" \nCurrentDirectory: C:\\Windows\\system32\\\nUser: flare-PC\\flare\nLogonGuid: {2D3B23BE-45CC-5BA2-0000-002020E30000}\nLogonId: 0xe320\nTerminalSessionId: 1\nIntegrityLevel: Medium\nHashes: MD5=10E4A1D2132CCB5C6759F038CDB6F3C9,SHA256=C6A91CBA00BF87CDB064C49ADAAC82255CBEC6FDD48FD21F9B3B96ABF019916B\nParentProcessGuid: {2D3B23BE-45D0-5BA2-0000-0010C3580100}\nParentProcessId: 1692\nParentImage: C:\\Windows\\explorer.exe\nParentCommandLine: C:\\Windows\\Explorer.EXE","@version":"1","provider_guid":"{5770385F-C22A-43E0-BF4C-06F5698FFBD9}","beat":{"version":"6.4.0","name":"flare-PC","hostname":"flare-PC"},"tags":["beats_input_codec_plain_applied"],"task":"Process Create (rule: ProcessCreate)","record_number":"889","event_id":1,"host":{"name":"flare-PC"},"version":5,"type":"wineventlog","user":{"name":"SYSTEM","identifier":"S-1-5-18","domain":"NT-AUTORITÄT","type":"User"},"opcode":"Info"}
{"index":{"_index":"winlogbeat-6.4.0-2018.09.19","_type":"doc","_id":"VF_i8WUBfVn9xHWihjoC"}}
{"thread_id":1824,"event_data":{"ParentProcessGuid":"{2D3B23BE-45D0-5BA2-0000-0010C3580100}","User":"flare-PC\\flare","UtcTime":"2018-09-19 12:51:10.756","Hashes":"MD5=FA64B4AEB420A6C292F877E90D0670A5,SHA256=377D3B741D8447B9BBD5F6FA700151A6CE8412CA15792BA4EAAA3174B1763BA4","Image":"C:\\Program Files\\Mozilla Firefox\\firefox.exe","Product":"Firefox","LogonId":"0xe320","FileVersion":"62.0","ParentImage":"C:\\Windows\\explorer.exe","ParentCommandLine":"C:\\Windows\\Explorer.EXE","Company":"Mozilla Corporation","LogonGuid":"{2D3B23BE-45CC-5BA2-0000-002020E30000}","TerminalSessionId":"1","ProcessId":"588","ParentProcessId":"1692","CurrentDirectory":"C:\\Program Files\\Mozilla Firefox\\","CommandLine":"\"C:\\Program Files\\Mozilla Firefox\\firefox.exe\" ","Description":"Firefox","IntegrityLevel":"Medium","ProcessGuid":"{2D3B23BE-463E-5BA2-0000-001010000400}"},"@timestamp":"2018-09-19T12:51:10.758Z","log_name":"Microsoft-Windows-Sysmon/Operational","level":"Informationen","computer_name":"flare-PC","source_name":"Microsoft-Windows-Sysmon","process_id":1304,"message":"Process Create:\nRuleName: \nUtcTime: 2018-09-19 12:51:10.756\nProcessGuid: {2D3B23BE-463E-5BA2-0000-001010000400}\nProcessId: 588\nImage: C:\\Program Files\\Mozilla Firefox\\firefox.exe\nFileVersion: 62.0\nDescription: Firefox\nProduct: Firefox\nCompany: Mozilla Corporation\nCommandLine: \"C:\\Program Files\\Mozilla Firefox\\firefox.exe\" \nCurrentDirectory: C:\\Program Files\\Mozilla Firefox\\\nUser: flare-PC\\flare\nLogonGuid: {2D3B23BE-45CC-5BA2-0000-002020E30000}\nLogonId: 0xe320\nTerminalSessionId: 1\nIntegrityLevel: Medium\nHashes: MD5=FA64B4AEB420A6C292F877E90D0670A5,SHA256=377D3B741D8447B9BBD5F6FA700151A6CE8412CA15792BA4EAAA3174B1763BA4\nParentProcessGuid: {2D3B23BE-45D0-5BA2-0000-0010C3580100}\nParentProcessId: 1692\nParentImage: C:\\Windows\\explorer.exe\nParentCommandLine: C:\\Windows\\Explorer.EXE","@version":"1","provider_guid":"{5770385F-C22A-43E0-BF4C-06F5698FFBD9}","beat":{"version":"6.4.0","name":"flare-PC","hostname":"flare-PC"},"tags":["beats_input_codec_plain_applied"],"type":"wineventlog","record_number":"885","event_id":1,"version":5,"host":{"name":"flare-PC"},"task":"Process Create (rule: ProcessCreate)","user":{"name":"SYSTEM","identifier":"S-1-5-18","domain":"NT-AUTORITÄT","type":"User"},"opcode":"Info"}
{"index":{"_index":"winlogbeat-6.4.0-2018.09.19","_type":"doc","_id":"iV_p8WUBfVn9xHWiJjr9"}}
{"thread_id":1824,"event_data":{"ParentProcessGuid":"{2D3B23BE-47AA-5BA2-0000-0010E89A0600}","LogonId":"0xe2f8","UtcTime":"2018-09-19 12:58:02.395","Image":"C:\\Python27\\python.exe","Hashes":"MD5=BC14993E518A1BD00FAC706F653E28FE,SHA256=483863541FDA0DB28DF3BEFE559E484D64376DE0E702C0DC90F886EEB8F3905B","Description":"?","Product":"?","FileVersion":"?","ParentCommandLine":"\"C:\\Windows\\System32\\cmd.exe\" ","ParentImage":"C:\\Windows\\System32\\cmd.exe","Company":"?","TerminalSessionId":"1","CurrentDirectory":"C:\\Users\\flare\\AppData\\Roaming\\Microsoft\\Windows\\","ProcessId":"2184","ParentProcessId":"2776","CommandLine":"python","IntegrityLevel":"High","User":"flare-PC\\flare","LogonGuid":"{2D3B23BE-45CC-5BA2-0000-0020F8E20000}","ProcessGuid":"{2D3B23BE-47DA-5BA2-0000-001063C60600}"},"@timestamp":"2018-09-19T12:58:02.411Z","log_name":"Microsoft-Windows-Sysmon/Operational","level":"Informationen","computer_name":"flare-PC","source_name":"Microsoft-Windows-Sysmon","process_id":1304,"message":"Process Create:\nRuleName: \nUtcTime: 2018-09-19 12:58:02.395\nProcessGuid: {2D3B23BE-47DA-5BA2-0000-001063C60600}\nProcessId: 2184\nImage: C:\\Python27\\python.exe\nFileVersion: ?\nDescription: ?\nProduct: ?\nCompany: ?\nCommandLine: python\nCurrentDirectory: C:\\Users\\flare\\AppData\\Roaming\\Microsoft\\Windows\\\nUser: flare-PC\\flare\nLogonGuid: {2D3B23BE-45CC-5BA2-0000-0020F8E20000}\nLogonId: 0xe2f8\nTerminalSessionId: 1\nIntegrityLevel: High\nHashes: MD5=BC14993E518A1BD00FAC706F653E28FE,SHA256=483863541FDA0DB28DF3BEFE559E484D64376DE0E702C0DC90F886EEB8F3905B\nParentProcessGuid: {2D3B23BE-47AA-5BA2-0000-0010E89A0600}\nParentProcessId: 2776\nParentImage: C:\\Windows\\System32\\cmd.exe\nParentCommandLine: \"C:\\Windows\\System32\\cmd.exe\" ","@version":"1","provider_guid":"{5770385F-C22A-43E0-BF4C-06F5698FFBD9}","beat":{"version":"6.4.0","name":"flare-PC","hostname":"flare-PC"},"tags":["beats_input_codec_plain_applied"],"task":"Process Create (rule: ProcessCreate)","event_id":1,"record_number":"908","host":{"name":"flare-PC"},"user":{"name":"SYSTEM","identifier":"S-1-5-18","domain":"NT-AUTORITÄT","type":"User"},"version":5,"type":"wineventlog","opcode":"Info"}
{"index":{"_index":"winlogbeat-6.4.0-2018.09.19","_type":"doc","_id":"cV_n8WUBfVn9xHWiaToO"}}
{"thread_id":1824,"event_data":{"CreationUtcTime":"2018-09-19 12:56:11.316","UtcTime":"2018-09-19 12:56:14.580","Image":"C:\\Program Files\\Mozilla Firefox\\firefox.exe","TargetFilename":"C:\\Users\\flare\\Downloads\\python-2.7.15.amd64.msi:Zone.Identifier","ProcessId":"588","ProcessGuid":"{2D3B23BE-463E-5BA2-0000-001010000400}"},"@timestamp":"2018-09-19T12:56:14.580Z","log_name":"Microsoft-Windows-Sysmon/Operational","level":"Informationen","computer_name":"flare-PC","source_name":"Microsoft-Windows-Sysmon","process_id":1304,"@version":"1","message":"File created:\nRuleName: \nUtcTime: 2018-09-19 12:56:14.580\nProcessGuid: {2D3B23BE-463E-5BA2-0000-001010000400}\nProcessId: 588\nImage: C:\\Program Files\\Mozilla Firefox\\firefox.exe\nTargetFilename: C:\\Users\\flare\\Downloads\\python-2.7.15.amd64.msi:Zone.Identifier\nCreationUtcTime: 2018-09-19 12:56:11.316","provider_guid":"{5770385F-C22A-43E0-BF4C-06F5698FFBD9}","beat":{"version":"6.4.0","name":"flare-PC","hostname":"flare-PC"},"tags":["beats_input_codec_plain_applied"],"type":"wineventlog","task":"File created (rule: FileCreate)","event_id":11,"record_number":"896","version":2,"host":{"name":"flare-PC"},"user":{"name":"SYSTEM","identifier":"S-1-5-18","type":"User","domain":"NT-AUTORITÄT"},"opcode":"Info"}
{"index":{"_index":"winlogbeat-6.4.0-2018.09.19","_type":"doc","_id":"cl_n8WUBfVn9xHWiaToP"}}
{"thread_id":1824,"event_data":{"CreationUtcTime":"2018-09-19 12:56:13.498","UtcTime":"2018-09-19 12:56:13.498","Image":"C:\\Program Files\\Mozilla Firefox\\firefox.exe","TargetFilename":"C:\\Users\\flare\\Downloads\\python-2.7.15.amd64.msi","ProcessId":"588","ProcessGuid":"{2D3B23BE-463E-5BA2-0000-001010000400}"},"@timestamp":"2018-09-19T12:56:13.498Z","log_name":"Microsoft-Windows-Sysmon/Operational","level":"Informationen","computer_name":"flare-PC","source_name":"Microsoft-Windows-Sysmon","process_id":1304,"message":"File created:\nRuleName: \nUtcTime: 2018-09-19 12:56:13.498\nProcessGuid: {2D3B23BE-463E-5BA2-0000-001010000400}\nProcessId: 588\nImage: C:\\Program Files\\Mozilla Firefox\\firefox.exe\nTargetFilename: C:\\Users\\flare\\Downloads\\python-2.7.15.amd64.msi\nCreationUtcTime: 2018-09-19 12:56:13.498","@version":"1","provider_guid":"{5770385F-C22A-43E0-BF4C-06F5698FFBD9}","beat":{"version":"6.4.0","name":"flare-PC","hostname":"flare-PC"},"tags":["beats_input_codec_plain_applied"],"type":"wineventlog","event_id":11,"record_number":"894","host":{"name":"flare-PC"},"version":2,"user":{"name":"SYSTEM","domain":"NT-AUTORITÄT","type":"User","identifier":"S-1-5-18"},"task":"File created (rule: FileCreate)","opcode":"Info"}
