{"index":{"_index":"winlogbeat-6.4.0-2018.09.19","_type":"doc","_id":"H1_x8WUBfVn9xHWiSTto"}}
{"thread_id":1824,"event_data":{"CreationUtcTime":"2018-09-19 13:06:36.468","UtcTime":"2018-09-19 13:06:36.468","Image":"C:\\Program Files\\7-Zip\\7zG.exe","TargetFilename":"C:\\Users\\flare\\Downloads\\SysinternalsSuite\\Volumeid64.exe","ProcessId":"3056","ProcessGuid":"{2D3B23BE-49CF-5BA2-0000-001095020A00}"},"@timestamp":"2018-09-19T13:06:36.468Z","log_name":"Microsoft-Windows-Sysmon/Operational","level":"Informationen","computer_name":"flare-PC","source_name":"Microsoft-Windows-Sysmon","process_id":1304,"message":"File created:\nRuleName: \nUtcTime: 2018-09-19 13:06:36.468\nProcessGuid: {2D3B23BE-49CF-5BA2-0000-001095020A00}\nProcessId: 3056\nImage: C:\\Program Files\\7-Zip\\7zG.exe\nTargetFilename: C:\\Users\\flare\\Downloads\\SysinternalsSuite\\Volumeid64.exe\nCreationUtcTime: 2018-09-19 13:06:36.468","@version":"1","provider_guid":"{5770385F-C22A-43E0-BF4C-06F5698FFBD9}","beat":{"version":"6.4.0","name":"flare-PC","hostname":"flare-PC"},"tags":["beats_input_codec_plain_applied"],"type":"wineventlog","task":"File created (rule: FileCreate)","event_id":11,"host":{"name":"flare-PC"},"user":{"name":"SYSTEM","domain":"NT-AUTORITÄT","type":"User","identifier":"S-1-5-18"},"record_number":"1113","version":2,"opcode":"Info"}
{"index":{"_index":"winlogbeat-6.4.0-2018.09.19","_type":"doc","_id":"IF_x8WUBfVn9xHWiSTto"}}
{"thread_id":1824,"event_data":{"CreationUtcTime":"2018-09-19 13:06:36.484","UtcTime":"2018-09-19 13:06:36.484","Image":"C:\\Program Files\\7-Zip\\7zG.exe","TargetFilename":"C:\\Users\\flare\\Downloads\\SysinternalsSuite\\PsInfo64.exe","ProcessId":"3056","ProcessGuid":"{2D3B23BE-49CF-5BA2-0000-001095020A00}"},"@timestamp":"2018-09-19T13:06:36.484Z","log_name":"Microsoft-Windows-Sysmon/Operational","level":"Informationen","computer_name":"flare-PC","source_name":"Microsoft-Windows-Sysmon","process_id":1304,"message":"File created:\nRuleName: \nUtcTime: 2018-09-19 13:06:36.484\nProcessGuid: {2D3B23BE-49CF-5BA2-0000-001095020A00}\nProcessId: 3056\nImage: C:\\Program Files\\7-Zip\\7zG.exe\nTargetFilename: C:\\Users\\flare\\Downloads\\SysinternalsSuite\\PsInfo64.exe\nCreationUtcTime: 2018-09-19 13:06:36.484","@version":"1","provider_guid":"{5770385F-C22A-43E0-BF4C-06F5698FFBD9}","beat":{"version":"6.4.0","name":"flare-PC","hostname":"flare-PC"},"tags":["beats_input_codec_plain_applied"],"type":"wineventlog","record_number":"1117","event_id":11,"version":2,"user":{"name":"SYSTEM","domain":"NT-AUTORITÄT","type":"User","identifier":"S-1-5-18"},"task":"File created (rule: FileCreate)","host":{"name":"flare-PC"},"opcode":"Info"}
{"index":{"_index":"winlogbeat-6.4.0-2018.09.19","_type":"doc","_id":"IV_x8WUBfVn9xHWiSTto"}}
{"thread_id":1824,"event_data":{"CreationUtcTime":"2018-09-19 13:06:36.500","UtcTime":"2018-09-19 13:06:36.500","Image":"C:\\Program Files\\7-Zip\\7zG.exe","TargetFilename":"C:\\Users\\flare\\Downloads\\SysinternalsSuite\\ru64.exe","ProcessId":"3056","ProcessGuid":"{2D3B23BE-49CF-5BA2-0000-001095020A00}"},"@timestamp":"2018-09-19T13:06:36.500Z","log_name":"Microsoft-Windows-Sysmon/Operational","level":"Informationen","computer_name":"flare-PC","source_name":"Microsoft-Windows-Sysmon","process_id":1304,"message":"File created:\nRuleName: \nUtcTime: 2018-09-19 13:06:36.500\nProcessGuid: {2D3B23BE-49CF-5BA2-0000-001095020A00}\nProcessId: 3056\nImage: C:\\Program Files\\7-Zip\\7zG.exe\nTargetFilename: C:\\Users\\flare\\Downloads\\SysinternalsSuite\\ru64.exe\nCreationUtcTime: 2018-09-19 13:06:36.500","@version":"1","provider_guid":"{5770385F-C22A-43E0-BF4C-06F5698FFBD9}","beat":{"version":"6.4.0","name":"flare-PC","hostname":"flare-PC"},"tags":["beats_input_codec_plain_applied"],"task":"File created (rule: FileCreate)","type":"wineventlog","record_number":"1121","version":2,"host":{"name":"flare-PC"},"user":{"domain":"NT-AUTORITÄT","identifier":"S-1-5-18","type":"User","name":"SYSTEM"},"event_id":11,"opcode":"Info"}
{"index":{"_index":"winlogbeat-6.4.0-2018.09.19","_type":"doc","_id":"J1_x8WUBfVn9xHWiSTto"}}
{"thread_id":1824,"event_data":{"CreationUtcTime":"2018-09-19 13:06:36.642","UtcTime":"2018-09-19 13:06:36.642","Image":"C:\\Program Files\\7-Zip\\7zG.exe","TargetFilename":"C:\\Users\\flare\\Downloads\\SysinternalsSuite\\handle64.exe","ProcessId":"3056","ProcessGuid":"{2D3B23BE-49CF-5BA2-0000-001095020A00}"},"@timestamp":"2018-09-19T13:06:36.642Z","log_name":"Microsoft-Windows-Sysmon/Operational","level":"Informationen","computer_name":"flare-PC","source_name":"Microsoft-Windows-Sysmon","process_id":1304,"@version":"1","provider_guid":"{5770385F-C22A-43E0-BF4C-06F5698FFBD9}","message":"File created:\nRuleName: \nUtcTime: 2018-09-19 13:06:36.642\nProcessGuid: {2D3B23BE-49CF-5BA2-0000-001095020A00}\nProcessId: 3056\nImage: C:\\Program Files\\7-Zip\\7zG.exe\nTargetFilename: C:\\Users\\flare\\Downloads\\SysinternalsSuite\\handle64.exe\nCreationUtcTime: 2018-09-19 13:06:36.642","beat":{"version":"6.4.0","name":"flare-PC","hostname":"flare-PC"},"tags":["beats_input_codec_plain_applied"],"type":"wineventlog","task":"File created (rule: FileCreate)","record_number":"1145","version":2,"event_id":11,"host":{"name":"flare-PC"},"user":{"name":"SYSTEM","identifier":"S-1-5-18","domain":"NT-AUTORITÄT","type":"User"},"opcode":"Info"}
{"index":{"_index":"winlogbeat-6.4.0-2018.09.19","_type":"doc","_id":"KF_x8WUBfVn9xHWiSTto"}}
{"thread_id":1824,"event_data":{"CreationUtcTime":"2018-09-19 13:06:36.736","UtcTime":"2018-09-19 13:06:36.736","Image":"C:\\Program Files\\7-Zip\\7zG.exe","TargetFilename":"C:\\Users\\flare\\Downloads\\SysinternalsSuite\\sdelete64.exe","ProcessId":"3056","ProcessGuid":"{2D3B23BE-49CF-5BA2-0000-001095020A00}"},"@timestamp":"2018-09-19T13:06:36.736Z","log_name":"Microsoft-Windows-Sysmon/Operational","level":"Informationen","computer_name":"flare-PC","source_name":"Microsoft-Windows-Sysmon","process_id":1304,"message":"File created:\nRuleName: \nUtcTime: 2018-09-19 13:06:36.736\nProcessGuid: {2D3B23BE-49CF-5BA2-0000-001095020A00}\nProcessId: 3056\nImage: C:\\Program Files\\7-Zip\\7zG.exe\nTargetFilename: C:\\Users\\flare\\Downloads\\SysinternalsSuite\\sdelete64.exe\nCreationUtcTime: 2018-09-19 13:06:36.736","@version":"1","provider_guid":"{5770385F-C22A-43E0-BF4C-06F5698FFBD9}","beat":{"version":"6.4.0","name":"flare-PC","hostname":"flare-PC"},"tags":["beats_input_codec_plain_applied"],"type":"wineventlog","task":"File created (rule: FileCreate)","record_number":"1149","version":2,"user":{"name":"SYSTEM","identifier":"S-1-5-18","domain":"NT-AUTORITÄT","type":"User"},"event_id":11,"host":{"name":"flare-PC"},"opcode":"Info"}
{"index":{"_index":"winlogbeat-6.4.0-2018.09.19","_type":"doc","_id":"KV_x8WUBfVn9xHWiSTto"}}
{"thread_id":1824,"event_data":{"CreationUtcTime":"2018-09-19 13:06:36.767","UtcTime":"2018-09-19 13:06:36.767","Image":"C:\\Program Files\\7-Zip\\7zG.exe","TargetFilename":"C:\\Users\\flare\\Downloads\\SysinternalsSuite\\procmon.chm","ProcessId":"3056","ProcessGuid":"{2D3B23BE-49CF-5BA2-0000-001095020A00}"},"@timestamp":"2018-09-19T13:06:36.767Z","log_name":"Microsoft-Windows-Sysmon/Operational","level":"Informationen","computer_name":"flare-PC","source_name":"Microsoft-Windows-Sysmon","process_id":1304,"@version":"1","provider_guid":"{5770385F-C22A-43E0-BF4C-06F5698FFBD9}","message":"File created:\nRuleName: \nUtcTime: 2018-09-19 13:06:36.767\nProcessGuid: {2D3B23BE-49CF-5BA2-0000-001095020A00}\nProcessId: 3056\nImage: C:\\Program Files\\7-Zip\\7zG.exe\nTargetFilename: C:\\Users\\flare\\Downloads\\SysinternalsSuite\\procmon.chm\nCreationUtcTime: 2018-09-19 13:06:36.767","beat":{"version":"6.4.0","name":"flare-PC","hostname":"flare-PC"},"tags":["beats_input_codec_plain_applied"],"type":"wineventlog","record_number":"1153","event_id":11,"host":{"name":"flare-PC"},"user":{"name":"SYSTEM","identifier":"S-1-5-18","domain":"NT-AUTORITÄT","type":"User"},"version":2,"task":"File created (rule: FileCreate)","opcode":"Info"}
{"index":{"_index":"winlogbeat-6.4.0-2018.09.19","_type":"doc","_id":"Kl_x8WUBfVn9xHWiSTto"}}
{"thread_id":1824,"event_data":{"CreationUtcTime":"2018-09-19 13:06:36.783","UtcTime":"2018-09-19 13:06:36.783","Image":"C:\\Program Files\\7-Zip\\7zG.exe","TargetFilename":"C:\\Users\\flare\\Downloads\\SysinternalsSuite\\Sysmon.exe","ProcessId":"3056","ProcessGuid":"{2D3B23BE-49CF-5BA2-0000-001095020A00}"},"@timestamp":"2018-09-19T13:06:36.783Z","log_name":"Microsoft-Windows-Sysmon/Operational","level":"Informationen","computer_name":"flare-PC","source_name":"Microsoft-Windows-Sysmon","process_id":1304,"@version":"1","provider_guid":"{5770385F-C22A-43E0-BF4C-06F5698FFBD9}","message":"File created:\nRuleName: \nUtcTime: 2018-09-19 13:06:36.783\nProcessGuid: {2D3B23BE-49CF-5BA2-0000-001095020A00}\nProcessId: 3056\nImage: C:\\Program Files\\7-Zip\\7zG.exe\nTargetFilename: C:\\Users\\flare\\Downloads\\SysinternalsSuite\\Sysmon.exe\nCreationUtcTime: 2018-09-19 13:06:36.783","beat":{"version":"6.4.0","name":"flare-PC","hostname":"flare-PC"},"tags":["beats_input_codec_plain_applied"],"type":"wineventlog","task":"File created (rule: FileCreate)","record_number":"1157","version":2,"user":{"domain":"NT-AUTORITÄT","identifier":"S-1-5-18","type":"User","name":"SYSTEM"},"event_id":11,"host":{"name":"flare-PC"},"opcode":"Info"}
{"index":{"_index":"winlogbeat-6.4.0-2018.09.19","_type":"doc","_id":"Ll_x8WUBfVn9xHWiSTtr"}}
{"thread_id":1824,"event_data":{"CreationUtcTime":"2018-09-19 13:06:35.999","UtcTime":"2018-09-19 13:06:35.999","Image":"C:\\Program Files\\7-Zip\\7zG.exe","TargetFilename":"C:\\Users\\flare\\Downloads\\SysinternalsSuite\\ctrl2cap.nt5.sys","ProcessId":"3056","ProcessGuid":"{2D3B23BE-49CF-5BA2-0000-001095020A00}"},"@timestamp":"2018-09-19T13:06:35.999Z","log_name":"Microsoft-Windows-Sysmon/Operational","level":"Informationen","computer_name":"flare-PC","source_name":"Microsoft-Windows-Sysmon","process_id":1304,"message":"File created:\nRuleName: \nUtcTime: 2018-09-19 13:06:35.999\nProcessGuid: {2D3B23BE-49CF-5BA2-0000-001095020A00}\nProcessId: 3056\nImage: C:\\Program Files\\7-Zip\\7zG.exe\nTargetFilename: C:\\Users\\flare\\Downloads\\SysinternalsSuite\\ctrl2cap.nt5.sys\nCreationUtcTime: 2018-09-19 13:06:35.999","@version":"1","provider_guid":"{5770385F-C22A-43E0-BF4C-06F5698FFBD9}","beat":{"version":"6.4.0","name":"flare-PC","hostname":"flare-PC"},"tags":["beats_input_codec_plain_applied"],"task":"File created (rule: FileCreate)","event_id":11,"type":"wineventlog","host":{"name":"flare-PC"},"user":{"name":"SYSTEM","identifier":"S-1-5-18","type":"User","domain":"NT-AUTORITÄT"},"record_number":"1028","version":2,"opcode":"Info"}
{"index":{"_index":"winlogbeat-6.4.0-2018.09.19","_type":"doc","_id":"MF_x8WUBfVn9xHWiSTtr"}}
{"thread_id":1824,"event_data":{"CreationUtcTime":"2018-09-19 13:06:36.124","UtcTime":"2018-09-19 13:06:36.124","Image":"C:\\Program Files\\7-Zip\\7zG.exe","TargetFilename":"C:\\Users\\flare\\Downloads\\SysinternalsSuite\\DiskView.exe","ProcessId":"3056","ProcessGuid":"{2D3B23BE-49CF-5BA2-0000-001095020A00}"},"@timestamp":"2018-09-19T13:06:36.124Z","log_name":"Microsoft-Windows-Sysmon/Operational","level":"Informationen","computer_name":"flare-PC","source_name":"Microsoft-Windows-Sysmon","process_id":1304,"message":"File created:\nRuleName: \nUtcTime: 2018-09-19 13:06:36.124\nProcessGuid: {2D3B23BE-49CF-5BA2-0000-001095020A00}\nProcessId: 3056\nImage: C:\\Program Files\\7-Zip\\7zG.exe\nTargetFilename: C:\\Users\\flare\\Downloads\\SysinternalsSuite\\DiskView.exe\nCreationUtcTime: 2018-09-19 13:06:36.124","@version":"1","provider_guid":"{5770385F-C22A-43E0-BF4C-06F5698FFBD9}","beat":{"version":"6.4.0","name":"flare-PC","hostname":"flare-PC"},"tags":["beats_input_codec_plain_applied"],"task":"File created (rule: FileCreate)","type":"wineventlog","event_id":11,"version":2,"user":{"domain":"NT-AUTORITÄT","identifier":"S-1-5-18","type":"User","name":"SYSTEM"},"host":{"name":"flare-PC"},"record_number":"1036","opcode":"Info"}
{"index":{"_index":"winlogbeat-6.4.0-2018.09.19","_type":"doc","_id":"MV_x8WUBfVn9xHWiSTtr"}}
{"thread_id":1824,"event_data":{"CreationUtcTime":"2018-09-19 13:06:36.170","UtcTime":"2018-09-19 13:06:36.170","Image":"C:\\Program Files\\7-Zip\\7zG.exe","TargetFilename":"C:\\Users\\flare\\Downloads\\SysinternalsSuite\\pagedfrg.exe","ProcessId":"3056","ProcessGuid":"{2D3B23BE-49CF-5BA2-0000-001095020A00}"},"@timestamp":"2018-09-19T13:06:36.170Z","log_name":"Microsoft-Windows-Sysmon/Operational","level":"Informationen","computer_name":"flare-PC","source_name":"Microsoft-Windows-Sysmon","process_id":1304,"message":"File created:\nRuleName: \nUtcTime: 2018-09-19 13:06:36.170\nProcessGuid: {2D3B23BE-49CF-5BA2-0000-001095020A00}\nProcessId: 3056\nImage: C:\\Program Files\\7-Zip\\7zG.exe\nTargetFilename: C:\\Users\\flare\\Downloads\\SysinternalsSuite\\pagedfrg.exe\nCreationUtcTime: 2018-09-19 13:06:36.170","@version":"1","provider_guid":"{5770385F-C22A-43E0-BF4C-06F5698FFBD9}","beat":{"version":"6.4.0","name":"flare-PC","hostname":"flare-PC"},"tags":["beats_input_codec_plain_applied"],"type":"wineventlog","record_number":"1040","event_id":11,"host":{"name":"flare-PC"},"version":2,"task":"File created (rule: FileCreate)","user":{"name":"SYSTEM","identifier":"S-1-5-18","type":"User","domain":"NT-AUTORITÄT"},"opcode":"Info"}
{"index":{"_index":"winlogbeat-6.4.0-2018.09.19","_type":"doc","_id":"M1_x8WUBfVn9xHWiSTtr"}}
{"thread_id":1824,"event_data":{"CreationUtcTime":"2018-09-19 13:06:36.187","UtcTime":"2018-09-19 13:06:36.187","Image":"C:\\Program Files\\7-Zip\\7zG.exe","TargetFilename":"C:\\Users\\flare\\Downloads\\SysinternalsSuite\\psversion.txt","ProcessId":"3056","ProcessGuid":"{2D3B23BE-49CF-5BA2-0000-001095020A00}"},"@timestamp":"2018-09-19T13:06:36.187Z","log_name":"Microsoft-Windows-Sysmon/Operational","level":"Informationen","computer_name":"flare-PC","source_name":"Microsoft-Windows-Sysmon","process_id":1304,"message":"File created:\nRuleName: \nUtcTime: 2018-09-19 13:06:36.187\nProcessGuid: {2D3B23BE-49CF-5BA2-0000-001095020A00}\nProcessId: 3056\nImage: C:\\Program Files\\7-Zip\\7zG.exe\nTargetFilename: C:\\Users\\flare\\Downloads\\SysinternalsSuite\\psversion.txt\nCreationUtcTime: 2018-09-19 13:06:36.187","@version":"1","provider_guid":"{5770385F-C22A-43E0-BF4C-06F5698FFBD9}","beat":{"version":"6.4.0","name":"flare-PC","hostname":"flare-PC"},"tags":["beats_input_codec_plain_applied"],"type":"wineventlog","task":"File created (rule: FileCreate)","event_id":11,"version":2,"user":{"name":"SYSTEM","domain":"NT-AUTORITÄT","type":"User","identifier":"S-1-5-18"},"host":{"name":"flare-PC"},"record_number":"1048","opcode":"Info"}
{"index":{"_index":"winlogbeat-6.4.0-2018.09.19","_type":"doc","_id":"NF_x8WUBfVn9xHWiSTtr"}}
{"thread_id":1824,"event_data":{"CreationUtcTime":"2018-09-19 13:06:36.187","UtcTime":"2018-09-19 13:06:36.187","Image":"C:\\Program Files\\7-Zip\\7zG.exe","TargetFilename":"C:\\Users\\flare\\Downloads\\SysinternalsSuite\\Tcpvcon.exe","ProcessId":"3056","ProcessGuid":"{2D3B23BE-49CF-5BA2-0000-001095020A00}"},"@timestamp":"2018-09-19T13:06:36.187Z","log_name":"Microsoft-Windows-Sysmon/Operational","level":"Informationen","computer_name":"flare-PC","source_name":"Microsoft-Windows-Sysmon","process_id":1304,"message":"File created:\nRuleName: \nUtcTime: 2018-09-19 13:06:36.187\nProcessGuid: {2D3B23BE-49CF-5BA2-0000-001095020A00}\nProcessId: 3056\nImage: C:\\Program Files\\7-Zip\\7zG.exe\nTargetFilename: C:\\Users\\flare\\Downloads\\SysinternalsSuite\\Tcpvcon.exe\nCreationUtcTime: 2018-09-19 13:06:36.187","@version":"1","provider_guid":"{5770385F-C22A-43E0-BF4C-06F5698FFBD9}","beat":{"version":"6.4.0","name":"flare-PC","hostname":"flare-PC"},"tags":["beats_input_codec_plain_applied"],"type":"wineventlog","record_number":"1052","task":"File created (rule: FileCreate)","host":{"name":"flare-PC"},"version":2,"user":{"name":"SYSTEM","identifier":"S-1-5-18","domain":"NT-AUTORITÄT","type":"User"},"event_id":11,"opcode":"Info"}
{"index":{"_index":"winlogbeat-6.4.0-2018.09.19","_type":"doc","_id":"N1_x8WUBfVn9xHWiSTtr"}}
{"thread_id":1824,"event_data":{"CreationUtcTime":"2018-09-19 13:06:36.281","UtcTime":"2018-09-19 13:06:36.281","Image":"C:\\Program Files\\7-Zip\\7zG.exe","TargetFilename":"C:\\Users\\flare\\Downloads\\SysinternalsSuite\\Clockres.exe","ProcessId":"3056","ProcessGuid":"{2D3B23BE-49CF-5BA2-0000-001095020A00}"},"@timestamp":"2018-09-19T13:06:36.281Z","log_name":"Microsoft-Windows-Sysmon/Operational","level":"Informationen","computer_name":"flare-PC","source_name":"Microsoft-Windows-Sysmon","process_id":1304,"message":"File created:\nRuleName: \nUtcTime: 2018-09-19 13:06:36.281\nProcessGuid: {2D3B23BE-49CF-5BA2-0000-001095020A00}\nProcessId: 3056\nImage: C:\\Program Files\\7-Zip\\7zG.exe\nTargetFilename: C:\\Users\\flare\\Downloads\\SysinternalsSuite\\Clockres.exe\nCreationUtcTime: 2018-09-19 13:06:36.281","@version":"1","provider_guid":"{5770385F-C22A-43E0-BF4C-06F5698FFBD9}","beat":{"version":"6.4.0","name":"flare-PC","hostname":"flare-PC"},"tags":["beats_input_codec_plain_applied"],"type":"wineventlog","event_id":11,"record_number":"1064","version":2,"host":{"name":"flare-PC"},"user":{"name":"SYSTEM","identifier":"S-1-5-18","domain":"NT-AUTORITÄT","type":"User"},"task":"File created (rule: FileCreate)","opcode":"Info"}
{"index":{"_index":"winlogbeat-6.4.0-2018.09.19","_type":"doc","_id":"OV_x8WUBfVn9xHWiSTtr"}}
{"thread_id":1824,"event_data":{"CreationUtcTime":"2018-09-19 13:06:36.312","UtcTime":"2018-09-19 13:06:36.312","Image":"C:\\Program Files\\7-Zip\\7zG.exe","TargetFilename":"C:\\Users\\flare\\Downloads\\SysinternalsSuite\\hex2dec.exe","ProcessId":"3056","ProcessGuid":"{2D3B23BE-49CF-5BA2-0000-001095020A00}"},"@timestamp":"2018-09-19T13:06:36.312Z","log_name":"Microsoft-Windows-Sysmon/Operational","level":"Informationen","computer_name":"flare-PC","source_name":"Microsoft-Windows-Sysmon","process_id":1304,"message":"File created:\nRuleName: \nUtcTime: 2018-09-19 13:06:36.312\nProcessGuid: {2D3B23BE-49CF-5BA2-0000-001095020A00}\nProcessId: 3056\nImage: C:\\Program Files\\7-Zip\\7zG.exe\nTargetFilename: C:\\Users\\flare\\Downloads\\SysinternalsSuite\\hex2dec.exe\nCreationUtcTime: 2018-09-19 13:06:36.312","@version":"1","provider_guid":"{5770385F-C22A-43E0-BF4C-06F5698FFBD9}","beat":{"version":"6.4.0","name":"flare-PC","hostname":"flare-PC"},"tags":["beats_input_codec_plain_applied"],"task":"File created (rule: FileCreate)","type":"wineventlog","event_id":11,"version":2,"user":{"name":"SYSTEM","identifier":"S-1-5-18","domain":"NT-AUTORITÄT","type":"User"},"host":{"name":"flare-PC"},"record_number":"1072","opcode":"Info"}
{"index":{"_index":"winlogbeat-6.4.0-2018.09.19","_type":"doc","_id":"Ol_x8WUBfVn9xHWiSTtr"}}
{"thread_id":1824,"event_data":{"CreationUtcTime":"2018-09-19 13:06:36.328","UtcTime":"2018-09-19 13:06:36.328","Image":"C:\\Program Files\\7-Zip\\7zG.exe","TargetFilename":"C:\\Users\\flare\\Downloads\\SysinternalsSuite\\Listdlls.exe","ProcessId":"3056","ProcessGuid":"{2D3B23BE-49CF-5BA2-0000-001095020A00}"},"@timestamp":"2018-09-19T13:06:36.328Z","log_name":"Microsoft-Windows-Sysmon/Operational","level":"Informationen","computer_name":"flare-PC","source_name":"Microsoft-Windows-Sysmon","process_id":1304,"provider_guid":"{5770385F-C22A-43E0-BF4C-06F5698FFBD9}","message":"File created:\nRuleName: \nUtcTime: 2018-09-19 13:06:36.328\nProcessGuid: {2D3B23BE-49CF-5BA2-0000-001095020A00}\nProcessId: 3056\nImage: C:\\Program Files\\7-Zip\\7zG.exe\nTargetFilename: C:\\Users\\flare\\Downloads\\SysinternalsSuite\\Listdlls.exe\nCreationUtcTime: 2018-09-19 13:06:36.328","@version":"1","beat":{"version":"6.4.0","name":"flare-PC","hostname":"flare-PC"},"tags":["beats_input_codec_plain_applied"],"type":"wineventlog","event_id":11,"record_number":"1076","host":{"name":"flare-PC"},"task":"File created (rule: FileCreate)","user":{"name":"SYSTEM","domain":"NT-AUTORITÄT","type":"User","identifier":"S-1-5-18"},"version":2,"opcode":"Info"}
{"index":{"_index":"winlogbeat-6.4.0-2018.09.19","_type":"doc","_id":"O1_x8WUBfVn9xHWiSTtr"}}
{"thread_id":1824,"event_data":{"CreationUtcTime":"2018-09-19 13:06:36.343","UtcTime":"2018-09-19 13:06:36.343","Image":"C:\\Program Files\\7-Zip\\7zG.exe","TargetFilename":"C:\\Users\\flare\\Downloads\\SysinternalsSuite\\LoadOrdC.exe","ProcessId":"3056","ProcessGuid":"{2D3B23BE-49CF-5BA2-0000-001095020A00}"},"@timestamp":"2018-09-19T13:06:36.343Z","log_name":"Microsoft-Windows-Sysmon/Operational","level":"Informationen","computer_name":"flare-PC","source_name":"Microsoft-Windows-Sysmon","process_id":1304,"message":"File created:\nRuleName: \nUtcTime: 2018-09-19 13:06:36.343\nProcessGuid: {2D3B23BE-49CF-5BA2-0000-001095020A00}\nProcessId: 3056\nImage: C:\\Program Files\\7-Zip\\7zG.exe\nTargetFilename: C:\\Users\\flare\\Downloads\\SysinternalsSuite\\LoadOrdC.exe\nCreationUtcTime: 2018-09-19 13:06:36.343","@version":"1","provider_guid":"{5770385F-C22A-43E0-BF4C-06F5698FFBD9}","beat":{"version":"6.4.0","name":"flare-PC","hostname":"flare-PC"},"tags":["beats_input_codec_plain_applied"],"type":"wineventlog","task":"File created (rule: FileCreate)","event_id":11,"host":{"name":"flare-PC"},"user":{"name":"SYSTEM","identifier":"S-1-5-18","domain":"NT-AUTORITÄT","type":"User"},"version":2,"record_number":"1080","opcode":"Info"}
{"index":{"_index":"winlogbeat-6.4.0-2018.09.19","_type":"doc","_id":"QF_x8WUBfVn9xHWiSTtr"}}
{"thread_id":1824,"event_data":{"CreationUtcTime":"2018-09-19 13:06:36.421","UtcTime":"2018-09-19 13:06:36.421","Image":"C:\\Program Files\\7-Zip\\7zG.exe","TargetFilename":"C:\\Users\\flare\\Downloads\\SysinternalsSuite\\PsLoggedon.exe","ProcessId":"3056","ProcessGuid":"{2D3B23BE-49CF-5BA2-0000-001095020A00}"},"@timestamp":"2018-09-19T13:06:36.421Z","log_name":"Microsoft-Windows-Sysmon/Operational","level":"Informationen","computer_name":"flare-PC","source_name":"Microsoft-Windows-Sysmon","process_id":1304,"provider_guid":"{5770385F-C22A-43E0-BF4C-06F5698FFBD9}","message":"File created:\nRuleName: \nUtcTime: 2018-09-19 13:06:36.421\nProcessGuid: {2D3B23BE-49CF-5BA2-0000-001095020A00}\nProcessId: 3056\nImage: C:\\Program Files\\7-Zip\\7zG.exe\nTargetFilename: C:\\Users\\flare\\Downloads\\SysinternalsSuite\\PsLoggedon.exe\nCreationUtcTime: 2018-09-19 13:06:36.421","@version":"1","beat":{"version":"6.4.0","name":"flare-PC","hostname":"flare-PC"},"tags":["beats_input_codec_plain_applied"],"task":"File created (rule: FileCreate)","record_number":"1100","type":"wineventlog","host":{"name":"flare-PC"},"user":{"name":"SYSTEM","identifier":"S-1-5-18","domain":"NT-AUTORITÄT","type":"User"},"version":2,"event_id":11,"opcode":"Info"}
{"index":{"_index":"winlogbeat-6.4.0-2018.09.19","_type":"doc","_id":"Rl_x8WUBfVn9xHWiSTtr"}}
{"thread_id":1824,"event_data":{"CreationUtcTime":"2018-09-19 13:06:36.500","UtcTime":"2018-09-19 13:06:36.500","Image":"C:\\Program Files\\7-Zip\\7zG.exe","TargetFilename":"C:\\Users\\flare\\Downloads\\SysinternalsSuite\\Autologon.exe","ProcessId":"3056","ProcessGuid":"{2D3B23BE-49CF-5BA2-0000-001095020A00}"},"@timestamp":"2018-09-19T13:06:36.500Z","log_name":"Microsoft-Windows-Sysmon/Operational","level":"Informationen","computer_name":"flare-PC","source_name":"Microsoft-Windows-Sysmon","process_id":1304,"message":"File created:\nRuleName: \nUtcTime: 2018-09-19 13:06:36.500\nProcessGuid: {2D3B23BE-49CF-5BA2-0000-001095020A00}\nProcessId: 3056\nImage: C:\\Program Files\\7-Zip\\7zG.exe\nTargetFilename: C:\\Users\\flare\\Downloads\\SysinternalsSuite\\Autologon.exe\nCreationUtcTime: 2018-09-19 13:06:36.500","@version":"1","provider_guid":"{5770385F-C22A-43E0-BF4C-06F5698FFBD9}","beat":{"version":"6.4.0","name":"flare-PC","hostname":"flare-PC"},"tags":["beats_input_codec_plain_applied"],"type":"wineventlog","record_number":"1124","event_id":11,"host":{"name":"flare-PC"},"user":{"name":"SYSTEM","identifier":"S-1-5-18","domain":"NT-AUTORITÄT","type":"User"},"version":2,"task":"File created (rule: FileCreate)","opcode":"Info"}
{"index":{"_index":"winlogbeat-6.4.0-2018.09.19","_type":"doc","_id":"TF_x8WUBfVn9xHWiSTtr"}}
{"thread_id":1824,"event_data":{"CreationUtcTime":"2018-09-19 13:06:36.720","UtcTime":"2018-09-19 13:06:36.720","Image":"C:\\Program Files\\7-Zip\\7zG.exe","TargetFilename":"C:\\Users\\flare\\Downloads\\SysinternalsSuite\\sdelete.exe","ProcessId":"3056","ProcessGuid":"{2D3B23BE-49CF-5BA2-0000-001095020A00}"},"@timestamp":"2018-09-19T13:06:36.720Z","log_name":"Microsoft-Windows-Sysmon/Operational","level":"Informationen","computer_name":"flare-PC","source_name":"Microsoft-Windows-Sysmon","process_id":1304,"message":"File created:\nRuleName: \nUtcTime: 2018-09-19 13:06:36.720\nProcessGuid: {2D3B23BE-49CF-5BA2-0000-001095020A00}\nProcessId: 3056\nImage: C:\\Program Files\\7-Zip\\7zG.exe\nTargetFilename: C:\\Users\\flare\\Downloads\\SysinternalsSuite\\sdelete.exe\nCreationUtcTime: 2018-09-19 13:06:36.720","@version":"1","provider_guid":"{5770385F-C22A-43E0-BF4C-06F5698FFBD9}","beat":{"version":"6.4.0","name":"flare-PC","hostname":"flare-PC"},"tags":["beats_input_codec_plain_applied"],"type":"wineventlog","record_number":"1148","event_id":11,"version":2,"user":{"name":"SYSTEM","domain":"NT-AUTORITÄT","type":"User","identifier":"S-1-5-18"},"task":"File created (rule: FileCreate)","host":{"name":"flare-PC"},"opcode":"Info"}
{"index":{"_index":"winlogbeat-6.4.0-2018.09.19","_type":"doc","_id":"Tl_x8WUBfVn9xHWiSTtr"}}
{"thread_id":1824,"event_data":{"CreationUtcTime":"2018-09-19 13:06:36.783","UtcTime":"2018-09-19 13:06:36.783","Image":"C:\\Program Files\\7-Zip\\7zG.exe","TargetFilename":"C:\\Users\\flare\\Downloads\\SysinternalsSuite\\PsGetsid64.exe","ProcessId":"3056","ProcessGuid":"{2D3B23BE-49CF-5BA2-0000-001095020A00}"},"@timestamp":"2018-09-19T13:06:36.783Z","log_name":"Microsoft-Windows-Sysmon/Operational","level":"Informationen","computer_name":"flare-PC","source_name":"Microsoft-Windows-Sysmon","process_id":1304,"message":"File created:\nRuleName: \nUtcTime: 2018-09-19 13:06:36.783\nProcessGuid: {2D3B23BE-49CF-5BA2-0000-001095020A00}\nProcessId: 3056\nImage: C:\\Program Files\\7-Zip\\7zG.exe\nTargetFilename: C:\\Users\\flare\\Downloads\\SysinternalsSuite\\PsGetsid64.exe\nCreationUtcTime: 2018-09-19 13:06:36.783","@version":"1","provider_guid":"{5770385F-C22A-43E0-BF4C-06F5698FFBD9}","beat":{"version":"6.4.0","name":"flare-PC","hostname":"flare-PC"},"tags":["beats_input_codec_plain_applied"],"task":"File created (rule: FileCreate)","record_number":"1156","event_id":11,"version":2,"host":{"name":"flare-PC"},"type":"wineventlog","user":{"domain":"NT-AUTORITÄT","identifier":"S-1-5-18","type":"User","name":"SYSTEM"},"opcode":"Info"}
{"index":{"_index":"winlogbeat-6.4.0-2018.09.19","_type":"doc","_id":"UV_x8WUBfVn9xHWiSTtt"}}
{"thread_id":1824,"event_data":{"CreationUtcTime":"2018-09-19 13:06:35.855","UtcTime":"2018-09-19 13:06:35.855","Image":"C:\\Program Files\\7-Zip\\7zG.exe","TargetFilename":"C:\\Users\\flare\\Downloads\\SysinternalsSuite\\adrestore.exe","ProcessId":"3056","ProcessGuid":"{2D3B23BE-49CF-5BA2-0000-001095020A00}"},"@timestamp":"2018-09-19T13:06:35.855Z","log_name":"Microsoft-Windows-Sysmon/Operational","level":"Informationen","computer_name":"flare-PC","source_name":"Microsoft-Windows-Sysmon","process_id":1304,"message":"File created:\nRuleName: \nUtcTime: 2018-09-19 13:06:35.855\nProcessGuid: {2D3B23BE-49CF-5BA2-0000-001095020A00}\nProcessId: 3056\nImage: C:\\Program Files\\7-Zip\\7zG.exe\nTargetFilename: C:\\Users\\flare\\Downloads\\SysinternalsSuite\\adrestore.exe\nCreationUtcTime: 2018-09-19 13:06:35.855","@version":"1","provider_guid":"{5770385F-C22A-43E0-BF4C-06F5698FFBD9}","beat":{"version":"6.4.0","name":"flare-PC","hostname":"flare-PC"},"tags":["beats_input_codec_plain_applied"],"type":"wineventlog","record_number":"1022","event_id":11,"version":2,"host":{"name":"flare-PC"},"task":"File created (rule: FileCreate)","user":{"name":"SYSTEM","identifier":"S-1-5-18","domain":"NT-AUTORITÄT","type":"User"},"opcode":"Info"}
{"index":{"_index":"winlogbeat-6.4.0-2018.09.19","_type":"doc","_id":"Ul_x8WUBfVn9xHWiSTtt"}}
{"thread_id":1824,"event_data":{"CreationUtcTime":"2018-09-19 13:06:35.999","UtcTime":"2018-09-19 13:06:35.999","Image":"C:\\Program Files\\7-Zip\\7zG.exe","TargetFilename":"C:\\Users\\flare\\Downloads\\SysinternalsSuite\\ctrl2cap.exe","ProcessId":"3056","ProcessGuid":"{2D3B23BE-49CF-5BA2-0000-001095020A00}"},"@timestamp":"2018-09-19T13:06:35.999Z","log_name":"Microsoft-Windows-Sysmon/Operational","level":"Informationen","computer_name":"flare-PC","source_name":"Microsoft-Windows-Sysmon","process_id":1304,"message":"File created:\nRuleName: \nUtcTime: 2018-09-19 13:06:35.999\nProcessGuid: {2D3B23BE-49CF-5BA2-0000-001095020A00}\nProcessId: 3056\nImage: C:\\Program Files\\7-Zip\\7zG.exe\nTargetFilename: C:\\Users\\flare\\Downloads\\SysinternalsSuite\\ctrl2cap.exe\nCreationUtcTime: 2018-09-19 13:06:35.999","@version":"1","provider_guid":"{5770385F-C22A-43E0-BF4C-06F5698FFBD9}","beat":{"version":"6.4.0","name":"flare-PC","hostname":"flare-PC"},"tags":["beats_input_codec_plain_applied"],"task":"File created (rule: FileCreate)","record_number":"1026","event_id":11,"version":2,"user":{"name":"SYSTEM","identifier":"S-1-5-18","domain":"NT-AUTORITÄT","type":"User"},"host":{"name":"flare-PC"},"type":"wineventlog","opcode":"Info"}
{"index":{"_index":"winlogbeat-6.4.0-2018.09.19","_type":"doc","_id":"WF_x8WUBfVn9xHWiSTtt"}}
{"thread_id":1824,"event_data":{"CreationUtcTime":"2018-09-19 13:06:36.187","UtcTime":"2018-09-19 13:06:36.187","Image":"C:\\Program Files\\7-Zip\\7zG.exe","TargetFilename":"C:\\Users\\flare\\Downloads\\SysinternalsSuite\\ShareEnum.exe","ProcessId":"3056","ProcessGuid":"{2D3B23BE-49CF-5BA2-0000-001095020A00}"},"@timestamp":"2018-09-19T13:06:36.187Z","log_name":"Microsoft-Windows-Sysmon/Operational","level":"Informationen","computer_name":"flare-PC","source_name":"Microsoft-Windows-Sysmon","process_id":1304,"message":"File created:\nRuleName: \nUtcTime: 2018-09-19 13:06:36.187\nProcessGuid: {2D3B23BE-49CF-5BA2-0000-001095020A00}\nProcessId: 3056\nImage: C:\\Program Files\\7-Zip\\7zG.exe\nTargetFilename: C:\\Users\\flare\\Downloads\\SysinternalsSuite\\ShareEnum.exe\nCreationUtcTime: 2018-09-19 13:06:36.187","@version":"1","provider_guid":"{5770385F-C22A-43E0-BF4C-06F5698FFBD9}","beat":{"version":"6.4.0","name":"flare-PC","hostname":"flare-PC"},"tags":["beats_input_codec_plain_applied"],"type":"wineventlog","event_id":11,"record_number":"1050","version":2,"user":{"domain":"NT-AUTORITÄT","identifier":"S-1-5-18","type":"User","name":"SYSTEM"},"host":{"name":"flare-PC"},"task":"File created (rule: FileCreate)","opcode":"Info"}
{"index":{"_index":"winlogbeat-6.4.0-2018.09.19","_type":"doc","_id":"Wl_x8WUBfVn9xHWiSTtt"}}
{"thread_id":1824,"event_data":{"CreationUtcTime":"2018-09-19 13:06:36.218","UtcTime":"2018-09-19 13:06:36.218","Image":"C:\\Program Files\\7-Zip\\7zG.exe","TargetFilename":"C:\\Users\\flare\\Downloads\\SysinternalsSuite\\ZoomIt.exe","ProcessId":"3056","ProcessGuid":"{2D3B23BE-49CF-5BA2-0000-001095020A00}"},"@timestamp":"2018-09-19T13:06:36.218Z","log_name":"Microsoft-Windows-Sysmon/Operational","level":"Informationen","computer_name":"flare-PC","source_name":"Microsoft-Windows-Sysmon","process_id":1304,"provider_guid":"{5770385F-C22A-43E0-BF4C-06F5698FFBD9}","message":"File created:\nRuleName: \nUtcTime: 2018-09-19 13:06:36.218\nProcessGuid: {2D3B23BE-49CF-5BA2-0000-001095020A00}\nProcessId: 3056\nImage: C:\\Program Files\\7-Zip\\7zG.exe\nTargetFilename: C:\\Users\\flare\\Downloads\\SysinternalsSuite\\ZoomIt.exe\nCreationUtcTime: 2018-09-19 13:06:36.218","@version":"1","beat":{"version":"6.4.0","name":"flare-PC","hostname":"flare-PC"},"tags":["beats_input_codec_plain_applied"],"type":"wineventlog","event_id":11,"record_number":"1058","version":2,"user":{"name":"SYSTEM","identifier":"S-1-5-18","type":"User","domain":"NT-AUTORITÄT"},"host":{"name":"flare-PC"},"task":"File created (rule: FileCreate)","opcode":"Info"}
{"index":{"_index":"winlogbeat-6.4.0-2018.09.19","_type":"doc","_id":"W1_x8WUBfVn9xHWiSTtt"}}
{"thread_id":1824,"event_data":{"CreationUtcTime":"2018-09-19 13:06:36.250","UtcTime":"2018-09-19 13:06:36.250","Image":"C:\\Program Files\\7-Zip\\7zG.exe","TargetFilename":"C:\\Users\\flare\\Downloads\\SysinternalsSuite\\ADInsight.chm","ProcessId":"3056","ProcessGuid":"{2D3B23BE-49CF-5BA2-0000-001095020A00}"},"@timestamp":"2018-09-19T13:06:36.250Z","log_name":"Microsoft-Windows-Sysmon/Operational","level":"Informationen","computer_name":"flare-PC","source_name":"Microsoft-Windows-Sysmon","process_id":1304,"@version":"1","provider_guid":"{5770385F-C22A-43E0-BF4C-06F5698FFBD9}","message":"File created:\nRuleName: \nUtcTime: 2018-09-19 13:06:36.250\nProcessGuid: {2D3B23BE-49CF-5BA2-0000-001095020A00}\nProcessId: 3056\nImage: C:\\Program Files\\7-Zip\\7zG.exe\nTargetFilename: C:\\Users\\flare\\Downloads\\SysinternalsSuite\\ADInsight.chm\nCreationUtcTime: 2018-09-19 13:06:36.250","beat":{"version":"6.4.0","name":"flare-PC","hostname":"flare-PC"},"tags":["beats_input_codec_plain_applied"],"task":"File created (rule: FileCreate)","event_id":11,"type":"wineventlog","version":2,"host":{"name":"flare-PC"},"user":{"name":"SYSTEM","domain":"NT-AUTORITÄT","type":"User","identifier":"S-1-5-18"},"record_number":"1062","opcode":"Info"}
{"index":{"_index":"winlogbeat-6.4.0-2018.09.19","_type":"doc","_id":"XF_x8WUBfVn9xHWiSTtt"}}
{"thread_id":1824,"event_data":{"CreationUtcTime":"2018-09-19 13:06:36.296","UtcTime":"2018-09-19 13:06:36.296","Image":"C:\\Program Files\\7-Zip\\7zG.exe","TargetFilename":"C:\\Users\\flare\\Downloads\\SysinternalsSuite\\Contig.exe","ProcessId":"3056","ProcessGuid":"{2D3B23BE-49CF-5BA2-0000-001095020A00}"},"@timestamp":"2018-09-19T13:06:36.296Z","log_name":"Microsoft-Windows-Sysmon/Operational","level":"Informationen","computer_name":"flare-PC","source_name":"Microsoft-Windows-Sysmon","process_id":1304,"@version":"1","provider_guid":"{5770385F-C22A-43E0-BF4C-06F5698FFBD9}","message":"File created:\nRuleName: \nUtcTime: 2018-09-19 13:06:36.296\nProcessGuid: {2D3B23BE-49CF-5BA2-0000-001095020A00}\nProcessId: 3056\nImage: C:\\Program Files\\7-Zip\\7zG.exe\nTargetFilename: C:\\Users\\flare\\Downloads\\SysinternalsSuite\\Contig.exe\nCreationUtcTime: 2018-09-19 13:06:36.296","beat":{"version":"6.4.0","name":"flare-PC","hostname":"flare-PC"},"tags":["beats_input_codec_plain_applied"],"type":"wineventlog","task":"File created (rule: FileCreate)","record_number":"1066","event_id":11,"user":{"name":"SYSTEM","identifier":"S-1-5-18","domain":"NT-AUTORITÄT","type":"User"},"version":2,"host":{"name":"flare-PC"},"opcode":"Info"}
{"index":{"_index":"winlogbeat-6.4.0-2018.09.19","_type":"doc","_id":"XV_x8WUBfVn9xHWiSTtt"}}
{"thread_id":1824,"event_data":{"CreationUtcTime":"2018-09-19 13:06:36.296","UtcTime":"2018-09-19 13:06:36.312","Image":"C:\\Program Files\\7-Zip\\7zG.exe","TargetFilename":"C:\\Users\\flare\\Downloads\\SysinternalsSuite\\FindLinks.exe","ProcessId":"3056","ProcessGuid":"{2D3B23BE-49CF-5BA2-0000-001095020A00}"},"@timestamp":"2018-09-19T13:06:36.312Z","log_name":"Microsoft-Windows-Sysmon/Operational","level":"Informationen","computer_name":"flare-PC","source_name":"Microsoft-Windows-Sysmon","process_id":1304,"message":"File created:\nRuleName: \nUtcTime: 2018-09-19 13:06:36.312\nProcessGuid: {2D3B23BE-49CF-5BA2-0000-001095020A00}\nProcessId: 3056\nImage: C:\\Program Files\\7-Zip\\7zG.exe\nTargetFilename: C:\\Users\\flare\\Downloads\\SysinternalsSuite\\FindLinks.exe\nCreationUtcTime: 2018-09-19 13:06:36.296","@version":"1","provider_guid":"{5770385F-C22A-43E0-BF4C-06F5698FFBD9}","beat":{"version":"6.4.0","name":"flare-PC","hostname":"flare-PC"},"tags":["beats_input_codec_plain_applied"],"type":"wineventlog","event_id":11,"task":"File created (rule: FileCreate)","record_number":"1070","user":{"domain":"NT-AUTORITÄT","identifier":"S-1-5-18","type":"User","name":"SYSTEM"},"host":{"name":"flare-PC"},"version":2,"opcode":"Info"}
{"index":{"_index":"winlogbeat-6.4.0-2018.09.19","_type":"doc","_id":"Xl_x8WUBfVn9xHWiSTtt"}}
{"thread_id":1824,"event_data":{"CreationUtcTime":"2018-09-19 13:06:36.312","UtcTime":"2018-09-19 13:06:36.312","Image":"C:\\Program Files\\7-Zip\\7zG.exe","TargetFilename":"C:\\Users\\flare\\Downloads\\SysinternalsSuite\\junction.exe","ProcessId":"3056","ProcessGuid":"{2D3B23BE-49CF-5BA2-0000-001095020A00}"},"@timestamp":"2018-09-19T13:06:36.312Z","log_name":"Microsoft-Windows-Sysmon/Operational","level":"Informationen","computer_name":"flare-PC","source_name":"Microsoft-Windows-Sysmon","process_id":1304,"provider_guid":"{5770385F-C22A-43E0-BF4C-06F5698FFBD9}","message":"File created:\nRuleName: \nUtcTime: 2018-09-19 13:06:36.312\nProcessGuid: {2D3B23BE-49CF-5BA2-0000-001095020A00}\nProcessId: 3056\nImage: C:\\Program Files\\7-Zip\\7zG.exe\nTargetFilename: C:\\Users\\flare\\Downloads\\SysinternalsSuite\\junction.exe\nCreationUtcTime: 2018-09-19 13:06:36.312","@version":"1","beat":{"version":"6.4.0","name":"flare-PC","hostname":"flare-PC"},"tags":["beats_input_codec_plain_applied"],"task":"File created (rule: FileCreate)","type":"wineventlog","record_number":"1074","event_id":11,"user":{"name":"SYSTEM","identifier":"S-1-5-18","domain":"NT-AUTORITÄT","type":"User"},"version":2,"host":{"name":"flare-PC"},"opcode":"Info"}
{"index":{"_index":"winlogbeat-6.4.0-2018.09.19","_type":"doc","_id":"X1_x8WUBfVn9xHWiSTtt"}}
{"thread_id":1824,"event_data":{"CreationUtcTime":"2018-09-19 13:06:36.328","UtcTime":"2018-09-19 13:06:36.328","Image":"C:\\Program Files\\7-Zip\\7zG.exe","TargetFilename":"C:\\Users\\flare\\Downloads\\SysinternalsSuite\\LoadOrd.exe","ProcessId":"3056","ProcessGuid":"{2D3B23BE-49CF-5BA2-0000-001095020A00}"},"@timestamp":"2018-09-19T13:06:36.328Z","log_name":"Microsoft-Windows-Sysmon/Operational","level":"Informationen","computer_name":"flare-PC","source_name":"Microsoft-Windows-Sysmon","process_id":1304,"message":"File created:\nRuleName: \nUtcTime: 2018-09-19 13:06:36.328\nProcessGuid: {2D3B23BE-49CF-5BA2-0000-001095020A00}\nProcessId: 3056\nImage: C:\\Program Files\\7-Zip\\7zG.exe\nTargetFilename: C:\\Users\\flare\\Downloads\\SysinternalsSuite\\LoadOrd.exe\nCreationUtcTime: 2018-09-19 13:06:36.328","@version":"1","provider_guid":"{5770385F-C22A-43E0-BF4C-06F5698FFBD9}","beat":{"version":"6.4.0","name":"flare-PC","hostname":"flare-PC"},"tags":["beats_input_codec_plain_applied"],"task":"File created (rule: FileCreate)","event_id":11,"type":"wineventlog","version":2,"host":{"name":"flare-PC"},"user":{"name":"SYSTEM","identifier":"S-1-5-18","domain":"NT-AUTORITÄT","type":"User"},"record_number":"1078","opcode":"Info"}
{"index":{"_index":"winlogbeat-6.4.0-2018.09.19","_type":"doc","_id":"ZF_x8WUBfVn9xHWiSTtt"}}
{"thread_id":1824,"event_data":{"CreationUtcTime":"2018-09-19 13:06:36.421","UtcTime":"2018-09-19 13:06:36.421","Image":"C:\\Program Files\\7-Zip\\7zG.exe","TargetFilename":"C:\\Users\\flare\\Downloads\\SysinternalsSuite\\pslist.exe","ProcessId":"3056","ProcessGuid":"{2D3B23BE-49CF-5BA2-0000-001095020A00}"},"@timestamp":"2018-09-19T13:06:36.421Z","log_name":"Microsoft-Windows-Sysmon/Operational","level":"Informationen","computer_name":"flare-PC","source_name":"Microsoft-Windows-Sysmon","process_id":1304,"provider_guid":"{5770385F-C22A-43E0-BF4C-06F5698FFBD9}","message":"File created:\nRuleName: \nUtcTime: 2018-09-19 13:06:36.421\nProcessGuid: {2D3B23BE-49CF-5BA2-0000-001095020A00}\nProcessId: 3056\nImage: C:\\Program Files\\7-Zip\\7zG.exe\nTargetFilename: C:\\Users\\flare\\Downloads\\SysinternalsSuite\\pslist.exe\nCreationUtcTime: 2018-09-19 13:06:36.421","@version":"1","beat":{"version":"6.4.0","name":"flare-PC","hostname":"flare-PC"},"tags":["beats_input_codec_plain_applied"],"task":"File created (rule: FileCreate)","event_id":11,"record_number":"1098","version":2,"user":{"domain":"NT-AUTORITÄT","identifier":"S-1-5-18","type":"User","name":"SYSTEM"},"type":"wineventlog","host":{"name":"flare-PC"},"opcode":"Info"}
{"index":{"_index":"winlogbeat-6.4.0-2018.09.19","_type":"doc","_id":"ZV_x8WUBfVn9xHWiSTtt"}}
{"thread_id":1824,"event_data":{"CreationUtcTime":"2018-09-19 13:06:36.437","UtcTime":"2018-09-19 13:06:36.437","Image":"C:\\Program Files\\7-Zip\\7zG.exe","TargetFilename":"C:\\Users\\flare\\Downloads\\SysinternalsSuite\\PsService.exe","ProcessId":"3056","ProcessGuid":"{2D3B23BE-49CF-5BA2-0000-001095020A00}"},"@timestamp":"2018-09-19T13:06:36.437Z","log_name":"Microsoft-Windows-Sysmon/Operational","level":"Informationen","computer_name":"flare-PC","source_name":"Microsoft-Windows-Sysmon","process_id":1304,"@version":"1","message":"File created:\nRuleName: \nUtcTime: 2018-09-19 13:06:36.437\nProcessGuid: {2D3B23BE-49CF-5BA2-0000-001095020A00}\nProcessId: 3056\nImage: C:\\Program Files\\7-Zip\\7zG.exe\nTargetFilename: C:\\Users\\flare\\Downloads\\SysinternalsSuite\\PsService.exe\nCreationUtcTime: 2018-09-19 13:06:36.437","provider_guid":"{5770385F-C22A-43E0-BF4C-06F5698FFBD9}","beat":{"version":"6.4.0","name":"flare-PC","hostname":"flare-PC"},"tags":["beats_input_codec_plain_applied"],"type":"wineventlog","record_number":"1102","event_id":11,"host":{"name":"flare-PC"},"user":{"name":"SYSTEM","identifier":"S-1-5-18","domain":"NT-AUTORITÄT","type":"User"},"task":"File created (rule: FileCreate)","version":2,"opcode":"Info"}
{"index":{"_index":"winlogbeat-6.4.0-2018.09.19","_type":"doc","_id":"aF_x8WUBfVn9xHWiSTtt"}}
{"thread_id":1824,"event_data":{"CreationUtcTime":"2018-09-19 13:06:36.468","UtcTime":"2018-09-19 13:06:36.468","Image":"C:\\Program Files\\7-Zip\\7zG.exe","TargetFilename":"C:\\Users\\flare\\Downloads\\SysinternalsSuite\\psping.exe","ProcessId":"3056","ProcessGuid":"{2D3B23BE-49CF-5BA2-0000-001095020A00}"},"@timestamp":"2018-09-19T13:06:36.468Z","log_name":"Microsoft-Windows-Sysmon/Operational","level":"Informationen","computer_name":"flare-PC","source_name":"Microsoft-Windows-Sysmon","process_id":1304,"provider_guid":"{5770385F-C22A-43E0-BF4C-06F5698FFBD9}","message":"File created:\nRuleName: \nUtcTime: 2018-09-19 13:06:36.468\nProcessGuid: {2D3B23BE-49CF-5BA2-0000-001095020A00}\nProcessId: 3056\nImage: C:\\Program Files\\7-Zip\\7zG.exe\nTargetFilename: C:\\Users\\flare\\Downloads\\SysinternalsSuite\\psping.exe\nCreationUtcTime: 2018-09-19 13:06:36.468","@version":"1","beat":{"version":"6.4.0","name":"flare-PC","hostname":"flare-PC"},"tags":["beats_input_codec_plain_applied"],"type":"wineventlog","record_number":"1114","event_id":11,"host":{"name":"flare-PC"},"user":{"domain":"NT-AUTORITÄT","identifier":"S-1-5-18","type":"User","name":"SYSTEM"},"version":2,"task":"File created (rule: FileCreate)","opcode":"Info"}
{"index":{"_index":"winlogbeat-6.4.0-2018.09.19","_type":"doc","_id":"bF_x8WUBfVn9xHWiSTtt"}}
{"thread_id":1824,"event_data":{"CreationUtcTime":"2018-09-19 13:06:36.564","UtcTime":"2018-09-19 13:06:36.564","Image":"C:\\Program Files\\7-Zip\\7zG.exe","TargetFilename":"C:\\Users\\flare\\Downloads\\SysinternalsSuite\\procdump.exe","ProcessId":"3056","ProcessGuid":"{2D3B23BE-49CF-5BA2-0000-001095020A00}"},"@timestamp":"2018-09-19T13:06:36.564Z","log_name":"Microsoft-Windows-Sysmon/Operational","level":"Informationen","computer_name":"flare-PC","source_name":"Microsoft-Windows-Sysmon","process_id":1304,"message":"File created:\nRuleName: \nUtcTime: 2018-09-19 13:06:36.564\nProcessGuid: {2D3B23BE-49CF-5BA2-0000-001095020A00}\nProcessId: 3056\nImage: C:\\Program Files\\7-Zip\\7zG.exe\nTargetFilename: C:\\Users\\flare\\Downloads\\SysinternalsSuite\\procdump.exe\nCreationUtcTime: 2018-09-19 13:06:36.564","@version":"1","provider_guid":"{5770385F-C22A-43E0-BF4C-06F5698FFBD9}","beat":{"version":"6.4.0","name":"flare-PC","hostname":"flare-PC"},"tags":["beats_input_codec_plain_applied"],"task":"File created (rule: FileCreate)","record_number":"1130","type":"wineventlog","host":{"name":"flare-PC"},"user":{"name":"SYSTEM","identifier":"S-1-5-18","type":"User","domain":"NT-AUTORITÄT"},"version":2,"event_id":11,"opcode":"Info"}
{"index":{"_index":"winlogbeat-6.4.0-2018.09.19","_type":"doc","_id":"cV_x8WUBfVn9xHWiSTtt"}}
{"thread_id":1824,"event_data":{"CreationUtcTime":"2018-09-19 13:06:36.736","UtcTime":"2018-09-19 13:06:36.736","Image":"C:\\Program Files\\7-Zip\\7zG.exe","TargetFilename":"C:\\Users\\flare\\Downloads\\SysinternalsSuite\\du.exe","ProcessId":"3056","ProcessGuid":"{2D3B23BE-49CF-5BA2-0000-001095020A00}"},"@timestamp":"2018-09-19T13:06:36.736Z","log_name":"Microsoft-Windows-Sysmon/Operational","level":"Informationen","computer_name":"flare-PC","source_name":"Microsoft-Windows-Sysmon","process_id":1304,"provider_guid":"{5770385F-C22A-43E0-BF4C-06F5698FFBD9}","message":"File created:\nRuleName: \nUtcTime: 2018-09-19 13:06:36.736\nProcessGuid: {2D3B23BE-49CF-5BA2-0000-001095020A00}\nProcessId: 3056\nImage: C:\\Program Files\\7-Zip\\7zG.exe\nTargetFilename: C:\\Users\\flare\\Downloads\\SysinternalsSuite\\du.exe\nCreationUtcTime: 2018-09-19 13:06:36.736","@version":"1","beat":{"version":"6.4.0","name":"flare-PC","hostname":"flare-PC"},"tags":["beats_input_codec_plain_applied"],"task":"File created (rule: FileCreate)","event_id":11,"record_number":"1150","host":{"name":"flare-PC"},"user":{"name":"SYSTEM","identifier":"S-1-5-18","type":"User","domain":"NT-AUTORITÄT"},"version":2,"type":"wineventlog","opcode":"Info"}
{"index":{"_index":"winlogbeat-6.4.0-2018.09.19","_type":"doc","_id":"c1_x8WUBfVn9xHWiSTtt"}}
{"thread_id":1824,"event_data":{"CreationUtcTime":"2018-09-19 13:06:36.798","UtcTime":"2018-09-19 13:06:36.814","Image":"C:\\Program Files\\7-Zip\\7zG.exe","TargetFilename":"C:\\Users\\flare\\Downloads\\SysinternalsSuite\\Sysmon64.exe","ProcessId":"3056","ProcessGuid":"{2D3B23BE-49CF-5BA2-0000-001095020A00}"},"@timestamp":"2018-09-19T13:06:36.814Z","log_name":"Microsoft-Windows-Sysmon/Operational","level":"Informationen","computer_name":"flare-PC","source_name":"Microsoft-Windows-Sysmon","process_id":1304,"provider_guid":"{5770385F-C22A-43E0-BF4C-06F5698FFBD9}","message":"File created:\nRuleName: \nUtcTime: 2018-09-19 13:06:36.814\nProcessGuid: {2D3B23BE-49CF-5BA2-0000-001095020A00}\nProcessId: 3056\nImage: C:\\Program Files\\7-Zip\\7zG.exe\nTargetFilename: C:\\Users\\flare\\Downloads\\SysinternalsSuite\\Sysmon64.exe\nCreationUtcTime: 2018-09-19 13:06:36.798","@version":"1","beat":{"version":"6.4.0","name":"flare-PC","hostname":"flare-PC"},"tags":["beats_input_codec_plain_applied"],"task":"File created (rule: FileCreate)","event_id":11,"type":"wineventlog","host":{"name":"flare-PC"},"user":{"name":"SYSTEM","identifier":"S-1-5-18","domain":"NT-AUTORITÄT","type":"User"},"version":2,"record_number":"1158","opcode":"Info"}
{"index":{"_index":"winlogbeat-6.4.0-2018.09.19","_type":"doc","_id":"fl_x8WUBfVn9xHWiSTtu"}}
{"thread_id":1824,"event_data":{"CreationUtcTime":"2018-09-19 13:06:36.218","UtcTime":"2018-09-19 13:06:36.218","Image":"C:\\Program Files\\7-Zip\\7zG.exe","TargetFilename":"C:\\Users\\flare\\Downloads\\SysinternalsSuite\\vmmap.exe","ProcessId":"3056","ProcessGuid":"{2D3B23BE-49CF-5BA2-0000-001095020A00}"},"@timestamp":"2018-09-19T13:06:36.218Z","log_name":"Microsoft-Windows-Sysmon/Operational","level":"Informationen","computer_name":"flare-PC","source_name":"Microsoft-Windows-Sysmon","process_id":1304,"message":"File created:\nRuleName: \nUtcTime: 2018-09-19 13:06:36.218\nProcessGuid: {2D3B23BE-49CF-5BA2-0000-001095020A00}\nProcessId: 3056\nImage: C:\\Program Files\\7-Zip\\7zG.exe\nTargetFilename: C:\\Users\\flare\\Downloads\\SysinternalsSuite\\vmmap.exe\nCreationUtcTime: 2018-09-19 13:06:36.218","@version":"1","provider_guid":"{5770385F-C22A-43E0-BF4C-06F5698FFBD9}","beat":{"version":"6.4.0","name":"flare-PC","hostname":"flare-PC"},"tags":["beats_input_codec_plain_applied"],"type":"wineventlog","record_number":"1059","task":"File created (rule: FileCreate)","host":{"name":"flare-PC"},"user":{"name":"SYSTEM","identifier":"S-1-5-18","type":"User","domain":"NT-AUTORITÄT"},"event_id":11,"version":2,"opcode":"Info"}
{"index":{"_index":"winlogbeat-6.4.0-2018.09.19","_type":"doc","_id":"f1_x8WUBfVn9xHWiSTtu"}}
{"thread_id":1824,"event_data":{"CreationUtcTime":"2018-09-19 13:06:36.281","UtcTime":"2018-09-19 13:06:36.281","Image":"C:\\Program Files\\7-Zip\\7zG.exe","TargetFilename":"C:\\Users\\flare\\Downloads\\SysinternalsSuite\\regjump.exe","ProcessId":"3056","ProcessGuid":"{2D3B23BE-49CF-5BA2-0000-001095020A00}"},"@timestamp":"2018-09-19T13:06:36.281Z","log_name":"Microsoft-Windows-Sysmon/Operational","level":"Informationen","computer_name":"flare-PC","source_name":"Microsoft-Windows-Sysmon","process_id":1304,"message":"File created:\nRuleName: \nUtcTime: 2018-09-19 13:06:36.281\nProcessGuid: {2D3B23BE-49CF-5BA2-0000-001095020A00}\nProcessId: 3056\nImage: C:\\Program Files\\7-Zip\\7zG.exe\nTargetFilename: C:\\Users\\flare\\Downloads\\SysinternalsSuite\\regjump.exe\nCreationUtcTime: 2018-09-19 13:06:36.281","@version":"1","provider_guid":"{5770385F-C22A-43E0-BF4C-06F5698FFBD9}","beat":{"version":"6.4.0","name":"flare-PC","hostname":"flare-PC"},"tags":["beats_input_codec_plain_applied"],"type":"wineventlog","task":"File created (rule: FileCreate)","event_id":11,"host":{"name":"flare-PC"},"user":{"domain":"NT-AUTORITÄT","identifier":"S-1-5-18","type":"User","name":"SYSTEM"},"record_number":"1063","version":2,"opcode":"Info"}
