{"index":{"_index":"winlogbeat-6.4.0-2018.09.19","_type":"doc","_id":"v1_38WUBfVn9xHWiqjxn"}}
{"thread_id":1824,"event_data":{"ParentProcessGuid":"{2D3B23BE-4B6A-5BA2-0000-001016391800}","LogonId":"0xe320","Product":"Betriebssystem Microsoft® Windows®","Image":"C:\\Windows\\SysWOW64\\taskkill.exe","Description":"Beendet Prozesse","UtcTime":"2018-09-19 13:13:17.336","Hashes":"MD5=94BDCAFBD584C979B385ADEE14B08AB4,SHA256=CB1822A981E9821D571AF16B7E37BEBA5FEB8E3DEDCDD0461119AF9AAC0358B3","ParentImage":"C:\\Program Files (x86)\\Python27\\python.exe","ParentCommandLine":"\"C:\\Program Files (x86)\\Python27\\python.exe\"  C:\\Users\\flare\\Downloads\\RTA-master\\red_ttp\\regsvr32_scrobj.py","User":"flare-PC\\flare","Company":"Microsoft Corporation","LogonGuid":"{2D3B23BE-45CC-5BA2-0000-002020E30000}","TerminalSessionId":"1","ProcessId":"3680","CurrentDirectory":"C:\\Users\\flare\\Downloads\\RTA-master\\red_ttp\\","IntegrityLevel":"Medium","ParentProcessId":"628","CommandLine":"taskkill /f /im notepad.exe","FileVersion":"6.1.7600.16385 (win7_rtm.090713-1255)","ProcessGuid":"{2D3B23BE-4B6D-5BA2-0000-0010BEBB1800}"},"@timestamp":"2018-09-19T13:13:17.336Z","log_name":"Microsoft-Windows-Sysmon/Operational","level":"Informationen","computer_name":"flare-PC","source_name":"Microsoft-Windows-Sysmon","process_id":1304,"@version":"1","provider_guid":"{5770385F-C22A-43E0-BF4C-06F5698FFBD9}","message":"Process Create:\nRuleName: \nUtcTime: 2018-09-19 13:13:17.336\nProcessGuid: {2D3B23BE-4B6D-5BA2-0000-0010BEBB1800}\nProcessId: 3680\nImage: C:\\Windows\\SysWOW64\\taskkill.exe\nFileVersion: 6.1.7600.16385 (win7_rtm.090713-1255)\nDescription: Beendet Prozesse\nProduct: Betriebssystem Microsoft® Windows®\nCompany: Microsoft Corporation\nCommandLine: taskkill /f /im notepad.exe\nCurrentDirectory: C:\\Users\\flare\\Downloads\\RTA-master\\red_ttp\\\nUser: flare-PC\\flare\nLogonGuid: {2D3B23BE-45CC-5BA2-0000-002020E30000}\nLogonId: 0xe320\nTerminalSessionId: 1\nIntegrityLevel: Medium\nHashes: MD5=94BDCAFBD584C979B385ADEE14B08AB4,SHA256=CB1822A981E9821D571AF16B7E37BEBA5FEB8E3DEDCDD0461119AF9AAC0358B3\nParentProcessGuid: {2D3B23BE-4B6A-5BA2-0000-001016391800}\nParentProcessId: 628\nParentImage: C:\\Program Files (x86)\\Python27\\python.exe\nParentCommandLine: \"C:\\Program Files (x86)\\Python27\\python.exe\"  C:\\Users\\flare\\Downloads\\RTA-master\\red_ttp\\regsvr32_scrobj.py","beat":{"version":"6.4.0","name":"flare-PC","hostname":"flare-PC"},"tags":["beats_input_codec_plain_applied"],"task":"Process Create (rule: ProcessCreate)","type":"wineventlog","record_number":"1437","host":{"name":"flare-PC"},"user":{"name":"SYSTEM","identifier":"S-1-5-18","domain":"NT-AUTORITÄT","type":"User"},"event_id":1,"version":5,"opcode":"Info"}
{"index":{"_index":"winlogbeat-6.4.0-2018.09.19","_type":"doc","_id":"w1_38WUBfVn9xHWisjxo"}}
{"thread_id":1824,"event_data":{"LogonId":"0xe320","Product":"Betriebssystem Microsoft® Windows®","User":"flare-PC\\flare","Image":"C:\\Windows\\SysWOW64\\rundll32.exe","Description":"Windows-Hostprozess (Rundll32)","ParentProcessGuid":"{2D3B23BE-4B6D-5BA2-0000-00109BC41800}","Hashes":"MD5=C648901695E275C8F2AD04B687A68CE2,SHA256=3FA4912EB43FC304652D7B01F118589259861E2D628FA7C86193E54D5F987670","FileVersion":"6.1.7600.16385 (win7_rtm.090713-1255)","ParentImage":"C:\\Program Files (x86)\\Python27\\python.exe","ParentCommandLine":"\"C:\\Program Files (x86)\\Python27\\python.exe\"  C:\\Users\\flare\\Downloads\\RTA-master\\red_ttp\\rundll32_inf_callback.py","Company":"Microsoft Corporation","LogonGuid":"{2D3B23BE-45CC-5BA2-0000-002020E30000}","TerminalSessionId":"1","ProcessId":"1784","CurrentDirectory":"C:\\Users\\flare\\Downloads\\RTA-master\\red_ttp\\","IntegrityLevel":"Medium","ParentProcessId":"2940","CommandLine":"RunDll32.exe InetCpl.cpl, ClearMyTracksByProcess 8","UtcTime":"2018-09-19 13:13:18.566","ProcessGuid":"{2D3B23BE-4B6E-5BA2-0000-001077EF1800}"},"@timestamp":"2018-09-19T13:13:18.566Z","log_name":"Microsoft-Windows-Sysmon/Operational","level":"Informationen","computer_name":"flare-PC","source_name":"Microsoft-Windows-Sysmon","process_id":1304,"message":"Process Create:\nRuleName: \nUtcTime: 2018-09-19 13:13:18.566\nProcessGuid: {2D3B23BE-4B6E-5BA2-0000-001077EF1800}\nProcessId: 1784\nImage: C:\\Windows\\SysWOW64\\rundll32.exe\nFileVersion: 6.1.7600.16385 (win7_rtm.090713-1255)\nDescription: Windows-Hostprozess (Rundll32)\nProduct: Betriebssystem Microsoft® Windows®\nCompany: Microsoft Corporation\nCommandLine: RunDll32.exe InetCpl.cpl, ClearMyTracksByProcess 8\nCurrentDirectory: C:\\Users\\flare\\Downloads\\RTA-master\\red_ttp\\\nUser: flare-PC\\flare\nLogonGuid: {2D3B23BE-45CC-5BA2-0000-002020E30000}\nLogonId: 0xe320\nTerminalSessionId: 1\nIntegrityLevel: Medium\nHashes: MD5=C648901695E275C8F2AD04B687A68CE2,SHA256=3FA4912EB43FC304652D7B01F118589259861E2D628FA7C86193E54D5F987670\nParentProcessGuid: {2D3B23BE-4B6D-5BA2-0000-00109BC41800}\nParentProcessId: 2940\nParentImage: C:\\Program Files (x86)\\Python27\\python.exe\nParentCommandLine: \"C:\\Program Files (x86)\\Python27\\python.exe\"  C:\\Users\\flare\\Downloads\\RTA-master\\red_ttp\\rundll32_inf_callback.py","@version":"1","provider_guid":"{5770385F-C22A-43E0-BF4C-06F5698FFBD9}","beat":{"version":"6.4.0","name":"flare-PC","hostname":"flare-PC"},"tags":["beats_input_codec_plain_applied"],"type":"wineventlog","event_id":1,"task":"Process Create (rule: ProcessCreate)","version":5,"user":{"name":"SYSTEM","identifier":"S-1-5-18","domain":"NT-AUTORITÄT","type":"User"},"record_number":"1440","host":{"name":"flare-PC"},"opcode":"Info"}
{"index":{"_index":"winlogbeat-6.4.0-2018.09.19","_type":"doc","_id":"mV_38WUBfVn9xHWiKzyH"}}
{"thread_id":1824,"event_data":{"UtcTime":"2018-09-19 13:12:45.242","Image":"C:\\Users\\flare\\Downloads\\RTA-master\\weird.scr","ProcessId":"3988","ProcessGuid":"{2D3B23BE-4B48-5BA2-0000-0010F36D1700}"},"@timestamp":"2018-09-19T13:12:45.242Z","log_name":"Microsoft-Windows-Sysmon/Operational","level":"Informationen","computer_name":"flare-PC","source_name":"Microsoft-Windows-Sysmon","process_id":1304,"message":"Process terminated:\nRuleName: \nUtcTime: 2018-09-19 13:12:45.242\nProcessGuid: {2D3B23BE-4B48-5BA2-0000-0010F36D1700}\nProcessId: 3988\nImage: C:\\Users\\flare\\Downloads\\RTA-master\\weird.scr","@version":"1","provider_guid":"{5770385F-C22A-43E0-BF4C-06F5698FFBD9}","beat":{"version":"6.4.0","name":"flare-PC","hostname":"flare-PC"},"tags":["beats_input_codec_plain_applied"],"task":"Process terminated (rule: ProcessTerminate)","type":"wineventlog","record_number":"1397","version":3,"user":{"name":"SYSTEM","identifier":"S-1-5-18","domain":"NT-AUTORITÄT","type":"User"},"event_id":5,"host":{"name":"flare-PC"},"opcode":"Info"}
{"index":{"_index":"winlogbeat-6.4.0-2018.09.19","_type":"doc","_id":"ml_38WUBfVn9xHWiKzyJ"}}
{"thread_id":1824,"event_data":{"ParentProcessGuid":"{2D3B23BE-4B4D-5BA2-0000-0010A9711700}","Product":"?","UtcTime":"2018-09-19 13:12:45.331","Image":"C:\\Program Files (x86)\\Python27\\python.exe","Description":"?","Hashes":"MD5=6E8B813C218546F9DF6F17F4B97B06EE,SHA256=C7817E6DA74A7AE196EB2D35CE21319ABE3A62CD23AB4DB39FA5138DF7CA1D44","LogonId":"0xe320","FileVersion":"?","ParentCommandLine":"C:\\Windows\\system32\\cmd.exe /c \"\"C:\\Program Files (x86)\\Python27\\python.exe\" C:\\Users\\flare\\Downloads\\RTA-master\\red_ttp\\process_name_masquerade.py\"","ParentImage":"C:\\Windows\\SysWOW64\\cmd.exe","LogonGuid":"{2D3B23BE-45CC-5BA2-0000-002020E30000}","Company":"?","ParentProcessId":"2772","CurrentDirectory":"C:\\Users\\flare\\Downloads\\RTA-master\\","TerminalSessionId":"1","IntegrityLevel":"Medium","ProcessId":"4040","CommandLine":"\"C:\\Program Files (x86)\\Python27\\python.exe\"  C:\\Users\\flare\\Downloads\\RTA-master\\red_ttp\\process_name_masquerade.py","User":"flare-PC\\flare","ProcessGuid":"{2D3B23BE-4B4D-5BA2-0000-0010C9721700}"},"@timestamp":"2018-09-19T13:12:45.331Z","log_name":"Microsoft-Windows-Sysmon/Operational","level":"Informationen","computer_name":"flare-PC","source_name":"Microsoft-Windows-Sysmon","process_id":1304,"message":"Process Create:\nRuleName: \nUtcTime: 2018-09-19 13:12:45.331\nProcessGuid: {2D3B23BE-4B4D-5BA2-0000-0010C9721700}\nProcessId: 4040\nImage: C:\\Program Files (x86)\\Python27\\python.exe\nFileVersion: ?\nDescription: ?\nProduct: ?\nCompany: ?\nCommandLine: \"C:\\Program Files (x86)\\Python27\\python.exe\"  C:\\Users\\flare\\Downloads\\RTA-master\\red_ttp\\process_name_masquerade.py\nCurrentDirectory: C:\\Users\\flare\\Downloads\\RTA-master\\\nUser: flare-PC\\flare\nLogonGuid: {2D3B23BE-45CC-5BA2-0000-002020E30000}\nLogonId: 0xe320\nTerminalSessionId: 1\nIntegrityLevel: Medium\nHashes: MD5=6E8B813C218546F9DF6F17F4B97B06EE,SHA256=C7817E6DA74A7AE196EB2D35CE21319ABE3A62CD23AB4DB39FA5138DF7CA1D44\nParentProcessGuid: {2D3B23BE-4B4D-5BA2-0000-0010A9711700}\nParentProcessId: 2772\nParentImage: C:\\Windows\\SysWOW64\\cmd.exe\nParentCommandLine: C:\\Windows\\system32\\cmd.exe /c \"\"C:\\Program Files (x86)\\Python27\\python.exe\" C:\\Users\\flare\\Downloads\\RTA-master\\red_ttp\\process_name_masquerade.py\"","@version":"1","provider_guid":"{5770385F-C22A-43E0-BF4C-06F5698FFBD9}","beat":{"version":"6.4.0","name":"flare-PC","hostname":"flare-PC"},"tags":["beats_input_codec_plain_applied"],"task":"Process Create (rule: ProcessCreate)","event_id":1,"type":"wineventlog","version":5,"user":{"domain":"NT-AUTORITÄT","identifier":"S-1-5-18","type":"User","name":"SYSTEM"},"host":{"name":"flare-PC"},"record_number":"1399","opcode":"Info"}
{"index":{"_index":"winlogbeat-6.4.0-2018.09.19","_type":"doc","_id":"m1_38WUBfVn9xHWiKzyK"}}
{"thread_id":1824,"event_data":{"CreationUtcTime":"2018-09-19 13:12:45.754","UtcTime":"2018-09-19 13:12:45.754","Image":"C:\\Program Files (x86)\\Python27\\python.exe","TargetFilename":"C:\\Users\\flare\\Downloads\\RTA-master\\svchost.exe","ProcessId":"4040","ProcessGuid":"{2D3B23BE-4B4D-5BA2-0000-0010C9721700}"},"@timestamp":"2018-09-19T13:12:45.754Z","log_name":"Microsoft-Windows-Sysmon/Operational","level":"Informationen","computer_name":"flare-PC","source_name":"Microsoft-Windows-Sysmon","process_id":1304,"@version":"1","provider_guid":"{5770385F-C22A-43E0-BF4C-06F5698FFBD9}","message":"File created:\nRuleName: \nUtcTime: 2018-09-19 13:12:45.754\nProcessGuid: {2D3B23BE-4B4D-5BA2-0000-0010C9721700}\nProcessId: 4040\nImage: C:\\Program Files (x86)\\Python27\\python.exe\nTargetFilename: C:\\Users\\flare\\Downloads\\RTA-master\\svchost.exe\nCreationUtcTime: 2018-09-19 13:12:45.754","beat":{"version":"6.4.0","name":"flare-PC","hostname":"flare-PC"},"tags":["beats_input_codec_plain_applied"],"type":"wineventlog","event_id":11,"record_number":"1400","host":{"name":"flare-PC"},"user":{"name":"SYSTEM","identifier":"S-1-5-18","domain":"NT-AUTORITÄT","type":"User"},"version":2,"task":"File created (rule: FileCreate)","opcode":"Info"}
{"index":{"_index":"winlogbeat-6.4.0-2018.09.19","_type":"doc","_id":"nF_38WUBfVn9xHWiMzxc"}}
{"thread_id":1824,"event_data":{"LogonId":"0xe320","User":"flare-PC\\flare","UtcTime":"2018-09-19 13:12:46.147","Hashes":"MD5=0D19266C09D4DEAC5836E572BE912A39,SHA256=DAB5DC65269C0F834EADE5177F8FB486C08685EB6773369576303855F70EF82F","Description":"?","Product":"?","ParentProcessGuid":"{2D3B23BE-4B4D-5BA2-0000-0010C9721700}","ParentImage":"C:\\Program Files (x86)\\Python27\\python.exe","Image":"C:\\Users\\flare\\Downloads\\RTA-master\\svchost.exe","FileVersion":"?","Company":"?","TerminalSessionId":"1","ParentProcessId":"4040","CurrentDirectory":"C:\\Users\\flare\\Downloads\\RTA-master\\","CommandLine":"C:\\Users\\flare\\Downloads\\RTA-master\\svchost.exe","IntegrityLevel":"Medium","ProcessId":"3068","LogonGuid":"{2D3B23BE-45CC-5BA2-0000-002020E30000}","ParentCommandLine":"\"C:\\Program Files (x86)\\Python27\\python.exe\"  C:\\Users\\flare\\Downloads\\RTA-master\\red_ttp\\process_name_masquerade.py","ProcessGuid":"{2D3B23BE-4B4E-5BA2-0000-00104B9D1700}"},"@timestamp":"2018-09-19T13:12:46.147Z","log_name":"Microsoft-Windows-Sysmon/Operational","level":"Informationen","computer_name":"flare-PC","source_name":"Microsoft-Windows-Sysmon","process_id":1304,"message":"Process Create:\nRuleName: \nUtcTime: 2018-09-19 13:12:46.147\nProcessGuid: {2D3B23BE-4B4E-5BA2-0000-00104B9D1700}\nProcessId: 3068\nImage: C:\\Users\\flare\\Downloads\\RTA-master\\svchost.exe\nFileVersion: ?\nDescription: ?\nProduct: ?\nCompany: ?\nCommandLine: C:\\Users\\flare\\Downloads\\RTA-master\\svchost.exe\nCurrentDirectory: C:\\Users\\flare\\Downloads\\RTA-master\\\nUser: flare-PC\\flare\nLogonGuid: {2D3B23BE-45CC-5BA2-0000-002020E30000}\nLogonId: 0xe320\nTerminalSessionId: 1\nIntegrityLevel: Medium\nHashes: MD5=0D19266C09D4DEAC5836E572BE912A39,SHA256=DAB5DC65269C0F834EADE5177F8FB486C08685EB6773369576303855F70EF82F\nParentProcessGuid: {2D3B23BE-4B4D-5BA2-0000-0010C9721700}\nParentProcessId: 4040\nParentImage: C:\\Program Files (x86)\\Python27\\python.exe\nParentCommandLine: \"C:\\Program Files (x86)\\Python27\\python.exe\"  C:\\Users\\flare\\Downloads\\RTA-master\\red_ttp\\process_name_masquerade.py","@version":"1","provider_guid":"{5770385F-C22A-43E0-BF4C-06F5698FFBD9}","beat":{"version":"6.4.0","name":"flare-PC","hostname":"flare-PC"},"tags":["beats_input_codec_plain_applied"],"task":"Process Create (rule: ProcessCreate)","record_number":"1401","type":"wineventlog","host":{"name":"flare-PC"},"user":{"name":"SYSTEM","identifier":"S-1-5-18","type":"User","domain":"NT-AUTORITÄT"},"event_id":1,"version":5,"opcode":"Info"}
{"index":{"_index":"winlogbeat-6.4.0-2018.09.19","_type":"doc","_id":"rV_38WUBfVn9xHWinTx_"}}
{"thread_id":1824,"event_data":{"ParentProcessGuid":"{2D3B23BE-4B69-5BA2-0000-001056D51700}","Product":"?","UtcTime":"2018-09-19 13:13:13.213","Hashes":"MD5=6E8B813C218546F9DF6F17F4B97B06EE,SHA256=C7817E6DA74A7AE196EB2D35CE21319ABE3A62CD23AB4DB39FA5138DF7CA1D44","Description":"?","LogonId":"0xe320","User":"flare-PC\\flare","FileVersion":"?","ParentImage":"C:\\Windows\\SysWOW64\\cmd.exe","ParentCommandLine":"C:\\Windows\\system32\\cmd.exe /c \"\"C:\\Program Files (x86)\\Python27\\python.exe\" C:\\Users\\flare\\Downloads\\RTA-master\\red_ttp\\registry_hive_export.py\"","LogonGuid":"{2D3B23BE-45CC-5BA2-0000-002020E30000}","CommandLine":"\"C:\\Program Files (x86)\\Python27\\python.exe\"  C:\\Users\\flare\\Downloads\\RTA-master\\red_ttp\\registry_hive_export.py","ParentProcessId":"2852","ProcessId":"3828","Image":"C:\\Program Files (x86)\\Python27\\python.exe","IntegrityLevel":"Medium","TerminalSessionId":"1","CurrentDirectory":"C:\\Users\\flare\\Downloads\\RTA-master\\","Company":"?","ProcessGuid":"{2D3B23BE-4B69-5BA2-0000-00109FD61700}"},"@timestamp":"2018-09-19T13:13:13.213Z","log_name":"Microsoft-Windows-Sysmon/Operational","level":"Informationen","computer_name":"flare-PC","source_name":"Microsoft-Windows-Sysmon","process_id":1304,"message":"Process Create:\nRuleName: \nUtcTime: 2018-09-19 13:13:13.213\nProcessGuid: {2D3B23BE-4B69-5BA2-0000-00109FD61700}\nProcessId: 3828\nImage: C:\\Program Files (x86)\\Python27\\python.exe\nFileVersion: ?\nDescription: ?\nProduct: ?\nCompany: ?\nCommandLine: \"C:\\Program Files (x86)\\Python27\\python.exe\"  C:\\Users\\flare\\Downloads\\RTA-master\\red_ttp\\registry_hive_export.py\nCurrentDirectory: C:\\Users\\flare\\Downloads\\RTA-master\\\nUser: flare-PC\\flare\nLogonGuid: {2D3B23BE-45CC-5BA2-0000-002020E30000}\nLogonId: 0xe320\nTerminalSessionId: 1\nIntegrityLevel: Medium\nHashes: MD5=6E8B813C218546F9DF6F17F4B97B06EE,SHA256=C7817E6DA74A7AE196EB2D35CE21319ABE3A62CD23AB4DB39FA5138DF7CA1D44\nParentProcessGuid: {2D3B23BE-4B69-5BA2-0000-001056D51700}\nParentProcessId: 2852\nParentImage: C:\\Windows\\SysWOW64\\cmd.exe\nParentCommandLine: C:\\Windows\\system32\\cmd.exe /c \"\"C:\\Program Files (x86)\\Python27\\python.exe\" C:\\Users\\flare\\Downloads\\RTA-master\\red_ttp\\registry_hive_export.py\"","@version":"1","provider_guid":"{5770385F-C22A-43E0-BF4C-06F5698FFBD9}","beat":{"version":"6.4.0","name":"flare-PC","hostname":"flare-PC"},"tags":["beats_input_codec_plain_applied"],"type":"wineventlog","record_number":"1419","event_id":1,"task":"Process Create (rule: ProcessCreate)","user":{"name":"SYSTEM","identifier":"S-1-5-18","domain":"NT-AUTORITÄT","type":"User"},"version":5,"host":{"name":"flare-PC"},"opcode":"Info"}
{"index":{"_index":"winlogbeat-6.4.0-2018.09.19","_type":"doc","_id":"sl_38WUBfVn9xHWinTx_"}}
{"thread_id":1824,"event_data":{"LogonId":"0xe320","Product":"?","User":"flare-PC\\flare","Image":"C:\\Program Files (x86)\\Python27\\python.exe","Hashes":"MD5=6E8B813C218546F9DF6F17F4B97B06EE,SHA256=C7817E6DA74A7AE196EB2D35CE21319ABE3A62CD23AB4DB39FA5138DF7CA1D44","UtcTime":"2018-09-19 13:13:13.901","Description":"?","ParentImage":"C:\\Windows\\SysWOW64\\cmd.exe","ParentCommandLine":"C:\\Windows\\system32\\cmd.exe /c \"\"C:\\Program Files (x86)\\Python27\\python.exe\" C:\\Users\\flare\\Downloads\\RTA-master\\red_ttp\\registry_persistence_create.py\"","FileVersion":"?","LogonGuid":"{2D3B23BE-45CC-5BA2-0000-002020E30000}","CommandLine":"\"C:\\Program Files (x86)\\Python27\\python.exe\"  C:\\Users\\flare\\Downloads\\RTA-master\\red_ttp\\registry_persistence_create.py","ParentProcessId":"2932","ProcessId":"2388","CurrentDirectory":"C:\\Users\\flare\\Downloads\\RTA-master\\","TerminalSessionId":"1","IntegrityLevel":"Medium","Company":"?","ParentProcessGuid":"{2D3B23BE-4B69-5BA2-0000-00101F0A1800}","ProcessGuid":"{2D3B23BE-4B69-5BA2-0000-00101B0B1800}"},"@timestamp":"2018-09-19T13:13:13.901Z","log_name":"Microsoft-Windows-Sysmon/Operational","level":"Informationen","computer_name":"flare-PC","source_name":"Microsoft-Windows-Sysmon","process_id":1304,"message":"Process Create:\nRuleName: \nUtcTime: 2018-09-19 13:13:13.901\nProcessGuid: {2D3B23BE-4B69-5BA2-0000-00101B0B1800}\nProcessId: 2388\nImage: C:\\Program Files (x86)\\Python27\\python.exe\nFileVersion: ?\nDescription: ?\nProduct: ?\nCompany: ?\nCommandLine: \"C:\\Program Files (x86)\\Python27\\python.exe\"  C:\\Users\\flare\\Downloads\\RTA-master\\red_ttp\\registry_persistence_create.py\nCurrentDirectory: C:\\Users\\flare\\Downloads\\RTA-master\\\nUser: flare-PC\\flare\nLogonGuid: {2D3B23BE-45CC-5BA2-0000-002020E30000}\nLogonId: 0xe320\nTerminalSessionId: 1\nIntegrityLevel: Medium\nHashes: MD5=6E8B813C218546F9DF6F17F4B97B06EE,SHA256=C7817E6DA74A7AE196EB2D35CE21319ABE3A62CD23AB4DB39FA5138DF7CA1D44\nParentProcessGuid: {2D3B23BE-4B69-5BA2-0000-00101F0A1800}\nParentProcessId: 2932\nParentImage: C:\\Windows\\SysWOW64\\cmd.exe\nParentCommandLine: C:\\Windows\\system32\\cmd.exe /c \"\"C:\\Program Files (x86)\\Python27\\python.exe\" C:\\Users\\flare\\Downloads\\RTA-master\\red_ttp\\registry_persistence_create.py\"","@version":"1","provider_guid":"{5770385F-C22A-43E0-BF4C-06F5698FFBD9}","beat":{"version":"6.4.0","name":"flare-PC","hostname":"flare-PC"},"tags":["beats_input_codec_plain_applied"],"task":"Process Create (rule: ProcessCreate)","event_id":1,"type":"wineventlog","host":{"name":"flare-PC"},"user":{"name":"SYSTEM","identifier":"S-1-5-18","type":"User","domain":"NT-AUTORITÄT"},"record_number":"1431","version":5,"opcode":"Info"}
{"index":{"_index":"winlogbeat-6.4.0-2018.09.19","_type":"doc","_id":"zF_58WUBfVn9xHWiTzw2"}}
{"thread_id":1824,"event_data":{"ParentProcessGuid":"{2D3B23BE-4A1C-5BA2-0000-0010C8100B00}","Product":"Betriebssystem Microsoft® Windows®","UtcTime":"2018-09-19 13:15:01.105","Hashes":"MD5=AD7B9C14083B52BC532FBA5948342B98,SHA256=17F746D82695FA9B35493B41859D39D786D32B23A9D2E00F4011DEC7A02402AE","Description":"Windows-Befehlsprozessor","LogonId":"0xe320","Image":"C:\\Windows\\SysWOW64\\cmd.exe","FileVersion":"6.1.7601.17514 (win7sp1_rtm.101119-1850)","ParentCommandLine":"\"C:\\Program Files (x86)\\Python27\\python.exe\" \"C:\\Users\\flare\\Downloads\\RTA-master\\run_all.py\" ","ParentImage":"C:\\Program Files (x86)\\Python27\\python.exe","TerminalSessionId":"1","LogonGuid":"{2D3B23BE-45CC-5BA2-0000-002020E30000}","ParentProcessId":"3756","CurrentDirectory":"C:\\Users\\flare\\Downloads\\RTA-master\\","Company":"Microsoft Corporation","IntegrityLevel":"Medium","ProcessId":"296","CommandLine":"C:\\Windows\\system32\\cmd.exe /c \"\"C:\\Program Files (x86)\\Python27\\python.exe\" C:\\Users\\flare\\Downloads\\RTA-master\\red_ttp\\rundll32_ordinal.py\"","User":"flare-PC\\flare","ProcessGuid":"{2D3B23BE-4BD5-5BA2-0000-0010B1011C00}"},"@timestamp":"2018-09-19T13:15:01.105Z","log_name":"Microsoft-Windows-Sysmon/Operational","level":"Informationen","computer_name":"flare-PC","source_name":"Microsoft-Windows-Sysmon","process_id":1304,"@version":"1","message":"Process Create:\nRuleName: \nUtcTime: 2018-09-19 13:15:01.105\nProcessGuid: {2D3B23BE-4BD5-5BA2-0000-0010B1011C00}\nProcessId: 296\nImage: C:\\Windows\\SysWOW64\\cmd.exe\nFileVersion: 6.1.7601.17514 (win7sp1_rtm.101119-1850)\nDescription: Windows-Befehlsprozessor\nProduct: Betriebssystem Microsoft® Windows®\nCompany: Microsoft Corporation\nCommandLine: C:\\Windows\\system32\\cmd.exe /c \"\"C:\\Program Files (x86)\\Python27\\python.exe\" C:\\Users\\flare\\Downloads\\RTA-master\\red_ttp\\rundll32_ordinal.py\"\nCurrentDirectory: C:\\Users\\flare\\Downloads\\RTA-master\\\nUser: flare-PC\\flare\nLogonGuid: {2D3B23BE-45CC-5BA2-0000-002020E30000}\nLogonId: 0xe320\nTerminalSessionId: 1\nIntegrityLevel: Medium\nHashes: MD5=AD7B9C14083B52BC532FBA5948342B98,SHA256=17F746D82695FA9B35493B41859D39D786D32B23A9D2E00F4011DEC7A02402AE\nParentProcessGuid: {2D3B23BE-4A1C-5BA2-0000-0010C8100B00}\nParentProcessId: 3756\nParentImage: C:\\Program Files (x86)\\Python27\\python.exe\nParentCommandLine: \"C:\\Program Files (x86)\\Python27\\python.exe\" \"C:\\Users\\flare\\Downloads\\RTA-master\\run_all.py\" ","provider_guid":"{5770385F-C22A-43E0-BF4C-06F5698FFBD9}","beat":{"version":"6.4.0","name":"flare-PC","hostname":"flare-PC"},"tags":["beats_input_codec_plain_applied"],"type":"wineventlog","record_number":"1447","event_id":1,"version":5,"user":{"name":"SYSTEM","domain":"NT-AUTORITÄT","type":"User","identifier":"S-1-5-18"},"host":{"name":"flare-PC"},"task":"Process Create (rule: ProcessCreate)","opcode":"Info"}
{"index":{"_index":"winlogbeat-6.4.0-2018.09.19","_type":"doc","_id":"xl_38WUBfVn9xHWiuzxO"}}
{"thread_id":1824,"event_data":{"LogonId":"0xe320","ParentProcessGuid":"{2D3B23BE-4B70-5BA2-0000-001062341900}","UtcTime":"2018-09-19 13:13:20.326","Product":"Betriebssystem Microsoft® Windows®","Description":"Editor","User":"flare-PC\\flare","Image":"C:\\Windows\\SysWOW64\\notepad.exe","ParentImage":"C:\\Windows\\SysWOW64\\rundll32.exe","ParentCommandLine":"rundll32.exe setupapi.dll,InstallHinfSection DefaultInstall 128 C:\\Users\\flare\\Downloads\\RTA-master\\red_ttp\\bin\\script_launch.inf","FileVersion":"6.1.7601.17514 (win7sp1_rtm.101119-1850)","LogonGuid":"{2D3B23BE-45CC-5BA2-0000-002020E30000}","CommandLine":"\"C:\\Windows\\System32\\notepad.exe\" ","ParentProcessId":"2556","ProcessId":"3964","TerminalSessionId":"1","IntegrityLevel":"Medium","Hashes":"MD5=A4F6DF0E33E644E802C8798ED94D80EA,SHA256=B56AFE7165AD341A749D2D3BD925D879728A1FE4A4DF206145C1A69AA233F68B","CurrentDirectory":"C:\\Windows\\system32\\","Company":"Microsoft Corporation","ProcessGuid":"{2D3B23BE-4B70-5BA2-0000-0010EF4B1900}"},"@timestamp":"2018-09-19T13:13:20.326Z","log_name":"Microsoft-Windows-Sysmon/Operational","level":"Informationen","computer_name":"flare-PC","source_name":"Microsoft-Windows-Sysmon","process_id":1304,"provider_guid":"{5770385F-C22A-43E0-BF4C-06F5698FFBD9}","message":"Process Create:\nRuleName: \nUtcTime: 2018-09-19 13:13:20.326\nProcessGuid: {2D3B23BE-4B70-5BA2-0000-0010EF4B1900}\nProcessId: 3964\nImage: C:\\Windows\\SysWOW64\\notepad.exe\nFileVersion: 6.1.7601.17514 (win7sp1_rtm.101119-1850)\nDescription: Editor\nProduct: Betriebssystem Microsoft® Windows®\nCompany: Microsoft Corporation\nCommandLine: \"C:\\Windows\\System32\\notepad.exe\" \nCurrentDirectory: C:\\Windows\\system32\\\nUser: flare-PC\\flare\nLogonGuid: {2D3B23BE-45CC-5BA2-0000-002020E30000}\nLogonId: 0xe320\nTerminalSessionId: 1\nIntegrityLevel: Medium\nHashes: MD5=A4F6DF0E33E644E802C8798ED94D80EA,SHA256=B56AFE7165AD341A749D2D3BD925D879728A1FE4A4DF206145C1A69AA233F68B\nParentProcessGuid: {2D3B23BE-4B70-5BA2-0000-001062341900}\nParentProcessId: 2556\nParentImage: C:\\Windows\\SysWOW64\\rundll32.exe\nParentCommandLine: rundll32.exe setupapi.dll,InstallHinfSection DefaultInstall 128 C:\\Users\\flare\\Downloads\\RTA-master\\red_ttp\\bin\\script_launch.inf","@version":"1","beat":{"version":"6.4.0","name":"flare-PC","hostname":"flare-PC"},"tags":["beats_input_codec_plain_applied"],"type":"wineventlog","record_number":"1443","task":"Process Create (rule: ProcessCreate)","event_id":1,"user":{"name":"SYSTEM","domain":"NT-AUTORITÄT","type":"User","identifier":"S-1-5-18"},"host":{"name":"flare-PC"},"version":5,"opcode":"Info"}
{"index":{"_index":"winlogbeat-6.4.0-2018.09.19","_type":"doc","_id":"pV_38WUBfVn9xHWiaDyV"}}
{"thread_id":1824,"event_data":{"CreationUtcTime":"2018-09-19 13:12:59.033","UtcTime":"2018-09-19 13:12:59.033","Image":"C:\\Program Files (x86)\\Python27\\python.exe","TargetFilename":"C:\\Users\\flare\\Downloads\\RTA-master\\csrss.exe","ProcessId":"4040","ProcessGuid":"{2D3B23BE-4B4D-5BA2-0000-0010C9721700}"},"@timestamp":"2018-09-19T13:12:59.033Z","log_name":"Microsoft-Windows-Sysmon/Operational","level":"Informationen","computer_name":"flare-PC","source_name":"Microsoft-Windows-Sysmon","process_id":1304,"provider_guid":"{5770385F-C22A-43E0-BF4C-06F5698FFBD9}","message":"File created:\nRuleName: \nUtcTime: 2018-09-19 13:12:59.033\nProcessGuid: {2D3B23BE-4B4D-5BA2-0000-0010C9721700}\nProcessId: 4040\nImage: C:\\Program Files (x86)\\Python27\\python.exe\nTargetFilename: C:\\Users\\flare\\Downloads\\RTA-master\\csrss.exe\nCreationUtcTime: 2018-09-19 13:12:59.033","@version":"1","beat":{"version":"6.4.0","name":"flare-PC","hostname":"flare-PC"},"tags":["beats_input_codec_plain_applied"],"task":"File created (rule: FileCreate)","record_number":"1409","type":"wineventlog","version":2,"host":{"name":"flare-PC"},"user":{"name":"SYSTEM","identifier":"S-1-5-18","domain":"NT-AUTORITÄT","type":"User"},"event_id":11,"opcode":"Info"}
{"index":{"_index":"winlogbeat-6.4.0-2018.09.19","_type":"doc","_id":"o1_38WUBfVn9xHWiYDyw"}}
{"thread_id":1824,"event_data":{"UtcTime":"2018-09-19 13:12:58.531","Image":"C:\\Users\\flare\\Downloads\\RTA-master\\services.exe","ProcessId":"2592","ProcessGuid":"{2D3B23BE-4B56-5BA2-0000-001051A11700}"},"@timestamp":"2018-09-19T13:12:58.531Z","log_name":"Microsoft-Windows-Sysmon/Operational","level":"Informationen","computer_name":"flare-PC","source_name":"Microsoft-Windows-Sysmon","process_id":1304,"@version":"1","provider_guid":"{5770385F-C22A-43E0-BF4C-06F5698FFBD9}","message":"Process terminated:\nRuleName: \nUtcTime: 2018-09-19 13:12:58.531\nProcessGuid: {2D3B23BE-4B56-5BA2-0000-001051A11700}\nProcessId: 2592\nImage: C:\\Users\\flare\\Downloads\\RTA-master\\services.exe","beat":{"version":"6.4.0","name":"flare-PC","hostname":"flare-PC"},"tags":["beats_input_codec_plain_applied"],"task":"Process terminated (rule: ProcessTerminate)","record_number":"1408","event_id":5,"host":{"name":"flare-PC"},"user":{"domain":"NT-AUTORITÄT","identifier":"S-1-5-18","type":"User","name":"SYSTEM"},"version":3,"type":"wineventlog","opcode":"Info"}
{"index":{"_index":"winlogbeat-6.4.0-2018.09.19","_type":"doc","_id":"Bl_58WUBfVn9xHWikT2y"}}
{"thread_id":1824,"event_data":{"UtcTime":"2018-09-19 13:15:17.751","Image":"C:\\Program Files (x86)\\Python27\\python.exe","EventType":"CreateKey","TargetObject":"HKU\\S-1-5-21-4019173901-3792766986-1456451320-1001_CLASSES\\exefile\\shell\\runas","ProcessId":"3228","ProcessGuid":"{2D3B23BE-4BE5-5BA2-0000-0010FDE41D00}"},"@timestamp":"2018-09-19T13:15:17.751Z","log_name":"Microsoft-Windows-Sysmon/Operational","level":"Informationen","computer_name":"flare-PC","source_name":"Microsoft-Windows-Sysmon","process_id":1304,"message":"Registry object added or deleted:\nRuleName: \nEventType: CreateKey\nUtcTime: 2018-09-19 13:15:17.751\nProcessGuid: {2D3B23BE-4BE5-5BA2-0000-0010FDE41D00}\nProcessId: 3228\nImage: C:\\Program Files (x86)\\Python27\\python.exe\nTargetObject: HKU\\S-1-5-21-4019173901-3792766986-1456451320-1001_CLASSES\\exefile\\shell\\runas","@version":"1","provider_guid":"{5770385F-C22A-43E0-BF4C-06F5698FFBD9}","beat":{"version":"6.4.0","name":"flare-PC","hostname":"flare-PC"},"tags":["beats_input_codec_plain_applied"],"task":"Registry object added or deleted (rule: RegistryEvent)","record_number":"1501","type":"wineventlog","version":2,"user":{"name":"SYSTEM","identifier":"S-1-5-18","type":"User","domain":"NT-AUTORITÄT"},"event_id":12,"host":{"name":"flare-PC"},"opcode":"Info"}
{"index":{"_index":"winlogbeat-6.4.0-2018.09.19","_type":"doc","_id":"BV_58WUBfVn9xHWikT2y"}}
{"thread_id":1824,"event_data":{"UtcTime":"2018-09-19 13:15:17.751","Image":"C:\\Program Files (x86)\\Python27\\python.exe","EventType":"CreateKey","TargetObject":"HKU\\S-1-5-21-4019173901-3792766986-1456451320-1001_CLASSES\\exefile\\shell\\runas\\command","ProcessId":"3228","ProcessGuid":"{2D3B23BE-4BE5-5BA2-0000-0010FDE41D00}"},"@timestamp":"2018-09-19T13:15:17.751Z","log_name":"Microsoft-Windows-Sysmon/Operational","level":"Informationen","computer_name":"flare-PC","source_name":"Microsoft-Windows-Sysmon","process_id":1304,"message":"Registry object added or deleted:\nRuleName: \nEventType: CreateKey\nUtcTime: 2018-09-19 13:15:17.751\nProcessGuid: {2D3B23BE-4BE5-5BA2-0000-0010FDE41D00}\nProcessId: 3228\nImage: C:\\Program Files (x86)\\Python27\\python.exe\nTargetObject: HKU\\S-1-5-21-4019173901-3792766986-1456451320-1001_CLASSES\\exefile\\shell\\runas\\command","@version":"1","provider_guid":"{5770385F-C22A-43E0-BF4C-06F5698FFBD9}","beat":{"version":"6.4.0","name":"flare-PC","hostname":"flare-PC"},"tags":["beats_input_codec_plain_applied"],"type":"wineventlog","event_id":12,"record_number":"1502","version":2,"user":{"name":"SYSTEM","domain":"NT-AUTORITÄT","type":"User","identifier":"S-1-5-18"},"host":{"name":"flare-PC"},"task":"Registry object added or deleted (rule: RegistryEvent)","opcode":"Info"}
{"index":{"_index":"winlogbeat-6.4.0-2018.09.19","_type":"doc","_id":"B1_58WUBfVn9xHWikT2y"}}
{"thread_id":1824,"event_data":{"CreationUtcTime":"2018-09-19 13:15:18.737","UtcTime":"2018-09-19 13:15:18.737","Image":"C:\\Program Files (x86)\\Python27\\python.exe","TargetFilename":"C:\\Users\\flare\\Downloads\\RTA-master\\red_ttp\\bginfo.exe","ProcessId":"2792","ProcessGuid":"{2D3B23BE-4BE5-5BA2-0000-00103E111E00}"},"@timestamp":"2018-09-19T13:15:18.737Z","log_name":"Microsoft-Windows-Sysmon/Operational","level":"Informationen","computer_name":"flare-PC","source_name":"Microsoft-Windows-Sysmon","process_id":1304,"message":"File created:\nRuleName: \nUtcTime: 2018-09-19 13:15:18.737\nProcessGuid: {2D3B23BE-4BE5-5BA2-0000-00103E111E00}\nProcessId: 2792\nImage: C:\\Program Files (x86)\\Python27\\python.exe\nTargetFilename: C:\\Users\\flare\\Downloads\\RTA-master\\red_ttp\\bginfo.exe\nCreationUtcTime: 2018-09-19 13:15:18.737","@version":"1","provider_guid":"{5770385F-C22A-43E0-BF4C-06F5698FFBD9}","beat":{"version":"6.4.0","name":"flare-PC","hostname":"flare-PC"},"tags":["beats_input_codec_plain_applied"],"type":"wineventlog","record_number":"1506","event_id":11,"host":{"name":"flare-PC"},"version":2,"user":{"name":"SYSTEM","identifier":"S-1-5-18","domain":"NT-AUTORITÄT","type":"User"},"task":"File created (rule: FileCreate)","opcode":"Info"}
{"index":{"_index":"winlogbeat-6.4.0-2018.09.19","_type":"doc","_id":"CV_58WUBfVn9xHWikT2y"}}
{"thread_id":1824,"event_data":{"ParentProcessGuid":"{2D3B23BE-4BE4-5BA2-0000-001038B81D00}","Product":"Betriebssystem Microsoft® Windows®","UtcTime":"2018-09-19 13:15:17.287","Hashes":"MD5=91415D7EB992B77410145DD5FE453D25,SHA256=2F515E9662CA785A9C877E81BE1D52879EF4741BBDE3213550A3C077127436C2","User":"flare-PC\\flare","Description":"Startprogramm für Ereignisanzeige-Snap-In","Image":"C:\\Windows\\SysWOW64\\eventvwr.exe","ParentImage":"C:\\Program Files (x86)\\Python27\\python.exe","LogonId":"0xe320","ParentCommandLine":"\"C:\\Program Files (x86)\\Python27\\python.exe\"  C:\\Users\\flare\\Downloads\\RTA-master\\red_ttp\\uac_eventviewer.py","Company":"Microsoft Corporation","TerminalSessionId":"1","ParentProcessId":"4044","CommandLine":"c:\\windows\\system32\\eventvwr.exe","CurrentDirectory":"C:\\Users\\flare\\Downloads\\RTA-master\\","LogonGuid":"{2D3B23BE-45CC-5BA2-0000-002020E30000}","IntegrityLevel":"Medium","ProcessId":"3808","FileVersion":"6.1.7600.16385 (win7_rtm.090713-1255)","ProcessGuid":"{2D3B23BE-4BE5-5BA2-0000-0010BDE21D00}"},"@timestamp":"2018-09-19T13:15:17.287Z","log_name":"Microsoft-Windows-Sysmon/Operational","level":"Informationen","computer_name":"flare-PC","source_name":"Microsoft-Windows-Sysmon","process_id":1304,"message":"Process Create:\nRuleName: \nUtcTime: 2018-09-19 13:15:17.287\nProcessGuid: {2D3B23BE-4BE5-5BA2-0000-0010BDE21D00}\nProcessId: 3808\nImage: C:\\Windows\\SysWOW64\\eventvwr.exe\nFileVersion: 6.1.7600.16385 (win7_rtm.090713-1255)\nDescription: Startprogramm für Ereignisanzeige-Snap-In\nProduct: Betriebssystem Microsoft® Windows®\nCompany: Microsoft Corporation\nCommandLine: c:\\windows\\system32\\eventvwr.exe\nCurrentDirectory: C:\\Users\\flare\\Downloads\\RTA-master\\\nUser: flare-PC\\flare\nLogonGuid: {2D3B23BE-45CC-5BA2-0000-002020E30000}\nLogonId: 0xe320\nTerminalSessionId: 1\nIntegrityLevel: Medium\nHashes: MD5=91415D7EB992B77410145DD5FE453D25,SHA256=2F515E9662CA785A9C877E81BE1D52879EF4741BBDE3213550A3C077127436C2\nParentProcessGuid: {2D3B23BE-4BE4-5BA2-0000-001038B81D00}\nParentProcessId: 4044\nParentImage: C:\\Program Files (x86)\\Python27\\python.exe\nParentCommandLine: \"C:\\Program Files (x86)\\Python27\\python.exe\"  C:\\Users\\flare\\Downloads\\RTA-master\\red_ttp\\uac_eventviewer.py","@version":"1","provider_guid":"{5770385F-C22A-43E0-BF4C-06F5698FFBD9}","beat":{"version":"6.4.0","name":"flare-PC","hostname":"flare-PC"},"tags":["beats_input_codec_plain_applied"],"task":"Process Create (rule: ProcessCreate)","event_id":1,"record_number":"1496","version":5,"user":{"name":"SYSTEM","domain":"NT-AUTORITÄT","type":"User","identifier":"S-1-5-18"},"host":{"name":"flare-PC"},"type":"wineventlog","opcode":"Info"}
{"index":{"_index":"winlogbeat-6.4.0-2018.09.19","_type":"doc","_id":"DF_58WUBfVn9xHWikT2z"}}
{"thread_id":1824,"event_data":{"UtcTime":"2018-09-19 13:15:17.271","Image":"C:\\Program Files (x86)\\Python27\\python.exe","Details":"C:\\Users\\flare\\Downloads\\RTA-master\\red_ttp\\bin\\myapp.exe","EventType":"SetValue","TargetObject":"HKU\\S-1-5-21-4019173901-3792766986-1456451320-1001_CLASSES\\MSCFile\\shell\\open\\command\\(Default)","ProcessId":"4044","ProcessGuid":"{2D3B23BE-4BE4-5BA2-0000-001038B81D00}"},"@timestamp":"2018-09-19T13:15:17.271Z","log_name":"Microsoft-Windows-Sysmon/Operational","level":"Informationen","computer_name":"flare-PC","source_name":"Microsoft-Windows-Sysmon","process_id":1304,"provider_guid":"{5770385F-C22A-43E0-BF4C-06F5698FFBD9}","message":"Registry value set:\nRuleName: \nEventType: SetValue\nUtcTime: 2018-09-19 13:15:17.271\nProcessGuid: {2D3B23BE-4BE4-5BA2-0000-001038B81D00}\nProcessId: 4044\nImage: C:\\Program Files (x86)\\Python27\\python.exe\nTargetObject: HKU\\S-1-5-21-4019173901-3792766986-1456451320-1001_CLASSES\\MSCFile\\shell\\open\\command\\(Default)\nDetails: C:\\Users\\flare\\Downloads\\RTA-master\\red_ttp\\bin\\myapp.exe","@version":"1","beat":{"version":"6.4.0","name":"flare-PC","hostname":"flare-PC"},"tags":["beats_input_codec_plain_applied"],"task":"Registry value set (rule: RegistryEvent)","event_id":13,"type":"wineventlog","version":2,"user":{"name":"SYSTEM","identifier":"S-1-5-18","type":"User","domain":"NT-AUTORITÄT"},"record_number":"1495","host":{"name":"flare-PC"},"opcode":"Info"}
{"index":{"_index":"winlogbeat-6.4.0-2018.09.19","_type":"doc","_id":"EF_58WUBfVn9xHWimT2g"}}
{"thread_id":1824,"event_data":{"UtcTime":"2018-09-19 13:15:19.362","Image":"C:\\Users\\flare\\Downloads\\RTA-master\\red_ttp\\rcsi.exe","ProcessId":"3836","ProcessGuid":"{2D3B23BE-4BE7-5BA2-0000-001099411E00}"},"@timestamp":"2018-09-19T13:15:19.362Z","log_name":"Microsoft-Windows-Sysmon/Operational","level":"Informationen","computer_name":"flare-PC","source_name":"Microsoft-Windows-Sysmon","process_id":1304,"message":"Process terminated:\nRuleName: \nUtcTime: 2018-09-19 13:15:19.362\nProcessGuid: {2D3B23BE-4BE7-5BA2-0000-001099411E00}\nProcessId: 3836\nImage: C:\\Users\\flare\\Downloads\\RTA-master\\red_ttp\\rcsi.exe","@version":"1","provider_guid":"{5770385F-C22A-43E0-BF4C-06F5698FFBD9}","beat":{"version":"6.4.0","name":"flare-PC","hostname":"flare-PC"},"tags":["beats_input_codec_plain_applied"],"task":"Process terminated (rule: ProcessTerminate)","event_id":5,"record_number":"1511","host":{"name":"flare-PC"},"version":3,"type":"wineventlog","user":{"name":"SYSTEM","identifier":"S-1-5-18","domain":"NT-AUTORITÄT","type":"User"},"opcode":"Info"}
{"index":{"_index":"winlogbeat-6.4.0-2018.09.19","_type":"doc","_id":"GF_58WUBfVn9xHWimT2g"}}
{"thread_id":1824,"event_data":{"ParentProcessGuid":"{2D3B23BE-4BE8-5BA2-0000-00100F521E00}","Product":"?","UtcTime":"2018-09-19 13:15:20.422","Hashes":"MD5=6E8B813C218546F9DF6F17F4B97B06EE,SHA256=C7817E6DA74A7AE196EB2D35CE21319ABE3A62CD23AB4DB39FA5138DF7CA1D44","Description":"?","Image":"C:\\Program Files (x86)\\Python27\\python.exe","User":"flare-PC\\flare","FileVersion":"?","ParentCommandLine":"C:\\Windows\\system32\\cmd.exe /c \"\"C:\\Program Files (x86)\\Python27\\python.exe\" C:\\Users\\flare\\Downloads\\RTA-master\\red_ttp\\unusual_parent.py\"","ParentImage":"C:\\Windows\\SysWOW64\\cmd.exe","Company":"?","CommandLine":"\"C:\\Program Files (x86)\\Python27\\python.exe\"  C:\\Users\\flare\\Downloads\\RTA-master\\red_ttp\\unusual_parent.py","CurrentDirectory":"C:\\Users\\flare\\Downloads\\RTA-master\\","TerminalSessionId":"1","ProcessId":"2400","ParentProcessId":"2484","IntegrityLevel":"Medium","LogonGuid":"{2D3B23BE-45CC-5BA2-0000-002020E30000}","LogonId":"0xe320","ProcessGuid":"{2D3B23BE-4BE8-5BA2-0000-001048531E00}"},"@timestamp":"2018-09-19T13:15:20.422Z","log_name":"Microsoft-Windows-Sysmon/Operational","level":"Informationen","computer_name":"flare-PC","source_name":"Microsoft-Windows-Sysmon","process_id":1304,"message":"Process Create:\nRuleName: \nUtcTime: 2018-09-19 13:15:20.422\nProcessGuid: {2D3B23BE-4BE8-5BA2-0000-001048531E00}\nProcessId: 2400\nImage: C:\\Program Files (x86)\\Python27\\python.exe\nFileVersion: ?\nDescription: ?\nProduct: ?\nCompany: ?\nCommandLine: \"C:\\Program Files (x86)\\Python27\\python.exe\"  C:\\Users\\flare\\Downloads\\RTA-master\\red_ttp\\unusual_parent.py\nCurrentDirectory: C:\\Users\\flare\\Downloads\\RTA-master\\\nUser: flare-PC\\flare\nLogonGuid: {2D3B23BE-45CC-5BA2-0000-002020E30000}\nLogonId: 0xe320\nTerminalSessionId: 1\nIntegrityLevel: Medium\nHashes: MD5=6E8B813C218546F9DF6F17F4B97B06EE,SHA256=C7817E6DA74A7AE196EB2D35CE21319ABE3A62CD23AB4DB39FA5138DF7CA1D44\nParentProcessGuid: {2D3B23BE-4BE8-5BA2-0000-00100F521E00}\nParentProcessId: 2484\nParentImage: C:\\Windows\\SysWOW64\\cmd.exe\nParentCommandLine: C:\\Windows\\system32\\cmd.exe /c \"\"C:\\Program Files (x86)\\Python27\\python.exe\" C:\\Users\\flare\\Downloads\\RTA-master\\red_ttp\\unusual_parent.py\"","@version":"1","provider_guid":"{5770385F-C22A-43E0-BF4C-06F5698FFBD9}","beat":{"version":"6.4.0","name":"flare-PC","hostname":"flare-PC"},"tags":["beats_input_codec_plain_applied"],"task":"Process Create (rule: ProcessCreate)","type":"wineventlog","record_number":"1519","version":5,"host":{"name":"flare-PC"},"user":{"name":"SYSTEM","identifier":"S-1-5-18","domain":"NT-AUTORITÄT","type":"User"},"event_id":1,"opcode":"Info"}
{"index":{"_index":"winlogbeat-6.4.0-2018.09.19","_type":"doc","_id":"El_58WUBfVn9xHWimT2g"}}
{"thread_id":1824,"event_data":{"LogonId":"0xe320","Product":"?","User":"flare-PC\\flare","Hashes":"MD5=6E8B813C218546F9DF6F17F4B97B06EE,SHA256=C7817E6DA74A7AE196EB2D35CE21319ABE3A62CD23AB4DB39FA5138DF7CA1D44","Image":"C:\\Users\\flare\\Downloads\\RTA-master\\red_ttp\\rcsi.exe","UtcTime":"2018-09-19 13:15:19.112","ParentProcessGuid":"{2D3B23BE-4BE5-5BA2-0000-00103E111E00}","ParentImage":"C:\\Program Files (x86)\\Python27\\python.exe","ParentCommandLine":"\"C:\\Program Files (x86)\\Python27\\python.exe\"  C:\\Users\\flare\\Downloads\\RTA-master\\red_ttp\\unusual_ms_tool_network.py","FileVersion":"?","TerminalSessionId":"1","LogonGuid":"{2D3B23BE-45CC-5BA2-0000-002020E30000}","ParentProcessId":"2792","ProcessId":"3836","Company":"?","IntegrityLevel":"Medium","CommandLine":"C:\\Users\\flare\\Downloads\\RTA-master\\red_ttp\\rcsi.exe -c \"import urllib; urllib.urlopen('http://172.16.100.10:8000')\"","Description":"?","CurrentDirectory":"C:\\Users\\flare\\Downloads\\RTA-master\\red_ttp\\","ProcessGuid":"{2D3B23BE-4BE7-5BA2-0000-001099411E00}"},"@timestamp":"2018-09-19T13:15:19.127Z","log_name":"Microsoft-Windows-Sysmon/Operational","level":"Informationen","computer_name":"flare-PC","source_name":"Microsoft-Windows-Sysmon","process_id":1304,"message":"Process Create:\nRuleName: \nUtcTime: 2018-09-19 13:15:19.112\nProcessGuid: {2D3B23BE-4BE7-5BA2-0000-001099411E00}\nProcessId: 3836\nImage: C:\\Users\\flare\\Downloads\\RTA-master\\red_ttp\\rcsi.exe\nFileVersion: ?\nDescription: ?\nProduct: ?\nCompany: ?\nCommandLine: C:\\Users\\flare\\Downloads\\RTA-master\\red_ttp\\rcsi.exe -c \"import urllib; urllib.urlopen('http://172.16.100.10:8000')\"\nCurrentDirectory: C:\\Users\\flare\\Downloads\\RTA-master\\red_ttp\\\nUser: flare-PC\\flare\nLogonGuid: {2D3B23BE-45CC-5BA2-0000-002020E30000}\nLogonId: 0xe320\nTerminalSessionId: 1\nIntegrityLevel: Medium\nHashes: MD5=6E8B813C218546F9DF6F17F4B97B06EE,SHA256=C7817E6DA74A7AE196EB2D35CE21319ABE3A62CD23AB4DB39FA5138DF7CA1D44\nParentProcessGuid: {2D3B23BE-4BE5-5BA2-0000-00103E111E00}\nParentProcessId: 2792\nParentImage: C:\\Program Files (x86)\\Python27\\python.exe\nParentCommandLine: \"C:\\Program Files (x86)\\Python27\\python.exe\"  C:\\Users\\flare\\Downloads\\RTA-master\\red_ttp\\unusual_ms_tool_network.py","@version":"1","provider_guid":"{5770385F-C22A-43E0-BF4C-06F5698FFBD9}","beat":{"version":"6.4.0","name":"flare-PC","hostname":"flare-PC"},"tags":["beats_input_codec_plain_applied"],"task":"Process Create (rule: ProcessCreate)","event_id":1,"record_number":"1510","version":5,"host":{"name":"flare-PC"},"user":{"name":"SYSTEM","identifier":"S-1-5-18","domain":"NT-AUTORITÄT","type":"User"},"type":"wineventlog","opcode":"Info"}
{"index":{"_index":"winlogbeat-6.4.0-2018.09.19","_type":"doc","_id":"GV_58WUBfVn9xHWimT2i"}}
{"thread_id":1824,"event_data":{"UtcTime":"2018-09-19 13:15:19.112","Image":"C:\\Users\\flare\\Downloads\\RTA-master\\red_ttp\\bginfo.exe","ProcessId":"3644","ProcessGuid":"{2D3B23BE-4BE6-5BA2-0000-0010DA3B1E00}"},"@timestamp":"2018-09-19T13:15:19.112Z","log_name":"Microsoft-Windows-Sysmon/Operational","level":"Informationen","computer_name":"flare-PC","source_name":"Microsoft-Windows-Sysmon","process_id":1304,"@version":"1","provider_guid":"{5770385F-C22A-43E0-BF4C-06F5698FFBD9}","message":"Process terminated:\nRuleName: \nUtcTime: 2018-09-19 13:15:19.112\nProcessGuid: {2D3B23BE-4BE6-5BA2-0000-0010DA3B1E00}\nProcessId: 3644\nImage: C:\\Users\\flare\\Downloads\\RTA-master\\red_ttp\\bginfo.exe","beat":{"version":"6.4.0","name":"flare-PC","hostname":"flare-PC"},"tags":["beats_input_codec_plain_applied"],"task":"Process terminated (rule: ProcessTerminate)","event_id":5,"type":"wineventlog","host":{"name":"flare-PC"},"user":{"name":"SYSTEM","identifier":"S-1-5-18","type":"User","domain":"NT-AUTORITÄT"},"record_number":"1508","version":3,"opcode":"Info"}
{"index":{"_index":"winlogbeat-6.4.0-2018.09.19","_type":"doc","_id":"HV_58WUBfVn9xHWioT17"}}
{"thread_id":1824,"event_data":{"ParentProcessGuid":"{2D3B23BE-4BE9-5BA2-0000-00105EAB1E00}","Product":"?","User":"flare-PC\\flare","Image":"C:\\Program Files (x86)\\Python27\\python.exe","Description":"?","Hashes":"MD5=6E8B813C218546F9DF6F17F4B97B06EE,SHA256=C7817E6DA74A7AE196EB2D35CE21319ABE3A62CD23AB4DB39FA5138DF7CA1D44","LogonId":"0xe320","ParentImage":"C:\\Windows\\SysWOW64\\cmd.exe","ParentCommandLine":"C:\\Windows\\system32\\cmd.exe /c \"\"C:\\Program Files (x86)\\Python27\\python.exe\" C:\\Users\\flare\\Downloads\\RTA-master\\red_ttp\\user_dir_escalation.py\"","UtcTime":"2018-09-19 13:15:21.870","Company":"?","LogonGuid":"{2D3B23BE-45CC-5BA2-0000-002020E30000}","TerminalSessionId":"1","ProcessId":"3752","CommandLine":"\"C:\\Program Files (x86)\\Python27\\python.exe\"  C:\\Users\\flare\\Downloads\\RTA-master\\red_ttp\\user_dir_escalation.py","ParentProcessId":"4052","IntegrityLevel":"Medium","FileVersion":"?","CurrentDirectory":"C:\\Users\\flare\\Downloads\\RTA-master\\","ProcessGuid":"{2D3B23BE-4BE9-5BA2-0000-001098AC1E00}"},"@timestamp":"2018-09-19T13:15:21.870Z","log_name":"Microsoft-Windows-Sysmon/Operational","level":"Informationen","computer_name":"flare-PC","source_name":"Microsoft-Windows-Sysmon","process_id":1304,"provider_guid":"{5770385F-C22A-43E0-BF4C-06F5698FFBD9}","message":"Process Create:\nRuleName: \nUtcTime: 2018-09-19 13:15:21.870\nProcessGuid: {2D3B23BE-4BE9-5BA2-0000-001098AC1E00}\nProcessId: 3752\nImage: C:\\Program Files (x86)\\Python27\\python.exe\nFileVersion: ?\nDescription: ?\nProduct: ?\nCompany: ?\nCommandLine: \"C:\\Program Files (x86)\\Python27\\python.exe\"  C:\\Users\\flare\\Downloads\\RTA-master\\red_ttp\\user_dir_escalation.py\nCurrentDirectory: C:\\Users\\flare\\Downloads\\RTA-master\\\nUser: flare-PC\\flare\nLogonGuid: {2D3B23BE-45CC-5BA2-0000-002020E30000}\nLogonId: 0xe320\nTerminalSessionId: 1\nIntegrityLevel: Medium\nHashes: MD5=6E8B813C218546F9DF6F17F4B97B06EE,SHA256=C7817E6DA74A7AE196EB2D35CE21319ABE3A62CD23AB4DB39FA5138DF7CA1D44\nParentProcessGuid: {2D3B23BE-4BE9-5BA2-0000-00105EAB1E00}\nParentProcessId: 4052\nParentImage: C:\\Windows\\SysWOW64\\cmd.exe\nParentCommandLine: C:\\Windows\\system32\\cmd.exe /c \"\"C:\\Program Files (x86)\\Python27\\python.exe\" C:\\Users\\flare\\Downloads\\RTA-master\\red_ttp\\user_dir_escalation.py\"","@version":"1","beat":{"version":"6.4.0","name":"flare-PC","hostname":"flare-PC"},"tags":["beats_input_codec_plain_applied"],"type":"wineventlog","record_number":"1524","task":"Process Create (rule: ProcessCreate)","version":5,"host":{"name":"flare-PC"},"user":{"domain":"NT-AUTORITÄT","identifier":"S-1-5-18","type":"User","name":"SYSTEM"},"event_id":1,"opcode":"Info"}
{"index":{"_index":"winlogbeat-6.4.0-2018.09.19","_type":"doc","_id":"Il_58WUBfVn9xHWioT18"}}
{"thread_id":1824,"event_data":{"UtcTime":"2018-09-19 13:15:22.338","Image":"C:\\Users\\flare\\Downloads\\RTA-master\\red_ttp\\bin\\PsExec.exe","ProcessId":"2712","ProcessGuid":"{2D3B23BE-4BEA-5BA2-0000-0010E7D61E00}"},"@timestamp":"2018-09-19T13:15:22.338Z","log_name":"Microsoft-Windows-Sysmon/Operational","level":"Informationen","computer_name":"flare-PC","source_name":"Microsoft-Windows-Sysmon","process_id":1304,"message":"Process terminated:\nRuleName: \nUtcTime: 2018-09-19 13:15:22.338\nProcessGuid: {2D3B23BE-4BEA-5BA2-0000-0010E7D61E00}\nProcessId: 2712\nImage: C:\\Users\\flare\\Downloads\\RTA-master\\red_ttp\\bin\\PsExec.exe","@version":"1","provider_guid":"{5770385F-C22A-43E0-BF4C-06F5698FFBD9}","beat":{"version":"6.4.0","name":"flare-PC","hostname":"flare-PC"},"tags":["beats_input_codec_plain_applied"],"task":"Process terminated (rule: ProcessTerminate)","type":"wineventlog","record_number":"1526","host":{"name":"flare-PC"},"user":{"name":"SYSTEM","identifier":"S-1-5-18","type":"User","domain":"NT-AUTORITÄT"},"event_id":5,"version":3,"opcode":"Info"}
