{"index":{"_index":"winlogbeat-6.4.0-2018.09.19","_type":"doc","_id":"dF_n8WUBfVn9xHWiaToQ"}}
{"thread_id":1824,"event_data":{"CreationUtcTime":"2018-09-19 12:56:11.316","UtcTime":"2018-09-19 12:56:14.375","Hash":"MD5=0FFA44A86522F9A37B916B361EEBC552,SHA256=5E85F3C4C209DE98480ACBF2BA2E71A907FD5567A838AD4B6748C76DEB286AD7","Image":"C:\\Program Files\\Mozilla Firefox\\firefox.exe","TargetFilename":"C:\\Users\\flare\\Downloads\\python-2.7.15.amd64.msi","ProcessId":"588","ProcessGuid":"{2D3B23BE-463E-5BA2-0000-001010000400}"},"@timestamp":"2018-09-19T12:56:14.580Z","log_name":"Microsoft-Windows-Sysmon/Operational","level":"Informationen","computer_name":"flare-PC","source_name":"Microsoft-Windows-Sysmon","process_id":1304,"provider_guid":"{5770385F-C22A-43E0-BF4C-06F5698FFBD9}","message":"File stream created:\nRuleName: \nUtcTime: 2018-09-19 12:56:14.375\nProcessGuid: {2D3B23BE-463E-5BA2-0000-001010000400}\nProcessId: 588\nImage: C:\\Program Files\\Mozilla Firefox\\firefox.exe\nTargetFilename: C:\\Users\\flare\\Downloads\\python-2.7.15.amd64.msi\nCreationUtcTime: 2018-09-19 12:56:11.316\nHash: MD5=0FFA44A86522F9A37B916B361EEBC552,SHA256=5E85F3C4C209DE98480ACBF2BA2E71A907FD5567A838AD4B6748C76DEB286AD7","@version":"1","beat":{"version":"6.4.0","name":"flare-PC","hostname":"flare-PC"},"tags":["beats_input_codec_plain_applied"],"type":"wineventlog","record_number":"895","task":"File stream created (rule: FileCreateStreamHash)","event_id":15,"user":{"name":"SYSTEM","identifier":"S-1-5-18","type":"User","domain":"NT-AUTORITÄT"},"host":{"name":"flare-PC"},"version":2,"opcode":"Info"}
{"index":{"_index":"winlogbeat-6.4.0-2018.09.19","_type":"doc","_id":"dV_n8WUBfVn9xHWiaToQ"}}
{"thread_id":1824,"event_data":{"UtcTime":"2018-09-19 12:56:14.595","Image":"C:\\Windows\\Explorer.EXE","Details":"firefox.exe","EventType":"SetValue","TargetObject":"HKU\\S-1-5-21-4019173901-3792766986-1456451320-1001\\Software\\Microsoft\\Windows\\CurrentVersion\\Explorer\\FileExts\\.msi\\OpenWithList\\a","ProcessId":"1692","ProcessGuid":"{2D3B23BE-45D0-5BA2-0000-0010C3580100}"},"@timestamp":"2018-09-19T12:56:14.611Z","log_name":"Microsoft-Windows-Sysmon/Operational","level":"Informationen","computer_name":"flare-PC","source_name":"Microsoft-Windows-Sysmon","process_id":1304,"message":"Registry value set:\nRuleName: \nEventType: SetValue\nUtcTime: 2018-09-19 12:56:14.595\nProcessGuid: {2D3B23BE-45D0-5BA2-0000-0010C3580100}\nProcessId: 1692\nImage: C:\\Windows\\Explorer.EXE\nTargetObject: HKU\\S-1-5-21-4019173901-3792766986-1456451320-1001\\Software\\Microsoft\\Windows\\CurrentVersion\\Explorer\\FileExts\\.msi\\OpenWithList\\a\nDetails: firefox.exe","@version":"1","provider_guid":"{5770385F-C22A-43E0-BF4C-06F5698FFBD9}","beat":{"version":"6.4.0","name":"flare-PC","hostname":"flare-PC"},"tags":["beats_input_codec_plain_applied"],"type":"wineventlog","task":"Registry value set (rule: RegistryEvent)","event_id":13,"version":2,"user":{"name":"SYSTEM","identifier":"S-1-5-18","domain":"NT-AUTORITÄT","type":"User"},"host":{"name":"flare-PC"},"record_number":"899","opcode":"Info"}
{"index":{"_index":"winlogbeat-6.4.0-2018.09.19","_type":"doc","_id":"Wl_i8WUBfVn9xHWixDpP"}}
{"thread_id":1736,"event_data":{"param2":"Ausgeführt","param1":"Microsoft .NET Framework NGEN v4.0.30319_X86","Binary":"63006C0072005F006F007000740069006D0069007A006100740069006F006E005F00760034002E0030002E00330030003300310039005F00330032002F0034000000"},"@timestamp":"2018-09-19T12:51:25.901Z","keywords":["Klassisch"],"log_name":"System","level":"Informationen","computer_name":"flare-PC","source_name":"Service Control Manager","process_id":488,"message":"Dienst \"Microsoft .NET Framework NGEN v4.0.30319_X86\" befindet sich jetzt im Status \"Ausgeführt\".","@version":"1","provider_guid":"{555908d1-a6d7-4695-8e1e-26931d2012f4}","beat":{"version":"6.4.0","name":"flare-PC","hostname":"flare-PC"},"tags":["beats_input_codec_plain_applied"],"type":"wineventlog","event_id":7036,"record_number":"11713","host":{"name":"flare-PC"}}
{"index":{"_index":"winlogbeat-6.4.0-2018.09.19","_type":"doc","_id":"Xl_i8WUBfVn9xHWiyzrY"}}
{"event_data":{"param1":"6.1.7601.17514"},"@timestamp":"2018-09-19T12:51:27.000Z","keywords":["Klassisch"],"log_name":"Application","level":"Informationen","computer_name":"flare-PC","source_name":"Microsoft-Windows-Security-SPP","message":"Der Softwareschutzdienst wurde gestartet.\n6.1.7601.17514","@version":"1","provider_guid":"{E23B33B0-C8C9-472C-A5F9-F2BDFEA0F156}","beat":{"version":"6.4.0","name":"flare-PC","hostname":"flare-PC"},"tags":["beats_input_codec_plain_applied"],"type":"wineventlog","event_id":902,"record_number":"2389","host":{"name":"flare-PC"}}
{"index":{"_index":"winlogbeat-6.4.0-2018.09.19","_type":"doc","_id":"X1_i8WUBfVn9xHWiyzrY"}}
{"thread_id":1736,"event_data":{"param2":"Ausgeführt","param1":"Microsoft .NET Framework NGEN v4.0.30319_X64","Binary":"63006C0072005F006F007000740069006D0069007A006100740069006F006E005F00760034002E0030002E00330030003300310039005F00360034002F0034000000"},"@timestamp":"2018-09-19T12:51:26.779Z","log_name":"System","keywords":["Klassisch"],"level":"Informationen","computer_name":"flare-PC","source_name":"Service Control Manager","process_id":488,"provider_guid":"{555908d1-a6d7-4695-8e1e-26931d2012f4}","message":"Dienst \"Microsoft .NET Framework NGEN v4.0.30319_X64\" befindet sich jetzt im Status \"Ausgeführt\".","@version":"1","beat":{"version":"6.4.0","name":"flare-PC","hostname":"flare-PC"},"tags":["beats_input_codec_plain_applied"],"type":"wineventlog","record_number":"11715","event_id":7036,"host":{"name":"flare-PC"}}
{"index":{"_index":"winlogbeat-6.4.0-2018.09.19","_type":"doc","_id":"XF_i8WUBfVn9xHWiyzrY"}}
{"event_data":{"param1":"55c92734-d682-4d71-983e-d6ec3f16059f","param2":"\n1: 358fb95b-0090-44fb-883a-75734e060c30, 1, 0 [(0 [0xC004F014, 0, 0], [(?)(?)(?)(?)(?)(?)])(1 )(2 )]\n2: 4f00134f-b514-4626-a74b-a8ec7c8dfe92, 1, 0 [(0 [0xC004F014, 0, 0], [(?)(?)(?)(?)(?)(?)])(1 )(2 )]\n3: 8dffd6e4-0497-4c35-b7d7-e47cf464cf30, 1, 0 [(0 [0xC004F014, 0, 0], [(?)(?)(?)(?)(?)(?)])(1 )(2 )]\n4: 92f9d22a-65f5-49a7-90fe-06491b4fc379, 1, 0 [(0 [0xC004F014, 0, 0], [(?)(?)(?)(?)(?)(?)])(1 )(2 )]\n5: 9abf5984-9c16-46f2-ad1e-7fe15931a8dd, 1, 1 [(0 [0x00000000, 1, 0], [(?)(?)( 1 0x00000000 30 0 msft:rm/algorithm/hwid/4.0 0x00000000 0)(?)(?)(?)])(1 )(2 )]\n6: ae2ee509-1b34-41c0-acb7-6d4650168915, 1, 0 [(0 [0xC004F014, 0, 0], [(?)(?)(?)(?)(?)(?)])(1 )(2 )]\n7: b793ff2d-9d80-407c-b521-85111c51028c, 1, 0 [(0 [0xC004F014, 0, 0], [(?)(?)(?)(?)(?)(?)])(1 )(2 )]\n8: cff07cac-7534-4cc3-b3f3-99e1a0aa3c20, 1, 0 [(0 [0xC004F014, 0, 0], [(?)(?)(?)(?)(?)(?)])(1 )(2 )]\n9: d188820a-cb63-4bad-a9a2-40b843ee23b7, 1, 0 [(0 [0xC004F014, 0, 0], [(?)(?)(?)(?)(?)(?)])(1 )(2 )]\n10: 4a8149bb-7d61-49f4-8822-82c7bf88d64b, 1, 0 [(0 [0xC004F014, 0, 0], [(?)(?)(?)(?)(?)(?)])(1 )(2 )]\n11: afd5f68f-b70f-4000-a21d-28dbc8be8b07, 1, 0 [(0 [0xC004F014, 0, 0], [(?)(?)(?)(?)(?)(?)])(1 )(2 )]"},"@timestamp":"2018-09-19T12:51:27.000Z","log_name":"Application","keywords":["Klassisch"],"level":"Informationen","computer_name":"flare-PC","source_name":"Microsoft-Windows-Security-SPP","provider_guid":"{E23B33B0-C8C9-472C-A5F9-F2BDFEA0F156}","message":"Der Softwareschutzdienst hat die Überprüfung des Lizenzierungsstatus abgeschlossen.\nAnwendungs-ID=55c92734-d682-4d71-983e-d6ec3f16059f\nLizenzierungsstatus=\n1: 358fb95b-0090-44fb-883a-75734e060c30, 1, 0 [(0 [0xC004F014, 0, 0], [(?)(?)(?)(?)(?)(?)])(1 )(2 )]\n2: 4f00134f-b514-4626-a74b-a8ec7c8dfe92, 1, 0 [(0 [0xC004F014, 0, 0], [(?)(?)(?)(?)(?)(?)])(1 )(2 )]\n3: 8dffd6e4-0497-4c35-b7d7-e47cf464cf30, 1, 0 [(0 [0xC004F014, 0, 0], [(?)(?)(?)(?)(?)(?)])(1 )(2 )]\n4: 92f9d22a-65f5-49a7-90fe-06491b4fc379, 1, 0 [(0 [0xC004F014, 0, 0], [(?)(?)(?)(?)(?)(?)])(1 )(2 )]\n5: 9abf5984-9c16-46f2-ad1e-7fe15931a8dd, 1, 1 [(0 [0x00000000, 1, 0], [(?)(?)( 1 0x00000000 30 0 msft:rm/algorithm/hwid/4.0 0x00000000 0)(?)(?)(?)])(1 )(2 )]\n6: ae2ee509-1b34-41c0-acb7-6d4650168915, 1, 0 [(0 [0xC004F014, 0, 0], [(?)(?)(?)(?)(?)(?)])(1 )(2 )]\n7: b793ff2d-9d80-407c-b521-85111c51028c, 1, 0 [(0 [0xC004F014, 0, 0], [(?)(?)(?)(?)(?)(?)])(1 )(2 )]\n8: cff07cac-7534-4cc3-b3f3-99e1a0aa3c20, 1, 0 [(0 [0xC004F014, 0, 0], [(?)(?)(?)(?)(?)(?)])(1 )(2 )]\n9: d188820a-cb63-4bad-a9a2-40b843ee23b7, 1, 0 [(0 [0xC004F014, 0, 0], [(?)(?)(?)(?)(?)(?)])(1 )(2 )]\n10: 4a8149bb-7d61-49f4-8822-82c7bf88d64b, 1, 0 [(0 [0xC004F014, 0, 0], [(?)(?)(?)(?)(?)(?)])(1 )(2 )]\n11: afd5f68f-b70f-4000-a21d-28dbc8be8b07, 1, 0 [(0 [0xC004F014, 0, 0], [(?)(?)(?)(?)(?)(?)])(1 )(2 )]","@version":"1","beat":{"version":"6.4.0","name":"flare-PC","hostname":"flare-PC"},"tags":["beats_input_codec_plain_applied"],"type":"wineventlog","record_number":"2388","event_id":1003,"host":{"name":"flare-PC"}}
{"index":{"_index":"winlogbeat-6.4.0-2018.09.19","_type":"doc","_id":"YF_i8WUBfVn9xHWiyzrY"}}
{"thread_id":1736,"event_data":{"param2":"Beendet","Binary":"63006C0072005F006F007000740069006D0069007A006100740069006F006E005F00760034002E0030002E00330030003300310039005F00360034002F0031000000","param1":"Microsoft .NET Framework NGEN v4.0.30319_X64"},"@timestamp":"2018-09-19T12:51:26.779Z","keywords":["Klassisch"],"log_name":"System","level":"Informationen","computer_name":"flare-PC","source_name":"Service Control Manager","process_id":488,"provider_guid":"{555908d1-a6d7-4695-8e1e-26931d2012f4}","message":"Dienst \"Microsoft .NET Framework NGEN v4.0.30319_X64\" befindet sich jetzt im Status \"Beendet\".","@version":"1","beat":{"version":"6.4.0","name":"flare-PC","hostname":"flare-PC"},"tags":["beats_input_codec_plain_applied"],"type":"wineventlog","record_number":"11716","event_id":7036,"host":{"name":"flare-PC"}}
{"index":{"_index":"winlogbeat-6.4.0-2018.09.19","_type":"doc","_id":"Z1_i8WUBfVn9xHWiyzra"}}
{"thread_id":1736,"event_data":{"param2":"Beendet","param1":"Google Update-Dienst (gupdate)","Binary":"67007500700064006100740065002F0031000000"},"@timestamp":"2018-09-19T12:51:26.983Z","keywords":["Klassisch"],"log_name":"System","level":"Informationen","computer_name":"flare-PC","source_name":"Service Control Manager","process_id":488,"provider_guid":"{555908d1-a6d7-4695-8e1e-26931d2012f4}","message":"Dienst \"Google Update-Dienst (gupdate)\" befindet sich jetzt im Status \"Beendet\".","@version":"1","beat":{"version":"6.4.0","name":"flare-PC","hostname":"flare-PC"},"tags":["beats_input_codec_plain_applied"],"type":"wineventlog","record_number":"11718","event_id":7036,"host":{"name":"flare-PC"}}
{"index":{"_index":"winlogbeat-6.4.0-2018.09.19","_type":"doc","_id":"Ul_i8WUBfVn9xHWiaDqH"}}
{"thread_id":560,"event_data":{"SubjectLogonId":"0x3e7","Operation":"%%2458","ReturnCode":"0x0","SubjectUserSid":"S-1-5-18","KeyType":"%%2499","AlgorithmName":"%%2432","KeyName":"{EB6AC35D-DE5F-40AA-B924-5A164D069CF0}","SubjectDomainName":"WORKGROUP","SubjectUserName":"FLARE-PC$","KeyFilePath":"C:\\ProgramData\\Microsoft\\Crypto\\Keys\\6cfe326187cdad55581d695e53e8dac3_2d3b23be-f5a4-4ef4-a59b-fcbe20fce434","ProviderName":"Microsoft Software Key Storage Provider"},"@timestamp":"2018-09-19T12:51:03.177Z","keywords":["Überwachung erfolgreich"],"log_name":"Security","level":"Informationen","computer_name":"flare-PC","source_name":"Microsoft-Windows-Security-Auditing","process_id":512,"message":"Schlüsseldateivorgang.\nAntragsteller:\n\tSicherheits-ID:\t\tS-1-5-18\n\tKontoname:\t\tFLARE-PC$\n\tKontodomäne:\t\tWORKGROUP\n\tAnmelde-ID:\t\t0x3e7\n\nKryptografische Parameter:\n\tAnbietername:\t\tMicrosoft Software Key Storage Provider\n\tAlgorithmusname:\tNicht verfügbar.\n\nSchlüsselname:\t{EB6AC35D-DE5F-40AA-B924-5A164D069CF0}\n\tSchlüsseltyp:\tComputerschlüssel.\n\nInformationen zum Schlüsseldateivorgang:\n\tDateipfad:\tC:\\ProgramData\\Microsoft\\Crypto\\Keys\\6cfe326187cdad55581d695e53e8dac3_2d3b23be-f5a4-4ef4-a59b-fcbe20fce434\n\tVorgang:\tPersistenten Schlüssel aus Datei lesen.\n\tRückgabecode:\t0x0","@version":"1","provider_guid":"{54849625-5478-4994-A5BA-3E3B0328C30D}","beat":{"version":"6.4.0","name":"flare-PC","hostname":"flare-PC"},"tags":["beats_input_codec_plain_applied"],"type":"wineventlog","event_id":5058,"record_number":"16733","task":"Andere Systemereignisse","host":{"name":"flare-PC"},"opcode":"Info"}
{"index":{"_index":"winlogbeat-6.4.0-2018.09.19","_type":"doc","_id":"U1_i8WUBfVn9xHWiaDqI"}}
{"thread_id":560,"event_data":{"ProviderName":"Microsoft Software Key Storage Provider","AlgorithmName":"RSA","SubjectDomainName":"WORKGROUP","KeyName":"{EB6AC35D-DE5F-40AA-B924-5A164D069CF0}","SubjectLogonId":"0x3e7","SubjectUserName":"FLARE-PC$","Operation":"%%2480","ReturnCode":"0x0","SubjectUserSid":"S-1-5-18","KeyType":"%%2499"},"@timestamp":"2018-09-19T12:51:03.177Z","keywords":["Überwachung erfolgreich"],"log_name":"Security","level":"Informationen","computer_name":"flare-PC","source_name":"Microsoft-Windows-Security-Auditing","process_id":512,"message":"Kryptografievorgang.\n\nAntragsteller:\n\tSicherheits-ID:\tS-1-5-18\n\tKontoname:\tFLARE-PC$\n\tKontodomäne:\tWORKGROUP\n\tAnmelde-ID:\t0x3e7\n\nKryptografische Parameter:\n\tAnbietername:\tMicrosoft Software Key Storage Provider\n\tAlgorithmusname:\tRSA\n\tSchlüsselname:\t{EB6AC35D-DE5F-40AA-B924-5A164D069CF0}\n\tSchlüsseltyp:\tComputerschlüssel.\n\nKryptografischer Vorgang:\n\tVorgang:\tSchlüssel öffnen.\n\tRückgabecode:\t0x0","@version":"1","provider_guid":"{54849625-5478-4994-A5BA-3E3B0328C30D}","beat":{"version":"6.4.0","name":"flare-PC","hostname":"flare-PC"},"tags":["beats_input_codec_plain_applied"],"task":"Systemintegrität","record_number":"16734","event_id":5061,"type":"wineventlog","host":{"name":"flare-PC"},"opcode":"Info"}
{"index":{"_index":"winlogbeat-6.4.0-2018.09.19","_type":"doc","_id":"fF_o8WUBfVn9xHWiGzpk"}}
{"thread_id":1824,"event_data":{"CreationUtcTime":"2018-09-19 12:56:42.441","UtcTime":"2018-09-19 12:56:57.912","Image":"C:\\Program Files\\Mozilla Firefox\\firefox.exe","TargetFilename":"C:\\Users\\flare\\Downloads\\RTA-master.zip:Zone.Identifier","ProcessId":"588","ProcessGuid":"{2D3B23BE-463E-5BA2-0000-001010000400}"},"@timestamp":"2018-09-19T12:56:57.912Z","log_name":"Microsoft-Windows-Sysmon/Operational","level":"Informationen","computer_name":"flare-PC","source_name":"Microsoft-Windows-Sysmon","process_id":1304,"message":"File created:\nRuleName: \nUtcTime: 2018-09-19 12:56:57.912\nProcessGuid: {2D3B23BE-463E-5BA2-0000-001010000400}\nProcessId: 588\nImage: C:\\Program Files\\Mozilla Firefox\\firefox.exe\nTargetFilename: C:\\Users\\flare\\Downloads\\RTA-master.zip:Zone.Identifier\nCreationUtcTime: 2018-09-19 12:56:42.441","@version":"1","provider_guid":"{5770385F-C22A-43E0-BF4C-06F5698FFBD9}","beat":{"version":"6.4.0","name":"flare-PC","hostname":"flare-PC"},"tags":["beats_input_codec_plain_applied"],"task":"File created (rule: FileCreate)","record_number":"902","event_id":11,"version":2,"host":{"name":"flare-PC"},"type":"wineventlog","user":{"name":"SYSTEM","domain":"NT-AUTORITÄT","type":"User","identifier":"S-1-5-18"},"opcode":"Info"}
{"index":{"_index":"winlogbeat-6.4.0-2018.09.19","_type":"doc","_id":"eV_o8WUBfVn9xHWiATrN"}}
{"thread_id":2792,"event_data":{"SubjectDomainName":"NT-AUTORITÄT","SubjectLogonId":"0x3e7","SubjectUserName":"SYSTEM","SubjectUserSid":"S-1-5-18","PrivilegeList":"SeAssignPrimaryTokenPrivilege\n\t\t\tSeTcbPrivilege\n\t\t\tSeSecurityPrivilege\n\t\t\tSeTakeOwnershipPrivilege\n\t\t\tSeLoadDriverPrivilege\n\t\t\tSeBackupPrivilege\n\t\t\tSeRestorePrivilege\n\t\t\tSeDebugPrivilege\n\t\t\tSeAuditPrivilege\n\t\t\tSeSystemEnvironmentPrivilege\n\t\t\tSeImpersonatePrivilege"},"@timestamp":"2018-09-19T12:56:49.985Z","log_name":"Security","keywords":["Überwachung erfolgreich"],"level":"Informationen","computer_name":"flare-PC","source_name":"Microsoft-Windows-Security-Auditing","process_id":512,"provider_guid":"{54849625-5478-4994-A5BA-3E3B0328C30D}","message":"Einer neuen Anmeldung wurden besondere Rechte zugewiesen.\n\nAntragsteller:\n\tSicherheits-ID:\t\tS-1-5-18\n\tKontoname:\t\tSYSTEM\n\tKontodomäne:\t\tNT-AUTORITÄT\n\tAnmelde-ID:\t\t0x3e7\n\nBerechtigungen:\t\tSeAssignPrimaryTokenPrivilege\n\t\t\tSeTcbPrivilege\n\t\t\tSeSecurityPrivilege\n\t\t\tSeTakeOwnershipPrivilege\n\t\t\tSeLoadDriverPrivilege\n\t\t\tSeBackupPrivilege\n\t\t\tSeRestorePrivilege\n\t\t\tSeDebugPrivilege\n\t\t\tSeAuditPrivilege\n\t\t\tSeSystemEnvironmentPrivilege\n\t\t\tSeImpersonatePrivilege","@version":"1","beat":{"version":"6.4.0","name":"flare-PC","hostname":"flare-PC"},"tags":["beats_input_codec_plain_applied"],"task":"Spezielle Anmeldung","record_number":"16738","event_id":4672,"type":"wineventlog","host":{"name":"flare-PC"},"opcode":"Info"}
{"index":{"_index":"winlogbeat-6.4.0-2018.09.19","_type":"doc","_id":"gV_o8WUBfVn9xHWiYDrc"}}
{"thread_id":964,"event_data":{"param2":"Beendet","Binary":"7300700070007300760063002F0031000000","param1":"Software Protection"},"@timestamp":"2018-09-19T12:57:14.320Z","keywords":["Klassisch"],"log_name":"System","level":"Informationen","computer_name":"flare-PC","source_name":"Service Control Manager","process_id":488,"message":"Dienst \"Software Protection\" befindet sich jetzt im Status \"Beendet\".","@version":"1","provider_guid":"{555908d1-a6d7-4695-8e1e-26931d2012f4}","beat":{"version":"6.4.0","name":"flare-PC","hostname":"flare-PC"},"tags":["beats_input_codec_plain_applied"],"type":"wineventlog","record_number":"11727","event_id":7036,"host":{"name":"flare-PC"}}
{"index":{"_index":"winlogbeat-6.4.0-2018.09.19","_type":"doc","_id":"5l_s8WUBfVn9xHWiLTqH"}}
{"thread_id":1824,"event_data":{"UtcTime":"2018-09-19 13:01:14.173","Image":"C:\\Users\\flare\\AppData\\Roaming\\Microsoft\\Windows\\editor.exe","ProcessId":"3248","ProcessGuid":"{2D3B23BE-489A-5BA2-0000-00104B150800}"},"@timestamp":"2018-09-19T13:01:14.173Z","log_name":"Microsoft-Windows-Sysmon/Operational","level":"Informationen","computer_name":"flare-PC","source_name":"Microsoft-Windows-Sysmon","process_id":1304,"@version":"1","provider_guid":"{5770385F-C22A-43E0-BF4C-06F5698FFBD9}","message":"Process terminated:\nRuleName: \nUtcTime: 2018-09-19 13:01:14.173\nProcessGuid: {2D3B23BE-489A-5BA2-0000-00104B150800}\nProcessId: 3248\nImage: C:\\Users\\flare\\AppData\\Roaming\\Microsoft\\Windows\\editor.exe","beat":{"version":"6.4.0","name":"flare-PC","hostname":"flare-PC"},"tags":["beats_input_codec_plain_applied"],"task":"Process terminated (rule: ProcessTerminate)","event_id":5,"type":"wineventlog","version":3,"user":{"name":"SYSTEM","identifier":"S-1-5-18","domain":"NT-AUTORITÄT","type":"User"},"host":{"name":"flare-PC"},"record_number":"1000","opcode":"Info"}
{"index":{"_index":"winlogbeat-6.4.0-2018.09.19","_type":"doc","_id":"4V_s8WUBfVn9xHWiLTqH"}}
{"thread_id":1824,"event_data":{"ParentProcessGuid":"{2D3B23BE-45CA-5BA2-0000-00104A5C0000}","Product":"?","UtcTime":"2018-09-19 13:01:14.095","Hashes":"MD5=CCF1D1573F175299ADE01C07791A6541,SHA256=68A15A34C2E28B9B521A240B948634617D72AD619E3950BC6DC769E60A0C3CF2","Image":"C:\\Users\\flare\\AppData\\Roaming\\Microsoft\\Windows\\editor.exe","Description":"?","LogonId":"0x3e7","User":"NT-AUTORITÄT\\SYSTEM","ParentCommandLine":"C:\\Windows\\system32\\services.exe","ParentImage":"C:\\Windows\\System32\\services.exe","TerminalSessionId":"0","LogonGuid":"{2D3B23BE-45CA-5BA2-0000-0020E7030000}","ParentProcessId":"488","ProcessId":"3248","CurrentDirectory":"C:\\Windows\\system32\\","CommandLine":"C:\\Users\\flare\\AppData\\Roaming\\Microsoft\\Windows\\editor.exe -S","Company":"?","IntegrityLevel":"System","FileVersion":"?","ProcessGuid":"{2D3B23BE-489A-5BA2-0000-00104B150800}"},"@timestamp":"2018-09-19T13:01:14.095Z","log_name":"Microsoft-Windows-Sysmon/Operational","level":"Informationen","computer_name":"flare-PC","source_name":"Microsoft-Windows-Sysmon","process_id":1304,"message":"Process Create:\nRuleName: \nUtcTime: 2018-09-19 13:01:14.095\nProcessGuid: {2D3B23BE-489A-5BA2-0000-00104B150800}\nProcessId: 3248\nImage: C:\\Users\\flare\\AppData\\Roaming\\Microsoft\\Windows\\editor.exe\nFileVersion: ?\nDescription: ?\nProduct: ?\nCompany: ?\nCommandLine: C:\\Users\\flare\\AppData\\Roaming\\Microsoft\\Windows\\editor.exe -S\nCurrentDirectory: C:\\Windows\\system32\\\nUser: NT-AUTORITÄT\\SYSTEM\nLogonGuid: {2D3B23BE-45CA-5BA2-0000-0020E7030000}\nLogonId: 0x3e7\nTerminalSessionId: 0\nIntegrityLevel: System\nHashes: MD5=CCF1D1573F175299ADE01C07791A6541,SHA256=68A15A34C2E28B9B521A240B948634617D72AD619E3950BC6DC769E60A0C3CF2\nParentProcessGuid: {2D3B23BE-45CA-5BA2-0000-00104A5C0000}\nParentProcessId: 488\nParentImage: C:\\Windows\\System32\\services.exe\nParentCommandLine: C:\\Windows\\system32\\services.exe","@version":"1","provider_guid":"{5770385F-C22A-43E0-BF4C-06F5698FFBD9}","beat":{"version":"6.4.0","name":"flare-PC","hostname":"flare-PC"},"tags":["beats_input_codec_plain_applied"],"task":"Process Create (rule: ProcessCreate)","event_id":1,"type":"wineventlog","host":{"name":"flare-PC"},"version":5,"record_number":"991","user":{"name":"SYSTEM","identifier":"S-1-5-18","domain":"NT-AUTORITÄT","type":"User"},"opcode":"Info"}
{"index":{"_index":"winlogbeat-6.4.0-2018.09.19","_type":"doc","_id":"5V_s8WUBfVn9xHWiLTqH"}}
{"thread_id":1824,"event_data":{"UtcTime":"2018-09-19 13:01:14.173","Image":"C:\\Windows\\system32\\services.exe","Details":"DWORD (0x00000004)","EventType":"SetValue","TargetObject":"HKLM\\System\\CurrentControlSet\\services\\WCESERVICE\\Start","ProcessId":"488","ProcessGuid":"{2D3B23BE-45CA-5BA2-0000-00104A5C0000}"},"@timestamp":"2018-09-19T13:01:14.173Z","log_name":"Microsoft-Windows-Sysmon/Operational","level":"Informationen","computer_name":"flare-PC","source_name":"Microsoft-Windows-Sysmon","process_id":1304,"@version":"1","provider_guid":"{5770385F-C22A-43E0-BF4C-06F5698FFBD9}","message":"Registry value set:\nRuleName: \nEventType: SetValue\nUtcTime: 2018-09-19 13:01:14.173\nProcessGuid: {2D3B23BE-45CA-5BA2-0000-00104A5C0000}\nProcessId: 488\nImage: C:\\Windows\\system32\\services.exe\nTargetObject: HKLM\\System\\CurrentControlSet\\services\\WCESERVICE\\Start\nDetails: DWORD (0x00000004)","beat":{"version":"6.4.0","name":"flare-PC","hostname":"flare-PC"},"tags":["beats_input_codec_plain_applied"],"type":"wineventlog","event_id":13,"task":"Registry value set (rule: RegistryEvent)","version":2,"user":{"name":"SYSTEM","identifier":"S-1-5-18","domain":"NT-AUTORITÄT","type":"User"},"record_number":"999","host":{"name":"flare-PC"},"opcode":"Info"}
{"index":{"_index":"winlogbeat-6.4.0-2018.09.19","_type":"doc","_id":"31_s8WUBfVn9xHWiJTqT"}}
{"thread_id":1824,"event_data":{"ParentProcessGuid":"{2D3B23BE-4846-5BA2-0000-00102D030800}","LogonId":"0xe2f8","UtcTime":"2018-09-19 13:01:13.642","Image":"C:\\Users\\flare\\AppData\\Roaming\\Microsoft\\Windows\\editor.exe","Hashes":"MD5=CCF1D1573F175299ADE01C07791A6541,SHA256=68A15A34C2E28B9B521A240B948634617D72AD619E3950BC6DC769E60A0C3CF2","User":"flare-PC\\flare","Description":"?","FileVersion":"?","ParentCommandLine":"\"C:\\Windows\\System32\\cmd.exe\" ","ParentImage":"C:\\Windows\\System32\\cmd.exe","TerminalSessionId":"1","CommandLine":"editor","ParentProcessId":"3208","ProcessId":"3108","Company":"?","LogonGuid":"{2D3B23BE-45CC-5BA2-0000-0020F8E20000}","CurrentDirectory":"C:\\Users\\flare\\AppData\\Roaming\\Microsoft\\Windows\\","Product":"?","IntegrityLevel":"High","ProcessGuid":"{2D3B23BE-4899-5BA2-0000-00109C120800}"},"@timestamp":"2018-09-19T13:01:13.658Z","log_name":"Microsoft-Windows-Sysmon/Operational","level":"Informationen","computer_name":"flare-PC","source_name":"Microsoft-Windows-Sysmon","process_id":1304,"message":"Process Create:\nRuleName: \nUtcTime: 2018-09-19 13:01:13.642\nProcessGuid: {2D3B23BE-4899-5BA2-0000-00109C120800}\nProcessId: 3108\nImage: C:\\Users\\flare\\AppData\\Roaming\\Microsoft\\Windows\\editor.exe\nFileVersion: ?\nDescription: ?\nProduct: ?\nCompany: ?\nCommandLine: editor\nCurrentDirectory: C:\\Users\\flare\\AppData\\Roaming\\Microsoft\\Windows\\\nUser: flare-PC\\flare\nLogonGuid: {2D3B23BE-45CC-5BA2-0000-0020F8E20000}\nLogonId: 0xe2f8\nTerminalSessionId: 1\nIntegrityLevel: High\nHashes: MD5=CCF1D1573F175299ADE01C07791A6541,SHA256=68A15A34C2E28B9B521A240B948634617D72AD619E3950BC6DC769E60A0C3CF2\nParentProcessGuid: {2D3B23BE-4846-5BA2-0000-00102D030800}\nParentProcessId: 3208\nParentImage: C:\\Windows\\System32\\cmd.exe\nParentCommandLine: \"C:\\Windows\\System32\\cmd.exe\" ","@version":"1","provider_guid":"{5770385F-C22A-43E0-BF4C-06F5698FFBD9}","beat":{"version":"6.4.0","name":"flare-PC","hostname":"flare-PC"},"tags":["beats_input_codec_plain_applied"],"task":"Process Create (rule: ProcessCreate)","event_id":1,"type":"wineventlog","host":{"name":"flare-PC"},"user":{"name":"SYSTEM","identifier":"S-1-5-18","domain":"NT-AUTORITÄT","type":"User"},"version":5,"record_number":"988","opcode":"Info"}
{"index":{"_index":"winlogbeat-6.4.0-2018.09.19","_type":"doc","_id":"4F_s8WUBfVn9xHWiJTqV"}}
{"thread_id":1824,"event_data":{"UtcTime":"2018-09-19 13:01:13.673","Image":"C:\\Windows\\system32\\services.exe","Details":"C:\\Users\\flare\\AppData\\Roaming\\Microsoft\\Windows\\editor.exe -S","EventType":"SetValue","TargetObject":"HKLM\\System\\CurrentControlSet\\services\\WCESERVICE\\ImagePath","ProcessId":"488","ProcessGuid":"{2D3B23BE-45CA-5BA2-0000-00104A5C0000}"},"@timestamp":"2018-09-19T13:01:13.689Z","log_name":"Microsoft-Windows-Sysmon/Operational","level":"Informationen","computer_name":"flare-PC","source_name":"Microsoft-Windows-Sysmon","process_id":1304,"message":"Registry value set:\nRuleName: \nEventType: SetValue\nUtcTime: 2018-09-19 13:01:13.673\nProcessGuid: {2D3B23BE-45CA-5BA2-0000-00104A5C0000}\nProcessId: 488\nImage: C:\\Windows\\system32\\services.exe\nTargetObject: HKLM\\System\\CurrentControlSet\\services\\WCESERVICE\\ImagePath\nDetails: C:\\Users\\flare\\AppData\\Roaming\\Microsoft\\Windows\\editor.exe -S","@version":"1","provider_guid":"{5770385F-C22A-43E0-BF4C-06F5698FFBD9}","beat":{"version":"6.4.0","name":"flare-PC","hostname":"flare-PC"},"tags":["beats_input_codec_plain_applied"],"task":"Registry value set (rule: RegistryEvent)","record_number":"990","type":"wineventlog","host":{"name":"flare-PC"},"version":2,"user":{"domain":"NT-AUTORITÄT","identifier":"S-1-5-18","type":"User","name":"SYSTEM"},"event_id":13,"opcode":"Info"}
{"index":{"_index":"winlogbeat-6.4.0-2018.09.19","_type":"doc","_id":"81_u8WUBfVn9xHWiejqc"}}
{"thread_id":1824,"event_data":{"ParentProcessGuid":"{2D3B23BE-463E-5BA2-0000-001010000400}","LogonId":"0xe320","UtcTime":"2018-09-19 13:03:41.792","Image":"C:\\Program Files\\Mozilla Firefox\\firefox.exe","User":"flare-PC\\flare","Hashes":"MD5=FA64B4AEB420A6C292F877E90D0670A5,SHA256=377D3B741D8447B9BBD5F6FA700151A6CE8412CA15792BA4EAAA3174B1763BA4","Description":"Firefox","FileVersion":"62.0","ParentCommandLine":"\"C:\\Program Files\\Mozilla Firefox\\firefox.exe\" ","ParentImage":"C:\\Program Files\\Mozilla Firefox\\firefox.exe","Company":"Mozilla Corporation","TerminalSessionId":"1","CurrentDirectory":"C:\\Program Files\\Mozilla Firefox\\","ProcessId":"960","ParentProcessId":"588","IntegrityLevel":"Low","CommandLine":"\"C:\\Program Files\\Mozilla Firefox\\firefox.exe\" -contentproc --channel=\"588.42.2025298600\\949654865\" -childID 8 -isForBrowser -prefsHandle 2004 -prefsLen 12773 -schedulerPrefs 0001,2 -parentBuildID 20180830143136 -greomni \"C:\\Program Files\\Mozilla Firefox\\omni.ja\" -appomni \"C:\\Program Files\\Mozilla Firefox\\browser\\omni.ja\" -appdir \"C:\\Program Files\\Mozilla Firefox\\browser\" - 588 \"\\\\.\\pipe\\gecko-crash-server-pipe.588\" 3372 tab","Product":"Firefox","LogonGuid":"{2D3B23BE-45CC-5BA2-0000-002020E30000}","ProcessGuid":"{2D3B23BE-492D-5BA2-0000-0010C1620800}"},"@timestamp":"2018-09-19T13:03:41.808Z","log_name":"Microsoft-Windows-Sysmon/Operational","level":"Informationen","computer_name":"flare-PC","source_name":"Microsoft-Windows-Sysmon","process_id":1304,"message":"Process Create:\nRuleName: \nUtcTime: 2018-09-19 13:03:41.792\nProcessGuid: {2D3B23BE-492D-5BA2-0000-0010C1620800}\nProcessId: 960\nImage: C:\\Program Files\\Mozilla Firefox\\firefox.exe\nFileVersion: 62.0\nDescription: Firefox\nProduct: Firefox\nCompany: Mozilla Corporation\nCommandLine: \"C:\\Program Files\\Mozilla Firefox\\firefox.exe\" -contentproc --channel=\"588.42.2025298600\\949654865\" -childID 8 -isForBrowser -prefsHandle 2004 -prefsLen 12773 -schedulerPrefs 0001,2 -parentBuildID 20180830143136 -greomni \"C:\\Program Files\\Mozilla Firefox\\omni.ja\" -appomni \"C:\\Program Files\\Mozilla Firefox\\browser\\omni.ja\" -appdir \"C:\\Program Files\\Mozilla Firefox\\browser\" - 588 \"\\\\.\\pipe\\gecko-crash-server-pipe.588\" 3372 tab\nCurrentDirectory: C:\\Program Files\\Mozilla Firefox\\\nUser: flare-PC\\flare\nLogonGuid: {2D3B23BE-45CC-5BA2-0000-002020E30000}\nLogonId: 0xe320\nTerminalSessionId: 1\nIntegrityLevel: Low\nHashes: MD5=FA64B4AEB420A6C292F877E90D0670A5,SHA256=377D3B741D8447B9BBD5F6FA700151A6CE8412CA15792BA4EAAA3174B1763BA4\nParentProcessGuid: {2D3B23BE-463E-5BA2-0000-001010000400}\nParentProcessId: 588\nParentImage: C:\\Program Files\\Mozilla Firefox\\firefox.exe\nParentCommandLine: \"C:\\Program Files\\Mozilla Firefox\\firefox.exe\" ","@version":"1","provider_guid":"{5770385F-C22A-43E0-BF4C-06F5698FFBD9}","beat":{"version":"6.4.0","name":"flare-PC","hostname":"flare-PC"},"tags":["beats_input_codec_plain_applied"],"type":"wineventlog","event_id":1,"record_number":"1005","version":5,"user":{"name":"SYSTEM","identifier":"S-1-5-18","domain":"NT-AUTORITÄT","type":"User"},"host":{"name":"flare-PC"},"task":"Process Create (rule: ProcessCreate)","opcode":"Info"}
{"index":{"_index":"winlogbeat-6.4.0-2018.09.19","_type":"doc","_id":"l1_q8WUBfVn9xHWijzoT"}}
{"thread_id":1824,"event_data":{"CreationUtcTime":"2018-09-19 12:59:31.210","UtcTime":"2018-09-19 12:59:31.210","Image":"C:\\Program Files\\7-Zip\\7zG.exe","TargetFilename":"C:\\Users\\flare\\Downloads\\RTA-master\\red_ttp\\disable_windows_fw.py","ProcessId":"212","ProcessGuid":"{2D3B23BE-4832-5BA2-0000-001011390700}"},"@timestamp":"2018-09-19T12:59:31.210Z","log_name":"Microsoft-Windows-Sysmon/Operational","level":"Informationen","computer_name":"flare-PC","source_name":"Microsoft-Windows-Sysmon","process_id":1304,"provider_guid":"{5770385F-C22A-43E0-BF4C-06F5698FFBD9}","message":"File created:\nRuleName: \nUtcTime: 2018-09-19 12:59:31.210\nProcessGuid: {2D3B23BE-4832-5BA2-0000-001011390700}\nProcessId: 212\nImage: C:\\Program Files\\7-Zip\\7zG.exe\nTargetFilename: C:\\Users\\flare\\Downloads\\RTA-master\\red_ttp\\disable_windows_fw.py\nCreationUtcTime: 2018-09-19 12:59:31.210","@version":"1","beat":{"version":"6.4.0","name":"flare-PC","hostname":"flare-PC"},"tags":["beats_input_codec_plain_applied"],"task":"File created (rule: FileCreate)","event_id":11,"record_number":"946","type":"wineventlog","user":{"domain":"NT-AUTORITÄT","identifier":"S-1-5-18","type":"User","name":"SYSTEM"},"host":{"name":"flare-PC"},"version":2,"opcode":"Info"}
{"index":{"_index":"winlogbeat-6.4.0-2018.09.19","_type":"doc","_id":"mV_q8WUBfVn9xHWijzoT"}}
{"thread_id":1824,"event_data":{"CreationUtcTime":"2018-09-19 12:59:31.291","UtcTime":"2018-09-19 12:59:31.291","Image":"C:\\Program Files\\7-Zip\\7zG.exe","TargetFilename":"C:\\Users\\flare\\Downloads\\RTA-master\\red_ttp\\msxsl_network.py","ProcessId":"212","ProcessGuid":"{2D3B23BE-4832-5BA2-0000-001011390700}"},"@timestamp":"2018-09-19T12:59:31.291Z","log_name":"Microsoft-Windows-Sysmon/Operational","level":"Informationen","computer_name":"flare-PC","source_name":"Microsoft-Windows-Sysmon","process_id":1304,"message":"File created:\nRuleName: \nUtcTime: 2018-09-19 12:59:31.291\nProcessGuid: {2D3B23BE-4832-5BA2-0000-001011390700}\nProcessId: 212\nImage: C:\\Program Files\\7-Zip\\7zG.exe\nTargetFilename: C:\\Users\\flare\\Downloads\\RTA-master\\red_ttp\\msxsl_network.py\nCreationUtcTime: 2018-09-19 12:59:31.291","@version":"1","provider_guid":"{5770385F-C22A-43E0-BF4C-06F5698FFBD9}","beat":{"version":"6.4.0","name":"flare-PC","hostname":"flare-PC"},"tags":["beats_input_codec_plain_applied"],"type":"wineventlog","task":"File created (rule: FileCreate)","record_number":"954","host":{"name":"flare-PC"},"user":{"name":"SYSTEM","identifier":"S-1-5-18","type":"User","domain":"NT-AUTORITÄT"},"version":2,"event_id":11,"opcode":"Info"}
{"index":{"_index":"winlogbeat-6.4.0-2018.09.19","_type":"doc","_id":"ml_q8WUBfVn9xHWijzoT"}}
{"thread_id":1824,"event_data":{"CreationUtcTime":"2018-09-19 12:59:31.312","UtcTime":"2018-09-19 12:59:31.312","Image":"C:\\Program Files\\7-Zip\\7zG.exe","TargetFilename":"C:\\Users\\flare\\Downloads\\RTA-master\\red_ttp\\powershell_args.py","ProcessId":"212","ProcessGuid":"{2D3B23BE-4832-5BA2-0000-001011390700}"},"@timestamp":"2018-09-19T12:59:31.312Z","log_name":"Microsoft-Windows-Sysmon/Operational","level":"Informationen","computer_name":"flare-PC","source_name":"Microsoft-Windows-Sysmon","process_id":1304,"message":"File created:\nRuleName: \nUtcTime: 2018-09-19 12:59:31.312\nProcessGuid: {2D3B23BE-4832-5BA2-0000-001011390700}\nProcessId: 212\nImage: C:\\Program Files\\7-Zip\\7zG.exe\nTargetFilename: C:\\Users\\flare\\Downloads\\RTA-master\\red_ttp\\powershell_args.py\nCreationUtcTime: 2018-09-19 12:59:31.312","@version":"1","provider_guid":"{5770385F-C22A-43E0-BF4C-06F5698FFBD9}","beat":{"version":"6.4.0","name":"flare-PC","hostname":"flare-PC"},"tags":["beats_input_codec_plain_applied"],"task":"File created (rule: FileCreate)","event_id":11,"type":"wineventlog","host":{"name":"flare-PC"},"user":{"name":"SYSTEM","identifier":"S-1-5-18","domain":"NT-AUTORITÄT","type":"User"},"record_number":"958","version":2,"opcode":"Info"}
{"index":{"_index":"winlogbeat-6.4.0-2018.09.19","_type":"doc","_id":"nF_q8WUBfVn9xHWijzoT"}}
{"thread_id":1824,"event_data":{"CreationUtcTime":"2018-09-19 12:59:31.328","UtcTime":"2018-09-19 12:59:31.328","Image":"C:\\Program Files\\7-Zip\\7zG.exe","TargetFilename":"C:\\Users\\flare\\Downloads\\RTA-master\\red_ttp\\rundll32_ordinal.py","ProcessId":"212","ProcessGuid":"{2D3B23BE-4832-5BA2-0000-001011390700}"},"@timestamp":"2018-09-19T12:59:31.328Z","log_name":"Microsoft-Windows-Sysmon/Operational","level":"Informationen","computer_name":"flare-PC","source_name":"Microsoft-Windows-Sysmon","process_id":1304,"@version":"1","message":"File created:\nRuleName: \nUtcTime: 2018-09-19 12:59:31.328\nProcessGuid: {2D3B23BE-4832-5BA2-0000-001011390700}\nProcessId: 212\nImage: C:\\Program Files\\7-Zip\\7zG.exe\nTargetFilename: C:\\Users\\flare\\Downloads\\RTA-master\\red_ttp\\rundll32_ordinal.py\nCreationUtcTime: 2018-09-19 12:59:31.328","provider_guid":"{5770385F-C22A-43E0-BF4C-06F5698FFBD9}","beat":{"version":"6.4.0","name":"flare-PC","hostname":"flare-PC"},"tags":["beats_input_codec_plain_applied"],"type":"wineventlog","task":"File created (rule: FileCreate)","event_id":11,"host":{"name":"flare-PC"},"user":{"name":"SYSTEM","identifier":"S-1-5-18","type":"User","domain":"NT-AUTORITÄT"},"record_number":"966","version":2,"opcode":"Info"}
{"index":{"_index":"winlogbeat-6.4.0-2018.09.19","_type":"doc","_id":"nV_q8WUBfVn9xHWijzoT"}}
{"thread_id":1824,"event_data":{"CreationUtcTime":"2018-09-19 12:59:31.343","UtcTime":"2018-09-19 12:59:31.343","Image":"C:\\Program Files\\7-Zip\\7zG.exe","TargetFilename":"C:\\Users\\flare\\Downloads\\RTA-master\\red_ttp\\smb_connection.py","ProcessId":"212","ProcessGuid":"{2D3B23BE-4832-5BA2-0000-001011390700}"},"@timestamp":"2018-09-19T12:59:31.343Z","log_name":"Microsoft-Windows-Sysmon/Operational","level":"Informationen","computer_name":"flare-PC","source_name":"Microsoft-Windows-Sysmon","process_id":1304,"@version":"1","provider_guid":"{5770385F-C22A-43E0-BF4C-06F5698FFBD9}","message":"File created:\nRuleName: \nUtcTime: 2018-09-19 12:59:31.343\nProcessGuid: {2D3B23BE-4832-5BA2-0000-001011390700}\nProcessId: 212\nImage: C:\\Program Files\\7-Zip\\7zG.exe\nTargetFilename: C:\\Users\\flare\\Downloads\\RTA-master\\red_ttp\\smb_connection.py\nCreationUtcTime: 2018-09-19 12:59:31.343","beat":{"version":"6.4.0","name":"flare-PC","hostname":"flare-PC"},"tags":["beats_input_codec_plain_applied"],"task":"File created (rule: FileCreate)","record_number":"970","type":"wineventlog","version":2,"user":{"name":"SYSTEM","identifier":"S-1-5-18","type":"User","domain":"NT-AUTORITÄT"},"event_id":11,"host":{"name":"flare-PC"},"opcode":"Info"}
{"index":{"_index":"winlogbeat-6.4.0-2018.09.19","_type":"doc","_id":"ol_q8WUBfVn9xHWijzoV"}}
{"thread_id":1824,"event_data":{"CreationUtcTime":"2018-09-19 12:59:31.132","UtcTime":"2018-09-19 12:59:31.132","Image":"C:\\Program Files\\7-Zip\\7zG.exe","TargetFilename":"C:\\Users\\flare\\Downloads\\RTA-master\\__init__.py","ProcessId":"212","ProcessGuid":"{2D3B23BE-4832-5BA2-0000-001011390700}"},"@timestamp":"2018-09-19T12:59:31.132Z","log_name":"Microsoft-Windows-Sysmon/Operational","level":"Informationen","computer_name":"flare-PC","source_name":"Microsoft-Windows-Sysmon","process_id":1304,"@version":"1","message":"File created:\nRuleName: \nUtcTime: 2018-09-19 12:59:31.132\nProcessGuid: {2D3B23BE-4832-5BA2-0000-001011390700}\nProcessId: 212\nImage: C:\\Program Files\\7-Zip\\7zG.exe\nTargetFilename: C:\\Users\\flare\\Downloads\\RTA-master\\__init__.py\nCreationUtcTime: 2018-09-19 12:59:31.132","provider_guid":"{5770385F-C22A-43E0-BF4C-06F5698FFBD9}","beat":{"version":"6.4.0","name":"flare-PC","hostname":"flare-PC"},"tags":["beats_input_codec_plain_applied"],"type":"wineventlog","record_number":"913","event_id":11,"host":{"name":"flare-PC"},"version":2,"user":{"name":"SYSTEM","identifier":"S-1-5-18","type":"User","domain":"NT-AUTORITÄT"},"task":"File created (rule: FileCreate)","opcode":"Info"}
{"index":{"_index":"winlogbeat-6.4.0-2018.09.19","_type":"doc","_id":"pl_q8WUBfVn9xHWijzoV"}}
{"thread_id":1824,"event_data":{"CreationUtcTime":"2018-09-19 12:59:31.179","UtcTime":"2018-09-19 12:59:31.179","Image":"C:\\Program Files\\7-Zip\\7zG.exe","TargetFilename":"C:\\Users\\flare\\Downloads\\RTA-master\\red_ttp\\bin\\myapp.exe","ProcessId":"212","ProcessGuid":"{2D3B23BE-4832-5BA2-0000-001011390700}"},"@timestamp":"2018-09-19T12:59:31.179Z","log_name":"Microsoft-Windows-Sysmon/Operational","level":"Informationen","computer_name":"flare-PC","source_name":"Microsoft-Windows-Sysmon","process_id":1304,"provider_guid":"{5770385F-C22A-43E0-BF4C-06F5698FFBD9}","message":"File created:\nRuleName: \nUtcTime: 2018-09-19 12:59:31.179\nProcessGuid: {2D3B23BE-4832-5BA2-0000-001011390700}\nProcessId: 212\nImage: C:\\Program Files\\7-Zip\\7zG.exe\nTargetFilename: C:\\Users\\flare\\Downloads\\RTA-master\\red_ttp\\bin\\myapp.exe\nCreationUtcTime: 2018-09-19 12:59:31.179","@version":"1","beat":{"version":"6.4.0","name":"flare-PC","hostname":"flare-PC"},"tags":["beats_input_codec_plain_applied"],"task":"File created (rule: FileCreate)","event_id":11,"record_number":"929","host":{"name":"flare-PC"},"user":{"name":"SYSTEM","identifier":"S-1-5-18","domain":"NT-AUTORITÄT","type":"User"},"version":2,"type":"wineventlog","opcode":"Info"}
{"index":{"_index":"winlogbeat-6.4.0-2018.09.19","_type":"doc","_id":"sF_q8WUBfVn9xHWijzoV"}}
{"thread_id":1824,"event_data":{"CreationUtcTime":"2018-09-19 12:59:31.343","UtcTime":"2018-09-19 12:59:31.343","Image":"C:\\Program Files\\7-Zip\\7zG.exe","TargetFilename":"C:\\Users\\flare\\Downloads\\RTA-master\\red_ttp\\sip_provider.py","ProcessId":"212","ProcessGuid":"{2D3B23BE-4832-5BA2-0000-001011390700}"},"@timestamp":"2018-09-19T12:59:31.343Z","log_name":"Microsoft-Windows-Sysmon/Operational","level":"Informationen","computer_name":"flare-PC","source_name":"Microsoft-Windows-Sysmon","process_id":1304,"message":"File created:\nRuleName: \nUtcTime: 2018-09-19 12:59:31.343\nProcessGuid: {2D3B23BE-4832-5BA2-0000-001011390700}\nProcessId: 212\nImage: C:\\Program Files\\7-Zip\\7zG.exe\nTargetFilename: C:\\Users\\flare\\Downloads\\RTA-master\\red_ttp\\sip_provider.py\nCreationUtcTime: 2018-09-19 12:59:31.343","@version":"1","provider_guid":"{5770385F-C22A-43E0-BF4C-06F5698FFBD9}","beat":{"version":"6.4.0","name":"flare-PC","hostname":"flare-PC"},"tags":["beats_input_codec_plain_applied"],"task":"File created (rule: FileCreate)","event_id":11,"type":"wineventlog","host":{"name":"flare-PC"},"version":2,"user":{"name":"SYSTEM","domain":"NT-AUTORITÄT","type":"User","identifier":"S-1-5-18"},"record_number":"969","opcode":"Info"}
{"index":{"_index":"winlogbeat-6.4.0-2018.09.19","_type":"doc","_id":"tF_q8WUBfVn9xHWijzoX"}}
{"thread_id":1824,"event_data":{"CreationUtcTime":"2018-09-19 12:59:31.132","UtcTime":"2018-09-19 12:59:31.132","Image":"C:\\Program Files\\7-Zip\\7zG.exe","TargetFilename":"C:\\Users\\flare\\Downloads\\RTA-master\\LICENSE.txt","ProcessId":"212","ProcessGuid":"{2D3B23BE-4832-5BA2-0000-001011390700}"},"@timestamp":"2018-09-19T12:59:31.132Z","log_name":"Microsoft-Windows-Sysmon/Operational","level":"Informationen","computer_name":"flare-PC","source_name":"Microsoft-Windows-Sysmon","process_id":1304,"provider_guid":"{5770385F-C22A-43E0-BF4C-06F5698FFBD9}","message":"File created:\nRuleName: \nUtcTime: 2018-09-19 12:59:31.132\nProcessGuid: {2D3B23BE-4832-5BA2-0000-001011390700}\nProcessId: 212\nImage: C:\\Program Files\\7-Zip\\7zG.exe\nTargetFilename: C:\\Users\\flare\\Downloads\\RTA-master\\LICENSE.txt\nCreationUtcTime: 2018-09-19 12:59:31.132","@version":"1","beat":{"version":"6.4.0","name":"flare-PC","hostname":"flare-PC"},"tags":["beats_input_codec_plain_applied"],"task":"File created (rule: FileCreate)","event_id":11,"record_number":"911","version":2,"user":{"name":"SYSTEM","domain":"NT-AUTORITÄT","type":"User","identifier":"S-1-5-18"},"host":{"name":"flare-PC"},"type":"wineventlog","opcode":"Info"}
{"index":{"_index":"winlogbeat-6.4.0-2018.09.19","_type":"doc","_id":"tV_q8WUBfVn9xHWijzoX"}}
{"thread_id":1824,"event_data":{"CreationUtcTime":"2018-09-19 12:59:31.132","UtcTime":"2018-09-19 12:59:31.132","Image":"C:\\Program Files\\7-Zip\\7zG.exe","TargetFilename":"C:\\Users\\flare\\Downloads\\RTA-master\\red_ttp","ProcessId":"212","ProcessGuid":"{2D3B23BE-4832-5BA2-0000-001011390700}"},"@timestamp":"2018-09-19T12:59:31.132Z","log_name":"Microsoft-Windows-Sysmon/Operational","level":"Informationen","computer_name":"flare-PC","source_name":"Microsoft-Windows-Sysmon","process_id":1304,"message":"File created:\nRuleName: \nUtcTime: 2018-09-19 12:59:31.132\nProcessGuid: {2D3B23BE-4832-5BA2-0000-001011390700}\nProcessId: 212\nImage: C:\\Program Files\\7-Zip\\7zG.exe\nTargetFilename: C:\\Users\\flare\\Downloads\\RTA-master\\red_ttp\nCreationUtcTime: 2018-09-19 12:59:31.132","@version":"1","provider_guid":"{5770385F-C22A-43E0-BF4C-06F5698FFBD9}","beat":{"version":"6.4.0","name":"flare-PC","hostname":"flare-PC"},"tags":["beats_input_codec_plain_applied"],"task":"File created (rule: FileCreate)","event_id":11,"record_number":"915","version":2,"user":{"name":"SYSTEM","identifier":"S-1-5-18","domain":"NT-AUTORITÄT","type":"User"},"host":{"name":"flare-PC"},"type":"wineventlog","opcode":"Info"}
{"index":{"_index":"winlogbeat-6.4.0-2018.09.19","_type":"doc","_id":"ul_q8WUBfVn9xHWijzoX"}}
{"thread_id":1824,"event_data":{"CreationUtcTime":"2018-09-19 12:59:31.179","UtcTime":"2018-09-19 12:59:31.179","Image":"C:\\Program Files\\7-Zip\\7zG.exe","TargetFilename":"C:\\Users\\flare\\Downloads\\RTA-master\\red_ttp\\bin\\myservice32.dll","ProcessId":"212","ProcessGuid":"{2D3B23BE-4832-5BA2-0000-001011390700}"},"@timestamp":"2018-09-19T12:59:31.179Z","log_name":"Microsoft-Windows-Sysmon/Operational","level":"Informationen","computer_name":"flare-PC","source_name":"Microsoft-Windows-Sysmon","process_id":1304,"message":"File created:\nRuleName: \nUtcTime: 2018-09-19 12:59:31.179\nProcessGuid: {2D3B23BE-4832-5BA2-0000-001011390700}\nProcessId: 212\nImage: C:\\Program Files\\7-Zip\\7zG.exe\nTargetFilename: C:\\Users\\flare\\Downloads\\RTA-master\\red_ttp\\bin\\myservice32.dll\nCreationUtcTime: 2018-09-19 12:59:31.179","@version":"1","provider_guid":"{5770385F-C22A-43E0-BF4C-06F5698FFBD9}","beat":{"version":"6.4.0","name":"flare-PC","hostname":"flare-PC"},"tags":["beats_input_codec_plain_applied"],"type":"wineventlog","record_number":"935","task":"File created (rule: FileCreate)","version":2,"user":{"name":"SYSTEM","domain":"NT-AUTORITÄT","type":"User","identifier":"S-1-5-18"},"event_id":11,"host":{"name":"flare-PC"},"opcode":"Info"}
{"index":{"_index":"winlogbeat-6.4.0-2018.09.19","_type":"doc","_id":"u1_q8WUBfVn9xHWijzoX"}}
{"thread_id":1824,"event_data":{"CreationUtcTime":"2018-09-19 12:59:31.195","UtcTime":"2018-09-19 12:59:31.195","Image":"C:\\Program Files\\7-Zip\\7zG.exe","TargetFilename":"C:\\Users\\flare\\Downloads\\RTA-master\\red_ttp\\bin\\script_launch.inf","ProcessId":"212","ProcessGuid":"{2D3B23BE-4832-5BA2-0000-001011390700}"},"@timestamp":"2018-09-19T12:59:31.195Z","log_name":"Microsoft-Windows-Sysmon/Operational","level":"Informationen","computer_name":"flare-PC","source_name":"Microsoft-Windows-Sysmon","process_id":1304,"@version":"1","provider_guid":"{5770385F-C22A-43E0-BF4C-06F5698FFBD9}","message":"File created:\nRuleName: \nUtcTime: 2018-09-19 12:59:31.195\nProcessGuid: {2D3B23BE-4832-5BA2-0000-001011390700}\nProcessId: 212\nImage: C:\\Program Files\\7-Zip\\7zG.exe\nTargetFilename: C:\\Users\\flare\\Downloads\\RTA-master\\red_ttp\\bin\\script_launch.inf\nCreationUtcTime: 2018-09-19 12:59:31.195","beat":{"version":"6.4.0","name":"flare-PC","hostname":"flare-PC"},"tags":["beats_input_codec_plain_applied"],"task":"File created (rule: FileCreate)","record_number":"939","type":"wineventlog","version":2,"user":{"name":"SYSTEM","identifier":"S-1-5-18","type":"User","domain":"NT-AUTORITÄT"},"event_id":11,"host":{"name":"flare-PC"},"opcode":"Info"}
{"index":{"_index":"winlogbeat-6.4.0-2018.09.19","_type":"doc","_id":"wV_q8WUBfVn9xHWijzoX"}}
{"thread_id":1824,"event_data":{"CreationUtcTime":"2018-09-19 12:59:31.312","UtcTime":"2018-09-19 12:59:31.312","Image":"C:\\Program Files\\7-Zip\\7zG.exe","TargetFilename":"C:\\Users\\flare\\Downloads\\RTA-master\\red_ttp\\registry_persistence_create.py","ProcessId":"212","ProcessGuid":"{2D3B23BE-4832-5BA2-0000-001011390700}"},"@timestamp":"2018-09-19T12:59:31.312Z","log_name":"Microsoft-Windows-Sysmon/Operational","level":"Informationen","computer_name":"flare-PC","source_name":"Microsoft-Windows-Sysmon","process_id":1304,"message":"File created:\nRuleName: \nUtcTime: 2018-09-19 12:59:31.312\nProcessGuid: {2D3B23BE-4832-5BA2-0000-001011390700}\nProcessId: 212\nImage: C:\\Program Files\\7-Zip\\7zG.exe\nTargetFilename: C:\\Users\\flare\\Downloads\\RTA-master\\red_ttp\\registry_persistence_create.py\nCreationUtcTime: 2018-09-19 12:59:31.312","@version":"1","provider_guid":"{5770385F-C22A-43E0-BF4C-06F5698FFBD9}","beat":{"version":"6.4.0","name":"flare-PC","hostname":"flare-PC"},"tags":["beats_input_codec_plain_applied"],"task":"File created (rule: FileCreate)","event_id":11,"record_number":"963","host":{"name":"flare-PC"},"user":{"name":"SYSTEM","domain":"NT-AUTORITÄT","type":"User","identifier":"S-1-5-18"},"type":"wineventlog","version":2,"opcode":"Info"}
{"index":{"_index":"winlogbeat-6.4.0-2018.09.19","_type":"doc","_id":"wl_q8WUBfVn9xHWijzoX"}}
{"thread_id":1824,"event_data":{"CreationUtcTime":"2018-09-19 12:59:31.328","UtcTime":"2018-09-19 12:59:31.343","Image":"C:\\Program Files\\7-Zip\\7zG.exe","TargetFilename":"C:\\Users\\flare\\Downloads\\RTA-master\\red_ttp\\schtask_escalation.py","ProcessId":"212","ProcessGuid":"{2D3B23BE-4832-5BA2-0000-001011390700}"},"@timestamp":"2018-09-19T12:59:31.343Z","log_name":"Microsoft-Windows-Sysmon/Operational","level":"Informationen","computer_name":"flare-PC","source_name":"Microsoft-Windows-Sysmon","process_id":1304,"@version":"1","provider_guid":"{5770385F-C22A-43E0-BF4C-06F5698FFBD9}","message":"File created:\nRuleName: \nUtcTime: 2018-09-19 12:59:31.343\nProcessGuid: {2D3B23BE-4832-5BA2-0000-001011390700}\nProcessId: 212\nImage: C:\\Program Files\\7-Zip\\7zG.exe\nTargetFilename: C:\\Users\\flare\\Downloads\\RTA-master\\red_ttp\\schtask_escalation.py\nCreationUtcTime: 2018-09-19 12:59:31.328","beat":{"version":"6.4.0","name":"flare-PC","hostname":"flare-PC"},"tags":["beats_input_codec_plain_applied"],"type":"wineventlog","record_number":"967","task":"File created (rule: FileCreate)","host":{"name":"flare-PC"},"version":2,"user":{"name":"SYSTEM","identifier":"S-1-5-18","domain":"NT-AUTORITÄT","type":"User"},"event_id":11,"opcode":"Info"}
{"index":{"_index":"winlogbeat-6.4.0-2018.09.19","_type":"doc","_id":"w1_q8WUBfVn9xHWijzoX"}}
{"thread_id":1824,"event_data":{"CreationUtcTime":"2018-09-19 12:59:31.343","UtcTime":"2018-09-19 12:59:31.343","Image":"C:\\Program Files\\7-Zip\\7zG.exe","TargetFilename":"C:\\Users\\flare\\Downloads\\RTA-master\\red_ttp\\suspicious_office_children.py","ProcessId":"212","ProcessGuid":"{2D3B23BE-4832-5BA2-0000-001011390700}"},"@timestamp":"2018-09-19T12:59:31.343Z","log_name":"Microsoft-Windows-Sysmon/Operational","level":"Informationen","computer_name":"flare-PC","source_name":"Microsoft-Windows-Sysmon","process_id":1304,"provider_guid":"{5770385F-C22A-43E0-BF4C-06F5698FFBD9}","message":"File created:\nRuleName: \nUtcTime: 2018-09-19 12:59:31.343\nProcessGuid: {2D3B23BE-4832-5BA2-0000-001011390700}\nProcessId: 212\nImage: C:\\Program Files\\7-Zip\\7zG.exe\nTargetFilename: C:\\Users\\flare\\Downloads\\RTA-master\\red_ttp\\suspicious_office_children.py\nCreationUtcTime: 2018-09-19 12:59:31.343","@version":"1","beat":{"version":"6.4.0","name":"flare-PC","hostname":"flare-PC"},"tags":["beats_input_codec_plain_applied"],"type":"wineventlog","event_id":11,"task":"File created (rule: FileCreate)","host":{"name":"flare-PC"},"user":{"domain":"NT-AUTORITÄT","identifier":"S-1-5-18","type":"User","name":"SYSTEM"},"version":2,"record_number":"971","opcode":"Info"}
