{"index":{"_index":"winlogbeat-6.4.0-2018.09.19","_type":"doc","_id":"l1_x8WUBfVn9xHWiSTtu"}}
{"thread_id":1824,"event_data":{"CreationUtcTime":"2018-09-19 13:06:36.814","UtcTime":"2018-09-19 13:06:36.814","Image":"C:\\Program Files\\7-Zip\\7zG.exe","TargetFilename":"C:\\Users\\flare\\Downloads\\SysinternalsSuite\\Autoruns.exe","ProcessId":"3056","ProcessGuid":"{2D3B23BE-49CF-5BA2-0000-001095020A00}"},"@timestamp":"2018-09-19T13:06:36.814Z","log_name":"Microsoft-Windows-Sysmon/Operational","level":"Informationen","computer_name":"flare-PC","source_name":"Microsoft-Windows-Sysmon","process_id":1304,"message":"File created:\nRuleName: \nUtcTime: 2018-09-19 13:06:36.814\nProcessGuid: {2D3B23BE-49CF-5BA2-0000-001095020A00}\nProcessId: 3056\nImage: C:\\Program Files\\7-Zip\\7zG.exe\nTargetFilename: C:\\Users\\flare\\Downloads\\SysinternalsSuite\\Autoruns.exe\nCreationUtcTime: 2018-09-19 13:06:36.814","@version":"1","provider_guid":"{5770385F-C22A-43E0-BF4C-06F5698FFBD9}","beat":{"version":"6.4.0","name":"flare-PC","hostname":"flare-PC"},"tags":["beats_input_codec_plain_applied"],"type":"wineventlog","event_id":11,"record_number":"1159","host":{"name":"flare-PC"},"user":{"name":"SYSTEM","identifier":"S-1-5-18","type":"User","domain":"NT-AUTORITÄT"},"version":2,"task":"File created (rule: FileCreate)","opcode":"Info"}
{"index":{"_index":"winlogbeat-6.4.0-2018.09.19","_type":"doc","_id":"mF_x8WUBfVn9xHWiSTtu"}}
{"thread_id":1824,"event_data":{"CreationUtcTime":"2018-09-19 13:06:36.845","UtcTime":"2018-09-19 13:06:36.845","Image":"C:\\Program Files\\7-Zip\\7zG.exe","TargetFilename":"C:\\Users\\flare\\Downloads\\SysinternalsSuite\\Autoruns64.dll","ProcessId":"3056","ProcessGuid":"{2D3B23BE-49CF-5BA2-0000-001095020A00}"},"@timestamp":"2018-09-19T13:06:36.845Z","log_name":"Microsoft-Windows-Sysmon/Operational","level":"Informationen","computer_name":"flare-PC","source_name":"Microsoft-Windows-Sysmon","process_id":1304,"message":"File created:\nRuleName: \nUtcTime: 2018-09-19 13:06:36.845\nProcessGuid: {2D3B23BE-49CF-5BA2-0000-001095020A00}\nProcessId: 3056\nImage: C:\\Program Files\\7-Zip\\7zG.exe\nTargetFilename: C:\\Users\\flare\\Downloads\\SysinternalsSuite\\Autoruns64.dll\nCreationUtcTime: 2018-09-19 13:06:36.845","@version":"1","provider_guid":"{5770385F-C22A-43E0-BF4C-06F5698FFBD9}","beat":{"version":"6.4.0","name":"flare-PC","hostname":"flare-PC"},"tags":["beats_input_codec_plain_applied"],"task":"File created (rule: FileCreate)","type":"wineventlog","record_number":"1163","host":{"name":"flare-PC"},"user":{"name":"SYSTEM","identifier":"S-1-5-18","domain":"NT-AUTORITÄT","type":"User"},"version":2,"event_id":11,"opcode":"Info"}
{"index":{"_index":"winlogbeat-6.4.0-2018.09.19","_type":"doc","_id":"rF_y8WUBfVn9xHWi0Dsk"}}
{"thread_id":1824,"event_data":{"ParentProcessGuid":"{2D3B23BE-4A3C-5BA2-0000-00104AC80B00}","LogonId":"0xe320","UtcTime":"2018-09-19 13:08:13.675","Hashes":"MD5=C648901695E275C8F2AD04B687A68CE2,SHA256=3FA4912EB43FC304652D7B01F118589259861E2D628FA7C86193E54D5F987670","Description":"Windows-Hostprozess (Rundll32)","Product":"Betriebssystem Microsoft® Windows®","Image":"C:\\Windows\\SysWOW64\\rundll32.exe","FileVersion":"6.1.7600.16385 (win7_rtm.090713-1255)","ParentCommandLine":"\"C:\\Program Files (x86)\\Python27\\python.exe\"  C:\\Users\\flare\\Downloads\\RTA-master\\red_ttp\\certutil_webrequest.py","ParentImage":"C:\\Program Files (x86)\\Python27\\python.exe","TerminalSessionId":"1","CommandLine":"RunDll32.exe InetCpl.cpl, ClearMyTracksByProcess 8","CurrentDirectory":"C:\\Users\\flare\\Downloads\\RTA-master\\red_ttp\\","ProcessId":"3844","Company":"Microsoft Corporation","IntegrityLevel":"Medium","User":"flare-PC\\flare","ParentProcessId":"3696","LogonGuid":"{2D3B23BE-45CC-5BA2-0000-002020E30000}","ProcessGuid":"{2D3B23BE-4A3D-5BA2-0000-0010E3210C00}"},"@timestamp":"2018-09-19T13:08:13.675Z","log_name":"Microsoft-Windows-Sysmon/Operational","level":"Informationen","computer_name":"flare-PC","source_name":"Microsoft-Windows-Sysmon","process_id":1304,"message":"Process Create:\nRuleName: \nUtcTime: 2018-09-19 13:08:13.675\nProcessGuid: {2D3B23BE-4A3D-5BA2-0000-0010E3210C00}\nProcessId: 3844\nImage: C:\\Windows\\SysWOW64\\rundll32.exe\nFileVersion: 6.1.7600.16385 (win7_rtm.090713-1255)\nDescription: Windows-Hostprozess (Rundll32)\nProduct: Betriebssystem Microsoft® Windows®\nCompany: Microsoft Corporation\nCommandLine: RunDll32.exe InetCpl.cpl, ClearMyTracksByProcess 8\nCurrentDirectory: C:\\Users\\flare\\Downloads\\RTA-master\\red_ttp\\\nUser: flare-PC\\flare\nLogonGuid: {2D3B23BE-45CC-5BA2-0000-002020E30000}\nLogonId: 0xe320\nTerminalSessionId: 1\nIntegrityLevel: Medium\nHashes: MD5=C648901695E275C8F2AD04B687A68CE2,SHA256=3FA4912EB43FC304652D7B01F118589259861E2D628FA7C86193E54D5F987670\nParentProcessGuid: {2D3B23BE-4A3C-5BA2-0000-00104AC80B00}\nParentProcessId: 3696\nParentImage: C:\\Program Files (x86)\\Python27\\python.exe\nParentCommandLine: \"C:\\Program Files (x86)\\Python27\\python.exe\"  C:\\Users\\flare\\Downloads\\RTA-master\\red_ttp\\certutil_webrequest.py","@version":"1","provider_guid":"{5770385F-C22A-43E0-BF4C-06F5698FFBD9}","beat":{"version":"6.4.0","name":"flare-PC","hostname":"flare-PC"},"tags":["beats_input_codec_plain_applied"],"task":"Process Create (rule: ProcessCreate)","event_id":1,"record_number":"1185","host":{"name":"flare-PC"},"user":{"name":"SYSTEM","identifier":"S-1-5-18","domain":"NT-AUTORITÄT","type":"User"},"version":5,"type":"wineventlog","opcode":"Info"}
{"index":{"_index":"winlogbeat-6.4.0-2018.09.19","_type":"doc","_id":"C1_x8WUBfVn9xHWiSTto"}}
{"thread_id":1824,"event_data":{"CreationUtcTime":"2018-09-19 13:06:36.045","UtcTime":"2018-09-19 13:06:36.045","Image":"C:\\Program Files\\7-Zip\\7zG.exe","TargetFilename":"C:\\Users\\flare\\Downloads\\SysinternalsSuite\\disk2vhd.exe","ProcessId":"3056","ProcessGuid":"{2D3B23BE-49CF-5BA2-0000-001095020A00}"},"@timestamp":"2018-09-19T13:06:36.045Z","log_name":"Microsoft-Windows-Sysmon/Operational","level":"Informationen","computer_name":"flare-PC","source_name":"Microsoft-Windows-Sysmon","process_id":1304,"provider_guid":"{5770385F-C22A-43E0-BF4C-06F5698FFBD9}","message":"File created:\nRuleName: \nUtcTime: 2018-09-19 13:06:36.045\nProcessGuid: {2D3B23BE-49CF-5BA2-0000-001095020A00}\nProcessId: 3056\nImage: C:\\Program Files\\7-Zip\\7zG.exe\nTargetFilename: C:\\Users\\flare\\Downloads\\SysinternalsSuite\\disk2vhd.exe\nCreationUtcTime: 2018-09-19 13:06:36.045","@version":"1","beat":{"version":"6.4.0","name":"flare-PC","hostname":"flare-PC"},"tags":["beats_input_codec_plain_applied"],"task":"File created (rule: FileCreate)","event_id":11,"record_number":"1033","version":2,"host":{"name":"flare-PC"},"type":"wineventlog","user":{"name":"SYSTEM","domain":"NT-AUTORITÄT","type":"User","identifier":"S-1-5-18"},"opcode":"Info"}
{"index":{"_index":"winlogbeat-6.4.0-2018.09.19","_type":"doc","_id":"EF_x8WUBfVn9xHWiSTto"}}
{"thread_id":1824,"event_data":{"CreationUtcTime":"2018-09-19 13:06:36.203","UtcTime":"2018-09-19 13:06:36.203","Image":"C:\\Program Files\\7-Zip\\7zG.exe","TargetFilename":"C:\\Users\\flare\\Downloads\\SysinternalsSuite\\tcpview.chm","ProcessId":"3056","ProcessGuid":"{2D3B23BE-49CF-5BA2-0000-001095020A00}"},"@timestamp":"2018-09-19T13:06:36.203Z","log_name":"Microsoft-Windows-Sysmon/Operational","level":"Informationen","computer_name":"flare-PC","source_name":"Microsoft-Windows-Sysmon","process_id":1304,"message":"File created:\nRuleName: \nUtcTime: 2018-09-19 13:06:36.203\nProcessGuid: {2D3B23BE-49CF-5BA2-0000-001095020A00}\nProcessId: 3056\nImage: C:\\Program Files\\7-Zip\\7zG.exe\nTargetFilename: C:\\Users\\flare\\Downloads\\SysinternalsSuite\\tcpview.chm\nCreationUtcTime: 2018-09-19 13:06:36.203","@version":"1","provider_guid":"{5770385F-C22A-43E0-BF4C-06F5698FFBD9}","beat":{"version":"6.4.0","name":"flare-PC","hostname":"flare-PC"},"tags":["beats_input_codec_plain_applied"],"type":"wineventlog","record_number":"1053","event_id":11,"version":2,"user":{"name":"SYSTEM","identifier":"S-1-5-18","domain":"NT-AUTORITÄT","type":"User"},"task":"File created (rule: FileCreate)","host":{"name":"flare-PC"},"opcode":"Info"}
{"index":{"_index":"winlogbeat-6.4.0-2018.09.19","_type":"doc","_id":"EV_x8WUBfVn9xHWiSTto"}}
{"thread_id":1824,"event_data":{"CreationUtcTime":"2018-09-19 13:06:36.203","UtcTime":"2018-09-19 13:06:36.218","Image":"C:\\Program Files\\7-Zip\\7zG.exe","TargetFilename":"C:\\Users\\flare\\Downloads\\SysinternalsSuite\\WINOBJ.HLP","ProcessId":"3056","ProcessGuid":"{2D3B23BE-49CF-5BA2-0000-001095020A00}"},"@timestamp":"2018-09-19T13:06:36.218Z","log_name":"Microsoft-Windows-Sysmon/Operational","level":"Informationen","computer_name":"flare-PC","source_name":"Microsoft-Windows-Sysmon","process_id":1304,"provider_guid":"{5770385F-C22A-43E0-BF4C-06F5698FFBD9}","message":"File created:\nRuleName: \nUtcTime: 2018-09-19 13:06:36.218\nProcessGuid: {2D3B23BE-49CF-5BA2-0000-001095020A00}\nProcessId: 3056\nImage: C:\\Program Files\\7-Zip\\7zG.exe\nTargetFilename: C:\\Users\\flare\\Downloads\\SysinternalsSuite\\WINOBJ.HLP\nCreationUtcTime: 2018-09-19 13:06:36.203","@version":"1","beat":{"version":"6.4.0","name":"flare-PC","hostname":"flare-PC"},"tags":["beats_input_codec_plain_applied"],"type":"wineventlog","record_number":"1057","event_id":11,"host":{"name":"flare-PC"},"user":{"name":"SYSTEM","identifier":"S-1-5-18","type":"User","domain":"NT-AUTORITÄT"},"task":"File created (rule: FileCreate)","version":2,"opcode":"Info"}
{"index":{"_index":"winlogbeat-6.4.0-2018.09.19","_type":"doc","_id":"G1_x8WUBfVn9xHWiSTto"}}
{"thread_id":1824,"event_data":{"CreationUtcTime":"2018-09-19 13:06:36.421","UtcTime":"2018-09-19 13:06:36.421","Image":"C:\\Program Files\\7-Zip\\7zG.exe","TargetFilename":"C:\\Users\\flare\\Downloads\\SysinternalsSuite\\pskill64.exe","ProcessId":"3056","ProcessGuid":"{2D3B23BE-49CF-5BA2-0000-001095020A00}"},"@timestamp":"2018-09-19T13:06:36.421Z","log_name":"Microsoft-Windows-Sysmon/Operational","level":"Informationen","computer_name":"flare-PC","source_name":"Microsoft-Windows-Sysmon","process_id":1304,"@version":"1","message":"File created:\nRuleName: \nUtcTime: 2018-09-19 13:06:36.421\nProcessGuid: {2D3B23BE-49CF-5BA2-0000-001095020A00}\nProcessId: 3056\nImage: C:\\Program Files\\7-Zip\\7zG.exe\nTargetFilename: C:\\Users\\flare\\Downloads\\SysinternalsSuite\\pskill64.exe\nCreationUtcTime: 2018-09-19 13:06:36.421","provider_guid":"{5770385F-C22A-43E0-BF4C-06F5698FFBD9}","beat":{"version":"6.4.0","name":"flare-PC","hostname":"flare-PC"},"tags":["beats_input_codec_plain_applied"],"task":"File created (rule: FileCreate)","event_id":11,"record_number":"1097","version":2,"host":{"name":"flare-PC"},"user":{"name":"SYSTEM","identifier":"S-1-5-18","type":"User","domain":"NT-AUTORITÄT"},"type":"wineventlog","opcode":"Info"}
{"index":{"_index":"winlogbeat-6.4.0-2018.09.19","_type":"doc","_id":"JV_x8WUBfVn9xHWiSTto"}}
{"thread_id":1824,"event_data":{"CreationUtcTime":"2018-09-19 13:06:36.595","UtcTime":"2018-09-19 13:06:36.595","Image":"C:\\Program Files\\7-Zip\\7zG.exe","TargetFilename":"C:\\Users\\flare\\Downloads\\SysinternalsSuite\\notmyfaultc64.exe","ProcessId":"3056","ProcessGuid":"{2D3B23BE-49CF-5BA2-0000-001095020A00}"},"@timestamp":"2018-09-19T13:06:36.595Z","log_name":"Microsoft-Windows-Sysmon/Operational","level":"Informationen","computer_name":"flare-PC","source_name":"Microsoft-Windows-Sysmon","process_id":1304,"message":"File created:\nRuleName: \nUtcTime: 2018-09-19 13:06:36.595\nProcessGuid: {2D3B23BE-49CF-5BA2-0000-001095020A00}\nProcessId: 3056\nImage: C:\\Program Files\\7-Zip\\7zG.exe\nTargetFilename: C:\\Users\\flare\\Downloads\\SysinternalsSuite\\notmyfaultc64.exe\nCreationUtcTime: 2018-09-19 13:06:36.595","@version":"1","provider_guid":"{5770385F-C22A-43E0-BF4C-06F5698FFBD9}","beat":{"version":"6.4.0","name":"flare-PC","hostname":"flare-PC"},"tags":["beats_input_codec_plain_applied"],"type":"wineventlog","task":"File created (rule: FileCreate)","event_id":11,"version":2,"user":{"name":"SYSTEM","identifier":"S-1-5-18","domain":"NT-AUTORITÄT","type":"User"},"record_number":"1137","host":{"name":"flare-PC"},"opcode":"Info"}
{"index":{"_index":"winlogbeat-6.4.0-2018.09.19","_type":"doc","_id":"K1_x8WUBfVn9xHWiSTto"}}
{"thread_id":1824,"event_data":{"CreationUtcTime":"2018-09-19 13:06:36.845","UtcTime":"2018-09-19 13:06:36.845","Image":"C:\\Program Files\\7-Zip\\7zG.exe","TargetFilename":"C:\\Users\\flare\\Downloads\\SysinternalsSuite\\autoruns.chm","ProcessId":"3056","ProcessGuid":"{2D3B23BE-49CF-5BA2-0000-001095020A00}"},"@timestamp":"2018-09-19T13:06:36.845Z","log_name":"Microsoft-Windows-Sysmon/Operational","level":"Informationen","computer_name":"flare-PC","source_name":"Microsoft-Windows-Sysmon","process_id":1304,"provider_guid":"{5770385F-C22A-43E0-BF4C-06F5698FFBD9}","message":"File created:\nRuleName: \nUtcTime: 2018-09-19 13:06:36.845\nProcessGuid: {2D3B23BE-49CF-5BA2-0000-001095020A00}\nProcessId: 3056\nImage: C:\\Program Files\\7-Zip\\7zG.exe\nTargetFilename: C:\\Users\\flare\\Downloads\\SysinternalsSuite\\autoruns.chm\nCreationUtcTime: 2018-09-19 13:06:36.845","@version":"1","beat":{"version":"6.4.0","name":"flare-PC","hostname":"flare-PC"},"tags":["beats_input_codec_plain_applied"],"type":"wineventlog","record_number":"1161","task":"File created (rule: FileCreate)","version":2,"host":{"name":"flare-PC"},"user":{"domain":"NT-AUTORITÄT","identifier":"S-1-5-18","type":"User","name":"SYSTEM"},"event_id":11,"opcode":"Info"}
{"index":{"_index":"winlogbeat-6.4.0-2018.09.19","_type":"doc","_id":"LF_x8WUBfVn9xHWiSTto"}}
{"thread_id":1824,"event_data":{"CreationUtcTime":"2018-09-19 13:06:36.861","UtcTime":"2018-09-19 13:06:36.861","Image":"C:\\Program Files\\7-Zip\\7zG.exe","TargetFilename":"C:\\Users\\flare\\Downloads\\SysinternalsSuite\\Eula.txt","ProcessId":"3056","ProcessGuid":"{2D3B23BE-49CF-5BA2-0000-001095020A00}"},"@timestamp":"2018-09-19T13:06:36.861Z","log_name":"Microsoft-Windows-Sysmon/Operational","level":"Informationen","computer_name":"flare-PC","source_name":"Microsoft-Windows-Sysmon","process_id":1304,"message":"File created:\nRuleName: \nUtcTime: 2018-09-19 13:06:36.861\nProcessGuid: {2D3B23BE-49CF-5BA2-0000-001095020A00}\nProcessId: 3056\nImage: C:\\Program Files\\7-Zip\\7zG.exe\nTargetFilename: C:\\Users\\flare\\Downloads\\SysinternalsSuite\\Eula.txt\nCreationUtcTime: 2018-09-19 13:06:36.861","@version":"1","provider_guid":"{5770385F-C22A-43E0-BF4C-06F5698FFBD9}","beat":{"version":"6.4.0","name":"flare-PC","hostname":"flare-PC"},"tags":["beats_input_codec_plain_applied"],"task":"File created (rule: FileCreate)","event_id":11,"record_number":"1165","type":"wineventlog","user":{"name":"SYSTEM","identifier":"S-1-5-18","domain":"NT-AUTORITÄT","type":"User"},"version":2,"host":{"name":"flare-PC"},"opcode":"Info"}
{"index":{"_index":"winlogbeat-6.4.0-2018.09.19","_type":"doc","_id":"nV_y8WUBfVn9xHWimTt5"}}
{"thread_id":1824,"event_data":{"CreationUtcTime":"2018-09-19 13:08:01.862","UtcTime":"2018-09-19 13:08:01.862","Image":"C:\\Program Files (x86)\\Python27\\python.exe","TargetFilename":"C:\\Users\\flare\\Downloads\\RTA-master\\red_ttp\\__init__.pyc","ProcessId":"3756","ProcessGuid":"{2D3B23BE-4A1C-5BA2-0000-0010C8100B00}"},"@timestamp":"2018-09-19T13:08:01.862Z","log_name":"Microsoft-Windows-Sysmon/Operational","level":"Informationen","computer_name":"flare-PC","source_name":"Microsoft-Windows-Sysmon","process_id":1304,"message":"File created:\nRuleName: \nUtcTime: 2018-09-19 13:08:01.862\nProcessGuid: {2D3B23BE-4A1C-5BA2-0000-0010C8100B00}\nProcessId: 3756\nImage: C:\\Program Files (x86)\\Python27\\python.exe\nTargetFilename: C:\\Users\\flare\\Downloads\\RTA-master\\red_ttp\\__init__.pyc\nCreationUtcTime: 2018-09-19 13:08:01.862","@version":"1","provider_guid":"{5770385F-C22A-43E0-BF4C-06F5698FFBD9}","beat":{"version":"6.4.0","name":"flare-PC","hostname":"flare-PC"},"tags":["beats_input_codec_plain_applied"],"type":"wineventlog","event_id":11,"task":"File created (rule: FileCreate)","version":2,"record_number":"1170","user":{"name":"SYSTEM","identifier":"S-1-5-18","domain":"NT-AUTORITÄT","type":"User"},"host":{"name":"flare-PC"},"opcode":"Info"}
{"index":{"_index":"winlogbeat-6.4.0-2018.09.19","_type":"doc","_id":"nl_y8WUBfVn9xHWioTtZ"}}
{"thread_id":1824,"event_data":{"CreationUtcTime":"2018-09-19 13:08:02.143","UtcTime":"2018-09-19 13:08:02.143","Image":"C:\\Program Files (x86)\\Python27\\python.exe","TargetFilename":"C:\\Users\\flare\\Downloads\\RTA-master\\red_ttp\\common.pyc","ProcessId":"3756","ProcessGuid":"{2D3B23BE-4A1C-5BA2-0000-0010C8100B00}"},"@timestamp":"2018-09-19T13:08:02.143Z","log_name":"Microsoft-Windows-Sysmon/Operational","level":"Informationen","computer_name":"flare-PC","source_name":"Microsoft-Windows-Sysmon","process_id":1304,"message":"File created:\nRuleName: \nUtcTime: 2018-09-19 13:08:02.143\nProcessGuid: {2D3B23BE-4A1C-5BA2-0000-0010C8100B00}\nProcessId: 3756\nImage: C:\\Program Files (x86)\\Python27\\python.exe\nTargetFilename: C:\\Users\\flare\\Downloads\\RTA-master\\red_ttp\\common.pyc\nCreationUtcTime: 2018-09-19 13:08:02.143","@version":"1","provider_guid":"{5770385F-C22A-43E0-BF4C-06F5698FFBD9}","beat":{"version":"6.4.0","name":"flare-PC","hostname":"flare-PC"},"tags":["beats_input_codec_plain_applied"],"type":"wineventlog","event_id":11,"record_number":"1171","host":{"name":"flare-PC"},"user":{"name":"SYSTEM","identifier":"S-1-5-18","type":"User","domain":"NT-AUTORITÄT"},"version":2,"task":"File created (rule: FileCreate)","opcode":"Info"}
{"index":{"_index":"winlogbeat-6.4.0-2018.09.19","_type":"doc","_id":"mV_y8WUBfVn9xHWiKztK"}}
{"thread_id":1824,"event_data":{"UtcTime":"2018-09-19 13:07:34.883","Image":"C:\\Windows\\Explorer.EXE","EventType":"CreateKey","TargetObject":"HKU\\S-1-5-21-4019173901-3792766986-1456451320-1001\\Software\\Microsoft\\Windows\\CurrentVersion\\Explorer\\FileExts\\.py","ProcessId":"1692","ProcessGuid":"{2D3B23BE-45D0-5BA2-0000-0010C3580100}"},"@timestamp":"2018-09-19T13:07:34.883Z","log_name":"Microsoft-Windows-Sysmon/Operational","level":"Informationen","computer_name":"flare-PC","source_name":"Microsoft-Windows-Sysmon","process_id":1304,"message":"Registry object added or deleted:\nRuleName: \nEventType: CreateKey\nUtcTime: 2018-09-19 13:07:34.883\nProcessGuid: {2D3B23BE-45D0-5BA2-0000-0010C3580100}\nProcessId: 1692\nImage: C:\\Windows\\Explorer.EXE\nTargetObject: HKU\\S-1-5-21-4019173901-3792766986-1456451320-1001\\Software\\Microsoft\\Windows\\CurrentVersion\\Explorer\\FileExts\\.py","@version":"1","provider_guid":"{5770385F-C22A-43E0-BF4C-06F5698FFBD9}","beat":{"version":"6.4.0","name":"flare-PC","hostname":"flare-PC"},"tags":["beats_input_codec_plain_applied"],"type":"wineventlog","record_number":"1166","task":"Registry object added or deleted (rule: RegistryEvent)","version":2,"host":{"name":"flare-PC"},"event_id":12,"user":{"name":"SYSTEM","identifier":"S-1-5-18","domain":"NT-AUTORITÄT","type":"User"},"opcode":"Info"}
{"index":{"_index":"winlogbeat-6.4.0-2018.09.19","_type":"doc","_id":"ml_y8WUBfVn9xHWiOzsq"}}
{"thread_id":1824,"event_data":{"UtcTime":"2018-09-19 13:07:38.687","Image":"C:\\Windows\\Explorer.EXE","EventType":"CreateKey","TargetObject":"HKU\\S-1-5-21-4019173901-3792766986-1456451320-1001\\Software\\Microsoft\\Windows\\CurrentVersion\\Explorer\\FileExts\\.md","ProcessId":"1692","ProcessGuid":"{2D3B23BE-45D0-5BA2-0000-0010C3580100}"},"@timestamp":"2018-09-19T13:07:38.687Z","log_name":"Microsoft-Windows-Sysmon/Operational","level":"Informationen","computer_name":"flare-PC","source_name":"Microsoft-Windows-Sysmon","process_id":1304,"message":"Registry object added or deleted:\nRuleName: \nEventType: CreateKey\nUtcTime: 2018-09-19 13:07:38.687\nProcessGuid: {2D3B23BE-45D0-5BA2-0000-0010C3580100}\nProcessId: 1692\nImage: C:\\Windows\\Explorer.EXE\nTargetObject: HKU\\S-1-5-21-4019173901-3792766986-1456451320-1001\\Software\\Microsoft\\Windows\\CurrentVersion\\Explorer\\FileExts\\.md","@version":"1","provider_guid":"{5770385F-C22A-43E0-BF4C-06F5698FFBD9}","beat":{"version":"6.4.0","name":"flare-PC","hostname":"flare-PC"},"tags":["beats_input_codec_plain_applied"],"type":"wineventlog","event_id":12,"record_number":"1167","version":2,"user":{"domain":"NT-AUTORITÄT","identifier":"S-1-5-18","type":"User","name":"SYSTEM"},"host":{"name":"flare-PC"},"task":"Registry object added or deleted (rule: RegistryEvent)","opcode":"Info"}
{"index":{"_index":"winlogbeat-6.4.0-2018.09.19","_type":"doc","_id":"BV_x8WUBfVn9xHWiHTt1"}}
{"thread_id":1824,"event_data":{"CreationUtcTime":"2018-09-19 13:06:27.338","UtcTime":"2018-09-19 13:06:27.338","Image":"C:\\Program Files\\7-Zip\\7zG.exe","TargetFilename":"C:\\Users\\flare\\Downloads\\SysinternalsSuite\\AdExplorer.chm","ProcessId":"3056","ProcessGuid":"{2D3B23BE-49CF-5BA2-0000-001095020A00}"},"@timestamp":"2018-09-19T13:06:27.338Z","log_name":"Microsoft-Windows-Sysmon/Operational","level":"Informationen","computer_name":"flare-PC","source_name":"Microsoft-Windows-Sysmon","process_id":1304,"message":"File created:\nRuleName: \nUtcTime: 2018-09-19 13:06:27.338\nProcessGuid: {2D3B23BE-49CF-5BA2-0000-001095020A00}\nProcessId: 3056\nImage: C:\\Program Files\\7-Zip\\7zG.exe\nTargetFilename: C:\\Users\\flare\\Downloads\\SysinternalsSuite\\AdExplorer.chm\nCreationUtcTime: 2018-09-19 13:06:27.338","@version":"1","provider_guid":"{5770385F-C22A-43E0-BF4C-06F5698FFBD9}","beat":{"version":"6.4.0","name":"flare-PC","hostname":"flare-PC"},"tags":["beats_input_codec_plain_applied"],"type":"wineventlog","event_id":11,"task":"File created (rule: FileCreate)","version":2,"host":{"name":"flare-PC"},"user":{"name":"SYSTEM","identifier":"S-1-5-18","type":"User","domain":"NT-AUTORITÄT"},"record_number":"1020","opcode":"Info"}
{"index":{"_index":"winlogbeat-6.4.0-2018.09.19","_type":"doc","_id":"q1_y8WUBfVn9xHWi0Dsk"}}
{"thread_id":3364,"event_data":{"param2":"Beendet","param1":"Windows Installer","Binary":"6D00730069007300650072007600650072002F0031000000"},"@timestamp":"2018-09-19T13:08:13.370Z","keywords":["Klassisch"],"log_name":"System","level":"Informationen","computer_name":"flare-PC","source_name":"Service Control Manager","process_id":488,"@version":"1","provider_guid":"{555908d1-a6d7-4695-8e1e-26931d2012f4}","message":"Dienst \"Windows Installer\" befindet sich jetzt im Status \"Beendet\".","beat":{"version":"6.4.0","name":"flare-PC","hostname":"flare-PC"},"tags":["beats_input_codec_plain_applied"],"type":"wineventlog","event_id":7036,"record_number":"11740","host":{"name":"flare-PC"}}
{"index":{"_index":"winlogbeat-6.4.0-2018.09.19","_type":"doc","_id":"Al_g8WUBfVn9xHWi2zoE"}}
{"thread_id":580,"event_data":{"AuthenticationPackageName":"NTLM","TransmittedServices":"-","ProcessName":"-","IpAddress":"-","IpPort":"-","TargetDomainName":"NT-AUTORITÄT","SubjectLogonId":"0x0","TargetUserName":"ANONYMOUS-ANMELDUNG","KeyLength":"0","LmPackageName":"NTLM V1","LogonGuid":"{00000000-0000-0000-0000-000000000000}","SubjectUserSid":"S-1-0-0","ProcessId":"0x0","LogonProcessName":"NtLmSsp ","SubjectDomainName":"-","TargetUserSid":"S-1-5-7","SubjectUserName":"-","TargetLogonId":"0x197d2","LogonType":"3"},"@timestamp":"2018-09-19T12:49:22.107Z","keywords":["Überwachung erfolgreich"],"log_name":"Security","level":"Informationen","computer_name":"flare-PC","source_name":"Microsoft-Windows-Security-Auditing","process_id":512,"@version":"1","provider_guid":"{54849625-5478-4994-A5BA-3E3B0328C30D}","message":"Ein Konto wurde erfolgreich angemeldet.\n\nAntragsteller:\n\tSicherheits-ID:\t\tS-1-0-0\n\tKontoname:\t\t-\n\tKontodomäne:\t\t-\n\tAnmelde-ID:\t\t0x0\n\nAnmeldetyp:\t\t\t3\n\nNeue Anmeldung:\n\tSicherheits-ID:\t\tS-1-5-7\n\tKontoname:\t\tANONYMOUS-ANMELDUNG\n\tKontodomäne:\t\tNT-AUTORITÄT\n\tAnmelde-ID:\t\t0x197d2\n\tAnmelde-GUID:\t\t{00000000-0000-0000-0000-000000000000}\n\nProzessinformationen:\n\tProzess-ID:\t\t0x0\n\tProzessname:\t\t-\n\nNetzwerkinformationen:\n\tArbeitsstationsname:\t\n\tQuellnetzwerkadresse:\t-\n\tQuellport:\t\t-\n\nDetaillierte Authentifizierungsinformationen:\n\tAnmeldeprozess:\t\tNtLmSsp \n\tAuthentifizierungspaket:\tNTLM\n\tÜbertragene Dienste:\t-\n\tPaketname (nur NTLM):\tNTLM V1\n\tSchlüssellänge:\t\t0\n\nDieses Ereignis wird beim Erstellen einer Anmeldesitzung generiert. Es wird auf dem Computer generiert, auf den zugegriffen wurde.\n\nDie Antragstellerfelder geben das Konto auf dem lokalen System an, von dem die Anmeldung angefordert wurde. Dies ist meistens ein Dienst wie der Serverdienst oder ein lokaler Prozess wie \"Winlogon.exe\" oder \"Services.exe\".\n\nDas Anmeldetypfeld gibt den jeweiligen Anmeldetyp an. Die häufigsten Typen sind 2 (interaktiv) und 3 (Netzwerk).\n\nDie Felder für die neue Anmeldung geben das Konto an, für das die Anmeldung erstellt wurde, d. h. das angemeldete Konto.\n\nDie Netzwerkfelder geben die Quelle einer Remoteanmeldeanforderung an. der Arbeitsstationsname ist nicht immer verfügbar und kann in manchen Fällen leer bleiben.\n\nDie Felder für die Authentifizierungsinformationen enthalten detaillierte Informationen zu dieser speziellen Anmeldeanforderung.\n\t - Die Anmelde-GUID ist ein eindeutiger Bezeichner, der verwendet werden kann, um dieses Ereignis mit einem KDC-Ereignis zu korrelieren.\n\t- Die übertragenen Dienste geben an, welche Zwischendienste an der Anmeldeanforderung beteiligt waren.\n\t- Der Paketname gibt das in den NTLM-Protokollen verwendete Unterprotokoll an.\n\t- Die Schlüssellänge gibt die Länge des generierten Sitzungsschlüssels an. Wenn kein Sitzungsschlüssel angefordert wurde, ist dieser Wert 0.","beat":{"version":"6.4.0","name":"flare-PC","hostname":"flare-PC"},"tags":["beats_input_codec_plain_applied"],"task":"Anmelden","event_id":4624,"type":"wineventlog","host":{"name":"flare-PC"},"record_number":"16725","opcode":"Info"}
{"index":{"_index":"winlogbeat-6.4.0-2018.09.19","_type":"doc","_id":"BV_g8WUBfVn9xHWi2zoE"}}
{"thread_id":1292,"@timestamp":"2018-09-19T12:49:18.515Z","log_name":"System","level":"Informationen","computer_name":"flare-PC","source_name":"Microsoft-Windows-Application-Experience","process_id":824,"@version":"1","provider_guid":"{EEF54E71-0661-422D-9A98-82FD4940B820}","message":"Der Dienst \"Programmkompatibilitäts-Assistent\" wurde erfolgreich gestartet.","beat":{"version":"6.4.0","name":"flare-PC","hostname":"flare-PC"},"tags":["beats_input_codec_plain_applied"],"type":"wineventlog","record_number":"11681","event_id":201,"host":{"name":"flare-PC"},"user":{"name":"SYSTEM","identifier":"S-1-5-18","domain":"NT-AUTORITÄT","type":"User"},"opcode":"Info"}
{"index":{"_index":"winlogbeat-6.4.0-2018.09.19","_type":"doc","_id":"Bl_g8WUBfVn9xHWi2zoE"}}
{"thread_id":1312,"event_data":{"param2":"Ausgeführt","Binary":"5000630061005300760063002F0034000000","param1":"Programmkompatibilitäts-Assistent-Dienst"},"@timestamp":"2018-09-19T12:49:18.515Z","log_name":"System","keywords":["Klassisch"],"level":"Informationen","computer_name":"flare-PC","source_name":"Service Control Manager","process_id":488,"message":"Dienst \"Programmkompatibilitäts-Assistent-Dienst\" befindet sich jetzt im Status \"Ausgeführt\".","@version":"1","provider_guid":"{555908d1-a6d7-4695-8e1e-26931d2012f4}","beat":{"version":"6.4.0","name":"flare-PC","hostname":"flare-PC"},"tags":["beats_input_codec_plain_applied"],"type":"wineventlog","record_number":"11682","event_id":7036,"host":{"name":"flare-PC"}}
{"index":{"_index":"winlogbeat-6.4.0-2018.09.19","_type":"doc","_id":"C1_g8WUBfVn9xHWi2zoE"}}
{"thread_id":600,"event_data":{"param2":"Ausgeführt","param1":"winlogbeat","Binary":"770069006E006C006F00670062006500610074002F0034000000"},"@timestamp":"2018-09-19T12:49:20.779Z","log_name":"System","keywords":["Klassisch"],"level":"Informationen","computer_name":"flare-PC","source_name":"Service Control Manager","process_id":488,"message":"Dienst \"winlogbeat\" befindet sich jetzt im Status \"Ausgeführt\".","@version":"1","provider_guid":"{555908d1-a6d7-4695-8e1e-26931d2012f4}","beat":{"version":"6.4.0","name":"flare-PC","hostname":"flare-PC"},"tags":["beats_input_codec_plain_applied"],"type":"wineventlog","record_number":"11687","event_id":7036,"host":{"name":"flare-PC"}}
{"index":{"_index":"winlogbeat-6.4.0-2018.09.19","_type":"doc","_id":"DF_g8WUBfVn9xHWi2zoE"}}
{"thread_id":1312,"event_data":{"param2":"Ausgeführt","param1":"Windows-Verwaltungsinstrumentation","Binary":"570069006E006D0067006D0074002F0034000000"},"@timestamp":"2018-09-19T12:49:20.781Z","keywords":["Klassisch"],"log_name":"System","level":"Informationen","computer_name":"flare-PC","source_name":"Service Control Manager","process_id":488,"provider_guid":"{555908d1-a6d7-4695-8e1e-26931d2012f4}","message":"Dienst \"Windows-Verwaltungsinstrumentation\" befindet sich jetzt im Status \"Ausgeführt\".","@version":"1","beat":{"version":"6.4.0","name":"flare-PC","hostname":"flare-PC"},"tags":["beats_input_codec_plain_applied"],"type":"wineventlog","event_id":7036,"record_number":"11688","host":{"name":"flare-PC"}}
{"index":{"_index":"winlogbeat-6.4.0-2018.09.19","_type":"doc","_id":"Dl_g8WUBfVn9xHWi2zoE"}}
{"thread_id":1312,"event_data":{"param2":"Ausgeführt","param1":"Server","Binary":"4C0061006E006D0061006E005300650072007600650072002F0034000000"},"@timestamp":"2018-09-19T12:49:22.107Z","keywords":["Klassisch"],"log_name":"System","level":"Informationen","computer_name":"flare-PC","source_name":"Service Control Manager","process_id":488,"message":"Dienst \"Server\" befindet sich jetzt im Status \"Ausgeführt\".","@version":"1","provider_guid":"{555908d1-a6d7-4695-8e1e-26931d2012f4}","beat":{"version":"6.4.0","name":"flare-PC","hostname":"flare-PC"},"tags":["beats_input_codec_plain_applied"],"type":"wineventlog","record_number":"11690","event_id":7036,"host":{"name":"flare-PC"}}
{"index":{"_index":"winlogbeat-6.4.0-2018.09.19","_type":"doc","_id":"D1_g8WUBfVn9xHWi2zoE"}}
{"thread_id":604,"event_data":{"param2":"Ausgeführt","param1":"Sysmon64","Binary":"5300790073006D006F006E00360034002F0034000000"},"@timestamp":"2018-09-19T12:49:25.870Z","log_name":"System","keywords":["Klassisch"],"level":"Informationen","computer_name":"flare-PC","source_name":"Service Control Manager","process_id":488,"provider_guid":"{555908d1-a6d7-4695-8e1e-26931d2012f4}","message":"Dienst \"Sysmon64\" befindet sich jetzt im Status \"Ausgeführt\".","@version":"1","beat":{"version":"6.4.0","name":"flare-PC","hostname":"flare-PC"},"tags":["beats_input_codec_plain_applied"],"type":"wineventlog","record_number":"11691","event_id":7036,"host":{"name":"flare-PC"}}
{"index":{"_index":"winlogbeat-6.4.0-2018.09.19","_type":"doc","_id":"EF_g8WUBfVn9xHWi2zoE"}}
{"thread_id":1824,"event_data":{"SchemaVersion":"4.10","UtcTime":"2018-09-19 12:49:25.870","State":"Started","Version":"8.00"},"@timestamp":"2018-09-19T12:49:25.870Z","log_name":"Microsoft-Windows-Sysmon/Operational","level":"Informationen","computer_name":"flare-PC","source_name":"Microsoft-Windows-Sysmon","process_id":1304,"message":"Sysmon service state changed:\nUtcTime: 2018-09-19 12:49:25.870\nState: Started\nVersion: 8.00\nSchemaVersion: 4.10","@version":"1","provider_guid":"{5770385F-C22A-43E0-BF4C-06F5698FFBD9}","beat":{"version":"6.4.0","name":"flare-PC","hostname":"flare-PC"},"tags":["beats_input_codec_plain_applied"],"type":"wineventlog","task":"Sysmon service state changed","record_number":"852","version":3,"user":{"name":"SYSTEM","identifier":"S-1-5-18","domain":"NT-AUTORITÄT","type":"User"},"event_id":4,"host":{"name":"flare-PC"},"opcode":"Info"}
{"index":{"_index":"winlogbeat-6.4.0-2018.09.19","_type":"doc","_id":"Gl_g8WUBfVn9xHWi5DpC"}}
{"thread_id":1824,"event_data":{"LogonId":"0x3e7","ParentProcessGuid":"{2D3B23BE-45CA-5BA2-0000-001045590000}","UtcTime":"2018-09-19 12:49:15.453","Product":"Microsoft® Windows® Operating System","Description":"Windows Logon User Interface Host","Image":"C:\\Windows\\System32\\LogonUI.exe","Hashes":"MD5=715F03B4C7223349768013EA95D9E5B7,SHA256=09AB0535A54C2E2962F0FD06988D99060F8CECA39B07AC00A63204C773B95893","FileVersion":"6.1.7601.17514 (win7sp1_rtm.101119-1850)","ParentCommandLine":"winlogon.exe","User":"NT-AUTORITÄT\\SYSTEM","LogonGuid":"{2D3B23BE-45CA-5BA2-0000-0020E7030000}","CommandLine":"\"LogonUI.exe\" /flags:0x0","TerminalSessionId":"1","ProcessId":"784","ParentProcessId":"460","IntegrityLevel":"System","CurrentDirectory":"C:\\Windows\\system32\\","Company":"Microsoft Corporation","ParentImage":"C:\\Windows\\System32\\winlogon.exe","ProcessGuid":"{2D3B23BE-45CB-5BA2-0000-0010FFB90000}"},"@timestamp":"2018-09-19T12:49:28.172Z","log_name":"Microsoft-Windows-Sysmon/Operational","level":"Informationen","computer_name":"flare-PC","source_name":"Microsoft-Windows-Sysmon","process_id":1304,"provider_guid":"{5770385F-C22A-43E0-BF4C-06F5698FFBD9}","message":"Process Create:\nRuleName: \nUtcTime: 2018-09-19 12:49:15.453\nProcessGuid: {2D3B23BE-45CB-5BA2-0000-0010FFB90000}\nProcessId: 784\nImage: C:\\Windows\\System32\\LogonUI.exe\nFileVersion: 6.1.7601.17514 (win7sp1_rtm.101119-1850)\nDescription: Windows Logon User Interface Host\nProduct: Microsoft® Windows® Operating System\nCompany: Microsoft Corporation\nCommandLine: \"LogonUI.exe\" /flags:0x0\nCurrentDirectory: C:\\Windows\\system32\\\nUser: NT-AUTORITÄT\\SYSTEM\nLogonGuid: {2D3B23BE-45CA-5BA2-0000-0020E7030000}\nLogonId: 0x3e7\nTerminalSessionId: 1\nIntegrityLevel: System\nHashes: MD5=715F03B4C7223349768013EA95D9E5B7,SHA256=09AB0535A54C2E2962F0FD06988D99060F8CECA39B07AC00A63204C773B95893\nParentProcessGuid: {2D3B23BE-45CA-5BA2-0000-001045590000}\nParentProcessId: 460\nParentImage: C:\\Windows\\System32\\winlogon.exe\nParentCommandLine: winlogon.exe","@version":"1","beat":{"version":"6.4.0","name":"flare-PC","hostname":"flare-PC"},"tags":["beats_input_codec_plain_applied"],"type":"wineventlog","event_id":1,"record_number":"865","version":5,"task":"Process Create (rule: ProcessCreate)","host":{"name":"flare-PC"},"user":{"name":"SYSTEM","identifier":"S-1-5-18","type":"User","domain":"NT-AUTORITÄT"},"opcode":"Info"}
{"index":{"_index":"winlogbeat-6.4.0-2018.09.19","_type":"doc","_id":"G1_g8WUBfVn9xHWi5DpC"}}
{"thread_id":1824,"event_data":{"LogonId":"0x3e7","Product":"Betriebssystem Microsoft® Windows®","ParentProcessGuid":"{2D3B23BE-45CA-5BA2-0000-00104A5C0000}","Hashes":"MD5=8003D39B386EDCCFB08DC21AACC0683A,SHA256=99D6A4DBE810335A69AE3053DC4B6AAC267639AD7F9C568431FA0714F6E71F30","Image":"C:\\Windows\\System32\\spoolsv.exe","UtcTime":"2018-09-19 12:49:17.625","Description":"Spoolersubsystem-Anwendung","FileVersion":"6.1.7601.17514 (win7sp1_rtm.101119-1850)","User":"NT-AUTORITÄT\\SYSTEM","ParentImage":"C:\\Windows\\System32\\services.exe","TerminalSessionId":"0","Company":"Microsoft Corporation","CurrentDirectory":"C:\\Windows\\system32\\","ProcessId":"1084","CommandLine":"C:\\Windows\\System32\\spoolsv.exe","ParentProcessId":"488","IntegrityLevel":"System","LogonGuid":"{2D3B23BE-45CA-5BA2-0000-0020E7030000}","ParentCommandLine":"C:\\Windows\\system32\\services.exe","ProcessGuid":"{2D3B23BE-45CD-5BA2-0000-0010B8F30000}"},"@timestamp":"2018-09-19T12:49:28.266Z","log_name":"Microsoft-Windows-Sysmon/Operational","level":"Informationen","computer_name":"flare-PC","source_name":"Microsoft-Windows-Sysmon","process_id":1304,"@version":"1","provider_guid":"{5770385F-C22A-43E0-BF4C-06F5698FFBD9}","message":"Process Create:\nRuleName: \nUtcTime: 2018-09-19 12:49:17.625\nProcessGuid: {2D3B23BE-45CD-5BA2-0000-0010B8F30000}\nProcessId: 1084\nImage: C:\\Windows\\System32\\spoolsv.exe\nFileVersion: 6.1.7601.17514 (win7sp1_rtm.101119-1850)\nDescription: Spoolersubsystem-Anwendung\nProduct: Betriebssystem Microsoft® Windows®\nCompany: Microsoft Corporation\nCommandLine: C:\\Windows\\System32\\spoolsv.exe\nCurrentDirectory: C:\\Windows\\system32\\\nUser: NT-AUTORITÄT\\SYSTEM\nLogonGuid: {2D3B23BE-45CA-5BA2-0000-0020E7030000}\nLogonId: 0x3e7\nTerminalSessionId: 0\nIntegrityLevel: System\nHashes: MD5=8003D39B386EDCCFB08DC21AACC0683A,SHA256=99D6A4DBE810335A69AE3053DC4B6AAC267639AD7F9C568431FA0714F6E71F30\nParentProcessGuid: {2D3B23BE-45CA-5BA2-0000-00104A5C0000}\nParentProcessId: 488\nParentImage: C:\\Windows\\System32\\services.exe\nParentCommandLine: C:\\Windows\\system32\\services.exe","beat":{"version":"6.4.0","name":"flare-PC","hostname":"flare-PC"},"tags":["beats_input_codec_plain_applied"],"task":"Process Create (rule: ProcessCreate)","event_id":1,"record_number":"869","version":5,"host":{"name":"flare-PC"},"user":{"name":"SYSTEM","identifier":"S-1-5-18","type":"User","domain":"NT-AUTORITÄT"},"type":"wineventlog","opcode":"Info"}
{"index":{"_index":"winlogbeat-6.4.0-2018.09.19","_type":"doc","_id":"HF_g8WUBfVn9xHWi5DpC"}}
{"thread_id":1824,"event_data":{"LogonId":"0xe320","User":"flare-PC\\flare","UtcTime":"2018-09-19 12:49:19.640","Image":"C:\\Windows\\System32\\userinit.exe","Product":"Betriebssystem Microsoft® Windows®","Description":"Userinit-Anmeldeanwendung","Hashes":"MD5=BAFE84E637BF7388C96EF48D4D3FDD53,SHA256=11C194D9ADCE90027272C627D7FBF3BA5025FF0F7B26A8333F764E11E1382CF9","ParentImage":"C:\\Windows\\System32\\winlogon.exe","ParentCommandLine":"winlogon.exe","FileVersion":"6.1.7600.16385 (win7_rtm.090713-1255)","Company":"Microsoft Corporation","TerminalSessionId":"1","CurrentDirectory":"C:\\Windows\\system32\\","ProcessId":"1580","CommandLine":"C:\\Windows\\system32\\userinit.exe","IntegrityLevel":"Medium","ParentProcessId":"460","LogonGuid":"{2D3B23BE-45CC-5BA2-0000-002020E30000}","ParentProcessGuid":"{2D3B23BE-45CA-5BA2-0000-001045590000}","ProcessGuid":"{2D3B23BE-45CF-5BA2-0000-0010A9450100}"},"@timestamp":"2018-09-19T12:49:28.454Z","log_name":"Microsoft-Windows-Sysmon/Operational","level":"Informationen","computer_name":"flare-PC","source_name":"Microsoft-Windows-Sysmon","process_id":1304,"provider_guid":"{5770385F-C22A-43E0-BF4C-06F5698FFBD9}","message":"Process Create:\nRuleName: \nUtcTime: 2018-09-19 12:49:19.640\nProcessGuid: {2D3B23BE-45CF-5BA2-0000-0010A9450100}\nProcessId: 1580\nImage: C:\\Windows\\System32\\userinit.exe\nFileVersion: 6.1.7600.16385 (win7_rtm.090713-1255)\nDescription: Userinit-Anmeldeanwendung\nProduct: Betriebssystem Microsoft® Windows®\nCompany: Microsoft Corporation\nCommandLine: C:\\Windows\\system32\\userinit.exe\nCurrentDirectory: C:\\Windows\\system32\\\nUser: flare-PC\\flare\nLogonGuid: {2D3B23BE-45CC-5BA2-0000-002020E30000}\nLogonId: 0xe320\nTerminalSessionId: 1\nIntegrityLevel: Medium\nHashes: MD5=BAFE84E637BF7388C96EF48D4D3FDD53,SHA256=11C194D9ADCE90027272C627D7FBF3BA5025FF0F7B26A8333F764E11E1382CF9\nParentProcessGuid: {2D3B23BE-45CA-5BA2-0000-001045590000}\nParentProcessId: 460\nParentImage: C:\\Windows\\System32\\winlogon.exe\nParentCommandLine: winlogon.exe","@version":"1","beat":{"version":"6.4.0","name":"flare-PC","hostname":"flare-PC"},"tags":["beats_input_codec_plain_applied"],"type":"wineventlog","record_number":"873","event_id":1,"version":5,"user":{"name":"SYSTEM","domain":"NT-AUTORITÄT","type":"User","identifier":"S-1-5-18"},"host":{"name":"flare-PC"},"task":"Process Create (rule: ProcessCreate)","opcode":"Info"}
{"index":{"_index":"winlogbeat-6.4.0-2018.09.19","_type":"doc","_id":"Hl_g8WUBfVn9xHWi5DpD"}}
{"thread_id":604,"event_data":{"param2":"Ausgeführt","param1":"Enumeratordienst für tragbare Geräte","Binary":"57005000440042007500730045006E0075006D002F0034000000"},"@timestamp":"2018-09-19T12:49:27.250Z","log_name":"System","keywords":["Klassisch"],"level":"Informationen","computer_name":"flare-PC","source_name":"Service Control Manager","process_id":488,"message":"Dienst \"Enumeratordienst für tragbare Geräte\" befindet sich jetzt im Status \"Ausgeführt\".","@version":"1","provider_guid":"{555908d1-a6d7-4695-8e1e-26931d2012f4}","beat":{"version":"6.4.0","name":"flare-PC","hostname":"flare-PC"},"tags":["beats_input_codec_plain_applied"],"type":"wineventlog","event_id":7036,"record_number":"11696","host":{"name":"flare-PC"}}
{"index":{"_index":"winlogbeat-6.4.0-2018.09.19","_type":"doc","_id":"K1_g8WUBfVn9xHWi5DpF"}}
{"thread_id":1824,"event_data":{"LogonId":"0x3e7","Product":"Betriebssystem Microsoft® Windows®","UtcTime":"2018-09-19 12:49:14.406","Image":"C:\\Windows\\System32\\winlogon.exe","Description":"Windows-Anmeldeanwendung","ParentProcessGuid":"{2D3B23BE-45CA-5BA2-0000-0010C2530000}","User":"NT-AUTORITÄT\\SYSTEM","ParentImage":"C:\\Windows\\System32\\smss.exe","ParentCommandLine":"\\SystemRoot\\System32\\smss.exe 00000001 00000048 ","FileVersion":"6.1.7601.17514 (win7sp1_rtm.101119-1850)","Company":"Microsoft Corporation","LogonGuid":"{2D3B23BE-45CA-5BA2-0000-0020E7030000}","ParentProcessId":"396","ProcessId":"460","CurrentDirectory":"C:\\Windows\\system32","IntegrityLevel":"System","TerminalSessionId":"1","Hashes":"MD5=11D6A262B617130F7C16E308C12E0D41,SHA256=B9699FD59457DBFDF4011A4A09B748C6D3D01D3780F9EC5245AF652AB9936425","CommandLine":"winlogon.exe","ProcessGuid":"{2D3B23BE-45CA-5BA2-0000-001045590000}"},"@timestamp":"2018-09-19T12:49:28.000Z","log_name":"Microsoft-Windows-Sysmon/Operational","level":"Informationen","computer_name":"flare-PC","source_name":"Microsoft-Windows-Sysmon","process_id":1304,"provider_guid":"{5770385F-C22A-43E0-BF4C-06F5698FFBD9}","message":"Process Create:\nRuleName: \nUtcTime: 2018-09-19 12:49:14.406\nProcessGuid: {2D3B23BE-45CA-5BA2-0000-001045590000}\nProcessId: 460\nImage: C:\\Windows\\System32\\winlogon.exe\nFileVersion: 6.1.7601.17514 (win7sp1_rtm.101119-1850)\nDescription: Windows-Anmeldeanwendung\nProduct: Betriebssystem Microsoft® Windows®\nCompany: Microsoft Corporation\nCommandLine: winlogon.exe\nCurrentDirectory: C:\\Windows\\system32\nUser: NT-AUTORITÄT\\SYSTEM\nLogonGuid: {2D3B23BE-45CA-5BA2-0000-0020E7030000}\nLogonId: 0x3e7\nTerminalSessionId: 1\nIntegrityLevel: System\nHashes: MD5=11D6A262B617130F7C16E308C12E0D41,SHA256=B9699FD59457DBFDF4011A4A09B748C6D3D01D3780F9EC5245AF652AB9936425\nParentProcessGuid: {2D3B23BE-45CA-5BA2-0000-0010C2530000}\nParentProcessId: 396\nParentImage: C:\\Windows\\System32\\smss.exe\nParentCommandLine: \\SystemRoot\\System32\\smss.exe 00000001 00000048 ","@version":"1","beat":{"version":"6.4.0","name":"flare-PC","hostname":"flare-PC"},"tags":["beats_input_codec_plain_applied"],"task":"Process Create (rule: ProcessCreate)","type":"wineventlog","record_number":"858","host":{"name":"flare-PC"},"user":{"name":"SYSTEM","identifier":"S-1-5-18","type":"User","domain":"NT-AUTORITÄT"},"event_id":1,"version":5,"opcode":"Info"}
{"index":{"_index":"winlogbeat-6.4.0-2018.09.19","_type":"doc","_id":"Ll_g8WUBfVn9xHWi5DpF"}}
{"thread_id":1824,"event_data":{"LogonId":"0x3e7","Product":"Sysinternals Sysmon","User":"NT-AUTORITÄT\\SYSTEM","Hashes":"MD5=5D997A651DA137B68B15EAC157A4FC42,SHA256=C1255D2E0F139C1F494786BFB7F4764BB6CA05680010AADBC7FDD3DB1F6E56E9","Description":"System activity monitor","Image":"C:\\Windows\\Sysmon64.exe","UtcTime":"2018-09-19 12:49:18.500","ParentImage":"C:\\Windows\\System32\\services.exe","FileVersion":"8.00","ParentCommandLine":"C:\\Windows\\system32\\services.exe","TerminalSessionId":"0","LogonGuid":"{2D3B23BE-45CA-5BA2-0000-0020E7030000}","CurrentDirectory":"C:\\Windows\\system32\\","ProcessId":"1304","CommandLine":"C:\\Windows\\Sysmon64.exe","IntegrityLevel":"System","ParentProcessGuid":"{2D3B23BE-45CA-5BA2-0000-00104A5C0000}","ParentProcessId":"488","Company":"Sysinternals - www.sysinternals.com","ProcessGuid":"{2D3B23BE-45CE-5BA2-0000-00107E150100}"},"@timestamp":"2018-09-19T12:49:28.375Z","log_name":"Microsoft-Windows-Sysmon/Operational","level":"Informationen","computer_name":"flare-PC","source_name":"Microsoft-Windows-Sysmon","process_id":1304,"@version":"1","provider_guid":"{5770385F-C22A-43E0-BF4C-06F5698FFBD9}","message":"Process Create:\nRuleName: \nUtcTime: 2018-09-19 12:49:18.500\nProcessGuid: {2D3B23BE-45CE-5BA2-0000-00107E150100}\nProcessId: 1304\nImage: C:\\Windows\\Sysmon64.exe\nFileVersion: 8.00\nDescription: System activity monitor\nProduct: Sysinternals Sysmon\nCompany: Sysinternals - www.sysinternals.com\nCommandLine: C:\\Windows\\Sysmon64.exe\nCurrentDirectory: C:\\Windows\\system32\\\nUser: NT-AUTORITÄT\\SYSTEM\nLogonGuid: {2D3B23BE-45CA-5BA2-0000-0020E7030000}\nLogonId: 0x3e7\nTerminalSessionId: 0\nIntegrityLevel: System\nHashes: MD5=5D997A651DA137B68B15EAC157A4FC42,SHA256=C1255D2E0F139C1F494786BFB7F4764BB6CA05680010AADBC7FDD3DB1F6E56E9\nParentProcessGuid: {2D3B23BE-45CA-5BA2-0000-00104A5C0000}\nParentProcessId: 488\nParentImage: C:\\Windows\\System32\\services.exe\nParentCommandLine: C:\\Windows\\system32\\services.exe","beat":{"version":"6.4.0","name":"flare-PC","hostname":"flare-PC"},"tags":["beats_input_codec_plain_applied"],"task":"Process Create (rule: ProcessCreate)","type":"wineventlog","event_id":1,"version":5,"user":{"name":"SYSTEM","domain":"NT-AUTORITÄT","type":"User","identifier":"S-1-5-18"},"host":{"name":"flare-PC"},"record_number":"870","opcode":"Info"}
{"index":{"_index":"winlogbeat-6.4.0-2018.09.19","_type":"doc","_id":"L1_g8WUBfVn9xHWi5DpF"}}
{"thread_id":1824,"event_data":{"LogonId":"0x3e7","Product":"Betriebssystem Microsoft® Windows®","UtcTime":"2018-09-19 12:49:19.796","Image":"C:\\Windows\\System32\\cmd.exe","Description":"Windows-Befehlsprozessor","User":"NT-AUTORITÄT\\SYSTEM","Hashes":"MD5=5746BD7E255DD6A8AFA06F7C42C1BA41,SHA256=DB06C3534964E3FC79D2763144BA53742D7FA250CA336F4A0FE724B75AAFF386","ParentImage":"C:\\Program Files\\winlogbeat\\winlogbeat.exe","ParentCommandLine":"\"C:\\Program Files\\winlogbeat\\winlogbeat.exe\" -c \"C:\\Program Files\\winlogbeat\\winlogbeat.yml\" -path.home \"C:\\Program Files\\winlogbeat\" -path.data \"C:\\ProgramData\\winlogbeat\" -path.logs \"C:\\ProgramData\\winlogbeat\\logs\"","FileVersion":"6.1.7601.17514 (win7sp1_rtm.101119-1850)","Company":"Microsoft Corporation","CommandLine":"cmd ver","LogonGuid":"{2D3B23BE-45CA-5BA2-0000-0020E7030000}","ProcessId":"1644","CurrentDirectory":"C:\\Windows\\system32\\","IntegrityLevel":"System","TerminalSessionId":"0","ParentProcessGuid":"{2D3B23BE-45CE-5BA2-0000-0010BD3E0100}","ParentProcessId":"1520","ProcessGuid":"{2D3B23BE-45CF-5BA2-0000-00107F500100}"},"@timestamp":"2018-09-19T12:49:28.454Z","log_name":"Microsoft-Windows-Sysmon/Operational","level":"Informationen","computer_name":"flare-PC","source_name":"Microsoft-Windows-Sysmon","process_id":1304,"message":"Process Create:\nRuleName: \nUtcTime: 2018-09-19 12:49:19.796\nProcessGuid: {2D3B23BE-45CF-5BA2-0000-00107F500100}\nProcessId: 1644\nImage: C:\\Windows\\System32\\cmd.exe\nFileVersion: 6.1.7601.17514 (win7sp1_rtm.101119-1850)\nDescription: Windows-Befehlsprozessor\nProduct: Betriebssystem Microsoft® Windows®\nCompany: Microsoft Corporation\nCommandLine: cmd ver\nCurrentDirectory: C:\\Windows\\system32\\\nUser: NT-AUTORITÄT\\SYSTEM\nLogonGuid: {2D3B23BE-45CA-5BA2-0000-0020E7030000}\nLogonId: 0x3e7\nTerminalSessionId: 0\nIntegrityLevel: System\nHashes: MD5=5746BD7E255DD6A8AFA06F7C42C1BA41,SHA256=DB06C3534964E3FC79D2763144BA53742D7FA250CA336F4A0FE724B75AAFF386\nParentProcessGuid: {2D3B23BE-45CE-5BA2-0000-0010BD3E0100}\nParentProcessId: 1520\nParentImage: C:\\Program Files\\winlogbeat\\winlogbeat.exe\nParentCommandLine: \"C:\\Program Files\\winlogbeat\\winlogbeat.exe\" -c \"C:\\Program Files\\winlogbeat\\winlogbeat.yml\" -path.home \"C:\\Program Files\\winlogbeat\" -path.data \"C:\\ProgramData\\winlogbeat\" -path.logs \"C:\\ProgramData\\winlogbeat\\logs\"","@version":"1","provider_guid":"{5770385F-C22A-43E0-BF4C-06F5698FFBD9}","beat":{"version":"6.4.0","name":"flare-PC","hostname":"flare-PC"},"tags":["beats_input_codec_plain_applied"],"task":"Process Create (rule: ProcessCreate)","record_number":"874","type":"wineventlog","version":5,"user":{"name":"SYSTEM","identifier":"S-1-5-18","type":"User","domain":"NT-AUTORITÄT"},"host":{"name":"flare-PC"},"event_id":1,"opcode":"Info"}
{"index":{"_index":"winlogbeat-6.4.0-2018.09.19","_type":"doc","_id":"MV_g8WUBfVn9xHWi6Doc"}}
{"thread_id":604,"event_data":{"param2":"Ausgeführt","Binary":"570069006E0048007400740070004100750074006F00500072006F00780079005300760063002F0034000000","param1":"WinHTTP-Web Proxy Auto-Discovery-Dienst"},"@timestamp":"2018-09-19T12:49:28.844Z","keywords":["Klassisch"],"log_name":"System","level":"Informationen","computer_name":"flare-PC","source_name":"Service Control Manager","process_id":488,"@version":"1","provider_guid":"{555908d1-a6d7-4695-8e1e-26931d2012f4}","message":"Dienst \"WinHTTP-Web Proxy Auto-Discovery-Dienst\" befindet sich jetzt im Status \"Ausgeführt\".","beat":{"version":"6.4.0","name":"flare-PC","hostname":"flare-PC"},"tags":["beats_input_codec_plain_applied"],"type":"wineventlog","record_number":"11698","event_id":7036,"host":{"name":"flare-PC"}}
{"index":{"_index":"winlogbeat-6.4.0-2018.09.19","_type":"doc","_id":"IV_g8WUBfVn9xHWi5DpD"}}
{"thread_id":1824,"event_data":{"CreationUtcTime":"2009-07-14 05:08:49.095","UtcTime":"2018-09-19 12:49:17.609","Image":"C:\\Windows\\system32\\svchost.exe","TargetFilename":"C:\\Windows\\Tasks\\SA.DAT","ProcessId":"912","ProcessGuid":"{2D3B23BE-45CB-5BA2-0000-001005C80000}"},"@timestamp":"2018-09-19T12:49:28.266Z","log_name":"Microsoft-Windows-Sysmon/Operational","level":"Informationen","computer_name":"flare-PC","source_name":"Microsoft-Windows-Sysmon","process_id":1304,"message":"File created:\nRuleName: \nUtcTime: 2018-09-19 12:49:17.609\nProcessGuid: {2D3B23BE-45CB-5BA2-0000-001005C80000}\nProcessId: 912\nImage: C:\\Windows\\system32\\svchost.exe\nTargetFilename: C:\\Windows\\Tasks\\SA.DAT\nCreationUtcTime: 2009-07-14 05:08:49.095","@version":"1","provider_guid":"{5770385F-C22A-43E0-BF4C-06F5698FFBD9}","beat":{"version":"6.4.0","name":"flare-PC","hostname":"flare-PC"},"tags":["beats_input_codec_plain_applied"],"type":"wineventlog","record_number":"868","task":"File created (rule: FileCreate)","event_id":11,"user":{"name":"SYSTEM","identifier":"S-1-5-18","domain":"NT-AUTORITÄT","type":"User"},"host":{"name":"flare-PC"},"version":2,"opcode":"Info"}
