{"index":{"_index":"winlogbeat-6.4.0-2018.09.19","_type":"doc","_id":"Il_g8WUBfVn9xHWi5DpD"}}
{"thread_id":1824,"event_data":{"ParentProcessGuid":"{2D3B23BE-45CA-5BA2-0000-00104A5C0000}","User":"NT-AUTORITÄT\\SYSTEM","UtcTime":"2018-09-19 12:49:18.765","Image":"C:\\Program Files\\winlogbeat\\winlogbeat.exe","Description":"?","LogonId":"0x3e7","Hashes":"MD5=991703A994D5B719A716EE679A6610A4,SHA256=D1F28C68F0C32274C363A34D9205B5396DA03E17D5365C2BEA0EA8EA657312C4","ParentImage":"C:\\Windows\\System32\\services.exe","ParentCommandLine":"C:\\Windows\\system32\\services.exe","Product":"?","TerminalSessionId":"0","LogonGuid":"{2D3B23BE-45CA-5BA2-0000-0020E7030000}","ParentProcessId":"488","CurrentDirectory":"C:\\Windows\\system32\\","ProcessId":"1520","CommandLine":"\"C:\\Program Files\\winlogbeat\\winlogbeat.exe\" -c \"C:\\Program Files\\winlogbeat\\winlogbeat.yml\" -path.home \"C:\\Program Files\\winlogbeat\" -path.data \"C:\\ProgramData\\winlogbeat\" -path.logs \"C:\\ProgramData\\winlogbeat\\logs\"","IntegrityLevel":"System","FileVersion":"?","Company":"?","ProcessGuid":"{2D3B23BE-45CE-5BA2-0000-0010BD3E0100}"},"@timestamp":"2018-09-19T12:49:28.422Z","log_name":"Microsoft-Windows-Sysmon/Operational","level":"Informationen","computer_name":"flare-PC","source_name":"Microsoft-Windows-Sysmon","process_id":1304,"provider_guid":"{5770385F-C22A-43E0-BF4C-06F5698FFBD9}","message":"Process Create:\nRuleName: \nUtcTime: 2018-09-19 12:49:18.765\nProcessGuid: {2D3B23BE-45CE-5BA2-0000-0010BD3E0100}\nProcessId: 1520\nImage: C:\\Program Files\\winlogbeat\\winlogbeat.exe\nFileVersion: ?\nDescription: ?\nProduct: ?\nCompany: ?\nCommandLine: \"C:\\Program Files\\winlogbeat\\winlogbeat.exe\" -c \"C:\\Program Files\\winlogbeat\\winlogbeat.yml\" -path.home \"C:\\Program Files\\winlogbeat\" -path.data \"C:\\ProgramData\\winlogbeat\" -path.logs \"C:\\ProgramData\\winlogbeat\\logs\"\nCurrentDirectory: C:\\Windows\\system32\\\nUser: NT-AUTORITÄT\\SYSTEM\nLogonGuid: {2D3B23BE-45CA-5BA2-0000-0020E7030000}\nLogonId: 0x3e7\nTerminalSessionId: 0\nIntegrityLevel: System\nHashes: MD5=991703A994D5B719A716EE679A6610A4,SHA256=D1F28C68F0C32274C363A34D9205B5396DA03E17D5365C2BEA0EA8EA657312C4\nParentProcessGuid: {2D3B23BE-45CA-5BA2-0000-00104A5C0000}\nParentProcessId: 488\nParentImage: C:\\Windows\\System32\\services.exe\nParentCommandLine: C:\\Windows\\system32\\services.exe","@version":"1","beat":{"version":"6.4.0","name":"flare-PC","hostname":"flare-PC"},"tags":["beats_input_codec_plain_applied"],"task":"Process Create (rule: ProcessCreate)","record_number":"872","event_id":1,"version":5,"user":{"name":"SYSTEM","identifier":"S-1-5-18","type":"User","domain":"NT-AUTORITÄT"},"type":"wineventlog","host":{"name":"flare-PC"},"opcode":"Info"}
{"index":{"_index":"winlogbeat-6.4.0-2018.09.19","_type":"doc","_id":"rV_g8WUBfVn9xHWiyTkh"}}
{"event_data":{"param3":"Software\\Microsoft\\EventSystem\\EventLog","param2":"SuppressDuplicateDuration","param1":"86400"},"@timestamp":"2018-09-19T12:49:15.000Z","log_name":"Application","keywords":["Klassisch"],"level":"Informationen","computer_name":"flare-PC","source_name":"Microsoft-Windows-EventSystem","message":"Das EventSystem-Subsystem unterdrückt duplizierte Ereignisprotokolleinträge für eine Dauer von 86400 Sekunden. Dieses Zeitlimit kann durch den REG_DWORD-Wert SuppressDuplicateDuration unter folgendem Registrierungsschlüssel gesteuert werden: HKLM\\Software\\Microsoft\\EventSystem\\EventLog.","@version":"1","provider_guid":"{899daace-4868-4295-afcd-9eb8fb497561}","beat":{"version":"6.4.0","name":"flare-PC","hostname":"flare-PC"},"tags":["beats_input_codec_plain_applied"],"type":"wineventlog","event_id":4625,"record_number":"2374","host":{"name":"flare-PC"}}
{"index":{"_index":"winlogbeat-6.4.0-2018.09.19","_type":"doc","_id":"6V_g8WUBfVn9xHWizzke"}}
{"thread_id":548,"event_data":{"ProcessName":"C:\\Windows\\System32\\services.exe","AuthenticationPackageName":"Negotiate","LogonType":"5","IpPort":"-","IpAddress":"-","SubjectLogonId":"0x3e7","TargetUserName":"SYSTEM","TargetDomainName":"NT-AUTORITÄT","KeyLength":"0","TransmittedServices":"-","LogonGuid":"{00000000-0000-0000-0000-000000000000}","ProcessId":"0x1e8","SubjectUserSid":"S-1-5-18","SubjectDomainName":"WORKGROUP","LogonProcessName":"Advapi  ","TargetUserSid":"S-1-5-18","SubjectUserName":"FLARE-PC$","TargetLogonId":"0x3e7","LmPackageName":"-"},"@timestamp":"2018-09-19T12:49:15.312Z","log_name":"Security","keywords":["Überwachung erfolgreich"],"level":"Informationen","computer_name":"flare-PC","source_name":"Microsoft-Windows-Security-Auditing","process_id":512,"message":"Ein Konto wurde erfolgreich angemeldet.\n\nAntragsteller:\n\tSicherheits-ID:\t\tS-1-5-18\n\tKontoname:\t\tFLARE-PC$\n\tKontodomäne:\t\tWORKGROUP\n\tAnmelde-ID:\t\t0x3e7\n\nAnmeldetyp:\t\t\t5\n\nNeue Anmeldung:\n\tSicherheits-ID:\t\tS-1-5-18\n\tKontoname:\t\tSYSTEM\n\tKontodomäne:\t\tNT-AUTORITÄT\n\tAnmelde-ID:\t\t0x3e7\n\tAnmelde-GUID:\t\t{00000000-0000-0000-0000-000000000000}\n\nProzessinformationen:\n\tProzess-ID:\t\t0x1e8\n\tProzessname:\t\tC:\\Windows\\System32\\services.exe\n\nNetzwerkinformationen:\n\tArbeitsstationsname:\t\n\tQuellnetzwerkadresse:\t-\n\tQuellport:\t\t-\n\nDetaillierte Authentifizierungsinformationen:\n\tAnmeldeprozess:\t\tAdvapi  \n\tAuthentifizierungspaket:\tNegotiate\n\tÜbertragene Dienste:\t-\n\tPaketname (nur NTLM):\t-\n\tSchlüssellänge:\t\t0\n\nDieses Ereignis wird beim Erstellen einer Anmeldesitzung generiert. Es wird auf dem Computer generiert, auf den zugegriffen wurde.\n\nDie Antragstellerfelder geben das Konto auf dem lokalen System an, von dem die Anmeldung angefordert wurde. Dies ist meistens ein Dienst wie der Serverdienst oder ein lokaler Prozess wie \"Winlogon.exe\" oder \"Services.exe\".\n\nDas Anmeldetypfeld gibt den jeweiligen Anmeldetyp an. Die häufigsten Typen sind 2 (interaktiv) und 3 (Netzwerk).\n\nDie Felder für die neue Anmeldung geben das Konto an, für das die Anmeldung erstellt wurde, d. h. das angemeldete Konto.\n\nDie Netzwerkfelder geben die Quelle einer Remoteanmeldeanforderung an. der Arbeitsstationsname ist nicht immer verfügbar und kann in manchen Fällen leer bleiben.\n\nDie Felder für die Authentifizierungsinformationen enthalten detaillierte Informationen zu dieser speziellen Anmeldeanforderung.\n\t - Die Anmelde-GUID ist ein eindeutiger Bezeichner, der verwendet werden kann, um dieses Ereignis mit einem KDC-Ereignis zu korrelieren.\n\t- Die übertragenen Dienste geben an, welche Zwischendienste an der Anmeldeanforderung beteiligt waren.\n\t- Der Paketname gibt das in den NTLM-Protokollen verwendete Unterprotokoll an.\n\t- Die Schlüssellänge gibt die Länge des generierten Sitzungsschlüssels an. Wenn kein Sitzungsschlüssel angefordert wurde, ist dieser Wert 0.","@version":"1","provider_guid":"{54849625-5478-4994-A5BA-3E3B0328C30D}","beat":{"version":"6.4.0","name":"flare-PC","hostname":"flare-PC"},"tags":["beats_input_codec_plain_applied"],"type":"wineventlog","event_id":4624,"record_number":"16705","host":{"name":"flare-PC"},"task":"Anmelden","opcode":"Info"}
{"index":{"_index":"winlogbeat-6.4.0-2018.09.19","_type":"doc","_id":"7V_g8WUBfVn9xHWizzke"}}
{"thread_id":2848,"event_data":{"param2":"Ausgeführt","Binary":"540072007500730074006500640049006E007300740061006C006C00650072002F0034000000","param1":"Windows Modules Installer"},"@timestamp":"2018-09-19T12:47:53.881Z","keywords":["Klassisch"],"log_name":"System","level":"Informationen","computer_name":"flare-PC","source_name":"Service Control Manager","process_id":496,"message":"Dienst \"Windows Modules Installer\" befindet sich jetzt im Status \"Ausgeführt\".","@version":"1","provider_guid":"{555908d1-a6d7-4695-8e1e-26931d2012f4}","beat":{"version":"6.4.0","name":"flare-PC","hostname":"flare-PC"},"tags":["beats_input_codec_plain_applied"],"type":"wineventlog","record_number":"11600","event_id":7036,"host":{"name":"flare-PC"}}
{"index":{"_index":"winlogbeat-6.4.0-2018.09.19","_type":"doc","_id":"sF_g8WUBfVn9xHWiyTkh"}}
{"thread_id":580,"event_data":{"AuthenticationPackageName":"Negotiate","ProcessName":"C:\\Windows\\System32\\services.exe","LogonType":"5","TransmittedServices":"-","IpAddress":"-","IpPort":"-","TargetDomainName":"NT-AUTORITÄT","SubjectLogonId":"0x3e7","KeyLength":"0","TargetUserName":"SYSTEM","LogonGuid":"{00000000-0000-0000-0000-000000000000}","ProcessId":"0x1e8","SubjectUserSid":"S-1-5-18","LogonProcessName":"Advapi  ","SubjectDomainName":"WORKGROUP","TargetUserSid":"S-1-5-18","SubjectUserName":"FLARE-PC$","TargetLogonId":"0x3e7","LmPackageName":"-"},"@timestamp":"2018-09-19T12:49:15.546Z","keywords":["Überwachung erfolgreich"],"log_name":"Security","level":"Informationen","computer_name":"flare-PC","source_name":"Microsoft-Windows-Security-Auditing","process_id":512,"message":"Ein Konto wurde erfolgreich angemeldet.\n\nAntragsteller:\n\tSicherheits-ID:\t\tS-1-5-18\n\tKontoname:\t\tFLARE-PC$\n\tKontodomäne:\t\tWORKGROUP\n\tAnmelde-ID:\t\t0x3e7\n\nAnmeldetyp:\t\t\t5\n\nNeue Anmeldung:\n\tSicherheits-ID:\t\tS-1-5-18\n\tKontoname:\t\tSYSTEM\n\tKontodomäne:\t\tNT-AUTORITÄT\n\tAnmelde-ID:\t\t0x3e7\n\tAnmelde-GUID:\t\t{00000000-0000-0000-0000-000000000000}\n\nProzessinformationen:\n\tProzess-ID:\t\t0x1e8\n\tProzessname:\t\tC:\\Windows\\System32\\services.exe\n\nNetzwerkinformationen:\n\tArbeitsstationsname:\t\n\tQuellnetzwerkadresse:\t-\n\tQuellport:\t\t-\n\nDetaillierte Authentifizierungsinformationen:\n\tAnmeldeprozess:\t\tAdvapi  \n\tAuthentifizierungspaket:\tNegotiate\n\tÜbertragene Dienste:\t-\n\tPaketname (nur NTLM):\t-\n\tSchlüssellänge:\t\t0\n\nDieses Ereignis wird beim Erstellen einer Anmeldesitzung generiert. Es wird auf dem Computer generiert, auf den zugegriffen wurde.\n\nDie Antragstellerfelder geben das Konto auf dem lokalen System an, von dem die Anmeldung angefordert wurde. Dies ist meistens ein Dienst wie der Serverdienst oder ein lokaler Prozess wie \"Winlogon.exe\" oder \"Services.exe\".\n\nDas Anmeldetypfeld gibt den jeweiligen Anmeldetyp an. Die häufigsten Typen sind 2 (interaktiv) und 3 (Netzwerk).\n\nDie Felder für die neue Anmeldung geben das Konto an, für das die Anmeldung erstellt wurde, d. h. das angemeldete Konto.\n\nDie Netzwerkfelder geben die Quelle einer Remoteanmeldeanforderung an. der Arbeitsstationsname ist nicht immer verfügbar und kann in manchen Fällen leer bleiben.\n\nDie Felder für die Authentifizierungsinformationen enthalten detaillierte Informationen zu dieser speziellen Anmeldeanforderung.\n\t - Die Anmelde-GUID ist ein eindeutiger Bezeichner, der verwendet werden kann, um dieses Ereignis mit einem KDC-Ereignis zu korrelieren.\n\t- Die übertragenen Dienste geben an, welche Zwischendienste an der Anmeldeanforderung beteiligt waren.\n\t- Der Paketname gibt das in den NTLM-Protokollen verwendete Unterprotokoll an.\n\t- Die Schlüssellänge gibt die Länge des generierten Sitzungsschlüssels an. Wenn kein Sitzungsschlüssel angefordert wurde, ist dieser Wert 0.","@version":"1","provider_guid":"{54849625-5478-4994-A5BA-3E3B0328C30D}","beat":{"version":"6.4.0","name":"flare-PC","hostname":"flare-PC"},"tags":["beats_input_codec_plain_applied"],"task":"Anmelden","record_number":"16713","type":"wineventlog","host":{"name":"flare-PC"},"event_id":4624,"opcode":"Info"}
{"index":{"_index":"winlogbeat-6.4.0-2018.09.19","_type":"doc","_id":"81_g8WUBfVn9xHWizzke"}}
{"event_data":{"param6":"60","param7":"-60 Mitteleuropäische Zeit","Binary":"31002E003100000030000000570069006E0064006F007700730020003700200045006E0074006500720070007200690073006500000036002E0031002E00370036003000310020004200750069006C006400200037003600300031002000530065007200760069006300650020005000610063006B002000310000004D0075006C0074006900700072006F0063006500730073006F00720020004600720065006500000037003600300031002E00770069006E0037007300700031005F006C00640072002E003100380030003800310030002D00300036003000300000003500620037003600380038003300300000004E006F007400200041007600610069006C00610062006C00650000004E006F007400200041007600610069006C00610062006C0065000000390000003400000038003100390032000000340030003700000066006C006100720065002D005000430000000000","param5":"6"},"@timestamp":"2018-09-19T12:49:15.000Z","log_name":"System","keywords":["Klassisch"],"level":"Informationen","computer_name":"flare-PC","source_name":"EventLog","message":"Die aktive Systemzeit ist 6 Sekunden.","@version":"1","beat":{"version":"6.4.0","name":"flare-PC","hostname":"flare-PC"},"tags":["beats_input_codec_plain_applied"],"type":"wineventlog","event_id":6013,"record_number":"11624","host":{"name":"flare-PC"}}
{"index":{"_index":"winlogbeat-6.4.0-2018.09.19","_type":"doc","_id":"9V_g8WUBfVn9xHWizzke"}}
{"thread_id":1012,"event_data":{"param2":"Beendet","Binary":"50004E00520050007300760063002F0031000000","param1":"Peer Name Resolution-Protokoll"},"@timestamp":"2018-09-19T12:48:00.907Z","keywords":["Klassisch"],"log_name":"System","level":"Informationen","computer_name":"flare-PC","source_name":"Service Control Manager","process_id":496,"message":"Dienst \"Peer Name Resolution-Protokoll\" befindet sich jetzt im Status \"Beendet\".","@version":"1","provider_guid":"{555908d1-a6d7-4695-8e1e-26931d2012f4}","beat":{"version":"6.4.0","name":"flare-PC","hostname":"flare-PC"},"tags":["beats_input_codec_plain_applied"],"type":"wineventlog","event_id":7036,"record_number":"11632","host":{"name":"flare-PC"}}
{"index":{"_index":"winlogbeat-6.4.0-2018.09.19","_type":"doc","_id":"91_g8WUBfVn9xHWizzke"}}
{"thread_id":56,"event_data":{"Number":"0","Group":"0","IdleStateCount":"1","ThrottleStateCount":"0","PerfStateCount":"0","IdleState":"01"},"@timestamp":"2018-09-19T12:49:13.640Z","log_name":"System","level":"Informationen","computer_name":"flare-PC","source_name":"Microsoft-Windows-Kernel-Processor-Power","process_id":4,"message":"Prozessor 0 in Gruppe 0 weist Folgendes auf:\n\n1 inaktive Zustände\n0 Leistungszustände\n0 Drosselungszustände","@version":"1","provider_guid":"{0F67E49F-FE51-4E9F-B490-6F2948CC6027}","beat":{"version":"6.4.0","name":"flare-PC","hostname":"flare-PC"},"tags":["beats_input_codec_plain_applied"],"type":"wineventlog","record_number":"11640","event_id":26,"host":{"name":"flare-PC"},"user":{"name":"SYSTEM","identifier":"S-1-5-18","domain":"NT-AUTORITÄT","type":"User"},"opcode":"Info"}
{"index":{"_index":"winlogbeat-6.4.0-2018.09.19","_type":"doc","_id":"sV_g8WUBfVn9xHWiyTkh"}}
{"thread_id":576,"event_data":{"ProcessName":"C:\\Windows\\System32\\winlogon.exe","LogonType":"2","WorkstationName":"FLARE-PC","IpAddress":"127.0.0.1","SubjectLogonId":"0x3e7","TargetDomainName":"flare-PC","LmPackageName":"-","TargetUserName":"flare","KeyLength":"0","IpPort":"0","AuthenticationPackageName":"Negotiate","LogonGuid":"{00000000-0000-0000-0000-000000000000}","SubjectUserSid":"S-1-5-18","ProcessId":"0x1cc","LogonProcessName":"User32 ","SubjectDomainName":"WORKGROUP","TargetUserSid":"S-1-5-21-4019173901-3792766986-1456451320-1001","SubjectUserName":"FLARE-PC$","TargetLogonId":"0xe320","TransmittedServices":"-"},"@timestamp":"2018-09-19T12:49:16.859Z","keywords":["Überwachung erfolgreich"],"log_name":"Security","level":"Informationen","computer_name":"flare-PC","source_name":"Microsoft-Windows-Security-Auditing","process_id":512,"@version":"1","provider_guid":"{54849625-5478-4994-A5BA-3E3B0328C30D}","message":"Ein Konto wurde erfolgreich angemeldet.\n\nAntragsteller:\n\tSicherheits-ID:\t\tS-1-5-18\n\tKontoname:\t\tFLARE-PC$\n\tKontodomäne:\t\tWORKGROUP\n\tAnmelde-ID:\t\t0x3e7\n\nAnmeldetyp:\t\t\t2\n\nNeue Anmeldung:\n\tSicherheits-ID:\t\tS-1-5-21-4019173901-3792766986-1456451320-1001\n\tKontoname:\t\tflare\n\tKontodomäne:\t\tflare-PC\n\tAnmelde-ID:\t\t0xe320\n\tAnmelde-GUID:\t\t{00000000-0000-0000-0000-000000000000}\n\nProzessinformationen:\n\tProzess-ID:\t\t0x1cc\n\tProzessname:\t\tC:\\Windows\\System32\\winlogon.exe\n\nNetzwerkinformationen:\n\tArbeitsstationsname:\tFLARE-PC\n\tQuellnetzwerkadresse:\t127.0.0.1\n\tQuellport:\t\t0\n\nDetaillierte Authentifizierungsinformationen:\n\tAnmeldeprozess:\t\tUser32 \n\tAuthentifizierungspaket:\tNegotiate\n\tÜbertragene Dienste:\t-\n\tPaketname (nur NTLM):\t-\n\tSchlüssellänge:\t\t0\n\nDieses Ereignis wird beim Erstellen einer Anmeldesitzung generiert. Es wird auf dem Computer generiert, auf den zugegriffen wurde.\n\nDie Antragstellerfelder geben das Konto auf dem lokalen System an, von dem die Anmeldung angefordert wurde. Dies ist meistens ein Dienst wie der Serverdienst oder ein lokaler Prozess wie \"Winlogon.exe\" oder \"Services.exe\".\n\nDas Anmeldetypfeld gibt den jeweiligen Anmeldetyp an. Die häufigsten Typen sind 2 (interaktiv) und 3 (Netzwerk).\n\nDie Felder für die neue Anmeldung geben das Konto an, für das die Anmeldung erstellt wurde, d. h. das angemeldete Konto.\n\nDie Netzwerkfelder geben die Quelle einer Remoteanmeldeanforderung an. der Arbeitsstationsname ist nicht immer verfügbar und kann in manchen Fällen leer bleiben.\n\nDie Felder für die Authentifizierungsinformationen enthalten detaillierte Informationen zu dieser speziellen Anmeldeanforderung.\n\t - Die Anmelde-GUID ist ein eindeutiger Bezeichner, der verwendet werden kann, um dieses Ereignis mit einem KDC-Ereignis zu korrelieren.\n\t- Die übertragenen Dienste geben an, welche Zwischendienste an der Anmeldeanforderung beteiligt waren.\n\t- Der Paketname gibt das in den NTLM-Protokollen verwendete Unterprotokoll an.\n\t- Die Schlüssellänge gibt die Länge des generierten Sitzungsschlüssels an. Wenn kein Sitzungsschlüssel angefordert wurde, ist dieser Wert 0.","beat":{"version":"6.4.0","name":"flare-PC","hostname":"flare-PC"},"tags":["beats_input_codec_plain_applied"],"task":"Anmelden","record_number":"16717","event_id":4624,"host":{"name":"flare-PC"},"type":"wineventlog","opcode":"Info"}
{"index":{"_index":"winlogbeat-6.4.0-2018.09.19","_type":"doc","_id":"sl_g8WUBfVn9xHWiyTkh"}}
{"thread_id":60,"@timestamp":"2018-09-19T12:49:17.718Z","keywords":["Überwachung erfolgreich"],"log_name":"Security","level":"Informationen","computer_name":"flare-PC","source_name":"Microsoft-Windows-Security-Auditing","process_id":4,"message":"Der Windows-Firewalltreiber wurde erfolgreich gestartet.","@version":"1","provider_guid":"{54849625-5478-4994-A5BA-3E3B0328C30D}","beat":{"version":"6.4.0","name":"flare-PC","hostname":"flare-PC"},"tags":["beats_input_codec_plain_applied"],"task":"Andere Systemereignisse","record_number":"16721","event_id":5033,"host":{"name":"flare-PC"},"type":"wineventlog","opcode":"Info"}
{"index":{"_index":"winlogbeat-6.4.0-2018.09.19","_type":"doc","_id":"s1_g8WUBfVn9xHWiyTkh"}}
{"event_data":{"Binary":"01000000F9020000"},"@timestamp":"2018-09-19T12:47:54.000Z","keywords":["Klassisch"],"log_name":"System","level":"Informationen","computer_name":"flare-PC","source_name":"EventLog","message":"Der Ereignisprotokolldienst wurde beendet.","@version":"1","beat":{"version":"6.4.0","name":"flare-PC","hostname":"flare-PC"},"tags":["beats_input_codec_plain_applied"],"type":"wineventlog","record_number":"11599","event_id":6006,"host":{"name":"flare-PC"}}
{"index":{"_index":"winlogbeat-6.4.0-2018.09.19","_type":"doc","_id":"uF_g8WUBfVn9xHWiyTkh"}}
{"thread_id":3348,"event_data":{"param2":"Beendet","param1":"SSDP-Suche","Binary":"53005300440050005300520056002F0031000000"},"@timestamp":"2018-09-19T12:47:54.961Z","log_name":"System","keywords":["Klassisch"],"level":"Informationen","computer_name":"flare-PC","source_name":"Service Control Manager","process_id":496,"provider_guid":"{555908d1-a6d7-4695-8e1e-26931d2012f4}","message":"Dienst \"SSDP-Suche\" befindet sich jetzt im Status \"Beendet\".","@version":"1","beat":{"version":"6.4.0","name":"flare-PC","hostname":"flare-PC"},"tags":["beats_input_codec_plain_applied"],"type":"wineventlog","event_id":7036,"record_number":"11619","host":{"name":"flare-PC"}}
{"index":{"_index":"winlogbeat-6.4.0-2018.09.19","_type":"doc","_id":"u1_g8WUBfVn9xHWiyTkh"}}
{"thread_id":1012,"event_data":{"param2":"Beendet","param1":"Peernetzwerk-Gruppenzuordnung","Binary":"7000320070007300760063002F0031000000"},"@timestamp":"2018-09-19T12:48:00.704Z","keywords":["Klassisch"],"log_name":"System","level":"Informationen","computer_name":"flare-PC","source_name":"Service Control Manager","process_id":496,"@version":"1","provider_guid":"{555908d1-a6d7-4695-8e1e-26931d2012f4}","message":"Dienst \"Peernetzwerk-Gruppenzuordnung\" befindet sich jetzt im Status \"Beendet\".","beat":{"version":"6.4.0","name":"flare-PC","hostname":"flare-PC"},"tags":["beats_input_codec_plain_applied"],"type":"wineventlog","record_number":"11631","event_id":7036,"host":{"name":"flare-PC"}}
{"index":{"_index":"winlogbeat-6.4.0-2018.09.19","_type":"doc","_id":"yF_g8WUBfVn9xHWiyTkh"}}
{"event_data":{"param1":"0x00000000","param2":"0x00000001"},"@timestamp":"2018-09-19T12:49:18.000Z","keywords":["Klassisch"],"log_name":"Application","level":"Informationen","computer_name":"flare-PC","source_name":"Microsoft-Windows-Winlogon","message":"Die Windows-Lizenz wurde überprüft.","@version":"1","provider_guid":"{DBE9B383-7CF3-4331-91CC-A3CB16A3B538}","beat":{"version":"6.4.0","name":"flare-PC","hostname":"flare-PC"},"tags":["beats_input_codec_plain_applied"],"type":"wineventlog","record_number":"2376","event_id":4101,"host":{"name":"flare-PC"}}
{"index":{"_index":"winlogbeat-6.4.0-2018.09.19","_type":"doc","_id":"zF_g8WUBfVn9xHWiyTkh"}}
{"thread_id":548,"event_data":{"SubjectDomainName":"NT-AUTORITÄT","SubjectLogonId":"0x3e4","PrivilegeList":"SeAssignPrimaryTokenPrivilege\n\t\t\tSeAuditPrivilege\n\t\t\tSeImpersonatePrivilege","SubjectUserSid":"S-1-5-20","SubjectUserName":"NETZWERKDIENST"},"@timestamp":"2018-09-19T12:49:15.406Z","log_name":"Security","keywords":["Überwachung erfolgreich"],"level":"Informationen","computer_name":"flare-PC","source_name":"Microsoft-Windows-Security-Auditing","process_id":512,"@version":"1","message":"Einer neuen Anmeldung wurden besondere Rechte zugewiesen.\n\nAntragsteller:\n\tSicherheits-ID:\t\tS-1-5-20\n\tKontoname:\t\tNETZWERKDIENST\n\tKontodomäne:\t\tNT-AUTORITÄT\n\tAnmelde-ID:\t\t0x3e4\n\nBerechtigungen:\t\tSeAssignPrimaryTokenPrivilege\n\t\t\tSeAuditPrivilege\n\t\t\tSeImpersonatePrivilege","provider_guid":"{54849625-5478-4994-A5BA-3E3B0328C30D}","beat":{"version":"6.4.0","name":"flare-PC","hostname":"flare-PC"},"tags":["beats_input_codec_plain_applied"],"task":"Spezielle Anmeldung","record_number":"16708","type":"wineventlog","host":{"name":"flare-PC"},"event_id":4672,"opcode":"Info"}
{"index":{"_index":"winlogbeat-6.4.0-2018.09.19","_type":"doc","_id":"zl_g8WUBfVn9xHWiyTkh"}}
{"thread_id":548,"event_data":{"SubjectDomainName":"NT-AUTORITÄT","SubjectLogonId":"0x3e5","SubjectUserName":"LOKALER DIENST","PrivilegeList":"SeAssignPrimaryTokenPrivilege\n\t\t\tSeAuditPrivilege\n\t\t\tSeImpersonatePrivilege","SubjectUserSid":"S-1-5-19"},"@timestamp":"2018-09-19T12:49:15.437Z","keywords":["Überwachung erfolgreich"],"log_name":"Security","level":"Informationen","computer_name":"flare-PC","source_name":"Microsoft-Windows-Security-Auditing","process_id":512,"provider_guid":"{54849625-5478-4994-A5BA-3E3B0328C30D}","message":"Einer neuen Anmeldung wurden besondere Rechte zugewiesen.\n\nAntragsteller:\n\tSicherheits-ID:\t\tS-1-5-19\n\tKontoname:\t\tLOKALER DIENST\n\tKontodomäne:\t\tNT-AUTORITÄT\n\tAnmelde-ID:\t\t0x3e5\n\nBerechtigungen:\t\tSeAssignPrimaryTokenPrivilege\n\t\t\tSeAuditPrivilege\n\t\t\tSeImpersonatePrivilege","@version":"1","beat":{"version":"6.4.0","name":"flare-PC","hostname":"flare-PC"},"tags":["beats_input_codec_plain_applied"],"task":"Spezielle Anmeldung","record_number":"16710","type":"wineventlog","host":{"name":"flare-PC"},"event_id":4672,"opcode":"Info"}
{"index":{"_index":"winlogbeat-6.4.0-2018.09.19","_type":"doc","_id":"0l_g8WUBfVn9xHWiyTkh"}}
{"thread_id":548,"event_data":{"SubjectDomainName":"NT-AUTORITÄT","SubjectLogonId":"0x3e7","SubjectUserName":"SYSTEM","SubjectUserSid":"S-1-5-18","PrivilegeList":"SeAssignPrimaryTokenPrivilege\n\t\t\tSeTcbPrivilege\n\t\t\tSeSecurityPrivilege\n\t\t\tSeTakeOwnershipPrivilege\n\t\t\tSeLoadDriverPrivilege\n\t\t\tSeBackupPrivilege\n\t\t\tSeRestorePrivilege\n\t\t\tSeDebugPrivilege\n\t\t\tSeAuditPrivilege\n\t\t\tSeSystemEnvironmentPrivilege\n\t\t\tSeImpersonatePrivilege"},"@timestamp":"2018-09-19T12:49:17.937Z","keywords":["Überwachung erfolgreich"],"log_name":"Security","level":"Informationen","computer_name":"flare-PC","source_name":"Microsoft-Windows-Security-Auditing","process_id":512,"@version":"1","message":"Einer neuen Anmeldung wurden besondere Rechte zugewiesen.\n\nAntragsteller:\n\tSicherheits-ID:\t\tS-1-5-18\n\tKontoname:\t\tSYSTEM\n\tKontodomäne:\t\tNT-AUTORITÄT\n\tAnmelde-ID:\t\t0x3e7\n\nBerechtigungen:\t\tSeAssignPrimaryTokenPrivilege\n\t\t\tSeTcbPrivilege\n\t\t\tSeSecurityPrivilege\n\t\t\tSeTakeOwnershipPrivilege\n\t\t\tSeLoadDriverPrivilege\n\t\t\tSeBackupPrivilege\n\t\t\tSeRestorePrivilege\n\t\t\tSeDebugPrivilege\n\t\t\tSeAuditPrivilege\n\t\t\tSeSystemEnvironmentPrivilege\n\t\t\tSeImpersonatePrivilege","provider_guid":"{54849625-5478-4994-A5BA-3E3B0328C30D}","beat":{"version":"6.4.0","name":"flare-PC","hostname":"flare-PC"},"tags":["beats_input_codec_plain_applied"],"type":"wineventlog","task":"Spezielle Anmeldung","record_number":"16723","host":{"name":"flare-PC"},"event_id":4672,"opcode":"Info"}
{"index":{"_index":"winlogbeat-6.4.0-2018.09.19","_type":"doc","_id":"1F_g8WUBfVn9xHWiyTkh"}}
{"thread_id":1372,"event_data":{"param2":"Beendet","Binary":"70003200700069006D007300760063002F0031000000","param1":"Peernetzwerkidentitäts-Manager"},"@timestamp":"2018-09-19T12:47:54.711Z","log_name":"System","keywords":["Klassisch"],"level":"Informationen","computer_name":"flare-PC","source_name":"Service Control Manager","process_id":496,"message":"Dienst \"Peernetzwerkidentitäts-Manager\" befindet sich jetzt im Status \"Beendet\".","@version":"1","provider_guid":"{555908d1-a6d7-4695-8e1e-26931d2012f4}","beat":{"version":"6.4.0","name":"flare-PC","hostname":"flare-PC"},"tags":["beats_input_codec_plain_applied"],"type":"wineventlog","record_number":"11605","event_id":7036,"host":{"name":"flare-PC"}}
{"index":{"_index":"winlogbeat-6.4.0-2018.09.19","_type":"doc","_id":"1l_g8WUBfVn9xHWiyTkh"}}
{"thread_id":332,"event_data":{"DwordVal":"1"},"@timestamp":"2018-09-19T12:47:54.946Z","log_name":"System","level":"Informationen","computer_name":"flare-PC","source_name":"Microsoft-Windows-Dhcp-Client","process_id":780,"provider_guid":"{15A7A4F8-0072-4EAB-ABAD-F98A4D666AED}","message":"Der DHCPv4-Clientdienst wird beendet. Der ShutDown-Kennzeichenwert lautet 1.","@version":"1","beat":{"version":"6.4.0","name":"flare-PC","hostname":"flare-PC"},"tags":["beats_input_codec_plain_applied"],"type":"wineventlog","task":"Dienststatusereignis","record_number":"11613","host":{"name":"flare-PC"},"user":{"name":"LOKALER DIENST","identifier":"S-1-5-19","type":"Well Known Group","domain":"NT-AUTORITÄT"},"event_id":50037,"opcode":"Der Dienst wird beendet."}
{"index":{"_index":"winlogbeat-6.4.0-2018.09.19","_type":"doc","_id":"11_g8WUBfVn9xHWiyTkh"}}
{"thread_id":1372,"event_data":{"param2":"Beendet","param1":"Sitzungs-Manager für Desktopfenster-Manager","Binary":"5500780053006D0073002F0031000000"},"@timestamp":"2018-09-19T12:47:54.961Z","log_name":"System","keywords":["Klassisch"],"level":"Informationen","computer_name":"flare-PC","source_name":"Service Control Manager","process_id":496,"@version":"1","provider_guid":"{555908d1-a6d7-4695-8e1e-26931d2012f4}","message":"Dienst \"Sitzungs-Manager für Desktopfenster-Manager\" befindet sich jetzt im Status \"Beendet\".","beat":{"version":"6.4.0","name":"flare-PC","hostname":"flare-PC"},"tags":["beats_input_codec_plain_applied"],"type":"wineventlog","record_number":"11617","event_id":7036,"host":{"name":"flare-PC"}}
{"index":{"_index":"winlogbeat-6.4.0-2018.09.19","_type":"doc","_id":"21_g8WUBfVn9xHWiyTkh"}}
{"thread_id":1012,"event_data":{"param2":"Beendet","param1":"Windows-Dienst für Schriftartencache","Binary":"46006F006E007400430061006300680065002F0031000000"},"@timestamp":"2018-09-19T12:48:02.172Z","log_name":"System","keywords":["Klassisch"],"level":"Informationen","computer_name":"flare-PC","source_name":"Service Control Manager","process_id":496,"message":"Dienst \"Windows-Dienst für Schriftartencache\" befindet sich jetzt im Status \"Beendet\".","@version":"1","provider_guid":"{555908d1-a6d7-4695-8e1e-26931d2012f4}","beat":{"version":"6.4.0","name":"flare-PC","hostname":"flare-PC"},"tags":["beats_input_codec_plain_applied"],"type":"wineventlog","event_id":7036,"record_number":"11633","host":{"name":"flare-PC"}}
{"index":{"_index":"winlogbeat-6.4.0-2018.09.19","_type":"doc","_id":"3F_g8WUBfVn9xHWiyTkh"}}
{"thread_id":8,"event_data":{"BuildVersion":"7601","MinorVersion":"1","StartTime":"2018-09-19T12:49:09.453125000Z","ServiceVersion":"1","MajorVersion":"6","BootMode":"0","QfeVersion":"24231"},"@timestamp":"2018-09-19T12:49:09.625Z","log_name":"System","level":"Informationen","computer_name":"flare-PC","source_name":"Microsoft-Windows-Kernel-General","process_id":4,"@version":"1","message":"Das Betriebssystem wurde zur Systemzeit ‎2018‎-‎09‎-‎19T12:49:09.453125000Z gestartet.","provider_guid":"{A68CA8B7-004F-D7B6-A698-07E2DE0F1F5D}","beat":{"version":"6.4.0","name":"flare-PC","hostname":"flare-PC"},"tags":["beats_input_codec_plain_applied"],"type":"wineventlog","record_number":"11637","event_id":12,"host":{"name":"flare-PC"},"user":{"domain":"NT-AUTORITÄT","identifier":"S-1-5-18","type":"User","name":"SYSTEM"},"opcode":"Info"}
{"index":{"_index":"winlogbeat-6.4.0-2018.09.19","_type":"doc","_id":"4V_g8WUBfVn9xHWiyTkh"}}
{"thread_id":648,"event_data":{"param2":"Ausgeführt","param1":"Designs","Binary":"5400680065006D00650073002F0034000000"},"@timestamp":"2018-09-19T12:49:15.921Z","keywords":["Klassisch"],"log_name":"System","level":"Informationen","computer_name":"flare-PC","source_name":"Service Control Manager","process_id":488,"message":"Dienst \"Designs\" befindet sich jetzt im Status \"Ausgeführt\".","@version":"1","provider_guid":"{555908d1-a6d7-4695-8e1e-26931d2012f4}","beat":{"version":"6.4.0","name":"flare-PC","hostname":"flare-PC"},"tags":["beats_input_codec_plain_applied"],"type":"wineventlog","event_id":7036,"record_number":"11657","host":{"name":"flare-PC"}}
{"index":{"_index":"winlogbeat-6.4.0-2018.09.19","_type":"doc","_id":"5F_g8WUBfVn9xHWiyTkh"}}
{"thread_id":904,"@timestamp":"2018-09-19T12:49:17.406Z","log_name":"System","level":"Informationen","computer_name":"flare-PC","source_name":"Microsoft-Windows-DHCPv6-Client","process_id":776,"@version":"1","message":"Der DHCPv6-Clientdienst wird gestartet.","provider_guid":"{6A1F2B00-6A90-4C38-95A5-5CAB3B056778}","beat":{"version":"6.4.0","name":"flare-PC","hostname":"flare-PC"},"tags":["beats_input_codec_plain_applied"],"task":"Dienststatusereignis","type":"wineventlog","record_number":"11669","event_id":51046,"user":{"name":"LOKALER DIENST","identifier":"S-1-5-19","domain":"NT-AUTORITÄT","type":"Well Known Group"},"host":{"name":"flare-PC"},"opcode":"Der Dienst wird gestartet."}
{"index":{"_index":"winlogbeat-6.4.0-2018.09.19","_type":"doc","_id":"NF_h8WUBfVn9xHWiCDpe"}}
{"thread_id":580,"event_data":{"AuthenticationPackageName":"Negotiate","ProcessName":"C:\\Windows\\System32\\services.exe","LogonType":"5","IpPort":"-","SubjectLogonId":"0x3e7","IpAddress":"-","TargetUserName":"SYSTEM","TargetDomainName":"NT-AUTORITÄT","KeyLength":"0","TransmittedServices":"-","LogonGuid":"{00000000-0000-0000-0000-000000000000}","ProcessId":"0x1e8","SubjectUserSid":"S-1-5-18","LogonProcessName":"Advapi  ","SubjectDomainName":"WORKGROUP","TargetUserSid":"S-1-5-18","SubjectUserName":"FLARE-PC$","TargetLogonId":"0x3e7","LmPackageName":"-"},"@timestamp":"2018-09-19T12:49:36.936Z","log_name":"Security","keywords":["Überwachung erfolgreich"],"level":"Informationen","computer_name":"flare-PC","source_name":"Microsoft-Windows-Security-Auditing","process_id":512,"message":"Ein Konto wurde erfolgreich angemeldet.\n\nAntragsteller:\n\tSicherheits-ID:\t\tS-1-5-18\n\tKontoname:\t\tFLARE-PC$\n\tKontodomäne:\t\tWORKGROUP\n\tAnmelde-ID:\t\t0x3e7\n\nAnmeldetyp:\t\t\t5\n\nNeue Anmeldung:\n\tSicherheits-ID:\t\tS-1-5-18\n\tKontoname:\t\tSYSTEM\n\tKontodomäne:\t\tNT-AUTORITÄT\n\tAnmelde-ID:\t\t0x3e7\n\tAnmelde-GUID:\t\t{00000000-0000-0000-0000-000000000000}\n\nProzessinformationen:\n\tProzess-ID:\t\t0x1e8\n\tProzessname:\t\tC:\\Windows\\System32\\services.exe\n\nNetzwerkinformationen:\n\tArbeitsstationsname:\t\n\tQuellnetzwerkadresse:\t-\n\tQuellport:\t\t-\n\nDetaillierte Authentifizierungsinformationen:\n\tAnmeldeprozess:\t\tAdvapi  \n\tAuthentifizierungspaket:\tNegotiate\n\tÜbertragene Dienste:\t-\n\tPaketname (nur NTLM):\t-\n\tSchlüssellänge:\t\t0\n\nDieses Ereignis wird beim Erstellen einer Anmeldesitzung generiert. Es wird auf dem Computer generiert, auf den zugegriffen wurde.\n\nDie Antragstellerfelder geben das Konto auf dem lokalen System an, von dem die Anmeldung angefordert wurde. Dies ist meistens ein Dienst wie der Serverdienst oder ein lokaler Prozess wie \"Winlogon.exe\" oder \"Services.exe\".\n\nDas Anmeldetypfeld gibt den jeweiligen Anmeldetyp an. Die häufigsten Typen sind 2 (interaktiv) und 3 (Netzwerk).\n\nDie Felder für die neue Anmeldung geben das Konto an, für das die Anmeldung erstellt wurde, d. h. das angemeldete Konto.\n\nDie Netzwerkfelder geben die Quelle einer Remoteanmeldeanforderung an. der Arbeitsstationsname ist nicht immer verfügbar und kann in manchen Fällen leer bleiben.\n\nDie Felder für die Authentifizierungsinformationen enthalten detaillierte Informationen zu dieser speziellen Anmeldeanforderung.\n\t - Die Anmelde-GUID ist ein eindeutiger Bezeichner, der verwendet werden kann, um dieses Ereignis mit einem KDC-Ereignis zu korrelieren.\n\t- Die übertragenen Dienste geben an, welche Zwischendienste an der Anmeldeanforderung beteiligt waren.\n\t- Der Paketname gibt das in den NTLM-Protokollen verwendete Unterprotokoll an.\n\t- Die Schlüssellänge gibt die Länge des generierten Sitzungsschlüssels an. Wenn kein Sitzungsschlüssel angefordert wurde, ist dieser Wert 0.","@version":"1","provider_guid":"{54849625-5478-4994-A5BA-3E3B0328C30D}","beat":{"version":"6.4.0","name":"flare-PC","hostname":"flare-PC"},"tags":["beats_input_codec_plain_applied"],"type":"wineventlog","record_number":"16726","task":"Anmelden","event_id":4624,"host":{"name":"flare-PC"},"opcode":"Info"}
{"index":{"_index":"winlogbeat-6.4.0-2018.09.19","_type":"doc","_id":"OF_h8WUBfVn9xHWiCDpe"}}
{"thread_id":1824,"event_data":{"ParentProcessGuid":"{2D3B23BE-45D9-5BA2-0000-0010D8160200}","User":"flare-PC\\flare","UtcTime":"2018-09-19 12:49:36.655","Image":"C:\\Program Files (x86)\\Common Files\\Java\\Java Update\\jusched.exe","Description":"Java Update Scheduler","Product":"Java Platform SE Auto Updater","Hashes":"MD5=DF5A2FF9B46C998C9697A17BBCA32EDD,SHA256=34FFFA1AE38A08FCFBA7597D9BDEEA1D0D30D748508D467386116AF5BB7288FD","ParentImage":"C:\\Windows\\SysWOW64\\runonce.exe","ParentCommandLine":"C:\\Windows\\SysWOW64\\runonce.exe /Run6432","FileVersion":"2.8.181.13","TerminalSessionId":"1","Company":"Oracle Corporation","ParentProcessId":"2328","CurrentDirectory":"C:\\Windows\\SysWOW64\\","ProcessId":"2624","IntegrityLevel":"Medium","LogonGuid":"{2D3B23BE-45CC-5BA2-0000-002020E30000}","LogonId":"0xe320","CommandLine":"\"C:\\Program Files (x86)\\Common Files\\Java\\Java Update\\jusched.exe\" ","ProcessGuid":"{2D3B23BE-45E0-5BA2-0000-001094FF0200}"},"@timestamp":"2018-09-19T12:49:36.733Z","log_name":"Microsoft-Windows-Sysmon/Operational","level":"Informationen","computer_name":"flare-PC","source_name":"Microsoft-Windows-Sysmon","process_id":1304,"message":"Process Create:\nRuleName: \nUtcTime: 2018-09-19 12:49:36.655\nProcessGuid: {2D3B23BE-45E0-5BA2-0000-001094FF0200}\nProcessId: 2624\nImage: C:\\Program Files (x86)\\Common Files\\Java\\Java Update\\jusched.exe\nFileVersion: 2.8.181.13\nDescription: Java Update Scheduler\nProduct: Java Platform SE Auto Updater\nCompany: Oracle Corporation\nCommandLine: \"C:\\Program Files (x86)\\Common Files\\Java\\Java Update\\jusched.exe\" \nCurrentDirectory: C:\\Windows\\SysWOW64\\\nUser: flare-PC\\flare\nLogonGuid: {2D3B23BE-45CC-5BA2-0000-002020E30000}\nLogonId: 0xe320\nTerminalSessionId: 1\nIntegrityLevel: Medium\nHashes: MD5=DF5A2FF9B46C998C9697A17BBCA32EDD,SHA256=34FFFA1AE38A08FCFBA7597D9BDEEA1D0D30D748508D467386116AF5BB7288FD\nParentProcessGuid: {2D3B23BE-45D9-5BA2-0000-0010D8160200}\nParentProcessId: 2328\nParentImage: C:\\Windows\\SysWOW64\\runonce.exe\nParentCommandLine: C:\\Windows\\SysWOW64\\runonce.exe /Run6432","@version":"1","provider_guid":"{5770385F-C22A-43E0-BF4C-06F5698FFBD9}","beat":{"version":"6.4.0","name":"flare-PC","hostname":"flare-PC"},"tags":["beats_input_codec_plain_applied"],"type":"wineventlog","event_id":1,"task":"Process Create (rule: ProcessCreate)","version":5,"user":{"domain":"NT-AUTORITÄT","identifier":"S-1-5-18","type":"User","name":"SYSTEM"},"host":{"name":"flare-PC"},"record_number":"880","opcode":"Info"}
{"index":{"_index":"winlogbeat-6.4.0-2018.09.19","_type":"doc","_id":"PF_h8WUBfVn9xHWiCDpg"}}
{"event_data":{"param8":"0000","param1":"Windows","param5":"6","param4":"0","param3":"Windows: ","param6":"01","param7":"7601","param2":"2640"},"@timestamp":"2018-09-19T12:49:37.000Z","log_name":"Application","keywords":["Klassisch"],"level":"Informationen","computer_name":"flare-PC","source_name":"ESENT","message":"Windows (2640) Windows: Das Datenbankmodul (6.01.7601.0000) hat eine neue Instanz gestartet (0).","@version":"1","beat":{"version":"6.4.0","name":"flare-PC","hostname":"flare-PC"},"tags":["beats_input_codec_plain_applied"],"task":"Allgemein","record_number":"2381","type":"wineventlog","event_id":102,"host":{"name":"flare-PC"},"opcode":"Info"}
{"index":{"_index":"winlogbeat-6.4.0-2018.09.19","_type":"doc","_id":"vF_g8WUBfVn9xHWiyTkh"}}
{"thread_id":400,"event_data":{"ShutdownEventCode":"0","ShutdownReason":"0","ShutdownActionType":"6"},"@timestamp":"2018-09-19T12:48:02.969Z","log_name":"System","level":"Informationen","computer_name":"flare-PC","source_name":"Microsoft-Windows-Kernel-Power","process_id":396,"provider_guid":"{331C3B3A-2005-44C2-AC5E-77220C37D6B4}","message":"Von der Energieverwaltung des Kernels wurde ein Herunterfahrvorgang initiiert.","@version":"1","beat":{"version":"6.4.0","name":"flare-PC","hostname":"flare-PC"},"tags":["beats_input_codec_plain_applied"],"type":"wineventlog","event_id":109,"record_number":"11635","host":{"name":"flare-PC"},"opcode":"Info"}
{"index":{"_index":"winlogbeat-6.4.0-2018.09.19","_type":"doc","_id":"-1_g8WUBfVn9xHWizzke"}}
{"thread_id":648,"event_data":{"param2":"Ausgeführt","Binary":"41007500640069006F005300720076002F0034000000","param1":"Windows-Audio"},"@timestamp":"2018-09-19T12:49:15.890Z","keywords":["Klassisch"],"log_name":"System","level":"Informationen","computer_name":"flare-PC","source_name":"Service Control Manager","process_id":488,"message":"Dienst \"Windows-Audio\" befindet sich jetzt im Status \"Ausgeführt\".","@version":"1","provider_guid":"{555908d1-a6d7-4695-8e1e-26931d2012f4}","beat":{"version":"6.4.0","name":"flare-PC","hostname":"flare-PC"},"tags":["beats_input_codec_plain_applied"],"type":"wineventlog","event_id":7036,"record_number":"11656","host":{"name":"flare-PC"}}
{"index":{"_index":"winlogbeat-6.4.0-2018.09.19","_type":"doc","_id":"xV_g8WUBfVn9xHWiyTkh"}}
{"thread_id":596,"event_data":{"param2":"Ausgeführt","param1":"DNS-Client","Binary":"44006E007300630061006300680065002F0034000000"},"@timestamp":"2018-09-19T12:49:17.421Z","log_name":"System","keywords":["Klassisch"],"level":"Informationen","computer_name":"flare-PC","source_name":"Service Control Manager","process_id":488,"message":"Dienst \"DNS-Client\" befindet sich jetzt im Status \"Ausgeführt\".","@version":"1","provider_guid":"{555908d1-a6d7-4695-8e1e-26931d2012f4}","beat":{"version":"6.4.0","name":"flare-PC","hostname":"flare-PC"},"tags":["beats_input_codec_plain_applied"],"type":"wineventlog","event_id":7036,"record_number":"11671","host":{"name":"flare-PC"}}
{"index":{"_index":"winlogbeat-6.4.0-2018.09.19","_type":"doc","_id":"_F_g8WUBfVn9xHWizzke"}}
{"thread_id":596,"event_data":{"param2":"Ausgeführt","param1":"Offlinedateien","Binary":"43007300630053006500720076006900630065002F0034000000"},"@timestamp":"2018-09-19T12:49:15.937Z","keywords":["Klassisch"],"log_name":"System","level":"Informationen","computer_name":"flare-PC","source_name":"Service Control Manager","process_id":488,"provider_guid":"{555908d1-a6d7-4695-8e1e-26931d2012f4}","message":"Dienst \"Offlinedateien\" befindet sich jetzt im Status \"Ausgeführt\".","@version":"1","beat":{"version":"6.4.0","name":"flare-PC","hostname":"flare-PC"},"tags":["beats_input_codec_plain_applied"],"type":"wineventlog","record_number":"11660","event_id":7036,"host":{"name":"flare-PC"}}
{"index":{"_index":"winlogbeat-6.4.0-2018.09.19","_type":"doc","_id":"_V_g8WUBfVn9xHWizzke"}}
{"thread_id":596,"event_data":{"param2":"Ausgeführt","Binary":"530061006D00530073002F0034000000","param1":"Sicherheitskonto-Manager"},"@timestamp":"2018-09-19T12:49:15.937Z","keywords":["Klassisch"],"log_name":"System","level":"Informationen","computer_name":"flare-PC","source_name":"Service Control Manager","process_id":488,"message":"Dienst \"Sicherheitskonto-Manager\" befindet sich jetzt im Status \"Ausgeführt\".","@version":"1","provider_guid":"{555908d1-a6d7-4695-8e1e-26931d2012f4}","beat":{"version":"6.4.0","name":"flare-PC","hostname":"flare-PC"},"tags":["beats_input_codec_plain_applied"],"type":"wineventlog","record_number":"11664","event_id":7036,"host":{"name":"flare-PC"}}
{"index":{"_index":"winlogbeat-6.4.0-2018.09.19","_type":"doc","_id":"k1_g8WUBfVn9xHWiyTkg"}}
{"event_data":{"param1":"SessionEnv","Binary":"D9060000"},"@timestamp":"2018-09-19T12:49:19.000Z","log_name":"Application","keywords":["Klassisch"],"level":"Informationen","computer_name":"flare-PC","source_name":"Microsoft-Windows-Winlogon","message":"Der Winlogon-Benachrichtigungsabonnent <SessionEnv> war nicht verfügbar, um das Benachrichtigungsereignis zu verarbeiten.","@version":"1","provider_guid":"{DBE9B383-7CF3-4331-91CC-A3CB16A3B538}","beat":{"version":"6.4.0","name":"flare-PC","hostname":"flare-PC"},"tags":["beats_input_codec_plain_applied"],"type":"wineventlog","record_number":"2377","event_id":6000,"host":{"name":"flare-PC"}}
{"index":{"_index":"winlogbeat-6.4.0-2018.09.19","_type":"doc","_id":"lF_g8WUBfVn9xHWiyTkg"}}
{"thread_id":516,"event_data":{"AuthenticationPackageName":"-","LmPackageName":"-","WorkstationName":"-","IpAddress":"-","IpPort":"-","SubjectLogonId":"0x0","TargetUserName":"SYSTEM","TargetDomainName":"NT-AUTORITÄT","KeyLength":"0","TransmittedServices":"-","LogonGuid":"{00000000-0000-0000-0000-000000000000}","SubjectUserSid":"S-1-0-0","ProcessId":"0x4","SubjectDomainName":"-","LogonProcessName":"-","TargetUserSid":"S-1-5-18","SubjectUserName":"-","TargetLogonId":"0x3e7","LogonType":"0"},"@timestamp":"2018-09-19T12:49:14.593Z","log_name":"Security","keywords":["Überwachung erfolgreich"],"level":"Informationen","computer_name":"flare-PC","source_name":"Microsoft-Windows-Security-Auditing","process_id":512,"message":"Ein Konto wurde erfolgreich angemeldet.\n\nAntragsteller:\n\tSicherheits-ID:\t\tS-1-0-0\n\tKontoname:\t\t-\n\tKontodomäne:\t\t-\n\tAnmelde-ID:\t\t0x0\n\nAnmeldetyp:\t\t\t0\n\nNeue Anmeldung:\n\tSicherheits-ID:\t\tS-1-5-18\n\tKontoname:\t\tSYSTEM\n\tKontodomäne:\t\tNT-AUTORITÄT\n\tAnmelde-ID:\t\t0x3e7\n\tAnmelde-GUID:\t\t{00000000-0000-0000-0000-000000000000}\n\nProzessinformationen:\n\tProzess-ID:\t\t0x4\n\tProzessname:\t\t\n\nNetzwerkinformationen:\n\tArbeitsstationsname:\t-\n\tQuellnetzwerkadresse:\t-\n\tQuellport:\t\t-\n\nDetaillierte Authentifizierungsinformationen:\n\tAnmeldeprozess:\t\t-\n\tAuthentifizierungspaket:\t-\n\tÜbertragene Dienste:\t-\n\tPaketname (nur NTLM):\t-\n\tSchlüssellänge:\t\t0\n\nDieses Ereignis wird beim Erstellen einer Anmeldesitzung generiert. Es wird auf dem Computer generiert, auf den zugegriffen wurde.\n\nDie Antragstellerfelder geben das Konto auf dem lokalen System an, von dem die Anmeldung angefordert wurde. Dies ist meistens ein Dienst wie der Serverdienst oder ein lokaler Prozess wie \"Winlogon.exe\" oder \"Services.exe\".\n\nDas Anmeldetypfeld gibt den jeweiligen Anmeldetyp an. Die häufigsten Typen sind 2 (interaktiv) und 3 (Netzwerk).\n\nDie Felder für die neue Anmeldung geben das Konto an, für das die Anmeldung erstellt wurde, d. h. das angemeldete Konto.\n\nDie Netzwerkfelder geben die Quelle einer Remoteanmeldeanforderung an. der Arbeitsstationsname ist nicht immer verfügbar und kann in manchen Fällen leer bleiben.\n\nDie Felder für die Authentifizierungsinformationen enthalten detaillierte Informationen zu dieser speziellen Anmeldeanforderung.\n\t - Die Anmelde-GUID ist ein eindeutiger Bezeichner, der verwendet werden kann, um dieses Ereignis mit einem KDC-Ereignis zu korrelieren.\n\t- Die übertragenen Dienste geben an, welche Zwischendienste an der Anmeldeanforderung beteiligt waren.\n\t- Der Paketname gibt das in den NTLM-Protokollen verwendete Unterprotokoll an.\n\t- Die Schlüssellänge gibt die Länge des generierten Sitzungsschlüssels an. Wenn kein Sitzungsschlüssel angefordert wurde, ist dieser Wert 0.","@version":"1","provider_guid":"{54849625-5478-4994-A5BA-3E3B0328C30D}","beat":{"version":"6.4.0","name":"flare-PC","hostname":"flare-PC"},"tags":["beats_input_codec_plain_applied"],"task":"Anmelden","type":"wineventlog","event_id":4624,"host":{"name":"flare-PC"},"record_number":"16703","opcode":"Info"}
{"index":{"_index":"winlogbeat-6.4.0-2018.09.19","_type":"doc","_id":"l1_g8WUBfVn9xHWiyTkg"}}
{"thread_id":576,"event_data":{"SubjectDomainName":"NT-AUTORITÄT","SubjectLogonId":"0x3e7","PrivilegeList":"SeAssignPrimaryTokenPrivilege\n\t\t\tSeTcbPrivilege\n\t\t\tSeSecurityPrivilege\n\t\t\tSeTakeOwnershipPrivilege\n\t\t\tSeLoadDriverPrivilege\n\t\t\tSeBackupPrivilege\n\t\t\tSeRestorePrivilege\n\t\t\tSeDebugPrivilege\n\t\t\tSeAuditPrivilege\n\t\t\tSeSystemEnvironmentPrivilege\n\t\t\tSeImpersonatePrivilege","SubjectUserSid":"S-1-5-18","SubjectUserName":"SYSTEM"},"@timestamp":"2018-09-19T12:49:17.625Z","keywords":["Überwachung erfolgreich"],"log_name":"Security","level":"Informationen","computer_name":"flare-PC","source_name":"Microsoft-Windows-Security-Auditing","process_id":512,"@version":"1","provider_guid":"{54849625-5478-4994-A5BA-3E3B0328C30D}","message":"Einer neuen Anmeldung wurden besondere Rechte zugewiesen.\n\nAntragsteller:\n\tSicherheits-ID:\t\tS-1-5-18\n\tKontoname:\t\tSYSTEM\n\tKontodomäne:\t\tNT-AUTORITÄT\n\tAnmelde-ID:\t\t0x3e7\n\nBerechtigungen:\t\tSeAssignPrimaryTokenPrivilege\n\t\t\tSeTcbPrivilege\n\t\t\tSeSecurityPrivilege\n\t\t\tSeTakeOwnershipPrivilege\n\t\t\tSeLoadDriverPrivilege\n\t\t\tSeBackupPrivilege\n\t\t\tSeRestorePrivilege\n\t\t\tSeDebugPrivilege\n\t\t\tSeAuditPrivilege\n\t\t\tSeSystemEnvironmentPrivilege\n\t\t\tSeImpersonatePrivilege","beat":{"version":"6.4.0","name":"flare-PC","hostname":"flare-PC"},"tags":["beats_input_codec_plain_applied"],"type":"wineventlog","event_id":4672,"record_number":"16720","host":{"name":"flare-PC"},"task":"Spezielle Anmeldung","opcode":"Info"}
{"index":{"_index":"winlogbeat-6.4.0-2018.09.19","_type":"doc","_id":"n1_g8WUBfVn9xHWiyTkg"}}
{"thread_id":1012,"event_data":{"param2":"Beendet","param1":"Windows-Ereignisprotokoll","Binary":"6500760065006E0074006C006F0067002F0031000000"},"@timestamp":"2018-09-19T12:47:55.500Z","keywords":["Klassisch"],"log_name":"System","level":"Informationen","computer_name":"flare-PC","source_name":"Service Control Manager","process_id":496,"message":"Dienst \"Windows-Ereignisprotokoll\" befindet sich jetzt im Status \"Beendet\".","@version":"1","provider_guid":"{555908d1-a6d7-4695-8e1e-26931d2012f4}","beat":{"version":"6.4.0","name":"flare-PC","hostname":"flare-PC"},"tags":["beats_input_codec_plain_applied"],"type":"wineventlog","record_number":"11626","event_id":7036,"host":{"name":"flare-PC"}}
{"index":{"_index":"winlogbeat-6.4.0-2018.09.19","_type":"doc","_id":"ol_g8WUBfVn9xHWiyTkg"}}
{"thread_id":8,"event_data":{"DeviceName":"FileInfo","DeviceTime":"2009-07-14T01:34:25.000000000Z","FinalStatus":"0x0","DeviceNameLength":"8","DeviceVersionMajor":"6","DeviceVersionMinor":"1"},"@timestamp":"2018-09-19T12:49:11.312Z","log_name":"System","level":"Informationen","computer_name":"flare-PC","source_name":"Microsoft-Windows-FilterManager","process_id":4,"@version":"1","message":"Der Dateisystemfilter \"FileInfo\" (6.1, ‎2009‎-‎07‎-‎14T01:34:25.000000000Z) wurde erfolgreich geladen und im Filter-Manager registriert.","provider_guid":"{F3C5E28E-63F6-49C7-A204-E48A1BC4B09D}","beat":{"version":"6.4.0","name":"flare-PC","hostname":"flare-PC"},"tags":["beats_input_codec_plain_applied"],"type":"wineventlog","record_number":"11638","event_id":6,"host":{"name":"flare-PC"},"user":{"name":"SYSTEM","identifier":"S-1-5-18","domain":"NT-AUTORITÄT","type":"User"},"opcode":"Info"}
{"index":{"_index":"winlogbeat-6.4.0-2018.09.19","_type":"doc","_id":"p1_g8WUBfVn9xHWiyTkg"}}
{"thread_id":648,"event_data":{"param2":"Ausgeführt","Binary":"670070007300760063002F0034000000","param1":"Gruppenrichtlinienclient"},"@timestamp":"2018-09-19T12:49:15.921Z","log_name":"System","keywords":["Klassisch"],"level":"Informationen","computer_name":"flare-PC","source_name":"Service Control Manager","process_id":488,"provider_guid":"{555908d1-a6d7-4695-8e1e-26931d2012f4}","message":"Dienst \"Gruppenrichtlinienclient\" befindet sich jetzt im Status \"Ausgeführt\".","@version":"1","beat":{"version":"6.4.0","name":"flare-PC","hostname":"flare-PC"},"tags":["beats_input_codec_plain_applied"],"type":"wineventlog","record_number":"11658","event_id":7036,"host":{"name":"flare-PC"}}
