{"index":{"_index":"winlogbeat-6.4.0-2018.09.19","_type":"doc","_id":"z1_z8WUBfVn9xHWirDtT"}}
{"thread_id":1824,"event_data":{"UtcTime":"2018-09-19 13:09:07.900","Image":"C:\\Windows\\SysWOW64\\netsh.exe","Details":"DWORD (0x00000001)","EventType":"SetValue","TargetObject":"HKU\\S-1-5-21-4019173901-3792766986-1456451320-1001\\Software\\Microsoft\\Windows Firewall\\{573CE786-C66B-4D24-A1FE-65049DEB42E2}\\StandardProfile\\EnableFirewall","ProcessId":"3876","ProcessGuid":"{2D3B23BE-4A73-5BA2-0000-001006650D00}"},"@timestamp":"2018-09-19T13:09:07.916Z","log_name":"Microsoft-Windows-Sysmon/Operational","level":"Informationen","computer_name":"flare-PC","source_name":"Microsoft-Windows-Sysmon","process_id":1304,"@version":"1","message":"Registry value set:\nRuleName: \nEventType: SetValue\nUtcTime: 2018-09-19 13:09:07.900\nProcessGuid: {2D3B23BE-4A73-5BA2-0000-001006650D00}\nProcessId: 3876\nImage: C:\\Windows\\SysWOW64\\netsh.exe\nTargetObject: HKU\\S-1-5-21-4019173901-3792766986-1456451320-1001\\Software\\Microsoft\\Windows Firewall\\{573CE786-C66B-4D24-A1FE-65049DEB42E2}\\StandardProfile\\EnableFirewall\nDetails: DWORD (0x00000001)","provider_guid":"{5770385F-C22A-43E0-BF4C-06F5698FFBD9}","beat":{"version":"6.4.0","name":"flare-PC","hostname":"flare-PC"},"tags":["beats_input_codec_plain_applied"],"task":"Registry value set (rule: RegistryEvent)","event_id":13,"record_number":"1202","host":{"name":"flare-PC"},"user":{"domain":"NT-AUTORITÄT","identifier":"S-1-5-18","type":"User","name":"SYSTEM"},"type":"wineventlog","version":2,"opcode":"Info"}
{"index":{"_index":"winlogbeat-6.4.0-2018.09.19","_type":"doc","_id":"0l_z8WUBfVn9xHWirDtT"}}
{"thread_id":1824,"event_data":{"ParentProcessGuid":"{2D3B23BE-4A74-5BA2-0000-00107B910D00}","User":"flare-PC\\flare","UtcTime":"2018-09-19 13:09:08.857","Image":"C:\\Windows\\SysWOW64\\net.exe","Description":"Net Command","LogonId":"0xe320","Hashes":"MD5=B9A4DAC2192FD78CDA097BFA79F6E7B2,SHA256=D468E6B1B79555AC8BCE0300942FD479689EB8F159F3A399848D3BF9B9990A56","FileVersion":"6.1.7600.16385 (win7_rtm.090713-1255)","ParentCommandLine":"\"C:\\Program Files (x86)\\Python27\\python.exe\"  C:\\Users\\flare\\Downloads\\RTA-master\\red_ttp\\enum_commands.py","ParentImage":"C:\\Program Files (x86)\\Python27\\python.exe","LogonGuid":"{2D3B23BE-45CC-5BA2-0000-002020E30000}","TerminalSessionId":"1","CommandLine":"net user administrator","CurrentDirectory":"C:\\Users\\flare\\Downloads\\RTA-master\\","ParentProcessId":"2304","IntegrityLevel":"Medium","Company":"Microsoft Corporation","ProcessId":"3140","Product":"Microsoft® Windows® Operating System","ProcessGuid":"{2D3B23BE-4A74-5BA2-0000-001082C60D00}"},"@timestamp":"2018-09-19T13:09:08.873Z","log_name":"Microsoft-Windows-Sysmon/Operational","level":"Informationen","computer_name":"flare-PC","source_name":"Microsoft-Windows-Sysmon","process_id":1304,"message":"Process Create:\nRuleName: \nUtcTime: 2018-09-19 13:09:08.857\nProcessGuid: {2D3B23BE-4A74-5BA2-0000-001082C60D00}\nProcessId: 3140\nImage: C:\\Windows\\SysWOW64\\net.exe\nFileVersion: 6.1.7600.16385 (win7_rtm.090713-1255)\nDescription: Net Command\nProduct: Microsoft® Windows® Operating System\nCompany: Microsoft Corporation\nCommandLine: net user administrator\nCurrentDirectory: C:\\Users\\flare\\Downloads\\RTA-master\\\nUser: flare-PC\\flare\nLogonGuid: {2D3B23BE-45CC-5BA2-0000-002020E30000}\nLogonId: 0xe320\nTerminalSessionId: 1\nIntegrityLevel: Medium\nHashes: MD5=B9A4DAC2192FD78CDA097BFA79F6E7B2,SHA256=D468E6B1B79555AC8BCE0300942FD479689EB8F159F3A399848D3BF9B9990A56\nParentProcessGuid: {2D3B23BE-4A74-5BA2-0000-00107B910D00}\nParentProcessId: 2304\nParentImage: C:\\Program Files (x86)\\Python27\\python.exe\nParentCommandLine: \"C:\\Program Files (x86)\\Python27\\python.exe\"  C:\\Users\\flare\\Downloads\\RTA-master\\red_ttp\\enum_commands.py","@version":"1","provider_guid":"{5770385F-C22A-43E0-BF4C-06F5698FFBD9}","beat":{"version":"6.4.0","name":"flare-PC","hostname":"flare-PC"},"tags":["beats_input_codec_plain_applied"],"type":"wineventlog","task":"Process Create (rule: ProcessCreate)","event_id":1,"version":5,"user":{"name":"SYSTEM","identifier":"S-1-5-18","domain":"NT-AUTORITÄT","type":"User"},"host":{"name":"flare-PC"},"record_number":"1214","opcode":"Info"}
{"index":{"_index":"winlogbeat-6.4.0-2018.09.19","_type":"doc","_id":"01_z8WUBfVn9xHWirDtT"}}
{"thread_id":1824,"event_data":{"ParentProcessGuid":"{2D3B23BE-4A74-5BA2-0000-00107B910D00}","User":"flare-PC\\flare","Product":"Microsoft® Windows® Operating System","LogonId":"0xe320","Description":"Net Command","UtcTime":"2018-09-19 13:09:08.951","Image":"C:\\Windows\\SysWOW64\\net.exe","FileVersion":"6.1.7600.16385 (win7_rtm.090713-1255)","ParentCommandLine":"\"C:\\Program Files (x86)\\Python27\\python.exe\"  C:\\Users\\flare\\Downloads\\RTA-master\\red_ttp\\enum_commands.py","ParentImage":"C:\\Program Files (x86)\\Python27\\python.exe","LogonGuid":"{2D3B23BE-45CC-5BA2-0000-002020E30000}","CommandLine":"net view","TerminalSessionId":"1","CurrentDirectory":"C:\\Users\\flare\\Downloads\\RTA-master\\","ProcessId":"716","IntegrityLevel":"Medium","ParentProcessId":"2304","Company":"Microsoft Corporation","Hashes":"MD5=B9A4DAC2192FD78CDA097BFA79F6E7B2,SHA256=D468E6B1B79555AC8BCE0300942FD479689EB8F159F3A399848D3BF9B9990A56","ProcessGuid":"{2D3B23BE-4A74-5BA2-0000-001022CC0D00}"},"@timestamp":"2018-09-19T13:09:08.951Z","log_name":"Microsoft-Windows-Sysmon/Operational","level":"Informationen","computer_name":"flare-PC","source_name":"Microsoft-Windows-Sysmon","process_id":1304,"provider_guid":"{5770385F-C22A-43E0-BF4C-06F5698FFBD9}","message":"Process Create:\nRuleName: \nUtcTime: 2018-09-19 13:09:08.951\nProcessGuid: {2D3B23BE-4A74-5BA2-0000-001022CC0D00}\nProcessId: 716\nImage: C:\\Windows\\SysWOW64\\net.exe\nFileVersion: 6.1.7600.16385 (win7_rtm.090713-1255)\nDescription: Net Command\nProduct: Microsoft® Windows® Operating System\nCompany: Microsoft Corporation\nCommandLine: net view\nCurrentDirectory: C:\\Users\\flare\\Downloads\\RTA-master\\\nUser: flare-PC\\flare\nLogonGuid: {2D3B23BE-45CC-5BA2-0000-002020E30000}\nLogonId: 0xe320\nTerminalSessionId: 1\nIntegrityLevel: Medium\nHashes: MD5=B9A4DAC2192FD78CDA097BFA79F6E7B2,SHA256=D468E6B1B79555AC8BCE0300942FD479689EB8F159F3A399848D3BF9B9990A56\nParentProcessGuid: {2D3B23BE-4A74-5BA2-0000-00107B910D00}\nParentProcessId: 2304\nParentImage: C:\\Program Files (x86)\\Python27\\python.exe\nParentCommandLine: \"C:\\Program Files (x86)\\Python27\\python.exe\"  C:\\Users\\flare\\Downloads\\RTA-master\\red_ttp\\enum_commands.py","@version":"1","beat":{"version":"6.4.0","name":"flare-PC","hostname":"flare-PC"},"tags":["beats_input_codec_plain_applied"],"task":"Process Create (rule: ProcessCreate)","type":"wineventlog","event_id":1,"host":{"name":"flare-PC"},"user":{"name":"SYSTEM","identifier":"S-1-5-18","domain":"NT-AUTORITÄT","type":"User"},"version":5,"record_number":"1218","opcode":"Info"}
{"index":{"_index":"winlogbeat-6.4.0-2018.09.19","_type":"doc","_id":"t1_z8WUBfVn9xHWiojuz"}}
{"thread_id":1824,"event_data":{"ParentProcessGuid":"{2D3B23BE-4A1C-5BA2-0000-0010C8100B00}","LogonId":"0xe320","UtcTime":"2018-09-19 13:09:06.599","Hashes":"MD5=AD7B9C14083B52BC532FBA5948342B98,SHA256=17F746D82695FA9B35493B41859D39D786D32B23A9D2E00F4011DEC7A02402AE","Image":"C:\\Windows\\SysWOW64\\cmd.exe","Description":"Windows-Befehlsprozessor","Product":"Betriebssystem Microsoft® Windows®","ParentImage":"C:\\Program Files (x86)\\Python27\\python.exe","ParentCommandLine":"\"C:\\Program Files (x86)\\Python27\\python.exe\" \"C:\\Users\\flare\\Downloads\\RTA-master\\run_all.py\" ","FileVersion":"6.1.7601.17514 (win7sp1_rtm.101119-1850)","Company":"Microsoft Corporation","LogonGuid":"{2D3B23BE-45CC-5BA2-0000-002020E30000}","ParentProcessId":"3756","ProcessId":"1588","CurrentDirectory":"C:\\Users\\flare\\Downloads\\RTA-master\\","IntegrityLevel":"Medium","CommandLine":"C:\\Windows\\system32\\cmd.exe /c \"\"C:\\Program Files (x86)\\Python27\\python.exe\" C:\\Users\\flare\\Downloads\\RTA-master\\red_ttp\\delete_volume_shadows.py\"","User":"flare-PC\\flare","TerminalSessionId":"1","ProcessGuid":"{2D3B23BE-4A72-5BA2-0000-0010AAFA0C00}"},"@timestamp":"2018-09-19T13:09:06.615Z","log_name":"Microsoft-Windows-Sysmon/Operational","level":"Informationen","computer_name":"flare-PC","source_name":"Microsoft-Windows-Sysmon","process_id":1304,"message":"Process Create:\nRuleName: \nUtcTime: 2018-09-19 13:09:06.599\nProcessGuid: {2D3B23BE-4A72-5BA2-0000-0010AAFA0C00}\nProcessId: 1588\nImage: C:\\Windows\\SysWOW64\\cmd.exe\nFileVersion: 6.1.7601.17514 (win7sp1_rtm.101119-1850)\nDescription: Windows-Befehlsprozessor\nProduct: Betriebssystem Microsoft® Windows®\nCompany: Microsoft Corporation\nCommandLine: C:\\Windows\\system32\\cmd.exe /c \"\"C:\\Program Files (x86)\\Python27\\python.exe\" C:\\Users\\flare\\Downloads\\RTA-master\\red_ttp\\delete_volume_shadows.py\"\nCurrentDirectory: C:\\Users\\flare\\Downloads\\RTA-master\\\nUser: flare-PC\\flare\nLogonGuid: {2D3B23BE-45CC-5BA2-0000-002020E30000}\nLogonId: 0xe320\nTerminalSessionId: 1\nIntegrityLevel: Medium\nHashes: MD5=AD7B9C14083B52BC532FBA5948342B98,SHA256=17F746D82695FA9B35493B41859D39D786D32B23A9D2E00F4011DEC7A02402AE\nParentProcessGuid: {2D3B23BE-4A1C-5BA2-0000-0010C8100B00}\nParentProcessId: 3756\nParentImage: C:\\Program Files (x86)\\Python27\\python.exe\nParentCommandLine: \"C:\\Program Files (x86)\\Python27\\python.exe\" \"C:\\Users\\flare\\Downloads\\RTA-master\\run_all.py\" ","@version":"1","provider_guid":"{5770385F-C22A-43E0-BF4C-06F5698FFBD9}","beat":{"version":"6.4.0","name":"flare-PC","hostname":"flare-PC"},"tags":["beats_input_codec_plain_applied"],"type":"wineventlog","record_number":"1193","event_id":1,"host":{"name":"flare-PC"},"version":5,"task":"Process Create (rule: ProcessCreate)","user":{"name":"SYSTEM","identifier":"S-1-5-18","domain":"NT-AUTORITÄT","type":"User"},"opcode":"Info"}
{"index":{"_index":"winlogbeat-6.4.0-2018.09.19","_type":"doc","_id":"uF_z8WUBfVn9xHWioju0"}}
{"event_data":{"param8":"S-1-5-21-4019173901-3792766986-1456451320-1001","param1":"Anwendungsspezifisch","param5":"{56BE716B-2F76-4DFA-8702-67AE10044F0B}","param3":"Aktivierung","param4":"{E579AB5F-1CC4-44B4-BED9-DE0991FF0623}","param6":"flare-PC","param2":"Lokal","param7":"flare","param9":"LocalHost (unter Verwendung von LRPC)"},"@timestamp":"2018-09-19T13:09:06.000Z","keywords":["Klassisch"],"log_name":"System","level":"Fehler","computer_name":"flare-PC","source_name":"Microsoft-Windows-DistributedCOM","message":"Durch die Berechtigungseinstellungen (Anwendungsspezifisch) wird der SID (S-1-5-21-4019173901-3792766986-1456451320-1001) für Benutzer flare-PC\\flare von Adresse LocalHost (unter Verwendung von LRPC) keine Berechtigung zum Aktivierung (Lokal) für die COM-Serveranwendung mit CLSID \n{E579AB5F-1CC4-44B4-BED9-DE0991FF0623}\n und APPID \n{56BE716B-2F76-4DFA-8702-67AE10044F0B}\n gewährt. Die Sicherheitsberechtigung kann mit dem Verwaltungsprogramm für Komponentendienste geändert werden.","@version":"1","provider_guid":"{1B562E86-B7AA-4131-BADC-B6F3A001407E}","beat":{"version":"6.4.0","name":"flare-PC","hostname":"flare-PC"},"tags":["beats_input_codec_plain_applied"],"type":"wineventlog","event_id":10016,"record_number":"11743","host":{"name":"flare-PC"},"user":{"domain":"flare-PC","identifier":"S-1-5-21-4019173901-3792766986-1456451320-1001","type":"User","name":"flare"}}
{"index":{"_index":"winlogbeat-6.4.0-2018.09.19","_type":"doc","_id":"DF_x8WUBfVn9xHWiSTto"}}
{"thread_id":1824,"event_data":{"CreationUtcTime":"2018-09-19 13:06:36.155","UtcTime":"2018-09-19 13:06:36.155","Image":"C:\\Program Files\\7-Zip\\7zG.exe","TargetFilename":"C:\\Users\\flare\\Downloads\\SysinternalsSuite\\DMON.SYS","ProcessId":"3056","ProcessGuid":"{2D3B23BE-49CF-5BA2-0000-001095020A00}"},"@timestamp":"2018-09-19T13:06:36.155Z","log_name":"Microsoft-Windows-Sysmon/Operational","level":"Informationen","computer_name":"flare-PC","source_name":"Microsoft-Windows-Sysmon","process_id":1304,"message":"File created:\nRuleName: \nUtcTime: 2018-09-19 13:06:36.155\nProcessGuid: {2D3B23BE-49CF-5BA2-0000-001095020A00}\nProcessId: 3056\nImage: C:\\Program Files\\7-Zip\\7zG.exe\nTargetFilename: C:\\Users\\flare\\Downloads\\SysinternalsSuite\\DMON.SYS\nCreationUtcTime: 2018-09-19 13:06:36.155","@version":"1","provider_guid":"{5770385F-C22A-43E0-BF4C-06F5698FFBD9}","beat":{"version":"6.4.0","name":"flare-PC","hostname":"flare-PC"},"tags":["beats_input_codec_plain_applied"],"type":"wineventlog","task":"File created (rule: FileCreate)","record_number":"1037","version":2,"host":{"name":"flare-PC"},"user":{"domain":"NT-AUTORITÄT","identifier":"S-1-5-18","type":"User","name":"SYSTEM"},"event_id":11,"opcode":"Info"}
{"index":{"_index":"winlogbeat-6.4.0-2018.09.19","_type":"doc","_id":"DV_x8WUBfVn9xHWiSTto"}}
{"thread_id":1824,"event_data":{"CreationUtcTime":"2018-09-19 13:06:36.171","UtcTime":"2018-09-19 13:06:36.171","Image":"C:\\Program Files\\7-Zip\\7zG.exe","TargetFilename":"C:\\Users\\flare\\Downloads\\SysinternalsSuite\\pagedfrg.hlp","ProcessId":"3056","ProcessGuid":"{2D3B23BE-49CF-5BA2-0000-001095020A00}"},"@timestamp":"2018-09-19T13:06:36.171Z","log_name":"Microsoft-Windows-Sysmon/Operational","level":"Informationen","computer_name":"flare-PC","source_name":"Microsoft-Windows-Sysmon","process_id":1304,"@version":"1","message":"File created:\nRuleName: \nUtcTime: 2018-09-19 13:06:36.171\nProcessGuid: {2D3B23BE-49CF-5BA2-0000-001095020A00}\nProcessId: 3056\nImage: C:\\Program Files\\7-Zip\\7zG.exe\nTargetFilename: C:\\Users\\flare\\Downloads\\SysinternalsSuite\\pagedfrg.hlp\nCreationUtcTime: 2018-09-19 13:06:36.171","provider_guid":"{5770385F-C22A-43E0-BF4C-06F5698FFBD9}","beat":{"version":"6.4.0","name":"flare-PC","hostname":"flare-PC"},"tags":["beats_input_codec_plain_applied"],"task":"File created (rule: FileCreate)","type":"wineventlog","record_number":"1041","host":{"name":"flare-PC"},"version":2,"event_id":11,"user":{"name":"SYSTEM","domain":"NT-AUTORITÄT","type":"User","identifier":"S-1-5-18"},"opcode":"Info"}
{"index":{"_index":"winlogbeat-6.4.0-2018.09.19","_type":"doc","_id":"El_x8WUBfVn9xHWiSTto"}}
{"thread_id":1824,"event_data":{"CreationUtcTime":"2018-09-19 13:06:36.234","UtcTime":"2018-09-19 13:06:36.234","Image":"C:\\Program Files\\7-Zip\\7zG.exe","TargetFilename":"C:\\Users\\flare\\Downloads\\SysinternalsSuite\\ADInsight.exe","ProcessId":"3056","ProcessGuid":"{2D3B23BE-49CF-5BA2-0000-001095020A00}"},"@timestamp":"2018-09-19T13:06:36.234Z","log_name":"Microsoft-Windows-Sysmon/Operational","level":"Informationen","computer_name":"flare-PC","source_name":"Microsoft-Windows-Sysmon","process_id":1304,"@version":"1","provider_guid":"{5770385F-C22A-43E0-BF4C-06F5698FFBD9}","message":"File created:\nRuleName: \nUtcTime: 2018-09-19 13:06:36.234\nProcessGuid: {2D3B23BE-49CF-5BA2-0000-001095020A00}\nProcessId: 3056\nImage: C:\\Program Files\\7-Zip\\7zG.exe\nTargetFilename: C:\\Users\\flare\\Downloads\\SysinternalsSuite\\ADInsight.exe\nCreationUtcTime: 2018-09-19 13:06:36.234","beat":{"version":"6.4.0","name":"flare-PC","hostname":"flare-PC"},"tags":["beats_input_codec_plain_applied"],"type":"wineventlog","event_id":11,"record_number":"1061","host":{"name":"flare-PC"},"version":2,"user":{"name":"SYSTEM","domain":"NT-AUTORITÄT","type":"User","identifier":"S-1-5-18"},"task":"File created (rule: FileCreate)","opcode":"Info"}
{"index":{"_index":"winlogbeat-6.4.0-2018.09.19","_type":"doc","_id":"FF_x8WUBfVn9xHWiSTto"}}
{"thread_id":1824,"event_data":{"CreationUtcTime":"2018-09-19 13:06:36.296","UtcTime":"2018-09-19 13:06:36.296","Image":"C:\\Program Files\\7-Zip\\7zG.exe","TargetFilename":"C:\\Users\\flare\\Downloads\\SysinternalsSuite\\diskext64.exe","ProcessId":"3056","ProcessGuid":"{2D3B23BE-49CF-5BA2-0000-001095020A00}"},"@timestamp":"2018-09-19T13:06:36.296Z","log_name":"Microsoft-Windows-Sysmon/Operational","level":"Informationen","computer_name":"flare-PC","source_name":"Microsoft-Windows-Sysmon","process_id":1304,"provider_guid":"{5770385F-C22A-43E0-BF4C-06F5698FFBD9}","message":"File created:\nRuleName: \nUtcTime: 2018-09-19 13:06:36.296\nProcessGuid: {2D3B23BE-49CF-5BA2-0000-001095020A00}\nProcessId: 3056\nImage: C:\\Program Files\\7-Zip\\7zG.exe\nTargetFilename: C:\\Users\\flare\\Downloads\\SysinternalsSuite\\diskext64.exe\nCreationUtcTime: 2018-09-19 13:06:36.296","@version":"1","beat":{"version":"6.4.0","name":"flare-PC","hostname":"flare-PC"},"tags":["beats_input_codec_plain_applied"],"type":"wineventlog","task":"File created (rule: FileCreate)","record_number":"1069","version":2,"user":{"name":"SYSTEM","identifier":"S-1-5-18","domain":"NT-AUTORITÄT","type":"User"},"host":{"name":"flare-PC"},"event_id":11,"opcode":"Info"}
{"index":{"_index":"winlogbeat-6.4.0-2018.09.19","_type":"doc","_id":"GF_x8WUBfVn9xHWiSTto"}}
{"thread_id":1824,"event_data":{"CreationUtcTime":"2018-09-19 13:06:36.359","UtcTime":"2018-09-19 13:06:36.359","Image":"C:\\Program Files\\7-Zip\\7zG.exe","TargetFilename":"C:\\Users\\flare\\Downloads\\SysinternalsSuite\\ntfsinfo64.exe","ProcessId":"3056","ProcessGuid":"{2D3B23BE-49CF-5BA2-0000-001095020A00}"},"@timestamp":"2018-09-19T13:06:36.359Z","log_name":"Microsoft-Windows-Sysmon/Operational","level":"Informationen","computer_name":"flare-PC","source_name":"Microsoft-Windows-Sysmon","process_id":1304,"@version":"1","message":"File created:\nRuleName: \nUtcTime: 2018-09-19 13:06:36.359\nProcessGuid: {2D3B23BE-49CF-5BA2-0000-001095020A00}\nProcessId: 3056\nImage: C:\\Program Files\\7-Zip\\7zG.exe\nTargetFilename: C:\\Users\\flare\\Downloads\\SysinternalsSuite\\ntfsinfo64.exe\nCreationUtcTime: 2018-09-19 13:06:36.359","provider_guid":"{5770385F-C22A-43E0-BF4C-06F5698FFBD9}","beat":{"version":"6.4.0","name":"flare-PC","hostname":"flare-PC"},"tags":["beats_input_codec_plain_applied"],"task":"File created (rule: FileCreate)","event_id":11,"type":"wineventlog","host":{"name":"flare-PC"},"user":{"name":"SYSTEM","identifier":"S-1-5-18","domain":"NT-AUTORITÄT","type":"User"},"version":2,"record_number":"1085","opcode":"Info"}
{"index":{"_index":"winlogbeat-6.4.0-2018.09.19","_type":"doc","_id":"HV_x8WUBfVn9xHWiSTto"}}
{"thread_id":1824,"event_data":{"CreationUtcTime":"2018-09-19 13:06:36.453","UtcTime":"2018-09-19 13:06:36.453","Image":"C:\\Program Files\\7-Zip\\7zG.exe","TargetFilename":"C:\\Users\\flare\\Downloads\\SysinternalsSuite\\pssuspend64.exe","ProcessId":"3056","ProcessGuid":"{2D3B23BE-49CF-5BA2-0000-001095020A00}"},"@timestamp":"2018-09-19T13:06:36.453Z","log_name":"Microsoft-Windows-Sysmon/Operational","level":"Informationen","computer_name":"flare-PC","source_name":"Microsoft-Windows-Sysmon","process_id":1304,"message":"File created:\nRuleName: \nUtcTime: 2018-09-19 13:06:36.453\nProcessGuid: {2D3B23BE-49CF-5BA2-0000-001095020A00}\nProcessId: 3056\nImage: C:\\Program Files\\7-Zip\\7zG.exe\nTargetFilename: C:\\Users\\flare\\Downloads\\SysinternalsSuite\\pssuspend64.exe\nCreationUtcTime: 2018-09-19 13:06:36.453","@version":"1","provider_guid":"{5770385F-C22A-43E0-BF4C-06F5698FFBD9}","beat":{"version":"6.4.0","name":"flare-PC","hostname":"flare-PC"},"tags":["beats_input_codec_plain_applied"],"type":"wineventlog","event_id":11,"record_number":"1105","version":2,"host":{"name":"flare-PC"},"user":{"name":"SYSTEM","identifier":"S-1-5-18","type":"User","domain":"NT-AUTORITÄT"},"task":"File created (rule: FileCreate)","opcode":"Info"}
{"index":{"_index":"winlogbeat-6.4.0-2018.09.19","_type":"doc","_id":"Hl_x8WUBfVn9xHWiSTto"}}
{"thread_id":1824,"event_data":{"CreationUtcTime":"2018-09-19 13:06:36.453","UtcTime":"2018-09-19 13:06:36.453","Image":"C:\\Program Files\\7-Zip\\7zG.exe","TargetFilename":"C:\\Users\\flare\\Downloads\\SysinternalsSuite\\streams64.exe","ProcessId":"3056","ProcessGuid":"{2D3B23BE-49CF-5BA2-0000-001095020A00}"},"@timestamp":"2018-09-19T13:06:36.453Z","log_name":"Microsoft-Windows-Sysmon/Operational","level":"Informationen","computer_name":"flare-PC","source_name":"Microsoft-Windows-Sysmon","process_id":1304,"message":"File created:\nRuleName: \nUtcTime: 2018-09-19 13:06:36.453\nProcessGuid: {2D3B23BE-49CF-5BA2-0000-001095020A00}\nProcessId: 3056\nImage: C:\\Program Files\\7-Zip\\7zG.exe\nTargetFilename: C:\\Users\\flare\\Downloads\\SysinternalsSuite\\streams64.exe\nCreationUtcTime: 2018-09-19 13:06:36.453","@version":"1","provider_guid":"{5770385F-C22A-43E0-BF4C-06F5698FFBD9}","beat":{"version":"6.4.0","name":"flare-PC","hostname":"flare-PC"},"tags":["beats_input_codec_plain_applied"],"task":"File created (rule: FileCreate)","event_id":11,"type":"wineventlog","version":2,"user":{"domain":"NT-AUTORITÄT","identifier":"S-1-5-18","type":"User","name":"SYSTEM"},"host":{"name":"flare-PC"},"record_number":"1109","opcode":"Info"}
{"index":{"_index":"winlogbeat-6.4.0-2018.09.19","_type":"doc","_id":"Il_x8WUBfVn9xHWiSTto"}}
{"thread_id":1824,"event_data":{"CreationUtcTime":"2018-09-19 13:06:36.515","UtcTime":"2018-09-19 13:06:36.515","Image":"C:\\Program Files\\7-Zip\\7zG.exe","TargetFilename":"C:\\Users\\flare\\Downloads\\SysinternalsSuite\\Testlimit.exe","ProcessId":"3056","ProcessGuid":"{2D3B23BE-49CF-5BA2-0000-001095020A00}"},"@timestamp":"2018-09-19T13:06:36.515Z","log_name":"Microsoft-Windows-Sysmon/Operational","level":"Informationen","computer_name":"flare-PC","source_name":"Microsoft-Windows-Sysmon","process_id":1304,"message":"File created:\nRuleName: \nUtcTime: 2018-09-19 13:06:36.515\nProcessGuid: {2D3B23BE-49CF-5BA2-0000-001095020A00}\nProcessId: 3056\nImage: C:\\Program Files\\7-Zip\\7zG.exe\nTargetFilename: C:\\Users\\flare\\Downloads\\SysinternalsSuite\\Testlimit.exe\nCreationUtcTime: 2018-09-19 13:06:36.515","@version":"1","provider_guid":"{5770385F-C22A-43E0-BF4C-06F5698FFBD9}","beat":{"version":"6.4.0","name":"flare-PC","hostname":"flare-PC"},"tags":["beats_input_codec_plain_applied"],"type":"wineventlog","record_number":"1125","task":"File created (rule: FileCreate)","version":2,"user":{"name":"SYSTEM","domain":"NT-AUTORITÄT","type":"User","identifier":"S-1-5-18"},"event_id":11,"host":{"name":"flare-PC"},"opcode":"Info"}
{"index":{"_index":"winlogbeat-6.4.0-2018.09.19","_type":"doc","_id":"I1_x8WUBfVn9xHWiSTto"}}
{"thread_id":1824,"event_data":{"CreationUtcTime":"2018-09-19 13:06:36.564","UtcTime":"2018-09-19 13:06:36.564","Image":"C:\\Program Files\\7-Zip\\7zG.exe","TargetFilename":"C:\\Users\\flare\\Downloads\\SysinternalsSuite\\procexp.chm","ProcessId":"3056","ProcessGuid":"{2D3B23BE-49CF-5BA2-0000-001095020A00}"},"@timestamp":"2018-09-19T13:06:36.564Z","log_name":"Microsoft-Windows-Sysmon/Operational","level":"Informationen","computer_name":"flare-PC","source_name":"Microsoft-Windows-Sysmon","process_id":1304,"@version":"1","message":"File created:\nRuleName: \nUtcTime: 2018-09-19 13:06:36.564\nProcessGuid: {2D3B23BE-49CF-5BA2-0000-001095020A00}\nProcessId: 3056\nImage: C:\\Program Files\\7-Zip\\7zG.exe\nTargetFilename: C:\\Users\\flare\\Downloads\\SysinternalsSuite\\procexp.chm\nCreationUtcTime: 2018-09-19 13:06:36.564","provider_guid":"{5770385F-C22A-43E0-BF4C-06F5698FFBD9}","beat":{"version":"6.4.0","name":"flare-PC","hostname":"flare-PC"},"tags":["beats_input_codec_plain_applied"],"task":"File created (rule: FileCreate)","record_number":"1129","type":"wineventlog","host":{"name":"flare-PC"},"user":{"name":"SYSTEM","identifier":"S-1-5-18","domain":"NT-AUTORITÄT","type":"User"},"event_id":11,"version":2,"opcode":"Info"}
{"index":{"_index":"winlogbeat-6.4.0-2018.09.19","_type":"doc","_id":"JF_x8WUBfVn9xHWiSTto"}}
{"thread_id":1824,"event_data":{"CreationUtcTime":"2018-09-19 13:06:36.580","UtcTime":"2018-09-19 13:06:36.580","Image":"C:\\Program Files\\7-Zip\\7zG.exe","TargetFilename":"C:\\Users\\flare\\Downloads\\SysinternalsSuite\\livekd64.exe","ProcessId":"3056","ProcessGuid":"{2D3B23BE-49CF-5BA2-0000-001095020A00}"},"@timestamp":"2018-09-19T13:06:36.580Z","log_name":"Microsoft-Windows-Sysmon/Operational","level":"Informationen","computer_name":"flare-PC","source_name":"Microsoft-Windows-Sysmon","process_id":1304,"message":"File created:\nRuleName: \nUtcTime: 2018-09-19 13:06:36.580\nProcessGuid: {2D3B23BE-49CF-5BA2-0000-001095020A00}\nProcessId: 3056\nImage: C:\\Program Files\\7-Zip\\7zG.exe\nTargetFilename: C:\\Users\\flare\\Downloads\\SysinternalsSuite\\livekd64.exe\nCreationUtcTime: 2018-09-19 13:06:36.580","@version":"1","provider_guid":"{5770385F-C22A-43E0-BF4C-06F5698FFBD9}","beat":{"version":"6.4.0","name":"flare-PC","hostname":"flare-PC"},"tags":["beats_input_codec_plain_applied"],"type":"wineventlog","record_number":"1133","task":"File created (rule: FileCreate)","version":2,"host":{"name":"flare-PC"},"user":{"domain":"NT-AUTORITÄT","identifier":"S-1-5-18","type":"User","name":"SYSTEM"},"event_id":11,"opcode":"Info"}
{"index":{"_index":"winlogbeat-6.4.0-2018.09.19","_type":"doc","_id":"Jl_x8WUBfVn9xHWiSTto"}}
{"thread_id":1824,"event_data":{"CreationUtcTime":"2018-09-19 13:06:36.611","UtcTime":"2018-09-19 13:06:36.611","Image":"C:\\Program Files\\7-Zip\\7zG.exe","TargetFilename":"C:\\Users\\flare\\Downloads\\SysinternalsSuite\\accesschk64.exe","ProcessId":"3056","ProcessGuid":"{2D3B23BE-49CF-5BA2-0000-001095020A00}"},"@timestamp":"2018-09-19T13:06:36.611Z","log_name":"Microsoft-Windows-Sysmon/Operational","level":"Informationen","computer_name":"flare-PC","source_name":"Microsoft-Windows-Sysmon","process_id":1304,"@version":"1","provider_guid":"{5770385F-C22A-43E0-BF4C-06F5698FFBD9}","message":"File created:\nRuleName: \nUtcTime: 2018-09-19 13:06:36.611\nProcessGuid: {2D3B23BE-49CF-5BA2-0000-001095020A00}\nProcessId: 3056\nImage: C:\\Program Files\\7-Zip\\7zG.exe\nTargetFilename: C:\\Users\\flare\\Downloads\\SysinternalsSuite\\accesschk64.exe\nCreationUtcTime: 2018-09-19 13:06:36.611","beat":{"version":"6.4.0","name":"flare-PC","hostname":"flare-PC"},"tags":["beats_input_codec_plain_applied"],"type":"wineventlog","event_id":11,"record_number":"1141","host":{"name":"flare-PC"},"version":2,"task":"File created (rule: FileCreate)","user":{"name":"SYSTEM","identifier":"S-1-5-18","domain":"NT-AUTORITÄT","type":"User"},"opcode":"Info"}
{"index":{"_index":"winlogbeat-6.4.0-2018.09.19","_type":"doc","_id":"Ml_x8WUBfVn9xHWiSTtr"}}
{"thread_id":1824,"event_data":{"CreationUtcTime":"2018-09-19 13:06:36.171","UtcTime":"2018-09-19 13:06:36.171","Image":"C:\\Program Files\\7-Zip\\7zG.exe","TargetFilename":"C:\\Users\\flare\\Downloads\\SysinternalsSuite\\PORTMON.HLP","ProcessId":"3056","ProcessGuid":"{2D3B23BE-49CF-5BA2-0000-001095020A00}"},"@timestamp":"2018-09-19T13:06:36.171Z","log_name":"Microsoft-Windows-Sysmon/Operational","level":"Informationen","computer_name":"flare-PC","source_name":"Microsoft-Windows-Sysmon","process_id":1304,"message":"File created:\nRuleName: \nUtcTime: 2018-09-19 13:06:36.171\nProcessGuid: {2D3B23BE-49CF-5BA2-0000-001095020A00}\nProcessId: 3056\nImage: C:\\Program Files\\7-Zip\\7zG.exe\nTargetFilename: C:\\Users\\flare\\Downloads\\SysinternalsSuite\\PORTMON.HLP\nCreationUtcTime: 2018-09-19 13:06:36.171","@version":"1","provider_guid":"{5770385F-C22A-43E0-BF4C-06F5698FFBD9}","beat":{"version":"6.4.0","name":"flare-PC","hostname":"flare-PC"},"tags":["beats_input_codec_plain_applied"],"type":"wineventlog","event_id":11,"record_number":"1044","version":2,"user":{"domain":"NT-AUTORITÄT","identifier":"S-1-5-18","type":"User","name":"SYSTEM"},"task":"File created (rule: FileCreate)","host":{"name":"flare-PC"},"opcode":"Info"}
{"index":{"_index":"winlogbeat-6.4.0-2018.09.19","_type":"doc","_id":"Nl_x8WUBfVn9xHWiSTtr"}}
{"thread_id":1824,"event_data":{"CreationUtcTime":"2018-09-19 13:06:36.234","UtcTime":"2018-09-19 13:06:36.234","Image":"C:\\Program Files\\7-Zip\\7zG.exe","TargetFilename":"C:\\Users\\flare\\Downloads\\SysinternalsSuite\\Vmmap.chm","ProcessId":"3056","ProcessGuid":"{2D3B23BE-49CF-5BA2-0000-001095020A00}"},"@timestamp":"2018-09-19T13:06:36.234Z","log_name":"Microsoft-Windows-Sysmon/Operational","level":"Informationen","computer_name":"flare-PC","source_name":"Microsoft-Windows-Sysmon","process_id":1304,"@version":"1","message":"File created:\nRuleName: \nUtcTime: 2018-09-19 13:06:36.234\nProcessGuid: {2D3B23BE-49CF-5BA2-0000-001095020A00}\nProcessId: 3056\nImage: C:\\Program Files\\7-Zip\\7zG.exe\nTargetFilename: C:\\Users\\flare\\Downloads\\SysinternalsSuite\\Vmmap.chm\nCreationUtcTime: 2018-09-19 13:06:36.234","provider_guid":"{5770385F-C22A-43E0-BF4C-06F5698FFBD9}","beat":{"version":"6.4.0","name":"flare-PC","hostname":"flare-PC"},"tags":["beats_input_codec_plain_applied"],"task":"File created (rule: FileCreate)","event_id":11,"record_number":"1060","version":2,"user":{"name":"SYSTEM","identifier":"S-1-5-18","domain":"NT-AUTORITÄT","type":"User"},"type":"wineventlog","host":{"name":"flare-PC"},"opcode":"Info"}
{"index":{"_index":"winlogbeat-6.4.0-2018.09.19","_type":"doc","_id":"OF_x8WUBfVn9xHWiSTtr"}}
{"thread_id":1824,"event_data":{"CreationUtcTime":"2018-09-19 13:06:36.296","UtcTime":"2018-09-19 13:06:36.296","Image":"C:\\Program Files\\7-Zip\\7zG.exe","TargetFilename":"C:\\Users\\flare\\Downloads\\SysinternalsSuite\\diskext.exe","ProcessId":"3056","ProcessGuid":"{2D3B23BE-49CF-5BA2-0000-001095020A00}"},"@timestamp":"2018-09-19T13:06:36.296Z","log_name":"Microsoft-Windows-Sysmon/Operational","level":"Informationen","computer_name":"flare-PC","source_name":"Microsoft-Windows-Sysmon","process_id":1304,"provider_guid":"{5770385F-C22A-43E0-BF4C-06F5698FFBD9}","message":"File created:\nRuleName: \nUtcTime: 2018-09-19 13:06:36.296\nProcessGuid: {2D3B23BE-49CF-5BA2-0000-001095020A00}\nProcessId: 3056\nImage: C:\\Program Files\\7-Zip\\7zG.exe\nTargetFilename: C:\\Users\\flare\\Downloads\\SysinternalsSuite\\diskext.exe\nCreationUtcTime: 2018-09-19 13:06:36.296","@version":"1","beat":{"version":"6.4.0","name":"flare-PC","hostname":"flare-PC"},"tags":["beats_input_codec_plain_applied"],"task":"File created (rule: FileCreate)","event_id":11,"record_number":"1068","host":{"name":"flare-PC"},"user":{"name":"SYSTEM","identifier":"S-1-5-18","domain":"NT-AUTORITÄT","type":"User"},"version":2,"type":"wineventlog","opcode":"Info"}
{"index":{"_index":"winlogbeat-6.4.0-2018.09.19","_type":"doc","_id":"PV_x8WUBfVn9xHWiSTtr"}}
{"thread_id":1824,"event_data":{"CreationUtcTime":"2018-09-19 13:06:36.359","UtcTime":"2018-09-19 13:06:36.359","Image":"C:\\Program Files\\7-Zip\\7zG.exe","TargetFilename":"C:\\Users\\flare\\Downloads\\SysinternalsSuite\\movefile.exe","ProcessId":"3056","ProcessGuid":"{2D3B23BE-49CF-5BA2-0000-001095020A00}"},"@timestamp":"2018-09-19T13:06:36.359Z","log_name":"Microsoft-Windows-Sysmon/Operational","level":"Informationen","computer_name":"flare-PC","source_name":"Microsoft-Windows-Sysmon","process_id":1304,"message":"File created:\nRuleName: \nUtcTime: 2018-09-19 13:06:36.359\nProcessGuid: {2D3B23BE-49CF-5BA2-0000-001095020A00}\nProcessId: 3056\nImage: C:\\Program Files\\7-Zip\\7zG.exe\nTargetFilename: C:\\Users\\flare\\Downloads\\SysinternalsSuite\\movefile.exe\nCreationUtcTime: 2018-09-19 13:06:36.359","@version":"1","provider_guid":"{5770385F-C22A-43E0-BF4C-06F5698FFBD9}","beat":{"version":"6.4.0","name":"flare-PC","hostname":"flare-PC"},"tags":["beats_input_codec_plain_applied"],"task":"File created (rule: FileCreate)","event_id":11,"type":"wineventlog","version":2,"host":{"name":"flare-PC"},"user":{"name":"SYSTEM","identifier":"S-1-5-18","type":"User","domain":"NT-AUTORITÄT"},"record_number":"1088","opcode":"Info"}
{"index":{"_index":"winlogbeat-6.4.0-2018.09.19","_type":"doc","_id":"Pl_x8WUBfVn9xHWiSTtr"}}
{"thread_id":1824,"event_data":{"CreationUtcTime":"2018-09-19 13:06:36.406","UtcTime":"2018-09-19 13:06:36.406","Image":"C:\\Program Files\\7-Zip\\7zG.exe","TargetFilename":"C:\\Users\\flare\\Downloads\\SysinternalsSuite\\PsExec.exe","ProcessId":"3056","ProcessGuid":"{2D3B23BE-49CF-5BA2-0000-001095020A00}"},"@timestamp":"2018-09-19T13:06:36.406Z","log_name":"Microsoft-Windows-Sysmon/Operational","level":"Informationen","computer_name":"flare-PC","source_name":"Microsoft-Windows-Sysmon","process_id":1304,"message":"File created:\nRuleName: \nUtcTime: 2018-09-19 13:06:36.406\nProcessGuid: {2D3B23BE-49CF-5BA2-0000-001095020A00}\nProcessId: 3056\nImage: C:\\Program Files\\7-Zip\\7zG.exe\nTargetFilename: C:\\Users\\flare\\Downloads\\SysinternalsSuite\\PsExec.exe\nCreationUtcTime: 2018-09-19 13:06:36.406","@version":"1","provider_guid":"{5770385F-C22A-43E0-BF4C-06F5698FFBD9}","beat":{"version":"6.4.0","name":"flare-PC","hostname":"flare-PC"},"tags":["beats_input_codec_plain_applied"],"task":"File created (rule: FileCreate)","event_id":11,"type":"wineventlog","version":2,"record_number":"1092","host":{"name":"flare-PC"},"user":{"name":"SYSTEM","identifier":"S-1-5-18","domain":"NT-AUTORITÄT","type":"User"},"opcode":"Info"}
{"index":{"_index":"winlogbeat-6.4.0-2018.09.19","_type":"doc","_id":"Ql_x8WUBfVn9xHWiSTtr"}}
{"thread_id":1824,"event_data":{"CreationUtcTime":"2018-09-19 13:06:36.453","UtcTime":"2018-09-19 13:06:36.453","Image":"C:\\Program Files\\7-Zip\\7zG.exe","TargetFilename":"C:\\Users\\flare\\Downloads\\SysinternalsSuite\\streams.exe","ProcessId":"3056","ProcessGuid":"{2D3B23BE-49CF-5BA2-0000-001095020A00}"},"@timestamp":"2018-09-19T13:06:36.453Z","log_name":"Microsoft-Windows-Sysmon/Operational","level":"Informationen","computer_name":"flare-PC","source_name":"Microsoft-Windows-Sysmon","process_id":1304,"@version":"1","message":"File created:\nRuleName: \nUtcTime: 2018-09-19 13:06:36.453\nProcessGuid: {2D3B23BE-49CF-5BA2-0000-001095020A00}\nProcessId: 3056\nImage: C:\\Program Files\\7-Zip\\7zG.exe\nTargetFilename: C:\\Users\\flare\\Downloads\\SysinternalsSuite\\streams.exe\nCreationUtcTime: 2018-09-19 13:06:36.453","provider_guid":"{5770385F-C22A-43E0-BF4C-06F5698FFBD9}","beat":{"version":"6.4.0","name":"flare-PC","hostname":"flare-PC"},"tags":["beats_input_codec_plain_applied"],"task":"File created (rule: FileCreate)","event_id":11,"type":"wineventlog","version":2,"user":{"name":"SYSTEM","identifier":"S-1-5-18","type":"User","domain":"NT-AUTORITÄT"},"record_number":"1108","host":{"name":"flare-PC"},"opcode":"Info"}
{"index":{"_index":"winlogbeat-6.4.0-2018.09.19","_type":"doc","_id":"Q1_x8WUBfVn9xHWiSTtr"}}
{"thread_id":1824,"event_data":{"CreationUtcTime":"2018-09-19 13:06:36.468","UtcTime":"2018-09-19 13:06:36.468","Image":"C:\\Program Files\\7-Zip\\7zG.exe","TargetFilename":"C:\\Users\\flare\\Downloads\\SysinternalsSuite\\Volumeid.exe","ProcessId":"3056","ProcessGuid":"{2D3B23BE-49CF-5BA2-0000-001095020A00}"},"@timestamp":"2018-09-19T13:06:36.468Z","log_name":"Microsoft-Windows-Sysmon/Operational","level":"Informationen","computer_name":"flare-PC","source_name":"Microsoft-Windows-Sysmon","process_id":1304,"message":"File created:\nRuleName: \nUtcTime: 2018-09-19 13:06:36.468\nProcessGuid: {2D3B23BE-49CF-5BA2-0000-001095020A00}\nProcessId: 3056\nImage: C:\\Program Files\\7-Zip\\7zG.exe\nTargetFilename: C:\\Users\\flare\\Downloads\\SysinternalsSuite\\Volumeid.exe\nCreationUtcTime: 2018-09-19 13:06:36.468","@version":"1","provider_guid":"{5770385F-C22A-43E0-BF4C-06F5698FFBD9}","beat":{"version":"6.4.0","name":"flare-PC","hostname":"flare-PC"},"tags":["beats_input_codec_plain_applied"],"type":"wineventlog","record_number":"1112","task":"File created (rule: FileCreate)","version":2,"user":{"name":"SYSTEM","identifier":"S-1-5-18","domain":"NT-AUTORITÄT","type":"User"},"host":{"name":"flare-PC"},"event_id":11,"opcode":"Info"}
{"index":{"_index":"winlogbeat-6.4.0-2018.09.19","_type":"doc","_id":"RV_x8WUBfVn9xHWiSTtr"}}
{"thread_id":1824,"event_data":{"CreationUtcTime":"2018-09-19 13:06:36.500","UtcTime":"2018-09-19 13:06:36.500","Image":"C:\\Program Files\\7-Zip\\7zG.exe","TargetFilename":"C:\\Users\\flare\\Downloads\\SysinternalsSuite\\ru.exe","ProcessId":"3056","ProcessGuid":"{2D3B23BE-49CF-5BA2-0000-001095020A00}"},"@timestamp":"2018-09-19T13:06:36.500Z","log_name":"Microsoft-Windows-Sysmon/Operational","level":"Informationen","computer_name":"flare-PC","source_name":"Microsoft-Windows-Sysmon","process_id":1304,"provider_guid":"{5770385F-C22A-43E0-BF4C-06F5698FFBD9}","message":"File created:\nRuleName: \nUtcTime: 2018-09-19 13:06:36.500\nProcessGuid: {2D3B23BE-49CF-5BA2-0000-001095020A00}\nProcessId: 3056\nImage: C:\\Program Files\\7-Zip\\7zG.exe\nTargetFilename: C:\\Users\\flare\\Downloads\\SysinternalsSuite\\ru.exe\nCreationUtcTime: 2018-09-19 13:06:36.500","@version":"1","beat":{"version":"6.4.0","name":"flare-PC","hostname":"flare-PC"},"tags":["beats_input_codec_plain_applied"],"type":"wineventlog","event_id":11,"task":"File created (rule: FileCreate)","version":2,"user":{"domain":"NT-AUTORITÄT","identifier":"S-1-5-18","type":"User","name":"SYSTEM"},"record_number":"1120","host":{"name":"flare-PC"},"opcode":"Info"}
{"index":{"_index":"winlogbeat-6.4.0-2018.09.19","_type":"doc","_id":"R1_x8WUBfVn9xHWiSTtr"}}
{"thread_id":1824,"event_data":{"CreationUtcTime":"2018-09-19 13:06:36.548","UtcTime":"2018-09-19 13:06:36.548","Image":"C:\\Program Files\\7-Zip\\7zG.exe","TargetFilename":"C:\\Users\\flare\\Downloads\\SysinternalsSuite\\procexp64.exe","ProcessId":"3056","ProcessGuid":"{2D3B23BE-49CF-5BA2-0000-001095020A00}"},"@timestamp":"2018-09-19T13:06:36.548Z","log_name":"Microsoft-Windows-Sysmon/Operational","level":"Informationen","computer_name":"flare-PC","source_name":"Microsoft-Windows-Sysmon","process_id":1304,"provider_guid":"{5770385F-C22A-43E0-BF4C-06F5698FFBD9}","message":"File created:\nRuleName: \nUtcTime: 2018-09-19 13:06:36.548\nProcessGuid: {2D3B23BE-49CF-5BA2-0000-001095020A00}\nProcessId: 3056\nImage: C:\\Program Files\\7-Zip\\7zG.exe\nTargetFilename: C:\\Users\\flare\\Downloads\\SysinternalsSuite\\procexp64.exe\nCreationUtcTime: 2018-09-19 13:06:36.548","@version":"1","beat":{"version":"6.4.0","name":"flare-PC","hostname":"flare-PC"},"tags":["beats_input_codec_plain_applied"],"task":"File created (rule: FileCreate)","event_id":11,"record_number":"1128","type":"wineventlog","user":{"name":"SYSTEM","identifier":"S-1-5-18","domain":"NT-AUTORITÄT","type":"User"},"host":{"name":"flare-PC"},"version":2,"opcode":"Info"}
{"index":{"_index":"winlogbeat-6.4.0-2018.09.19","_type":"doc","_id":"SV_x8WUBfVn9xHWiSTtr"}}
{"thread_id":1824,"event_data":{"CreationUtcTime":"2018-09-19 13:06:36.595","UtcTime":"2018-09-19 13:06:36.595","Image":"C:\\Program Files\\7-Zip\\7zG.exe","TargetFilename":"C:\\Users\\flare\\Downloads\\SysinternalsSuite\\notmyfaultc.exe","ProcessId":"3056","ProcessGuid":"{2D3B23BE-49CF-5BA2-0000-001095020A00}"},"@timestamp":"2018-09-19T13:06:36.595Z","log_name":"Microsoft-Windows-Sysmon/Operational","level":"Informationen","computer_name":"flare-PC","source_name":"Microsoft-Windows-Sysmon","process_id":1304,"message":"File created:\nRuleName: \nUtcTime: 2018-09-19 13:06:36.595\nProcessGuid: {2D3B23BE-49CF-5BA2-0000-001095020A00}\nProcessId: 3056\nImage: C:\\Program Files\\7-Zip\\7zG.exe\nTargetFilename: C:\\Users\\flare\\Downloads\\SysinternalsSuite\\notmyfaultc.exe\nCreationUtcTime: 2018-09-19 13:06:36.595","@version":"1","provider_guid":"{5770385F-C22A-43E0-BF4C-06F5698FFBD9}","beat":{"version":"6.4.0","name":"flare-PC","hostname":"flare-PC"},"tags":["beats_input_codec_plain_applied"],"task":"File created (rule: FileCreate)","event_id":11,"record_number":"1136","host":{"name":"flare-PC"},"version":2,"user":{"domain":"NT-AUTORITÄT","identifier":"S-1-5-18","type":"User","name":"SYSTEM"},"type":"wineventlog","opcode":"Info"}
{"index":{"_index":"winlogbeat-6.4.0-2018.09.19","_type":"doc","_id":"TV_x8WUBfVn9xHWiSTtr"}}
{"thread_id":1824,"event_data":{"CreationUtcTime":"2018-09-19 13:06:36.736","UtcTime":"2018-09-19 13:06:36.736","Image":"C:\\Program Files\\7-Zip\\7zG.exe","TargetFilename":"C:\\Users\\flare\\Downloads\\SysinternalsSuite\\Procmon.exe","ProcessId":"3056","ProcessGuid":"{2D3B23BE-49CF-5BA2-0000-001095020A00}"},"@timestamp":"2018-09-19T13:06:36.736Z","log_name":"Microsoft-Windows-Sysmon/Operational","level":"Informationen","computer_name":"flare-PC","source_name":"Microsoft-Windows-Sysmon","process_id":1304,"message":"File created:\nRuleName: \nUtcTime: 2018-09-19 13:06:36.736\nProcessGuid: {2D3B23BE-49CF-5BA2-0000-001095020A00}\nProcessId: 3056\nImage: C:\\Program Files\\7-Zip\\7zG.exe\nTargetFilename: C:\\Users\\flare\\Downloads\\SysinternalsSuite\\Procmon.exe\nCreationUtcTime: 2018-09-19 13:06:36.736","@version":"1","provider_guid":"{5770385F-C22A-43E0-BF4C-06F5698FFBD9}","beat":{"version":"6.4.0","name":"flare-PC","hostname":"flare-PC"},"tags":["beats_input_codec_plain_applied"],"type":"wineventlog","event_id":11,"task":"File created (rule: FileCreate)","version":2,"user":{"name":"SYSTEM","identifier":"S-1-5-18","domain":"NT-AUTORITÄT","type":"User"},"host":{"name":"flare-PC"},"record_number":"1152","opcode":"Info"}
{"index":{"_index":"winlogbeat-6.4.0-2018.09.19","_type":"doc","_id":"U1_x8WUBfVn9xHWiSTtt"}}
{"thread_id":1824,"event_data":{"CreationUtcTime":"2018-09-19 13:06:36.014","UtcTime":"2018-09-19 13:06:36.014","Image":"C:\\Program Files\\7-Zip\\7zG.exe","TargetFilename":"C:\\Users\\flare\\Downloads\\SysinternalsSuite\\Dbgview.exe","ProcessId":"3056","ProcessGuid":"{2D3B23BE-49CF-5BA2-0000-001095020A00}"},"@timestamp":"2018-09-19T13:06:36.014Z","log_name":"Microsoft-Windows-Sysmon/Operational","level":"Informationen","computer_name":"flare-PC","source_name":"Microsoft-Windows-Sysmon","process_id":1304,"message":"File created:\nRuleName: \nUtcTime: 2018-09-19 13:06:36.014\nProcessGuid: {2D3B23BE-49CF-5BA2-0000-001095020A00}\nProcessId: 3056\nImage: C:\\Program Files\\7-Zip\\7zG.exe\nTargetFilename: C:\\Users\\flare\\Downloads\\SysinternalsSuite\\Dbgview.exe\nCreationUtcTime: 2018-09-19 13:06:36.014","@version":"1","provider_guid":"{5770385F-C22A-43E0-BF4C-06F5698FFBD9}","beat":{"version":"6.4.0","name":"flare-PC","hostname":"flare-PC"},"tags":["beats_input_codec_plain_applied"],"task":"File created (rule: FileCreate)","event_id":11,"type":"wineventlog","version":2,"user":{"name":"SYSTEM","identifier":"S-1-5-18","domain":"NT-AUTORITÄT","type":"User"},"host":{"name":"flare-PC"},"record_number":"1030","opcode":"Info"}
{"index":{"_index":"winlogbeat-6.4.0-2018.09.19","_type":"doc","_id":"VF_x8WUBfVn9xHWiSTtt"}}
{"thread_id":1824,"event_data":{"CreationUtcTime":"2018-09-19 13:06:36.108","UtcTime":"2018-09-19 13:06:36.108","Image":"C:\\Program Files\\7-Zip\\7zG.exe","TargetFilename":"C:\\Users\\flare\\Downloads\\SysinternalsSuite\\Diskmon.exe","ProcessId":"3056","ProcessGuid":"{2D3B23BE-49CF-5BA2-0000-001095020A00}"},"@timestamp":"2018-09-19T13:06:36.108Z","log_name":"Microsoft-Windows-Sysmon/Operational","level":"Informationen","computer_name":"flare-PC","source_name":"Microsoft-Windows-Sysmon","process_id":1304,"provider_guid":"{5770385F-C22A-43E0-BF4C-06F5698FFBD9}","message":"File created:\nRuleName: \nUtcTime: 2018-09-19 13:06:36.108\nProcessGuid: {2D3B23BE-49CF-5BA2-0000-001095020A00}\nProcessId: 3056\nImage: C:\\Program Files\\7-Zip\\7zG.exe\nTargetFilename: C:\\Users\\flare\\Downloads\\SysinternalsSuite\\Diskmon.exe\nCreationUtcTime: 2018-09-19 13:06:36.108","@version":"1","beat":{"version":"6.4.0","name":"flare-PC","hostname":"flare-PC"},"tags":["beats_input_codec_plain_applied"],"type":"wineventlog","task":"File created (rule: FileCreate)","record_number":"1034","event_id":11,"user":{"name":"SYSTEM","identifier":"S-1-5-18","domain":"NT-AUTORITÄT","type":"User"},"version":2,"host":{"name":"flare-PC"},"opcode":"Info"}
{"index":{"_index":"winlogbeat-6.4.0-2018.09.19","_type":"doc","_id":"VV_x8WUBfVn9xHWiSTtt"}}
{"thread_id":1824,"event_data":{"CreationUtcTime":"2018-09-19 13:06:36.155","UtcTime":"2018-09-19 13:06:36.155","Image":"C:\\Program Files\\7-Zip\\7zG.exe","TargetFilename":"C:\\Users\\flare\\Downloads\\SysinternalsSuite\\efsdump.exe","ProcessId":"3056","ProcessGuid":"{2D3B23BE-49CF-5BA2-0000-001095020A00}"},"@timestamp":"2018-09-19T13:06:36.155Z","log_name":"Microsoft-Windows-Sysmon/Operational","level":"Informationen","computer_name":"flare-PC","source_name":"Microsoft-Windows-Sysmon","process_id":1304,"message":"File created:\nRuleName: \nUtcTime: 2018-09-19 13:06:36.155\nProcessGuid: {2D3B23BE-49CF-5BA2-0000-001095020A00}\nProcessId: 3056\nImage: C:\\Program Files\\7-Zip\\7zG.exe\nTargetFilename: C:\\Users\\flare\\Downloads\\SysinternalsSuite\\efsdump.exe\nCreationUtcTime: 2018-09-19 13:06:36.155","@version":"1","provider_guid":"{5770385F-C22A-43E0-BF4C-06F5698FFBD9}","beat":{"version":"6.4.0","name":"flare-PC","hostname":"flare-PC"},"tags":["beats_input_codec_plain_applied"],"type":"wineventlog","event_id":11,"task":"File created (rule: FileCreate)","host":{"name":"flare-PC"},"user":{"name":"SYSTEM","identifier":"S-1-5-18","type":"User","domain":"NT-AUTORITÄT"},"version":2,"record_number":"1038","opcode":"Info"}
{"index":{"_index":"winlogbeat-6.4.0-2018.09.19","_type":"doc","_id":"Vl_x8WUBfVn9xHWiSTtt"}}
{"thread_id":1824,"event_data":{"CreationUtcTime":"2018-09-19 13:06:36.171","UtcTime":"2018-09-19 13:06:36.171","Image":"C:\\Program Files\\7-Zip\\7zG.exe","TargetFilename":"C:\\Users\\flare\\Downloads\\SysinternalsSuite\\PORTMON.CNT","ProcessId":"3056","ProcessGuid":"{2D3B23BE-49CF-5BA2-0000-001095020A00}"},"@timestamp":"2018-09-19T13:06:36.171Z","log_name":"Microsoft-Windows-Sysmon/Operational","level":"Informationen","computer_name":"flare-PC","source_name":"Microsoft-Windows-Sysmon","process_id":1304,"message":"File created:\nRuleName: \nUtcTime: 2018-09-19 13:06:36.171\nProcessGuid: {2D3B23BE-49CF-5BA2-0000-001095020A00}\nProcessId: 3056\nImage: C:\\Program Files\\7-Zip\\7zG.exe\nTargetFilename: C:\\Users\\flare\\Downloads\\SysinternalsSuite\\PORTMON.CNT\nCreationUtcTime: 2018-09-19 13:06:36.171","@version":"1","provider_guid":"{5770385F-C22A-43E0-BF4C-06F5698FFBD9}","beat":{"version":"6.4.0","name":"flare-PC","hostname":"flare-PC"},"tags":["beats_input_codec_plain_applied"],"type":"wineventlog","event_id":11,"task":"File created (rule: FileCreate)","host":{"name":"flare-PC"},"user":{"name":"SYSTEM","identifier":"S-1-5-18","type":"User","domain":"NT-AUTORITÄT"},"record_number":"1042","version":2,"opcode":"Info"}
{"index":{"_index":"winlogbeat-6.4.0-2018.09.19","_type":"doc","_id":"YV_x8WUBfVn9xHWiSTtt"}}
{"thread_id":1824,"event_data":{"CreationUtcTime":"2018-09-19 13:06:36.359","UtcTime":"2018-09-19 13:06:36.359","Image":"C:\\Program Files\\7-Zip\\7zG.exe","TargetFilename":"C:\\Users\\flare\\Downloads\\SysinternalsSuite\\pendmoves.exe","ProcessId":"3056","ProcessGuid":"{2D3B23BE-49CF-5BA2-0000-001095020A00}"},"@timestamp":"2018-09-19T13:06:36.359Z","log_name":"Microsoft-Windows-Sysmon/Operational","level":"Informationen","computer_name":"flare-PC","source_name":"Microsoft-Windows-Sysmon","process_id":1304,"@version":"1","provider_guid":"{5770385F-C22A-43E0-BF4C-06F5698FFBD9}","message":"File created:\nRuleName: \nUtcTime: 2018-09-19 13:06:36.359\nProcessGuid: {2D3B23BE-49CF-5BA2-0000-001095020A00}\nProcessId: 3056\nImage: C:\\Program Files\\7-Zip\\7zG.exe\nTargetFilename: C:\\Users\\flare\\Downloads\\SysinternalsSuite\\pendmoves.exe\nCreationUtcTime: 2018-09-19 13:06:36.359","beat":{"version":"6.4.0","name":"flare-PC","hostname":"flare-PC"},"tags":["beats_input_codec_plain_applied"],"task":"File created (rule: FileCreate)","type":"wineventlog","event_id":11,"version":2,"user":{"name":"SYSTEM","identifier":"S-1-5-18","type":"User","domain":"NT-AUTORITÄT"},"host":{"name":"flare-PC"},"record_number":"1086","opcode":"Info"}
{"index":{"_index":"winlogbeat-6.4.0-2018.09.19","_type":"doc","_id":"Yl_x8WUBfVn9xHWiSTtt"}}
{"thread_id":1824,"event_data":{"CreationUtcTime":"2018-09-19 13:06:36.359","UtcTime":"2018-09-19 13:06:36.359","Image":"C:\\Program Files\\7-Zip\\7zG.exe","TargetFilename":"C:\\Users\\flare\\Downloads\\SysinternalsSuite\\pipelist.exe","ProcessId":"3056","ProcessGuid":"{2D3B23BE-49CF-5BA2-0000-001095020A00}"},"@timestamp":"2018-09-19T13:06:36.359Z","log_name":"Microsoft-Windows-Sysmon/Operational","level":"Informationen","computer_name":"flare-PC","source_name":"Microsoft-Windows-Sysmon","process_id":1304,"message":"File created:\nRuleName: \nUtcTime: 2018-09-19 13:06:36.359\nProcessGuid: {2D3B23BE-49CF-5BA2-0000-001095020A00}\nProcessId: 3056\nImage: C:\\Program Files\\7-Zip\\7zG.exe\nTargetFilename: C:\\Users\\flare\\Downloads\\SysinternalsSuite\\pipelist.exe\nCreationUtcTime: 2018-09-19 13:06:36.359","@version":"1","provider_guid":"{5770385F-C22A-43E0-BF4C-06F5698FFBD9}","beat":{"version":"6.4.0","name":"flare-PC","hostname":"flare-PC"},"tags":["beats_input_codec_plain_applied"],"type":"wineventlog","record_number":"1090","task":"File created (rule: FileCreate)","host":{"name":"flare-PC"},"user":{"name":"SYSTEM","identifier":"S-1-5-18","domain":"NT-AUTORITÄT","type":"User"},"version":2,"event_id":11,"opcode":"Info"}
