{"index":{"_index":"winlogbeat-6.4.0-2018.09.19","_type":"doc","_id":"8F_z8WUBfVn9xHWi3juY"}}
{"thread_id":1824,"event_data":{"LogonId":"0xe320","Product":"Betriebssystem Microsoft® Windows®","User":"flare-PC\\flare","Image":"C:\\Windows\\SysWOW64\\systeminfo.exe","Description":"Zeigt Systeminformationen an","UtcTime":"2018-09-19 13:09:20.674","Hashes":"MD5=258B2ED54FC7F74E2FDCCE5861549C1A,SHA256=DCE2C5EA1DA23E63EEFF2620141FBC2CA45FC4A64F40AF89E722F4B5FAFED27C","FileVersion":"6.1.7600.16385 (win7_rtm.090713-1255)","ParentImage":"C:\\Program Files (x86)\\Python27\\python.exe","ParentCommandLine":"\"C:\\Program Files (x86)\\Python27\\python.exe\"  C:\\Users\\flare\\Downloads\\RTA-master\\red_ttp\\enum_commands.py","LogonGuid":"{2D3B23BE-45CC-5BA2-0000-002020E30000}","CommandLine":"systeminfo.exe","ParentProcessId":"2304","ProcessId":"3684","Company":"Microsoft Corporation","CurrentDirectory":"C:\\Users\\flare\\Downloads\\RTA-master\\","TerminalSessionId":"1","IntegrityLevel":"Medium","ParentProcessGuid":"{2D3B23BE-4A74-5BA2-0000-00107B910D00}","ProcessGuid":"{2D3B23BE-4A80-5BA2-0000-0010B04C0E00}"},"@timestamp":"2018-09-19T13:09:20.674Z","log_name":"Microsoft-Windows-Sysmon/Operational","level":"Informationen","computer_name":"flare-PC","source_name":"Microsoft-Windows-Sysmon","process_id":1304,"message":"Process Create:\nRuleName: \nUtcTime: 2018-09-19 13:09:20.674\nProcessGuid: {2D3B23BE-4A80-5BA2-0000-0010B04C0E00}\nProcessId: 3684\nImage: C:\\Windows\\SysWOW64\\systeminfo.exe\nFileVersion: 6.1.7600.16385 (win7_rtm.090713-1255)\nDescription: Zeigt Systeminformationen an\nProduct: Betriebssystem Microsoft® Windows®\nCompany: Microsoft Corporation\nCommandLine: systeminfo.exe\nCurrentDirectory: C:\\Users\\flare\\Downloads\\RTA-master\\\nUser: flare-PC\\flare\nLogonGuid: {2D3B23BE-45CC-5BA2-0000-002020E30000}\nLogonId: 0xe320\nTerminalSessionId: 1\nIntegrityLevel: Medium\nHashes: MD5=258B2ED54FC7F74E2FDCCE5861549C1A,SHA256=DCE2C5EA1DA23E63EEFF2620141FBC2CA45FC4A64F40AF89E722F4B5FAFED27C\nParentProcessGuid: {2D3B23BE-4A74-5BA2-0000-00107B910D00}\nParentProcessId: 2304\nParentImage: C:\\Program Files (x86)\\Python27\\python.exe\nParentCommandLine: \"C:\\Program Files (x86)\\Python27\\python.exe\"  C:\\Users\\flare\\Downloads\\RTA-master\\red_ttp\\enum_commands.py","@version":"1","provider_guid":"{5770385F-C22A-43E0-BF4C-06F5698FFBD9}","beat":{"version":"6.4.0","name":"flare-PC","hostname":"flare-PC"},"tags":["beats_input_codec_plain_applied"],"type":"wineventlog","record_number":"1247","task":"Process Create (rule: ProcessCreate)","version":5,"user":{"name":"SYSTEM","identifier":"S-1-5-18","domain":"NT-AUTORITÄT","type":"User"},"event_id":1,"host":{"name":"flare-PC"},"opcode":"Info"}
{"index":{"_index":"winlogbeat-6.4.0-2018.09.19","_type":"doc","_id":"Kl_18WUBfVn9xHWiaTxF"}}
{"thread_id":1824,"event_data":{"ParentProcessGuid":"{2D3B23BE-4ADE-5BA2-0000-00108D4A1400}","Product":"?","UtcTime":"2018-09-19 13:10:54.744","Hashes":"MD5=6E8B813C218546F9DF6F17F4B97B06EE,SHA256=C7817E6DA74A7AE196EB2D35CE21319ABE3A62CD23AB4DB39FA5138DF7CA1D44","User":"flare-PC\\flare","Image":"C:\\Program Files (x86)\\Python27\\python.exe","Description":"?","ParentImage":"C:\\Windows\\SysWOW64\\cmd.exe","FileVersion":"?","ParentCommandLine":"C:\\Windows\\system32\\cmd.exe /c \"\"C:\\Program Files (x86)\\Python27\\python.exe\" C:\\Users\\flare\\Downloads\\RTA-master\\red_ttp\\msiexec_http_installer.py\"","Company":"?","TerminalSessionId":"1","CurrentDirectory":"C:\\Users\\flare\\Downloads\\RTA-master\\","CommandLine":"\"C:\\Program Files (x86)\\Python27\\python.exe\"  C:\\Users\\flare\\Downloads\\RTA-master\\red_ttp\\msiexec_http_installer.py","LogonId":"0xe320","IntegrityLevel":"Medium","ProcessId":"3448","LogonGuid":"{2D3B23BE-45CC-5BA2-0000-002020E30000}","ParentProcessId":"2808","ProcessGuid":"{2D3B23BE-4ADE-5BA2-0000-0010D64B1400}"},"@timestamp":"2018-09-19T13:10:54.759Z","log_name":"Microsoft-Windows-Sysmon/Operational","level":"Informationen","computer_name":"flare-PC","source_name":"Microsoft-Windows-Sysmon","process_id":1304,"message":"Process Create:\nRuleName: \nUtcTime: 2018-09-19 13:10:54.744\nProcessGuid: {2D3B23BE-4ADE-5BA2-0000-0010D64B1400}\nProcessId: 3448\nImage: C:\\Program Files (x86)\\Python27\\python.exe\nFileVersion: ?\nDescription: ?\nProduct: ?\nCompany: ?\nCommandLine: \"C:\\Program Files (x86)\\Python27\\python.exe\"  C:\\Users\\flare\\Downloads\\RTA-master\\red_ttp\\msiexec_http_installer.py\nCurrentDirectory: C:\\Users\\flare\\Downloads\\RTA-master\\\nUser: flare-PC\\flare\nLogonGuid: {2D3B23BE-45CC-5BA2-0000-002020E30000}\nLogonId: 0xe320\nTerminalSessionId: 1\nIntegrityLevel: Medium\nHashes: MD5=6E8B813C218546F9DF6F17F4B97B06EE,SHA256=C7817E6DA74A7AE196EB2D35CE21319ABE3A62CD23AB4DB39FA5138DF7CA1D44\nParentProcessGuid: {2D3B23BE-4ADE-5BA2-0000-00108D4A1400}\nParentProcessId: 2808\nParentImage: C:\\Windows\\SysWOW64\\cmd.exe\nParentCommandLine: C:\\Windows\\system32\\cmd.exe /c \"\"C:\\Program Files (x86)\\Python27\\python.exe\" C:\\Users\\flare\\Downloads\\RTA-master\\red_ttp\\msiexec_http_installer.py\"","@version":"1","provider_guid":"{5770385F-C22A-43E0-BF4C-06F5698FFBD9}","beat":{"version":"6.4.0","name":"flare-PC","hostname":"flare-PC"},"tags":["beats_input_codec_plain_applied"],"task":"Process Create (rule: ProcessCreate)","event_id":1,"type":"wineventlog","version":5,"user":{"name":"SYSTEM","domain":"NT-AUTORITÄT","type":"User","identifier":"S-1-5-18"},"record_number":"1303","host":{"name":"flare-PC"},"opcode":"Info"}
{"index":{"_index":"winlogbeat-6.4.0-2018.09.19","_type":"doc","_id":"MF_18WUBfVn9xHWicjxS"}}
{"thread_id":1824,"event_data":{"UtcTime":"2018-09-19 13:10:57.520","Image":"C:\\Windows\\system32\\msiexec.exe","Details":"C:\\Windows\\Installer\\13f716.ipi","EventType":"SetValue","TargetObject":"HKLM\\SOFTWARE\\Microsoft\\Windows\\CurrentVersion\\Installer\\InProgress\\(Default)","ProcessId":"172","ProcessGuid":"{2D3B23BE-4AE1-5BA2-0000-0010C9BA1400}"},"@timestamp":"2018-09-19T13:10:57.520Z","log_name":"Microsoft-Windows-Sysmon/Operational","level":"Informationen","computer_name":"flare-PC","source_name":"Microsoft-Windows-Sysmon","process_id":1304,"@version":"1","provider_guid":"{5770385F-C22A-43E0-BF4C-06F5698FFBD9}","message":"Registry value set:\nRuleName: \nEventType: SetValue\nUtcTime: 2018-09-19 13:10:57.520\nProcessGuid: {2D3B23BE-4AE1-5BA2-0000-0010C9BA1400}\nProcessId: 172\nImage: C:\\Windows\\system32\\msiexec.exe\nTargetObject: HKLM\\SOFTWARE\\Microsoft\\Windows\\CurrentVersion\\Installer\\InProgress\\(Default)\nDetails: C:\\Windows\\Installer\\13f716.ipi","beat":{"version":"6.4.0","name":"flare-PC","hostname":"flare-PC"},"tags":["beats_input_codec_plain_applied"],"type":"wineventlog","event_id":13,"record_number":"1307","version":2,"task":"Registry value set (rule: RegistryEvent)","user":{"name":"SYSTEM","domain":"NT-AUTORITÄT","type":"User","identifier":"S-1-5-18"},"host":{"name":"flare-PC"},"opcode":"Info"}
{"index":{"_index":"winlogbeat-6.4.0-2018.09.19","_type":"doc","_id":"Ml_18WUBfVn9xHWicjxS"}}
{"thread_id":3112,"event_data":{"SubjectDomainName":"NT-AUTORITÄT","PrivilegeList":"SeAssignPrimaryTokenPrivilege\n\t\t\tSeTcbPrivilege\n\t\t\tSeSecurityPrivilege\n\t\t\tSeTakeOwnershipPrivilege\n\t\t\tSeLoadDriverPrivilege\n\t\t\tSeBackupPrivilege\n\t\t\tSeRestorePrivilege\n\t\t\tSeDebugPrivilege\n\t\t\tSeAuditPrivilege\n\t\t\tSeSystemEnvironmentPrivilege\n\t\t\tSeImpersonatePrivilege","SubjectUserName":"SYSTEM","SubjectUserSid":"S-1-5-18","SubjectLogonId":"0x3e7"},"@timestamp":"2018-09-19T13:10:57.301Z","keywords":["Überwachung erfolgreich"],"log_name":"Security","level":"Informationen","computer_name":"flare-PC","source_name":"Microsoft-Windows-Security-Auditing","process_id":512,"@version":"1","provider_guid":"{54849625-5478-4994-A5BA-3E3B0328C30D}","message":"Einer neuen Anmeldung wurden besondere Rechte zugewiesen.\n\nAntragsteller:\n\tSicherheits-ID:\t\tS-1-5-18\n\tKontoname:\t\tSYSTEM\n\tKontodomäne:\t\tNT-AUTORITÄT\n\tAnmelde-ID:\t\t0x3e7\n\nBerechtigungen:\t\tSeAssignPrimaryTokenPrivilege\n\t\t\tSeTcbPrivilege\n\t\t\tSeSecurityPrivilege\n\t\t\tSeTakeOwnershipPrivilege\n\t\t\tSeLoadDriverPrivilege\n\t\t\tSeBackupPrivilege\n\t\t\tSeRestorePrivilege\n\t\t\tSeDebugPrivilege\n\t\t\tSeAuditPrivilege\n\t\t\tSeSystemEnvironmentPrivilege\n\t\t\tSeImpersonatePrivilege","beat":{"version":"6.4.0","name":"flare-PC","hostname":"flare-PC"},"tags":["beats_input_codec_plain_applied"],"type":"wineventlog","event_id":4672,"task":"Spezielle Anmeldung","record_number":"16746","host":{"name":"flare-PC"},"opcode":"Info"}
{"index":{"_index":"winlogbeat-6.4.0-2018.09.19","_type":"doc","_id":"NV_18WUBfVn9xHWidjxB"}}
{"event_data":{"param1":"Product: MyAppInstall -- Installation completed successfully.","param5":"(NULL)","param3":"(NULL)","param4":"(NULL)","param6":"(NULL)","param2":"(NULL)","Binary":"7B38443644393141342D303446362D343131372D393732442D3742434338423431363044437D"},"@timestamp":"2018-09-19T13:10:58.000Z","log_name":"Application","keywords":["Klassisch"],"level":"Informationen","computer_name":"flare-PC","source_name":"MsiInstaller","message":"Product: MyAppInstall -- Installation completed successfully.","@version":"1","beat":{"version":"6.4.0","name":"flare-PC","hostname":"flare-PC"},"tags":["beats_input_codec_plain_applied"],"type":"wineventlog","record_number":"2398","event_id":11707,"host":{"name":"flare-PC"},"user":{"name":"flare","domain":"flare-PC","type":"User","identifier":"S-1-5-21-4019173901-3792766986-1456451320-1001"},"opcode":"Info"}
{"index":{"_index":"winlogbeat-6.4.0-2018.09.19","_type":"doc","_id":"PF_18WUBfVn9xHWiejw7"}}
{"thread_id":1824,"event_data":{"UtcTime":"2018-09-19 13:10:58.525","Image":"C:\\Windows\\system32\\msiexec.exe","Details":"http://172.16.100.10:8000/bin/","EventType":"SetValue","TargetObject":"HKLM\\SOFTWARE\\Microsoft\\Windows\\CurrentVersion\\Installer\\UserData\\S-1-5-21-4019173901-3792766986-1456451320-1001\\Products\\4A19D6D86F40711479D2B7CCB81406CD\\InstallProperties\\InstallSource","ProcessId":"172","ProcessGuid":"{2D3B23BE-4AE1-5BA2-0000-0010C9BA1400}"},"@timestamp":"2018-09-19T13:10:58.541Z","log_name":"Microsoft-Windows-Sysmon/Operational","level":"Informationen","computer_name":"flare-PC","source_name":"Microsoft-Windows-Sysmon","process_id":1304,"message":"Registry value set:\nRuleName: \nEventType: SetValue\nUtcTime: 2018-09-19 13:10:58.525\nProcessGuid: {2D3B23BE-4AE1-5BA2-0000-0010C9BA1400}\nProcessId: 172\nImage: C:\\Windows\\system32\\msiexec.exe\nTargetObject: HKLM\\SOFTWARE\\Microsoft\\Windows\\CurrentVersion\\Installer\\UserData\\S-1-5-21-4019173901-3792766986-1456451320-1001\\Products\\4A19D6D86F40711479D2B7CCB81406CD\\InstallProperties\\InstallSource\nDetails: http://172.16.100.10:8000/bin/","@version":"1","provider_guid":"{5770385F-C22A-43E0-BF4C-06F5698FFBD9}","beat":{"version":"6.4.0","name":"flare-PC","hostname":"flare-PC"},"tags":["beats_input_codec_plain_applied"],"task":"Registry value set (rule: RegistryEvent)","record_number":"1310","event_id":13,"version":2,"host":{"name":"flare-PC"},"user":{"name":"SYSTEM","identifier":"S-1-5-18","domain":"NT-AUTORITÄT","type":"User"},"type":"wineventlog","opcode":"Info"}
{"index":{"_index":"winlogbeat-6.4.0-2018.09.19","_type":"doc","_id":"Pl_18WUBfVn9xHWiejw8"}}
{"thread_id":1824,"event_data":{"CreationUtcTime":"2018-09-19 13:10:58.525","UtcTime":"2018-09-19 13:10:58.525","Image":"C:\\Windows\\system32\\msiexec.exe","TargetFilename":"C:\\Users\\flare\\AppData\\Roaming\\MyApp\\MyAppInstall\\myapp.exe","ProcessId":"172","ProcessGuid":"{2D3B23BE-4AE1-5BA2-0000-0010C9BA1400}"},"@timestamp":"2018-09-19T13:10:58.525Z","log_name":"Microsoft-Windows-Sysmon/Operational","level":"Informationen","computer_name":"flare-PC","source_name":"Microsoft-Windows-Sysmon","process_id":1304,"message":"File created:\nRuleName: \nUtcTime: 2018-09-19 13:10:58.525\nProcessGuid: {2D3B23BE-4AE1-5BA2-0000-0010C9BA1400}\nProcessId: 172\nImage: C:\\Windows\\system32\\msiexec.exe\nTargetFilename: C:\\Users\\flare\\AppData\\Roaming\\MyApp\\MyAppInstall\\myapp.exe\nCreationUtcTime: 2018-09-19 13:10:58.525","@version":"1","provider_guid":"{5770385F-C22A-43E0-BF4C-06F5698FFBD9}","beat":{"version":"6.4.0","name":"flare-PC","hostname":"flare-PC"},"tags":["beats_input_codec_plain_applied"],"task":"File created (rule: FileCreate)","event_id":11,"type":"wineventlog","host":{"name":"flare-PC"},"version":2,"user":{"name":"SYSTEM","identifier":"S-1-5-18","type":"User","domain":"NT-AUTORITÄT"},"record_number":"1309","opcode":"Info"}
{"index":{"_index":"winlogbeat-6.4.0-2018.09.19","_type":"doc","_id":"QF_18WUBfVn9xHWiejw8"}}
{"thread_id":3464,"@timestamp":"2018-09-19T13:10:58.731Z","log_name":"Application","user_data":{"xml_name":"RmSessionEvent","UTCStartTime":"2018-09-19T13:10:58.731445300Z","RmSessionId":"0"},"level":"Informationen","computer_name":"flare-PC","source_name":"Microsoft-Windows-RestartManager","process_id":172,"@version":"1","provider_guid":"{0888E5EF-9B98-4695-979D-E92CE4247224}","message":"Sitzung wird gestartet: 0 - ‎2018‎-‎09‎-‎19T13:10:58.731445300Z.","beat":{"version":"6.4.0","name":"flare-PC","hostname":"flare-PC"},"tags":["beats_input_codec_plain_applied"],"type":"wineventlog","event_id":10000,"record_number":"2403","host":{"name":"flare-PC"},"user":{"name":"flare","domain":"flare-PC","type":"User","identifier":"S-1-5-21-4019173901-3792766986-1456451320-1001"},"opcode":"Info"}
{"index":{"_index":"winlogbeat-6.4.0-2018.09.19","_type":"doc","_id":"Al_18WUBfVn9xHWiADx7"}}
{"thread_id":1824,"event_data":{"LogonId":"0xe320","User":"flare-PC\\flare","Product":"Betriebssystem Microsoft® Windows®","Image":"C:\\Windows\\SysWOW64\\sc.exe","Description":"Ein Programm, das die Entwicklung von Diensten in WindowsNT unterstützt","UtcTime":"2018-09-19 13:10:29.849","ParentProcessGuid":"{2D3B23BE-4AC5-5BA2-0000-0010A6C51200}","ParentImage":"C:\\Program Files (x86)\\Python27\\python.exe","FileVersion":"6.1.7600.16385 (win7_rtm.090713-1255)","ParentCommandLine":"\"C:\\Program Files (x86)\\Python27\\python.exe\"  C:\\Users\\flare\\Downloads\\RTA-master\\red_ttp\\lateral_commands.py","Company":"Microsoft Corporation","CommandLine":"sc.exe \\\\172.16.100.10 failure test_service command= c:\\windows\\system32\\net.exe","LogonGuid":"{2D3B23BE-45CC-5BA2-0000-002020E30000}","ParentProcessId":"1148","ProcessId":"1192","IntegrityLevel":"Medium","TerminalSessionId":"1","CurrentDirectory":"C:\\Users\\flare\\Downloads\\RTA-master\\","Hashes":"MD5=D2F7A0ADC2EE0F65AB1F19D2E00C16B8,SHA256=1C2EC0BB83D2AD3F53B0706C46A2604F81F2FC2AFDCF43BE5914CC8F509DD48C","ProcessGuid":"{2D3B23BE-4AC5-5BA2-0000-00101FF51200}"},"@timestamp":"2018-09-19T13:10:29.849Z","log_name":"Microsoft-Windows-Sysmon/Operational","level":"Informationen","computer_name":"flare-PC","source_name":"Microsoft-Windows-Sysmon","process_id":1304,"message":"Process Create:\nRuleName: \nUtcTime: 2018-09-19 13:10:29.849\nProcessGuid: {2D3B23BE-4AC5-5BA2-0000-00101FF51200}\nProcessId: 1192\nImage: C:\\Windows\\SysWOW64\\sc.exe\nFileVersion: 6.1.7600.16385 (win7_rtm.090713-1255)\nDescription: Ein Programm, das die Entwicklung von Diensten in WindowsNT unterstützt\nProduct: Betriebssystem Microsoft® Windows®\nCompany: Microsoft Corporation\nCommandLine: sc.exe \\\\172.16.100.10 failure test_service command= c:\\windows\\system32\\net.exe\nCurrentDirectory: C:\\Users\\flare\\Downloads\\RTA-master\\\nUser: flare-PC\\flare\nLogonGuid: {2D3B23BE-45CC-5BA2-0000-002020E30000}\nLogonId: 0xe320\nTerminalSessionId: 1\nIntegrityLevel: Medium\nHashes: MD5=D2F7A0ADC2EE0F65AB1F19D2E00C16B8,SHA256=1C2EC0BB83D2AD3F53B0706C46A2604F81F2FC2AFDCF43BE5914CC8F509DD48C\nParentProcessGuid: {2D3B23BE-4AC5-5BA2-0000-0010A6C51200}\nParentProcessId: 1148\nParentImage: C:\\Program Files (x86)\\Python27\\python.exe\nParentCommandLine: \"C:\\Program Files (x86)\\Python27\\python.exe\"  C:\\Users\\flare\\Downloads\\RTA-master\\red_ttp\\lateral_commands.py","@version":"1","provider_guid":"{5770385F-C22A-43E0-BF4C-06F5698FFBD9}","beat":{"version":"6.4.0","name":"flare-PC","hostname":"flare-PC"},"tags":["beats_input_codec_plain_applied"],"task":"Process Create (rule: ProcessCreate)","event_id":1,"type":"wineventlog","record_number":"1265","user":{"name":"SYSTEM","identifier":"S-1-5-18","type":"User","domain":"NT-AUTORITÄT"},"version":5,"host":{"name":"flare-PC"},"opcode":"Info"}
{"index":{"_index":"winlogbeat-6.4.0-2018.09.19","_type":"doc","_id":"Cl_18WUBfVn9xHWiADx7"}}
{"thread_id":1824,"event_data":{"LogonId":"0xe320","Product":"Betriebssystem Microsoft® Windows®","ParentProcessGuid":"{2D3B23BE-4AC5-5BA2-0000-0010A6C51200}","Image":"C:\\Windows\\SysWOW64\\whoami.exe","Hashes":"MD5=0EBF71E33EF09CA65D9683AFA999C473,SHA256=599EFD455AEEEFE2044A9B597061F271595033F5D0DF2C99DFDBCA8394BBCEC3","UtcTime":"2018-09-19 13:10:30.380","Description":"whoami - Zeigt Informationen über angemeldete Benutzer an.","ParentImage":"C:\\Program Files (x86)\\Python27\\python.exe","ParentCommandLine":"\"C:\\Program Files (x86)\\Python27\\python.exe\"  C:\\Users\\flare\\Downloads\\RTA-master\\red_ttp\\lateral_commands.py","User":"flare-PC\\flare","TerminalSessionId":"1","CommandLine":"whoami","Company":"Microsoft Corporation","ProcessId":"328","CurrentDirectory":"C:\\Users\\flare\\Downloads\\RTA-master\\","IntegrityLevel":"Medium","LogonGuid":"{2D3B23BE-45CC-5BA2-0000-002020E30000}","ParentProcessId":"1148","FileVersion":"6.1.7600.16385 (win7_rtm.090713-1255)","ProcessGuid":"{2D3B23BE-4AC6-5BA2-0000-0010911D1300}"},"@timestamp":"2018-09-19T13:10:30.380Z","log_name":"Microsoft-Windows-Sysmon/Operational","level":"Informationen","computer_name":"flare-PC","source_name":"Microsoft-Windows-Sysmon","process_id":1304,"message":"Process Create:\nRuleName: \nUtcTime: 2018-09-19 13:10:30.380\nProcessGuid: {2D3B23BE-4AC6-5BA2-0000-0010911D1300}\nProcessId: 328\nImage: C:\\Windows\\SysWOW64\\whoami.exe\nFileVersion: 6.1.7600.16385 (win7_rtm.090713-1255)\nDescription: whoami - Zeigt Informationen über angemeldete Benutzer an.\nProduct: Betriebssystem Microsoft® Windows®\nCompany: Microsoft Corporation\nCommandLine: whoami\nCurrentDirectory: C:\\Users\\flare\\Downloads\\RTA-master\\\nUser: flare-PC\\flare\nLogonGuid: {2D3B23BE-45CC-5BA2-0000-002020E30000}\nLogonId: 0xe320\nTerminalSessionId: 1\nIntegrityLevel: Medium\nHashes: MD5=0EBF71E33EF09CA65D9683AFA999C473,SHA256=599EFD455AEEEFE2044A9B597061F271595033F5D0DF2C99DFDBCA8394BBCEC3\nParentProcessGuid: {2D3B23BE-4AC5-5BA2-0000-0010A6C51200}\nParentProcessId: 1148\nParentImage: C:\\Program Files (x86)\\Python27\\python.exe\nParentCommandLine: \"C:\\Program Files (x86)\\Python27\\python.exe\"  C:\\Users\\flare\\Downloads\\RTA-master\\red_ttp\\lateral_commands.py","@version":"1","provider_guid":"{5770385F-C22A-43E0-BF4C-06F5698FFBD9}","beat":{"version":"6.4.0","name":"flare-PC","hostname":"flare-PC"},"tags":["beats_input_codec_plain_applied"],"type":"wineventlog","task":"Process Create (rule: ProcessCreate)","event_id":1,"version":5,"user":{"domain":"NT-AUTORITÄT","identifier":"S-1-5-18","type":"User","name":"SYSTEM"},"host":{"name":"flare-PC"},"record_number":"1277","opcode":"Info"}
{"index":{"_index":"winlogbeat-6.4.0-2018.09.19","_type":"doc","_id":"D1_18WUBfVn9xHWiADx-"}}
{"thread_id":1824,"event_data":{"ParentProcessGuid":"{2D3B23BE-4AC5-5BA2-0000-0010A6C51200}","User":"flare-PC\\flare","UtcTime":"2018-09-19 13:10:30.333","Product":"Microsoft® Windows® Operating System","Description":"Net Command","Image":"C:\\Windows\\SysWOW64\\net.exe","Hashes":"MD5=B9A4DAC2192FD78CDA097BFA79F6E7B2,SHA256=D468E6B1B79555AC8BCE0300942FD479689EB8F159F3A399848D3BF9B9990A56","ParentImage":"C:\\Program Files (x86)\\Python27\\python.exe","ParentCommandLine":"\"C:\\Program Files (x86)\\Python27\\python.exe\"  C:\\Users\\flare\\Downloads\\RTA-master\\red_ttp\\lateral_commands.py","FileVersion":"6.1.7600.16385 (win7_rtm.090713-1255)","LogonGuid":"{2D3B23BE-45CC-5BA2-0000-002020E30000}","Company":"Microsoft Corporation","CurrentDirectory":"C:\\Users\\flare\\Downloads\\RTA-master\\","CommandLine":"net.exe use \\\\172.16.100.10\\c$","TerminalSessionId":"1","IntegrityLevel":"Medium","ParentProcessId":"1148","ProcessId":"296","LogonId":"0xe320","ProcessGuid":"{2D3B23BE-4AC6-5BA2-0000-0010BB121300}"},"@timestamp":"2018-09-19T13:10:30.333Z","log_name":"Microsoft-Windows-Sysmon/Operational","level":"Informationen","computer_name":"flare-PC","source_name":"Microsoft-Windows-Sysmon","process_id":1304,"@version":"1","message":"Process Create:\nRuleName: \nUtcTime: 2018-09-19 13:10:30.333\nProcessGuid: {2D3B23BE-4AC6-5BA2-0000-0010BB121300}\nProcessId: 296\nImage: C:\\Windows\\SysWOW64\\net.exe\nFileVersion: 6.1.7600.16385 (win7_rtm.090713-1255)\nDescription: Net Command\nProduct: Microsoft® Windows® Operating System\nCompany: Microsoft Corporation\nCommandLine: net.exe use \\\\172.16.100.10\\c$\nCurrentDirectory: C:\\Users\\flare\\Downloads\\RTA-master\\\nUser: flare-PC\\flare\nLogonGuid: {2D3B23BE-45CC-5BA2-0000-002020E30000}\nLogonId: 0xe320\nTerminalSessionId: 1\nIntegrityLevel: Medium\nHashes: MD5=B9A4DAC2192FD78CDA097BFA79F6E7B2,SHA256=D468E6B1B79555AC8BCE0300942FD479689EB8F159F3A399848D3BF9B9990A56\nParentProcessGuid: {2D3B23BE-4AC5-5BA2-0000-0010A6C51200}\nParentProcessId: 1148\nParentImage: C:\\Program Files (x86)\\Python27\\python.exe\nParentCommandLine: \"C:\\Program Files (x86)\\Python27\\python.exe\"  C:\\Users\\flare\\Downloads\\RTA-master\\red_ttp\\lateral_commands.py","provider_guid":"{5770385F-C22A-43E0-BF4C-06F5698FFBD9}","beat":{"version":"6.4.0","name":"flare-PC","hostname":"flare-PC"},"tags":["beats_input_codec_plain_applied"],"task":"Process Create (rule: ProcessCreate)","record_number":"1275","type":"wineventlog","version":5,"host":{"name":"flare-PC"},"user":{"name":"SYSTEM","domain":"NT-AUTORITÄT","type":"User","identifier":"S-1-5-18"},"event_id":1,"opcode":"Info"}
{"index":{"_index":"winlogbeat-6.4.0-2018.09.19","_type":"doc","_id":"EV_18WUBfVn9xHWiADx-"}}
{"thread_id":1824,"event_data":{"ParentProcessGuid":"{2D3B23BE-4AC5-5BA2-0000-0010A6C51200}","User":"flare-PC\\flare","UtcTime":"2018-09-19 13:10:30.608","Hashes":"MD5=DBEA8A418624F9AD51F1B23DC830EF6C,SHA256=8D531A5B16341AD0832F5E5B99812CBE3BC82EC56C6C8A433C3DFE88E517761D","Image":"C:\\Windows\\SysWOW64\\wsmprovhost.exe","Description":"Host process for WinRM plug-ins","LogonId":"0xe320","ParentImage":"C:\\Program Files (x86)\\Python27\\python.exe","ParentCommandLine":"\"C:\\Program Files (x86)\\Python27\\python.exe\"  C:\\Users\\flare\\Downloads\\RTA-master\\red_ttp\\lateral_commands.py","FileVersion":"10.0.14409.1005 (rs1_srvoob.161208-1155)","LogonGuid":"{2D3B23BE-45CC-5BA2-0000-002020E30000}","CommandLine":"C:\\Windows\\system32\\wsmprovhost.exe -Embedding","CurrentDirectory":"C:\\Users\\flare\\Downloads\\RTA-master\\","ProcessId":"2392","Company":"Microsoft Corporation","IntegrityLevel":"Medium","TerminalSessionId":"1","ParentProcessId":"1148","Product":"Microsoft® Windows® Operating System","ProcessGuid":"{2D3B23BE-4AC6-5BA2-0000-00105D2C1300}"},"@timestamp":"2018-09-19T13:10:30.608Z","log_name":"Microsoft-Windows-Sysmon/Operational","level":"Informationen","computer_name":"flare-PC","source_name":"Microsoft-Windows-Sysmon","process_id":1304,"@version":"1","provider_guid":"{5770385F-C22A-43E0-BF4C-06F5698FFBD9}","message":"Process Create:\nRuleName: \nUtcTime: 2018-09-19 13:10:30.608\nProcessGuid: {2D3B23BE-4AC6-5BA2-0000-00105D2C1300}\nProcessId: 2392\nImage: C:\\Windows\\SysWOW64\\wsmprovhost.exe\nFileVersion: 10.0.14409.1005 (rs1_srvoob.161208-1155)\nDescription: Host process for WinRM plug-ins\nProduct: Microsoft® Windows® Operating System\nCompany: Microsoft Corporation\nCommandLine: C:\\Windows\\system32\\wsmprovhost.exe -Embedding\nCurrentDirectory: C:\\Users\\flare\\Downloads\\RTA-master\\\nUser: flare-PC\\flare\nLogonGuid: {2D3B23BE-45CC-5BA2-0000-002020E30000}\nLogonId: 0xe320\nTerminalSessionId: 1\nIntegrityLevel: Medium\nHashes: MD5=DBEA8A418624F9AD51F1B23DC830EF6C,SHA256=8D531A5B16341AD0832F5E5B99812CBE3BC82EC56C6C8A433C3DFE88E517761D\nParentProcessGuid: {2D3B23BE-4AC5-5BA2-0000-0010A6C51200}\nParentProcessId: 1148\nParentImage: C:\\Program Files (x86)\\Python27\\python.exe\nParentCommandLine: \"C:\\Program Files (x86)\\Python27\\python.exe\"  C:\\Users\\flare\\Downloads\\RTA-master\\red_ttp\\lateral_commands.py","beat":{"version":"6.4.0","name":"flare-PC","hostname":"flare-PC"},"tags":["beats_input_codec_plain_applied"],"type":"wineventlog","task":"Process Create (rule: ProcessCreate)","event_id":1,"version":5,"user":{"name":"SYSTEM","identifier":"S-1-5-18","domain":"NT-AUTORITÄT","type":"User"},"host":{"name":"flare-PC"},"record_number":"1283","opcode":"Info"}
{"index":{"_index":"winlogbeat-6.4.0-2018.09.19","_type":"doc","_id":"El_18WUBfVn9xHWiADyC"}}
{"thread_id":1824,"event_data":{"LogonId":"0xe320","User":"flare-PC\\flare","Product":"Betriebssystem Microsoft® Windows®","Hashes":"MD5=AD7B9C14083B52BC532FBA5948342B98,SHA256=17F746D82695FA9B35493B41859D39D786D32B23A9D2E00F4011DEC7A02402AE","UtcTime":"2018-09-19 13:10:29.284","Image":"C:\\Windows\\SysWOW64\\cmd.exe","Description":"Windows-Befehlsprozessor","ParentImage":"C:\\Program Files (x86)\\Python27\\python.exe","ParentCommandLine":"\"C:\\Program Files (x86)\\Python27\\python.exe\" \"C:\\Users\\flare\\Downloads\\RTA-master\\run_all.py\" ","FileVersion":"6.1.7601.17514 (win7sp1_rtm.101119-1850)","TerminalSessionId":"1","LogonGuid":"{2D3B23BE-45CC-5BA2-0000-002020E30000}","CommandLine":"C:\\Windows\\system32\\cmd.exe /c \"\"C:\\Program Files (x86)\\Python27\\python.exe\" C:\\Users\\flare\\Downloads\\RTA-master\\red_ttp\\lateral_commands.py\"","Company":"Microsoft Corporation","ParentProcessId":"3756","IntegrityLevel":"Medium","ProcessId":"172","CurrentDirectory":"C:\\Users\\flare\\Downloads\\RTA-master\\","ParentProcessGuid":"{2D3B23BE-4A1C-5BA2-0000-0010C8100B00}","ProcessGuid":"{2D3B23BE-4AC5-5BA2-0000-001072C41200}"},"@timestamp":"2018-09-19T13:10:29.284Z","log_name":"Microsoft-Windows-Sysmon/Operational","level":"Informationen","computer_name":"flare-PC","source_name":"Microsoft-Windows-Sysmon","process_id":1304,"message":"Process Create:\nRuleName: \nUtcTime: 2018-09-19 13:10:29.284\nProcessGuid: {2D3B23BE-4AC5-5BA2-0000-001072C41200}\nProcessId: 172\nImage: C:\\Windows\\SysWOW64\\cmd.exe\nFileVersion: 6.1.7601.17514 (win7sp1_rtm.101119-1850)\nDescription: Windows-Befehlsprozessor\nProduct: Betriebssystem Microsoft® Windows®\nCompany: Microsoft Corporation\nCommandLine: C:\\Windows\\system32\\cmd.exe /c \"\"C:\\Program Files (x86)\\Python27\\python.exe\" C:\\Users\\flare\\Downloads\\RTA-master\\red_ttp\\lateral_commands.py\"\nCurrentDirectory: C:\\Users\\flare\\Downloads\\RTA-master\\\nUser: flare-PC\\flare\nLogonGuid: {2D3B23BE-45CC-5BA2-0000-002020E30000}\nLogonId: 0xe320\nTerminalSessionId: 1\nIntegrityLevel: Medium\nHashes: MD5=AD7B9C14083B52BC532FBA5948342B98,SHA256=17F746D82695FA9B35493B41859D39D786D32B23A9D2E00F4011DEC7A02402AE\nParentProcessGuid: {2D3B23BE-4A1C-5BA2-0000-0010C8100B00}\nParentProcessId: 3756\nParentImage: C:\\Program Files (x86)\\Python27\\python.exe\nParentCommandLine: \"C:\\Program Files (x86)\\Python27\\python.exe\" \"C:\\Users\\flare\\Downloads\\RTA-master\\run_all.py\" ","@version":"1","provider_guid":"{5770385F-C22A-43E0-BF4C-06F5698FFBD9}","beat":{"version":"6.4.0","name":"flare-PC","hostname":"flare-PC"},"tags":["beats_input_codec_plain_applied"],"task":"Process Create (rule: ProcessCreate)","event_id":1,"record_number":"1260","version":5,"type":"wineventlog","user":{"name":"SYSTEM","domain":"NT-AUTORITÄT","type":"User","identifier":"S-1-5-18"},"host":{"name":"flare-PC"},"opcode":"Info"}
{"index":{"_index":"winlogbeat-6.4.0-2018.09.19","_type":"doc","_id":"E1_18WUBfVn9xHWiADyC"}}
{"thread_id":1824,"event_data":{"LogonId":"0xe320","User":"flare-PC\\flare","Product":"Betriebssystem Microsoft® Windows®","Image":"C:\\Windows\\SysWOW64\\sc.exe","ParentProcessGuid":"{2D3B23BE-4AC5-5BA2-0000-0010A6C51200}","Description":"Ein Programm, das die Entwicklung von Diensten in WindowsNT unterstützt","Hashes":"MD5=D2F7A0ADC2EE0F65AB1F19D2E00C16B8,SHA256=1C2EC0BB83D2AD3F53B0706C46A2604F81F2FC2AFDCF43BE5914CC8F509DD48C","ParentImage":"C:\\Program Files (x86)\\Python27\\python.exe","ParentCommandLine":"\"C:\\Program Files (x86)\\Python27\\python.exe\"  C:\\Users\\flare\\Downloads\\RTA-master\\red_ttp\\lateral_commands.py","FileVersion":"6.1.7600.16385 (win7_rtm.090713-1255)","TerminalSessionId":"1","LogonGuid":"{2D3B23BE-45CC-5BA2-0000-002020E30000}","CurrentDirectory":"C:\\Users\\flare\\Downloads\\RTA-master\\","ParentProcessId":"1148","CommandLine":"sc.exe \\\\172.16.100.10 config test_service binPath= c:\\windows\\system32\\ipconfig.exe","IntegrityLevel":"Medium","Company":"Microsoft Corporation","ProcessId":"3164","UtcTime":"2018-09-19 13:10:29.818","ProcessGuid":"{2D3B23BE-4AC5-5BA2-0000-001064F31200}"},"@timestamp":"2018-09-19T13:10:29.818Z","log_name":"Microsoft-Windows-Sysmon/Operational","level":"Informationen","computer_name":"flare-PC","source_name":"Microsoft-Windows-Sysmon","process_id":1304,"message":"Process Create:\nRuleName: \nUtcTime: 2018-09-19 13:10:29.818\nProcessGuid: {2D3B23BE-4AC5-5BA2-0000-001064F31200}\nProcessId: 3164\nImage: C:\\Windows\\SysWOW64\\sc.exe\nFileVersion: 6.1.7600.16385 (win7_rtm.090713-1255)\nDescription: Ein Programm, das die Entwicklung von Diensten in WindowsNT unterstützt\nProduct: Betriebssystem Microsoft® Windows®\nCompany: Microsoft Corporation\nCommandLine: sc.exe \\\\172.16.100.10 config test_service binPath= c:\\windows\\system32\\ipconfig.exe\nCurrentDirectory: C:\\Users\\flare\\Downloads\\RTA-master\\\nUser: flare-PC\\flare\nLogonGuid: {2D3B23BE-45CC-5BA2-0000-002020E30000}\nLogonId: 0xe320\nTerminalSessionId: 1\nIntegrityLevel: Medium\nHashes: MD5=D2F7A0ADC2EE0F65AB1F19D2E00C16B8,SHA256=1C2EC0BB83D2AD3F53B0706C46A2604F81F2FC2AFDCF43BE5914CC8F509DD48C\nParentProcessGuid: {2D3B23BE-4AC5-5BA2-0000-0010A6C51200}\nParentProcessId: 1148\nParentImage: C:\\Program Files (x86)\\Python27\\python.exe\nParentCommandLine: \"C:\\Program Files (x86)\\Python27\\python.exe\"  C:\\Users\\flare\\Downloads\\RTA-master\\red_ttp\\lateral_commands.py","@version":"1","provider_guid":"{5770385F-C22A-43E0-BF4C-06F5698FFBD9}","beat":{"version":"6.4.0","name":"flare-PC","hostname":"flare-PC"},"tags":["beats_input_codec_plain_applied"],"type":"wineventlog","record_number":"1264","event_id":1,"version":5,"user":{"name":"SYSTEM","identifier":"S-1-5-18","domain":"NT-AUTORITÄT","type":"User"},"task":"Process Create (rule: ProcessCreate)","host":{"name":"flare-PC"},"opcode":"Info"}
{"index":{"_index":"winlogbeat-6.4.0-2018.09.19","_type":"doc","_id":"FF_18WUBfVn9xHWiADyC"}}
{"thread_id":1824,"event_data":{"ParentProcessGuid":"{2D3B23BE-4AC5-5BA2-0000-0010A6C51200}","User":"flare-PC\\flare","Product":"Betriebssystem Microsoft® Windows®","LogonId":"0xe320","Description":"WMI-Befehlszeilendienstprogramm","Hashes":"MD5=A03CF3838775E0801A0894C8BACD2E56,SHA256=132AA270790F56A7524CAB968927ED5E1D91B9A26D4BADCB24E450E7DECC5F81","UtcTime":"2018-09-19 13:10:29.927","ParentImage":"C:\\Program Files (x86)\\Python27\\python.exe","ParentCommandLine":"\"C:\\Program Files (x86)\\Python27\\python.exe\"  C:\\Users\\flare\\Downloads\\RTA-master\\red_ttp\\lateral_commands.py","Image":"C:\\Windows\\SysWOW64\\wbem\\WMIC.exe","LogonGuid":"{2D3B23BE-45CC-5BA2-0000-002020E30000}","CommandLine":"wmic.exe /node:172.16.100.10 process call create ipconfig.exe","Company":"Microsoft Corporation","ParentProcessId":"1148","CurrentDirectory":"C:\\Users\\flare\\Downloads\\RTA-master\\","IntegrityLevel":"Medium","TerminalSessionId":"1","FileVersion":"6.1.7600.16385 (win7_rtm.090713-1255)","ProcessId":"3380","ProcessGuid":"{2D3B23BE-4AC5-5BA2-0000-00105BFA1200}"},"@timestamp":"2018-09-19T13:10:29.927Z","log_name":"Microsoft-Windows-Sysmon/Operational","level":"Informationen","computer_name":"flare-PC","source_name":"Microsoft-Windows-Sysmon","process_id":1304,"message":"Process Create:\nRuleName: \nUtcTime: 2018-09-19 13:10:29.927\nProcessGuid: {2D3B23BE-4AC5-5BA2-0000-00105BFA1200}\nProcessId: 3380\nImage: C:\\Windows\\SysWOW64\\wbem\\WMIC.exe\nFileVersion: 6.1.7600.16385 (win7_rtm.090713-1255)\nDescription: WMI-Befehlszeilendienstprogramm\nProduct: Betriebssystem Microsoft® Windows®\nCompany: Microsoft Corporation\nCommandLine: wmic.exe /node:172.16.100.10 process call create ipconfig.exe\nCurrentDirectory: C:\\Users\\flare\\Downloads\\RTA-master\\\nUser: flare-PC\\flare\nLogonGuid: {2D3B23BE-45CC-5BA2-0000-002020E30000}\nLogonId: 0xe320\nTerminalSessionId: 1\nIntegrityLevel: Medium\nHashes: MD5=A03CF3838775E0801A0894C8BACD2E56,SHA256=132AA270790F56A7524CAB968927ED5E1D91B9A26D4BADCB24E450E7DECC5F81\nParentProcessGuid: {2D3B23BE-4AC5-5BA2-0000-0010A6C51200}\nParentProcessId: 1148\nParentImage: C:\\Program Files (x86)\\Python27\\python.exe\nParentCommandLine: \"C:\\Program Files (x86)\\Python27\\python.exe\"  C:\\Users\\flare\\Downloads\\RTA-master\\red_ttp\\lateral_commands.py","@version":"1","provider_guid":"{5770385F-C22A-43E0-BF4C-06F5698FFBD9}","beat":{"version":"6.4.0","name":"flare-PC","hostname":"flare-PC"},"tags":["beats_input_codec_plain_applied"],"type":"wineventlog","event_id":1,"record_number":"1268","host":{"name":"flare-PC"},"version":5,"user":{"name":"SYSTEM","domain":"NT-AUTORITÄT","type":"User","identifier":"S-1-5-18"},"task":"Process Create (rule: ProcessCreate)","opcode":"Info"}
{"index":{"_index":"winlogbeat-6.4.0-2018.09.19","_type":"doc","_id":"Fl_18WUBfVn9xHWiADyC"}}
{"thread_id":1824,"event_data":{"LogonId":"0xe320","ParentProcessGuid":"{2D3B23BE-4AC5-5BA2-0000-0010A6C51200}","Product":"Microsoft® Windows® Operating System","Image":"C:\\Windows\\SysWOW64\\net.exe","Description":"Net Command","UtcTime":"2018-09-19 13:10:30.349","Hashes":"MD5=B9A4DAC2192FD78CDA097BFA79F6E7B2,SHA256=D468E6B1B79555AC8BCE0300942FD479689EB8F159F3A399848D3BF9B9990A56","ParentImage":"C:\\Program Files (x86)\\Python27\\python.exe","ParentCommandLine":"\"C:\\Program Files (x86)\\Python27\\python.exe\"  C:\\Users\\flare\\Downloads\\RTA-master\\red_ttp\\lateral_commands.py","FileVersion":"6.1.7600.16385 (win7_rtm.090713-1255)","TerminalSessionId":"1","CommandLine":"net.exe use \\\\172.16.100.10\\c$ /delete","ParentProcessId":"1148","ProcessId":"3620","LogonGuid":"{2D3B23BE-45CC-5BA2-0000-002020E30000}","Company":"Microsoft Corporation","CurrentDirectory":"C:\\Users\\flare\\Downloads\\RTA-master\\","IntegrityLevel":"Medium","User":"flare-PC\\flare","ProcessGuid":"{2D3B23BE-4AC6-5BA2-0000-0010F11B1300}"},"@timestamp":"2018-09-19T13:10:30.365Z","log_name":"Microsoft-Windows-Sysmon/Operational","level":"Informationen","computer_name":"flare-PC","source_name":"Microsoft-Windows-Sysmon","process_id":1304,"message":"Process Create:\nRuleName: \nUtcTime: 2018-09-19 13:10:30.349\nProcessGuid: {2D3B23BE-4AC6-5BA2-0000-0010F11B1300}\nProcessId: 3620\nImage: C:\\Windows\\SysWOW64\\net.exe\nFileVersion: 6.1.7600.16385 (win7_rtm.090713-1255)\nDescription: Net Command\nProduct: Microsoft® Windows® Operating System\nCompany: Microsoft Corporation\nCommandLine: net.exe use \\\\172.16.100.10\\c$ /delete\nCurrentDirectory: C:\\Users\\flare\\Downloads\\RTA-master\\\nUser: flare-PC\\flare\nLogonGuid: {2D3B23BE-45CC-5BA2-0000-002020E30000}\nLogonId: 0xe320\nTerminalSessionId: 1\nIntegrityLevel: Medium\nHashes: MD5=B9A4DAC2192FD78CDA097BFA79F6E7B2,SHA256=D468E6B1B79555AC8BCE0300942FD479689EB8F159F3A399848D3BF9B9990A56\nParentProcessGuid: {2D3B23BE-4AC5-5BA2-0000-0010A6C51200}\nParentProcessId: 1148\nParentImage: C:\\Program Files (x86)\\Python27\\python.exe\nParentCommandLine: \"C:\\Program Files (x86)\\Python27\\python.exe\"  C:\\Users\\flare\\Downloads\\RTA-master\\red_ttp\\lateral_commands.py","@version":"1","provider_guid":"{5770385F-C22A-43E0-BF4C-06F5698FFBD9}","beat":{"version":"6.4.0","name":"flare-PC","hostname":"flare-PC"},"tags":["beats_input_codec_plain_applied"],"task":"Process Create (rule: ProcessCreate)","event_id":1,"type":"wineventlog","version":5,"record_number":"1276","user":{"name":"SYSTEM","identifier":"S-1-5-18","domain":"NT-AUTORITÄT","type":"User"},"host":{"name":"flare-PC"},"opcode":"Info"}
{"index":{"_index":"winlogbeat-6.4.0-2018.09.19","_type":"doc","_id":"RV_18WUBfVn9xHWigjys"}}
{"event_data":{"param1":"http://172.16.100.10:8000/bin/Installer.msi","param5":"(NULL)","param3":"(NULL)","param4":"(NULL)","param6":"(NULL)","param2":"3644"},"@timestamp":"2018-09-19T13:11:02.000Z","keywords":["Klassisch"],"log_name":"Application","level":"Informationen","computer_name":"flare-PC","source_name":"MsiInstaller","message":"Eine Windows Installer-Transaktion wird beendet: http://172.16.100.10:8000/bin/Installer.msi. Clientprozess-ID: 3644.","@version":"1","beat":{"version":"6.4.0","name":"flare-PC","hostname":"flare-PC"},"tags":["beats_input_codec_plain_applied"],"type":"wineventlog","event_id":1042,"record_number":"2406","host":{"name":"flare-PC"},"user":{"name":"SYSTEM","identifier":"S-1-5-18","domain":"NT-AUTORITÄT","type":"User"},"opcode":"Info"}
{"index":{"_index":"winlogbeat-6.4.0-2018.09.19","_type":"doc","_id":"Sl_18WUBfVn9xHWiijyi"}}
{"thread_id":1824,"event_data":{"ParentProcessGuid":"{2D3B23BE-4A1C-5BA2-0000-0010C8100B00}","User":"flare-PC\\flare","UtcTime":"2018-09-19 13:11:03.242","Hashes":"MD5=AD7B9C14083B52BC532FBA5948342B98,SHA256=17F746D82695FA9B35493B41859D39D786D32B23A9D2E00F4011DEC7A02402AE","Image":"C:\\Windows\\SysWOW64\\cmd.exe","Description":"Windows-Befehlsprozessor","Product":"Betriebssystem Microsoft® Windows®","FileVersion":"6.1.7601.17514 (win7sp1_rtm.101119-1850)","ParentCommandLine":"\"C:\\Program Files (x86)\\Python27\\python.exe\" \"C:\\Users\\flare\\Downloads\\RTA-master\\run_all.py\" ","ParentImage":"C:\\Program Files (x86)\\Python27\\python.exe","TerminalSessionId":"1","CommandLine":"C:\\Windows\\system32\\cmd.exe /c \"\"C:\\Program Files (x86)\\Python27\\python.exe\" C:\\Users\\flare\\Downloads\\RTA-master\\red_ttp\\msxsl_network.py\"","ParentProcessId":"3756","ProcessId":"2780","Company":"Microsoft Corporation","IntegrityLevel":"Medium","CurrentDirectory":"C:\\Users\\flare\\Downloads\\RTA-master\\","LogonId":"0xe320","LogonGuid":"{2D3B23BE-45CC-5BA2-0000-002020E30000}","ProcessGuid":"{2D3B23BE-4AE7-5BA2-0000-001043E81400}"},"@timestamp":"2018-09-19T13:11:03.257Z","log_name":"Microsoft-Windows-Sysmon/Operational","level":"Informationen","computer_name":"flare-PC","source_name":"Microsoft-Windows-Sysmon","process_id":1304,"provider_guid":"{5770385F-C22A-43E0-BF4C-06F5698FFBD9}","message":"Process Create:\nRuleName: \nUtcTime: 2018-09-19 13:11:03.242\nProcessGuid: {2D3B23BE-4AE7-5BA2-0000-001043E81400}\nProcessId: 2780\nImage: C:\\Windows\\SysWOW64\\cmd.exe\nFileVersion: 6.1.7601.17514 (win7sp1_rtm.101119-1850)\nDescription: Windows-Befehlsprozessor\nProduct: Betriebssystem Microsoft® Windows®\nCompany: Microsoft Corporation\nCommandLine: C:\\Windows\\system32\\cmd.exe /c \"\"C:\\Program Files (x86)\\Python27\\python.exe\" C:\\Users\\flare\\Downloads\\RTA-master\\red_ttp\\msxsl_network.py\"\nCurrentDirectory: C:\\Users\\flare\\Downloads\\RTA-master\\\nUser: flare-PC\\flare\nLogonGuid: {2D3B23BE-45CC-5BA2-0000-002020E30000}\nLogonId: 0xe320\nTerminalSessionId: 1\nIntegrityLevel: Medium\nHashes: MD5=AD7B9C14083B52BC532FBA5948342B98,SHA256=17F746D82695FA9B35493B41859D39D786D32B23A9D2E00F4011DEC7A02402AE\nParentProcessGuid: {2D3B23BE-4A1C-5BA2-0000-0010C8100B00}\nParentProcessId: 3756\nParentImage: C:\\Program Files (x86)\\Python27\\python.exe\nParentCommandLine: \"C:\\Program Files (x86)\\Python27\\python.exe\" \"C:\\Users\\flare\\Downloads\\RTA-master\\run_all.py\" ","@version":"1","beat":{"version":"6.4.0","name":"flare-PC","hostname":"flare-PC"},"tags":["beats_input_codec_plain_applied"],"type":"wineventlog","record_number":"1321","task":"Process Create (rule: ProcessCreate)","host":{"name":"flare-PC"},"user":{"name":"SYSTEM","identifier":"S-1-5-18","type":"User","domain":"NT-AUTORITÄT"},"event_id":1,"version":5,"opcode":"Info"}
{"index":{"_index":"winlogbeat-6.4.0-2018.09.19","_type":"doc","_id":"S1_18WUBfVn9xHWiijyi"}}
{"thread_id":1824,"event_data":{"UtcTime":"2018-09-19 13:11:02.694","Image":"C:\\Windows\\system32\\msiexec.exe","EventType":"DeleteValue","TargetObject":"HKLM\\SOFTWARE\\Microsoft\\Windows\\CurrentVersion\\Installer\\UserData\\S-1-5-21-4019173901-3792766986-1456451320-1001\\Products\\4A19D6D86F40711479D2B7CCB81406CD\\InstallProperties\\URLUpdateInfo","ProcessId":"172","ProcessGuid":"{2D3B23BE-4AE1-5BA2-0000-0010C9BA1400}"},"@timestamp":"2018-09-19T13:11:02.694Z","log_name":"Microsoft-Windows-Sysmon/Operational","level":"Informationen","computer_name":"flare-PC","source_name":"Microsoft-Windows-Sysmon","process_id":1304,"provider_guid":"{5770385F-C22A-43E0-BF4C-06F5698FFBD9}","message":"Registry object added or deleted:\nRuleName: \nEventType: DeleteValue\nUtcTime: 2018-09-19 13:11:02.694\nProcessGuid: {2D3B23BE-4AE1-5BA2-0000-0010C9BA1400}\nProcessId: 172\nImage: C:\\Windows\\system32\\msiexec.exe\nTargetObject: HKLM\\SOFTWARE\\Microsoft\\Windows\\CurrentVersion\\Installer\\UserData\\S-1-5-21-4019173901-3792766986-1456451320-1001\\Products\\4A19D6D86F40711479D2B7CCB81406CD\\InstallProperties\\URLUpdateInfo","@version":"1","beat":{"version":"6.4.0","name":"flare-PC","hostname":"flare-PC"},"tags":["beats_input_codec_plain_applied"],"task":"Registry object added or deleted (rule: RegistryEvent)","type":"wineventlog","record_number":"1318","version":2,"user":{"domain":"NT-AUTORITÄT","identifier":"S-1-5-18","type":"User","name":"SYSTEM"},"event_id":12,"host":{"name":"flare-PC"},"opcode":"Info"}
{"index":{"_index":"winlogbeat-6.4.0-2018.09.19","_type":"doc","_id":"HV_18WUBfVn9xHWiKTxe"}}
{"thread_id":1824,"event_data":{"CreationUtcTime":"2018-09-19 13:10:39.179","UtcTime":"2018-09-19 13:10:39.257","Image":"C:\\Program Files (x86)\\Python27\\python.exe","TargetFilename":"C:\\Users\\flare\\Downloads\\RTA-master\\red_ttp\\tmp-file.csproj","ProcessId":"3792","ProcessGuid":"{2D3B23BE-4ACC-5BA2-0000-0010EB321300}"},"@timestamp":"2018-09-19T13:10:39.257Z","log_name":"Microsoft-Windows-Sysmon/Operational","level":"Informationen","computer_name":"flare-PC","source_name":"Microsoft-Windows-Sysmon","process_id":1304,"@version":"1","message":"File created:\nRuleName: \nUtcTime: 2018-09-19 13:10:39.257\nProcessGuid: {2D3B23BE-4ACC-5BA2-0000-0010EB321300}\nProcessId: 3792\nImage: C:\\Program Files (x86)\\Python27\\python.exe\nTargetFilename: C:\\Users\\flare\\Downloads\\RTA-master\\red_ttp\\tmp-file.csproj\nCreationUtcTime: 2018-09-19 13:10:39.179","provider_guid":"{5770385F-C22A-43E0-BF4C-06F5698FFBD9}","beat":{"version":"6.4.0","name":"flare-PC","hostname":"flare-PC"},"tags":["beats_input_codec_plain_applied"],"type":"wineventlog","event_id":11,"task":"File created (rule: FileCreate)","host":{"name":"flare-PC"},"user":{"name":"SYSTEM","identifier":"S-1-5-18","domain":"NT-AUTORITÄT","type":"User"},"version":2,"record_number":"1288","opcode":"Info"}
{"index":{"_index":"winlogbeat-6.4.0-2018.09.19","_type":"doc","_id":"H1_18WUBfVn9xHWiKTxe"}}
{"thread_id":1824,"event_data":{"LogonId":"0xe320","Product":"Betriebssystem Microsoft® Windows®","UtcTime":"2018-09-19 13:10:40.916","Image":"C:\\Windows\\SysWOW64\\cmd.exe","User":"flare-PC\\flare","Hashes":"MD5=AD7B9C14083B52BC532FBA5948342B98,SHA256=17F746D82695FA9B35493B41859D39D786D32B23A9D2E00F4011DEC7A02402AE","ParentProcessGuid":"{2D3B23BE-4A1C-5BA2-0000-0010C8100B00}","ParentImage":"C:\\Program Files (x86)\\Python27\\python.exe","ParentCommandLine":"\"C:\\Program Files (x86)\\Python27\\python.exe\" \"C:\\Users\\flare\\Downloads\\RTA-master\\run_all.py\" ","FileVersion":"6.1.7601.17514 (win7sp1_rtm.101119-1850)","Company":"Microsoft Corporation","TerminalSessionId":"1","CurrentDirectory":"C:\\Users\\flare\\Downloads\\RTA-master\\","LogonGuid":"{2D3B23BE-45CC-5BA2-0000-002020E30000}","ProcessId":"4024","IntegrityLevel":"Medium","ParentProcessId":"3756","Description":"Windows-Befehlsprozessor","CommandLine":"C:\\Windows\\system32\\cmd.exe /c \"\"C:\\Program Files (x86)\\Python27\\python.exe\" C:\\Users\\flare\\Downloads\\RTA-master\\red_ttp\\mshta_network.py\"","ProcessGuid":"{2D3B23BE-4AD0-5BA2-0000-0010FBBF1300}"},"@timestamp":"2018-09-19T13:10:40.932Z","log_name":"Microsoft-Windows-Sysmon/Operational","level":"Informationen","computer_name":"flare-PC","source_name":"Microsoft-Windows-Sysmon","process_id":1304,"@version":"1","provider_guid":"{5770385F-C22A-43E0-BF4C-06F5698FFBD9}","message":"Process Create:\nRuleName: \nUtcTime: 2018-09-19 13:10:40.916\nProcessGuid: {2D3B23BE-4AD0-5BA2-0000-0010FBBF1300}\nProcessId: 4024\nImage: C:\\Windows\\SysWOW64\\cmd.exe\nFileVersion: 6.1.7601.17514 (win7sp1_rtm.101119-1850)\nDescription: Windows-Befehlsprozessor\nProduct: Betriebssystem Microsoft® Windows®\nCompany: Microsoft Corporation\nCommandLine: C:\\Windows\\system32\\cmd.exe /c \"\"C:\\Program Files (x86)\\Python27\\python.exe\" C:\\Users\\flare\\Downloads\\RTA-master\\red_ttp\\mshta_network.py\"\nCurrentDirectory: C:\\Users\\flare\\Downloads\\RTA-master\\\nUser: flare-PC\\flare\nLogonGuid: {2D3B23BE-45CC-5BA2-0000-002020E30000}\nLogonId: 0xe320\nTerminalSessionId: 1\nIntegrityLevel: Medium\nHashes: MD5=AD7B9C14083B52BC532FBA5948342B98,SHA256=17F746D82695FA9B35493B41859D39D786D32B23A9D2E00F4011DEC7A02402AE\nParentProcessGuid: {2D3B23BE-4A1C-5BA2-0000-0010C8100B00}\nParentProcessId: 3756\nParentImage: C:\\Program Files (x86)\\Python27\\python.exe\nParentCommandLine: \"C:\\Program Files (x86)\\Python27\\python.exe\" \"C:\\Users\\flare\\Downloads\\RTA-master\\run_all.py\" ","beat":{"version":"6.4.0","name":"flare-PC","hostname":"flare-PC"},"tags":["beats_input_codec_plain_applied"],"type":"wineventlog","record_number":"1296","event_id":1,"host":{"name":"flare-PC"},"user":{"name":"SYSTEM","identifier":"S-1-5-18","domain":"NT-AUTORITÄT","type":"User"},"version":5,"task":"Process Create (rule: ProcessCreate)","opcode":"Info"}
{"index":{"_index":"winlogbeat-6.4.0-2018.09.19","_type":"doc","_id":"I1_18WUBfVn9xHWiKTxf"}}
{"thread_id":1824,"event_data":{"LogonId":"0xe320","User":"flare-PC\\flare","Product":"Microsoft® .NET Framework","Hashes":"MD5=9AF17C8393F0970EE5136BD3FFA27001,SHA256=71D6A7A3FE5F8DC878CD5BDECA0E09177EFB85C01E9A8A10A95262CABEFAA019","Image":"C:\\Windows\\Microsoft.NET\\Framework\\v4.0.30319\\MSBuild.exe","Description":"MSBuild.exe","ParentProcessGuid":"{2D3B23BE-4ACC-5BA2-0000-0010EB321300}","FileVersion":"4.7.3062.0 built by: NET472REL1","ParentCommandLine":"\"C:\\Program Files (x86)\\Python27\\python.exe\"  C:\\Users\\flare\\Downloads\\RTA-master\\red_ttp\\msbuild_network.py","UtcTime":"2018-09-19 13:10:39.257","TerminalSessionId":"1","Company":"Microsoft Corporation","CommandLine":"C:\\Windows\\Microsoft.NET\\Framework\\v4.0.30319\\msbuild.exe tmp-file.csproj","ProcessId":"3816","CurrentDirectory":"C:\\Users\\flare\\Downloads\\RTA-master\\red_ttp\\","ParentProcessId":"3792","LogonGuid":"{2D3B23BE-45CC-5BA2-0000-002020E30000}","IntegrityLevel":"Medium","ParentImage":"C:\\Program Files (x86)\\Python27\\python.exe","ProcessGuid":"{2D3B23BE-4ACF-5BA2-0000-0010CDA21300}"},"@timestamp":"2018-09-19T13:10:39.429Z","log_name":"Microsoft-Windows-Sysmon/Operational","level":"Informationen","computer_name":"flare-PC","source_name":"Microsoft-Windows-Sysmon","process_id":1304,"provider_guid":"{5770385F-C22A-43E0-BF4C-06F5698FFBD9}","message":"Process Create:\nRuleName: \nUtcTime: 2018-09-19 13:10:39.257\nProcessGuid: {2D3B23BE-4ACF-5BA2-0000-0010CDA21300}\nProcessId: 3816\nImage: C:\\Windows\\Microsoft.NET\\Framework\\v4.0.30319\\MSBuild.exe\nFileVersion: 4.7.3062.0 built by: NET472REL1\nDescription: MSBuild.exe\nProduct: Microsoft® .NET Framework\nCompany: Microsoft Corporation\nCommandLine: C:\\Windows\\Microsoft.NET\\Framework\\v4.0.30319\\msbuild.exe tmp-file.csproj\nCurrentDirectory: C:\\Users\\flare\\Downloads\\RTA-master\\red_ttp\\\nUser: flare-PC\\flare\nLogonGuid: {2D3B23BE-45CC-5BA2-0000-002020E30000}\nLogonId: 0xe320\nTerminalSessionId: 1\nIntegrityLevel: Medium\nHashes: MD5=9AF17C8393F0970EE5136BD3FFA27001,SHA256=71D6A7A3FE5F8DC878CD5BDECA0E09177EFB85C01E9A8A10A95262CABEFAA019\nParentProcessGuid: {2D3B23BE-4ACC-5BA2-0000-0010EB321300}\nParentProcessId: 3792\nParentImage: C:\\Program Files (x86)\\Python27\\python.exe\nParentCommandLine: \"C:\\Program Files (x86)\\Python27\\python.exe\"  C:\\Users\\flare\\Downloads\\RTA-master\\red_ttp\\msbuild_network.py","@version":"1","beat":{"version":"6.4.0","name":"flare-PC","hostname":"flare-PC"},"tags":["beats_input_codec_plain_applied"],"type":"wineventlog","record_number":"1289","task":"Process Create (rule: ProcessCreate)","version":5,"user":{"domain":"NT-AUTORITÄT","identifier":"S-1-5-18","type":"User","name":"SYSTEM"},"event_id":1,"host":{"name":"flare-PC"},"opcode":"Info"}
