{"index":{"_index":"winlogbeat-6.4.0-2018.09.19","_type":"doc","_id":"BF_g8WUBfVn9xHWi2zoE"}}
{"thread_id":348,"@timestamp":"2018-09-19T12:49:23.966Z","log_name":"Application","level":"Informationen","computer_name":"flare-PC","source_name":"Microsoft-Windows-WMI","process_id":912,"message":"Die Subsysteme des Windows-Verwaltungsinstrumentationsdiensts wurden erfolgreich initialisiert.","@version":"1","provider_guid":"{1EDEEE53-0AFE-4609-B846-D8C0B2075B1F}","beat":{"version":"6.4.0","name":"flare-PC","hostname":"flare-PC"},"tags":["beats_input_codec_plain_applied"],"type":"wineventlog","event_id":5617,"record_number":"2380","version":2,"user":{"name":"SYSTEM","identifier":"S-1-5-18","domain":"NT-AUTORITÄT","type":"User"},"host":{"name":"flare-PC"},"opcode":"Info"}
{"index":{"_index":"winlogbeat-6.4.0-2018.09.19","_type":"doc","_id":"CV_g8WUBfVn9xHWi2zoE"}}
{"thread_id":604,"event_data":{"param2":"Ausgeführt","param1":"Überwachung verteilter Verknüpfungen (Client)","Binary":"540072006B0057006B0073002F0034000000"},"@timestamp":"2018-09-19T12:49:18.687Z","log_name":"System","keywords":["Klassisch"],"level":"Informationen","computer_name":"flare-PC","source_name":"Service Control Manager","process_id":488,"provider_guid":"{555908d1-a6d7-4695-8e1e-26931d2012f4}","message":"Dienst \"Überwachung verteilter Verknüpfungen (Client)\" befindet sich jetzt im Status \"Ausgeführt\".","@version":"1","beat":{"version":"6.4.0","name":"flare-PC","hostname":"flare-PC"},"tags":["beats_input_codec_plain_applied"],"type":"wineventlog","event_id":7036,"record_number":"11685","host":{"name":"flare-PC"}}
{"index":{"_index":"winlogbeat-6.4.0-2018.09.19","_type":"doc","_id":"EV_g8WUBfVn9xHWi4DpE"}}
{"thread_id":368,"event_data":{"param2":"Ausgeführt","Binary":"42004900540053002F0034000000","param1":"Intelligenter Hintergrundübertragungsdienst"},"@timestamp":"2018-09-19T12:49:26.790Z","log_name":"System","keywords":["Klassisch"],"level":"Informationen","computer_name":"flare-PC","source_name":"Service Control Manager","process_id":488,"message":"Dienst \"Intelligenter Hintergrundübertragungsdienst\" befindet sich jetzt im Status \"Ausgeführt\".","@version":"1","provider_guid":"{555908d1-a6d7-4695-8e1e-26931d2012f4}","beat":{"version":"6.4.0","name":"flare-PC","hostname":"flare-PC"},"tags":["beats_input_codec_plain_applied"],"type":"wineventlog","record_number":"11692","event_id":7036,"host":{"name":"flare-PC"}}
{"index":{"_index":"winlogbeat-6.4.0-2018.09.19","_type":"doc","_id":"Fl_g8WUBfVn9xHWi4DpE"}}
{"thread_id":1824,"event_data":{"LogonId":"0x3e7","User":"NT-AUTORITÄT\\SYSTEM","UtcTime":"2018-09-19 12:49:14.046","Image":"C:\\Windows\\System32\\csrss.exe","Hashes":"MD5=60C2862B4BF0FD9F582EF344C2B1EC72,SHA256=CB1C6018FC5C15483AC5BB96E5C2E2E115BB0C0E1314837D77201BAB37E8C03A","Description":"Client-Server-Laufzeitprozess","ParentProcessGuid":"{2D3B23BE-45C9-5BA2-0000-0010684E0000}","ParentImage":"C:\\Windows\\System32\\smss.exe","FileVersion":"6.1.7600.16385 (win7_rtm.090713-1255)","ParentCommandLine":"\\SystemRoot\\System32\\smss.exe 00000000 00000048 ","TerminalSessionId":"0","LogonGuid":"{2D3B23BE-45CA-5BA2-0000-0020E7030000}","Company":"Microsoft Corporation","CommandLine":"%%SystemRoot%%\\system32\\csrss.exe ObjectDirectory=\\Windows SharedSection=1024,20480,768 Windows=On SubSystemType=Windows ServerDll=basesrv,1 ServerDll=winsrv:UserServerDllInitialization,3 ServerDll=winsrv:ConServerDllInitialization,2 ServerDll=sxssrv,4 ProfileControl=Off MaxRequestThreads=16","ParentProcessId":"348","ProcessId":"356","IntegrityLevel":"System","CurrentDirectory":"C:\\Windows\\system32","Product":"Betriebssystem Microsoft® Windows®","ProcessGuid":"{2D3B23BE-45CA-5BA2-0000-001059500000}"},"@timestamp":"2018-09-19T12:49:27.891Z","log_name":"Microsoft-Windows-Sysmon/Operational","level":"Informationen","computer_name":"flare-PC","source_name":"Microsoft-Windows-Sysmon","process_id":1304,"message":"Process Create:\nRuleName: \nUtcTime: 2018-09-19 12:49:14.046\nProcessGuid: {2D3B23BE-45CA-5BA2-0000-001059500000}\nProcessId: 356\nImage: C:\\Windows\\System32\\csrss.exe\nFileVersion: 6.1.7600.16385 (win7_rtm.090713-1255)\nDescription: Client-Server-Laufzeitprozess\nProduct: Betriebssystem Microsoft® Windows®\nCompany: Microsoft Corporation\nCommandLine: %%SystemRoot%%\\system32\\csrss.exe ObjectDirectory=\\Windows SharedSection=1024,20480,768 Windows=On SubSystemType=Windows ServerDll=basesrv,1 ServerDll=winsrv:UserServerDllInitialization,3 ServerDll=winsrv:ConServerDllInitialization,2 ServerDll=sxssrv,4 ProfileControl=Off MaxRequestThreads=16\nCurrentDirectory: C:\\Windows\\system32\nUser: NT-AUTORITÄT\\SYSTEM\nLogonGuid: {2D3B23BE-45CA-5BA2-0000-0020E7030000}\nLogonId: 0x3e7\nTerminalSessionId: 0\nIntegrityLevel: System\nHashes: MD5=60C2862B4BF0FD9F582EF344C2B1EC72,SHA256=CB1C6018FC5C15483AC5BB96E5C2E2E115BB0C0E1314837D77201BAB37E8C03A\nParentProcessGuid: {2D3B23BE-45C9-5BA2-0000-0010684E0000}\nParentProcessId: 348\nParentImage: C:\\Windows\\System32\\smss.exe\nParentCommandLine: \\SystemRoot\\System32\\smss.exe 00000000 00000048 ","@version":"1","provider_guid":"{5770385F-C22A-43E0-BF4C-06F5698FFBD9}","beat":{"version":"6.4.0","name":"flare-PC","hostname":"flare-PC"},"tags":["beats_input_codec_plain_applied"],"task":"Process Create (rule: ProcessCreate)","type":"wineventlog","record_number":"854","host":{"name":"flare-PC"},"user":{"name":"SYSTEM","identifier":"S-1-5-18","domain":"NT-AUTORITÄT","type":"User"},"version":5,"event_id":1,"opcode":"Info"}
{"index":{"_index":"winlogbeat-6.4.0-2018.09.19","_type":"doc","_id":"El_g8WUBfVn9xHWi4DpE"}}
{"thread_id":1824,"event_data":{"ParentProcessGuid":"{2D3B23BE-45C8-5BA2-0000-0010FA340000}","Product":"Betriebssystem Microsoft® Windows®","UtcTime":"2018-09-19 12:49:14.343","Image":"C:\\Windows\\System32\\smss.exe","Hashes":"MD5=9390EC4421FE3D0FC47CEED81D7D9B05,SHA256=B92283936A3A7394703C0FD548D6989A32597FECD6C6299035C0AB4090F79A8B","Description":"Windows-Sitzungs-Manager","User":"NT-AUTORITÄT\\SYSTEM","LogonId":"0x3e7","FileVersion":"6.1.7600.16385 (win7_rtm.090713-1255)","ParentCommandLine":"\\SystemRoot\\System32\\smss.exe","TerminalSessionId":"1","Company":"Microsoft Corporation","CurrentDirectory":"C:\\Windows\\","ProcessId":"396","ParentProcessId":"280","IntegrityLevel":"System","LogonGuid":"{2D3B23BE-45CA-5BA2-0000-0020E7030000}","CommandLine":"\\SystemRoot\\System32\\smss.exe 00000001 00000048 ","ParentImage":"C:\\Windows\\System32\\smss.exe","ProcessGuid":"{2D3B23BE-45CA-5BA2-0000-0010C2530000}"},"@timestamp":"2018-09-19T12:49:27.953Z","log_name":"Microsoft-Windows-Sysmon/Operational","level":"Informationen","computer_name":"flare-PC","source_name":"Microsoft-Windows-Sysmon","process_id":1304,"message":"Process Create:\nRuleName: \nUtcTime: 2018-09-19 12:49:14.343\nProcessGuid: {2D3B23BE-45CA-5BA2-0000-0010C2530000}\nProcessId: 396\nImage: C:\\Windows\\System32\\smss.exe\nFileVersion: 6.1.7600.16385 (win7_rtm.090713-1255)\nDescription: Windows-Sitzungs-Manager\nProduct: Betriebssystem Microsoft® Windows®\nCompany: Microsoft Corporation\nCommandLine: \\SystemRoot\\System32\\smss.exe 00000001 00000048 \nCurrentDirectory: C:\\Windows\\\nUser: NT-AUTORITÄT\\SYSTEM\nLogonGuid: {2D3B23BE-45CA-5BA2-0000-0020E7030000}\nLogonId: 0x3e7\nTerminalSessionId: 1\nIntegrityLevel: System\nHashes: MD5=9390EC4421FE3D0FC47CEED81D7D9B05,SHA256=B92283936A3A7394703C0FD548D6989A32597FECD6C6299035C0AB4090F79A8B\nParentProcessGuid: {2D3B23BE-45C8-5BA2-0000-0010FA340000}\nParentProcessId: 280\nParentImage: C:\\Windows\\System32\\smss.exe\nParentCommandLine: \\SystemRoot\\System32\\smss.exe","@version":"1","provider_guid":"{5770385F-C22A-43E0-BF4C-06F5698FFBD9}","beat":{"version":"6.4.0","name":"flare-PC","hostname":"flare-PC"},"tags":["beats_input_codec_plain_applied"],"type":"wineventlog","event_id":1,"task":"Process Create (rule: ProcessCreate)","host":{"name":"flare-PC"},"version":5,"user":{"domain":"NT-AUTORITÄT","identifier":"S-1-5-18","type":"User","name":"SYSTEM"},"record_number":"855","opcode":"Info"}
{"index":{"_index":"winlogbeat-6.4.0-2018.09.19","_type":"doc","_id":"FF_g8WUBfVn9xHWi4DpE"}}
{"thread_id":1824,"event_data":{"ParentProcessGuid":"{2D3B23BE-45C9-5BA2-0000-0010684E0000}","Product":"Betriebssystem Microsoft® Windows®","UtcTime":"2018-09-19 12:49:14.343","Hashes":"MD5=94355C28C1970635A31B3FE52EB7CEBA,SHA256=C4E98F07170CEC69CACDD5CEDB8927E48A2A299CB1B8CDA87526E768AF6174F0","Image":"C:\\Windows\\System32\\wininit.exe","Description":"Windows-Startanwendung","User":"NT-AUTORITÄT\\SYSTEM","ParentImage":"C:\\Windows\\System32\\smss.exe","ParentCommandLine":"\\SystemRoot\\System32\\smss.exe 00000000 00000048 ","FileVersion":"6.1.7600.16385 (win7_rtm.090713-1255)","TerminalSessionId":"0","CommandLine":"wininit.exe","CurrentDirectory":"C:\\Windows\\system32","Company":"Microsoft Corporation","ProcessId":"404","ParentProcessId":"348","LogonId":"0x3e7","IntegrityLevel":"System","LogonGuid":"{2D3B23BE-45CA-5BA2-0000-0020E7030000}","ProcessGuid":"{2D3B23BE-45CA-5BA2-0000-0010D5530000}"},"@timestamp":"2018-09-19T12:49:27.953Z","log_name":"Microsoft-Windows-Sysmon/Operational","level":"Informationen","computer_name":"flare-PC","source_name":"Microsoft-Windows-Sysmon","process_id":1304,"message":"Process Create:\nRuleName: \nUtcTime: 2018-09-19 12:49:14.343\nProcessGuid: {2D3B23BE-45CA-5BA2-0000-0010D5530000}\nProcessId: 404\nImage: C:\\Windows\\System32\\wininit.exe\nFileVersion: 6.1.7600.16385 (win7_rtm.090713-1255)\nDescription: Windows-Startanwendung\nProduct: Betriebssystem Microsoft® Windows®\nCompany: Microsoft Corporation\nCommandLine: wininit.exe\nCurrentDirectory: C:\\Windows\\system32\nUser: NT-AUTORITÄT\\SYSTEM\nLogonGuid: {2D3B23BE-45CA-5BA2-0000-0020E7030000}\nLogonId: 0x3e7\nTerminalSessionId: 0\nIntegrityLevel: System\nHashes: MD5=94355C28C1970635A31B3FE52EB7CEBA,SHA256=C4E98F07170CEC69CACDD5CEDB8927E48A2A299CB1B8CDA87526E768AF6174F0\nParentProcessGuid: {2D3B23BE-45C9-5BA2-0000-0010684E0000}\nParentProcessId: 348\nParentImage: C:\\Windows\\System32\\smss.exe\nParentCommandLine: \\SystemRoot\\System32\\smss.exe 00000000 00000048 ","@version":"1","provider_guid":"{5770385F-C22A-43E0-BF4C-06F5698FFBD9}","beat":{"version":"6.4.0","name":"flare-PC","hostname":"flare-PC"},"tags":["beats_input_codec_plain_applied"],"type":"wineventlog","record_number":"856","event_id":1,"version":5,"user":{"domain":"NT-AUTORITÄT","identifier":"S-1-5-18","type":"User","name":"SYSTEM"},"host":{"name":"flare-PC"},"task":"Process Create (rule: ProcessCreate)","opcode":"Info"}
{"index":{"_index":"winlogbeat-6.4.0-2018.09.19","_type":"doc","_id":"F1_g8WUBfVn9xHWi5DpC"}}
{"thread_id":368,"event_data":{"param2":"Ausgeführt","param1":"Diagnosesystemhost","Binary":"570064006900530079007300740065006D0048006F00730074002F0034000000"},"@timestamp":"2018-09-19T12:49:27.250Z","log_name":"System","keywords":["Klassisch"],"level":"Informationen","computer_name":"flare-PC","source_name":"Service Control Manager","process_id":488,"message":"Dienst \"Diagnosesystemhost\" befindet sich jetzt im Status \"Ausgeführt\".","@version":"1","provider_guid":"{555908d1-a6d7-4695-8e1e-26931d2012f4}","beat":{"version":"6.4.0","name":"flare-PC","hostname":"flare-PC"},"tags":["beats_input_codec_plain_applied"],"type":"wineventlog","event_id":7036,"record_number":"11693","host":{"name":"flare-PC"}}
{"index":{"_index":"winlogbeat-6.4.0-2018.09.19","_type":"doc","_id":"GF_g8WUBfVn9xHWi5DpC"}}
{"thread_id":604,"event_data":{"param2":"Ausgeführt","param1":"SSDP-Suche","Binary":"53005300440050005300520056002F0034000000"},"@timestamp":"2018-09-19T12:49:27.266Z","keywords":["Klassisch"],"log_name":"System","level":"Informationen","computer_name":"flare-PC","source_name":"Service Control Manager","process_id":488,"message":"Dienst \"SSDP-Suche\" befindet sich jetzt im Status \"Ausgeführt\".","@version":"1","provider_guid":"{555908d1-a6d7-4695-8e1e-26931d2012f4}","beat":{"version":"6.4.0","name":"flare-PC","hostname":"flare-PC"},"tags":["beats_input_codec_plain_applied"],"type":"wineventlog","record_number":"11697","event_id":7036,"host":{"name":"flare-PC"}}
{"index":{"_index":"winlogbeat-6.4.0-2018.09.19","_type":"doc","_id":"GV_g8WUBfVn9xHWi5DpC"}}
{"thread_id":1824,"event_data":{"ParentProcessGuid":"{2D3B23BE-45CA-5BA2-0000-0010D5530000}","Product":"Betriebssystem Microsoft® Windows®","UtcTime":"2018-09-19 12:49:14.468","Image":"C:\\Windows\\System32\\lsm.exe","Description":"Lokaler Sitzungs-Manager-Dienst","User":"NT-AUTORITÄT\\SYSTEM","LogonId":"0x3e7","ParentImage":"C:\\Windows\\System32\\wininit.exe","FileVersion":"6.1.7600.16385 (win7_rtm.090713-1255)","ParentCommandLine":"wininit.exe","Company":"Microsoft Corporation","CommandLine":"C:\\Windows\\system32\\lsm.exe","TerminalSessionId":"0","ProcessId":"520","CurrentDirectory":"C:\\Windows\\system32\\","LogonGuid":"{2D3B23BE-45CA-5BA2-0000-0020E7030000}","IntegrityLevel":"System","ParentProcessId":"404","Hashes":"MD5=9662EE182644511439F1C53745DC1C88,SHA256=D205B2C163E78AB42A5D67D7664EF6B75EA0374FF0924467D624F9DB0611F0AD","ProcessGuid":"{2D3B23BE-45CA-5BA2-0000-0010325F0000}"},"@timestamp":"2018-09-19T12:49:28.015Z","log_name":"Microsoft-Windows-Sysmon/Operational","level":"Informationen","computer_name":"flare-PC","source_name":"Microsoft-Windows-Sysmon","process_id":1304,"provider_guid":"{5770385F-C22A-43E0-BF4C-06F5698FFBD9}","message":"Process Create:\nRuleName: \nUtcTime: 2018-09-19 12:49:14.468\nProcessGuid: {2D3B23BE-45CA-5BA2-0000-0010325F0000}\nProcessId: 520\nImage: C:\\Windows\\System32\\lsm.exe\nFileVersion: 6.1.7600.16385 (win7_rtm.090713-1255)\nDescription: Lokaler Sitzungs-Manager-Dienst\nProduct: Betriebssystem Microsoft® Windows®\nCompany: Microsoft Corporation\nCommandLine: C:\\Windows\\system32\\lsm.exe\nCurrentDirectory: C:\\Windows\\system32\\\nUser: NT-AUTORITÄT\\SYSTEM\nLogonGuid: {2D3B23BE-45CA-5BA2-0000-0020E7030000}\nLogonId: 0x3e7\nTerminalSessionId: 0\nIntegrityLevel: System\nHashes: MD5=9662EE182644511439F1C53745DC1C88,SHA256=D205B2C163E78AB42A5D67D7664EF6B75EA0374FF0924467D624F9DB0611F0AD\nParentProcessGuid: {2D3B23BE-45CA-5BA2-0000-0010D5530000}\nParentProcessId: 404\nParentImage: C:\\Windows\\System32\\wininit.exe\nParentCommandLine: wininit.exe","@version":"1","beat":{"version":"6.4.0","name":"flare-PC","hostname":"flare-PC"},"tags":["beats_input_codec_plain_applied"],"type":"wineventlog","task":"Process Create (rule: ProcessCreate)","record_number":"861","event_id":1,"version":5,"host":{"name":"flare-PC"},"user":{"name":"SYSTEM","domain":"NT-AUTORITÄT","type":"User","identifier":"S-1-5-18"},"opcode":"Info"}
{"index":{"_index":"winlogbeat-6.4.0-2018.09.19","_type":"doc","_id":"JF_g8WUBfVn9xHWi5DpF"}}
{"thread_id":648,"event_data":{"param2":"Ausgeführt","param1":"Netzwerklistendienst","Binary":"6E0065007400700072006F0066006D002F0034000000"},"@timestamp":"2018-09-19T12:49:27.250Z","log_name":"System","keywords":["Klassisch"],"level":"Informationen","computer_name":"flare-PC","source_name":"Service Control Manager","process_id":488,"message":"Dienst \"Netzwerklistendienst\" befindet sich jetzt im Status \"Ausgeführt\".","@version":"1","provider_guid":"{555908d1-a6d7-4695-8e1e-26931d2012f4}","beat":{"version":"6.4.0","name":"flare-PC","hostname":"flare-PC"},"tags":["beats_input_codec_plain_applied"],"type":"wineventlog","record_number":"11695","event_id":7036,"host":{"name":"flare-PC"}}
{"index":{"_index":"winlogbeat-6.4.0-2018.09.19","_type":"doc","_id":"JV_g8WUBfVn9xHWi5DpF"}}
{"thread_id":1824,"event_data":{"ParentProcessGuid":"{2D3B23BE-45CA-5BA2-0000-0010D5530000}","Product":"Betriebssystem Microsoft® Windows®","User":"NT-AUTORITÄT\\SYSTEM","Image":"C:\\Windows\\System32\\services.exe","Description":"Anwendung für Dienste und Controller","Hashes":"MD5=71C85477DF9347FE8E7BC55768473FCA,SHA256=A86D6A6D1F5A0EFCD649792A06F3AE9B37158D48493D2ECA7F52DCC1CB9B6536","UtcTime":"2018-09-19 12:49:14.437","ParentImage":"C:\\Windows\\System32\\wininit.exe","ParentCommandLine":"wininit.exe","FileVersion":"6.1.7600.16385 (win7_rtm.090713-1255)","TerminalSessionId":"0","Company":"Microsoft Corporation","LogonGuid":"{2D3B23BE-45CA-5BA2-0000-0020E7030000}","CommandLine":"C:\\Windows\\system32\\services.exe","ParentProcessId":"404","IntegrityLevel":"System","CurrentDirectory":"C:\\Windows\\system32\\","LogonId":"0x3e7","ProcessId":"488","ProcessGuid":"{2D3B23BE-45CA-5BA2-0000-00104A5C0000}"},"@timestamp":"2018-09-19T12:49:28.000Z","log_name":"Microsoft-Windows-Sysmon/Operational","level":"Informationen","computer_name":"flare-PC","source_name":"Microsoft-Windows-Sysmon","process_id":1304,"message":"Process Create:\nRuleName: \nUtcTime: 2018-09-19 12:49:14.437\nProcessGuid: {2D3B23BE-45CA-5BA2-0000-00104A5C0000}\nProcessId: 488\nImage: C:\\Windows\\System32\\services.exe\nFileVersion: 6.1.7600.16385 (win7_rtm.090713-1255)\nDescription: Anwendung für Dienste und Controller\nProduct: Betriebssystem Microsoft® Windows®\nCompany: Microsoft Corporation\nCommandLine: C:\\Windows\\system32\\services.exe\nCurrentDirectory: C:\\Windows\\system32\\\nUser: NT-AUTORITÄT\\SYSTEM\nLogonGuid: {2D3B23BE-45CA-5BA2-0000-0020E7030000}\nLogonId: 0x3e7\nTerminalSessionId: 0\nIntegrityLevel: System\nHashes: MD5=71C85477DF9347FE8E7BC55768473FCA,SHA256=A86D6A6D1F5A0EFCD649792A06F3AE9B37158D48493D2ECA7F52DCC1CB9B6536\nParentProcessGuid: {2D3B23BE-45CA-5BA2-0000-0010D5530000}\nParentProcessId: 404\nParentImage: C:\\Windows\\System32\\wininit.exe\nParentCommandLine: wininit.exe","@version":"1","provider_guid":"{5770385F-C22A-43E0-BF4C-06F5698FFBD9}","beat":{"version":"6.4.0","name":"flare-PC","hostname":"flare-PC"},"tags":["beats_input_codec_plain_applied"],"type":"wineventlog","task":"Process Create (rule: ProcessCreate)","record_number":"859","host":{"name":"flare-PC"},"version":5,"user":{"name":"SYSTEM","identifier":"S-1-5-18","domain":"NT-AUTORITÄT","type":"User"},"event_id":1,"opcode":"Info"}
{"index":{"_index":"winlogbeat-6.4.0-2018.09.19","_type":"doc","_id":"J1_g8WUBfVn9xHWi5DpF"}}
{"thread_id":1824,"event_data":{"ParentProcessGuid":"{2D3B23BE-45CA-5BA2-0000-00104A5C0000}","Product":"Betriebssystem Microsoft® Windows®","User":"NT-AUTORITÄT\\SYSTEM","Hashes":"MD5=C78655BC80301D76ED4FEF1C1EA40A7D,SHA256=93B2ED4004ED5F7F3039DD7ECBD22C7E4E24B6373B4D9EF8D6E45A179B13A5E8","Description":"Hostprozess für Windows-Dienste","Image":"C:\\Windows\\System32\\svchost.exe","LogonId":"0x3e7","ParentImage":"C:\\Windows\\System32\\services.exe","ParentCommandLine":"C:\\Windows\\system32\\services.exe","FileVersion":"6.1.7600.16385 (win7_rtm.090713-1255)","TerminalSessionId":"0","CommandLine":"C:\\Windows\\system32\\svchost.exe -k GPSvcGroup","ParentProcessId":"488","CurrentDirectory":"C:\\Windows\\system32\\","ProcessId":"992","Company":"Microsoft Corporation","IntegrityLevel":"System","LogonGuid":"{2D3B23BE-45CA-5BA2-0000-0020E7030000}","UtcTime":"2018-09-19 12:49:15.890","ProcessGuid":"{2D3B23BE-45CB-5BA2-0000-001023D00000}"},"@timestamp":"2018-09-19T12:49:28.188Z","log_name":"Microsoft-Windows-Sysmon/Operational","level":"Informationen","computer_name":"flare-PC","source_name":"Microsoft-Windows-Sysmon","process_id":1304,"@version":"1","message":"Process Create:\nRuleName: \nUtcTime: 2018-09-19 12:49:15.890\nProcessGuid: {2D3B23BE-45CB-5BA2-0000-001023D00000}\nProcessId: 992\nImage: C:\\Windows\\System32\\svchost.exe\nFileVersion: 6.1.7600.16385 (win7_rtm.090713-1255)\nDescription: Hostprozess für Windows-Dienste\nProduct: Betriebssystem Microsoft® Windows®\nCompany: Microsoft Corporation\nCommandLine: C:\\Windows\\system32\\svchost.exe -k GPSvcGroup\nCurrentDirectory: C:\\Windows\\system32\\\nUser: NT-AUTORITÄT\\SYSTEM\nLogonGuid: {2D3B23BE-45CA-5BA2-0000-0020E7030000}\nLogonId: 0x3e7\nTerminalSessionId: 0\nIntegrityLevel: System\nHashes: MD5=C78655BC80301D76ED4FEF1C1EA40A7D,SHA256=93B2ED4004ED5F7F3039DD7ECBD22C7E4E24B6373B4D9EF8D6E45A179B13A5E8\nParentProcessGuid: {2D3B23BE-45CA-5BA2-0000-00104A5C0000}\nParentProcessId: 488\nParentImage: C:\\Windows\\System32\\services.exe\nParentCommandLine: C:\\Windows\\system32\\services.exe","provider_guid":"{5770385F-C22A-43E0-BF4C-06F5698FFBD9}","beat":{"version":"6.4.0","name":"flare-PC","hostname":"flare-PC"},"tags":["beats_input_codec_plain_applied"],"task":"Process Create (rule: ProcessCreate)","type":"wineventlog","event_id":1,"version":5,"host":{"name":"flare-PC"},"user":{"domain":"NT-AUTORITÄT","identifier":"S-1-5-18","type":"User","name":"SYSTEM"},"record_number":"867","opcode":"Info"}
{"index":{"_index":"winlogbeat-6.4.0-2018.09.19","_type":"doc","_id":"KF_g8WUBfVn9xHWi5DpF"}}
{"thread_id":1824,"event_data":{"ParentProcessGuid":"{2D3B23BE-45CA-5BA2-0000-00104A5C0000}","Product":"Betriebssystem Microsoft® Windows®","UtcTime":"2018-09-19 12:49:18.671","Image":"C:\\Windows\\System32\\taskhost.exe","Description":"Hostprozess für Windows-Aufgaben","Hashes":"MD5=639774C9ACD063F028F6084ABF5593AD,SHA256=9DFD80610CBBC9188F6C6BC85C87016B0AE42254FC289C2B578E85282BDD9C23","User":"flare-PC\\flare","FileVersion":"6.1.7600.16385 (win7_rtm.090713-1255)","ParentCommandLine":"C:\\Windows\\system32\\services.exe","LogonId":"0xe320","LogonGuid":"{2D3B23BE-45CC-5BA2-0000-002020E30000}","CommandLine":"\"taskhost.exe\"","CurrentDirectory":"C:\\Windows\\system32\\","ProcessId":"1448","Company":"Microsoft Corporation","IntegrityLevel":"Medium","TerminalSessionId":"1","ParentProcessId":"488","ParentImage":"C:\\Windows\\System32\\services.exe","ProcessGuid":"{2D3B23BE-45CE-5BA2-0000-0010C6310100}"},"@timestamp":"2018-09-19T12:49:28.391Z","log_name":"Microsoft-Windows-Sysmon/Operational","level":"Informationen","computer_name":"flare-PC","source_name":"Microsoft-Windows-Sysmon","process_id":1304,"provider_guid":"{5770385F-C22A-43E0-BF4C-06F5698FFBD9}","message":"Process Create:\nRuleName: \nUtcTime: 2018-09-19 12:49:18.671\nProcessGuid: {2D3B23BE-45CE-5BA2-0000-0010C6310100}\nProcessId: 1448\nImage: C:\\Windows\\System32\\taskhost.exe\nFileVersion: 6.1.7600.16385 (win7_rtm.090713-1255)\nDescription: Hostprozess für Windows-Aufgaben\nProduct: Betriebssystem Microsoft® Windows®\nCompany: Microsoft Corporation\nCommandLine: \"taskhost.exe\"\nCurrentDirectory: C:\\Windows\\system32\\\nUser: flare-PC\\flare\nLogonGuid: {2D3B23BE-45CC-5BA2-0000-002020E30000}\nLogonId: 0xe320\nTerminalSessionId: 1\nIntegrityLevel: Medium\nHashes: MD5=639774C9ACD063F028F6084ABF5593AD,SHA256=9DFD80610CBBC9188F6C6BC85C87016B0AE42254FC289C2B578E85282BDD9C23\nParentProcessGuid: {2D3B23BE-45CA-5BA2-0000-00104A5C0000}\nParentProcessId: 488\nParentImage: C:\\Windows\\System32\\services.exe\nParentCommandLine: C:\\Windows\\system32\\services.exe","@version":"1","beat":{"version":"6.4.0","name":"flare-PC","hostname":"flare-PC"},"tags":["beats_input_codec_plain_applied"],"type":"wineventlog","record_number":"871","task":"Process Create (rule: ProcessCreate)","host":{"name":"flare-PC"},"user":{"domain":"NT-AUTORITÄT","identifier":"S-1-5-18","type":"User","name":"SYSTEM"},"version":5,"event_id":1,"opcode":"Info"}
{"index":{"_index":"winlogbeat-6.4.0-2018.09.19","_type":"doc","_id":"KV_g8WUBfVn9xHWi5DpF"}}
{"thread_id":1824,"event_data":{"ParentProcessGuid":"{2D3B23BE-45CF-5BA2-0000-0010A9450100}","User":"flare-PC\\flare","UtcTime":"2018-09-19 12:49:20.102","Image":"C:\\Windows\\explorer.exe","Description":"Windows-Explorer","Hashes":"MD5=38AE1B3C38FAEF56FE4907922F0385BA,SHA256=D5BC504277172BE5C54B60AD5C13209DC1F729131DEF084DE3EC8C72E54C58EF","Product":"Betriebssystem Microsoft® Windows®","FileVersion":"6.1.7600.16385 (win7_rtm.090713-1255)","ParentCommandLine":"C:\\Windows\\system32\\userinit.exe","LogonId":"0xe320","TerminalSessionId":"1","LogonGuid":"{2D3B23BE-45CC-5BA2-0000-002020E30000}","CurrentDirectory":"C:\\Windows\\system32\\","ParentProcessId":"1580","ProcessId":"1692","IntegrityLevel":"Medium","CommandLine":"C:\\Windows\\Explorer.EXE","ParentImage":"C:\\Windows\\System32\\userinit.exe","Company":"Microsoft Corporation","ProcessGuid":"{2D3B23BE-45D0-5BA2-0000-0010C3580100}"},"@timestamp":"2018-09-19T12:49:28.625Z","log_name":"Microsoft-Windows-Sysmon/Operational","level":"Informationen","computer_name":"flare-PC","source_name":"Microsoft-Windows-Sysmon","process_id":1304,"@version":"1","provider_guid":"{5770385F-C22A-43E0-BF4C-06F5698FFBD9}","message":"Process Create:\nRuleName: \nUtcTime: 2018-09-19 12:49:20.102\nProcessGuid: {2D3B23BE-45D0-5BA2-0000-0010C3580100}\nProcessId: 1692\nImage: C:\\Windows\\explorer.exe\nFileVersion: 6.1.7600.16385 (win7_rtm.090713-1255)\nDescription: Windows-Explorer\nProduct: Betriebssystem Microsoft® Windows®\nCompany: Microsoft Corporation\nCommandLine: C:\\Windows\\Explorer.EXE\nCurrentDirectory: C:\\Windows\\system32\\\nUser: flare-PC\\flare\nLogonGuid: {2D3B23BE-45CC-5BA2-0000-002020E30000}\nLogonId: 0xe320\nTerminalSessionId: 1\nIntegrityLevel: Medium\nHashes: MD5=38AE1B3C38FAEF56FE4907922F0385BA,SHA256=D5BC504277172BE5C54B60AD5C13209DC1F729131DEF084DE3EC8C72E54C58EF\nParentProcessGuid: {2D3B23BE-45CF-5BA2-0000-0010A9450100}\nParentProcessId: 1580\nParentImage: C:\\Windows\\System32\\userinit.exe\nParentCommandLine: C:\\Windows\\system32\\userinit.exe","beat":{"version":"6.4.0","name":"flare-PC","hostname":"flare-PC"},"tags":["beats_input_codec_plain_applied"],"type":"wineventlog","task":"Process Create (rule: ProcessCreate)","event_id":1,"host":{"name":"flare-PC"},"user":{"name":"SYSTEM","domain":"NT-AUTORITÄT","type":"User","identifier":"S-1-5-18"},"record_number":"875","version":5,"opcode":"Info"}
{"index":{"_index":"winlogbeat-6.4.0-2018.09.19","_type":"doc","_id":"HV_g8WUBfVn9xHWi5DpC"}}
{"thread_id":1824,"event_data":{"UtcTime":"2018-09-19 12:49:27.813","Image":"C:\\Windows\\system32\\svchost.exe","Details":"Binary Data","EventType":"SetValue","TargetObject":"HKLM\\SOFTWARE\\Microsoft\\Windows NT\\CurrentVersion\\NetworkList\\Profiles\\{B8914A71-D006-4634-9857-87D667127A14}\\DateLastConnected","ProcessId":"876","ProcessGuid":"{2D3B23BE-45CB-5BA2-0000-0010C9C40000}"},"@timestamp":"2018-09-19T12:49:28.959Z","log_name":"Microsoft-Windows-Sysmon/Operational","level":"Informationen","computer_name":"flare-PC","source_name":"Microsoft-Windows-Sysmon","process_id":1304,"@version":"1","message":"Registry value set:\nRuleName: \nEventType: SetValue\nUtcTime: 2018-09-19 12:49:27.813\nProcessGuid: {2D3B23BE-45CB-5BA2-0000-0010C9C40000}\nProcessId: 876\nImage: C:\\Windows\\system32\\svchost.exe\nTargetObject: HKLM\\SOFTWARE\\Microsoft\\Windows NT\\CurrentVersion\\NetworkList\\Profiles\\{B8914A71-D006-4634-9857-87D667127A14}\\DateLastConnected\nDetails: Binary Data","provider_guid":"{5770385F-C22A-43E0-BF4C-06F5698FFBD9}","beat":{"version":"6.4.0","name":"flare-PC","hostname":"flare-PC"},"tags":["beats_input_codec_plain_applied"],"task":"Registry value set (rule: RegistryEvent)","event_id":13,"type":"wineventlog","version":2,"user":{"domain":"NT-AUTORITÄT","identifier":"S-1-5-18","type":"User","name":"SYSTEM"},"host":{"name":"flare-PC"},"record_number":"877","opcode":"Info"}
{"index":{"_index":"winlogbeat-6.4.0-2018.09.19","_type":"doc","_id":"MF_g8WUBfVn9xHWi5DpF"}}
{"thread_id":1824,"event_data":{"ParentProcessGuid":"{2D3B23BE-45CA-5BA2-0000-00104A5C0000}","Product":"Betriebssystem Microsoft® Windows®","UtcTime":"2018-09-19 12:49:28.610","Hashes":"MD5=639774C9ACD063F028F6084ABF5593AD,SHA256=9DFD80610CBBC9188F6C6BC85C87016B0AE42254FC289C2B578E85282BDD9C23","User":"NT-AUTORITÄT\\SYSTEM","Image":"C:\\Windows\\System32\\taskhost.exe","LogonId":"0x3e7","ParentImage":"C:\\Windows\\System32\\services.exe","ParentCommandLine":"C:\\Windows\\system32\\services.exe","FileVersion":"6.1.7600.16385 (win7_rtm.090713-1255)","LogonGuid":"{2D3B23BE-45CA-5BA2-0000-0020E7030000}","TerminalSessionId":"0","ParentProcessId":"488","ProcessId":"2268","CommandLine":"taskhost.exe SYSTEM","CurrentDirectory":"C:\\Windows\\system32\\","Company":"Microsoft Corporation","IntegrityLevel":"System","Description":"Hostprozess für Windows-Aufgaben","ProcessGuid":"{2D3B23BE-45D8-5BA2-0000-0010EF040200}"},"@timestamp":"2018-09-19T12:49:28.959Z","log_name":"Microsoft-Windows-Sysmon/Operational","level":"Informationen","computer_name":"flare-PC","source_name":"Microsoft-Windows-Sysmon","process_id":1304,"message":"Process Create:\nRuleName: \nUtcTime: 2018-09-19 12:49:28.610\nProcessGuid: {2D3B23BE-45D8-5BA2-0000-0010EF040200}\nProcessId: 2268\nImage: C:\\Windows\\System32\\taskhost.exe\nFileVersion: 6.1.7600.16385 (win7_rtm.090713-1255)\nDescription: Hostprozess für Windows-Aufgaben\nProduct: Betriebssystem Microsoft® Windows®\nCompany: Microsoft Corporation\nCommandLine: taskhost.exe SYSTEM\nCurrentDirectory: C:\\Windows\\system32\\\nUser: NT-AUTORITÄT\\SYSTEM\nLogonGuid: {2D3B23BE-45CA-5BA2-0000-0020E7030000}\nLogonId: 0x3e7\nTerminalSessionId: 0\nIntegrityLevel: System\nHashes: MD5=639774C9ACD063F028F6084ABF5593AD,SHA256=9DFD80610CBBC9188F6C6BC85C87016B0AE42254FC289C2B578E85282BDD9C23\nParentProcessGuid: {2D3B23BE-45CA-5BA2-0000-00104A5C0000}\nParentProcessId: 488\nParentImage: C:\\Windows\\System32\\services.exe\nParentCommandLine: C:\\Windows\\system32\\services.exe","@version":"1","provider_guid":"{5770385F-C22A-43E0-BF4C-06F5698FFBD9}","beat":{"version":"6.4.0","name":"flare-PC","hostname":"flare-PC"},"tags":["beats_input_codec_plain_applied"],"type":"wineventlog","event_id":1,"record_number":"878","version":5,"user":{"name":"SYSTEM","identifier":"S-1-5-18","domain":"NT-AUTORITÄT","type":"User"},"host":{"name":"flare-PC"},"task":"Process Create (rule: ProcessCreate)","opcode":"Info"}
{"index":{"_index":"winlogbeat-6.4.0-2018.09.19","_type":"doc","_id":"51_g8WUBfVn9xHWizzke"}}
{"thread_id":128,"@timestamp":"2018-09-19T12:49:15.921Z","log_name":"Application","level":"Informationen","computer_name":"flare-PC","source_name":"Microsoft-Windows-User Profiles Service","process_id":912,"message":"Der Benutzerprofildienst wurde erfolgreich gestartet.  ","@version":"1","provider_guid":"{89B1E9F0-5AFF-44A6-9B44-0A07A7CE5845}","beat":{"version":"6.4.0","name":"flare-PC","hostname":"flare-PC"},"tags":["beats_input_codec_plain_applied"],"type":"wineventlog","event_id":1531,"record_number":"2375","host":{"name":"flare-PC"},"user":{"name":"SYSTEM","identifier":"S-1-5-18","domain":"NT-AUTORITÄT","type":"User"},"opcode":"Info"}
{"index":{"_index":"winlogbeat-6.4.0-2018.09.19","_type":"doc","_id":"6F_g8WUBfVn9xHWizzke"}}
{"thread_id":2844,"@timestamp":"2018-09-19T12:47:54.727Z","keywords":["Überwachung erfolgreich"],"log_name":"Security","level":"Informationen","computer_name":"flare-PC","source_name":"Microsoft-Windows-Eventlog","process_id":780,"message":"Der Ereignisprotokollierungsdienst wurde heruntergefahren.","@version":"1","provider_guid":"{fc65ddd8-d6ef-4962-83d5-6e5cfe9ce148}","beat":{"version":"6.4.0","name":"flare-PC","hostname":"flare-PC"},"tags":["beats_input_codec_plain_applied"],"task":"Dienst wird heruntergefahren","event_id":1100,"type":"wineventlog","host":{"name":"flare-PC"},"record_number":"16701","opcode":"Info"}
{"index":{"_index":"winlogbeat-6.4.0-2018.09.19","_type":"doc","_id":"6l_g8WUBfVn9xHWizzke"}}
{"thread_id":580,"event_data":{"SubjectDomainName":"NT-AUTORITÄT","SubjectLogonId":"0x3e7","SubjectUserName":"SYSTEM","SubjectUserSid":"S-1-5-18","PrivilegeList":"SeAssignPrimaryTokenPrivilege\n\t\t\tSeTcbPrivilege\n\t\t\tSeSecurityPrivilege\n\t\t\tSeTakeOwnershipPrivilege\n\t\t\tSeLoadDriverPrivilege\n\t\t\tSeBackupPrivilege\n\t\t\tSeRestorePrivilege\n\t\t\tSeDebugPrivilege\n\t\t\tSeAuditPrivilege\n\t\t\tSeSystemEnvironmentPrivilege\n\t\t\tSeImpersonatePrivilege"},"@timestamp":"2018-09-19T12:49:15.546Z","keywords":["Überwachung erfolgreich"],"log_name":"Security","level":"Informationen","computer_name":"flare-PC","source_name":"Microsoft-Windows-Security-Auditing","process_id":512,"provider_guid":"{54849625-5478-4994-A5BA-3E3B0328C30D}","message":"Einer neuen Anmeldung wurden besondere Rechte zugewiesen.\n\nAntragsteller:\n\tSicherheits-ID:\t\tS-1-5-18\n\tKontoname:\t\tSYSTEM\n\tKontodomäne:\t\tNT-AUTORITÄT\n\tAnmelde-ID:\t\t0x3e7\n\nBerechtigungen:\t\tSeAssignPrimaryTokenPrivilege\n\t\t\tSeTcbPrivilege\n\t\t\tSeSecurityPrivilege\n\t\t\tSeTakeOwnershipPrivilege\n\t\t\tSeLoadDriverPrivilege\n\t\t\tSeBackupPrivilege\n\t\t\tSeRestorePrivilege\n\t\t\tSeDebugPrivilege\n\t\t\tSeAuditPrivilege\n\t\t\tSeSystemEnvironmentPrivilege\n\t\t\tSeImpersonatePrivilege","@version":"1","beat":{"version":"6.4.0","name":"flare-PC","hostname":"flare-PC"},"tags":["beats_input_codec_plain_applied"],"task":"Spezielle Anmeldung","record_number":"16714","event_id":4672,"type":"wineventlog","host":{"name":"flare-PC"},"opcode":"Info"}
{"index":{"_index":"winlogbeat-6.4.0-2018.09.19","_type":"doc","_id":"7F_g8WUBfVn9xHWizzke"}}
{"thread_id":548,"event_data":{"ProcessName":"C:\\Windows\\System32\\services.exe","AuthenticationPackageName":"Negotiate","LmPackageName":"-","IpAddress":"-","IpPort":"-","SubjectLogonId":"0x3e7","TargetUserName":"SYSTEM","TargetDomainName":"NT-AUTORITÄT","KeyLength":"0","LogonType":"5","LogonGuid":"{00000000-0000-0000-0000-000000000000}","SubjectUserSid":"S-1-5-18","ProcessId":"0x1e8","LogonProcessName":"Advapi  ","SubjectDomainName":"WORKGROUP","TargetUserSid":"S-1-5-18","SubjectUserName":"FLARE-PC$","TargetLogonId":"0x3e7","TransmittedServices":"-"},"@timestamp":"2018-09-19T12:49:17.937Z","keywords":["Überwachung erfolgreich"],"log_name":"Security","level":"Informationen","computer_name":"flare-PC","source_name":"Microsoft-Windows-Security-Auditing","process_id":512,"message":"Ein Konto wurde erfolgreich angemeldet.\n\nAntragsteller:\n\tSicherheits-ID:\t\tS-1-5-18\n\tKontoname:\t\tFLARE-PC$\n\tKontodomäne:\t\tWORKGROUP\n\tAnmelde-ID:\t\t0x3e7\n\nAnmeldetyp:\t\t\t5\n\nNeue Anmeldung:\n\tSicherheits-ID:\t\tS-1-5-18\n\tKontoname:\t\tSYSTEM\n\tKontodomäne:\t\tNT-AUTORITÄT\n\tAnmelde-ID:\t\t0x3e7\n\tAnmelde-GUID:\t\t{00000000-0000-0000-0000-000000000000}\n\nProzessinformationen:\n\tProzess-ID:\t\t0x1e8\n\tProzessname:\t\tC:\\Windows\\System32\\services.exe\n\nNetzwerkinformationen:\n\tArbeitsstationsname:\t\n\tQuellnetzwerkadresse:\t-\n\tQuellport:\t\t-\n\nDetaillierte Authentifizierungsinformationen:\n\tAnmeldeprozess:\t\tAdvapi  \n\tAuthentifizierungspaket:\tNegotiate\n\tÜbertragene Dienste:\t-\n\tPaketname (nur NTLM):\t-\n\tSchlüssellänge:\t\t0\n\nDieses Ereignis wird beim Erstellen einer Anmeldesitzung generiert. Es wird auf dem Computer generiert, auf den zugegriffen wurde.\n\nDie Antragstellerfelder geben das Konto auf dem lokalen System an, von dem die Anmeldung angefordert wurde. Dies ist meistens ein Dienst wie der Serverdienst oder ein lokaler Prozess wie \"Winlogon.exe\" oder \"Services.exe\".\n\nDas Anmeldetypfeld gibt den jeweiligen Anmeldetyp an. Die häufigsten Typen sind 2 (interaktiv) und 3 (Netzwerk).\n\nDie Felder für die neue Anmeldung geben das Konto an, für das die Anmeldung erstellt wurde, d. h. das angemeldete Konto.\n\nDie Netzwerkfelder geben die Quelle einer Remoteanmeldeanforderung an. der Arbeitsstationsname ist nicht immer verfügbar und kann in manchen Fällen leer bleiben.\n\nDie Felder für die Authentifizierungsinformationen enthalten detaillierte Informationen zu dieser speziellen Anmeldeanforderung.\n\t - Die Anmelde-GUID ist ein eindeutiger Bezeichner, der verwendet werden kann, um dieses Ereignis mit einem KDC-Ereignis zu korrelieren.\n\t- Die übertragenen Dienste geben an, welche Zwischendienste an der Anmeldeanforderung beteiligt waren.\n\t- Der Paketname gibt das in den NTLM-Protokollen verwendete Unterprotokoll an.\n\t- Die Schlüssellänge gibt die Länge des generierten Sitzungsschlüssels an. Wenn kein Sitzungsschlüssel angefordert wurde, ist dieser Wert 0.","@version":"1","provider_guid":"{54849625-5478-4994-A5BA-3E3B0328C30D}","beat":{"version":"6.4.0","name":"flare-PC","hostname":"flare-PC"},"tags":["beats_input_codec_plain_applied"],"type":"wineventlog","task":"Anmelden","event_id":4624,"record_number":"16722","host":{"name":"flare-PC"},"opcode":"Info"}
{"index":{"_index":"winlogbeat-6.4.0-2018.09.19","_type":"doc","_id":"71_g8WUBfVn9xHWizzke"}}
{"thread_id":776,"event_data":{"DwordVal":"1"},"@timestamp":"2018-09-19T12:47:54.790Z","log_name":"System","level":"Informationen","computer_name":"flare-PC","source_name":"Microsoft-Windows-DHCPv6-Client","process_id":780,"message":"Der DHCPv6-Clientdienst wird beendet. Der ShutDown-Kennzeichenwert lautet 1.","@version":"1","provider_guid":"{6A1F2B00-6A90-4C38-95A5-5CAB3B056778}","beat":{"version":"6.4.0","name":"flare-PC","hostname":"flare-PC"},"tags":["beats_input_codec_plain_applied"],"type":"wineventlog","event_id":51047,"task":"Dienststatusereignis","host":{"name":"flare-PC"},"user":{"name":"LOKALER DIENST","identifier":"S-1-5-19","domain":"NT-AUTORITÄT","type":"Well Known Group"},"record_number":"11608","opcode":"Der Dienst wird beendet."}
{"index":{"_index":"winlogbeat-6.4.0-2018.09.19","_type":"doc","_id":"8V_g8WUBfVn9xHWizzke"}}
{"thread_id":3348,"event_data":{"param2":"Beendet","Binary":"540072006B0057006B0073002F0031000000","param1":"Überwachung verteilter Verknüpfungen (Client)"},"@timestamp":"2018-09-19T12:47:54.961Z","log_name":"System","keywords":["Klassisch"],"level":"Informationen","computer_name":"flare-PC","source_name":"Service Control Manager","process_id":496,"message":"Dienst \"Überwachung verteilter Verknüpfungen (Client)\" befindet sich jetzt im Status \"Beendet\".","@version":"1","provider_guid":"{555908d1-a6d7-4695-8e1e-26931d2012f4}","beat":{"version":"6.4.0","name":"flare-PC","hostname":"flare-PC"},"tags":["beats_input_codec_plain_applied"],"type":"wineventlog","record_number":"11616","event_id":7036,"host":{"name":"flare-PC"}}
{"index":{"_index":"winlogbeat-6.4.0-2018.09.19","_type":"doc","_id":"8l_g8WUBfVn9xHWizzke"}}
{"thread_id":1012,"event_data":{"param2":"Beendet","param1":"Windows-Verwaltungsinstrumentation","Binary":"570069006E006D0067006D0074002F0031000000"},"@timestamp":"2018-09-19T12:47:54.961Z","keywords":["Klassisch"],"log_name":"System","level":"Informationen","computer_name":"flare-PC","source_name":"Service Control Manager","process_id":496,"message":"Dienst \"Windows-Verwaltungsinstrumentation\" befindet sich jetzt im Status \"Beendet\".","@version":"1","provider_guid":"{555908d1-a6d7-4695-8e1e-26931d2012f4}","beat":{"version":"6.4.0","name":"flare-PC","hostname":"flare-PC"},"tags":["beats_input_codec_plain_applied"],"type":"wineventlog","record_number":"11620","event_id":7036,"host":{"name":"flare-PC"}}
{"index":{"_index":"winlogbeat-6.4.0-2018.09.19","_type":"doc","_id":"9F_g8WUBfVn9xHWizzke"}}
{"thread_id":1012,"event_data":{"param2":"Beendet","param1":"UPnP-Gerätehost","Binary":"750070006E00700068006F00730074002F0031000000"},"@timestamp":"2018-09-19T12:47:55.969Z","keywords":["Klassisch"],"log_name":"System","level":"Informationen","computer_name":"flare-PC","source_name":"Service Control Manager","process_id":496,"message":"Dienst \"UPnP-Gerätehost\" befindet sich jetzt im Status \"Beendet\".","@version":"1","provider_guid":"{555908d1-a6d7-4695-8e1e-26931d2012f4}","beat":{"version":"6.4.0","name":"flare-PC","hostname":"flare-PC"},"tags":["beats_input_codec_plain_applied"],"type":"wineventlog","event_id":7036,"record_number":"11628","host":{"name":"flare-PC"}}
{"index":{"_index":"winlogbeat-6.4.0-2018.09.19","_type":"doc","_id":"kl_g8WUBfVn9xHWiyTkg"}}
{"thread_id":116,"@timestamp":"2018-09-19T12:47:54.946Z","log_name":"Application","level":"Informationen","computer_name":"flare-PC","source_name":"Microsoft-Windows-User Profiles Service","process_id":908,"@version":"1","message":"Das Benutzerprofil wurde angehalten  ","provider_guid":"{89B1E9F0-5AFF-44A6-9B44-0A07A7CE5845}","beat":{"version":"6.4.0","name":"flare-PC","hostname":"flare-PC"},"tags":["beats_input_codec_plain_applied"],"type":"wineventlog","record_number":"2373","event_id":1532,"host":{"name":"flare-PC"},"user":{"name":"SYSTEM","identifier":"S-1-5-18","domain":"NT-AUTORITÄT","type":"User"},"opcode":"Info"}
{"index":{"_index":"winlogbeat-6.4.0-2018.09.19","_type":"doc","_id":"lV_g8WUBfVn9xHWiyTkg"}}
{"thread_id":580,"event_data":{"SubjectDomainName":"NT-AUTORITÄT","SubjectLogonId":"0x3e7","SubjectUserName":"SYSTEM","SubjectUserSid":"S-1-5-18","PrivilegeList":"SeAssignPrimaryTokenPrivilege\n\t\t\tSeTcbPrivilege\n\t\t\tSeSecurityPrivilege\n\t\t\tSeTakeOwnershipPrivilege\n\t\t\tSeLoadDriverPrivilege\n\t\t\tSeBackupPrivilege\n\t\t\tSeRestorePrivilege\n\t\t\tSeDebugPrivilege\n\t\t\tSeAuditPrivilege\n\t\t\tSeSystemEnvironmentPrivilege\n\t\t\tSeImpersonatePrivilege"},"@timestamp":"2018-09-19T12:49:15.484Z","keywords":["Überwachung erfolgreich"],"log_name":"Security","level":"Informationen","computer_name":"flare-PC","source_name":"Microsoft-Windows-Security-Auditing","process_id":512,"provider_guid":"{54849625-5478-4994-A5BA-3E3B0328C30D}","message":"Einer neuen Anmeldung wurden besondere Rechte zugewiesen.\n\nAntragsteller:\n\tSicherheits-ID:\t\tS-1-5-18\n\tKontoname:\t\tSYSTEM\n\tKontodomäne:\t\tNT-AUTORITÄT\n\tAnmelde-ID:\t\t0x3e7\n\nBerechtigungen:\t\tSeAssignPrimaryTokenPrivilege\n\t\t\tSeTcbPrivilege\n\t\t\tSeSecurityPrivilege\n\t\t\tSeTakeOwnershipPrivilege\n\t\t\tSeLoadDriverPrivilege\n\t\t\tSeBackupPrivilege\n\t\t\tSeRestorePrivilege\n\t\t\tSeDebugPrivilege\n\t\t\tSeAuditPrivilege\n\t\t\tSeSystemEnvironmentPrivilege\n\t\t\tSeImpersonatePrivilege","@version":"1","beat":{"version":"6.4.0","name":"flare-PC","hostname":"flare-PC"},"tags":["beats_input_codec_plain_applied"],"type":"wineventlog","record_number":"16712","event_id":4672,"task":"Spezielle Anmeldung","host":{"name":"flare-PC"},"opcode":"Info"}
{"index":{"_index":"winlogbeat-6.4.0-2018.09.19","_type":"doc","_id":"ll_g8WUBfVn9xHWiyTkg"}}
{"thread_id":576,"event_data":{"AuthenticationPackageName":"Negotiate","LogonType":"2","WorkstationName":"FLARE-PC","IpAddress":"127.0.0.1","IpPort":"0","SubjectLogonId":"0x3e7","TargetUserName":"flare","LmPackageName":"-","KeyLength":"0","ProcessName":"C:\\Windows\\System32\\winlogon.exe","TargetDomainName":"flare-PC","LogonGuid":"{00000000-0000-0000-0000-000000000000}","SubjectUserSid":"S-1-5-18","ProcessId":"0x1cc","LogonProcessName":"User32 ","SubjectDomainName":"WORKGROUP","TargetUserSid":"S-1-5-21-4019173901-3792766986-1456451320-1001","SubjectUserName":"FLARE-PC$","TargetLogonId":"0xe2f8","TransmittedServices":"-"},"@timestamp":"2018-09-19T12:49:16.859Z","keywords":["Überwachung erfolgreich"],"log_name":"Security","level":"Informationen","computer_name":"flare-PC","source_name":"Microsoft-Windows-Security-Auditing","process_id":512,"@version":"1","provider_guid":"{54849625-5478-4994-A5BA-3E3B0328C30D}","message":"Ein Konto wurde erfolgreich angemeldet.\n\nAntragsteller:\n\tSicherheits-ID:\t\tS-1-5-18\n\tKontoname:\t\tFLARE-PC$\n\tKontodomäne:\t\tWORKGROUP\n\tAnmelde-ID:\t\t0x3e7\n\nAnmeldetyp:\t\t\t2\n\nNeue Anmeldung:\n\tSicherheits-ID:\t\tS-1-5-21-4019173901-3792766986-1456451320-1001\n\tKontoname:\t\tflare\n\tKontodomäne:\t\tflare-PC\n\tAnmelde-ID:\t\t0xe2f8\n\tAnmelde-GUID:\t\t{00000000-0000-0000-0000-000000000000}\n\nProzessinformationen:\n\tProzess-ID:\t\t0x1cc\n\tProzessname:\t\tC:\\Windows\\System32\\winlogon.exe\n\nNetzwerkinformationen:\n\tArbeitsstationsname:\tFLARE-PC\n\tQuellnetzwerkadresse:\t127.0.0.1\n\tQuellport:\t\t0\n\nDetaillierte Authentifizierungsinformationen:\n\tAnmeldeprozess:\t\tUser32 \n\tAuthentifizierungspaket:\tNegotiate\n\tÜbertragene Dienste:\t-\n\tPaketname (nur NTLM):\t-\n\tSchlüssellänge:\t\t0\n\nDieses Ereignis wird beim Erstellen einer Anmeldesitzung generiert. Es wird auf dem Computer generiert, auf den zugegriffen wurde.\n\nDie Antragstellerfelder geben das Konto auf dem lokalen System an, von dem die Anmeldung angefordert wurde. Dies ist meistens ein Dienst wie der Serverdienst oder ein lokaler Prozess wie \"Winlogon.exe\" oder \"Services.exe\".\n\nDas Anmeldetypfeld gibt den jeweiligen Anmeldetyp an. Die häufigsten Typen sind 2 (interaktiv) und 3 (Netzwerk).\n\nDie Felder für die neue Anmeldung geben das Konto an, für das die Anmeldung erstellt wurde, d. h. das angemeldete Konto.\n\nDie Netzwerkfelder geben die Quelle einer Remoteanmeldeanforderung an. der Arbeitsstationsname ist nicht immer verfügbar und kann in manchen Fällen leer bleiben.\n\nDie Felder für die Authentifizierungsinformationen enthalten detaillierte Informationen zu dieser speziellen Anmeldeanforderung.\n\t - Die Anmelde-GUID ist ein eindeutiger Bezeichner, der verwendet werden kann, um dieses Ereignis mit einem KDC-Ereignis zu korrelieren.\n\t- Die übertragenen Dienste geben an, welche Zwischendienste an der Anmeldeanforderung beteiligt waren.\n\t- Der Paketname gibt das in den NTLM-Protokollen verwendete Unterprotokoll an.\n\t- Die Schlüssellänge gibt die Länge des generierten Sitzungsschlüssels an. Wenn kein Sitzungsschlüssel angefordert wurde, ist dieser Wert 0.","beat":{"version":"6.4.0","name":"flare-PC","hostname":"flare-PC"},"tags":["beats_input_codec_plain_applied"],"type":"wineventlog","record_number":"16716","event_id":4624,"host":{"name":"flare-PC"},"task":"Anmelden","opcode":"Info"}
{"index":{"_index":"winlogbeat-6.4.0-2018.09.19","_type":"doc","_id":"mF_g8WUBfVn9xHWiyTkg"}}
{"thread_id":580,"@timestamp":"2018-09-19T12:49:18.531Z","keywords":["Überwachung erfolgreich"],"log_name":"Security","level":"Informationen","computer_name":"flare-PC","source_name":"Microsoft-Windows-Security-Auditing","process_id":512,"provider_guid":"{54849625-5478-4994-A5BA-3E3B0328C30D}","message":"Der Windows-Firewalldienst wurde erfolgreich gestartet.","@version":"1","beat":{"version":"6.4.0","name":"flare-PC","hostname":"flare-PC"},"tags":["beats_input_codec_plain_applied"],"type":"wineventlog","record_number":"16724","task":"Andere Systemereignisse","host":{"name":"flare-PC"},"event_id":5024,"opcode":"Info"}
{"index":{"_index":"winlogbeat-6.4.0-2018.09.19","_type":"doc","_id":"mV_g8WUBfVn9xHWiyTkg"}}
{"thread_id":2848,"event_data":{"param2":"Beendet","Binary":"770075006100750073006500720076002F0031000000","param1":"Windows Update"},"@timestamp":"2018-09-19T12:47:54.367Z","keywords":["Klassisch"],"log_name":"System","level":"Informationen","computer_name":"flare-PC","source_name":"Service Control Manager","process_id":496,"@version":"1","provider_guid":"{555908d1-a6d7-4695-8e1e-26931d2012f4}","message":"Dienst \"Windows Update\" befindet sich jetzt im Status \"Beendet\".","beat":{"version":"6.4.0","name":"flare-PC","hostname":"flare-PC"},"tags":["beats_input_codec_plain_applied"],"type":"wineventlog","record_number":"11602","event_id":7036,"host":{"name":"flare-PC"}}
{"index":{"_index":"winlogbeat-6.4.0-2018.09.19","_type":"doc","_id":"nV_g8WUBfVn9xHWiyTkg"}}
{"thread_id":3112,"event_data":{"param2":"Beendet","Binary":"770069006E006C006F00670062006500610074002F0031000000","param1":"winlogbeat"},"@timestamp":"2018-09-19T12:47:54.961Z","log_name":"System","keywords":["Klassisch"],"level":"Informationen","computer_name":"flare-PC","source_name":"Service Control Manager","process_id":496,"provider_guid":"{555908d1-a6d7-4695-8e1e-26931d2012f4}","message":"Dienst \"winlogbeat\" befindet sich jetzt im Status \"Beendet\".","@version":"1","beat":{"version":"6.4.0","name":"flare-PC","hostname":"flare-PC"},"tags":["beats_input_codec_plain_applied"],"type":"wineventlog","record_number":"11618","event_id":7036,"host":{"name":"flare-PC"}}
{"index":{"_index":"winlogbeat-6.4.0-2018.09.19","_type":"doc","_id":"yV_g8WUBfVn9xHWiyTkh"}}
{"thread_id":516,"@timestamp":"2018-09-19T12:49:14.593Z","log_name":"Security","keywords":["Überwachung erfolgreich"],"level":"Informationen","computer_name":"flare-PC","source_name":"Microsoft-Windows-Security-Auditing","process_id":512,"provider_guid":"{54849625-5478-4994-A5BA-3E3B0328C30D}","message":"Windows wird gestartet.\n\nDieses Ereignis wird protokolliert, wenn LSASS.EXE gestartet und das Überwachungssubsystem initialisiert wird.","@version":"1","beat":{"version":"6.4.0","name":"flare-PC","hostname":"flare-PC"},"tags":["beats_input_codec_plain_applied"],"type":"wineventlog","event_id":4608,"record_number":"16702","host":{"name":"flare-PC"},"task":"Sicherheitsstatusänderung","opcode":"Info"}
{"index":{"_index":"winlogbeat-6.4.0-2018.09.19","_type":"doc","_id":"9l_g8WUBfVn9xHWizzke"}}
{"thread_id":3972,"event_data":{"StopTime":"2018-09-19T12:48:06.938476600Z"},"@timestamp":"2018-09-19T12:48:06.938Z","log_name":"System","level":"Informationen","computer_name":"flare-PC","source_name":"Microsoft-Windows-Kernel-General","process_id":4,"@version":"1","message":"Das Betriebssystem wird zur Systemzeit ‎2018‎-‎09‎-‎19T12:48:06.938476600Z heruntergefahren.","provider_guid":"{A68CA8B7-004F-D7B6-A698-07E2DE0F1F5D}","beat":{"version":"6.4.0","name":"flare-PC","hostname":"flare-PC"},"tags":["beats_input_codec_plain_applied"],"type":"wineventlog","event_id":13,"record_number":"11636","host":{"name":"flare-PC"},"opcode":"Info"}
{"index":{"_index":"winlogbeat-6.4.0-2018.09.19","_type":"doc","_id":"-F_g8WUBfVn9xHWizzke"}}
{"thread_id":516,"@timestamp":"2018-09-19T12:49:14.656Z","log_name":"System","level":"Informationen","computer_name":"flare-PC","source_name":"Microsoft-Windows-Directory-Services-SAM","process_id":512,"message":"Remoteaufrufe an die SAM-Datenbank werden mit der Standardsicherheitsbeschreibung eingeschränkt: .\nWeitere Informationen finden Sie unter: http://go.microsoft.com/fwlink/?LinkId=787651","@version":"1","provider_guid":"{0D4FDC09-8C27-494A-BDA0-505E4FD8ADAE}","beat":{"version":"6.4.0","name":"flare-PC","hostname":"flare-PC"},"tags":["beats_input_codec_plain_applied"],"type":"wineventlog","record_number":"11644","event_id":16962,"host":{"name":"flare-PC"},"user":{"name":"SYSTEM","identifier":"S-1-5-18","domain":"NT-AUTORITÄT","type":"User"},"opcode":"Info"}
