{"index":{"_index":"winlogbeat-6.4.0-2018.09.19","_type":"doc","_id":"e1_18WUBfVn9xHWi1zz1"}}
{"thread_id":1824,"event_data":{"ParentProcessGuid":"{2D3B23BE-4AF8-5BA2-0000-0010F61C1600}","Product":"Microsoft ® Windows Script Host","UtcTime":"2018-09-19 13:11:20.581","Hashes":"MD5=045451FA238A75305CC26AC982472367,SHA256=9C8A1B52A638CA87A5E7E60E635A3CBF89B04F5888995F55E2AD3D94AB009B97","Description":"Microsoft ® Windows Based Script Host","User":"flare-PC\\flare","LogonId":"0xe320","FileVersion":"5.8.7600.16385","ParentImage":"C:\\Windows\\explorer.exe","ParentCommandLine":"C:\\Windows\\Explorer.EXE","LogonGuid":"{2D3B23BE-45CC-5BA2-0000-002020E30000}","Company":"Microsoft Corporation","CommandLine":"\"C:\\Windows\\system32\\wscript.exe\" //B \"C:\\Users\\flare\\rta-vbs-persistence-startup-shortcut.vbs\"","ParentProcessId":"1160","CurrentDirectory":"C:\\Users\\flare\\Downloads\\RTA-master\\","IntegrityLevel":"Medium","TerminalSessionId":"1","ProcessId":"3580","Image":"C:\\Windows\\System32\\wscript.exe","ProcessGuid":"{2D3B23BE-4AF8-5BA2-0000-00106C531600}"},"@timestamp":"2018-09-19T13:11:20.596Z","log_name":"Microsoft-Windows-Sysmon/Operational","level":"Informationen","computer_name":"flare-PC","source_name":"Microsoft-Windows-Sysmon","process_id":1304,"provider_guid":"{5770385F-C22A-43E0-BF4C-06F5698FFBD9}","message":"Process Create:\nRuleName: \nUtcTime: 2018-09-19 13:11:20.581\nProcessGuid: {2D3B23BE-4AF8-5BA2-0000-00106C531600}\nProcessId: 3580\nImage: C:\\Windows\\System32\\wscript.exe\nFileVersion: 5.8.7600.16385\nDescription: Microsoft ® Windows Based Script Host\nProduct: Microsoft ® Windows Script Host\nCompany: Microsoft Corporation\nCommandLine: \"C:\\Windows\\system32\\wscript.exe\" //B \"C:\\Users\\flare\\rta-vbs-persistence-startup-shortcut.vbs\"\nCurrentDirectory: C:\\Users\\flare\\Downloads\\RTA-master\\\nUser: flare-PC\\flare\nLogonGuid: {2D3B23BE-45CC-5BA2-0000-002020E30000}\nLogonId: 0xe320\nTerminalSessionId: 1\nIntegrityLevel: Medium\nHashes: MD5=045451FA238A75305CC26AC982472367,SHA256=9C8A1B52A638CA87A5E7E60E635A3CBF89B04F5888995F55E2AD3D94AB009B97\nParentProcessGuid: {2D3B23BE-4AF8-5BA2-0000-0010F61C1600}\nParentProcessId: 1160\nParentImage: C:\\Windows\\explorer.exe\nParentCommandLine: C:\\Windows\\Explorer.EXE","@version":"1","beat":{"version":"6.4.0","name":"flare-PC","hostname":"flare-PC"},"tags":["beats_input_codec_plain_applied"],"type":"wineventlog","event_id":1,"record_number":"1365","host":{"name":"flare-PC"},"user":{"domain":"NT-AUTORITÄT","identifier":"S-1-5-18","type":"User","name":"SYSTEM"},"task":"Process Create (rule: ProcessCreate)","version":5,"opcode":"Info"}
{"index":{"_index":"winlogbeat-6.4.0-2018.09.19","_type":"doc","_id":"Hl_18WUBfVn9xHWiKTxe"}}
{"thread_id":1824,"event_data":{"ParentProcessGuid":"{2D3B23BE-4ACF-5BA2-0000-0010A9AB1300}","Product":"Microsoft® .NET Framework","User":"flare-PC\\flare","Hashes":"MD5=C09985AE74F0882F208D75DE27770DFA,SHA256=E24570ABD130832732D0DD3EC4EFB6E3E1835064513C8B8A2B1AE0D530B04534","UtcTime":"2018-09-19 13:10:40.197","Image":"C:\\Windows\\Microsoft.NET\\Framework\\v4.0.30319\\cvtres.exe","Description":"Microsoft® Resource File To COFF Object Conversion Utility","ParentImage":"C:\\Windows\\Microsoft.NET\\Framework\\v4.0.30319\\csc.exe","FileVersion":"12.00.52519.0 built by: VSWINSERVICING","LogonId":"0xe320","TerminalSessionId":"1","CommandLine":"C:\\Windows\\Microsoft.NET\\Framework\\v4.0.30319\\cvtres.exe /NOLOGO /READONLY /MACHINE:IX86 \"/OUT:C:\\Users\\flare\\AppData\\Local\\Temp\\RESB3B3.tmp\" \"c:\\Users\\flare\\AppData\\Local\\Temp\\CSCFE721CC29D8F4D939E83829772CEC696.TMP\"","CurrentDirectory":"C:\\Users\\flare\\Downloads\\RTA-master\\red_ttp\\","ProcessId":"1912","ParentProcessId":"3392","LogonGuid":"{2D3B23BE-45CC-5BA2-0000-002020E30000}","IntegrityLevel":"Medium","Company":"Microsoft Corporation","ParentCommandLine":"\"C:\\Windows\\Microsoft.NET\\Framework\\v4.0.30319\\csc.exe\" /noconfig /fullpaths @\"C:\\Users\\flare\\AppData\\Local\\Temp\\yifzgt45.cmdline\"","ProcessGuid":"{2D3B23BE-4AD0-5BA2-0000-001096AE1300}"},"@timestamp":"2018-09-19T13:10:40.197Z","log_name":"Microsoft-Windows-Sysmon/Operational","level":"Informationen","computer_name":"flare-PC","source_name":"Microsoft-Windows-Sysmon","process_id":1304,"provider_guid":"{5770385F-C22A-43E0-BF4C-06F5698FFBD9}","message":"Process Create:\nRuleName: \nUtcTime: 2018-09-19 13:10:40.197\nProcessGuid: {2D3B23BE-4AD0-5BA2-0000-001096AE1300}\nProcessId: 1912\nImage: C:\\Windows\\Microsoft.NET\\Framework\\v4.0.30319\\cvtres.exe\nFileVersion: 12.00.52519.0 built by: VSWINSERVICING\nDescription: Microsoft® Resource File To COFF Object Conversion Utility\nProduct: Microsoft® .NET Framework\nCompany: Microsoft Corporation\nCommandLine: C:\\Windows\\Microsoft.NET\\Framework\\v4.0.30319\\cvtres.exe /NOLOGO /READONLY /MACHINE:IX86 \"/OUT:C:\\Users\\flare\\AppData\\Local\\Temp\\RESB3B3.tmp\" \"c:\\Users\\flare\\AppData\\Local\\Temp\\CSCFE721CC29D8F4D939E83829772CEC696.TMP\"\nCurrentDirectory: C:\\Users\\flare\\Downloads\\RTA-master\\red_ttp\\\nUser: flare-PC\\flare\nLogonGuid: {2D3B23BE-45CC-5BA2-0000-002020E30000}\nLogonId: 0xe320\nTerminalSessionId: 1\nIntegrityLevel: Medium\nHashes: MD5=C09985AE74F0882F208D75DE27770DFA,SHA256=E24570ABD130832732D0DD3EC4EFB6E3E1835064513C8B8A2B1AE0D530B04534\nParentProcessGuid: {2D3B23BE-4ACF-5BA2-0000-0010A9AB1300}\nParentProcessId: 3392\nParentImage: C:\\Windows\\Microsoft.NET\\Framework\\v4.0.30319\\csc.exe\nParentCommandLine: \"C:\\Windows\\Microsoft.NET\\Framework\\v4.0.30319\\csc.exe\" /noconfig /fullpaths @\"C:\\Users\\flare\\AppData\\Local\\Temp\\yifzgt45.cmdline\"","@version":"1","beat":{"version":"6.4.0","name":"flare-PC","hostname":"flare-PC"},"tags":["beats_input_codec_plain_applied"],"task":"Process Create (rule: ProcessCreate)","record_number":"1292","type":"wineventlog","host":{"name":"flare-PC"},"user":{"name":"SYSTEM","identifier":"S-1-5-18","domain":"NT-AUTORITÄT","type":"User"},"version":5,"event_id":1,"opcode":"Info"}
{"index":{"_index":"winlogbeat-6.4.0-2018.09.19","_type":"doc","_id":"IF_18WUBfVn9xHWiKTxf"}}
{"thread_id":1824,"event_data":{"CreationUtcTime":"2018-09-19 13:10:39.179","UtcTime":"2018-09-19 13:10:39.257","Image":"C:\\Program Files (x86)\\Python27\\python.exe","TargetFilename":"C:\\Users\\flare\\Downloads\\RTA-master\\red_ttp\\tmp-file.csproj","ProcessId":"3792","ProcessGuid":"{2D3B23BE-4ACC-5BA2-0000-0010EB321300}"},"@timestamp":"2018-09-19T13:10:39.257Z","log_name":"Microsoft-Windows-Sysmon/Operational","level":"Informationen","computer_name":"flare-PC","source_name":"Microsoft-Windows-Sysmon","process_id":1304,"message":"File created:\nRuleName: \nUtcTime: 2018-09-19 13:10:39.257\nProcessGuid: {2D3B23BE-4ACC-5BA2-0000-0010EB321300}\nProcessId: 3792\nImage: C:\\Program Files (x86)\\Python27\\python.exe\nTargetFilename: C:\\Users\\flare\\Downloads\\RTA-master\\red_ttp\\tmp-file.csproj\nCreationUtcTime: 2018-09-19 13:10:39.179","@version":"1","provider_guid":"{5770385F-C22A-43E0-BF4C-06F5698FFBD9}","beat":{"version":"6.4.0","name":"flare-PC","hostname":"flare-PC"},"tags":["beats_input_codec_plain_applied"],"type":"wineventlog","event_id":11,"task":"File created (rule: FileCreate)","version":2,"user":{"name":"SYSTEM","identifier":"S-1-5-18","type":"User","domain":"NT-AUTORITÄT"},"host":{"name":"flare-PC"},"record_number":"1287","opcode":"Info"}
{"index":{"_index":"winlogbeat-6.4.0-2018.09.19","_type":"doc","_id":"RF_18WUBfVn9xHWigjys"}}
{"event_data":{"param1":"Product: MyAppInstall -- Removal completed successfully.","param5":"(NULL)","param4":"(NULL)","param3":"(NULL)","param6":"(NULL)","param2":"(NULL)","Binary":"7B38443644393141342D303446362D343131372D393732442D3742434338423431363044437D"},"@timestamp":"2018-09-19T13:11:02.000Z","keywords":["Klassisch"],"log_name":"Application","level":"Informationen","computer_name":"flare-PC","source_name":"MsiInstaller","message":"Product: MyAppInstall -- Removal completed successfully.","@version":"1","beat":{"version":"6.4.0","name":"flare-PC","hostname":"flare-PC"},"tags":["beats_input_codec_plain_applied"],"type":"wineventlog","event_id":11724,"record_number":"2404","host":{"name":"flare-PC"},"user":{"name":"flare","identifier":"S-1-5-21-4019173901-3792766986-1456451320-1001","domain":"flare-PC","type":"User"},"opcode":"Info"}
{"index":{"_index":"winlogbeat-6.4.0-2018.09.19","_type":"doc","_id":"Rl_18WUBfVn9xHWigjys"}}
{"thread_id":2060,"event_data":{"SourceHostname":"flare-PC","SourceIsIpv6":"false","User":"NT-AUTORITÄT\\SYSTEM","UtcTime":"2018-09-19 13:11:56.897","Image":"C:\\Windows\\System32\\msiexec.exe","DestinationIp":"172.16.100.10","DestinationPort":"8000","SourcePort":"49347","Initiated":"true","ProcessId":"172","DestinationIsIpv6":"false","DestinationHostname":"flare-PC","Protocol":"tcp","SourceIp":"172.16.100.10","ProcessGuid":"{2D3B23BE-4AE1-5BA2-0000-0010C9BA1400}"},"@timestamp":"2018-09-19T13:11:00.204Z","log_name":"Microsoft-Windows-Sysmon/Operational","level":"Informationen","computer_name":"flare-PC","source_name":"Microsoft-Windows-Sysmon","process_id":1304,"message":"Network connection detected:\nRuleName: \nUtcTime: 2018-09-19 13:11:56.897\nProcessGuid: {2D3B23BE-4AE1-5BA2-0000-0010C9BA1400}\nProcessId: 172\nImage: C:\\Windows\\System32\\msiexec.exe\nUser: NT-AUTORITÄT\\SYSTEM\nProtocol: tcp\nInitiated: true\nSourceIsIpv6: false\nSourceIp: 172.16.100.10\nSourceHostname: flare-PC\nSourcePort: 49347\nSourcePortName: \nDestinationIsIpv6: false\nDestinationIp: 172.16.100.10\nDestinationHostname: flare-PC\nDestinationPort: 8000\nDestinationPortName: ","@version":"1","provider_guid":"{5770385F-C22A-43E0-BF4C-06F5698FFBD9}","beat":{"version":"6.4.0","name":"flare-PC","hostname":"flare-PC"},"tags":["beats_input_codec_plain_applied"],"task":"Network connection detected (rule: NetworkConnect)","event_id":3,"record_number":"1316","version":5,"user":{"domain":"NT-AUTORITÄT","identifier":"S-1-5-18","type":"User","name":"SYSTEM"},"host":{"name":"flare-PC"},"type":"wineventlog","opcode":"Info"}
{"index":{"_index":"winlogbeat-6.4.0-2018.09.19","_type":"doc","_id":"R1_18WUBfVn9xHWiijyi"}}
{"thread_id":1824,"event_data":{"UtcTime":"2018-09-19 13:11:02.694","Image":"C:\\Windows\\system32\\msiexec.exe","EventType":"DeleteValue","TargetObject":"HKLM\\SOFTWARE\\Microsoft\\Windows\\CurrentVersion\\Installer\\UserData\\S-1-5-21-4019173901-3792766986-1456451320-1001\\Products\\4A19D6D86F40711479D2B7CCB81406CD\\InstallProperties\\InstallSource","ProcessId":"172","ProcessGuid":"{2D3B23BE-4AE1-5BA2-0000-0010C9BA1400}"},"@timestamp":"2018-09-19T13:11:02.694Z","log_name":"Microsoft-Windows-Sysmon/Operational","level":"Informationen","computer_name":"flare-PC","source_name":"Microsoft-Windows-Sysmon","process_id":1304,"message":"Registry object added or deleted:\nRuleName: \nEventType: DeleteValue\nUtcTime: 2018-09-19 13:11:02.694\nProcessGuid: {2D3B23BE-4AE1-5BA2-0000-0010C9BA1400}\nProcessId: 172\nImage: C:\\Windows\\system32\\msiexec.exe\nTargetObject: HKLM\\SOFTWARE\\Microsoft\\Windows\\CurrentVersion\\Installer\\UserData\\S-1-5-21-4019173901-3792766986-1456451320-1001\\Products\\4A19D6D86F40711479D2B7CCB81406CD\\InstallProperties\\InstallSource","@version":"1","provider_guid":"{5770385F-C22A-43E0-BF4C-06F5698FFBD9}","beat":{"version":"6.4.0","name":"flare-PC","hostname":"flare-PC"},"tags":["beats_input_codec_plain_applied"],"type":"wineventlog","event_id":12,"task":"Registry object added or deleted (rule: RegistryEvent)","host":{"name":"flare-PC"},"user":{"domain":"NT-AUTORITÄT","identifier":"S-1-5-18","type":"User","name":"SYSTEM"},"version":2,"record_number":"1317","opcode":"Info"}
{"index":{"_index":"winlogbeat-6.4.0-2018.09.19","_type":"doc","_id":"SV_18WUBfVn9xHWiijyi"}}
{"thread_id":1824,"event_data":{"UtcTime":"2018-09-19 13:11:02.694","Image":"C:\\Windows\\system32\\msiexec.exe","EventType":"DeleteValue","TargetObject":"HKLM\\SOFTWARE\\Wow6432Node\\Microsoft\\Windows\\CurrentVersion\\Uninstall\\{8D6D91A4-04F6-4117-972D-7BCC8B4160DC}\\InstallSource","ProcessId":"172","ProcessGuid":"{2D3B23BE-4AE1-5BA2-0000-0010C9BA1400}"},"@timestamp":"2018-09-19T13:11:02.709Z","log_name":"Microsoft-Windows-Sysmon/Operational","level":"Informationen","computer_name":"flare-PC","source_name":"Microsoft-Windows-Sysmon","process_id":1304,"message":"Registry object added or deleted:\nRuleName: \nEventType: DeleteValue\nUtcTime: 2018-09-19 13:11:02.694\nProcessGuid: {2D3B23BE-4AE1-5BA2-0000-0010C9BA1400}\nProcessId: 172\nImage: C:\\Windows\\system32\\msiexec.exe\nTargetObject: HKLM\\SOFTWARE\\Wow6432Node\\Microsoft\\Windows\\CurrentVersion\\Uninstall\\{8D6D91A4-04F6-4117-972D-7BCC8B4160DC}\\InstallSource","@version":"1","provider_guid":"{5770385F-C22A-43E0-BF4C-06F5698FFBD9}","beat":{"version":"6.4.0","name":"flare-PC","hostname":"flare-PC"},"tags":["beats_input_codec_plain_applied"],"type":"wineventlog","record_number":"1319","event_id":12,"version":2,"host":{"name":"flare-PC"},"task":"Registry object added or deleted (rule: RegistryEvent)","user":{"name":"SYSTEM","identifier":"S-1-5-18","domain":"NT-AUTORITÄT","type":"User"},"opcode":"Info"}
{"index":{"_index":"winlogbeat-6.4.0-2018.09.19","_type":"doc","_id":"HF_18WUBfVn9xHWiKTxe"}}
{"thread_id":1824,"event_data":{"LogonId":"0xe320","Product":"Microsoft® .NET Framework","UtcTime":"2018-09-19 13:10:40.244","Image":"C:\\Windows\\Microsoft.NET\\Framework\\v4.0.30319\\csc.exe","Description":"Visual C# Command Line Compiler","User":"flare-PC\\flare","Hashes":"MD5=00C5EB029F9263291C91277E37B5FE4C,SHA256=31FA9A05AD114C683A189A17F7E12A3BB93A0ED07C8029A89C1B7508DA4F1F31","FileVersion":"4.7.3062.0 built by: NET472REL1","ParentImage":"C:\\Windows\\Microsoft.NET\\Framework\\v4.0.30319\\MSBuild.exe","ParentProcessGuid":"{2D3B23BE-4ACF-5BA2-0000-0010CDA21300}","TerminalSessionId":"1","Company":"Microsoft Corporation","ParentProcessId":"3816","LogonGuid":"{2D3B23BE-45CC-5BA2-0000-002020E30000}","CurrentDirectory":"C:\\Users\\flare\\Downloads\\RTA-master\\red_ttp\\","CommandLine":"\"C:\\Windows\\Microsoft.NET\\Framework\\v4.0.30319\\csc.exe\" /noconfig /fullpaths @\"C:\\Users\\flare\\AppData\\Local\\Temp\\zgbmbnr4.cmdline\"","ProcessId":"3424","IntegrityLevel":"Medium","ParentCommandLine":"C:\\Windows\\Microsoft.NET\\Framework\\v4.0.30319\\msbuild.exe tmp-file.csproj","ProcessGuid":"{2D3B23BE-4AD0-5BA2-0000-0010B0B01300}"},"@timestamp":"2018-09-19T13:10:40.244Z","log_name":"Microsoft-Windows-Sysmon/Operational","level":"Informationen","computer_name":"flare-PC","source_name":"Microsoft-Windows-Sysmon","process_id":1304,"provider_guid":"{5770385F-C22A-43E0-BF4C-06F5698FFBD9}","message":"Process Create:\nRuleName: \nUtcTime: 2018-09-19 13:10:40.244\nProcessGuid: {2D3B23BE-4AD0-5BA2-0000-0010B0B01300}\nProcessId: 3424\nImage: C:\\Windows\\Microsoft.NET\\Framework\\v4.0.30319\\csc.exe\nFileVersion: 4.7.3062.0 built by: NET472REL1\nDescription: Visual C# Command Line Compiler\nProduct: Microsoft® .NET Framework\nCompany: Microsoft Corporation\nCommandLine: \"C:\\Windows\\Microsoft.NET\\Framework\\v4.0.30319\\csc.exe\" /noconfig /fullpaths @\"C:\\Users\\flare\\AppData\\Local\\Temp\\zgbmbnr4.cmdline\"\nCurrentDirectory: C:\\Users\\flare\\Downloads\\RTA-master\\red_ttp\\\nUser: flare-PC\\flare\nLogonGuid: {2D3B23BE-45CC-5BA2-0000-002020E30000}\nLogonId: 0xe320\nTerminalSessionId: 1\nIntegrityLevel: Medium\nHashes: MD5=00C5EB029F9263291C91277E37B5FE4C,SHA256=31FA9A05AD114C683A189A17F7E12A3BB93A0ED07C8029A89C1B7508DA4F1F31\nParentProcessGuid: {2D3B23BE-4ACF-5BA2-0000-0010CDA21300}\nParentProcessId: 3816\nParentImage: C:\\Windows\\Microsoft.NET\\Framework\\v4.0.30319\\MSBuild.exe\nParentCommandLine: C:\\Windows\\Microsoft.NET\\Framework\\v4.0.30319\\msbuild.exe tmp-file.csproj","@version":"1","beat":{"version":"6.4.0","name":"flare-PC","hostname":"flare-PC"},"tags":["beats_input_codec_plain_applied"],"type":"wineventlog","event_id":1,"record_number":"1294","version":5,"host":{"name":"flare-PC"},"user":{"name":"SYSTEM","domain":"NT-AUTORITÄT","type":"User","identifier":"S-1-5-18"},"task":"Process Create (rule: ProcessCreate)","opcode":"Info"}
{"index":{"_index":"winlogbeat-6.4.0-2018.09.19","_type":"doc","_id":"fV_28WUBfVn9xHWiPDyW"}}
{"thread_id":1824,"event_data":{"LogonId":"0xe320","Product":"Betriebssystem Microsoft® Windows®","User":"flare-PC\\flare","Hashes":"MD5=2003E9B15E1C502B146DAD2E383AC1E3,SHA256=15018D0093BEFABBA8B927743191030D1F8C17BB97FDB48C2FC3EAB20E2D4B3D","Description":"Verwaltung geplanter Aufgaben","UtcTime":"2018-09-19 13:11:46.334","Image":"C:\\Windows\\SysWOW64\\schtasks.exe","ParentImage":"C:\\Program Files (x86)\\Python27\\python.exe","ParentCommandLine":"\"C:\\Program Files (x86)\\Python27\\python.exe\"  C:\\Users\\flare\\Downloads\\RTA-master\\red_ttp\\persistent_scripts.py","FileVersion":"6.1.7600.16385 (win7_rtm.090713-1255)","LogonGuid":"{2D3B23BE-45CC-5BA2-0000-002020E30000}","TerminalSessionId":"1","CurrentDirectory":"C:\\Users\\flare\\Downloads\\RTA-master\\","ParentProcessId":"3672","ProcessId":"1696","IntegrityLevel":"Medium","Company":"Microsoft Corporation","ParentProcessGuid":"{2D3B23BE-4AF0-5BA2-0000-001020D01500}","CommandLine":"schtasks.exe /run /tn rta-vbs-persistence","ProcessGuid":"{2D3B23BE-4B12-5BA2-0000-0010DCBE1600}"},"@timestamp":"2018-09-19T13:11:46.334Z","log_name":"Microsoft-Windows-Sysmon/Operational","level":"Informationen","computer_name":"flare-PC","source_name":"Microsoft-Windows-Sysmon","process_id":1304,"message":"Process Create:\nRuleName: \nUtcTime: 2018-09-19 13:11:46.334\nProcessGuid: {2D3B23BE-4B12-5BA2-0000-0010DCBE1600}\nProcessId: 1696\nImage: C:\\Windows\\SysWOW64\\schtasks.exe\nFileVersion: 6.1.7600.16385 (win7_rtm.090713-1255)\nDescription: Verwaltung geplanter Aufgaben\nProduct: Betriebssystem Microsoft® Windows®\nCompany: Microsoft Corporation\nCommandLine: schtasks.exe /run /tn rta-vbs-persistence\nCurrentDirectory: C:\\Users\\flare\\Downloads\\RTA-master\\\nUser: flare-PC\\flare\nLogonGuid: {2D3B23BE-45CC-5BA2-0000-002020E30000}\nLogonId: 0xe320\nTerminalSessionId: 1\nIntegrityLevel: Medium\nHashes: MD5=2003E9B15E1C502B146DAD2E383AC1E3,SHA256=15018D0093BEFABBA8B927743191030D1F8C17BB97FDB48C2FC3EAB20E2D4B3D\nParentProcessGuid: {2D3B23BE-4AF0-5BA2-0000-001020D01500}\nParentProcessId: 3672\nParentImage: C:\\Program Files (x86)\\Python27\\python.exe\nParentCommandLine: \"C:\\Program Files (x86)\\Python27\\python.exe\"  C:\\Users\\flare\\Downloads\\RTA-master\\red_ttp\\persistent_scripts.py","@version":"1","provider_guid":"{5770385F-C22A-43E0-BF4C-06F5698FFBD9}","beat":{"version":"6.4.0","name":"flare-PC","hostname":"flare-PC"},"tags":["beats_input_codec_plain_applied"],"task":"Process Create (rule: ProcessCreate)","record_number":"1370","event_id":1,"type":"wineventlog","user":{"name":"SYSTEM","identifier":"S-1-5-18","type":"User","domain":"NT-AUTORITÄT"},"version":5,"host":{"name":"flare-PC"},"opcode":"Info"}
{"index":{"_index":"winlogbeat-6.4.0-2018.09.19","_type":"doc","_id":"KV_18WUBfVn9xHWiUDxI"}}
{"thread_id":2060,"event_data":{"SourceIsIpv6":"false","SourceHostname":"flare-PC","User":"flare-PC\\flare","UtcTime":"2018-09-19 13:11:41.467","DestinationIp":"172.16.100.10","Image":"C:\\Windows\\SysWOW64\\mshta.exe","SourcePort":"49345","DestinationPort":"8000","Initiated":"true","ProcessId":"296","DestinationIsIpv6":"false","DestinationHostname":"flare-PC","Protocol":"tcp","SourceIp":"172.16.100.10","ProcessGuid":"{2D3B23BE-4AD3-5BA2-0000-0010E6391400}"},"@timestamp":"2018-09-19T13:10:48.143Z","log_name":"Microsoft-Windows-Sysmon/Operational","level":"Informationen","computer_name":"flare-PC","source_name":"Microsoft-Windows-Sysmon","process_id":1304,"message":"Network connection detected:\nRuleName: \nUtcTime: 2018-09-19 13:11:41.467\nProcessGuid: {2D3B23BE-4AD3-5BA2-0000-0010E6391400}\nProcessId: 296\nImage: C:\\Windows\\SysWOW64\\mshta.exe\nUser: flare-PC\\flare\nProtocol: tcp\nInitiated: true\nSourceIsIpv6: false\nSourceIp: 172.16.100.10\nSourceHostname: flare-PC\nSourcePort: 49345\nSourcePortName: \nDestinationIsIpv6: false\nDestinationIp: 172.16.100.10\nDestinationHostname: flare-PC\nDestinationPort: 8000\nDestinationPortName: ","@version":"1","provider_guid":"{5770385F-C22A-43E0-BF4C-06F5698FFBD9}","beat":{"version":"6.4.0","name":"flare-PC","hostname":"flare-PC"},"tags":["beats_input_codec_plain_applied"],"type":"wineventlog","event_id":3,"record_number":"1301","host":{"name":"flare-PC"},"version":5,"user":{"name":"SYSTEM","identifier":"S-1-5-18","domain":"NT-AUTORITÄT","type":"User"},"task":"Network connection detected (rule: NetworkConnect)","opcode":"Info"}
{"index":{"_index":"winlogbeat-6.4.0-2018.09.19","_type":"doc","_id":"hF_28WUBfVn9xHWixTyO"}}
{"thread_id":1824,"event_data":{"ParentProcessGuid":"{2D3B23BE-4B30-5BA2-0000-001016C41600}","Product":"Betriebssystem Microsoft® Windows®","User":"flare-PC\\flare","Hashes":"MD5=EB32C070E658937AA9FA9F3AE629B2B8,SHA256=70BA57FB0BF2F34B86426D21559F5F6D05C1268193904DE8E959D7B06CE964CE","Image":"C:\\Windows\\SysWOW64\\WindowsPowerShell\\v1.0\\powershell.exe","Description":"Windows PowerShell","UtcTime":"2018-09-19 13:12:20.944","FileVersion":"10.0.14409.1005 (rs1_srvoob.161208-1155)","ParentCommandLine":"\"C:\\Program Files (x86)\\Python27\\python.exe\"  C:\\Users\\flare\\Downloads\\RTA-master\\red_ttp\\powershell_args.py","ParentImage":"C:\\Program Files (x86)\\Python27\\python.exe","Company":"Microsoft Corporation","LogonGuid":"{2D3B23BE-45CC-5BA2-0000-002020E30000}","CurrentDirectory":"C:\\Users\\flare\\Downloads\\RTA-master\\","ProcessId":"3836","TerminalSessionId":"1","IntegrityLevel":"Medium","ParentProcessId":"2940","LogonId":"0xe320","CommandLine":"powershell.exe iex Get-Process","ProcessGuid":"{2D3B23BE-4B34-5BA2-0000-0010F2111700}"},"@timestamp":"2018-09-19T13:12:20.944Z","log_name":"Microsoft-Windows-Sysmon/Operational","level":"Informationen","computer_name":"flare-PC","source_name":"Microsoft-Windows-Sysmon","process_id":1304,"message":"Process Create:\nRuleName: \nUtcTime: 2018-09-19 13:12:20.944\nProcessGuid: {2D3B23BE-4B34-5BA2-0000-0010F2111700}\nProcessId: 3836\nImage: C:\\Windows\\SysWOW64\\WindowsPowerShell\\v1.0\\powershell.exe\nFileVersion: 10.0.14409.1005 (rs1_srvoob.161208-1155)\nDescription: Windows PowerShell\nProduct: Betriebssystem Microsoft® Windows®\nCompany: Microsoft Corporation\nCommandLine: powershell.exe iex Get-Process\nCurrentDirectory: C:\\Users\\flare\\Downloads\\RTA-master\\\nUser: flare-PC\\flare\nLogonGuid: {2D3B23BE-45CC-5BA2-0000-002020E30000}\nLogonId: 0xe320\nTerminalSessionId: 1\nIntegrityLevel: Medium\nHashes: MD5=EB32C070E658937AA9FA9F3AE629B2B8,SHA256=70BA57FB0BF2F34B86426D21559F5F6D05C1268193904DE8E959D7B06CE964CE\nParentProcessGuid: {2D3B23BE-4B30-5BA2-0000-001016C41600}\nParentProcessId: 2940\nParentImage: C:\\Program Files (x86)\\Python27\\python.exe\nParentCommandLine: \"C:\\Program Files (x86)\\Python27\\python.exe\"  C:\\Users\\flare\\Downloads\\RTA-master\\red_ttp\\powershell_args.py","@version":"1","provider_guid":"{5770385F-C22A-43E0-BF4C-06F5698FFBD9}","beat":{"version":"6.4.0","name":"flare-PC","hostname":"flare-PC"},"tags":["beats_input_codec_plain_applied"],"type":"wineventlog","event_id":1,"record_number":"1380","host":{"name":"flare-PC"},"version":5,"user":{"name":"SYSTEM","identifier":"S-1-5-18","domain":"NT-AUTORITÄT","type":"User"},"task":"Process Create (rule: ProcessCreate)","opcode":"Info"}
{"index":{"_index":"winlogbeat-6.4.0-2018.09.19","_type":"doc","_id":"l1_38WUBfVn9xHWiGzwq"}}
{"thread_id":1824,"event_data":{"ParentProcessGuid":"{2D3B23BE-4B36-5BA2-0000-001084321700}","Product":"?","LogonId":"0xe320","Hashes":"MD5=0D19266C09D4DEAC5836E572BE912A39,SHA256=DAB5DC65269C0F834EADE5177F8FB486C08685EB6773369576303855F70EF82F","Description":"?","Image":"C:\\Users\\flare\\Downloads\\RTA-master\\weird.scr","UtcTime":"2018-09-19 13:12:40.225","FileVersion":"?","ParentCommandLine":"\"C:\\Program Files (x86)\\Python27\\python.exe\"  C:\\Users\\flare\\Downloads\\RTA-master\\red_ttp\\process_extension_anomalies.py","ParentImage":"C:\\Program Files (x86)\\Python27\\python.exe","TerminalSessionId":"1","CommandLine":"weird.scr","CurrentDirectory":"C:\\Users\\flare\\Downloads\\RTA-master\\","LogonGuid":"{2D3B23BE-45CC-5BA2-0000-002020E30000}","Company":"?","ProcessId":"3988","ParentProcessId":"1696","IntegrityLevel":"Medium","User":"flare-PC\\flare","ProcessGuid":"{2D3B23BE-4B48-5BA2-0000-0010F36D1700}"},"@timestamp":"2018-09-19T13:12:40.241Z","log_name":"Microsoft-Windows-Sysmon/Operational","level":"Informationen","computer_name":"flare-PC","source_name":"Microsoft-Windows-Sysmon","process_id":1304,"message":"Process Create:\nRuleName: \nUtcTime: 2018-09-19 13:12:40.225\nProcessGuid: {2D3B23BE-4B48-5BA2-0000-0010F36D1700}\nProcessId: 3988\nImage: C:\\Users\\flare\\Downloads\\RTA-master\\weird.scr\nFileVersion: ?\nDescription: ?\nProduct: ?\nCompany: ?\nCommandLine: weird.scr\nCurrentDirectory: C:\\Users\\flare\\Downloads\\RTA-master\\\nUser: flare-PC\\flare\nLogonGuid: {2D3B23BE-45CC-5BA2-0000-002020E30000}\nLogonId: 0xe320\nTerminalSessionId: 1\nIntegrityLevel: Medium\nHashes: MD5=0D19266C09D4DEAC5836E572BE912A39,SHA256=DAB5DC65269C0F834EADE5177F8FB486C08685EB6773369576303855F70EF82F\nParentProcessGuid: {2D3B23BE-4B36-5BA2-0000-001084321700}\nParentProcessId: 1696\nParentImage: C:\\Program Files (x86)\\Python27\\python.exe\nParentCommandLine: \"C:\\Program Files (x86)\\Python27\\python.exe\"  C:\\Users\\flare\\Downloads\\RTA-master\\red_ttp\\process_extension_anomalies.py","@version":"1","provider_guid":"{5770385F-C22A-43E0-BF4C-06F5698FFBD9}","beat":{"version":"6.4.0","name":"flare-PC","hostname":"flare-PC"},"tags":["beats_input_codec_plain_applied"],"task":"Process Create (rule: ProcessCreate)","event_id":1,"record_number":"1396","type":"wineventlog","user":{"name":"SYSTEM","identifier":"S-1-5-18","domain":"NT-AUTORITÄT","type":"User"},"version":5,"host":{"name":"flare-PC"},"opcode":"Info"}
{"index":{"_index":"winlogbeat-6.4.0-2018.09.19","_type":"doc","_id":"lF_28WUBfVn9xHWi_jzq"}}
{"thread_id":1824,"event_data":{"LogonId":"0xe320","Product":"?","ParentProcessGuid":"{2D3B23BE-4B36-5BA2-0000-001084321700}","Image":"C:\\Users\\flare\\Downloads\\RTA-master\\evil.cmd","Description":"?","Hashes":"MD5=0D19266C09D4DEAC5836E572BE912A39,SHA256=DAB5DC65269C0F834EADE5177F8FB486C08685EB6773369576303855F70EF82F","UtcTime":"2018-09-19 13:12:34.842","ParentImage":"C:\\Program Files (x86)\\Python27\\python.exe","ParentCommandLine":"\"C:\\Program Files (x86)\\Python27\\python.exe\"  C:\\Users\\flare\\Downloads\\RTA-master\\red_ttp\\process_extension_anomalies.py","User":"flare-PC\\flare","TerminalSessionId":"1","CommandLine":"evil.cmd","ParentProcessId":"1696","ProcessId":"1320","CurrentDirectory":"C:\\Users\\flare\\Downloads\\RTA-master\\","LogonGuid":"{2D3B23BE-45CC-5BA2-0000-002020E30000}","IntegrityLevel":"Medium","FileVersion":"?","Company":"?","ProcessGuid":"{2D3B23BE-4B42-5BA2-0000-001066641700}"},"@timestamp":"2018-09-19T13:12:34.842Z","log_name":"Microsoft-Windows-Sysmon/Operational","level":"Informationen","computer_name":"flare-PC","source_name":"Microsoft-Windows-Sysmon","process_id":1304,"provider_guid":"{5770385F-C22A-43E0-BF4C-06F5698FFBD9}","message":"Process Create:\nRuleName: \nUtcTime: 2018-09-19 13:12:34.842\nProcessGuid: {2D3B23BE-4B42-5BA2-0000-001066641700}\nProcessId: 1320\nImage: C:\\Users\\flare\\Downloads\\RTA-master\\evil.cmd\nFileVersion: ?\nDescription: ?\nProduct: ?\nCompany: ?\nCommandLine: evil.cmd\nCurrentDirectory: C:\\Users\\flare\\Downloads\\RTA-master\\\nUser: flare-PC\\flare\nLogonGuid: {2D3B23BE-45CC-5BA2-0000-002020E30000}\nLogonId: 0xe320\nTerminalSessionId: 1\nIntegrityLevel: Medium\nHashes: MD5=0D19266C09D4DEAC5836E572BE912A39,SHA256=DAB5DC65269C0F834EADE5177F8FB486C08685EB6773369576303855F70EF82F\nParentProcessGuid: {2D3B23BE-4B36-5BA2-0000-001084321700}\nParentProcessId: 1696\nParentImage: C:\\Program Files (x86)\\Python27\\python.exe\nParentCommandLine: \"C:\\Program Files (x86)\\Python27\\python.exe\"  C:\\Users\\flare\\Downloads\\RTA-master\\red_ttp\\process_extension_anomalies.py","@version":"1","beat":{"version":"6.4.0","name":"flare-PC","hostname":"flare-PC"},"tags":["beats_input_codec_plain_applied"],"task":"Process Create (rule: ProcessCreate)","record_number":"1393","event_id":1,"host":{"name":"flare-PC"},"user":{"name":"SYSTEM","identifier":"S-1-5-18","domain":"NT-AUTORITÄT","type":"User"},"version":5,"type":"wineventlog","opcode":"Info"}
{"index":{"_index":"winlogbeat-6.4.0-2018.09.19","_type":"doc","_id":"kV_28WUBfVn9xHWi5zxC"}}
{"thread_id":1824,"event_data":{"ParentProcessGuid":"{2D3B23BE-4B36-5BA2-0000-001084321700}","LogonId":"0xe320","UtcTime":"2018-09-19 13:12:28.891","Image":"C:\\Users\\flare\\Downloads\\RTA-master\\bad.pif","Description":"?","Hashes":"MD5=0D19266C09D4DEAC5836E572BE912A39,SHA256=DAB5DC65269C0F834EADE5177F8FB486C08685EB6773369576303855F70EF82F","Product":"?","ParentImage":"C:\\Program Files (x86)\\Python27\\python.exe","FileVersion":"?","ParentCommandLine":"\"C:\\Program Files (x86)\\Python27\\python.exe\"  C:\\Users\\flare\\Downloads\\RTA-master\\red_ttp\\process_extension_anomalies.py","LogonGuid":"{2D3B23BE-45CC-5BA2-0000-002020E30000}","CommandLine":"bad.pif","ParentProcessId":"1696","ProcessId":"2100","TerminalSessionId":"1","IntegrityLevel":"Medium","Company":"?","CurrentDirectory":"C:\\Users\\flare\\Downloads\\RTA-master\\","User":"flare-PC\\flare","ProcessGuid":"{2D3B23BE-4B3C-5BA2-0000-0010985F1700}"},"@timestamp":"2018-09-19T13:12:28.893Z","log_name":"Microsoft-Windows-Sysmon/Operational","level":"Informationen","computer_name":"flare-PC","source_name":"Microsoft-Windows-Sysmon","process_id":1304,"message":"Process Create:\nRuleName: \nUtcTime: 2018-09-19 13:12:28.891\nProcessGuid: {2D3B23BE-4B3C-5BA2-0000-0010985F1700}\nProcessId: 2100\nImage: C:\\Users\\flare\\Downloads\\RTA-master\\bad.pif\nFileVersion: ?\nDescription: ?\nProduct: ?\nCompany: ?\nCommandLine: bad.pif\nCurrentDirectory: C:\\Users\\flare\\Downloads\\RTA-master\\\nUser: flare-PC\\flare\nLogonGuid: {2D3B23BE-45CC-5BA2-0000-002020E30000}\nLogonId: 0xe320\nTerminalSessionId: 1\nIntegrityLevel: Medium\nHashes: MD5=0D19266C09D4DEAC5836E572BE912A39,SHA256=DAB5DC65269C0F834EADE5177F8FB486C08685EB6773369576303855F70EF82F\nParentProcessGuid: {2D3B23BE-4B36-5BA2-0000-001084321700}\nParentProcessId: 1696\nParentImage: C:\\Program Files (x86)\\Python27\\python.exe\nParentCommandLine: \"C:\\Program Files (x86)\\Python27\\python.exe\"  C:\\Users\\flare\\Downloads\\RTA-master\\red_ttp\\process_extension_anomalies.py","@version":"1","provider_guid":"{5770385F-C22A-43E0-BF4C-06F5698FFBD9}","beat":{"version":"6.4.0","name":"flare-PC","hostname":"flare-PC"},"tags":["beats_input_codec_plain_applied"],"type":"wineventlog","record_number":"1390","event_id":1,"host":{"name":"flare-PC"},"user":{"name":"SYSTEM","identifier":"S-1-5-18","domain":"NT-AUTORITÄT","type":"User"},"version":5,"task":"Process Create (rule: ProcessCreate)","opcode":"Info"}
{"index":{"_index":"winlogbeat-6.4.0-2018.09.19","_type":"doc","_id":"hl_28WUBfVn9xHWixTyO"}}
{"thread_id":1824,"event_data":{"CreationUtcTime":"2018-09-19 13:12:20.868","UtcTime":"2018-09-19 13:12:20.869","Image":"C:\\Windows\\SysWOW64\\WindowsPowerShell\\v1.0\\powershell.exe","TargetFilename":"C:\\Users\\flare\\AppData\\Local\\Temp\\z12zc2ec.f3l.ps1","ProcessId":"2184","ProcessGuid":"{2D3B23BE-4B34-5BA2-0000-001077001700}"},"@timestamp":"2018-09-19T13:12:20.869Z","log_name":"Microsoft-Windows-Sysmon/Operational","level":"Informationen","computer_name":"flare-PC","source_name":"Microsoft-Windows-Sysmon","process_id":1304,"message":"File created:\nRuleName: \nUtcTime: 2018-09-19 13:12:20.869\nProcessGuid: {2D3B23BE-4B34-5BA2-0000-001077001700}\nProcessId: 2184\nImage: C:\\Windows\\SysWOW64\\WindowsPowerShell\\v1.0\\powershell.exe\nTargetFilename: C:\\Users\\flare\\AppData\\Local\\Temp\\z12zc2ec.f3l.ps1\nCreationUtcTime: 2018-09-19 13:12:20.868","@version":"1","provider_guid":"{5770385F-C22A-43E0-BF4C-06F5698FFBD9}","beat":{"version":"6.4.0","name":"flare-PC","hostname":"flare-PC"},"tags":["beats_input_codec_plain_applied"],"task":"File created (rule: FileCreate)","record_number":"1378","event_id":11,"version":2,"user":{"name":"SYSTEM","domain":"NT-AUTORITÄT","type":"User","identifier":"S-1-5-18"},"host":{"name":"flare-PC"},"type":"wineventlog","opcode":"Info"}
{"index":{"_index":"winlogbeat-6.4.0-2018.09.19","_type":"doc","_id":"iF_28WUBfVn9xHWizTyz"}}
{"thread_id":1824,"event_data":{"CreationUtcTime":"2018-09-19 13:12:22.351","UtcTime":"2018-09-19 13:12:22.351","Image":"C:\\Windows\\SysWOW64\\WindowsPowerShell\\v1.0\\powershell.exe","TargetFilename":"C:\\Users\\flare\\AppData\\Local\\Temp\\ybxebvxi.qkx.ps1","ProcessId":"2996","ProcessGuid":"{2D3B23BE-4B36-5BA2-0000-0010FF231700}"},"@timestamp":"2018-09-19T13:12:22.351Z","log_name":"Microsoft-Windows-Sysmon/Operational","level":"Informationen","computer_name":"flare-PC","source_name":"Microsoft-Windows-Sysmon","process_id":1304,"@version":"1","message":"File created:\nRuleName: \nUtcTime: 2018-09-19 13:12:22.351\nProcessGuid: {2D3B23BE-4B36-5BA2-0000-0010FF231700}\nProcessId: 2996\nImage: C:\\Windows\\SysWOW64\\WindowsPowerShell\\v1.0\\powershell.exe\nTargetFilename: C:\\Users\\flare\\AppData\\Local\\Temp\\ybxebvxi.qkx.ps1\nCreationUtcTime: 2018-09-19 13:12:22.351","provider_guid":"{5770385F-C22A-43E0-BF4C-06F5698FFBD9}","beat":{"version":"6.4.0","name":"flare-PC","hostname":"flare-PC"},"tags":["beats_input_codec_plain_applied"],"type":"wineventlog","record_number":"1383","task":"File created (rule: FileCreate)","version":2,"event_id":11,"host":{"name":"flare-PC"},"user":{"name":"SYSTEM","identifier":"S-1-5-18","domain":"NT-AUTORITÄT","type":"User"},"opcode":"Info"}
{"index":{"_index":"winlogbeat-6.4.0-2018.09.19","_type":"doc","_id":"ll_38WUBfVn9xHWiEzwR"}}
{"thread_id":1824,"event_data":{"CreationUtcTime":"2018-09-19 13:12:39.943","UtcTime":"2018-09-19 13:12:39.943","Image":"C:\\Program Files (x86)\\Python27\\python.exe","TargetFilename":"C:\\Users\\flare\\Downloads\\RTA-master\\weird.scr","ProcessId":"1696","ProcessGuid":"{2D3B23BE-4B36-5BA2-0000-001084321700}"},"@timestamp":"2018-09-19T13:12:39.943Z","log_name":"Microsoft-Windows-Sysmon/Operational","level":"Informationen","computer_name":"flare-PC","source_name":"Microsoft-Windows-Sysmon","process_id":1304,"message":"File created:\nRuleName: \nUtcTime: 2018-09-19 13:12:39.943\nProcessGuid: {2D3B23BE-4B36-5BA2-0000-001084321700}\nProcessId: 1696\nImage: C:\\Program Files (x86)\\Python27\\python.exe\nTargetFilename: C:\\Users\\flare\\Downloads\\RTA-master\\weird.scr\nCreationUtcTime: 2018-09-19 13:12:39.943","@version":"1","provider_guid":"{5770385F-C22A-43E0-BF4C-06F5698FFBD9}","beat":{"version":"6.4.0","name":"flare-PC","hostname":"flare-PC"},"tags":["beats_input_codec_plain_applied"],"task":"File created (rule: FileCreate)","type":"wineventlog","event_id":11,"version":2,"user":{"name":"SYSTEM","identifier":"S-1-5-18","type":"User","domain":"NT-AUTORITÄT"},"record_number":"1395","host":{"name":"flare-PC"},"opcode":"Info"}
{"index":{"_index":"winlogbeat-6.4.0-2018.09.19","_type":"doc","_id":"j1_28WUBfVn9xHWi5zxC"}}
{"thread_id":1824,"event_data":{"CreationUtcTime":"2018-09-19 13:12:28.594","UtcTime":"2018-09-19 13:12:28.594","Image":"C:\\Program Files (x86)\\Python27\\python.exe","TargetFilename":"C:\\Users\\flare\\Downloads\\RTA-master\\bad.pif","ProcessId":"1696","ProcessGuid":"{2D3B23BE-4B36-5BA2-0000-001084321700}"},"@timestamp":"2018-09-19T13:12:28.594Z","log_name":"Microsoft-Windows-Sysmon/Operational","level":"Informationen","computer_name":"flare-PC","source_name":"Microsoft-Windows-Sysmon","process_id":1304,"@version":"1","provider_guid":"{5770385F-C22A-43E0-BF4C-06F5698FFBD9}","message":"File created:\nRuleName: \nUtcTime: 2018-09-19 13:12:28.594\nProcessGuid: {2D3B23BE-4B36-5BA2-0000-001084321700}\nProcessId: 1696\nImage: C:\\Program Files (x86)\\Python27\\python.exe\nTargetFilename: C:\\Users\\flare\\Downloads\\RTA-master\\bad.pif\nCreationUtcTime: 2018-09-19 13:12:28.594","beat":{"version":"6.4.0","name":"flare-PC","hostname":"flare-PC"},"tags":["beats_input_codec_plain_applied"],"type":"wineventlog","event_id":11,"task":"File created (rule: FileCreate)","version":2,"host":{"name":"flare-PC"},"user":{"name":"SYSTEM","identifier":"S-1-5-18","domain":"NT-AUTORITÄT","type":"User"},"record_number":"1389","opcode":"Info"}
{"index":{"_index":"winlogbeat-6.4.0-2018.09.19","_type":"doc","_id":"nV_38WUBfVn9xHWiPDzK"}}
{"thread_id":1824,"event_data":{"UtcTime":"2018-09-19 13:12:49.668","Image":"C:\\Users\\flare\\Downloads\\RTA-master\\svchost.exe","ProcessId":"3068","ProcessGuid":"{2D3B23BE-4B4E-5BA2-0000-00104B9D1700}"},"@timestamp":"2018-09-19T13:12:49.668Z","log_name":"Microsoft-Windows-Sysmon/Operational","level":"Informationen","computer_name":"flare-PC","source_name":"Microsoft-Windows-Sysmon","process_id":1304,"@version":"1","message":"Process terminated:\nRuleName: \nUtcTime: 2018-09-19 13:12:49.668\nProcessGuid: {2D3B23BE-4B4E-5BA2-0000-00104B9D1700}\nProcessId: 3068\nImage: C:\\Users\\flare\\Downloads\\RTA-master\\svchost.exe","provider_guid":"{5770385F-C22A-43E0-BF4C-06F5698FFBD9}","beat":{"version":"6.4.0","name":"flare-PC","hostname":"flare-PC"},"tags":["beats_input_codec_plain_applied"],"type":"wineventlog","event_id":5,"record_number":"1402","version":3,"host":{"name":"flare-PC"},"user":{"name":"SYSTEM","domain":"NT-AUTORITÄT","type":"User","identifier":"S-1-5-18"},"task":"Process terminated (rule: ProcessTerminate)","opcode":"Info"}
{"index":{"_index":"winlogbeat-6.4.0-2018.09.19","_type":"doc","_id":"q1_38WUBfVn9xHWilTwF"}}
{"thread_id":1824,"event_data":{"CreationUtcTime":"2018-09-19 13:13:03.607","UtcTime":"2018-09-19 13:13:11.096","Image":"C:\\Program Files (x86)\\Python27\\python.exe","TargetFilename":"C:\\$Recycle.Bin\\S-1-5-21-4019173901-3792766986-1456451320-1001\\recycled_process.exe","ProcessId":"632","ProcessGuid":"{2D3B23BE-4B5F-5BA2-0000-001004A71700}"},"@timestamp":"2018-09-19T13:13:11.096Z","log_name":"Microsoft-Windows-Sysmon/Operational","level":"Informationen","computer_name":"flare-PC","source_name":"Microsoft-Windows-Sysmon","process_id":1304,"message":"File created:\nRuleName: \nUtcTime: 2018-09-19 13:13:11.096\nProcessGuid: {2D3B23BE-4B5F-5BA2-0000-001004A71700}\nProcessId: 632\nImage: C:\\Program Files (x86)\\Python27\\python.exe\nTargetFilename: C:\\$Recycle.Bin\\S-1-5-21-4019173901-3792766986-1456451320-1001\\recycled_process.exe\nCreationUtcTime: 2018-09-19 13:13:03.607","@version":"1","provider_guid":"{5770385F-C22A-43E0-BF4C-06F5698FFBD9}","beat":{"version":"6.4.0","name":"flare-PC","hostname":"flare-PC"},"tags":["beats_input_codec_plain_applied"],"type":"wineventlog","task":"File created (rule: FileCreate)","record_number":"1416","event_id":11,"user":{"name":"SYSTEM","identifier":"S-1-5-18","type":"User","domain":"NT-AUTORITÄT"},"host":{"name":"flare-PC"},"version":2,"opcode":"Info"}
{"index":{"_index":"winlogbeat-6.4.0-2018.09.19","_type":"doc","_id":"rF_38WUBfVn9xHWilTwF"}}
{"thread_id":1824,"event_data":{"ParentProcessGuid":"{2D3B23BE-4B5F-5BA2-0000-001004A71700}","LogonId":"0xe320","User":"flare-PC\\flare","Hashes":"MD5=AD7B9C14083B52BC532FBA5948342B98,SHA256=17F746D82695FA9B35493B41859D39D786D32B23A9D2E00F4011DEC7A02402AE","Description":"Windows-Befehlsprozessor","UtcTime":"2018-09-19 13:13:11.143","Product":"Betriebssystem Microsoft® Windows®","ParentImage":"C:\\Program Files (x86)\\Python27\\python.exe","ParentCommandLine":"\"C:\\Program Files (x86)\\Python27\\python.exe\"  C:\\Users\\flare\\Downloads\\RTA-master\\red_ttp\\recycle_bin_process.py","FileVersion":"6.1.7601.17514 (win7sp1_rtm.101119-1850)","LogonGuid":"{2D3B23BE-45CC-5BA2-0000-002020E30000}","CommandLine":"C:\\$Recycle.Bin\\S-1-5-21-4019173901-3792766986-1456451320-1001\\recycled_process.exe /c \"echo hello world\"","ParentProcessId":"632","CurrentDirectory":"C:\\Users\\flare\\Downloads\\RTA-master\\","Company":"Microsoft Corporation","IntegrityLevel":"Low","TerminalSessionId":"1","ProcessId":"1052","Image":"C:\\$Recycle.Bin\\S-1-5-21-4019173901-3792766986-1456451320-1001\\recycled_process.exe","ProcessGuid":"{2D3B23BE-4B67-5BA2-0000-001077D31700}"},"@timestamp":"2018-09-19T13:13:11.143Z","log_name":"Microsoft-Windows-Sysmon/Operational","level":"Informationen","computer_name":"flare-PC","source_name":"Microsoft-Windows-Sysmon","process_id":1304,"@version":"1","provider_guid":"{5770385F-C22A-43E0-BF4C-06F5698FFBD9}","message":"Process Create:\nRuleName: \nUtcTime: 2018-09-19 13:13:11.143\nProcessGuid: {2D3B23BE-4B67-5BA2-0000-001077D31700}\nProcessId: 1052\nImage: C:\\$Recycle.Bin\\S-1-5-21-4019173901-3792766986-1456451320-1001\\recycled_process.exe\nFileVersion: 6.1.7601.17514 (win7sp1_rtm.101119-1850)\nDescription: Windows-Befehlsprozessor\nProduct: Betriebssystem Microsoft® Windows®\nCompany: Microsoft Corporation\nCommandLine: C:\\$Recycle.Bin\\S-1-5-21-4019173901-3792766986-1456451320-1001\\recycled_process.exe /c \"echo hello world\"\nCurrentDirectory: C:\\Users\\flare\\Downloads\\RTA-master\\\nUser: flare-PC\\flare\nLogonGuid: {2D3B23BE-45CC-5BA2-0000-002020E30000}\nLogonId: 0xe320\nTerminalSessionId: 1\nIntegrityLevel: Low\nHashes: MD5=AD7B9C14083B52BC532FBA5948342B98,SHA256=17F746D82695FA9B35493B41859D39D786D32B23A9D2E00F4011DEC7A02402AE\nParentProcessGuid: {2D3B23BE-4B5F-5BA2-0000-001004A71700}\nParentProcessId: 632\nParentImage: C:\\Program Files (x86)\\Python27\\python.exe\nParentCommandLine: \"C:\\Program Files (x86)\\Python27\\python.exe\"  C:\\Users\\flare\\Downloads\\RTA-master\\red_ttp\\recycle_bin_process.py","beat":{"version":"6.4.0","name":"flare-PC","hostname":"flare-PC"},"tags":["beats_input_codec_plain_applied"],"type":"wineventlog","event_id":1,"record_number":"1417","version":5,"host":{"name":"flare-PC"},"user":{"name":"SYSTEM","identifier":"S-1-5-18","domain":"NT-AUTORITÄT","type":"User"},"task":"Process Create (rule: ProcessCreate)","opcode":"Info"}
{"index":{"_index":"winlogbeat-6.4.0-2018.09.19","_type":"doc","_id":"r1_38WUBfVn9xHWinTx_"}}
{"thread_id":1824,"event_data":{"LogonId":"0xe320","Product":"Betriebssystem Microsoft® Windows®","ParentProcessGuid":"{2D3B23BE-4A1C-5BA2-0000-0010C8100B00}","Hashes":"MD5=AD7B9C14083B52BC532FBA5948342B98,SHA256=17F746D82695FA9B35493B41859D39D786D32B23A9D2E00F4011DEC7A02402AE","Image":"C:\\Windows\\SysWOW64\\cmd.exe","UtcTime":"2018-09-19 13:13:13.198","Description":"Windows-Befehlsprozessor","ParentImage":"C:\\Program Files (x86)\\Python27\\python.exe","FileVersion":"6.1.7601.17514 (win7sp1_rtm.101119-1850)","User":"flare-PC\\flare","Company":"Microsoft Corporation","CommandLine":"C:\\Windows\\system32\\cmd.exe /c \"\"C:\\Program Files (x86)\\Python27\\python.exe\" C:\\Users\\flare\\Downloads\\RTA-master\\red_ttp\\registry_hive_export.py\"","LogonGuid":"{2D3B23BE-45CC-5BA2-0000-002020E30000}","ProcessId":"2852","TerminalSessionId":"1","IntegrityLevel":"Medium","CurrentDirectory":"C:\\Users\\flare\\Downloads\\RTA-master\\","ParentProcessId":"3756","ParentCommandLine":"\"C:\\Program Files (x86)\\Python27\\python.exe\" \"C:\\Users\\flare\\Downloads\\RTA-master\\run_all.py\" ","ProcessGuid":"{2D3B23BE-4B69-5BA2-0000-001056D51700}"},"@timestamp":"2018-09-19T13:13:13.198Z","log_name":"Microsoft-Windows-Sysmon/Operational","level":"Informationen","computer_name":"flare-PC","source_name":"Microsoft-Windows-Sysmon","process_id":1304,"provider_guid":"{5770385F-C22A-43E0-BF4C-06F5698FFBD9}","message":"Process Create:\nRuleName: \nUtcTime: 2018-09-19 13:13:13.198\nProcessGuid: {2D3B23BE-4B69-5BA2-0000-001056D51700}\nProcessId: 2852\nImage: C:\\Windows\\SysWOW64\\cmd.exe\nFileVersion: 6.1.7601.17514 (win7sp1_rtm.101119-1850)\nDescription: Windows-Befehlsprozessor\nProduct: Betriebssystem Microsoft® Windows®\nCompany: Microsoft Corporation\nCommandLine: C:\\Windows\\system32\\cmd.exe /c \"\"C:\\Program Files (x86)\\Python27\\python.exe\" C:\\Users\\flare\\Downloads\\RTA-master\\red_ttp\\registry_hive_export.py\"\nCurrentDirectory: C:\\Users\\flare\\Downloads\\RTA-master\\\nUser: flare-PC\\flare\nLogonGuid: {2D3B23BE-45CC-5BA2-0000-002020E30000}\nLogonId: 0xe320\nTerminalSessionId: 1\nIntegrityLevel: Medium\nHashes: MD5=AD7B9C14083B52BC532FBA5948342B98,SHA256=17F746D82695FA9B35493B41859D39D786D32B23A9D2E00F4011DEC7A02402AE\nParentProcessGuid: {2D3B23BE-4A1C-5BA2-0000-0010C8100B00}\nParentProcessId: 3756\nParentImage: C:\\Program Files (x86)\\Python27\\python.exe\nParentCommandLine: \"C:\\Program Files (x86)\\Python27\\python.exe\" \"C:\\Users\\flare\\Downloads\\RTA-master\\run_all.py\" ","@version":"1","beat":{"version":"6.4.0","name":"flare-PC","hostname":"flare-PC"},"tags":["beats_input_codec_plain_applied"],"type":"wineventlog","event_id":1,"task":"Process Create (rule: ProcessCreate)","version":5,"user":{"name":"SYSTEM","identifier":"S-1-5-18","type":"User","domain":"NT-AUTORITÄT"},"host":{"name":"flare-PC"},"record_number":"1418","opcode":"Info"}
{"index":{"_index":"winlogbeat-6.4.0-2018.09.19","_type":"doc","_id":"sV_38WUBfVn9xHWinTx_"}}
{"thread_id":1824,"event_data":{"ParentProcessGuid":"{2D3B23BE-4B69-5BA2-0000-00109FD61700}","Product":"Betriebssystem Microsoft® Windows®","User":"flare-PC\\flare","Hashes":"MD5=D69A9ABBB0D795F21995C2F48C1EB560,SHA256=36414C7E57AFA6136D77FD47F4C55102E35F2475FBCD719728DA7D14B1590E2A","Description":"Konsolenregistrierungsprogramm","Image":"C:\\Windows\\SysWOW64\\reg.exe","UtcTime":"2018-09-19 13:13:13.745","ParentImage":"C:\\Program Files (x86)\\Python27\\python.exe","ParentCommandLine":"\"C:\\Program Files (x86)\\Python27\\python.exe\"  C:\\Users\\flare\\Downloads\\RTA-master\\red_ttp\\registry_hive_export.py","FileVersion":"6.1.7600.16385 (win7_rtm.090713-1255)","TerminalSessionId":"1","Company":"Microsoft Corporation","ParentProcessId":"3828","ProcessId":"3224","LogonGuid":"{2D3B23BE-45CC-5BA2-0000-002020E30000}","IntegrityLevel":"Medium","CommandLine":"reg.exe save hklm\\sam C:\\Users\\flare\\Downloads\\RTA-master\\sam.reg","CurrentDirectory":"C:\\Users\\flare\\Downloads\\RTA-master\\","LogonId":"0xe320","ProcessGuid":"{2D3B23BE-4B69-5BA2-0000-0010A6031800}"},"@timestamp":"2018-09-19T13:13:13.745Z","log_name":"Microsoft-Windows-Sysmon/Operational","level":"Informationen","computer_name":"flare-PC","source_name":"Microsoft-Windows-Sysmon","process_id":1304,"@version":"1","provider_guid":"{5770385F-C22A-43E0-BF4C-06F5698FFBD9}","message":"Process Create:\nRuleName: \nUtcTime: 2018-09-19 13:13:13.745\nProcessGuid: {2D3B23BE-4B69-5BA2-0000-0010A6031800}\nProcessId: 3224\nImage: C:\\Windows\\SysWOW64\\reg.exe\nFileVersion: 6.1.7600.16385 (win7_rtm.090713-1255)\nDescription: Konsolenregistrierungsprogramm\nProduct: Betriebssystem Microsoft® Windows®\nCompany: Microsoft Corporation\nCommandLine: reg.exe save hklm\\sam C:\\Users\\flare\\Downloads\\RTA-master\\sam.reg\nCurrentDirectory: C:\\Users\\flare\\Downloads\\RTA-master\\\nUser: flare-PC\\flare\nLogonGuid: {2D3B23BE-45CC-5BA2-0000-002020E30000}\nLogonId: 0xe320\nTerminalSessionId: 1\nIntegrityLevel: Medium\nHashes: MD5=D69A9ABBB0D795F21995C2F48C1EB560,SHA256=36414C7E57AFA6136D77FD47F4C55102E35F2475FBCD719728DA7D14B1590E2A\nParentProcessGuid: {2D3B23BE-4B69-5BA2-0000-00109FD61700}\nParentProcessId: 3828\nParentImage: C:\\Program Files (x86)\\Python27\\python.exe\nParentCommandLine: \"C:\\Program Files (x86)\\Python27\\python.exe\"  C:\\Users\\flare\\Downloads\\RTA-master\\red_ttp\\registry_hive_export.py","beat":{"version":"6.4.0","name":"flare-PC","hostname":"flare-PC"},"tags":["beats_input_codec_plain_applied"],"type":"wineventlog","task":"Process Create (rule: ProcessCreate)","event_id":1,"version":5,"user":{"name":"SYSTEM","identifier":"S-1-5-18","type":"User","domain":"NT-AUTORITÄT"},"host":{"name":"flare-PC"},"record_number":"1422","opcode":"Info"}
