{"index":{"_index":"winlogbeat-6.4.0-2018.09.19","_type":"doc","_id":"KF_18WUBfVn9xHWiOjyb"}}
{"thread_id":1824,"event_data":{"CreationUtcTime":"2018-09-19 12:59:31.179","UtcTime":"2018-09-19 13:10:43.649","Image":"C:\\Program Files (x86)\\Python27\\python.exe","TargetFilename":"C:\\Users\\flare\\Downloads\\RTA-master\\red_ttp\\bin\\beacon.hta","ProcessId":"2748","ProcessGuid":"{2D3B23BE-4AD0-5BA2-0000-001034C11300}"},"@timestamp":"2018-09-19T13:10:43.649Z","log_name":"Microsoft-Windows-Sysmon/Operational","level":"Informationen","computer_name":"flare-PC","source_name":"Microsoft-Windows-Sysmon","process_id":1304,"provider_guid":"{5770385F-C22A-43E0-BF4C-06F5698FFBD9}","message":"File created:\nRuleName: \nUtcTime: 2018-09-19 13:10:43.649\nProcessGuid: {2D3B23BE-4AD0-5BA2-0000-001034C11300}\nProcessId: 2748\nImage: C:\\Program Files (x86)\\Python27\\python.exe\nTargetFilename: C:\\Users\\flare\\Downloads\\RTA-master\\red_ttp\\bin\\beacon.hta\nCreationUtcTime: 2018-09-19 12:59:31.179","@version":"1","beat":{"version":"6.4.0","name":"flare-PC","hostname":"flare-PC"},"tags":["beats_input_codec_plain_applied"],"type":"wineventlog","event_id":11,"task":"File created (rule: FileCreate)","version":2,"user":{"name":"SYSTEM","identifier":"S-1-5-18","domain":"NT-AUTORITÄT","type":"User"},"host":{"name":"flare-PC"},"record_number":"1299","opcode":"Info"}
{"index":{"_index":"winlogbeat-6.4.0-2018.09.19","_type":"doc","_id":"TF_18WUBfVn9xHWiijyi"}}
{"thread_id":1824,"event_data":{"ParentProcessGuid":"{2D3B23BE-4AE7-5BA2-0000-001043E81400}","User":"flare-PC\\flare","UtcTime":"2018-09-19 13:11:03.289","Image":"C:\\Program Files (x86)\\Python27\\python.exe","Description":"?","Product":"?","Hashes":"MD5=6E8B813C218546F9DF6F17F4B97B06EE,SHA256=C7817E6DA74A7AE196EB2D35CE21319ABE3A62CD23AB4DB39FA5138DF7CA1D44","LogonId":"0xe320","ParentCommandLine":"C:\\Windows\\system32\\cmd.exe /c \"\"C:\\Program Files (x86)\\Python27\\python.exe\" C:\\Users\\flare\\Downloads\\RTA-master\\red_ttp\\msxsl_network.py\"","ParentImage":"C:\\Windows\\SysWOW64\\cmd.exe","LogonGuid":"{2D3B23BE-45CC-5BA2-0000-002020E30000}","Company":"?","CurrentDirectory":"C:\\Users\\flare\\Downloads\\RTA-master\\","ProcessId":"3892","ParentProcessId":"2780","IntegrityLevel":"Medium","TerminalSessionId":"1","CommandLine":"\"C:\\Program Files (x86)\\Python27\\python.exe\"  C:\\Users\\flare\\Downloads\\RTA-master\\red_ttp\\msxsl_network.py","FileVersion":"?","ProcessGuid":"{2D3B23BE-4AE7-5BA2-0000-001085E91400}"},"@timestamp":"2018-09-19T13:11:03.289Z","log_name":"Microsoft-Windows-Sysmon/Operational","level":"Informationen","computer_name":"flare-PC","source_name":"Microsoft-Windows-Sysmon","process_id":1304,"message":"Process Create:\nRuleName: \nUtcTime: 2018-09-19 13:11:03.289\nProcessGuid: {2D3B23BE-4AE7-5BA2-0000-001085E91400}\nProcessId: 3892\nImage: C:\\Program Files (x86)\\Python27\\python.exe\nFileVersion: ?\nDescription: ?\nProduct: ?\nCompany: ?\nCommandLine: \"C:\\Program Files (x86)\\Python27\\python.exe\"  C:\\Users\\flare\\Downloads\\RTA-master\\red_ttp\\msxsl_network.py\nCurrentDirectory: C:\\Users\\flare\\Downloads\\RTA-master\\\nUser: flare-PC\\flare\nLogonGuid: {2D3B23BE-45CC-5BA2-0000-002020E30000}\nLogonId: 0xe320\nTerminalSessionId: 1\nIntegrityLevel: Medium\nHashes: MD5=6E8B813C218546F9DF6F17F4B97B06EE,SHA256=C7817E6DA74A7AE196EB2D35CE21319ABE3A62CD23AB4DB39FA5138DF7CA1D44\nParentProcessGuid: {2D3B23BE-4AE7-5BA2-0000-001043E81400}\nParentProcessId: 2780\nParentImage: C:\\Windows\\SysWOW64\\cmd.exe\nParentCommandLine: C:\\Windows\\system32\\cmd.exe /c \"\"C:\\Program Files (x86)\\Python27\\python.exe\" C:\\Users\\flare\\Downloads\\RTA-master\\red_ttp\\msxsl_network.py\"","@version":"1","provider_guid":"{5770385F-C22A-43E0-BF4C-06F5698FFBD9}","beat":{"version":"6.4.0","name":"flare-PC","hostname":"flare-PC"},"tags":["beats_input_codec_plain_applied"],"type":"wineventlog","event_id":1,"task":"Process Create (rule: ProcessCreate)","host":{"name":"flare-PC"},"version":5,"record_number":"1322","user":{"name":"SYSTEM","identifier":"S-1-5-18","domain":"NT-AUTORITÄT","type":"User"},"opcode":"Info"}
{"index":{"_index":"winlogbeat-6.4.0-2018.09.19","_type":"doc","_id":"TV_18WUBfVn9xHWiijyk"}}
{"thread_id":1824,"event_data":{"UtcTime":"2018-09-19 13:11:02.694","Image":"C:\\Windows\\system32\\msiexec.exe","EventType":"DeleteValue","TargetObject":"HKLM\\SOFTWARE\\Wow6432Node\\Microsoft\\Windows\\CurrentVersion\\Uninstall\\{8D6D91A4-04F6-4117-972D-7BCC8B4160DC}\\URLUpdateInfo","ProcessId":"172","ProcessGuid":"{2D3B23BE-4AE1-5BA2-0000-0010C9BA1400}"},"@timestamp":"2018-09-19T13:11:02.709Z","log_name":"Microsoft-Windows-Sysmon/Operational","level":"Informationen","computer_name":"flare-PC","source_name":"Microsoft-Windows-Sysmon","process_id":1304,"message":"Registry object added or deleted:\nRuleName: \nEventType: DeleteValue\nUtcTime: 2018-09-19 13:11:02.694\nProcessGuid: {2D3B23BE-4AE1-5BA2-0000-0010C9BA1400}\nProcessId: 172\nImage: C:\\Windows\\system32\\msiexec.exe\nTargetObject: HKLM\\SOFTWARE\\Wow6432Node\\Microsoft\\Windows\\CurrentVersion\\Uninstall\\{8D6D91A4-04F6-4117-972D-7BCC8B4160DC}\\URLUpdateInfo","@version":"1","provider_guid":"{5770385F-C22A-43E0-BF4C-06F5698FFBD9}","beat":{"version":"6.4.0","name":"flare-PC","hostname":"flare-PC"},"tags":["beats_input_codec_plain_applied"],"task":"Registry object added or deleted (rule: RegistryEvent)","record_number":"1320","event_id":12,"version":2,"host":{"name":"flare-PC"},"user":{"name":"SYSTEM","identifier":"S-1-5-18","type":"User","domain":"NT-AUTORITÄT"},"type":"wineventlog","opcode":"Info"}
{"index":{"_index":"winlogbeat-6.4.0-2018.09.19","_type":"doc","_id":"GV_18WUBfVn9xHWiGDyS"}}
{"thread_id":1824,"event_data":{"LogonId":"0xe320","Product":"Betriebssystem Microsoft® Windows®","UtcTime":"2018-09-19 13:10:36.644","Image":"C:\\Windows\\SysWOW64\\cmd.exe","Description":"Windows-Befehlsprozessor","Hashes":"MD5=AD7B9C14083B52BC532FBA5948342B98,SHA256=17F746D82695FA9B35493B41859D39D786D32B23A9D2E00F4011DEC7A02402AE","User":"flare-PC\\flare","ParentImage":"C:\\Program Files (x86)\\Python27\\python.exe","FileVersion":"6.1.7601.17514 (win7sp1_rtm.101119-1850)","ParentProcessGuid":"{2D3B23BE-4A1C-5BA2-0000-0010C8100B00}","TerminalSessionId":"1","CommandLine":"C:\\Windows\\system32\\cmd.exe /c \"\"C:\\Program Files (x86)\\Python27\\python.exe\" C:\\Users\\flare\\Downloads\\RTA-master\\red_ttp\\msbuild_network.py\"","ParentProcessId":"3756","Company":"Microsoft Corporation","CurrentDirectory":"C:\\Users\\flare\\Downloads\\RTA-master\\","ProcessId":"3828","LogonGuid":"{2D3B23BE-45CC-5BA2-0000-002020E30000}","IntegrityLevel":"Medium","ParentCommandLine":"\"C:\\Program Files (x86)\\Python27\\python.exe\" \"C:\\Users\\flare\\Downloads\\RTA-master\\run_all.py\" ","ProcessGuid":"{2D3B23BE-4ACC-5BA2-0000-0010B2311300}"},"@timestamp":"2018-09-19T13:10:36.644Z","log_name":"Microsoft-Windows-Sysmon/Operational","level":"Informationen","computer_name":"flare-PC","source_name":"Microsoft-Windows-Sysmon","process_id":1304,"provider_guid":"{5770385F-C22A-43E0-BF4C-06F5698FFBD9}","message":"Process Create:\nRuleName: \nUtcTime: 2018-09-19 13:10:36.644\nProcessGuid: {2D3B23BE-4ACC-5BA2-0000-0010B2311300}\nProcessId: 3828\nImage: C:\\Windows\\SysWOW64\\cmd.exe\nFileVersion: 6.1.7601.17514 (win7sp1_rtm.101119-1850)\nDescription: Windows-Befehlsprozessor\nProduct: Betriebssystem Microsoft® Windows®\nCompany: Microsoft Corporation\nCommandLine: C:\\Windows\\system32\\cmd.exe /c \"\"C:\\Program Files (x86)\\Python27\\python.exe\" C:\\Users\\flare\\Downloads\\RTA-master\\red_ttp\\msbuild_network.py\"\nCurrentDirectory: C:\\Users\\flare\\Downloads\\RTA-master\\\nUser: flare-PC\\flare\nLogonGuid: {2D3B23BE-45CC-5BA2-0000-002020E30000}\nLogonId: 0xe320\nTerminalSessionId: 1\nIntegrityLevel: Medium\nHashes: MD5=AD7B9C14083B52BC532FBA5948342B98,SHA256=17F746D82695FA9B35493B41859D39D786D32B23A9D2E00F4011DEC7A02402AE\nParentProcessGuid: {2D3B23BE-4A1C-5BA2-0000-0010C8100B00}\nParentProcessId: 3756\nParentImage: C:\\Program Files (x86)\\Python27\\python.exe\nParentCommandLine: \"C:\\Program Files (x86)\\Python27\\python.exe\" \"C:\\Users\\flare\\Downloads\\RTA-master\\run_all.py\" ","@version":"1","beat":{"version":"6.4.0","name":"flare-PC","hostname":"flare-PC"},"tags":["beats_input_codec_plain_applied"],"type":"wineventlog","event_id":1,"record_number":"1284","host":{"name":"flare-PC"},"version":5,"user":{"name":"SYSTEM","identifier":"S-1-5-18","type":"User","domain":"NT-AUTORITÄT"},"task":"Process Create (rule: ProcessCreate)","opcode":"Info"}
{"index":{"_index":"winlogbeat-6.4.0-2018.09.19","_type":"doc","_id":"CV_18WUBfVn9xHWiADx7"}}
{"thread_id":1824,"event_data":{"ParentProcessGuid":"{2D3B23BE-4AC5-5BA2-0000-0010A6C51200}","Product":"Microsoft® Windows® Operating System","UtcTime":"2018-09-19 13:10:30.287","Image":"C:\\Windows\\SysWOW64\\net.exe","User":"flare-PC\\flare","Description":"Net Command","Hashes":"MD5=B9A4DAC2192FD78CDA097BFA79F6E7B2,SHA256=D468E6B1B79555AC8BCE0300942FD479689EB8F159F3A399848D3BF9B9990A56","FileVersion":"6.1.7600.16385 (win7_rtm.090713-1255)","ParentCommandLine":"\"C:\\Program Files (x86)\\Python27\\python.exe\"  C:\\Users\\flare\\Downloads\\RTA-master\\red_ttp\\lateral_commands.py","LogonId":"0xe320","TerminalSessionId":"1","LogonGuid":"{2D3B23BE-45CC-5BA2-0000-002020E30000}","ParentProcessId":"1148","ProcessId":"2368","Company":"Microsoft Corporation","IntegrityLevel":"Medium","ParentImage":"C:\\Program Files (x86)\\Python27\\python.exe","CurrentDirectory":"C:\\Users\\flare\\Downloads\\RTA-master\\","CommandLine":"net.exe use \\\\172.16.100.10\\admin$","ProcessGuid":"{2D3B23BE-4AC6-5BA2-0000-0010960E1300}"},"@timestamp":"2018-09-19T13:10:30.287Z","log_name":"Microsoft-Windows-Sysmon/Operational","level":"Informationen","computer_name":"flare-PC","source_name":"Microsoft-Windows-Sysmon","process_id":1304,"message":"Process Create:\nRuleName: \nUtcTime: 2018-09-19 13:10:30.287\nProcessGuid: {2D3B23BE-4AC6-5BA2-0000-0010960E1300}\nProcessId: 2368\nImage: C:\\Windows\\SysWOW64\\net.exe\nFileVersion: 6.1.7600.16385 (win7_rtm.090713-1255)\nDescription: Net Command\nProduct: Microsoft® Windows® Operating System\nCompany: Microsoft Corporation\nCommandLine: net.exe use \\\\172.16.100.10\\admin$\nCurrentDirectory: C:\\Users\\flare\\Downloads\\RTA-master\\\nUser: flare-PC\\flare\nLogonGuid: {2D3B23BE-45CC-5BA2-0000-002020E30000}\nLogonId: 0xe320\nTerminalSessionId: 1\nIntegrityLevel: Medium\nHashes: MD5=B9A4DAC2192FD78CDA097BFA79F6E7B2,SHA256=D468E6B1B79555AC8BCE0300942FD479689EB8F159F3A399848D3BF9B9990A56\nParentProcessGuid: {2D3B23BE-4AC5-5BA2-0000-0010A6C51200}\nParentProcessId: 1148\nParentImage: C:\\Program Files (x86)\\Python27\\python.exe\nParentCommandLine: \"C:\\Program Files (x86)\\Python27\\python.exe\"  C:\\Users\\flare\\Downloads\\RTA-master\\red_ttp\\lateral_commands.py","@version":"1","provider_guid":"{5770385F-C22A-43E0-BF4C-06F5698FFBD9}","beat":{"version":"6.4.0","name":"flare-PC","hostname":"flare-PC"},"tags":["beats_input_codec_plain_applied"],"task":"Process Create (rule: ProcessCreate)","event_id":1,"record_number":"1273","version":5,"user":{"domain":"NT-AUTORITÄT","identifier":"S-1-5-18","type":"User","name":"SYSTEM"},"type":"wineventlog","host":{"name":"flare-PC"},"opcode":"Info"}
{"index":{"_index":"winlogbeat-6.4.0-2018.09.19","_type":"doc","_id":"V1_18WUBfVn9xHWimjy8"}}
{"thread_id":1824,"event_data":{"LogonId":"0xe320","Product":"Microsoft® Windows® Operating System","ParentProcessGuid":"{2D3B23BE-4AEB-5BA2-0000-001065941500}","Image":"C:\\Windows\\SysWOW64\\net1.exe","Hashes":"MD5=2041012726EF7C95ED51C15C56545A7F,SHA256=A0BE13AC9443ACC6D2EEA474CC82A727BDB7E1009F573DBA34D269F9A6AAA347","User":"flare-PC\\flare","Description":"Net Command","FileVersion":"6.1.7601.17514 (win7sp1_rtm.101119-1850)","ParentCommandLine":"net.exe group  Administrators macgyver /add","ParentImage":"C:\\Windows\\SysWOW64\\net.exe","TerminalSessionId":"1","CommandLine":"C:\\Windows\\system32\\net1 group  Administrators macgyver /add","ParentProcessId":"2184","CurrentDirectory":"C:\\Users\\flare\\Downloads\\RTA-master\\","ProcessId":"3632","IntegrityLevel":"Medium","Company":"Microsoft Corporation","LogonGuid":"{2D3B23BE-45CC-5BA2-0000-002020E30000}","UtcTime":"2018-09-19 13:11:07.446","ProcessGuid":"{2D3B23BE-4AEB-5BA2-0000-00109D951500}"},"@timestamp":"2018-09-19T13:11:07.446Z","log_name":"Microsoft-Windows-Sysmon/Operational","level":"Informationen","computer_name":"flare-PC","source_name":"Microsoft-Windows-Sysmon","process_id":1304,"message":"Process Create:\nRuleName: \nUtcTime: 2018-09-19 13:11:07.446\nProcessGuid: {2D3B23BE-4AEB-5BA2-0000-00109D951500}\nProcessId: 3632\nImage: C:\\Windows\\SysWOW64\\net1.exe\nFileVersion: 6.1.7601.17514 (win7sp1_rtm.101119-1850)\nDescription: Net Command\nProduct: Microsoft® Windows® Operating System\nCompany: Microsoft Corporation\nCommandLine: C:\\Windows\\system32\\net1 group  Administrators macgyver /add\nCurrentDirectory: C:\\Users\\flare\\Downloads\\RTA-master\\\nUser: flare-PC\\flare\nLogonGuid: {2D3B23BE-45CC-5BA2-0000-002020E30000}\nLogonId: 0xe320\nTerminalSessionId: 1\nIntegrityLevel: Medium\nHashes: MD5=2041012726EF7C95ED51C15C56545A7F,SHA256=A0BE13AC9443ACC6D2EEA474CC82A727BDB7E1009F573DBA34D269F9A6AAA347\nParentProcessGuid: {2D3B23BE-4AEB-5BA2-0000-001065941500}\nParentProcessId: 2184\nParentImage: C:\\Windows\\SysWOW64\\net.exe\nParentCommandLine: net.exe group  Administrators macgyver /add","@version":"1","provider_guid":"{5770385F-C22A-43E0-BF4C-06F5698FFBD9}","beat":{"version":"6.4.0","name":"flare-PC","hostname":"flare-PC"},"tags":["beats_input_codec_plain_applied"],"type":"wineventlog","event_id":1,"record_number":"1334","host":{"name":"flare-PC"},"user":{"name":"SYSTEM","identifier":"S-1-5-18","domain":"NT-AUTORITÄT","type":"User"},"version":5,"task":"Process Create (rule: ProcessCreate)","opcode":"Info"}
{"index":{"_index":"winlogbeat-6.4.0-2018.09.19","_type":"doc","_id":"Q1_18WUBfVn9xHWigjys"}}
{"event_data":{"param1":"MyAppInstall","param5":"MyApp","param3":"1033","param4":"0","param6":"(NULL)","param2":"1.0.0","Binary":"7B38443644393141342D303446362D343131372D393732442D3742434338423431363044437D3030303065306661313161303831303835366230323734383530393535323733663937323030303030393034"},"@timestamp":"2018-09-19T13:11:02.000Z","keywords":["Klassisch"],"log_name":"Application","level":"Informationen","computer_name":"flare-PC","source_name":"MsiInstaller","message":"Das Produkt wurde durch Windows Installer entfernt. Produktname: MyAppInstall. Produktversion: 1.0.0. Produktsprache: 1033. Hersteller: MyApp. Erfolg- bzw. Fehlerstatus der Deinstallation: 0.","@version":"1","beat":{"version":"6.4.0","name":"flare-PC","hostname":"flare-PC"},"tags":["beats_input_codec_plain_applied"],"type":"wineventlog","record_number":"2405","event_id":1034,"host":{"name":"flare-PC"},"user":{"name":"flare","domain":"flare-PC","type":"User","identifier":"S-1-5-21-4019173901-3792766986-1456451320-1001"},"opcode":"Info"}
{"index":{"_index":"winlogbeat-6.4.0-2018.09.19","_type":"doc","_id":"SF_18WUBfVn9xHWiijyi"}}
{"thread_id":4076,"@timestamp":"2018-09-19T13:11:02.773Z","log_name":"Application","user_data":{"xml_name":"RmSessionEvent","UTCStartTime":"2018-09-19T13:10:58.731445300Z","RmSessionId":"0"},"level":"Informationen","computer_name":"flare-PC","source_name":"Microsoft-Windows-RestartManager","process_id":172,"@version":"1","message":"Sitzung wird beendet: 0. ‎2018‎-‎09‎-‎19T13:10:58.731445300Z wird gestartet.","provider_guid":"{0888E5EF-9B98-4695-979D-E92CE4247224}","beat":{"version":"6.4.0","name":"flare-PC","hostname":"flare-PC"},"tags":["beats_input_codec_plain_applied"],"type":"wineventlog","event_id":10001,"record_number":"2407","host":{"name":"flare-PC"},"user":{"name":"flare","identifier":"S-1-5-21-4019173901-3792766986-1456451320-1001","type":"User","domain":"flare-PC"},"opcode":"Info"}
{"index":{"_index":"winlogbeat-6.4.0-2018.09.19","_type":"doc","_id":"c1_18WUBfVn9xHWizDww"}}
{"thread_id":1824,"event_data":{"LogonId":"0xe320","ParentProcessGuid":"{2D3B23BE-4AF0-5BA2-0000-001020D01500}","UtcTime":"2018-09-19 13:11:17.875","User":"flare-PC\\flare","Description":"Beendet Prozesse","Hashes":"MD5=94BDCAFBD584C979B385ADEE14B08AB4,SHA256=CB1822A981E9821D571AF16B7E37BEBA5FEB8E3DEDCDD0461119AF9AAC0358B3","Product":"Betriebssystem Microsoft® Windows®","FileVersion":"6.1.7600.16385 (win7_rtm.090713-1255)","ParentImage":"C:\\Program Files (x86)\\Python27\\python.exe","ParentCommandLine":"\"C:\\Program Files (x86)\\Python27\\python.exe\"  C:\\Users\\flare\\Downloads\\RTA-master\\red_ttp\\persistent_scripts.py","LogonGuid":"{2D3B23BE-45CC-5BA2-0000-002020E30000}","CommandLine":"taskkill.exe /f /im explorer.exe","ParentProcessId":"3672","ProcessId":"3668","TerminalSessionId":"1","CurrentDirectory":"C:\\Users\\flare\\Downloads\\RTA-master\\","IntegrityLevel":"Medium","Image":"C:\\Windows\\SysWOW64\\taskkill.exe","Company":"Microsoft Corporation","ProcessGuid":"{2D3B23BE-4AF5-5BA2-0000-0010D8141600}"},"@timestamp":"2018-09-19T13:11:17.890Z","log_name":"Microsoft-Windows-Sysmon/Operational","level":"Informationen","computer_name":"flare-PC","source_name":"Microsoft-Windows-Sysmon","process_id":1304,"provider_guid":"{5770385F-C22A-43E0-BF4C-06F5698FFBD9}","message":"Process Create:\nRuleName: \nUtcTime: 2018-09-19 13:11:17.875\nProcessGuid: {2D3B23BE-4AF5-5BA2-0000-0010D8141600}\nProcessId: 3668\nImage: C:\\Windows\\SysWOW64\\taskkill.exe\nFileVersion: 6.1.7600.16385 (win7_rtm.090713-1255)\nDescription: Beendet Prozesse\nProduct: Betriebssystem Microsoft® Windows®\nCompany: Microsoft Corporation\nCommandLine: taskkill.exe /f /im explorer.exe\nCurrentDirectory: C:\\Users\\flare\\Downloads\\RTA-master\\\nUser: flare-PC\\flare\nLogonGuid: {2D3B23BE-45CC-5BA2-0000-002020E30000}\nLogonId: 0xe320\nTerminalSessionId: 1\nIntegrityLevel: Medium\nHashes: MD5=94BDCAFBD584C979B385ADEE14B08AB4,SHA256=CB1822A981E9821D571AF16B7E37BEBA5FEB8E3DEDCDD0461119AF9AAC0358B3\nParentProcessGuid: {2D3B23BE-4AF0-5BA2-0000-001020D01500}\nParentProcessId: 3672\nParentImage: C:\\Program Files (x86)\\Python27\\python.exe\nParentCommandLine: \"C:\\Program Files (x86)\\Python27\\python.exe\"  C:\\Users\\flare\\Downloads\\RTA-master\\red_ttp\\persistent_scripts.py","@version":"1","beat":{"version":"6.4.0","name":"flare-PC","hostname":"flare-PC"},"tags":["beats_input_codec_plain_applied"],"type":"wineventlog","event_id":1,"record_number":"1360","version":5,"user":{"name":"SYSTEM","identifier":"S-1-5-18","domain":"NT-AUTORITÄT","type":"User"},"task":"Process Create (rule: ProcessCreate)","host":{"name":"flare-PC"},"opcode":"Info"}
{"index":{"_index":"winlogbeat-6.4.0-2018.09.19","_type":"doc","_id":"d1_18WUBfVn9xHWi1zzy"}}
{"thread_id":1824,"event_data":{"ParentProcessGuid":"{2D3B23BE-4AF8-5BA2-0000-0010F61C1600}","Product":"Microsoft ® Windows Script Host","UtcTime":"2018-09-19 13:11:20.549","Image":"C:\\Windows\\System32\\wscript.exe","Hashes":"MD5=045451FA238A75305CC26AC982472367,SHA256=9C8A1B52A638CA87A5E7E60E635A3CBF89B04F5888995F55E2AD3D94AB009B97","Description":"Microsoft ® Windows Based Script Host","LogonId":"0xe320","FileVersion":"5.8.7600.16385","ParentCommandLine":"C:\\Windows\\Explorer.EXE","ParentImage":"C:\\Windows\\explorer.exe","TerminalSessionId":"1","CommandLine":"\"C:\\Windows\\System32\\wscript.exe\" //B \"C:\\Users\\flare\\rta-vbs-persistence-run-key.vbs\"","CurrentDirectory":"C:\\Users\\flare\\Downloads\\RTA-master\\","ProcessId":"1800","ParentProcessId":"1160","Company":"Microsoft Corporation","IntegrityLevel":"Medium","LogonGuid":"{2D3B23BE-45CC-5BA2-0000-002020E30000}","User":"flare-PC\\flare","ProcessGuid":"{2D3B23BE-4AF8-5BA2-0000-001033441600}"},"@timestamp":"2018-09-19T13:11:20.565Z","log_name":"Microsoft-Windows-Sysmon/Operational","level":"Informationen","computer_name":"flare-PC","source_name":"Microsoft-Windows-Sysmon","process_id":1304,"message":"Process Create:\nRuleName: \nUtcTime: 2018-09-19 13:11:20.549\nProcessGuid: {2D3B23BE-4AF8-5BA2-0000-001033441600}\nProcessId: 1800\nImage: C:\\Windows\\System32\\wscript.exe\nFileVersion: 5.8.7600.16385\nDescription: Microsoft ® Windows Based Script Host\nProduct: Microsoft ® Windows Script Host\nCompany: Microsoft Corporation\nCommandLine: \"C:\\Windows\\System32\\wscript.exe\" //B \"C:\\Users\\flare\\rta-vbs-persistence-run-key.vbs\"\nCurrentDirectory: C:\\Users\\flare\\Downloads\\RTA-master\\\nUser: flare-PC\\flare\nLogonGuid: {2D3B23BE-45CC-5BA2-0000-002020E30000}\nLogonId: 0xe320\nTerminalSessionId: 1\nIntegrityLevel: Medium\nHashes: MD5=045451FA238A75305CC26AC982472367,SHA256=9C8A1B52A638CA87A5E7E60E635A3CBF89B04F5888995F55E2AD3D94AB009B97\nParentProcessGuid: {2D3B23BE-4AF8-5BA2-0000-0010F61C1600}\nParentProcessId: 1160\nParentImage: C:\\Windows\\explorer.exe\nParentCommandLine: C:\\Windows\\Explorer.EXE","@version":"1","provider_guid":"{5770385F-C22A-43E0-BF4C-06F5698FFBD9}","beat":{"version":"6.4.0","name":"flare-PC","hostname":"flare-PC"},"tags":["beats_input_codec_plain_applied"],"type":"wineventlog","record_number":"1363","event_id":1,"host":{"name":"flare-PC"},"version":5,"user":{"domain":"NT-AUTORITÄT","identifier":"S-1-5-18","type":"User","name":"SYSTEM"},"task":"Process Create (rule: ProcessCreate)","opcode":"Info"}
{"index":{"_index":"winlogbeat-6.4.0-2018.09.19","_type":"doc","_id":"eF_18WUBfVn9xHWi1zzy"}}
{"thread_id":1824,"event_data":{"LogonId":"0xe320","User":"flare-PC\\flare","UtcTime":"2018-09-19 13:11:20.596","Image":"C:\\Windows\\System32\\wscript.exe","Description":"Microsoft ® Windows Based Script Host","Product":"Microsoft ® Windows Script Host","Hashes":"MD5=045451FA238A75305CC26AC982472367,SHA256=9C8A1B52A638CA87A5E7E60E635A3CBF89B04F5888995F55E2AD3D94AB009B97","FileVersion":"5.8.7600.16385","ParentCommandLine":"C:\\Windows\\Explorer.EXE","ParentImage":"C:\\Windows\\explorer.exe","LogonGuid":"{2D3B23BE-45CC-5BA2-0000-002020E30000}","CommandLine":"\"C:\\Windows\\System32\\WScript.exe\" \"C:\\Users\\flare\\AppData\\Roaming\\Microsoft\\Windows\\Start Menu\\Programs\\Startup\\rta-vbs-persistence-startup.vbs\" ","CurrentDirectory":"C:\\Users\\flare\\Downloads\\RTA-master\\","ProcessId":"3916","ParentProcessId":"1160","IntegrityLevel":"Medium","Company":"Microsoft Corporation","TerminalSessionId":"1","ParentProcessGuid":"{2D3B23BE-4AF8-5BA2-0000-0010F61C1600}","ProcessGuid":"{2D3B23BE-4AF8-5BA2-0000-0010B55C1600}"},"@timestamp":"2018-09-19T13:11:20.596Z","log_name":"Microsoft-Windows-Sysmon/Operational","level":"Informationen","computer_name":"flare-PC","source_name":"Microsoft-Windows-Sysmon","process_id":1304,"provider_guid":"{5770385F-C22A-43E0-BF4C-06F5698FFBD9}","message":"Process Create:\nRuleName: \nUtcTime: 2018-09-19 13:11:20.596\nProcessGuid: {2D3B23BE-4AF8-5BA2-0000-0010B55C1600}\nProcessId: 3916\nImage: C:\\Windows\\System32\\wscript.exe\nFileVersion: 5.8.7600.16385\nDescription: Microsoft ® Windows Based Script Host\nProduct: Microsoft ® Windows Script Host\nCompany: Microsoft Corporation\nCommandLine: \"C:\\Windows\\System32\\WScript.exe\" \"C:\\Users\\flare\\AppData\\Roaming\\Microsoft\\Windows\\Start Menu\\Programs\\Startup\\rta-vbs-persistence-startup.vbs\" \nCurrentDirectory: C:\\Users\\flare\\Downloads\\RTA-master\\\nUser: flare-PC\\flare\nLogonGuid: {2D3B23BE-45CC-5BA2-0000-002020E30000}\nLogonId: 0xe320\nTerminalSessionId: 1\nIntegrityLevel: Medium\nHashes: MD5=045451FA238A75305CC26AC982472367,SHA256=9C8A1B52A638CA87A5E7E60E635A3CBF89B04F5888995F55E2AD3D94AB009B97\nParentProcessGuid: {2D3B23BE-4AF8-5BA2-0000-0010F61C1600}\nParentProcessId: 1160\nParentImage: C:\\Windows\\explorer.exe\nParentCommandLine: C:\\Windows\\Explorer.EXE","@version":"1","beat":{"version":"6.4.0","name":"flare-PC","hostname":"flare-PC"},"tags":["beats_input_codec_plain_applied"],"task":"Process Create (rule: ProcessCreate)","type":"wineventlog","record_number":"1367","version":5,"user":{"name":"SYSTEM","identifier":"S-1-5-18","type":"User","domain":"NT-AUTORITÄT"},"event_id":1,"host":{"name":"flare-PC"},"opcode":"Info"}
{"index":{"_index":"winlogbeat-6.4.0-2018.09.19","_type":"doc","_id":"el_18WUBfVn9xHWi1zz1"}}
{"thread_id":1824,"event_data":{"LogonId":"0xe320","User":"flare-PC\\flare","UtcTime":"2018-09-19 13:11:20.786","Image":"C:\\Program Files (x86)\\Common Files\\Java\\Java Update\\jusched.exe","Hashes":"MD5=DF5A2FF9B46C998C9697A17BBCA32EDD,SHA256=34FFFA1AE38A08FCFBA7597D9BDEEA1D0D30D748508D467386116AF5BB7288FD","ParentProcessGuid":"{2D3B23BE-4AF8-5BA2-0000-00100B491600}","Product":"Java Platform SE Auto Updater","FileVersion":"2.8.181.13","Description":"Java Update Scheduler","ParentImage":"C:\\Windows\\SysWOW64\\runonce.exe","TerminalSessionId":"1","CommandLine":"\"C:\\Program Files (x86)\\Common Files\\Java\\Java Update\\jusched.exe\" ","ParentProcessId":"2388","ProcessId":"1052","CurrentDirectory":"C:\\Windows\\SysWOW64\\","IntegrityLevel":"Medium","Company":"Oracle Corporation","LogonGuid":"{2D3B23BE-45CC-5BA2-0000-002020E30000}","ParentCommandLine":"C:\\Windows\\SysWOW64\\runonce.exe /Run6432","ProcessGuid":"{2D3B23BE-4AF8-5BA2-0000-0010FD731600}"},"@timestamp":"2018-09-19T13:11:20.786Z","log_name":"Microsoft-Windows-Sysmon/Operational","level":"Informationen","computer_name":"flare-PC","source_name":"Microsoft-Windows-Sysmon","process_id":1304,"provider_guid":"{5770385F-C22A-43E0-BF4C-06F5698FFBD9}","message":"Process Create:\nRuleName: \nUtcTime: 2018-09-19 13:11:20.786\nProcessGuid: {2D3B23BE-4AF8-5BA2-0000-0010FD731600}\nProcessId: 1052\nImage: C:\\Program Files (x86)\\Common Files\\Java\\Java Update\\jusched.exe\nFileVersion: 2.8.181.13\nDescription: Java Update Scheduler\nProduct: Java Platform SE Auto Updater\nCompany: Oracle Corporation\nCommandLine: \"C:\\Program Files (x86)\\Common Files\\Java\\Java Update\\jusched.exe\" \nCurrentDirectory: C:\\Windows\\SysWOW64\\\nUser: flare-PC\\flare\nLogonGuid: {2D3B23BE-45CC-5BA2-0000-002020E30000}\nLogonId: 0xe320\nTerminalSessionId: 1\nIntegrityLevel: Medium\nHashes: MD5=DF5A2FF9B46C998C9697A17BBCA32EDD,SHA256=34FFFA1AE38A08FCFBA7597D9BDEEA1D0D30D748508D467386116AF5BB7288FD\nParentProcessGuid: {2D3B23BE-4AF8-5BA2-0000-00100B491600}\nParentProcessId: 2388\nParentImage: C:\\Windows\\SysWOW64\\runonce.exe\nParentCommandLine: C:\\Windows\\SysWOW64\\runonce.exe /Run6432","@version":"1","beat":{"version":"6.4.0","name":"flare-PC","hostname":"flare-PC"},"tags":["beats_input_codec_plain_applied"],"type":"wineventlog","record_number":"1368","event_id":1,"version":5,"user":{"name":"SYSTEM","identifier":"S-1-5-18","type":"User","domain":"NT-AUTORITÄT"},"task":"Process Create (rule: ProcessCreate)","host":{"name":"flare-PC"},"opcode":"Info"}
{"index":{"_index":"winlogbeat-6.4.0-2018.09.19","_type":"doc","_id":"fF_18WUBfVn9xHWi1zz1"}}
{"thread_id":1824,"event_data":{"UtcTime":"2018-09-19 13:11:20.804","Image":"C:\\Windows\\System32\\wscript.exe","EventType":"DeleteValue","TargetObject":"HKU\\S-1-5-21-4019173901-3792766986-1456451320-1001\\Software\\Microsoft\\Windows\\CurrentVersion\\Run\\rta-vbs-persistence","ProcessId":"1800","ProcessGuid":"{2D3B23BE-4AF8-5BA2-0000-001033441600}"},"@timestamp":"2018-09-19T13:11:20.804Z","log_name":"Microsoft-Windows-Sysmon/Operational","level":"Informationen","computer_name":"flare-PC","source_name":"Microsoft-Windows-Sysmon","process_id":1304,"message":"Registry object added or deleted:\nRuleName: \nEventType: DeleteValue\nUtcTime: 2018-09-19 13:11:20.804\nProcessGuid: {2D3B23BE-4AF8-5BA2-0000-001033441600}\nProcessId: 1800\nImage: C:\\Windows\\System32\\wscript.exe\nTargetObject: HKU\\S-1-5-21-4019173901-3792766986-1456451320-1001\\Software\\Microsoft\\Windows\\CurrentVersion\\Run\\rta-vbs-persistence","@version":"1","provider_guid":"{5770385F-C22A-43E0-BF4C-06F5698FFBD9}","beat":{"version":"6.4.0","name":"flare-PC","hostname":"flare-PC"},"tags":["beats_input_codec_plain_applied"],"task":"Registry object added or deleted (rule: RegistryEvent)","type":"wineventlog","event_id":12,"version":2,"user":{"name":"SYSTEM","domain":"NT-AUTORITÄT","type":"User","identifier":"S-1-5-18"},"record_number":"1369","host":{"name":"flare-PC"},"opcode":"Info"}
{"index":{"_index":"winlogbeat-6.4.0-2018.09.19","_type":"doc","_id":"Z1_18WUBfVn9xHWipjyC"}}
{"thread_id":1824,"event_data":{"UtcTime":"2018-09-19 13:11:10.090","Image":"C:\\Program Files (x86)\\Python27\\python.exe","EventType":"DeleteKey","TargetObject":"HKU\\S-1-5-21-4019173901-3792766986-1456451320-1001\\Software\\Microsoft\\Office Test\\Special\\Perf","ProcessId":"3800","ProcessGuid":"{2D3B23BE-4AEB-5BA2-0000-00103BA31500}"},"@timestamp":"2018-09-19T13:11:10.090Z","log_name":"Microsoft-Windows-Sysmon/Operational","level":"Informationen","computer_name":"flare-PC","source_name":"Microsoft-Windows-Sysmon","process_id":1304,"@version":"1","message":"Registry object added or deleted:\nRuleName: \nEventType: DeleteKey\nUtcTime: 2018-09-19 13:11:10.090\nProcessGuid: {2D3B23BE-4AEB-5BA2-0000-00103BA31500}\nProcessId: 3800\nImage: C:\\Program Files (x86)\\Python27\\python.exe\nTargetObject: HKU\\S-1-5-21-4019173901-3792766986-1456451320-1001\\Software\\Microsoft\\Office Test\\Special\\Perf","provider_guid":"{5770385F-C22A-43E0-BF4C-06F5698FFBD9}","beat":{"version":"6.4.0","name":"flare-PC","hostname":"flare-PC"},"tags":["beats_input_codec_plain_applied"],"task":"Registry object added or deleted (rule: RegistryEvent)","type":"wineventlog","event_id":12,"host":{"name":"flare-PC"},"user":{"name":"SYSTEM","identifier":"S-1-5-18","domain":"NT-AUTORITÄT","type":"User"},"record_number":"1348","version":2,"opcode":"Info"}
{"index":{"_index":"winlogbeat-6.4.0-2018.09.19","_type":"doc","_id":"al_18WUBfVn9xHWisDzg"}}
{"thread_id":1824,"event_data":{"ParentProcessGuid":"{2D3B23BE-4AF0-5BA2-0000-001020D01500}","Product":"Microsoft ® Windows Script Host","User":"flare-PC\\flare","UtcTime":"2018-09-19 13:11:12.560","Image":"C:\\Windows\\SysWOW64\\cscript.exe","Description":"Microsoft ® Console Based Script Host","Hashes":"MD5=A3A35EE79C64A640152B3113E6E254E2,SHA256=4792C0EB4F975D7130D589C81F39E537657381DE09DE0E41FD801249C1B136CB","FileVersion":"5.8.7600.16385","ParentCommandLine":"\"C:\\Program Files (x86)\\Python27\\python.exe\"  C:\\Users\\flare\\Downloads\\RTA-master\\red_ttp\\persistent_scripts.py","LogonId":"0xe320","TerminalSessionId":"1","Company":"Microsoft Corporation","CurrentDirectory":"C:\\Users\\flare\\Downloads\\RTA-master\\","ParentProcessId":"3672","LogonGuid":"{2D3B23BE-45CC-5BA2-0000-002020E30000}","IntegrityLevel":"Medium","ProcessId":"2252","CommandLine":"cscript.exe C:\\Users\\flare\\Downloads\\RTA-master\\red_ttp\\bin\\persistent_script.vbs","ParentImage":"C:\\Program Files (x86)\\Python27\\python.exe","ProcessGuid":"{2D3B23BE-4AF0-5BA2-0000-0010B1FA1500}"},"@timestamp":"2018-09-19T13:11:12.560Z","log_name":"Microsoft-Windows-Sysmon/Operational","level":"Informationen","computer_name":"flare-PC","source_name":"Microsoft-Windows-Sysmon","process_id":1304,"provider_guid":"{5770385F-C22A-43E0-BF4C-06F5698FFBD9}","message":"Process Create:\nRuleName: \nUtcTime: 2018-09-19 13:11:12.560\nProcessGuid: {2D3B23BE-4AF0-5BA2-0000-0010B1FA1500}\nProcessId: 2252\nImage: C:\\Windows\\SysWOW64\\cscript.exe\nFileVersion: 5.8.7600.16385\nDescription: Microsoft ® Console Based Script Host\nProduct: Microsoft ® Windows Script Host\nCompany: Microsoft Corporation\nCommandLine: cscript.exe C:\\Users\\flare\\Downloads\\RTA-master\\red_ttp\\bin\\persistent_script.vbs\nCurrentDirectory: C:\\Users\\flare\\Downloads\\RTA-master\\\nUser: flare-PC\\flare\nLogonGuid: {2D3B23BE-45CC-5BA2-0000-002020E30000}\nLogonId: 0xe320\nTerminalSessionId: 1\nIntegrityLevel: Medium\nHashes: MD5=A3A35EE79C64A640152B3113E6E254E2,SHA256=4792C0EB4F975D7130D589C81F39E537657381DE09DE0E41FD801249C1B136CB\nParentProcessGuid: {2D3B23BE-4AF0-5BA2-0000-001020D01500}\nParentProcessId: 3672\nParentImage: C:\\Program Files (x86)\\Python27\\python.exe\nParentCommandLine: \"C:\\Program Files (x86)\\Python27\\python.exe\"  C:\\Users\\flare\\Downloads\\RTA-master\\red_ttp\\persistent_scripts.py","@version":"1","beat":{"version":"6.4.0","name":"flare-PC","hostname":"flare-PC"},"tags":["beats_input_codec_plain_applied"],"task":"Process Create (rule: ProcessCreate)","event_id":1,"record_number":"1352","type":"wineventlog","user":{"domain":"NT-AUTORITÄT","identifier":"S-1-5-18","type":"User","name":"SYSTEM"},"version":5,"host":{"name":"flare-PC"},"opcode":"Info"}
{"index":{"_index":"winlogbeat-6.4.0-2018.09.19","_type":"doc","_id":"a1_18WUBfVn9xHWisDzg"}}
{"thread_id":1824,"event_data":{"CreationUtcTime":"2018-09-19 13:11:12.664","UtcTime":"2018-09-19 13:11:12.665","Image":"C:\\Windows\\SysWOW64\\cscript.exe","TargetFilename":"C:\\Users\\flare\\AppData\\Roaming\\Microsoft\\Windows\\Start Menu\\Programs\\Startup\\rta-vbs-persistence-startup.vbs","ProcessId":"2252","ProcessGuid":"{2D3B23BE-4AF0-5BA2-0000-0010B1FA1500}"},"@timestamp":"2018-09-19T13:11:12.665Z","log_name":"Microsoft-Windows-Sysmon/Operational","level":"Informationen","computer_name":"flare-PC","source_name":"Microsoft-Windows-Sysmon","process_id":1304,"message":"File created:\nRuleName: \nUtcTime: 2018-09-19 13:11:12.665\nProcessGuid: {2D3B23BE-4AF0-5BA2-0000-0010B1FA1500}\nProcessId: 2252\nImage: C:\\Windows\\SysWOW64\\cscript.exe\nTargetFilename: C:\\Users\\flare\\AppData\\Roaming\\Microsoft\\Windows\\Start Menu\\Programs\\Startup\\rta-vbs-persistence-startup.vbs\nCreationUtcTime: 2018-09-19 13:11:12.664","@version":"1","provider_guid":"{5770385F-C22A-43E0-BF4C-06F5698FFBD9}","beat":{"version":"6.4.0","name":"flare-PC","hostname":"flare-PC"},"tags":["beats_input_codec_plain_applied"],"type":"wineventlog","task":"File created (rule: FileCreate)","event_id":11,"host":{"name":"flare-PC"},"user":{"name":"SYSTEM","identifier":"S-1-5-18","domain":"NT-AUTORITÄT","type":"User"},"record_number":"1353","version":2,"opcode":"Info"}
{"index":{"_index":"winlogbeat-6.4.0-2018.09.19","_type":"doc","_id":"cF_18WUBfVn9xHWisDzg"}}
{"thread_id":1824,"event_data":{"ParentProcessGuid":"{2D3B23BE-4AF0-5BA2-0000-0010B1FA1500}","Product":"Betriebssystem Microsoft® Windows®","UtcTime":"2018-09-19 13:11:12.733","Hashes":"MD5=2003E9B15E1C502B146DAD2E383AC1E3,SHA256=15018D0093BEFABBA8B927743191030D1F8C17BB97FDB48C2FC3EAB20E2D4B3D","User":"flare-PC\\flare","Image":"C:\\Windows\\SysWOW64\\schtasks.exe","Description":"Verwaltung geplanter Aufgaben","FileVersion":"6.1.7600.16385 (win7_rtm.090713-1255)","ParentCommandLine":"cscript.exe C:\\Users\\flare\\Downloads\\RTA-master\\red_ttp\\bin\\persistent_script.vbs","ParentImage":"C:\\Windows\\SysWOW64\\cscript.exe","LogonGuid":"{2D3B23BE-45CC-5BA2-0000-002020E30000}","Company":"Microsoft Corporation","ParentProcessId":"2252","TerminalSessionId":"1","CommandLine":"\"C:\\Windows\\System32\\schtasks.exe\" /create /f /sc onlogon /tn rta-vbs-persistence /tr \"wscript.exe //B \\\"C:\\Users\\flare\\rta-vbs-persistence-run-key.vbs\\\"\"","CurrentDirectory":"C:\\Users\\flare\\Downloads\\RTA-master\\","LogonId":"0xe320","IntegrityLevel":"Medium","ProcessId":"3488","ProcessGuid":"{2D3B23BE-4AF0-5BA2-0000-0010CF0B1600}"},"@timestamp":"2018-09-19T13:11:12.764Z","log_name":"Microsoft-Windows-Sysmon/Operational","level":"Informationen","computer_name":"flare-PC","source_name":"Microsoft-Windows-Sysmon","process_id":1304,"@version":"1","message":"Process Create:\nRuleName: \nUtcTime: 2018-09-19 13:11:12.733\nProcessGuid: {2D3B23BE-4AF0-5BA2-0000-0010CF0B1600}\nProcessId: 3488\nImage: C:\\Windows\\SysWOW64\\schtasks.exe\nFileVersion: 6.1.7600.16385 (win7_rtm.090713-1255)\nDescription: Verwaltung geplanter Aufgaben\nProduct: Betriebssystem Microsoft® Windows®\nCompany: Microsoft Corporation\nCommandLine: \"C:\\Windows\\System32\\schtasks.exe\" /create /f /sc onlogon /tn rta-vbs-persistence /tr \"wscript.exe //B \\\"C:\\Users\\flare\\rta-vbs-persistence-run-key.vbs\\\"\"\nCurrentDirectory: C:\\Users\\flare\\Downloads\\RTA-master\\\nUser: flare-PC\\flare\nLogonGuid: {2D3B23BE-45CC-5BA2-0000-002020E30000}\nLogonId: 0xe320\nTerminalSessionId: 1\nIntegrityLevel: Medium\nHashes: MD5=2003E9B15E1C502B146DAD2E383AC1E3,SHA256=15018D0093BEFABBA8B927743191030D1F8C17BB97FDB48C2FC3EAB20E2D4B3D\nParentProcessGuid: {2D3B23BE-4AF0-5BA2-0000-0010B1FA1500}\nParentProcessId: 2252\nParentImage: C:\\Windows\\SysWOW64\\cscript.exe\nParentCommandLine: cscript.exe C:\\Users\\flare\\Downloads\\RTA-master\\red_ttp\\bin\\persistent_script.vbs","provider_guid":"{5770385F-C22A-43E0-BF4C-06F5698FFBD9}","beat":{"version":"6.4.0","name":"flare-PC","hostname":"flare-PC"},"tags":["beats_input_codec_plain_applied"],"task":"Process Create (rule: ProcessCreate)","event_id":1,"type":"wineventlog","host":{"name":"flare-PC"},"version":5,"user":{"name":"SYSTEM","identifier":"S-1-5-18","domain":"NT-AUTORITÄT","type":"User"},"record_number":"1357","opcode":"Info"}
{"index":{"_index":"winlogbeat-6.4.0-2018.09.19","_type":"doc","_id":"aV_18WUBfVn9xHWisDzg"}}
{"thread_id":1824,"event_data":{"ParentProcessGuid":"{2D3B23BE-4A1C-5BA2-0000-0010C8100B00}","Product":"Betriebssystem Microsoft® Windows®","User":"flare-PC\\flare","LogonId":"0xe320","Description":"Windows-Befehlsprozessor","UtcTime":"2018-09-19 13:11:12.091","Hashes":"MD5=AD7B9C14083B52BC532FBA5948342B98,SHA256=17F746D82695FA9B35493B41859D39D786D32B23A9D2E00F4011DEC7A02402AE","FileVersion":"6.1.7601.17514 (win7sp1_rtm.101119-1850)","ParentCommandLine":"\"C:\\Program Files (x86)\\Python27\\python.exe\" \"C:\\Users\\flare\\Downloads\\RTA-master\\run_all.py\" ","ParentImage":"C:\\Program Files (x86)\\Python27\\python.exe","Company":"Microsoft Corporation","LogonGuid":"{2D3B23BE-45CC-5BA2-0000-002020E30000}","ParentProcessId":"3756","TerminalSessionId":"1","ProcessId":"2392","IntegrityLevel":"Medium","CommandLine":"C:\\Windows\\system32\\cmd.exe /c \"\"C:\\Program Files (x86)\\Python27\\python.exe\" C:\\Users\\flare\\Downloads\\RTA-master\\red_ttp\\persistent_scripts.py\"","Image":"C:\\Windows\\SysWOW64\\cmd.exe","CurrentDirectory":"C:\\Users\\flare\\Downloads\\RTA-master\\","ProcessGuid":"{2D3B23BE-4AF0-5BA2-0000-0010E4CE1500}"},"@timestamp":"2018-09-19T13:11:12.091Z","log_name":"Microsoft-Windows-Sysmon/Operational","level":"Informationen","computer_name":"flare-PC","source_name":"Microsoft-Windows-Sysmon","process_id":1304,"message":"Process Create:\nRuleName: \nUtcTime: 2018-09-19 13:11:12.091\nProcessGuid: {2D3B23BE-4AF0-5BA2-0000-0010E4CE1500}\nProcessId: 2392\nImage: C:\\Windows\\SysWOW64\\cmd.exe\nFileVersion: 6.1.7601.17514 (win7sp1_rtm.101119-1850)\nDescription: Windows-Befehlsprozessor\nProduct: Betriebssystem Microsoft® Windows®\nCompany: Microsoft Corporation\nCommandLine: C:\\Windows\\system32\\cmd.exe /c \"\"C:\\Program Files (x86)\\Python27\\python.exe\" C:\\Users\\flare\\Downloads\\RTA-master\\red_ttp\\persistent_scripts.py\"\nCurrentDirectory: C:\\Users\\flare\\Downloads\\RTA-master\\\nUser: flare-PC\\flare\nLogonGuid: {2D3B23BE-45CC-5BA2-0000-002020E30000}\nLogonId: 0xe320\nTerminalSessionId: 1\nIntegrityLevel: Medium\nHashes: MD5=AD7B9C14083B52BC532FBA5948342B98,SHA256=17F746D82695FA9B35493B41859D39D786D32B23A9D2E00F4011DEC7A02402AE\nParentProcessGuid: {2D3B23BE-4A1C-5BA2-0000-0010C8100B00}\nParentProcessId: 3756\nParentImage: C:\\Program Files (x86)\\Python27\\python.exe\nParentCommandLine: \"C:\\Program Files (x86)\\Python27\\python.exe\" \"C:\\Users\\flare\\Downloads\\RTA-master\\run_all.py\" ","@version":"1","provider_guid":"{5770385F-C22A-43E0-BF4C-06F5698FFBD9}","beat":{"version":"6.4.0","name":"flare-PC","hostname":"flare-PC"},"tags":["beats_input_codec_plain_applied"],"task":"Process Create (rule: ProcessCreate)","record_number":"1350","event_id":1,"version":5,"user":{"name":"SYSTEM","domain":"NT-AUTORITÄT","type":"User","identifier":"S-1-5-18"},"host":{"name":"flare-PC"},"type":"wineventlog","opcode":"Info"}
{"index":{"_index":"winlogbeat-6.4.0-2018.09.19","_type":"doc","_id":"cl_18WUBfVn9xHWisDzg"}}
{"thread_id":1824,"event_data":{"CreationUtcTime":"2018-09-19 13:11:12.875","UtcTime":"2018-09-19 13:11:12.875","Image":"C:\\Windows\\SysWOW64\\cscript.exe","TargetFilename":"C:\\Users\\flare\\rta-vbs-persistence-run-key.vbs","ProcessId":"2252","ProcessGuid":"{2D3B23BE-4AF0-5BA2-0000-0010B1FA1500}"},"@timestamp":"2018-09-19T13:11:12.875Z","log_name":"Microsoft-Windows-Sysmon/Operational","level":"Informationen","computer_name":"flare-PC","source_name":"Microsoft-Windows-Sysmon","process_id":1304,"@version":"1","provider_guid":"{5770385F-C22A-43E0-BF4C-06F5698FFBD9}","message":"File created:\nRuleName: \nUtcTime: 2018-09-19 13:11:12.875\nProcessGuid: {2D3B23BE-4AF0-5BA2-0000-0010B1FA1500}\nProcessId: 2252\nImage: C:\\Windows\\SysWOW64\\cscript.exe\nTargetFilename: C:\\Users\\flare\\rta-vbs-persistence-run-key.vbs\nCreationUtcTime: 2018-09-19 13:11:12.875","beat":{"version":"6.4.0","name":"flare-PC","hostname":"flare-PC"},"tags":["beats_input_codec_plain_applied"],"task":"File created (rule: FileCreate)","record_number":"1358","event_id":11,"type":"wineventlog","user":{"name":"SYSTEM","identifier":"S-1-5-18","type":"User","domain":"NT-AUTORITÄT"},"version":2,"host":{"name":"flare-PC"},"opcode":"Info"}
{"index":{"_index":"winlogbeat-6.4.0-2018.09.19","_type":"doc","_id":"jF_28WUBfVn9xHWizTyz"}}
{"thread_id":1824,"event_data":{"ParentProcessGuid":"{2D3B23BE-4B36-5BA2-0000-00104B311700}","Product":"?","UtcTime":"2018-09-19 13:12:22.835","Hashes":"MD5=6E8B813C218546F9DF6F17F4B97B06EE,SHA256=C7817E6DA74A7AE196EB2D35CE21319ABE3A62CD23AB4DB39FA5138DF7CA1D44","Description":"?","Image":"C:\\Program Files (x86)\\Python27\\python.exe","LogonId":"0xe320","FileVersion":"?","User":"flare-PC\\flare","ParentImage":"C:\\Windows\\SysWOW64\\cmd.exe","Company":"?","CommandLine":"\"C:\\Program Files (x86)\\Python27\\python.exe\"  C:\\Users\\flare\\Downloads\\RTA-master\\red_ttp\\process_extension_anomalies.py","CurrentDirectory":"C:\\Users\\flare\\Downloads\\RTA-master\\","TerminalSessionId":"1","ProcessId":"1696","ParentProcessId":"1976","IntegrityLevel":"Medium","LogonGuid":"{2D3B23BE-45CC-5BA2-0000-002020E30000}","ParentCommandLine":"C:\\Windows\\system32\\cmd.exe /c \"\"C:\\Program Files (x86)\\Python27\\python.exe\" C:\\Users\\flare\\Downloads\\RTA-master\\red_ttp\\process_extension_anomalies.py\"","ProcessGuid":"{2D3B23BE-4B36-5BA2-0000-001084321700}"},"@timestamp":"2018-09-19T13:12:22.835Z","log_name":"Microsoft-Windows-Sysmon/Operational","level":"Informationen","computer_name":"flare-PC","source_name":"Microsoft-Windows-Sysmon","process_id":1304,"message":"Process Create:\nRuleName: \nUtcTime: 2018-09-19 13:12:22.835\nProcessGuid: {2D3B23BE-4B36-5BA2-0000-001084321700}\nProcessId: 1696\nImage: C:\\Program Files (x86)\\Python27\\python.exe\nFileVersion: ?\nDescription: ?\nProduct: ?\nCompany: ?\nCommandLine: \"C:\\Program Files (x86)\\Python27\\python.exe\"  C:\\Users\\flare\\Downloads\\RTA-master\\red_ttp\\process_extension_anomalies.py\nCurrentDirectory: C:\\Users\\flare\\Downloads\\RTA-master\\\nUser: flare-PC\\flare\nLogonGuid: {2D3B23BE-45CC-5BA2-0000-002020E30000}\nLogonId: 0xe320\nTerminalSessionId: 1\nIntegrityLevel: Medium\nHashes: MD5=6E8B813C218546F9DF6F17F4B97B06EE,SHA256=C7817E6DA74A7AE196EB2D35CE21319ABE3A62CD23AB4DB39FA5138DF7CA1D44\nParentProcessGuid: {2D3B23BE-4B36-5BA2-0000-00104B311700}\nParentProcessId: 1976\nParentImage: C:\\Windows\\SysWOW64\\cmd.exe\nParentCommandLine: C:\\Windows\\system32\\cmd.exe /c \"\"C:\\Program Files (x86)\\Python27\\python.exe\" C:\\Users\\flare\\Downloads\\RTA-master\\red_ttp\\process_extension_anomalies.py\"","@version":"1","provider_guid":"{5770385F-C22A-43E0-BF4C-06F5698FFBD9}","beat":{"version":"6.4.0","name":"flare-PC","hostname":"flare-PC"},"tags":["beats_input_codec_plain_applied"],"task":"Process Create (rule: ProcessCreate)","record_number":"1385","type":"wineventlog","host":{"name":"flare-PC"},"user":{"domain":"NT-AUTORITÄT","identifier":"S-1-5-18","type":"User","name":"SYSTEM"},"version":5,"event_id":1,"opcode":"Info"}
{"index":{"_index":"winlogbeat-6.4.0-2018.09.19","_type":"doc","_id":"fl_28WUBfVn9xHWiszys"}}
{"thread_id":1824,"event_data":{"LogonId":"0xe320","ParentProcessGuid":"{2D3B23BE-4B30-5BA2-0000-0010AAC21600}","User":"flare-PC\\flare","Image":"C:\\Program Files (x86)\\Python27\\python.exe","Hashes":"MD5=6E8B813C218546F9DF6F17F4B97B06EE,SHA256=C7817E6DA74A7AE196EB2D35CE21319ABE3A62CD23AB4DB39FA5138DF7CA1D44","Product":"?","UtcTime":"2018-09-19 13:12:16.397","ParentImage":"C:\\Windows\\SysWOW64\\cmd.exe","ParentCommandLine":"C:\\Windows\\system32\\cmd.exe /c \"\"C:\\Program Files (x86)\\Python27\\python.exe\" C:\\Users\\flare\\Downloads\\RTA-master\\red_ttp\\powershell_args.py\"","FileVersion":"?","LogonGuid":"{2D3B23BE-45CC-5BA2-0000-002020E30000}","Company":"?","CurrentDirectory":"C:\\Users\\flare\\Downloads\\RTA-master\\","ProcessId":"2940","CommandLine":"\"C:\\Program Files (x86)\\Python27\\python.exe\"  C:\\Users\\flare\\Downloads\\RTA-master\\red_ttp\\powershell_args.py","IntegrityLevel":"Medium","TerminalSessionId":"1","ParentProcessId":"3636","Description":"?","ProcessGuid":"{2D3B23BE-4B30-5BA2-0000-001016C41600}"},"@timestamp":"2018-09-19T13:12:16.397Z","log_name":"Microsoft-Windows-Sysmon/Operational","level":"Informationen","computer_name":"flare-PC","source_name":"Microsoft-Windows-Sysmon","process_id":1304,"message":"Process Create:\nRuleName: \nUtcTime: 2018-09-19 13:12:16.397\nProcessGuid: {2D3B23BE-4B30-5BA2-0000-001016C41600}\nProcessId: 2940\nImage: C:\\Program Files (x86)\\Python27\\python.exe\nFileVersion: ?\nDescription: ?\nProduct: ?\nCompany: ?\nCommandLine: \"C:\\Program Files (x86)\\Python27\\python.exe\"  C:\\Users\\flare\\Downloads\\RTA-master\\red_ttp\\powershell_args.py\nCurrentDirectory: C:\\Users\\flare\\Downloads\\RTA-master\\\nUser: flare-PC\\flare\nLogonGuid: {2D3B23BE-45CC-5BA2-0000-002020E30000}\nLogonId: 0xe320\nTerminalSessionId: 1\nIntegrityLevel: Medium\nHashes: MD5=6E8B813C218546F9DF6F17F4B97B06EE,SHA256=C7817E6DA74A7AE196EB2D35CE21319ABE3A62CD23AB4DB39FA5138DF7CA1D44\nParentProcessGuid: {2D3B23BE-4B30-5BA2-0000-0010AAC21600}\nParentProcessId: 3636\nParentImage: C:\\Windows\\SysWOW64\\cmd.exe\nParentCommandLine: C:\\Windows\\system32\\cmd.exe /c \"\"C:\\Program Files (x86)\\Python27\\python.exe\" C:\\Users\\flare\\Downloads\\RTA-master\\red_ttp\\powershell_args.py\"","@version":"1","provider_guid":"{5770385F-C22A-43E0-BF4C-06F5698FFBD9}","beat":{"version":"6.4.0","name":"flare-PC","hostname":"flare-PC"},"tags":["beats_input_codec_plain_applied"],"task":"Process Create (rule: ProcessCreate)","type":"wineventlog","record_number":"1372","host":{"name":"flare-PC"},"event_id":1,"version":5,"user":{"name":"SYSTEM","identifier":"S-1-5-18","domain":"NT-AUTORITÄT","type":"User"},"opcode":"Info"}
{"index":{"_index":"winlogbeat-6.4.0-2018.09.19","_type":"doc","_id":"gl_28WUBfVn9xHWivDwl"}}
{"thread_id":1824,"event_data":{"CreationUtcTime":"2018-09-19 13:12:17.445","UtcTime":"2018-09-19 13:12:17.445","Image":"C:\\Windows\\SysWOW64\\WindowsPowerShell\\v1.0\\powershell.exe","TargetFilename":"C:\\Users\\flare\\AppData\\Local\\Temp\\lf5e1fud.hu5.ps1","ProcessId":"1132","ProcessGuid":"{2D3B23BE-4B30-5BA2-0000-001085EF1600}"},"@timestamp":"2018-09-19T13:12:17.445Z","log_name":"Microsoft-Windows-Sysmon/Operational","level":"Informationen","computer_name":"flare-PC","source_name":"Microsoft-Windows-Sysmon","process_id":1304,"message":"File created:\nRuleName: \nUtcTime: 2018-09-19 13:12:17.445\nProcessGuid: {2D3B23BE-4B30-5BA2-0000-001085EF1600}\nProcessId: 1132\nImage: C:\\Windows\\SysWOW64\\WindowsPowerShell\\v1.0\\powershell.exe\nTargetFilename: C:\\Users\\flare\\AppData\\Local\\Temp\\lf5e1fud.hu5.ps1\nCreationUtcTime: 2018-09-19 13:12:17.445","@version":"1","provider_guid":"{5770385F-C22A-43E0-BF4C-06F5698FFBD9}","beat":{"version":"6.4.0","name":"flare-PC","hostname":"flare-PC"},"tags":["beats_input_codec_plain_applied"],"task":"File created (rule: FileCreate)","record_number":"1375","event_id":11,"host":{"name":"flare-PC"},"user":{"name":"SYSTEM","identifier":"S-1-5-18","type":"User","domain":"NT-AUTORITÄT"},"type":"wineventlog","version":2,"opcode":"Info"}
{"index":{"_index":"winlogbeat-6.4.0-2018.09.19","_type":"doc","_id":"k1_28WUBfVn9xHWi_jzq"}}
{"thread_id":1824,"event_data":{"CreationUtcTime":"2018-09-19 13:12:34.542","UtcTime":"2018-09-19 13:12:34.542","Image":"C:\\Program Files (x86)\\Python27\\python.exe","TargetFilename":"C:\\Users\\flare\\Downloads\\RTA-master\\evil.cmd","ProcessId":"1696","ProcessGuid":"{2D3B23BE-4B36-5BA2-0000-001084321700}"},"@timestamp":"2018-09-19T13:12:34.542Z","log_name":"Microsoft-Windows-Sysmon/Operational","level":"Informationen","computer_name":"flare-PC","source_name":"Microsoft-Windows-Sysmon","process_id":1304,"message":"File created:\nRuleName: \nUtcTime: 2018-09-19 13:12:34.542\nProcessGuid: {2D3B23BE-4B36-5BA2-0000-001084321700}\nProcessId: 1696\nImage: C:\\Program Files (x86)\\Python27\\python.exe\nTargetFilename: C:\\Users\\flare\\Downloads\\RTA-master\\evil.cmd\nCreationUtcTime: 2018-09-19 13:12:34.542","@version":"1","provider_guid":"{5770385F-C22A-43E0-BF4C-06F5698FFBD9}","beat":{"version":"6.4.0","name":"flare-PC","hostname":"flare-PC"},"tags":["beats_input_codec_plain_applied"],"task":"File created (rule: FileCreate)","type":"wineventlog","record_number":"1392","host":{"name":"flare-PC"},"version":2,"user":{"name":"SYSTEM","identifier":"S-1-5-18","type":"User","domain":"NT-AUTORITÄT"},"event_id":11,"opcode":"Info"}
