{"index":{"_index":"winlogbeat-6.4.0-2018.09.19","_type":"doc","_id":"I1_g8WUBfVn9xHWi5DpD"}}
{"thread_id":1824,"event_data":{"ParentProcessGuid":"{2D3B23BE-45CB-5BA2-0000-001032770000}","Product":"Microsoft® Windows® Operating System","User":"NT-AUTORITÄT\\SYSTEM","Hashes":"MD5=F4869F519C712D44D0B7A15EFE16D66C,SHA256=D9208AF61927562661E92D2BCF3FB14880A9CC69E0B954DD78897A1D5175EBCE","UtcTime":"2018-09-19 12:49:23.982","Image":"C:\\Windows\\System32\\wbem\\unsecapp.exe","LogonId":"0x3e7","FileVersion":"10.0.14394.1037 (rs1_srvoob.160913-1700)","ParentCommandLine":"C:\\Windows\\system32\\svchost.exe -k DcomLaunch","ParentImage":"C:\\Windows\\System32\\svchost.exe","TerminalSessionId":"0","LogonGuid":"{2D3B23BE-45CA-5BA2-0000-0020E7030000}","ParentProcessId":"620","Company":"Microsoft Corporation","CurrentDirectory":"C:\\Windows\\system32\\","IntegrityLevel":"System","CommandLine":"C:\\Windows\\system32\\wbem\\unsecapp.exe -Embedding","ProcessId":"1648","Description":"Sink to receive asynchronous callbacks for WMI client application","ProcessGuid":"{2D3B23BE-45D3-5BA2-0000-00108FA80100}"},"@timestamp":"2018-09-19T12:49:28.719Z","log_name":"Microsoft-Windows-Sysmon/Operational","level":"Informationen","computer_name":"flare-PC","source_name":"Microsoft-Windows-Sysmon","process_id":1304,"message":"Process Create:\nRuleName: \nUtcTime: 2018-09-19 12:49:23.982\nProcessGuid: {2D3B23BE-45D3-5BA2-0000-00108FA80100}\nProcessId: 1648\nImage: C:\\Windows\\System32\\wbem\\unsecapp.exe\nFileVersion: 10.0.14394.1037 (rs1_srvoob.160913-1700)\nDescription: Sink to receive asynchronous callbacks for WMI client application\nProduct: Microsoft® Windows® Operating System\nCompany: Microsoft Corporation\nCommandLine: C:\\Windows\\system32\\wbem\\unsecapp.exe -Embedding\nCurrentDirectory: C:\\Windows\\system32\\\nUser: NT-AUTORITÄT\\SYSTEM\nLogonGuid: {2D3B23BE-45CA-5BA2-0000-0020E7030000}\nLogonId: 0x3e7\nTerminalSessionId: 0\nIntegrityLevel: System\nHashes: MD5=F4869F519C712D44D0B7A15EFE16D66C,SHA256=D9208AF61927562661E92D2BCF3FB14880A9CC69E0B954DD78897A1D5175EBCE\nParentProcessGuid: {2D3B23BE-45CB-5BA2-0000-001032770000}\nParentProcessId: 620\nParentImage: C:\\Windows\\System32\\svchost.exe\nParentCommandLine: C:\\Windows\\system32\\svchost.exe -k DcomLaunch","@version":"1","provider_guid":"{5770385F-C22A-43E0-BF4C-06F5698FFBD9}","beat":{"version":"6.4.0","name":"flare-PC","hostname":"flare-PC"},"tags":["beats_input_codec_plain_applied"],"task":"Process Create (rule: ProcessCreate)","event_id":1,"type":"wineventlog","version":5,"user":{"name":"SYSTEM","identifier":"S-1-5-18","domain":"NT-AUTORITÄT","type":"User"},"host":{"name":"flare-PC"},"record_number":"876","opcode":"Info"}
{"index":{"_index":"winlogbeat-6.4.0-2018.09.19","_type":"doc","_id":"Jl_g8WUBfVn9xHWi5DpF"}}
{"thread_id":1824,"event_data":{"UtcTime":"2018-09-19 12:49:14.656","Image":"C:\\Windows\\system32\\lsass.exe","Details":"DWORD (0x00000004)","EventType":"SetValue","TargetObject":"HKLM\\System\\CurrentControlSet\\Control\\Lsa\\ProductType","ProcessId":"512","ProcessGuid":"{2D3B23BE-45CA-5BA2-0000-0010035F0000}"},"@timestamp":"2018-09-19T12:49:28.062Z","log_name":"Microsoft-Windows-Sysmon/Operational","level":"Informationen","computer_name":"flare-PC","source_name":"Microsoft-Windows-Sysmon","process_id":1304,"message":"Registry value set:\nRuleName: \nEventType: SetValue\nUtcTime: 2018-09-19 12:49:14.656\nProcessGuid: {2D3B23BE-45CA-5BA2-0000-0010035F0000}\nProcessId: 512\nImage: C:\\Windows\\system32\\lsass.exe\nTargetObject: HKLM\\System\\CurrentControlSet\\Control\\Lsa\\ProductType\nDetails: DWORD (0x00000004)","@version":"1","provider_guid":"{5770385F-C22A-43E0-BF4C-06F5698FFBD9}","beat":{"version":"6.4.0","name":"flare-PC","hostname":"flare-PC"},"tags":["beats_input_codec_plain_applied"],"task":"Registry value set (rule: RegistryEvent)","record_number":"863","event_id":13,"host":{"name":"flare-PC"},"user":{"name":"SYSTEM","identifier":"S-1-5-18","domain":"NT-AUTORITÄT","type":"User"},"version":2,"type":"wineventlog","opcode":"Info"}
{"index":{"_index":"winlogbeat-6.4.0-2018.09.19","_type":"doc","_id":"Kl_g8WUBfVn9xHWi5DpF"}}
{"thread_id":648,"event_data":{"param2":"Ausgeführt","Binary":"570064006900530065007200760069006300650048006F00730074002F0034000000","param1":"Diagnosediensthost"},"@timestamp":"2018-09-19T12:49:27.250Z","keywords":["Klassisch"],"log_name":"System","level":"Informationen","computer_name":"flare-PC","source_name":"Service Control Manager","process_id":488,"message":"Dienst \"Diagnosediensthost\" befindet sich jetzt im Status \"Ausgeführt\".","@version":"1","provider_guid":"{555908d1-a6d7-4695-8e1e-26931d2012f4}","beat":{"version":"6.4.0","name":"flare-PC","hostname":"flare-PC"},"tags":["beats_input_codec_plain_applied"],"type":"wineventlog","event_id":7036,"record_number":"11694","host":{"name":"flare-PC"}}
{"index":{"_index":"winlogbeat-6.4.0-2018.09.19","_type":"doc","_id":"LF_g8WUBfVn9xHWi5DpF"}}
{"thread_id":1824,"event_data":{"UtcTime":"2018-09-19 12:49:14.656","Image":"C:\\Windows\\system32\\lsass.exe","EventType":"CreateKey","TargetObject":"HKLM\\System\\CurrentControlSet\\Control\\Lsa\\SspiCache\\credssp.dll","ProcessId":"512","ProcessGuid":"{2D3B23BE-45CA-5BA2-0000-0010035F0000}"},"@timestamp":"2018-09-19T12:49:28.062Z","log_name":"Microsoft-Windows-Sysmon/Operational","level":"Informationen","computer_name":"flare-PC","source_name":"Microsoft-Windows-Sysmon","process_id":1304,"message":"Registry object added or deleted:\nRuleName: \nEventType: CreateKey\nUtcTime: 2018-09-19 12:49:14.656\nProcessGuid: {2D3B23BE-45CA-5BA2-0000-0010035F0000}\nProcessId: 512\nImage: C:\\Windows\\system32\\lsass.exe\nTargetObject: HKLM\\System\\CurrentControlSet\\Control\\Lsa\\SspiCache\\credssp.dll","@version":"1","provider_guid":"{5770385F-C22A-43E0-BF4C-06F5698FFBD9}","beat":{"version":"6.4.0","name":"flare-PC","hostname":"flare-PC"},"tags":["beats_input_codec_plain_applied"],"type":"wineventlog","record_number":"862","event_id":12,"version":2,"task":"Registry object added or deleted (rule: RegistryEvent)","host":{"name":"flare-PC"},"user":{"name":"SYSTEM","identifier":"S-1-5-18","domain":"NT-AUTORITÄT","type":"User"},"opcode":"Info"}
{"index":{"_index":"winlogbeat-6.4.0-2018.09.19","_type":"doc","_id":"LV_g8WUBfVn9xHWi5DpF"}}
{"thread_id":1824,"event_data":{"LogonId":"0x3e5","User":"NT-AUTORITÄT\\LOKALER DIENST","ParentProcessGuid":"{2D3B23BE-45CA-5BA2-0000-00104A5C0000}","Image":"C:\\Windows\\System32\\svchost.exe","Description":"Hostprozess für Windows-Dienste","Product":"Betriebssystem Microsoft® Windows®","Hashes":"MD5=C78655BC80301D76ED4FEF1C1EA40A7D,SHA256=93B2ED4004ED5F7F3039DD7ECBD22C7E4E24B6373B4D9EF8D6E45A179B13A5E8","FileVersion":"6.1.7600.16385 (win7_rtm.090713-1255)","ParentCommandLine":"C:\\Windows\\system32\\services.exe","ParentImage":"C:\\Windows\\System32\\services.exe","TerminalSessionId":"0","CommandLine":"C:\\Windows\\system32\\svchost.exe -k LocalService","ParentProcessId":"488","ProcessId":"876","Company":"Microsoft Corporation","IntegrityLevel":"System","LogonGuid":"{2D3B23BE-45CB-5BA2-0000-0020E5030000}","CurrentDirectory":"C:\\Windows\\system32\\","UtcTime":"2018-09-19 12:49:15.515","ProcessGuid":"{2D3B23BE-45CB-5BA2-0000-0010C9C40000}"},"@timestamp":"2018-09-19T12:49:28.188Z","log_name":"Microsoft-Windows-Sysmon/Operational","level":"Informationen","computer_name":"flare-PC","source_name":"Microsoft-Windows-Sysmon","process_id":1304,"provider_guid":"{5770385F-C22A-43E0-BF4C-06F5698FFBD9}","message":"Process Create:\nRuleName: \nUtcTime: 2018-09-19 12:49:15.515\nProcessGuid: {2D3B23BE-45CB-5BA2-0000-0010C9C40000}\nProcessId: 876\nImage: C:\\Windows\\System32\\svchost.exe\nFileVersion: 6.1.7600.16385 (win7_rtm.090713-1255)\nDescription: Hostprozess für Windows-Dienste\nProduct: Betriebssystem Microsoft® Windows®\nCompany: Microsoft Corporation\nCommandLine: C:\\Windows\\system32\\svchost.exe -k LocalService\nCurrentDirectory: C:\\Windows\\system32\\\nUser: NT-AUTORITÄT\\LOKALER DIENST\nLogonGuid: {2D3B23BE-45CB-5BA2-0000-0020E5030000}\nLogonId: 0x3e5\nTerminalSessionId: 0\nIntegrityLevel: System\nHashes: MD5=C78655BC80301D76ED4FEF1C1EA40A7D,SHA256=93B2ED4004ED5F7F3039DD7ECBD22C7E4E24B6373B4D9EF8D6E45A179B13A5E8\nParentProcessGuid: {2D3B23BE-45CA-5BA2-0000-00104A5C0000}\nParentProcessId: 488\nParentImage: C:\\Windows\\System32\\services.exe\nParentCommandLine: C:\\Windows\\system32\\services.exe","@version":"1","beat":{"version":"6.4.0","name":"flare-PC","hostname":"flare-PC"},"tags":["beats_input_codec_plain_applied"],"type":"wineventlog","record_number":"866","event_id":1,"version":5,"user":{"domain":"NT-AUTORITÄT","identifier":"S-1-5-18","type":"User","name":"SYSTEM"},"host":{"name":"flare-PC"},"task":"Process Create (rule: ProcessCreate)","opcode":"Info"}
{"index":{"_index":"winlogbeat-6.4.0-2018.09.19","_type":"doc","_id":"bl_m8WUBfVn9xHWiQzqj"}}
{"thread_id":1824,"event_data":{"ParentProcessGuid":"{2D3B23BE-463E-5BA2-0000-001010000400}","Product":"Firefox","UtcTime":"2018-09-19 12:55:02.161","User":"flare-PC\\flare","Description":"Firefox","LogonId":"0xe320","Hashes":"MD5=FA64B4AEB420A6C292F877E90D0670A5,SHA256=377D3B741D8447B9BBD5F6FA700151A6CE8412CA15792BA4EAAA3174B1763BA4","ParentImage":"C:\\Program Files\\Mozilla Firefox\\firefox.exe","ParentCommandLine":"\"C:\\Program Files\\Mozilla Firefox\\firefox.exe\" ","Image":"C:\\Program Files\\Mozilla Firefox\\firefox.exe","TerminalSessionId":"1","CommandLine":"\"C:\\Program Files\\Mozilla Firefox\\firefox.exe\" -contentproc --channel=\"588.24.1455852374\\2010845467\" -childID 5 -isForBrowser -prefsHandle 2728 -prefsLen 12724 -schedulerPrefs 0001,2 -parentBuildID 20180830143136 -greomni \"C:\\Program Files\\Mozilla Firefox\\omni.ja\" -appomni \"C:\\Program Files\\Mozilla Firefox\\browser\\omni.ja\" -appdir \"C:\\Program Files\\Mozilla Firefox\\browser\" - 588 \"\\\\.\\pipe\\gecko-crash-server-pipe.588\" 2888 tab","CurrentDirectory":"C:\\Program Files\\Mozilla Firefox\\","LogonGuid":"{2D3B23BE-45CC-5BA2-0000-002020E30000}","ParentProcessId":"588","IntegrityLevel":"Low","Company":"Mozilla Corporation","ProcessId":"3264","FileVersion":"62.0","ProcessGuid":"{2D3B23BE-4726-5BA2-0000-0010D4260500}"},"@timestamp":"2018-09-19T12:55:02.161Z","log_name":"Microsoft-Windows-Sysmon/Operational","level":"Informationen","computer_name":"flare-PC","source_name":"Microsoft-Windows-Sysmon","process_id":1304,"@version":"1","provider_guid":"{5770385F-C22A-43E0-BF4C-06F5698FFBD9}","message":"Process Create:\nRuleName: \nUtcTime: 2018-09-19 12:55:02.161\nProcessGuid: {2D3B23BE-4726-5BA2-0000-0010D4260500}\nProcessId: 3264\nImage: C:\\Program Files\\Mozilla Firefox\\firefox.exe\nFileVersion: 62.0\nDescription: Firefox\nProduct: Firefox\nCompany: Mozilla Corporation\nCommandLine: \"C:\\Program Files\\Mozilla Firefox\\firefox.exe\" -contentproc --channel=\"588.24.1455852374\\2010845467\" -childID 5 -isForBrowser -prefsHandle 2728 -prefsLen 12724 -schedulerPrefs 0001,2 -parentBuildID 20180830143136 -greomni \"C:\\Program Files\\Mozilla Firefox\\omni.ja\" -appomni \"C:\\Program Files\\Mozilla Firefox\\browser\\omni.ja\" -appdir \"C:\\Program Files\\Mozilla Firefox\\browser\" - 588 \"\\\\.\\pipe\\gecko-crash-server-pipe.588\" 2888 tab\nCurrentDirectory: C:\\Program Files\\Mozilla Firefox\\\nUser: flare-PC\\flare\nLogonGuid: {2D3B23BE-45CC-5BA2-0000-002020E30000}\nLogonId: 0xe320\nTerminalSessionId: 1\nIntegrityLevel: Low\nHashes: MD5=FA64B4AEB420A6C292F877E90D0670A5,SHA256=377D3B741D8447B9BBD5F6FA700151A6CE8412CA15792BA4EAAA3174B1763BA4\nParentProcessGuid: {2D3B23BE-463E-5BA2-0000-001010000400}\nParentProcessId: 588\nParentImage: C:\\Program Files\\Mozilla Firefox\\firefox.exe\nParentCommandLine: \"C:\\Program Files\\Mozilla Firefox\\firefox.exe\" ","beat":{"version":"6.4.0","name":"flare-PC","hostname":"flare-PC"},"tags":["beats_input_codec_plain_applied"],"type":"wineventlog","event_id":1,"record_number":"891","version":5,"host":{"name":"flare-PC"},"user":{"name":"SYSTEM","identifier":"S-1-5-18","type":"User","domain":"NT-AUTORITÄT"},"task":"Process Create (rule: ProcessCreate)","opcode":"Info"}
{"index":{"_index":"winlogbeat-6.4.0-2018.09.19","_type":"doc","_id":"c1_n8WUBfVn9xHWiaToP"}}
{"thread_id":1824,"event_data":{"UtcTime":"2018-09-19 12:56:14.595","Image":"C:\\Windows\\Explorer.EXE","EventType":"CreateKey","TargetObject":"HKU\\S-1-5-21-4019173901-3792766986-1456451320-1001\\Software\\Microsoft\\Windows\\CurrentVersion\\Explorer\\FileExts\\.msi","ProcessId":"1692","ProcessGuid":"{2D3B23BE-45D0-5BA2-0000-0010C3580100}"},"@timestamp":"2018-09-19T12:56:14.611Z","log_name":"Microsoft-Windows-Sysmon/Operational","level":"Informationen","computer_name":"flare-PC","source_name":"Microsoft-Windows-Sysmon","process_id":1304,"@version":"1","message":"Registry object added or deleted:\nRuleName: \nEventType: CreateKey\nUtcTime: 2018-09-19 12:56:14.595\nProcessGuid: {2D3B23BE-45D0-5BA2-0000-0010C3580100}\nProcessId: 1692\nImage: C:\\Windows\\Explorer.EXE\nTargetObject: HKU\\S-1-5-21-4019173901-3792766986-1456451320-1001\\Software\\Microsoft\\Windows\\CurrentVersion\\Explorer\\FileExts\\.msi","provider_guid":"{5770385F-C22A-43E0-BF4C-06F5698FFBD9}","beat":{"version":"6.4.0","name":"flare-PC","hostname":"flare-PC"},"tags":["beats_input_codec_plain_applied"],"type":"wineventlog","record_number":"898","event_id":12,"host":{"name":"flare-PC"},"user":{"domain":"NT-AUTORITÄT","identifier":"S-1-5-18","type":"User","name":"SYSTEM"},"version":2,"task":"Registry object added or deleted (rule: RegistryEvent)","opcode":"Info"}
{"index":{"_index":"winlogbeat-6.4.0-2018.09.19","_type":"doc","_id":"dl_n8WUBfVn9xHWiaToS"}}
{"thread_id":1824,"event_data":{"CreationUtcTime":"2018-09-19 12:56:11.316","UtcTime":"2018-09-19 12:56:14.595","Hash":"MD5=FBCCF14D504B7B2DBCB5A5BDA75BD93B,SHA256=EACD09517CE90D34BA562171D15AC40D302F0E691B439F91BE1B6406E25F5913","Image":"C:\\Program Files\\Mozilla Firefox\\firefox.exe","TargetFilename":"C:\\Users\\flare\\Downloads\\python-2.7.15.amd64.msi:Zone.Identifier","ProcessId":"588","ProcessGuid":"{2D3B23BE-463E-5BA2-0000-001010000400}"},"@timestamp":"2018-09-19T12:56:14.595Z","log_name":"Microsoft-Windows-Sysmon/Operational","level":"Informationen","computer_name":"flare-PC","source_name":"Microsoft-Windows-Sysmon","process_id":1304,"provider_guid":"{5770385F-C22A-43E0-BF4C-06F5698FFBD9}","message":"File stream created:\nRuleName: \nUtcTime: 2018-09-19 12:56:14.595\nProcessGuid: {2D3B23BE-463E-5BA2-0000-001010000400}\nProcessId: 588\nImage: C:\\Program Files\\Mozilla Firefox\\firefox.exe\nTargetFilename: C:\\Users\\flare\\Downloads\\python-2.7.15.amd64.msi:Zone.Identifier\nCreationUtcTime: 2018-09-19 12:56:11.316\nHash: MD5=FBCCF14D504B7B2DBCB5A5BDA75BD93B,SHA256=EACD09517CE90D34BA562171D15AC40D302F0E691B439F91BE1B6406E25F5913","@version":"1","beat":{"version":"6.4.0","name":"flare-PC","hostname":"flare-PC"},"tags":["beats_input_codec_plain_applied"],"task":"File stream created (rule: FileCreateStreamHash)","event_id":15,"record_number":"897","version":2,"user":{"name":"SYSTEM","identifier":"S-1-5-18","domain":"NT-AUTORITÄT","type":"User"},"type":"wineventlog","host":{"name":"flare-PC"},"opcode":"Info"}
{"index":{"_index":"winlogbeat-6.4.0-2018.09.19","_type":"doc","_id":"fV_o8WUBfVn9xHWiGzpk"}}
{"thread_id":1824,"event_data":{"CreationUtcTime":"2018-09-19 12:56:42.441","UtcTime":"2018-09-19 12:56:57.928","Image":"C:\\Program Files\\Mozilla Firefox\\firefox.exe","Hash":"MD5=FBCCF14D504B7B2DBCB5A5BDA75BD93B,SHA256=EACD09517CE90D34BA562171D15AC40D302F0E691B439F91BE1B6406E25F5913","TargetFilename":"C:\\Users\\flare\\Downloads\\RTA-master.zip:Zone.Identifier","ProcessId":"588","ProcessGuid":"{2D3B23BE-463E-5BA2-0000-001010000400}"},"@timestamp":"2018-09-19T12:56:57.928Z","log_name":"Microsoft-Windows-Sysmon/Operational","level":"Informationen","computer_name":"flare-PC","source_name":"Microsoft-Windows-Sysmon","process_id":1304,"message":"File stream created:\nRuleName: \nUtcTime: 2018-09-19 12:56:57.928\nProcessGuid: {2D3B23BE-463E-5BA2-0000-001010000400}\nProcessId: 588\nImage: C:\\Program Files\\Mozilla Firefox\\firefox.exe\nTargetFilename: C:\\Users\\flare\\Downloads\\RTA-master.zip:Zone.Identifier\nCreationUtcTime: 2018-09-19 12:56:42.441\nHash: MD5=FBCCF14D504B7B2DBCB5A5BDA75BD93B,SHA256=EACD09517CE90D34BA562171D15AC40D302F0E691B439F91BE1B6406E25F5913","@version":"1","provider_guid":"{5770385F-C22A-43E0-BF4C-06F5698FFBD9}","beat":{"version":"6.4.0","name":"flare-PC","hostname":"flare-PC"},"tags":["beats_input_codec_plain_applied"],"task":"File stream created (rule: FileCreateStreamHash)","type":"wineventlog","event_id":15,"version":2,"host":{"name":"flare-PC"},"user":{"domain":"NT-AUTORITÄT","identifier":"S-1-5-18","type":"User","name":"SYSTEM"},"record_number":"903","opcode":"Info"}
{"index":{"_index":"winlogbeat-6.4.0-2018.09.19","_type":"doc","_id":"e1_o8WUBfVn9xHWiGzpk"}}
{"thread_id":1824,"event_data":{"CreationUtcTime":"2018-09-19 12:56:42.441","UtcTime":"2018-09-19 12:56:57.912","Image":"C:\\Program Files\\Mozilla Firefox\\firefox.exe","Hash":"MD5=46B0D93FF73C51DC882B9718C664CE14,SHA256=9FECD59F5542FE0EC6F6C1A3828B2967005A934CEB7AA55A1D7622668FC8A47D","TargetFilename":"C:\\Users\\flare\\Downloads\\RTA-master.zip","ProcessId":"588","ProcessGuid":"{2D3B23BE-463E-5BA2-0000-001010000400}"},"@timestamp":"2018-09-19T12:56:57.912Z","log_name":"Microsoft-Windows-Sysmon/Operational","level":"Informationen","computer_name":"flare-PC","source_name":"Microsoft-Windows-Sysmon","process_id":1304,"@version":"1","provider_guid":"{5770385F-C22A-43E0-BF4C-06F5698FFBD9}","message":"File stream created:\nRuleName: \nUtcTime: 2018-09-19 12:56:57.912\nProcessGuid: {2D3B23BE-463E-5BA2-0000-001010000400}\nProcessId: 588\nImage: C:\\Program Files\\Mozilla Firefox\\firefox.exe\nTargetFilename: C:\\Users\\flare\\Downloads\\RTA-master.zip\nCreationUtcTime: 2018-09-19 12:56:42.441\nHash: MD5=46B0D93FF73C51DC882B9718C664CE14,SHA256=9FECD59F5542FE0EC6F6C1A3828B2967005A934CEB7AA55A1D7622668FC8A47D","beat":{"version":"6.4.0","name":"flare-PC","hostname":"flare-PC"},"tags":["beats_input_codec_plain_applied"],"type":"wineventlog","task":"File stream created (rule: FileCreateStreamHash)","record_number":"901","host":{"name":"flare-PC"},"user":{"name":"SYSTEM","identifier":"S-1-5-18","type":"User","domain":"NT-AUTORITÄT"},"version":2,"event_id":15,"opcode":"Info"}
{"index":{"_index":"winlogbeat-6.4.0-2018.09.19","_type":"doc","_id":"fl_o8WUBfVn9xHWiKzrP"}}
{"thread_id":1824,"event_data":{"CreationUtcTime":"2018-09-19 12:57:01.787","UtcTime":"2018-09-19 12:57:01.787","Image":"C:\\Windows\\system32\\svchost.exe","TargetFilename":"C:\\Windows\\System32\\Tasks\\Microsoft\\Windows Defender\\MP Scheduled Scan","ProcessId":"912","ProcessGuid":"{2D3B23BE-45CB-5BA2-0000-001005C80000}"},"@timestamp":"2018-09-19T12:57:01.787Z","log_name":"Microsoft-Windows-Sysmon/Operational","level":"Informationen","computer_name":"flare-PC","source_name":"Microsoft-Windows-Sysmon","process_id":1304,"@version":"1","provider_guid":"{5770385F-C22A-43E0-BF4C-06F5698FFBD9}","message":"File created:\nRuleName: \nUtcTime: 2018-09-19 12:57:01.787\nProcessGuid: {2D3B23BE-45CB-5BA2-0000-001005C80000}\nProcessId: 912\nImage: C:\\Windows\\system32\\svchost.exe\nTargetFilename: C:\\Windows\\System32\\Tasks\\Microsoft\\Windows Defender\\MP Scheduled Scan\nCreationUtcTime: 2018-09-19 12:57:01.787","beat":{"version":"6.4.0","name":"flare-PC","hostname":"flare-PC"},"tags":["beats_input_codec_plain_applied"],"type":"wineventlog","event_id":11,"task":"File created (rule: FileCreate)","host":{"name":"flare-PC"},"user":{"name":"SYSTEM","identifier":"S-1-5-18","domain":"NT-AUTORITÄT","type":"User"},"version":2,"record_number":"904","opcode":"Info"}
{"index":{"_index":"winlogbeat-6.4.0-2018.09.19","_type":"doc","_id":"b1_m8WUBfVn9xHWi-jpb"}}
{"thread_id":1824,"event_data":{"CreationUtcTime":"2018-09-19 12:55:46.449","UtcTime":"2018-09-19 12:55:46.449","Image":"C:\\Program Files\\Mozilla Firefox\\firefox.exe","TargetFilename":"C:\\Users\\flare\\AppData\\Local\\Temp\\Zgv2KK7c.exe","ProcessId":"588","ProcessGuid":"{2D3B23BE-463E-5BA2-0000-001010000400}"},"@timestamp":"2018-09-19T12:55:46.449Z","log_name":"Microsoft-Windows-Sysmon/Operational","level":"Informationen","computer_name":"flare-PC","source_name":"Microsoft-Windows-Sysmon","process_id":1304,"message":"File created:\nRuleName: \nUtcTime: 2018-09-19 12:55:46.449\nProcessGuid: {2D3B23BE-463E-5BA2-0000-001010000400}\nProcessId: 588\nImage: C:\\Program Files\\Mozilla Firefox\\firefox.exe\nTargetFilename: C:\\Users\\flare\\AppData\\Local\\Temp\\Zgv2KK7c.exe\nCreationUtcTime: 2018-09-19 12:55:46.449","@version":"1","provider_guid":"{5770385F-C22A-43E0-BF4C-06F5698FFBD9}","beat":{"version":"6.4.0","name":"flare-PC","hostname":"flare-PC"},"tags":["beats_input_codec_plain_applied"],"type":"wineventlog","event_id":11,"task":"File created (rule: FileCreate)","version":2,"host":{"name":"flare-PC"},"user":{"name":"SYSTEM","domain":"NT-AUTORITÄT","type":"User","identifier":"S-1-5-18"},"record_number":"892","opcode":"Info"}
{"index":{"_index":"winlogbeat-6.4.0-2018.09.19","_type":"doc","_id":"d1_n8WUBfVn9xHWi5zrX"}}
{"thread_id":1824,"event_data":{"CreationUtcTime":"2018-09-19 12:56:44.459","UtcTime":"2018-09-19 12:56:44.663","Image":"C:\\Program Files\\Mozilla Firefox\\firefox.exe","TargetFilename":"C:\\Users\\flare\\Downloads\\RTA-master.zip","ProcessId":"588","ProcessGuid":"{2D3B23BE-463E-5BA2-0000-001010000400}"},"@timestamp":"2018-09-19T12:56:44.663Z","log_name":"Microsoft-Windows-Sysmon/Operational","level":"Informationen","computer_name":"flare-PC","source_name":"Microsoft-Windows-Sysmon","process_id":1304,"message":"File created:\nRuleName: \nUtcTime: 2018-09-19 12:56:44.663\nProcessGuid: {2D3B23BE-463E-5BA2-0000-001010000400}\nProcessId: 588\nImage: C:\\Program Files\\Mozilla Firefox\\firefox.exe\nTargetFilename: C:\\Users\\flare\\Downloads\\RTA-master.zip\nCreationUtcTime: 2018-09-19 12:56:44.459","@version":"1","provider_guid":"{5770385F-C22A-43E0-BF4C-06F5698FFBD9}","beat":{"version":"6.4.0","name":"flare-PC","hostname":"flare-PC"},"tags":["beats_input_codec_plain_applied"],"task":"File created (rule: FileCreate)","record_number":"900","type":"wineventlog","host":{"name":"flare-PC"},"version":2,"event_id":11,"user":{"name":"SYSTEM","identifier":"S-1-5-18","domain":"NT-AUTORITÄT","type":"User"},"opcode":"Info"}
{"index":{"_index":"winlogbeat-6.4.0-2018.09.19","_type":"doc","_id":"bF_k8WUBfVn9xHWi9jrt"}}
{"thread_id":3652,"@timestamp":"2018-09-19T12:53:42.203Z","user_data":{"param2":"WmiApRpl","param1":"WmiApRpl","binaryDataSize":"16","binaryData":"6A360000103700006B36000011370000","xml_name":"EventXML"},"log_name":"Application","level":"Informationen","computer_name":"flare-PC","source_name":"Microsoft-Windows-LoadPerf","process_id":3648,"message":"Die Leistungsindikatoren für den Dienst WmiApRpl (WmiApRpl) wurden erfolgreich geladen. Die Eintragsdaten im Datenbereich enthalten die neuen Indexwerte, die diesem Dienst zugeordnet sind.","@version":"1","provider_guid":"{122EE297-BB47-41AE-B265-1CA8D1886D40}","beat":{"version":"6.4.0","name":"flare-PC","hostname":"flare-PC"},"tags":["beats_input_codec_plain_applied"],"type":"wineventlog","record_number":"2391","event_id":1000,"host":{"name":"flare-PC"},"user":{"name":"SYSTEM","identifier":"S-1-5-18","domain":"NT-AUTORITÄT","type":"User"},"opcode":"Info"}
{"index":{"_index":"winlogbeat-6.4.0-2018.09.19","_type":"doc","_id":"bV_l8WUBfVn9xHWifjp3"}}
{"thread_id":472,"event_data":{"param2":"Beendet","Binary":"4D004D004300530053002F0031000000","param1":"Multimediaklassenplaner"},"@timestamp":"2018-09-19T12:54:15.597Z","log_name":"System","keywords":["Klassisch"],"level":"Informationen","computer_name":"flare-PC","source_name":"Service Control Manager","process_id":488,"message":"Dienst \"Multimediaklassenplaner\" befindet sich jetzt im Status \"Beendet\".","@version":"1","provider_guid":"{555908d1-a6d7-4695-8e1e-26931d2012f4}","beat":{"version":"6.4.0","name":"flare-PC","hostname":"flare-PC"},"tags":["beats_input_codec_plain_applied"],"type":"wineventlog","event_id":7036,"record_number":"11724","host":{"name":"flare-PC"}}
{"index":{"_index":"winlogbeat-6.4.0-2018.09.19","_type":"doc","_id":"g1_o8WUBfVn9xHWi7zpl"}}
{"thread_id":1824,"event_data":{"ParentProcessGuid":"{2D3B23BE-463E-5BA2-0000-001010000400}","Product":"Windows Installer - Unicode","UtcTime":"2018-09-19 12:57:48.587","Image":"C:\\Windows\\System32\\msiexec.exe","Hashes":"MD5=31E27D80332A83C1417480F2119E9366,SHA256=4FBF73AC4A71B9E3D549D1C13FF09ED283DEA60FCA4E19C18E800527D30D2B54","User":"flare-PC\\flare","Description":"Windows® Installer","FileVersion":"5.0.7600.16385 (win7_rtm.090713-1255)","ParentImage":"C:\\Program Files\\Mozilla Firefox\\firefox.exe","ParentCommandLine":"\"C:\\Program Files\\Mozilla Firefox\\firefox.exe\" ","TerminalSessionId":"1","Company":"Microsoft Corporation","CommandLine":"\"C:\\Windows\\System32\\msiexec.exe\" /i \"C:\\Users\\flare\\Downloads\\python-2.7.15.amd64.msi\" ","LogonGuid":"{2D3B23BE-45CC-5BA2-0000-002020E30000}","ProcessId":"4024","IntegrityLevel":"Medium","CurrentDirectory":"C:\\Users\\flare\\Downloads\\","LogonId":"0xe320","ParentProcessId":"588","ProcessGuid":"{2D3B23BE-47CC-5BA2-0000-00109EAE0600}"},"@timestamp":"2018-09-19T12:57:48.587Z","log_name":"Microsoft-Windows-Sysmon/Operational","level":"Informationen","computer_name":"flare-PC","source_name":"Microsoft-Windows-Sysmon","process_id":1304,"message":"Process Create:\nRuleName: \nUtcTime: 2018-09-19 12:57:48.587\nProcessGuid: {2D3B23BE-47CC-5BA2-0000-00109EAE0600}\nProcessId: 4024\nImage: C:\\Windows\\System32\\msiexec.exe\nFileVersion: 5.0.7600.16385 (win7_rtm.090713-1255)\nDescription: Windows® Installer\nProduct: Windows Installer - Unicode\nCompany: Microsoft Corporation\nCommandLine: \"C:\\Windows\\System32\\msiexec.exe\" /i \"C:\\Users\\flare\\Downloads\\python-2.7.15.amd64.msi\" \nCurrentDirectory: C:\\Users\\flare\\Downloads\\\nUser: flare-PC\\flare\nLogonGuid: {2D3B23BE-45CC-5BA2-0000-002020E30000}\nLogonId: 0xe320\nTerminalSessionId: 1\nIntegrityLevel: Medium\nHashes: MD5=31E27D80332A83C1417480F2119E9366,SHA256=4FBF73AC4A71B9E3D549D1C13FF09ED283DEA60FCA4E19C18E800527D30D2B54\nParentProcessGuid: {2D3B23BE-463E-5BA2-0000-001010000400}\nParentProcessId: 588\nParentImage: C:\\Program Files\\Mozilla Firefox\\firefox.exe\nParentCommandLine: \"C:\\Program Files\\Mozilla Firefox\\firefox.exe\" ","@version":"1","provider_guid":"{5770385F-C22A-43E0-BF4C-06F5698FFBD9}","beat":{"version":"6.4.0","name":"flare-PC","hostname":"flare-PC"},"tags":["beats_input_codec_plain_applied"],"task":"Process Create (rule: ProcessCreate)","type":"wineventlog","record_number":"906","host":{"name":"flare-PC"},"event_id":1,"version":5,"user":{"name":"SYSTEM","identifier":"S-1-5-18","type":"User","domain":"NT-AUTORITÄT"},"opcode":"Info"}
{"index":{"_index":"winlogbeat-6.4.0-2018.09.19","_type":"doc","_id":"hl_o8WUBfVn9xHWi7zpo"}}
{"thread_id":3668,"event_data":{"param2":"Ausgeführt","Binary":"6D00730069007300650072007600650072002F0034000000","param1":"Windows Installer"},"@timestamp":"2018-09-19T12:57:48.824Z","log_name":"System","keywords":["Klassisch"],"level":"Informationen","computer_name":"flare-PC","source_name":"Service Control Manager","process_id":488,"message":"Dienst \"Windows Installer\" befindet sich jetzt im Status \"Ausgeführt\".","@version":"1","provider_guid":"{555908d1-a6d7-4695-8e1e-26931d2012f4}","beat":{"version":"6.4.0","name":"flare-PC","hostname":"flare-PC"},"tags":["beats_input_codec_plain_applied"],"type":"wineventlog","record_number":"11729","event_id":7036,"host":{"name":"flare-PC"}}
{"index":{"_index":"winlogbeat-6.4.0-2018.09.19","_type":"doc","_id":"h1_o8WUBfVn9xHWi7zpp"}}
{"thread_id":580,"event_data":{"AuthenticationPackageName":"Negotiate","TransmittedServices":"-","LmPackageName":"-","IpAddress":"-","SubjectLogonId":"0x3e7","TargetDomainName":"NT-AUTORITÄT","TargetUserName":"SYSTEM","ProcessName":"C:\\Windows\\System32\\services.exe","KeyLength":"0","IpPort":"-","LogonGuid":"{00000000-0000-0000-0000-000000000000}","ProcessId":"0x1e8","SubjectUserSid":"S-1-5-18","SubjectDomainName":"WORKGROUP","LogonProcessName":"Advapi  ","TargetUserSid":"S-1-5-18","SubjectUserName":"FLARE-PC$","TargetLogonId":"0x3e7","LogonType":"5"},"@timestamp":"2018-09-19T12:57:48.792Z","log_name":"Security","keywords":["Überwachung erfolgreich"],"level":"Informationen","computer_name":"flare-PC","source_name":"Microsoft-Windows-Security-Auditing","process_id":512,"message":"Ein Konto wurde erfolgreich angemeldet.\n\nAntragsteller:\n\tSicherheits-ID:\t\tS-1-5-18\n\tKontoname:\t\tFLARE-PC$\n\tKontodomäne:\t\tWORKGROUP\n\tAnmelde-ID:\t\t0x3e7\n\nAnmeldetyp:\t\t\t5\n\nNeue Anmeldung:\n\tSicherheits-ID:\t\tS-1-5-18\n\tKontoname:\t\tSYSTEM\n\tKontodomäne:\t\tNT-AUTORITÄT\n\tAnmelde-ID:\t\t0x3e7\n\tAnmelde-GUID:\t\t{00000000-0000-0000-0000-000000000000}\n\nProzessinformationen:\n\tProzess-ID:\t\t0x1e8\n\tProzessname:\t\tC:\\Windows\\System32\\services.exe\n\nNetzwerkinformationen:\n\tArbeitsstationsname:\t\n\tQuellnetzwerkadresse:\t-\n\tQuellport:\t\t-\n\nDetaillierte Authentifizierungsinformationen:\n\tAnmeldeprozess:\t\tAdvapi  \n\tAuthentifizierungspaket:\tNegotiate\n\tÜbertragene Dienste:\t-\n\tPaketname (nur NTLM):\t-\n\tSchlüssellänge:\t\t0\n\nDieses Ereignis wird beim Erstellen einer Anmeldesitzung generiert. Es wird auf dem Computer generiert, auf den zugegriffen wurde.\n\nDie Antragstellerfelder geben das Konto auf dem lokalen System an, von dem die Anmeldung angefordert wurde. Dies ist meistens ein Dienst wie der Serverdienst oder ein lokaler Prozess wie \"Winlogon.exe\" oder \"Services.exe\".\n\nDas Anmeldetypfeld gibt den jeweiligen Anmeldetyp an. Die häufigsten Typen sind 2 (interaktiv) und 3 (Netzwerk).\n\nDie Felder für die neue Anmeldung geben das Konto an, für das die Anmeldung erstellt wurde, d. h. das angemeldete Konto.\n\nDie Netzwerkfelder geben die Quelle einer Remoteanmeldeanforderung an. der Arbeitsstationsname ist nicht immer verfügbar und kann in manchen Fällen leer bleiben.\n\nDie Felder für die Authentifizierungsinformationen enthalten detaillierte Informationen zu dieser speziellen Anmeldeanforderung.\n\t - Die Anmelde-GUID ist ein eindeutiger Bezeichner, der verwendet werden kann, um dieses Ereignis mit einem KDC-Ereignis zu korrelieren.\n\t- Die übertragenen Dienste geben an, welche Zwischendienste an der Anmeldeanforderung beteiligt waren.\n\t- Der Paketname gibt das in den NTLM-Protokollen verwendete Unterprotokoll an.\n\t- Die Schlüssellänge gibt die Länge des generierten Sitzungsschlüssels an. Wenn kein Sitzungsschlüssel angefordert wurde, ist dieser Wert 0.","@version":"1","provider_guid":"{54849625-5478-4994-A5BA-3E3B0328C30D}","beat":{"version":"6.4.0","name":"flare-PC","hostname":"flare-PC"},"tags":["beats_input_codec_plain_applied"],"type":"wineventlog","event_id":4624,"task":"Anmelden","host":{"name":"flare-PC"},"record_number":"16739","opcode":"Info"}
{"index":{"_index":"winlogbeat-6.4.0-2018.09.19","_type":"doc","_id":"iF_o8WUBfVn9xHWi7zpp"}}
{"thread_id":4064,"@timestamp":"2018-09-19T12:57:48.604Z","log_name":"System","level":"Informationen","computer_name":"flare-PC","source_name":"Microsoft-Windows-Application-Experience","process_id":824,"@version":"1","provider_guid":"{EEF54E71-0661-422D-9A98-82FD4940B820}","message":"Der Programmkompatibilitäts-Assistent-Dienst hat erfolgreich Phase zwei der Initialisierung durchlaufen.","beat":{"version":"6.4.0","name":"flare-PC","hostname":"flare-PC"},"tags":["beats_input_codec_plain_applied"],"type":"wineventlog","event_id":206,"record_number":"11728","host":{"name":"flare-PC"},"user":{"name":"SYSTEM","identifier":"S-1-5-18","domain":"NT-AUTORITÄT","type":"User"},"opcode":"Info"}
{"index":{"_index":"winlogbeat-6.4.0-2018.09.19","_type":"doc","_id":"gF_o8WUBfVn9xHWiWToW"}}
{"thread_id":3364,"event_data":{"param2":"Ausgeführt","Binary":"41007000700069006E0066006F002F0034000000","param1":"Anwendungsinformationen"},"@timestamp":"2018-09-19T12:57:11.525Z","log_name":"System","keywords":["Klassisch"],"level":"Informationen","computer_name":"flare-PC","source_name":"Service Control Manager","process_id":488,"message":"Dienst \"Anwendungsinformationen\" befindet sich jetzt im Status \"Ausgeführt\".","@version":"1","provider_guid":"{555908d1-a6d7-4695-8e1e-26931d2012f4}","beat":{"version":"6.4.0","name":"flare-PC","hostname":"flare-PC"},"tags":["beats_input_codec_plain_applied"],"type":"wineventlog","record_number":"11726","event_id":7036,"host":{"name":"flare-PC"}}
{"index":{"_index":"winlogbeat-6.4.0-2018.09.19","_type":"doc","_id":"gl_o8WUBfVn9xHWiYDrc"}}
{"thread_id":1824,"event_data":{"LogonId":"0xe2f8","User":"flare-PC\\flare","UtcTime":"2018-09-19 12:57:14.083","Product":"Betriebssystem Microsoft® Windows®","Description":"Windows-Befehlsprozessor","ParentProcessGuid":"{2D3B23BE-45D0-5BA2-0000-0010C3580100}","Image":"C:\\Windows\\System32\\cmd.exe","FileVersion":"6.1.7601.17514 (win7sp1_rtm.101119-1850)","ParentCommandLine":"C:\\Windows\\Explorer.EXE","Hashes":"MD5=5746BD7E255DD6A8AFA06F7C42C1BA41,SHA256=DB06C3534964E3FC79D2763144BA53742D7FA250CA336F4A0FE724B75AAFF386","TerminalSessionId":"1","LogonGuid":"{2D3B23BE-45CC-5BA2-0000-0020F8E20000}","ParentProcessId":"1692","ProcessId":"2776","CurrentDirectory":"C:\\Windows\\system32\\","IntegrityLevel":"High","CommandLine":"\"C:\\Windows\\System32\\cmd.exe\" ","ParentImage":"C:\\Windows\\explorer.exe","Company":"Microsoft Corporation","ProcessGuid":"{2D3B23BE-47AA-5BA2-0000-0010E89A0600}"},"@timestamp":"2018-09-19T12:57:14.083Z","log_name":"Microsoft-Windows-Sysmon/Operational","level":"Informationen","computer_name":"flare-PC","source_name":"Microsoft-Windows-Sysmon","process_id":1304,"message":"Process Create:\nRuleName: \nUtcTime: 2018-09-19 12:57:14.083\nProcessGuid: {2D3B23BE-47AA-5BA2-0000-0010E89A0600}\nProcessId: 2776\nImage: C:\\Windows\\System32\\cmd.exe\nFileVersion: 6.1.7601.17514 (win7sp1_rtm.101119-1850)\nDescription: Windows-Befehlsprozessor\nProduct: Betriebssystem Microsoft® Windows®\nCompany: Microsoft Corporation\nCommandLine: \"C:\\Windows\\System32\\cmd.exe\" \nCurrentDirectory: C:\\Windows\\system32\\\nUser: flare-PC\\flare\nLogonGuid: {2D3B23BE-45CC-5BA2-0000-0020F8E20000}\nLogonId: 0xe2f8\nTerminalSessionId: 1\nIntegrityLevel: High\nHashes: MD5=5746BD7E255DD6A8AFA06F7C42C1BA41,SHA256=DB06C3534964E3FC79D2763144BA53742D7FA250CA336F4A0FE724B75AAFF386\nParentProcessGuid: {2D3B23BE-45D0-5BA2-0000-0010C3580100}\nParentProcessId: 1692\nParentImage: C:\\Windows\\explorer.exe\nParentCommandLine: C:\\Windows\\Explorer.EXE","@version":"1","provider_guid":"{5770385F-C22A-43E0-BF4C-06F5698FFBD9}","beat":{"version":"6.4.0","name":"flare-PC","hostname":"flare-PC"},"tags":["beats_input_codec_plain_applied"],"type":"wineventlog","event_id":1,"record_number":"905","host":{"name":"flare-PC"},"user":{"domain":"NT-AUTORITÄT","identifier":"S-1-5-18","type":"User","name":"SYSTEM"},"task":"Process Create (rule: ProcessCreate)","version":5,"opcode":"Info"}
{"index":{"_index":"winlogbeat-6.4.0-2018.09.19","_type":"doc","_id":"jl_q8WUBfVn9xHWijzoT"}}
{"thread_id":1824,"event_data":{"CreationUtcTime":"2018-09-19 12:59:31.132","UtcTime":"2018-09-19 12:59:31.132","Image":"C:\\Program Files\\7-Zip\\7zG.exe","TargetFilename":"C:\\Users\\flare\\Downloads\\RTA-master","ProcessId":"212","ProcessGuid":"{2D3B23BE-4832-5BA2-0000-001011390700}"},"@timestamp":"2018-09-19T12:59:31.132Z","log_name":"Microsoft-Windows-Sysmon/Operational","level":"Informationen","computer_name":"flare-PC","source_name":"Microsoft-Windows-Sysmon","process_id":1304,"message":"File created:\nRuleName: \nUtcTime: 2018-09-19 12:59:31.132\nProcessGuid: {2D3B23BE-4832-5BA2-0000-001011390700}\nProcessId: 212\nImage: C:\\Program Files\\7-Zip\\7zG.exe\nTargetFilename: C:\\Users\\flare\\Downloads\\RTA-master\nCreationUtcTime: 2018-09-19 12:59:31.132","@version":"1","provider_guid":"{5770385F-C22A-43E0-BF4C-06F5698FFBD9}","beat":{"version":"6.4.0","name":"flare-PC","hostname":"flare-PC"},"tags":["beats_input_codec_plain_applied"],"type":"wineventlog","task":"File created (rule: FileCreate)","record_number":"910","event_id":11,"user":{"name":"SYSTEM","identifier":"S-1-5-18","domain":"NT-AUTORITÄT","type":"User"},"host":{"name":"flare-PC"},"version":2,"opcode":"Info"}
{"index":{"_index":"winlogbeat-6.4.0-2018.09.19","_type":"doc","_id":"kF_q8WUBfVn9xHWijzoT"}}
{"thread_id":1824,"event_data":{"CreationUtcTime":"2018-09-19 12:59:31.132","UtcTime":"2018-09-19 12:59:31.132","Image":"C:\\Program Files\\7-Zip\\7zG.exe","TargetFilename":"C:\\Users\\flare\\Downloads\\RTA-master\\red_ttp\\bin","ProcessId":"212","ProcessGuid":"{2D3B23BE-4832-5BA2-0000-001011390700}"},"@timestamp":"2018-09-19T12:59:31.132Z","log_name":"Microsoft-Windows-Sysmon/Operational","level":"Informationen","computer_name":"flare-PC","source_name":"Microsoft-Windows-Sysmon","process_id":1304,"@version":"1","provider_guid":"{5770385F-C22A-43E0-BF4C-06F5698FFBD9}","message":"File created:\nRuleName: \nUtcTime: 2018-09-19 12:59:31.132\nProcessGuid: {2D3B23BE-4832-5BA2-0000-001011390700}\nProcessId: 212\nImage: C:\\Program Files\\7-Zip\\7zG.exe\nTargetFilename: C:\\Users\\flare\\Downloads\\RTA-master\\red_ttp\\bin\nCreationUtcTime: 2018-09-19 12:59:31.132","beat":{"version":"6.4.0","name":"flare-PC","hostname":"flare-PC"},"tags":["beats_input_codec_plain_applied"],"task":"File created (rule: FileCreate)","event_id":11,"record_number":"918","host":{"name":"flare-PC"},"user":{"name":"SYSTEM","identifier":"S-1-5-18","domain":"NT-AUTORITÄT","type":"User"},"version":2,"type":"wineventlog","opcode":"Info"}
{"index":{"_index":"winlogbeat-6.4.0-2018.09.19","_type":"doc","_id":"kl_q8WUBfVn9xHWijzoT"}}
{"thread_id":1824,"event_data":{"CreationUtcTime":"2018-09-19 12:59:31.179","UtcTime":"2018-09-19 12:59:31.179","Image":"C:\\Program Files\\7-Zip\\7zG.exe","TargetFilename":"C:\\Users\\flare\\Downloads\\RTA-master\\red_ttp\\bin\\beacon.hta","ProcessId":"212","ProcessGuid":"{2D3B23BE-4832-5BA2-0000-001011390700}"},"@timestamp":"2018-09-19T12:59:31.179Z","log_name":"Microsoft-Windows-Sysmon/Operational","level":"Informationen","computer_name":"flare-PC","source_name":"Microsoft-Windows-Sysmon","process_id":1304,"message":"File created:\nRuleName: \nUtcTime: 2018-09-19 12:59:31.179\nProcessGuid: {2D3B23BE-4832-5BA2-0000-001011390700}\nProcessId: 212\nImage: C:\\Program Files\\7-Zip\\7zG.exe\nTargetFilename: C:\\Users\\flare\\Downloads\\RTA-master\\red_ttp\\bin\\beacon.hta\nCreationUtcTime: 2018-09-19 12:59:31.179","@version":"1","provider_guid":"{5770385F-C22A-43E0-BF4C-06F5698FFBD9}","beat":{"version":"6.4.0","name":"flare-PC","hostname":"flare-PC"},"tags":["beats_input_codec_plain_applied"],"task":"File created (rule: FileCreate)","record_number":"926","event_id":11,"version":2,"host":{"name":"flare-PC"},"user":{"name":"SYSTEM","identifier":"S-1-5-18","type":"User","domain":"NT-AUTORITÄT"},"type":"wineventlog","opcode":"Info"}
{"index":{"_index":"winlogbeat-6.4.0-2018.09.19","_type":"doc","_id":"k1_q8WUBfVn9xHWijzoT"}}
{"thread_id":1824,"event_data":{"CreationUtcTime":"2018-09-19 12:59:31.179","UtcTime":"2018-09-19 12:59:31.179","Image":"C:\\Program Files\\7-Zip\\7zG.exe","TargetFilename":"C:\\Users\\flare\\Downloads\\RTA-master\\red_ttp\\bin\\myapp_x64.exe","ProcessId":"212","ProcessGuid":"{2D3B23BE-4832-5BA2-0000-001011390700}"},"@timestamp":"2018-09-19T12:59:31.179Z","log_name":"Microsoft-Windows-Sysmon/Operational","level":"Informationen","computer_name":"flare-PC","source_name":"Microsoft-Windows-Sysmon","process_id":1304,"message":"File created:\nRuleName: \nUtcTime: 2018-09-19 12:59:31.179\nProcessGuid: {2D3B23BE-4832-5BA2-0000-001011390700}\nProcessId: 212\nImage: C:\\Program Files\\7-Zip\\7zG.exe\nTargetFilename: C:\\Users\\flare\\Downloads\\RTA-master\\red_ttp\\bin\\myapp_x64.exe\nCreationUtcTime: 2018-09-19 12:59:31.179","@version":"1","provider_guid":"{5770385F-C22A-43E0-BF4C-06F5698FFBD9}","beat":{"version":"6.4.0","name":"flare-PC","hostname":"flare-PC"},"tags":["beats_input_codec_plain_applied"],"task":"File created (rule: FileCreate)","record_number":"930","type":"wineventlog","host":{"name":"flare-PC"},"user":{"domain":"NT-AUTORITÄT","identifier":"S-1-5-18","type":"User","name":"SYSTEM"},"event_id":11,"version":2,"opcode":"Info"}
{"index":{"_index":"winlogbeat-6.4.0-2018.09.19","_type":"doc","_id":"lF_q8WUBfVn9xHWijzoT"}}
{"thread_id":1824,"event_data":{"CreationUtcTime":"2018-09-19 12:59:31.179","UtcTime":"2018-09-19 12:59:31.179","Image":"C:\\Program Files\\7-Zip\\7zG.exe","TargetFilename":"C:\\Users\\flare\\Downloads\\RTA-master\\red_ttp\\bin\\mydotnet.tlb","ProcessId":"212","ProcessGuid":"{2D3B23BE-4832-5BA2-0000-001011390700}"},"@timestamp":"2018-09-19T12:59:31.179Z","log_name":"Microsoft-Windows-Sysmon/Operational","level":"Informationen","computer_name":"flare-PC","source_name":"Microsoft-Windows-Sysmon","process_id":1304,"message":"File created:\nRuleName: \nUtcTime: 2018-09-19 12:59:31.179\nProcessGuid: {2D3B23BE-4832-5BA2-0000-001011390700}\nProcessId: 212\nImage: C:\\Program Files\\7-Zip\\7zG.exe\nTargetFilename: C:\\Users\\flare\\Downloads\\RTA-master\\red_ttp\\bin\\mydotnet.tlb\nCreationUtcTime: 2018-09-19 12:59:31.179","@version":"1","provider_guid":"{5770385F-C22A-43E0-BF4C-06F5698FFBD9}","beat":{"version":"6.4.0","name":"flare-PC","hostname":"flare-PC"},"tags":["beats_input_codec_plain_applied"],"type":"wineventlog","event_id":11,"record_number":"934","version":2,"user":{"domain":"NT-AUTORITÄT","identifier":"S-1-5-18","type":"User","name":"SYSTEM"},"host":{"name":"flare-PC"},"task":"File created (rule: FileCreate)","opcode":"Info"}
{"index":{"_index":"winlogbeat-6.4.0-2018.09.19","_type":"doc","_id":"lV_q8WUBfVn9xHWijzoT"}}
{"thread_id":1824,"event_data":{"CreationUtcTime":"2018-09-19 12:59:31.195","UtcTime":"2018-09-19 12:59:31.195","Image":"C:\\Program Files\\7-Zip\\7zG.exe","TargetFilename":"C:\\Users\\flare\\Downloads\\RTA-master\\red_ttp\\bin\\persistent_script.vbs","ProcessId":"212","ProcessGuid":"{2D3B23BE-4832-5BA2-0000-001011390700}"},"@timestamp":"2018-09-19T12:59:31.195Z","log_name":"Microsoft-Windows-Sysmon/Operational","level":"Informationen","computer_name":"flare-PC","source_name":"Microsoft-Windows-Sysmon","process_id":1304,"provider_guid":"{5770385F-C22A-43E0-BF4C-06F5698FFBD9}","message":"File created:\nRuleName: \nUtcTime: 2018-09-19 12:59:31.195\nProcessGuid: {2D3B23BE-4832-5BA2-0000-001011390700}\nProcessId: 212\nImage: C:\\Program Files\\7-Zip\\7zG.exe\nTargetFilename: C:\\Users\\flare\\Downloads\\RTA-master\\red_ttp\\bin\\persistent_script.vbs\nCreationUtcTime: 2018-09-19 12:59:31.195","@version":"1","beat":{"version":"6.4.0","name":"flare-PC","hostname":"flare-PC"},"tags":["beats_input_codec_plain_applied"],"type":"wineventlog","event_id":11,"task":"File created (rule: FileCreate)","host":{"name":"flare-PC"},"record_number":"938","version":2,"user":{"name":"SYSTEM","domain":"NT-AUTORITÄT","type":"User","identifier":"S-1-5-18"},"opcode":"Info"}
{"index":{"_index":"winlogbeat-6.4.0-2018.09.19","_type":"doc","_id":"m1_q8WUBfVn9xHWijzoT"}}
{"thread_id":1824,"event_data":{"CreationUtcTime":"2018-09-19 12:59:31.312","UtcTime":"2018-09-19 12:59:31.312","Image":"C:\\Program Files\\7-Zip\\7zG.exe","TargetFilename":"C:\\Users\\flare\\Downloads\\RTA-master\\red_ttp\\registry_hive_export.py","ProcessId":"212","ProcessGuid":"{2D3B23BE-4832-5BA2-0000-001011390700}"},"@timestamp":"2018-09-19T12:59:31.312Z","log_name":"Microsoft-Windows-Sysmon/Operational","level":"Informationen","computer_name":"flare-PC","source_name":"Microsoft-Windows-Sysmon","process_id":1304,"provider_guid":"{5770385F-C22A-43E0-BF4C-06F5698FFBD9}","message":"File created:\nRuleName: \nUtcTime: 2018-09-19 12:59:31.312\nProcessGuid: {2D3B23BE-4832-5BA2-0000-001011390700}\nProcessId: 212\nImage: C:\\Program Files\\7-Zip\\7zG.exe\nTargetFilename: C:\\Users\\flare\\Downloads\\RTA-master\\red_ttp\\registry_hive_export.py\nCreationUtcTime: 2018-09-19 12:59:31.312","@version":"1","beat":{"version":"6.4.0","name":"flare-PC","hostname":"flare-PC"},"tags":["beats_input_codec_plain_applied"],"task":"File created (rule: FileCreate)","record_number":"962","type":"wineventlog","version":2,"user":{"name":"SYSTEM","identifier":"S-1-5-18","type":"User","domain":"NT-AUTORITÄT"},"host":{"name":"flare-PC"},"event_id":11,"opcode":"Info"}
{"index":{"_index":"winlogbeat-6.4.0-2018.09.19","_type":"doc","_id":"nl_q8WUBfVn9xHWijzoT"}}
{"thread_id":1824,"event_data":{"CreationUtcTime":"2018-09-19 12:59:31.343","UtcTime":"2018-09-19 12:59:31.343","Image":"C:\\Program Files\\7-Zip\\7zG.exe","TargetFilename":"C:\\Users\\flare\\Downloads\\RTA-master\\red_ttp\\uac_eventviewer.py","ProcessId":"212","ProcessGuid":"{2D3B23BE-4832-5BA2-0000-001011390700}"},"@timestamp":"2018-09-19T12:59:31.343Z","log_name":"Microsoft-Windows-Sysmon/Operational","level":"Informationen","computer_name":"flare-PC","source_name":"Microsoft-Windows-Sysmon","process_id":1304,"provider_guid":"{5770385F-C22A-43E0-BF4C-06F5698FFBD9}","message":"File created:\nRuleName: \nUtcTime: 2018-09-19 12:59:31.343\nProcessGuid: {2D3B23BE-4832-5BA2-0000-001011390700}\nProcessId: 212\nImage: C:\\Program Files\\7-Zip\\7zG.exe\nTargetFilename: C:\\Users\\flare\\Downloads\\RTA-master\\red_ttp\\uac_eventviewer.py\nCreationUtcTime: 2018-09-19 12:59:31.343","@version":"1","beat":{"version":"6.4.0","name":"flare-PC","hostname":"flare-PC"},"tags":["beats_input_codec_plain_applied"],"type":"wineventlog","event_id":11,"task":"File created (rule: FileCreate)","version":2,"host":{"name":"flare-PC"},"user":{"name":"SYSTEM","domain":"NT-AUTORITÄT","type":"User","identifier":"S-1-5-18"},"record_number":"974","opcode":"Info"}
{"index":{"_index":"winlogbeat-6.4.0-2018.09.19","_type":"doc","_id":"n1_q8WUBfVn9xHWijzoT"}}
{"thread_id":1824,"event_data":{"CreationUtcTime":"2018-09-19 12:59:31.343","UtcTime":"2018-09-19 12:59:31.343","Image":"C:\\Program Files\\7-Zip\\7zG.exe","TargetFilename":"C:\\Users\\flare\\Downloads\\RTA-master\\red_ttp\\unusual_process_path.py","ProcessId":"212","ProcessGuid":"{2D3B23BE-4832-5BA2-0000-001011390700}"},"@timestamp":"2018-09-19T12:59:31.343Z","log_name":"Microsoft-Windows-Sysmon/Operational","level":"Informationen","computer_name":"flare-PC","source_name":"Microsoft-Windows-Sysmon","process_id":1304,"message":"File created:\nRuleName: \nUtcTime: 2018-09-19 12:59:31.343\nProcessGuid: {2D3B23BE-4832-5BA2-0000-001011390700}\nProcessId: 212\nImage: C:\\Program Files\\7-Zip\\7zG.exe\nTargetFilename: C:\\Users\\flare\\Downloads\\RTA-master\\red_ttp\\unusual_process_path.py\nCreationUtcTime: 2018-09-19 12:59:31.343","@version":"1","provider_guid":"{5770385F-C22A-43E0-BF4C-06F5698FFBD9}","beat":{"version":"6.4.0","name":"flare-PC","hostname":"flare-PC"},"tags":["beats_input_codec_plain_applied"],"type":"wineventlog","record_number":"978","event_id":11,"host":{"name":"flare-PC"},"user":{"name":"SYSTEM","identifier":"S-1-5-18","domain":"NT-AUTORITÄT","type":"User"},"task":"File created (rule: FileCreate)","version":2,"opcode":"Info"}
{"index":{"_index":"winlogbeat-6.4.0-2018.09.19","_type":"doc","_id":"oF_q8WUBfVn9xHWijzoT"}}
{"thread_id":1824,"event_data":{"CreationUtcTime":"2018-09-19 12:59:31.343","UtcTime":"2018-09-19 12:59:31.343","Image":"C:\\Program Files\\7-Zip\\7zG.exe","TargetFilename":"C:\\Users\\flare\\Downloads\\RTA-master\\run_all.py","ProcessId":"212","ProcessGuid":"{2D3B23BE-4832-5BA2-0000-001011390700}"},"@timestamp":"2018-09-19T12:59:31.343Z","log_name":"Microsoft-Windows-Sysmon/Operational","level":"Informationen","computer_name":"flare-PC","source_name":"Microsoft-Windows-Sysmon","process_id":1304,"provider_guid":"{5770385F-C22A-43E0-BF4C-06F5698FFBD9}","message":"File created:\nRuleName: \nUtcTime: 2018-09-19 12:59:31.343\nProcessGuid: {2D3B23BE-4832-5BA2-0000-001011390700}\nProcessId: 212\nImage: C:\\Program Files\\7-Zip\\7zG.exe\nTargetFilename: C:\\Users\\flare\\Downloads\\RTA-master\\run_all.py\nCreationUtcTime: 2018-09-19 12:59:31.343","@version":"1","beat":{"version":"6.4.0","name":"flare-PC","hostname":"flare-PC"},"tags":["beats_input_codec_plain_applied"],"type":"wineventlog","event_id":11,"record_number":"982","version":2,"host":{"name":"flare-PC"},"user":{"name":"SYSTEM","identifier":"S-1-5-18","domain":"NT-AUTORITÄT","type":"User"},"task":"File created (rule: FileCreate)","opcode":"Info"}
{"index":{"_index":"winlogbeat-6.4.0-2018.09.19","_type":"doc","_id":"pF_q8WUBfVn9xHWijzoV"}}
{"thread_id":1824,"event_data":{"CreationUtcTime":"2018-09-19 12:59:31.132","UtcTime":"2018-09-19 12:59:31.132","Image":"C:\\Program Files\\7-Zip\\7zG.exe","TargetFilename":"C:\\Users\\flare\\Downloads\\RTA-master\\red_ttp\\bin\\PsRunner.exe","ProcessId":"212","ProcessGuid":"{2D3B23BE-4832-5BA2-0000-001011390700}"},"@timestamp":"2018-09-19T12:59:31.132Z","log_name":"Microsoft-Windows-Sysmon/Operational","level":"Informationen","computer_name":"flare-PC","source_name":"Microsoft-Windows-Sysmon","process_id":1304,"message":"File created:\nRuleName: \nUtcTime: 2018-09-19 12:59:31.132\nProcessGuid: {2D3B23BE-4832-5BA2-0000-001011390700}\nProcessId: 212\nImage: C:\\Program Files\\7-Zip\\7zG.exe\nTargetFilename: C:\\Users\\flare\\Downloads\\RTA-master\\red_ttp\\bin\\PsRunner.exe\nCreationUtcTime: 2018-09-19 12:59:31.132","@version":"1","provider_guid":"{5770385F-C22A-43E0-BF4C-06F5698FFBD9}","beat":{"version":"6.4.0","name":"flare-PC","hostname":"flare-PC"},"tags":["beats_input_codec_plain_applied"],"task":"File created (rule: FileCreate)","event_id":11,"type":"wineventlog","host":{"name":"flare-PC"},"user":{"name":"SYSTEM","domain":"NT-AUTORITÄT","type":"User","identifier":"S-1-5-18"},"record_number":"921","version":2,"opcode":"Info"}
