{"index":{"_index":"winlogbeat-6.4.0-2018.09.19","_type":"doc","_id":"iF_x8WUBfVn9xHWiSTtu"}}
{"thread_id":1824,"event_data":{"CreationUtcTime":"2018-09-19 13:06:36.421","UtcTime":"2018-09-19 13:06:36.421","Image":"C:\\Program Files\\7-Zip\\7zG.exe","TargetFilename":"C:\\Users\\flare\\Downloads\\SysinternalsSuite\\pslist64.exe","ProcessId":"3056","ProcessGuid":"{2D3B23BE-49CF-5BA2-0000-001095020A00}"},"@timestamp":"2018-09-19T13:06:36.421Z","log_name":"Microsoft-Windows-Sysmon/Operational","level":"Informationen","computer_name":"flare-PC","source_name":"Microsoft-Windows-Sysmon","process_id":1304,"provider_guid":"{5770385F-C22A-43E0-BF4C-06F5698FFBD9}","message":"File created:\nRuleName: \nUtcTime: 2018-09-19 13:06:36.421\nProcessGuid: {2D3B23BE-49CF-5BA2-0000-001095020A00}\nProcessId: 3056\nImage: C:\\Program Files\\7-Zip\\7zG.exe\nTargetFilename: C:\\Users\\flare\\Downloads\\SysinternalsSuite\\pslist64.exe\nCreationUtcTime: 2018-09-19 13:06:36.421","@version":"1","beat":{"version":"6.4.0","name":"flare-PC","hostname":"flare-PC"},"tags":["beats_input_codec_plain_applied"],"type":"wineventlog","event_id":11,"record_number":"1099","version":2,"user":{"name":"SYSTEM","identifier":"S-1-5-18","domain":"NT-AUTORITÄT","type":"User"},"host":{"name":"flare-PC"},"task":"File created (rule: FileCreate)","opcode":"Info"}
{"index":{"_index":"winlogbeat-6.4.0-2018.09.19","_type":"doc","_id":"iV_x8WUBfVn9xHWiSTtu"}}
{"thread_id":1824,"event_data":{"CreationUtcTime":"2018-09-19 13:06:36.437","UtcTime":"2018-09-19 13:06:36.437","Image":"C:\\Program Files\\7-Zip\\7zG.exe","TargetFilename":"C:\\Users\\flare\\Downloads\\SysinternalsSuite\\PsService64.exe","ProcessId":"3056","ProcessGuid":"{2D3B23BE-49CF-5BA2-0000-001095020A00}"},"@timestamp":"2018-09-19T13:06:36.437Z","log_name":"Microsoft-Windows-Sysmon/Operational","level":"Informationen","computer_name":"flare-PC","source_name":"Microsoft-Windows-Sysmon","process_id":1304,"message":"File created:\nRuleName: \nUtcTime: 2018-09-19 13:06:36.437\nProcessGuid: {2D3B23BE-49CF-5BA2-0000-001095020A00}\nProcessId: 3056\nImage: C:\\Program Files\\7-Zip\\7zG.exe\nTargetFilename: C:\\Users\\flare\\Downloads\\SysinternalsSuite\\PsService64.exe\nCreationUtcTime: 2018-09-19 13:06:36.437","@version":"1","provider_guid":"{5770385F-C22A-43E0-BF4C-06F5698FFBD9}","beat":{"version":"6.4.0","name":"flare-PC","hostname":"flare-PC"},"tags":["beats_input_codec_plain_applied"],"task":"File created (rule: FileCreate)","event_id":11,"type":"wineventlog","record_number":"1103","user":{"name":"SYSTEM","identifier":"S-1-5-18","domain":"NT-AUTORITÄT","type":"User"},"host":{"name":"flare-PC"},"version":2,"opcode":"Info"}
{"index":{"_index":"winlogbeat-6.4.0-2018.09.19","_type":"doc","_id":"i1_x8WUBfVn9xHWiSTtu"}}
{"thread_id":1824,"event_data":{"CreationUtcTime":"2018-09-19 13:06:36.468","UtcTime":"2018-09-19 13:06:36.468","Image":"C:\\Program Files\\7-Zip\\7zG.exe","TargetFilename":"C:\\Users\\flare\\Downloads\\SysinternalsSuite\\sync64.exe","ProcessId":"3056","ProcessGuid":"{2D3B23BE-49CF-5BA2-0000-001095020A00}"},"@timestamp":"2018-09-19T13:06:36.468Z","log_name":"Microsoft-Windows-Sysmon/Operational","level":"Informationen","computer_name":"flare-PC","source_name":"Microsoft-Windows-Sysmon","process_id":1304,"message":"File created:\nRuleName: \nUtcTime: 2018-09-19 13:06:36.468\nProcessGuid: {2D3B23BE-49CF-5BA2-0000-001095020A00}\nProcessId: 3056\nImage: C:\\Program Files\\7-Zip\\7zG.exe\nTargetFilename: C:\\Users\\flare\\Downloads\\SysinternalsSuite\\sync64.exe\nCreationUtcTime: 2018-09-19 13:06:36.468","@version":"1","provider_guid":"{5770385F-C22A-43E0-BF4C-06F5698FFBD9}","beat":{"version":"6.4.0","name":"flare-PC","hostname":"flare-PC"},"tags":["beats_input_codec_plain_applied"],"type":"wineventlog","event_id":11,"record_number":"1111","version":2,"user":{"name":"SYSTEM","identifier":"S-1-5-18","type":"User","domain":"NT-AUTORITÄT"},"task":"File created (rule: FileCreate)","host":{"name":"flare-PC"},"opcode":"Info"}
{"index":{"_index":"winlogbeat-6.4.0-2018.09.19","_type":"doc","_id":"kV_x8WUBfVn9xHWiSTtu"}}
{"thread_id":1824,"event_data":{"CreationUtcTime":"2018-09-19 13:06:36.595","UtcTime":"2018-09-19 13:06:36.595","Image":"C:\\Program Files\\7-Zip\\7zG.exe","TargetFilename":"C:\\Users\\flare\\Downloads\\SysinternalsSuite\\notmyfault64.exe","ProcessId":"3056","ProcessGuid":"{2D3B23BE-49CF-5BA2-0000-001095020A00}"},"@timestamp":"2018-09-19T13:06:36.595Z","log_name":"Microsoft-Windows-Sysmon/Operational","level":"Informationen","computer_name":"flare-PC","source_name":"Microsoft-Windows-Sysmon","process_id":1304,"message":"File created:\nRuleName: \nUtcTime: 2018-09-19 13:06:36.595\nProcessGuid: {2D3B23BE-49CF-5BA2-0000-001095020A00}\nProcessId: 3056\nImage: C:\\Program Files\\7-Zip\\7zG.exe\nTargetFilename: C:\\Users\\flare\\Downloads\\SysinternalsSuite\\notmyfault64.exe\nCreationUtcTime: 2018-09-19 13:06:36.595","@version":"1","provider_guid":"{5770385F-C22A-43E0-BF4C-06F5698FFBD9}","beat":{"version":"6.4.0","name":"flare-PC","hostname":"flare-PC"},"tags":["beats_input_codec_plain_applied"],"type":"wineventlog","record_number":"1135","task":"File created (rule: FileCreate)","version":2,"host":{"name":"flare-PC"},"user":{"name":"SYSTEM","identifier":"S-1-5-18","domain":"NT-AUTORITÄT","type":"User"},"event_id":11,"opcode":"Info"}
{"index":{"_index":"winlogbeat-6.4.0-2018.09.19","_type":"doc","_id":"oV_y8WUBfVn9xHWixzta"}}
{"thread_id":1824,"event_data":{"ParentProcessGuid":"{2D3B23BE-4A3C-5BA2-0000-00107EC60B00}","User":"flare-PC\\flare","LogonId":"0xe320","Hashes":"MD5=6E8B813C218546F9DF6F17F4B97B06EE,SHA256=C7817E6DA74A7AE196EB2D35CE21319ABE3A62CD23AB4DB39FA5138DF7CA1D44","Image":"C:\\Program Files (x86)\\Python27\\python.exe","Product":"?","UtcTime":"2018-09-19 13:08:12.727","ParentImage":"C:\\Windows\\SysWOW64\\cmd.exe","ParentCommandLine":"C:\\Windows\\system32\\cmd.exe /c \"\"C:\\Program Files (x86)\\Python27\\python.exe\" C:\\Users\\flare\\Downloads\\RTA-master\\red_ttp\\certutil_webrequest.py\"","FileVersion":"?","TerminalSessionId":"1","LogonGuid":"{2D3B23BE-45CC-5BA2-0000-002020E30000}","CommandLine":"\"C:\\Program Files (x86)\\Python27\\python.exe\"  C:\\Users\\flare\\Downloads\\RTA-master\\red_ttp\\certutil_webrequest.py","Company":"?","ProcessId":"3696","IntegrityLevel":"Medium","CurrentDirectory":"C:\\Users\\flare\\Downloads\\RTA-master\\","Description":"?","ParentProcessId":"1764","ProcessGuid":"{2D3B23BE-4A3C-5BA2-0000-00104AC80B00}"},"@timestamp":"2018-09-19T13:08:12.727Z","log_name":"Microsoft-Windows-Sysmon/Operational","level":"Informationen","computer_name":"flare-PC","source_name":"Microsoft-Windows-Sysmon","process_id":1304,"provider_guid":"{5770385F-C22A-43E0-BF4C-06F5698FFBD9}","message":"Process Create:\nRuleName: \nUtcTime: 2018-09-19 13:08:12.727\nProcessGuid: {2D3B23BE-4A3C-5BA2-0000-00104AC80B00}\nProcessId: 3696\nImage: C:\\Program Files (x86)\\Python27\\python.exe\nFileVersion: ?\nDescription: ?\nProduct: ?\nCompany: ?\nCommandLine: \"C:\\Program Files (x86)\\Python27\\python.exe\"  C:\\Users\\flare\\Downloads\\RTA-master\\red_ttp\\certutil_webrequest.py\nCurrentDirectory: C:\\Users\\flare\\Downloads\\RTA-master\\\nUser: flare-PC\\flare\nLogonGuid: {2D3B23BE-45CC-5BA2-0000-002020E30000}\nLogonId: 0xe320\nTerminalSessionId: 1\nIntegrityLevel: Medium\nHashes: MD5=6E8B813C218546F9DF6F17F4B97B06EE,SHA256=C7817E6DA74A7AE196EB2D35CE21319ABE3A62CD23AB4DB39FA5138DF7CA1D44\nParentProcessGuid: {2D3B23BE-4A3C-5BA2-0000-00107EC60B00}\nParentProcessId: 1764\nParentImage: C:\\Windows\\SysWOW64\\cmd.exe\nParentCommandLine: C:\\Windows\\system32\\cmd.exe /c \"\"C:\\Program Files (x86)\\Python27\\python.exe\" C:\\Users\\flare\\Downloads\\RTA-master\\red_ttp\\certutil_webrequest.py\"","@version":"1","beat":{"version":"6.4.0","name":"flare-PC","hostname":"flare-PC"},"tags":["beats_input_codec_plain_applied"],"task":"Process Create (rule: ProcessCreate)","type":"wineventlog","record_number":"1183","version":5,"user":{"name":"SYSTEM","identifier":"S-1-5-18","domain":"NT-AUTORITÄT","type":"User"},"host":{"name":"flare-PC"},"event_id":1,"opcode":"Info"}
{"index":{"_index":"winlogbeat-6.4.0-2018.09.19","_type":"doc","_id":"o1_y8WUBfVn9xHWixztb"}}
{"thread_id":1824,"event_data":{"LogonId":"0xe320","User":"flare-PC\\flare","UtcTime":"2018-09-19 13:08:12.585","Product":"Betriebssystem Microsoft® Windows®","Hashes":"MD5=0D52559AEF4AA5EAC82F530617032283,SHA256=48850FB7229D99E48C3A749556684E962587058D612C659C58F8B8DB2D00ABEE","ParentProcessGuid":"{2D3B23BE-4A3C-5BA2-0000-001038950B00}","Description":"CertUtil.exe","FileVersion":"6.1.7601.18151 (win7sp1_gdr.130512-1533)","ParentImage":"C:\\Program Files (x86)\\Python27\\python.exe","ParentCommandLine":"\"C:\\Program Files (x86)\\Python27\\python.exe\"  C:\\Users\\flare\\Downloads\\RTA-master\\red_ttp\\certutil_file_obfuscation.py","LogonGuid":"{2D3B23BE-45CC-5BA2-0000-002020E30000}","CommandLine":"c:\\Windows\\System32\\certutil.exe -encode c:\\windows\\system32\\cmd.exe \"C:\\Users\\flare\\Downloads\\RTA-master\\encoded.txt\"","CurrentDirectory":"C:\\Users\\flare\\Downloads\\RTA-master\\","ProcessId":"3652","ParentProcessId":"3424","IntegrityLevel":"Medium","Company":"Microsoft Corporation","Image":"C:\\Windows\\SysWOW64\\certutil.exe","TerminalSessionId":"1","ProcessGuid":"{2D3B23BE-4A3C-5BA2-0000-00104FC10B00}"},"@timestamp":"2018-09-19T13:08:12.601Z","log_name":"Microsoft-Windows-Sysmon/Operational","level":"Informationen","computer_name":"flare-PC","source_name":"Microsoft-Windows-Sysmon","process_id":1304,"provider_guid":"{5770385F-C22A-43E0-BF4C-06F5698FFBD9}","message":"Process Create:\nRuleName: \nUtcTime: 2018-09-19 13:08:12.585\nProcessGuid: {2D3B23BE-4A3C-5BA2-0000-00104FC10B00}\nProcessId: 3652\nImage: C:\\Windows\\SysWOW64\\certutil.exe\nFileVersion: 6.1.7601.18151 (win7sp1_gdr.130512-1533)\nDescription: CertUtil.exe\nProduct: Betriebssystem Microsoft® Windows®\nCompany: Microsoft Corporation\nCommandLine: c:\\Windows\\System32\\certutil.exe -encode c:\\windows\\system32\\cmd.exe \"C:\\Users\\flare\\Downloads\\RTA-master\\encoded.txt\"\nCurrentDirectory: C:\\Users\\flare\\Downloads\\RTA-master\\\nUser: flare-PC\\flare\nLogonGuid: {2D3B23BE-45CC-5BA2-0000-002020E30000}\nLogonId: 0xe320\nTerminalSessionId: 1\nIntegrityLevel: Medium\nHashes: MD5=0D52559AEF4AA5EAC82F530617032283,SHA256=48850FB7229D99E48C3A749556684E962587058D612C659C58F8B8DB2D00ABEE\nParentProcessGuid: {2D3B23BE-4A3C-5BA2-0000-001038950B00}\nParentProcessId: 3424\nParentImage: C:\\Program Files (x86)\\Python27\\python.exe\nParentCommandLine: \"C:\\Program Files (x86)\\Python27\\python.exe\"  C:\\Users\\flare\\Downloads\\RTA-master\\red_ttp\\certutil_file_obfuscation.py","@version":"1","beat":{"version":"6.4.0","name":"flare-PC","hostname":"flare-PC"},"tags":["beats_input_codec_plain_applied"],"type":"wineventlog","event_id":1,"task":"Process Create (rule: ProcessCreate)","version":5,"user":{"name":"SYSTEM","domain":"NT-AUTORITÄT","type":"User","identifier":"S-1-5-18"},"record_number":"1178","host":{"name":"flare-PC"},"opcode":"Info"}
{"index":{"_index":"winlogbeat-6.4.0-2018.09.19","_type":"doc","_id":"pF_y8WUBfVn9xHWixztb"}}
{"thread_id":1824,"event_data":{"LogonId":"0xe320","Product":"Betriebssystem Microsoft® Windows®","UtcTime":"2018-09-19 13:08:12.711","Hashes":"MD5=AD7B9C14083B52BC532FBA5948342B98,SHA256=17F746D82695FA9B35493B41859D39D786D32B23A9D2E00F4011DEC7A02402AE","Image":"C:\\Windows\\SysWOW64\\cmd.exe","Description":"Windows-Befehlsprozessor","User":"flare-PC\\flare","FileVersion":"6.1.7601.17514 (win7sp1_rtm.101119-1850)","ParentProcessGuid":"{2D3B23BE-4A1C-5BA2-0000-0010C8100B00}","ParentCommandLine":"\"C:\\Program Files (x86)\\Python27\\python.exe\" \"C:\\Users\\flare\\Downloads\\RTA-master\\run_all.py\" ","LogonGuid":"{2D3B23BE-45CC-5BA2-0000-002020E30000}","CommandLine":"C:\\Windows\\system32\\cmd.exe /c \"\"C:\\Program Files (x86)\\Python27\\python.exe\" C:\\Users\\flare\\Downloads\\RTA-master\\red_ttp\\certutil_webrequest.py\"","ParentProcessId":"3756","Company":"Microsoft Corporation","ProcessId":"1764","TerminalSessionId":"1","ParentImage":"C:\\Program Files (x86)\\Python27\\python.exe","IntegrityLevel":"Medium","CurrentDirectory":"C:\\Users\\flare\\Downloads\\RTA-master\\","ProcessGuid":"{2D3B23BE-4A3C-5BA2-0000-00107EC60B00}"},"@timestamp":"2018-09-19T13:08:12.711Z","log_name":"Microsoft-Windows-Sysmon/Operational","level":"Informationen","computer_name":"flare-PC","source_name":"Microsoft-Windows-Sysmon","process_id":1304,"message":"Process Create:\nRuleName: \nUtcTime: 2018-09-19 13:08:12.711\nProcessGuid: {2D3B23BE-4A3C-5BA2-0000-00107EC60B00}\nProcessId: 1764\nImage: C:\\Windows\\SysWOW64\\cmd.exe\nFileVersion: 6.1.7601.17514 (win7sp1_rtm.101119-1850)\nDescription: Windows-Befehlsprozessor\nProduct: Betriebssystem Microsoft® Windows®\nCompany: Microsoft Corporation\nCommandLine: C:\\Windows\\system32\\cmd.exe /c \"\"C:\\Program Files (x86)\\Python27\\python.exe\" C:\\Users\\flare\\Downloads\\RTA-master\\red_ttp\\certutil_webrequest.py\"\nCurrentDirectory: C:\\Users\\flare\\Downloads\\RTA-master\\\nUser: flare-PC\\flare\nLogonGuid: {2D3B23BE-45CC-5BA2-0000-002020E30000}\nLogonId: 0xe320\nTerminalSessionId: 1\nIntegrityLevel: Medium\nHashes: MD5=AD7B9C14083B52BC532FBA5948342B98,SHA256=17F746D82695FA9B35493B41859D39D786D32B23A9D2E00F4011DEC7A02402AE\nParentProcessGuid: {2D3B23BE-4A1C-5BA2-0000-0010C8100B00}\nParentProcessId: 3756\nParentImage: C:\\Program Files (x86)\\Python27\\python.exe\nParentCommandLine: \"C:\\Program Files (x86)\\Python27\\python.exe\" \"C:\\Users\\flare\\Downloads\\RTA-master\\run_all.py\" ","@version":"1","provider_guid":"{5770385F-C22A-43E0-BF4C-06F5698FFBD9}","beat":{"version":"6.4.0","name":"flare-PC","hostname":"flare-PC"},"tags":["beats_input_codec_plain_applied"],"task":"Process Create (rule: ProcessCreate)","record_number":"1182","event_id":1,"version":5,"user":{"name":"SYSTEM","identifier":"S-1-5-18","type":"User","domain":"NT-AUTORITÄT"},"type":"wineventlog","host":{"name":"flare-PC"},"opcode":"Info"}
{"index":{"_index":"winlogbeat-6.4.0-2018.09.19","_type":"doc","_id":"qF_y8WUBfVn9xHWixzte"}}
{"thread_id":1824,"event_data":{"ParentProcessGuid":"{2D3B23BE-4A3A-5BA2-0000-0010D1630B00}","User":"flare-PC\\flare","Product":"?","Image":"C:\\Program Files (x86)\\Python27\\python.exe","Description":"?","UtcTime":"2018-09-19 13:08:11.162","LogonId":"0xe320","ParentImage":"C:\\Windows\\SysWOW64\\cmd.exe","Hashes":"MD5=6E8B813C218546F9DF6F17F4B97B06EE,SHA256=C7817E6DA74A7AE196EB2D35CE21319ABE3A62CD23AB4DB39FA5138DF7CA1D44","ParentCommandLine":"C:\\Windows\\system32\\cmd.exe /c \"\"C:\\Program Files (x86)\\Python27\\python.exe\" C:\\Users\\flare\\Downloads\\RTA-master\\red_ttp\\at_command.py\"","LogonGuid":"{2D3B23BE-45CC-5BA2-0000-002020E30000}","TerminalSessionId":"1","CurrentDirectory":"C:\\Users\\flare\\Downloads\\RTA-master\\","ProcessId":"2336","ParentProcessId":"1672","IntegrityLevel":"Medium","CommandLine":"\"C:\\Program Files (x86)\\Python27\\python.exe\"  C:\\Users\\flare\\Downloads\\RTA-master\\red_ttp\\at_command.py","Company":"?","FileVersion":"?","ProcessGuid":"{2D3B23BE-4A3B-5BA2-0000-0010F0640B00}"},"@timestamp":"2018-09-19T13:08:11.162Z","log_name":"Microsoft-Windows-Sysmon/Operational","level":"Informationen","computer_name":"flare-PC","source_name":"Microsoft-Windows-Sysmon","process_id":1304,"message":"Process Create:\nRuleName: \nUtcTime: 2018-09-19 13:08:11.162\nProcessGuid: {2D3B23BE-4A3B-5BA2-0000-0010F0640B00}\nProcessId: 2336\nImage: C:\\Program Files (x86)\\Python27\\python.exe\nFileVersion: ?\nDescription: ?\nProduct: ?\nCompany: ?\nCommandLine: \"C:\\Program Files (x86)\\Python27\\python.exe\"  C:\\Users\\flare\\Downloads\\RTA-master\\red_ttp\\at_command.py\nCurrentDirectory: C:\\Users\\flare\\Downloads\\RTA-master\\\nUser: flare-PC\\flare\nLogonGuid: {2D3B23BE-45CC-5BA2-0000-002020E30000}\nLogonId: 0xe320\nTerminalSessionId: 1\nIntegrityLevel: Medium\nHashes: MD5=6E8B813C218546F9DF6F17F4B97B06EE,SHA256=C7817E6DA74A7AE196EB2D35CE21319ABE3A62CD23AB4DB39FA5138DF7CA1D44\nParentProcessGuid: {2D3B23BE-4A3A-5BA2-0000-0010D1630B00}\nParentProcessId: 1672\nParentImage: C:\\Windows\\SysWOW64\\cmd.exe\nParentCommandLine: C:\\Windows\\system32\\cmd.exe /c \"\"C:\\Program Files (x86)\\Python27\\python.exe\" C:\\Users\\flare\\Downloads\\RTA-master\\red_ttp\\at_command.py\"","@version":"1","provider_guid":"{5770385F-C22A-43E0-BF4C-06F5698FFBD9}","beat":{"version":"6.4.0","name":"flare-PC","hostname":"flare-PC"},"tags":["beats_input_codec_plain_applied"],"task":"Process Create (rule: ProcessCreate)","type":"wineventlog","record_number":"1173","version":5,"user":{"domain":"NT-AUTORITÄT","identifier":"S-1-5-18","type":"User","name":"SYSTEM"},"event_id":1,"host":{"name":"flare-PC"},"opcode":"Info"}
{"index":{"_index":"winlogbeat-6.4.0-2018.09.19","_type":"doc","_id":"m1_y8WUBfVn9xHWiTztt"}}
{"thread_id":1824,"event_data":{"LogonId":"0xe320","User":"flare-PC\\flare","UtcTime":"2018-09-19 13:07:40.106","Hashes":"MD5=6E8B813C218546F9DF6F17F4B97B06EE,SHA256=C7817E6DA74A7AE196EB2D35CE21319ABE3A62CD23AB4DB39FA5138DF7CA1D44","Description":"?","Image":"C:\\Program Files (x86)\\Python27\\python.exe","Product":"?","FileVersion":"?","ParentCommandLine":"C:\\Windows\\Explorer.EXE","ParentImage":"C:\\Windows\\explorer.exe","LogonGuid":"{2D3B23BE-45CC-5BA2-0000-002020E30000}","CommandLine":"\"C:\\Program Files (x86)\\Python27\\python.exe\" \"C:\\Users\\flare\\Downloads\\RTA-master\\run_all.py\" ","Company":"?","TerminalSessionId":"1","CurrentDirectory":"C:\\Users\\flare\\Downloads\\RTA-master\\","IntegrityLevel":"Medium","ParentProcessGuid":"{2D3B23BE-45D0-5BA2-0000-0010C3580100}","ParentProcessId":"1692","ProcessId":"3756","ProcessGuid":"{2D3B23BE-4A1C-5BA2-0000-0010C8100B00}"},"@timestamp":"2018-09-19T13:07:42.549Z","log_name":"Microsoft-Windows-Sysmon/Operational","level":"Informationen","computer_name":"flare-PC","source_name":"Microsoft-Windows-Sysmon","process_id":1304,"provider_guid":"{5770385F-C22A-43E0-BF4C-06F5698FFBD9}","message":"Process Create:\nRuleName: \nUtcTime: 2018-09-19 13:07:40.106\nProcessGuid: {2D3B23BE-4A1C-5BA2-0000-0010C8100B00}\nProcessId: 3756\nImage: C:\\Program Files (x86)\\Python27\\python.exe\nFileVersion: ?\nDescription: ?\nProduct: ?\nCompany: ?\nCommandLine: \"C:\\Program Files (x86)\\Python27\\python.exe\" \"C:\\Users\\flare\\Downloads\\RTA-master\\run_all.py\" \nCurrentDirectory: C:\\Users\\flare\\Downloads\\RTA-master\\\nUser: flare-PC\\flare\nLogonGuid: {2D3B23BE-45CC-5BA2-0000-002020E30000}\nLogonId: 0xe320\nTerminalSessionId: 1\nIntegrityLevel: Medium\nHashes: MD5=6E8B813C218546F9DF6F17F4B97B06EE,SHA256=C7817E6DA74A7AE196EB2D35CE21319ABE3A62CD23AB4DB39FA5138DF7CA1D44\nParentProcessGuid: {2D3B23BE-45D0-5BA2-0000-0010C3580100}\nParentProcessId: 1692\nParentImage: C:\\Windows\\explorer.exe\nParentCommandLine: C:\\Windows\\Explorer.EXE","@version":"1","beat":{"version":"6.4.0","name":"flare-PC","hostname":"flare-PC"},"tags":["beats_input_codec_plain_applied"],"task":"Process Create (rule: ProcessCreate)","event_id":1,"type":"wineventlog","host":{"name":"flare-PC"},"user":{"name":"SYSTEM","identifier":"S-1-5-18","domain":"NT-AUTORITÄT","type":"User"},"version":5,"record_number":"1168","opcode":"Info"}
{"index":{"_index":"winlogbeat-6.4.0-2018.09.19","_type":"doc","_id":"A1_w8WUBfVn9xHWi_Dv7"}}
{"thread_id":1824,"event_data":{"CreationUtcTime":"2018-09-19 13:05:51.052","UtcTime":"2018-09-19 13:06:19.098","Image":"C:\\Program Files\\Mozilla Firefox\\firefox.exe","Hash":"MD5=FBCCF14D504B7B2DBCB5A5BDA75BD93B,SHA256=EACD09517CE90D34BA562171D15AC40D302F0E691B439F91BE1B6406E25F5913","TargetFilename":"C:\\Users\\flare\\Downloads\\SysinternalsSuite.zip:Zone.Identifier","ProcessId":"588","ProcessGuid":"{2D3B23BE-463E-5BA2-0000-001010000400}"},"@timestamp":"2018-09-19T13:06:19.098Z","log_name":"Microsoft-Windows-Sysmon/Operational","level":"Informationen","computer_name":"flare-PC","source_name":"Microsoft-Windows-Sysmon","process_id":1304,"message":"File stream created:\nRuleName: \nUtcTime: 2018-09-19 13:06:19.098\nProcessGuid: {2D3B23BE-463E-5BA2-0000-001010000400}\nProcessId: 588\nImage: C:\\Program Files\\Mozilla Firefox\\firefox.exe\nTargetFilename: C:\\Users\\flare\\Downloads\\SysinternalsSuite.zip:Zone.Identifier\nCreationUtcTime: 2018-09-19 13:05:51.052\nHash: MD5=FBCCF14D504B7B2DBCB5A5BDA75BD93B,SHA256=EACD09517CE90D34BA562171D15AC40D302F0E691B439F91BE1B6406E25F5913","@version":"1","provider_guid":"{5770385F-C22A-43E0-BF4C-06F5698FFBD9}","beat":{"version":"6.4.0","name":"flare-PC","hostname":"flare-PC"},"tags":["beats_input_codec_plain_applied"],"task":"File stream created (rule: FileCreateStreamHash)","record_number":"1016","type":"wineventlog","version":2,"user":{"name":"SYSTEM","identifier":"S-1-5-18","domain":"NT-AUTORITÄT","type":"User"},"host":{"name":"flare-PC"},"event_id":15,"opcode":"Info"}
{"index":{"_index":"winlogbeat-6.4.0-2018.09.19","_type":"doc","_id":"CF_x8WUBfVn9xHWiJTtf"}}
{"thread_id":1824,"event_data":{"CreationUtcTime":"2018-09-19 13:06:27.338","UtcTime":"2018-09-19 13:06:29.346","Image":"C:\\Program Files\\7-Zip\\7zG.exe","TargetFilename":"C:\\Users\\flare\\Downloads\\SysinternalsSuite\\ADExplorer.exe","ProcessId":"3056","ProcessGuid":"{2D3B23BE-49CF-5BA2-0000-001095020A00}"},"@timestamp":"2018-09-19T13:06:29.346Z","log_name":"Microsoft-Windows-Sysmon/Operational","level":"Informationen","computer_name":"flare-PC","source_name":"Microsoft-Windows-Sysmon","process_id":1304,"provider_guid":"{5770385F-C22A-43E0-BF4C-06F5698FFBD9}","message":"File created:\nRuleName: \nUtcTime: 2018-09-19 13:06:29.346\nProcessGuid: {2D3B23BE-49CF-5BA2-0000-001095020A00}\nProcessId: 3056\nImage: C:\\Program Files\\7-Zip\\7zG.exe\nTargetFilename: C:\\Users\\flare\\Downloads\\SysinternalsSuite\\ADExplorer.exe\nCreationUtcTime: 2018-09-19 13:06:27.338","@version":"1","beat":{"version":"6.4.0","name":"flare-PC","hostname":"flare-PC"},"tags":["beats_input_codec_plain_applied"],"task":"File created (rule: FileCreate)","record_number":"1021","event_id":11,"version":2,"type":"wineventlog","host":{"name":"flare-PC"},"user":{"domain":"NT-AUTORITÄT","identifier":"S-1-5-18","type":"User","name":"SYSTEM"},"opcode":"Info"}
{"index":{"_index":"winlogbeat-6.4.0-2018.09.19","_type":"doc","_id":"_V_w8WUBfVn9xHWilzoF"}}
{"thread_id":1824,"event_data":{"CreationUtcTime":"2018-09-19 13:05:53.626","UtcTime":"2018-09-19 13:05:53.626","Image":"C:\\Program Files\\Mozilla Firefox\\firefox.exe","TargetFilename":"C:\\Users\\flare\\Downloads\\SysinternalsSuite.zip","ProcessId":"588","ProcessGuid":"{2D3B23BE-463E-5BA2-0000-001010000400}"},"@timestamp":"2018-09-19T13:05:53.626Z","log_name":"Microsoft-Windows-Sysmon/Operational","level":"Informationen","computer_name":"flare-PC","source_name":"Microsoft-Windows-Sysmon","process_id":1304,"provider_guid":"{5770385F-C22A-43E0-BF4C-06F5698FFBD9}","message":"File created:\nRuleName: \nUtcTime: 2018-09-19 13:05:53.626\nProcessGuid: {2D3B23BE-463E-5BA2-0000-001010000400}\nProcessId: 588\nImage: C:\\Program Files\\Mozilla Firefox\\firefox.exe\nTargetFilename: C:\\Users\\flare\\Downloads\\SysinternalsSuite.zip\nCreationUtcTime: 2018-09-19 13:05:53.626","@version":"1","beat":{"version":"6.4.0","name":"flare-PC","hostname":"flare-PC"},"tags":["beats_input_codec_plain_applied"],"task":"File created (rule: FileCreate)","event_id":11,"type":"wineventlog","version":2,"user":{"name":"SYSTEM","domain":"NT-AUTORITÄT","type":"User","identifier":"S-1-5-18"},"record_number":"1013","host":{"name":"flare-PC"},"opcode":"Info"}
{"index":{"_index":"winlogbeat-6.4.0-2018.09.19","_type":"doc","_id":"B1_x8WUBfVn9xHWiHTt1"}}
{"thread_id":1824,"event_data":{"CreationUtcTime":"2018-09-19 13:06:25.508","UtcTime":"2018-09-19 13:06:27.338","Image":"C:\\Program Files\\7-Zip\\7zG.exe","TargetFilename":"C:\\Users\\flare\\Downloads\\SysinternalsSuite","ProcessId":"3056","ProcessGuid":"{2D3B23BE-49CF-5BA2-0000-001095020A00}"},"@timestamp":"2018-09-19T13:06:27.338Z","log_name":"Microsoft-Windows-Sysmon/Operational","level":"Informationen","computer_name":"flare-PC","source_name":"Microsoft-Windows-Sysmon","process_id":1304,"provider_guid":"{5770385F-C22A-43E0-BF4C-06F5698FFBD9}","message":"File created:\nRuleName: \nUtcTime: 2018-09-19 13:06:27.338\nProcessGuid: {2D3B23BE-49CF-5BA2-0000-001095020A00}\nProcessId: 3056\nImage: C:\\Program Files\\7-Zip\\7zG.exe\nTargetFilename: C:\\Users\\flare\\Downloads\\SysinternalsSuite\nCreationUtcTime: 2018-09-19 13:06:25.508","@version":"1","beat":{"version":"6.4.0","name":"flare-PC","hostname":"flare-PC"},"tags":["beats_input_codec_plain_applied"],"type":"wineventlog","event_id":11,"task":"File created (rule: FileCreate)","version":2,"host":{"name":"flare-PC"},"user":{"name":"SYSTEM","identifier":"S-1-5-18","domain":"NT-AUTORITÄT","type":"User"},"record_number":"1018","opcode":"Info"}
{"index":{"_index":"winlogbeat-6.4.0-2018.09.19","_type":"doc","_id":"_l_w8WUBfVn9xHWi9Dqw"}}
{"thread_id":556,"event_data":{"SubjectDomainName":"NT-AUTORITÄT","SubjectLogonId":"0x3e7","SubjectUserName":"SYSTEM","PrivilegeList":"SeAssignPrimaryTokenPrivilege\n\t\t\tSeTcbPrivilege\n\t\t\tSeSecurityPrivilege\n\t\t\tSeTakeOwnershipPrivilege\n\t\t\tSeLoadDriverPrivilege\n\t\t\tSeBackupPrivilege\n\t\t\tSeRestorePrivilege\n\t\t\tSeDebugPrivilege\n\t\t\tSeAuditPrivilege\n\t\t\tSeSystemEnvironmentPrivilege\n\t\t\tSeImpersonatePrivilege","SubjectUserSid":"S-1-5-18"},"@timestamp":"2018-09-19T13:06:15.992Z","log_name":"Security","keywords":["Überwachung erfolgreich"],"level":"Informationen","computer_name":"flare-PC","source_name":"Microsoft-Windows-Security-Auditing","process_id":512,"message":"Einer neuen Anmeldung wurden besondere Rechte zugewiesen.\n\nAntragsteller:\n\tSicherheits-ID:\t\tS-1-5-18\n\tKontoname:\t\tSYSTEM\n\tKontodomäne:\t\tNT-AUTORITÄT\n\tAnmelde-ID:\t\t0x3e7\n\nBerechtigungen:\t\tSeAssignPrimaryTokenPrivilege\n\t\t\tSeTcbPrivilege\n\t\t\tSeSecurityPrivilege\n\t\t\tSeTakeOwnershipPrivilege\n\t\t\tSeLoadDriverPrivilege\n\t\t\tSeBackupPrivilege\n\t\t\tSeRestorePrivilege\n\t\t\tSeDebugPrivilege\n\t\t\tSeAuditPrivilege\n\t\t\tSeSystemEnvironmentPrivilege\n\t\t\tSeImpersonatePrivilege","@version":"1","provider_guid":"{54849625-5478-4994-A5BA-3E3B0328C30D}","beat":{"version":"6.4.0","name":"flare-PC","hostname":"flare-PC"},"tags":["beats_input_codec_plain_applied"],"type":"wineventlog","task":"Spezielle Anmeldung","record_number":"16742","host":{"name":"flare-PC"},"event_id":4672,"opcode":"Info"}
{"index":{"_index":"winlogbeat-6.4.0-2018.09.19","_type":"doc","_id":"-1_v8WUBfVn9xHWivDp3"}}
{"thread_id":2996,"event_data":{"param2":"Beendet","param1":"Adobe Flash Player Update Service","Binary":"410064006F006200650046006C0061007300680050006C0061007900650072005500700064006100740065005300760063002F0031000000"},"@timestamp":"2018-09-19T13:05:00.164Z","keywords":["Klassisch"],"log_name":"System","level":"Informationen","computer_name":"flare-PC","source_name":"Service Control Manager","process_id":488,"provider_guid":"{555908d1-a6d7-4695-8e1e-26931d2012f4}","message":"Dienst \"Adobe Flash Player Update Service\" befindet sich jetzt im Status \"Beendet\".","@version":"1","beat":{"version":"6.4.0","name":"flare-PC","hostname":"flare-PC"},"tags":["beats_input_codec_plain_applied"],"type":"wineventlog","event_id":7036,"record_number":"11738","host":{"name":"flare-PC"}}
{"index":{"_index":"winlogbeat-6.4.0-2018.09.19","_type":"doc","_id":"vF_z8WUBfVn9xHWipzux"}}
{"event_data":{"param8":"S-1-5-21-4019173901-3792766986-1456451320-1001","param1":"Anwendungsspezifisch","param5":"{56BE716B-2F76-4DFA-8702-67AE10044F0B}","param3":"Aktivierung","param4":"{E579AB5F-1CC4-44B4-BED9-DE0991FF0623}","param6":"flare-PC","param7":"flare","param2":"Lokal","param9":"LocalHost (unter Verwendung von LRPC)"},"@timestamp":"2018-09-19T13:09:07.000Z","keywords":["Klassisch"],"log_name":"System","level":"Fehler","computer_name":"flare-PC","source_name":"Microsoft-Windows-DistributedCOM","provider_guid":"{1B562E86-B7AA-4131-BADC-B6F3A001407E}","message":"Durch die Berechtigungseinstellungen (Anwendungsspezifisch) wird der SID (S-1-5-21-4019173901-3792766986-1456451320-1001) für Benutzer flare-PC\\flare von Adresse LocalHost (unter Verwendung von LRPC) keine Berechtigung zum Aktivierung (Lokal) für die COM-Serveranwendung mit CLSID \n{E579AB5F-1CC4-44B4-BED9-DE0991FF0623}\n und APPID \n{56BE716B-2F76-4DFA-8702-67AE10044F0B}\n gewährt. Die Sicherheitsberechtigung kann mit dem Verwaltungsprogramm für Komponentendienste geändert werden.","@version":"1","beat":{"version":"6.4.0","name":"flare-PC","hostname":"flare-PC"},"tags":["beats_input_codec_plain_applied"],"type":"wineventlog","event_id":10016,"record_number":"11744","host":{"name":"flare-PC"},"user":{"name":"flare","identifier":"S-1-5-21-4019173901-3792766986-1456451320-1001","type":"User","domain":"flare-PC"}}
{"index":{"_index":"winlogbeat-6.4.0-2018.09.19","_type":"doc","_id":"wV_z8WUBfVn9xHWirDtS"}}
{"thread_id":1824,"event_data":{"ParentProcessGuid":"{2D3B23BE-4A74-5BA2-0000-001082C60D00}","User":"flare-PC\\flare","Product":"Microsoft® Windows® Operating System","Image":"C:\\Windows\\SysWOW64\\net1.exe","Hashes":"MD5=2041012726EF7C95ED51C15C56545A7F,SHA256=A0BE13AC9443ACC6D2EEA474CC82A727BDB7E1009F573DBA34D269F9A6AAA347","Description":"Net Command","UtcTime":"2018-09-19 13:09:08.873","FileVersion":"6.1.7601.17514 (win7sp1_rtm.101119-1850)","ParentCommandLine":"net user administrator","ParentImage":"C:\\Windows\\SysWOW64\\net.exe","TerminalSessionId":"1","Company":"Microsoft Corporation","CurrentDirectory":"C:\\Users\\flare\\Downloads\\RTA-master\\","ParentProcessId":"3140","CommandLine":"C:\\Windows\\system32\\net1 user administrator","IntegrityLevel":"Medium","LogonId":"0xe320","ProcessId":"956","LogonGuid":"{2D3B23BE-45CC-5BA2-0000-002020E30000}","ProcessGuid":"{2D3B23BE-4A74-5BA2-0000-00109DC70D00}"},"@timestamp":"2018-09-19T13:09:08.873Z","log_name":"Microsoft-Windows-Sysmon/Operational","level":"Informationen","computer_name":"flare-PC","source_name":"Microsoft-Windows-Sysmon","process_id":1304,"@version":"1","message":"Process Create:\nRuleName: \nUtcTime: 2018-09-19 13:09:08.873\nProcessGuid: {2D3B23BE-4A74-5BA2-0000-00109DC70D00}\nProcessId: 956\nImage: C:\\Windows\\SysWOW64\\net1.exe\nFileVersion: 6.1.7601.17514 (win7sp1_rtm.101119-1850)\nDescription: Net Command\nProduct: Microsoft® Windows® Operating System\nCompany: Microsoft Corporation\nCommandLine: C:\\Windows\\system32\\net1 user administrator\nCurrentDirectory: C:\\Users\\flare\\Downloads\\RTA-master\\\nUser: flare-PC\\flare\nLogonGuid: {2D3B23BE-45CC-5BA2-0000-002020E30000}\nLogonId: 0xe320\nTerminalSessionId: 1\nIntegrityLevel: Medium\nHashes: MD5=2041012726EF7C95ED51C15C56545A7F,SHA256=A0BE13AC9443ACC6D2EEA474CC82A727BDB7E1009F573DBA34D269F9A6AAA347\nParentProcessGuid: {2D3B23BE-4A74-5BA2-0000-001082C60D00}\nParentProcessId: 3140\nParentImage: C:\\Windows\\SysWOW64\\net.exe\nParentCommandLine: net user administrator","provider_guid":"{5770385F-C22A-43E0-BF4C-06F5698FFBD9}","beat":{"version":"6.4.0","name":"flare-PC","hostname":"flare-PC"},"tags":["beats_input_codec_plain_applied"],"task":"Process Create (rule: ProcessCreate)","event_id":1,"type":"wineventlog","host":{"name":"flare-PC"},"version":5,"user":{"name":"SYSTEM","identifier":"S-1-5-18","domain":"NT-AUTORITÄT","type":"User"},"record_number":"1215","opcode":"Info"}
{"index":{"_index":"winlogbeat-6.4.0-2018.09.19","_type":"doc","_id":"xF_z8WUBfVn9xHWirDtS"}}
{"thread_id":1824,"event_data":{"LogonId":"0xe320","ParentProcessGuid":"{2D3B23BE-4A73-5BA2-0000-00100C3A0D00}","UtcTime":"2018-09-19 13:09:07.978","Image":"C:\\Windows\\SysWOW64\\netsh.exe","Description":"Netzwerkbefehlsshell","Hashes":"MD5=784A50A6A09C25F011C3143DDD68E729,SHA256=661F5D4CE4F0A6CB32669A43CE5DEEC6D5A9E19B2387F22C5012405E92169943","User":"flare-PC\\flare","ParentImage":"C:\\Program Files (x86)\\Python27\\python.exe","ParentCommandLine":"\"C:\\Program Files (x86)\\Python27\\python.exe\"  C:\\Users\\flare\\Downloads\\RTA-master\\red_ttp\\disable_windows_fw.py","Product":"Betriebssystem Microsoft® Windows®","LogonGuid":"{2D3B23BE-45CC-5BA2-0000-002020E30000}","CommandLine":"netsh.exe advfirewall set allprofiles state off","ParentProcessId":"3488","ProcessId":"3908","CurrentDirectory":"C:\\Users\\flare\\Downloads\\RTA-master\\","IntegrityLevel":"Medium","TerminalSessionId":"1","Company":"Microsoft Corporation","FileVersion":"6.1.7600.16385 (win7_rtm.090713-1255)","ProcessGuid":"{2D3B23BE-4A73-5BA2-0000-00106F780D00}"},"@timestamp":"2018-09-19T13:09:08.419Z","log_name":"Microsoft-Windows-Sysmon/Operational","level":"Informationen","computer_name":"flare-PC","source_name":"Microsoft-Windows-Sysmon","process_id":1304,"@version":"1","message":"Process Create:\nRuleName: \nUtcTime: 2018-09-19 13:09:07.978\nProcessGuid: {2D3B23BE-4A73-5BA2-0000-00106F780D00}\nProcessId: 3908\nImage: C:\\Windows\\SysWOW64\\netsh.exe\nFileVersion: 6.1.7600.16385 (win7_rtm.090713-1255)\nDescription: Netzwerkbefehlsshell\nProduct: Betriebssystem Microsoft® Windows®\nCompany: Microsoft Corporation\nCommandLine: netsh.exe advfirewall set allprofiles state off\nCurrentDirectory: C:\\Users\\flare\\Downloads\\RTA-master\\\nUser: flare-PC\\flare\nLogonGuid: {2D3B23BE-45CC-5BA2-0000-002020E30000}\nLogonId: 0xe320\nTerminalSessionId: 1\nIntegrityLevel: Medium\nHashes: MD5=784A50A6A09C25F011C3143DDD68E729,SHA256=661F5D4CE4F0A6CB32669A43CE5DEEC6D5A9E19B2387F22C5012405E92169943\nParentProcessGuid: {2D3B23BE-4A73-5BA2-0000-00100C3A0D00}\nParentProcessId: 3488\nParentImage: C:\\Program Files (x86)\\Python27\\python.exe\nParentCommandLine: \"C:\\Program Files (x86)\\Python27\\python.exe\"  C:\\Users\\flare\\Downloads\\RTA-master\\red_ttp\\disable_windows_fw.py","provider_guid":"{5770385F-C22A-43E0-BF4C-06F5698FFBD9}","beat":{"version":"6.4.0","name":"flare-PC","hostname":"flare-PC"},"tags":["beats_input_codec_plain_applied"],"type":"wineventlog","event_id":1,"task":"Process Create (rule: ProcessCreate)","host":{"name":"flare-PC"},"user":{"name":"SYSTEM","identifier":"S-1-5-18","domain":"NT-AUTORITÄT","type":"User"},"version":5,"record_number":"1204","opcode":"Info"}
{"index":{"_index":"winlogbeat-6.4.0-2018.09.19","_type":"doc","_id":"yV_z8WUBfVn9xHWirDtS"}}
{"thread_id":1824,"event_data":{"UtcTime":"2018-09-19 13:09:07.900","Image":"C:\\Windows\\SysWOW64\\netsh.exe","Details":"DWORD (0x00000001)","EventType":"SetValue","TargetObject":"HKU\\S-1-5-21-4019173901-3792766986-1456451320-1001\\Software\\Microsoft\\Windows Firewall\\{573CE786-C66B-4D24-A1FE-65049DEB42E2}\\DomainProfile\\EnableFirewall","ProcessId":"3876","ProcessGuid":"{2D3B23BE-4A73-5BA2-0000-001006650D00}"},"@timestamp":"2018-09-19T13:09:07.900Z","log_name":"Microsoft-Windows-Sysmon/Operational","level":"Informationen","computer_name":"flare-PC","source_name":"Microsoft-Windows-Sysmon","process_id":1304,"provider_guid":"{5770385F-C22A-43E0-BF4C-06F5698FFBD9}","message":"Registry value set:\nRuleName: \nEventType: SetValue\nUtcTime: 2018-09-19 13:09:07.900\nProcessGuid: {2D3B23BE-4A73-5BA2-0000-001006650D00}\nProcessId: 3876\nImage: C:\\Windows\\SysWOW64\\netsh.exe\nTargetObject: HKU\\S-1-5-21-4019173901-3792766986-1456451320-1001\\Software\\Microsoft\\Windows Firewall\\{573CE786-C66B-4D24-A1FE-65049DEB42E2}\\DomainProfile\\EnableFirewall\nDetails: DWORD (0x00000001)","@version":"1","beat":{"version":"6.4.0","name":"flare-PC","hostname":"flare-PC"},"tags":["beats_input_codec_plain_applied"],"type":"wineventlog","event_id":13,"task":"Registry value set (rule: RegistryEvent)","version":2,"host":{"name":"flare-PC"},"record_number":"1201","user":{"domain":"NT-AUTORITÄT","identifier":"S-1-5-18","type":"User","name":"SYSTEM"},"opcode":"Info"}
{"index":{"_index":"winlogbeat-6.4.0-2018.09.19","_type":"doc","_id":"yl_z8WUBfVn9xHWirDtS"}}
{"thread_id":1824,"event_data":{"ParentProcessGuid":"{2D3B23BE-4A73-5BA2-0000-00100C3A0D00}","User":"flare-PC\\flare","UtcTime":"2018-09-19 13:09:08.072","Image":"C:\\Windows\\SysWOW64\\netsh.exe","Description":"Netzwerkbefehlsshell","Product":"Betriebssystem Microsoft® Windows®","LogonId":"0xe320","ParentImage":"C:\\Program Files (x86)\\Python27\\python.exe","ParentCommandLine":"\"C:\\Program Files (x86)\\Python27\\python.exe\"  C:\\Users\\flare\\Downloads\\RTA-master\\red_ttp\\disable_windows_fw.py","Hashes":"MD5=784A50A6A09C25F011C3143DDD68E729,SHA256=661F5D4CE4F0A6CB32669A43CE5DEEC6D5A9E19B2387F22C5012405E92169943","LogonGuid":"{2D3B23BE-45CC-5BA2-0000-002020E30000}","CommandLine":"netsh.exe advfirewall set allprofiles state on","ParentProcessId":"3488","TerminalSessionId":"1","Company":"Microsoft Corporation","IntegrityLevel":"Medium","CurrentDirectory":"C:\\Users\\flare\\Downloads\\RTA-master\\","ProcessId":"2252","FileVersion":"6.1.7600.16385 (win7_rtm.090713-1255)","ProcessGuid":"{2D3B23BE-4A74-5BA2-0000-001064800D00}"},"@timestamp":"2018-09-19T13:09:08.451Z","log_name":"Microsoft-Windows-Sysmon/Operational","level":"Informationen","computer_name":"flare-PC","source_name":"Microsoft-Windows-Sysmon","process_id":1304,"provider_guid":"{5770385F-C22A-43E0-BF4C-06F5698FFBD9}","message":"Process Create:\nRuleName: \nUtcTime: 2018-09-19 13:09:08.072\nProcessGuid: {2D3B23BE-4A74-5BA2-0000-001064800D00}\nProcessId: 2252\nImage: C:\\Windows\\SysWOW64\\netsh.exe\nFileVersion: 6.1.7600.16385 (win7_rtm.090713-1255)\nDescription: Netzwerkbefehlsshell\nProduct: Betriebssystem Microsoft® Windows®\nCompany: Microsoft Corporation\nCommandLine: netsh.exe advfirewall set allprofiles state on\nCurrentDirectory: C:\\Users\\flare\\Downloads\\RTA-master\\\nUser: flare-PC\\flare\nLogonGuid: {2D3B23BE-45CC-5BA2-0000-002020E30000}\nLogonId: 0xe320\nTerminalSessionId: 1\nIntegrityLevel: Medium\nHashes: MD5=784A50A6A09C25F011C3143DDD68E729,SHA256=661F5D4CE4F0A6CB32669A43CE5DEEC6D5A9E19B2387F22C5012405E92169943\nParentProcessGuid: {2D3B23BE-4A73-5BA2-0000-00100C3A0D00}\nParentProcessId: 3488\nParentImage: C:\\Program Files (x86)\\Python27\\python.exe\nParentCommandLine: \"C:\\Program Files (x86)\\Python27\\python.exe\"  C:\\Users\\flare\\Downloads\\RTA-master\\red_ttp\\disable_windows_fw.py","@version":"1","beat":{"version":"6.4.0","name":"flare-PC","hostname":"flare-PC"},"tags":["beats_input_codec_plain_applied"],"task":"Process Create (rule: ProcessCreate)","record_number":"1205","type":"wineventlog","version":5,"user":{"name":"SYSTEM","identifier":"S-1-5-18","type":"User","domain":"NT-AUTORITÄT"},"host":{"name":"flare-PC"},"event_id":1,"opcode":"Info"}
{"index":{"_index":"winlogbeat-6.4.0-2018.09.19","_type":"doc","_id":"zV_z8WUBfVn9xHWirDtS"}}
{"thread_id":1824,"event_data":{"LogonId":"0xe320","Product":"Microsoft® Windows® Operating System","UtcTime":"2018-09-19 13:09:08.935","Hashes":"MD5=2041012726EF7C95ED51C15C56545A7F,SHA256=A0BE13AC9443ACC6D2EEA474CC82A727BDB7E1009F573DBA34D269F9A6AAA347","User":"flare-PC\\flare","Image":"C:\\Windows\\SysWOW64\\net1.exe","ParentProcessGuid":"{2D3B23BE-4A74-5BA2-0000-0010A3C90D00}","FileVersion":"6.1.7601.17514 (win7sp1_rtm.101119-1850)","ParentImage":"C:\\Windows\\SysWOW64\\net.exe","Description":"Net Command","TerminalSessionId":"1","CommandLine":"C:\\Windows\\system32\\net1 user /domaintasklist","CurrentDirectory":"C:\\Users\\flare\\Downloads\\RTA-master\\","ParentProcessId":"3136","ProcessId":"2168","Company":"Microsoft Corporation","LogonGuid":"{2D3B23BE-45CC-5BA2-0000-002020E30000}","IntegrityLevel":"Medium","ParentCommandLine":"net user /domaintasklist","ProcessGuid":"{2D3B23BE-4A74-5BA2-0000-0010BECA0D00}"},"@timestamp":"2018-09-19T13:09:08.935Z","log_name":"Microsoft-Windows-Sysmon/Operational","level":"Informationen","computer_name":"flare-PC","source_name":"Microsoft-Windows-Sysmon","process_id":1304,"provider_guid":"{5770385F-C22A-43E0-BF4C-06F5698FFBD9}","message":"Process Create:\nRuleName: \nUtcTime: 2018-09-19 13:09:08.935\nProcessGuid: {2D3B23BE-4A74-5BA2-0000-0010BECA0D00}\nProcessId: 2168\nImage: C:\\Windows\\SysWOW64\\net1.exe\nFileVersion: 6.1.7601.17514 (win7sp1_rtm.101119-1850)\nDescription: Net Command\nProduct: Microsoft® Windows® Operating System\nCompany: Microsoft Corporation\nCommandLine: C:\\Windows\\system32\\net1 user /domaintasklist\nCurrentDirectory: C:\\Users\\flare\\Downloads\\RTA-master\\\nUser: flare-PC\\flare\nLogonGuid: {2D3B23BE-45CC-5BA2-0000-002020E30000}\nLogonId: 0xe320\nTerminalSessionId: 1\nIntegrityLevel: Medium\nHashes: MD5=2041012726EF7C95ED51C15C56545A7F,SHA256=A0BE13AC9443ACC6D2EEA474CC82A727BDB7E1009F573DBA34D269F9A6AAA347\nParentProcessGuid: {2D3B23BE-4A74-5BA2-0000-0010A3C90D00}\nParentProcessId: 3136\nParentImage: C:\\Windows\\SysWOW64\\net.exe\nParentCommandLine: net user /domaintasklist","@version":"1","beat":{"version":"6.4.0","name":"flare-PC","hostname":"flare-PC"},"tags":["beats_input_codec_plain_applied"],"task":"Process Create (rule: ProcessCreate)","event_id":1,"record_number":"1217","host":{"name":"flare-PC"},"user":{"name":"SYSTEM","identifier":"S-1-5-18","domain":"NT-AUTORITÄT","type":"User"},"version":5,"type":"wineventlog","opcode":"Info"}
{"index":{"_index":"winlogbeat-6.4.0-2018.09.19","_type":"doc","_id":"8V_z8WUBfVn9xHWi9zuo"}}
{"thread_id":3952,"event_data":{"param2":"Ausgeführt","Binary":"540072007500730074006500640049006E007300740061006C006C00650072002F0034000000","param1":"Windows Modules Installer"},"@timestamp":"2018-09-19T13:09:26.583Z","keywords":["Klassisch"],"log_name":"System","level":"Informationen","computer_name":"flare-PC","source_name":"Service Control Manager","process_id":488,"message":"Dienst \"Windows Modules Installer\" befindet sich jetzt im Status \"Ausgeführt\".","@version":"1","provider_guid":"{555908d1-a6d7-4695-8e1e-26931d2012f4}","beat":{"version":"6.4.0","name":"flare-PC","hostname":"flare-PC"},"tags":["beats_input_codec_plain_applied"],"type":"wineventlog","record_number":"11745","event_id":7036,"host":{"name":"flare-PC"}}
{"index":{"_index":"winlogbeat-6.4.0-2018.09.19","_type":"doc","_id":"8l_z8WUBfVn9xHWi9zup"}}
{"thread_id":1824,"event_data":{"ParentProcessGuid":"{2D3B23BE-45CA-5BA2-0000-00104A5C0000}","User":"NT-AUTORITÄT\\SYSTEM","LogonId":"0x3e7","Hashes":"MD5=773212B2AAA24C1E31F10246B15B276C,SHA256=F2EF85F5ABA307976D9C649D710B408952089458DDE97D4DEF321DF14E46A046","Description":"Windows Modules Installer","UtcTime":"2018-09-19 13:09:26.002","Image":"C:\\Windows\\servicing\\TrustedInstaller.exe","ParentImage":"C:\\Windows\\System32\\services.exe","ParentCommandLine":"C:\\Windows\\system32\\services.exe","FileVersion":"6.1.7600.16385 (win7_rtm.090713-1255)","LogonGuid":"{2D3B23BE-45CA-5BA2-0000-0020E7030000}","Company":"Microsoft Corporation","CurrentDirectory":"C:\\Windows\\system32\\","ProcessId":"316","TerminalSessionId":"0","IntegrityLevel":"System","ParentProcessId":"488","CommandLine":"C:\\Windows\\servicing\\TrustedInstaller.exe","Product":"Betriebssystem Microsoft® Windows®","ProcessGuid":"{2D3B23BE-4A86-5BA2-0000-0010676F0E00}"},"@timestamp":"2018-09-19T13:09:26.018Z","log_name":"Microsoft-Windows-Sysmon/Operational","level":"Informationen","computer_name":"flare-PC","source_name":"Microsoft-Windows-Sysmon","process_id":1304,"provider_guid":"{5770385F-C22A-43E0-BF4C-06F5698FFBD9}","message":"Process Create:\nRuleName: \nUtcTime: 2018-09-19 13:09:26.002\nProcessGuid: {2D3B23BE-4A86-5BA2-0000-0010676F0E00}\nProcessId: 316\nImage: C:\\Windows\\servicing\\TrustedInstaller.exe\nFileVersion: 6.1.7600.16385 (win7_rtm.090713-1255)\nDescription: Windows Modules Installer\nProduct: Betriebssystem Microsoft® Windows®\nCompany: Microsoft Corporation\nCommandLine: C:\\Windows\\servicing\\TrustedInstaller.exe\nCurrentDirectory: C:\\Windows\\system32\\\nUser: NT-AUTORITÄT\\SYSTEM\nLogonGuid: {2D3B23BE-45CA-5BA2-0000-0020E7030000}\nLogonId: 0x3e7\nTerminalSessionId: 0\nIntegrityLevel: System\nHashes: MD5=773212B2AAA24C1E31F10246B15B276C,SHA256=F2EF85F5ABA307976D9C649D710B408952089458DDE97D4DEF321DF14E46A046\nParentProcessGuid: {2D3B23BE-45CA-5BA2-0000-00104A5C0000}\nParentProcessId: 488\nParentImage: C:\\Windows\\System32\\services.exe\nParentCommandLine: C:\\Windows\\system32\\services.exe","@version":"1","beat":{"version":"6.4.0","name":"flare-PC","hostname":"flare-PC"},"tags":["beats_input_codec_plain_applied"],"task":"Process Create (rule: ProcessCreate)","type":"wineventlog","record_number":"1248","host":{"name":"flare-PC"},"user":{"name":"SYSTEM","identifier":"S-1-5-18","domain":"NT-AUTORITÄT","type":"User"},"version":5,"event_id":1,"opcode":"Info"}
{"index":{"_index":"winlogbeat-6.4.0-2018.09.19","_type":"doc","_id":"81_z8WUBfVn9xHWi_Dth"}}
{"thread_id":3348,"event_data":{"ProcessName":"C:\\Windows\\System32\\services.exe","LmPackageName":"-","AuthenticationPackageName":"Negotiate","IpAddress":"-","SubjectLogonId":"0x3e7","TargetDomainName":"NT-AUTORITÄT","TargetUserName":"SYSTEM","TransmittedServices":"-","KeyLength":"0","IpPort":"-","LogonGuid":"{00000000-0000-0000-0000-000000000000}","ProcessId":"0x1e8","SubjectUserSid":"S-1-5-18","SubjectDomainName":"WORKGROUP","LogonProcessName":"Advapi  ","TargetUserSid":"S-1-5-18","SubjectUserName":"FLARE-PC$","TargetLogonId":"0x3e7","LogonType":"5"},"@timestamp":"2018-09-19T13:09:26.002Z","keywords":["Überwachung erfolgreich"],"log_name":"Security","level":"Informationen","computer_name":"flare-PC","source_name":"Microsoft-Windows-Security-Auditing","process_id":512,"message":"Ein Konto wurde erfolgreich angemeldet.\n\nAntragsteller:\n\tSicherheits-ID:\t\tS-1-5-18\n\tKontoname:\t\tFLARE-PC$\n\tKontodomäne:\t\tWORKGROUP\n\tAnmelde-ID:\t\t0x3e7\n\nAnmeldetyp:\t\t\t5\n\nNeue Anmeldung:\n\tSicherheits-ID:\t\tS-1-5-18\n\tKontoname:\t\tSYSTEM\n\tKontodomäne:\t\tNT-AUTORITÄT\n\tAnmelde-ID:\t\t0x3e7\n\tAnmelde-GUID:\t\t{00000000-0000-0000-0000-000000000000}\n\nProzessinformationen:\n\tProzess-ID:\t\t0x1e8\n\tProzessname:\t\tC:\\Windows\\System32\\services.exe\n\nNetzwerkinformationen:\n\tArbeitsstationsname:\t\n\tQuellnetzwerkadresse:\t-\n\tQuellport:\t\t-\n\nDetaillierte Authentifizierungsinformationen:\n\tAnmeldeprozess:\t\tAdvapi  \n\tAuthentifizierungspaket:\tNegotiate\n\tÜbertragene Dienste:\t-\n\tPaketname (nur NTLM):\t-\n\tSchlüssellänge:\t\t0\n\nDieses Ereignis wird beim Erstellen einer Anmeldesitzung generiert. Es wird auf dem Computer generiert, auf den zugegriffen wurde.\n\nDie Antragstellerfelder geben das Konto auf dem lokalen System an, von dem die Anmeldung angefordert wurde. Dies ist meistens ein Dienst wie der Serverdienst oder ein lokaler Prozess wie \"Winlogon.exe\" oder \"Services.exe\".\n\nDas Anmeldetypfeld gibt den jeweiligen Anmeldetyp an. Die häufigsten Typen sind 2 (interaktiv) und 3 (Netzwerk).\n\nDie Felder für die neue Anmeldung geben das Konto an, für das die Anmeldung erstellt wurde, d. h. das angemeldete Konto.\n\nDie Netzwerkfelder geben die Quelle einer Remoteanmeldeanforderung an. der Arbeitsstationsname ist nicht immer verfügbar und kann in manchen Fällen leer bleiben.\n\nDie Felder für die Authentifizierungsinformationen enthalten detaillierte Informationen zu dieser speziellen Anmeldeanforderung.\n\t - Die Anmelde-GUID ist ein eindeutiger Bezeichner, der verwendet werden kann, um dieses Ereignis mit einem KDC-Ereignis zu korrelieren.\n\t- Die übertragenen Dienste geben an, welche Zwischendienste an der Anmeldeanforderung beteiligt waren.\n\t- Der Paketname gibt das in den NTLM-Protokollen verwendete Unterprotokoll an.\n\t- Die Schlüssellänge gibt die Länge des generierten Sitzungsschlüssels an. Wenn kein Sitzungsschlüssel angefordert wurde, ist dieser Wert 0.","@version":"1","provider_guid":"{54849625-5478-4994-A5BA-3E3B0328C30D}","beat":{"version":"6.4.0","name":"flare-PC","hostname":"flare-PC"},"tags":["beats_input_codec_plain_applied"],"task":"Anmelden","event_id":4624,"type":"wineventlog","record_number":"16743","host":{"name":"flare-PC"},"opcode":"Info"}
