{"index":{"_index":"winlogbeat-6.4.0-2018.09.19","_type":"doc","_id":"JV_58WUBfVn9xHWirT1k"}}
{"thread_id":1824,"event_data":{"LogonId":"0xe320","User":"flare-PC\\flare","UtcTime":"2018-09-19 13:15:25.868","Image":"C:\\Windows\\SysWOW64\\wevtutil.exe","Hashes":"MD5=81538B795F922B8DA6FD897EFB04B5EE,SHA256=6D1B7029D64F022392078DD4EB3BA7FD706D02997E96C544DB5682CD356A809C","Description":"Befehlszeilenprogramm für die Ereignisverwaltung","ParentProcessGuid":"{2D3B23BE-4BEA-5BA2-0000-001012DA1E00}","FileVersion":"6.1.7600.16385 (win7_rtm.090713-1255)","ParentImage":"C:\\Program Files (x86)\\Python27\\python.exe","ParentCommandLine":"\"C:\\Program Files (x86)\\Python27\\python.exe\"  C:\\Users\\flare\\Downloads\\RTA-master\\red_ttp\\wevtutil_log_clear.py","TerminalSessionId":"1","CommandLine":"wevtutil.exe cl system","ParentProcessId":"3956","CurrentDirectory":"C:\\Users\\flare\\Downloads\\RTA-master\\","ProcessId":"3924","IntegrityLevel":"Medium","Product":"Betriebssystem Microsoft® Windows®","Company":"Microsoft Corporation","LogonGuid":"{2D3B23BE-45CC-5BA2-0000-002020E30000}","ProcessGuid":"{2D3B23BE-4BED-5BA2-0000-00107C081F00}"},"@timestamp":"2018-09-19T13:15:25.868Z","log_name":"Microsoft-Windows-Sysmon/Operational","level":"Informationen","computer_name":"flare-PC","source_name":"Microsoft-Windows-Sysmon","process_id":1304,"message":"Process Create:\nRuleName: \nUtcTime: 2018-09-19 13:15:25.868\nProcessGuid: {2D3B23BE-4BED-5BA2-0000-00107C081F00}\nProcessId: 3924\nImage: C:\\Windows\\SysWOW64\\wevtutil.exe\nFileVersion: 6.1.7600.16385 (win7_rtm.090713-1255)\nDescription: Befehlszeilenprogramm für die Ereignisverwaltung\nProduct: Betriebssystem Microsoft® Windows®\nCompany: Microsoft Corporation\nCommandLine: wevtutil.exe cl system\nCurrentDirectory: C:\\Users\\flare\\Downloads\\RTA-master\\\nUser: flare-PC\\flare\nLogonGuid: {2D3B23BE-45CC-5BA2-0000-002020E30000}\nLogonId: 0xe320\nTerminalSessionId: 1\nIntegrityLevel: Medium\nHashes: MD5=81538B795F922B8DA6FD897EFB04B5EE,SHA256=6D1B7029D64F022392078DD4EB3BA7FD706D02997E96C544DB5682CD356A809C\nParentProcessGuid: {2D3B23BE-4BEA-5BA2-0000-001012DA1E00}\nParentProcessId: 3956\nParentImage: C:\\Program Files (x86)\\Python27\\python.exe\nParentCommandLine: \"C:\\Program Files (x86)\\Python27\\python.exe\"  C:\\Users\\flare\\Downloads\\RTA-master\\red_ttp\\wevtutil_log_clear.py","@version":"1","provider_guid":"{5770385F-C22A-43E0-BF4C-06F5698FFBD9}","beat":{"version":"6.4.0","name":"flare-PC","hostname":"flare-PC"},"tags":["beats_input_codec_plain_applied"],"type":"wineventlog","record_number":"1531","event_id":1,"host":{"name":"flare-PC"},"version":5,"user":{"name":"SYSTEM","domain":"NT-AUTORITÄT","type":"User","identifier":"S-1-5-18"},"task":"Process Create (rule: ProcessCreate)","opcode":"Info"}
{"index":{"_index":"winlogbeat-6.4.0-2018.09.19","_type":"doc","_id":"KF_58WUBfVn9xHWirT1k"}}
{"thread_id":1824,"event_data":{"ParentProcessGuid":"{2D3B23BE-4BEA-5BA2-0000-001012DA1E00}","User":"flare-PC\\flare","LogonId":"0xe320","Image":"C:\\Windows\\SysWOW64\\wevtutil.exe","Description":"Befehlszeilenprogramm für die Ereignisverwaltung","Hashes":"MD5=81538B795F922B8DA6FD897EFB04B5EE,SHA256=6D1B7029D64F022392078DD4EB3BA7FD706D02997E96C544DB5682CD356A809C","UtcTime":"2018-09-19 13:15:25.805","ParentImage":"C:\\Program Files (x86)\\Python27\\python.exe","ParentCommandLine":"\"C:\\Program Files (x86)\\Python27\\python.exe\"  C:\\Users\\flare\\Downloads\\RTA-master\\red_ttp\\wevtutil_log_clear.py","FileVersion":"6.1.7600.16385 (win7_rtm.090713-1255)","LogonGuid":"{2D3B23BE-45CC-5BA2-0000-002020E30000}","Company":"Microsoft Corporation","CurrentDirectory":"C:\\Users\\flare\\Downloads\\RTA-master\\","ProcessId":"2972","ParentProcessId":"3956","CommandLine":"wevtutil.exe cl security","TerminalSessionId":"1","IntegrityLevel":"Medium","Product":"Betriebssystem Microsoft® Windows®","ProcessGuid":"{2D3B23BE-4BED-5BA2-0000-0010E6041F00}"},"@timestamp":"2018-09-19T13:15:25.821Z","log_name":"Microsoft-Windows-Sysmon/Operational","level":"Informationen","computer_name":"flare-PC","source_name":"Microsoft-Windows-Sysmon","process_id":1304,"message":"Process Create:\nRuleName: \nUtcTime: 2018-09-19 13:15:25.805\nProcessGuid: {2D3B23BE-4BED-5BA2-0000-0010E6041F00}\nProcessId: 2972\nImage: C:\\Windows\\SysWOW64\\wevtutil.exe\nFileVersion: 6.1.7600.16385 (win7_rtm.090713-1255)\nDescription: Befehlszeilenprogramm für die Ereignisverwaltung\nProduct: Betriebssystem Microsoft® Windows®\nCompany: Microsoft Corporation\nCommandLine: wevtutil.exe cl security\nCurrentDirectory: C:\\Users\\flare\\Downloads\\RTA-master\\\nUser: flare-PC\\flare\nLogonGuid: {2D3B23BE-45CC-5BA2-0000-002020E30000}\nLogonId: 0xe320\nTerminalSessionId: 1\nIntegrityLevel: Medium\nHashes: MD5=81538B795F922B8DA6FD897EFB04B5EE,SHA256=6D1B7029D64F022392078DD4EB3BA7FD706D02997E96C544DB5682CD356A809C\nParentProcessGuid: {2D3B23BE-4BEA-5BA2-0000-001012DA1E00}\nParentProcessId: 3956\nParentImage: C:\\Program Files (x86)\\Python27\\python.exe\nParentCommandLine: \"C:\\Program Files (x86)\\Python27\\python.exe\"  C:\\Users\\flare\\Downloads\\RTA-master\\red_ttp\\wevtutil_log_clear.py","@version":"1","provider_guid":"{5770385F-C22A-43E0-BF4C-06F5698FFBD9}","beat":{"version":"6.4.0","name":"flare-PC","hostname":"flare-PC"},"tags":["beats_input_codec_plain_applied"],"type":"wineventlog","record_number":"1529","task":"Process Create (rule: ProcessCreate)","host":{"name":"flare-PC"},"user":{"name":"SYSTEM","identifier":"S-1-5-18","type":"User","domain":"NT-AUTORITÄT"},"event_id":1,"version":5,"opcode":"Info"}
{"index":{"_index":"winlogbeat-6.4.0-2018.09.19","_type":"doc","_id":"MF_58WUBfVn9xHWitT2H"}}
{"thread_id":1824,"event_data":{"LogonId":"0xe320","User":"flare-PC\\flare","UtcTime":"2018-09-19 13:15:26.461","Image":"C:\\Windows\\SysWOW64\\wbem\\WMIC.exe","Hashes":"MD5=A03CF3838775E0801A0894C8BACD2E56,SHA256=132AA270790F56A7524CAB968927ED5E1D91B9A26D4BADCB24E450E7DECC5F81","ParentProcessGuid":"{2D3B23BE-4BED-5BA2-0000-0010600B1F00}","Product":"Betriebssystem Microsoft® Windows®","ParentImage":"C:\\Program Files (x86)\\Python27\\python.exe","ParentCommandLine":"\"C:\\Program Files (x86)\\Python27\\python.exe\"  C:\\Users\\flare\\Downloads\\RTA-master\\red_ttp\\wmi_tool_execution.py","FileVersion":"6.1.7600.16385 (win7_rtm.090713-1255)","TerminalSessionId":"1","CommandLine":"wmic.exe process call create \"mshta.exe /?\"","ParentProcessId":"3604","CurrentDirectory":"C:\\Users\\flare\\Downloads\\RTA-master\\","ProcessId":"3628","IntegrityLevel":"Medium","LogonGuid":"{2D3B23BE-45CC-5BA2-0000-002020E30000}","Company":"Microsoft Corporation","Description":"WMI-Befehlszeilendienstprogramm","ProcessGuid":"{2D3B23BE-4BEE-5BA2-0000-00100A3D1F00}"},"@timestamp":"2018-09-19T13:15:26.461Z","log_name":"Microsoft-Windows-Sysmon/Operational","level":"Informationen","computer_name":"flare-PC","source_name":"Microsoft-Windows-Sysmon","process_id":1304,"@version":"1","provider_guid":"{5770385F-C22A-43E0-BF4C-06F5698FFBD9}","message":"Process Create:\nRuleName: \nUtcTime: 2018-09-19 13:15:26.461\nProcessGuid: {2D3B23BE-4BEE-5BA2-0000-00100A3D1F00}\nProcessId: 3628\nImage: C:\\Windows\\SysWOW64\\wbem\\WMIC.exe\nFileVersion: 6.1.7600.16385 (win7_rtm.090713-1255)\nDescription: WMI-Befehlszeilendienstprogramm\nProduct: Betriebssystem Microsoft® Windows®\nCompany: Microsoft Corporation\nCommandLine: wmic.exe process call create \"mshta.exe /?\"\nCurrentDirectory: C:\\Users\\flare\\Downloads\\RTA-master\\\nUser: flare-PC\\flare\nLogonGuid: {2D3B23BE-45CC-5BA2-0000-002020E30000}\nLogonId: 0xe320\nTerminalSessionId: 1\nIntegrityLevel: Medium\nHashes: MD5=A03CF3838775E0801A0894C8BACD2E56,SHA256=132AA270790F56A7524CAB968927ED5E1D91B9A26D4BADCB24E450E7DECC5F81\nParentProcessGuid: {2D3B23BE-4BED-5BA2-0000-0010600B1F00}\nParentProcessId: 3604\nParentImage: C:\\Program Files (x86)\\Python27\\python.exe\nParentCommandLine: \"C:\\Program Files (x86)\\Python27\\python.exe\"  C:\\Users\\flare\\Downloads\\RTA-master\\red_ttp\\wmi_tool_execution.py","beat":{"version":"6.4.0","name":"flare-PC","hostname":"flare-PC"},"tags":["beats_input_codec_plain_applied"],"type":"wineventlog","record_number":"1536","event_id":1,"host":{"name":"flare-PC"},"user":{"name":"SYSTEM","domain":"NT-AUTORITÄT","type":"User","identifier":"S-1-5-18"},"version":5,"task":"Process Create (rule: ProcessCreate)","opcode":"Info"}
{"index":{"_index":"winlogbeat-6.4.0-2018.09.19","_type":"doc","_id":"j1_q8WUBfVn9xHWijzoT"}}
{"thread_id":1824,"event_data":{"CreationUtcTime":"2018-09-19 12:59:31.132","UtcTime":"2018-09-19 12:59:31.132","Image":"C:\\Program Files\\7-Zip\\7zG.exe","TargetFilename":"C:\\Users\\flare\\Downloads\\RTA-master\\attack-navigator-coverage.json","ProcessId":"212","ProcessGuid":"{2D3B23BE-4832-5BA2-0000-001011390700}"},"@timestamp":"2018-09-19T12:59:31.132Z","log_name":"Microsoft-Windows-Sysmon/Operational","level":"Informationen","computer_name":"flare-PC","source_name":"Microsoft-Windows-Sysmon","process_id":1304,"@version":"1","provider_guid":"{5770385F-C22A-43E0-BF4C-06F5698FFBD9}","message":"File created:\nRuleName: \nUtcTime: 2018-09-19 12:59:31.132\nProcessGuid: {2D3B23BE-4832-5BA2-0000-001011390700}\nProcessId: 212\nImage: C:\\Program Files\\7-Zip\\7zG.exe\nTargetFilename: C:\\Users\\flare\\Downloads\\RTA-master\\attack-navigator-coverage.json\nCreationUtcTime: 2018-09-19 12:59:31.132","beat":{"version":"6.4.0","name":"flare-PC","hostname":"flare-PC"},"tags":["beats_input_codec_plain_applied"],"task":"File created (rule: FileCreate)","event_id":11,"record_number":"914","version":2,"user":{"name":"SYSTEM","identifier":"S-1-5-18","domain":"NT-AUTORITÄT","type":"User"},"host":{"name":"flare-PC"},"type":"wineventlog","opcode":"Info"}
{"index":{"_index":"winlogbeat-6.4.0-2018.09.19","_type":"doc","_id":"kV_q8WUBfVn9xHWijzoT"}}
{"thread_id":1824,"event_data":{"CreationUtcTime":"2018-09-19 12:59:31.132","UtcTime":"2018-09-19 12:59:31.148","Image":"C:\\Program Files\\7-Zip\\7zG.exe","TargetFilename":"C:\\Users\\flare\\Downloads\\RTA-master\\red_ttp\\bin\\PsRunner_LICENSE","ProcessId":"212","ProcessGuid":"{2D3B23BE-4832-5BA2-0000-001011390700}"},"@timestamp":"2018-09-19T12:59:31.148Z","log_name":"Microsoft-Windows-Sysmon/Operational","level":"Informationen","computer_name":"flare-PC","source_name":"Microsoft-Windows-Sysmon","process_id":1304,"provider_guid":"{5770385F-C22A-43E0-BF4C-06F5698FFBD9}","message":"File created:\nRuleName: \nUtcTime: 2018-09-19 12:59:31.148\nProcessGuid: {2D3B23BE-4832-5BA2-0000-001011390700}\nProcessId: 212\nImage: C:\\Program Files\\7-Zip\\7zG.exe\nTargetFilename: C:\\Users\\flare\\Downloads\\RTA-master\\red_ttp\\bin\\PsRunner_LICENSE\nCreationUtcTime: 2018-09-19 12:59:31.132","@version":"1","beat":{"version":"6.4.0","name":"flare-PC","hostname":"flare-PC"},"tags":["beats_input_codec_plain_applied"],"task":"File created (rule: FileCreate)","record_number":"922","event_id":11,"version":2,"host":{"name":"flare-PC"},"type":"wineventlog","user":{"name":"SYSTEM","identifier":"S-1-5-18","type":"User","domain":"NT-AUTORITÄT"},"opcode":"Info"}
{"index":{"_index":"winlogbeat-6.4.0-2018.09.19","_type":"doc","_id":"ll_q8WUBfVn9xHWijzoT"}}
{"thread_id":1824,"event_data":{"CreationUtcTime":"2018-09-19 12:59:31.210","UtcTime":"2018-09-19 12:59:31.210","Image":"C:\\Program Files\\7-Zip\\7zG.exe","TargetFilename":"C:\\Users\\flare\\Downloads\\RTA-master\\red_ttp\\common.py","ProcessId":"212","ProcessGuid":"{2D3B23BE-4832-5BA2-0000-001011390700}"},"@timestamp":"2018-09-19T12:59:31.210Z","log_name":"Microsoft-Windows-Sysmon/Operational","level":"Informationen","computer_name":"flare-PC","source_name":"Microsoft-Windows-Sysmon","process_id":1304,"message":"File created:\nRuleName: \nUtcTime: 2018-09-19 12:59:31.210\nProcessGuid: {2D3B23BE-4832-5BA2-0000-001011390700}\nProcessId: 212\nImage: C:\\Program Files\\7-Zip\\7zG.exe\nTargetFilename: C:\\Users\\flare\\Downloads\\RTA-master\\red_ttp\\common.py\nCreationUtcTime: 2018-09-19 12:59:31.210","@version":"1","provider_guid":"{5770385F-C22A-43E0-BF4C-06F5698FFBD9}","beat":{"version":"6.4.0","name":"flare-PC","hostname":"flare-PC"},"tags":["beats_input_codec_plain_applied"],"type":"wineventlog","event_id":11,"record_number":"942","version":2,"user":{"name":"SYSTEM","identifier":"S-1-5-18","domain":"NT-AUTORITÄT","type":"User"},"host":{"name":"flare-PC"},"task":"File created (rule: FileCreate)","opcode":"Info"}
{"index":{"_index":"winlogbeat-6.4.0-2018.09.19","_type":"doc","_id":"mF_q8WUBfVn9xHWijzoT"}}
{"thread_id":1824,"event_data":{"CreationUtcTime":"2018-09-19 12:59:31.228","UtcTime":"2018-09-19 12:59:31.229","Image":"C:\\Program Files\\7-Zip\\7zG.exe","TargetFilename":"C:\\Users\\flare\\Downloads\\RTA-master\\red_ttp\\lateral_commands.py","ProcessId":"212","ProcessGuid":"{2D3B23BE-4832-5BA2-0000-001011390700}"},"@timestamp":"2018-09-19T12:59:31.229Z","log_name":"Microsoft-Windows-Sysmon/Operational","level":"Informationen","computer_name":"flare-PC","source_name":"Microsoft-Windows-Sysmon","process_id":1304,"provider_guid":"{5770385F-C22A-43E0-BF4C-06F5698FFBD9}","message":"File created:\nRuleName: \nUtcTime: 2018-09-19 12:59:31.229\nProcessGuid: {2D3B23BE-4832-5BA2-0000-001011390700}\nProcessId: 212\nImage: C:\\Program Files\\7-Zip\\7zG.exe\nTargetFilename: C:\\Users\\flare\\Downloads\\RTA-master\\red_ttp\\lateral_commands.py\nCreationUtcTime: 2018-09-19 12:59:31.228","@version":"1","beat":{"version":"6.4.0","name":"flare-PC","hostname":"flare-PC"},"tags":["beats_input_codec_plain_applied"],"task":"File created (rule: FileCreate)","record_number":"950","event_id":11,"version":2,"user":{"domain":"NT-AUTORITÄT","identifier":"S-1-5-18","type":"User","name":"SYSTEM"},"host":{"name":"flare-PC"},"type":"wineventlog","opcode":"Info"}
{"index":{"_index":"winlogbeat-6.4.0-2018.09.19","_type":"doc","_id":"oV_q8WUBfVn9xHWijzoV"}}
{"thread_id":1824,"event_data":{"LogonId":"0xe320","User":"flare-PC\\flare","UtcTime":"2018-09-19 12:59:30.898","Product":"7-Zip","Description":"7-Zip GUI","Image":"C:\\Program Files\\7-Zip\\7zG.exe","ParentProcessGuid":"{2D3B23BE-45D0-5BA2-0000-0010C3580100}","FileVersion":"18.05","Hashes":"MD5=6029519FF0CBAEAC5C0C218AE21C47DD,SHA256=21DE06307B89CC5700C1890BD705DEE3E2A5279302BEA0C04017750503666119","ParentCommandLine":"C:\\Windows\\Explorer.EXE","LogonGuid":"{2D3B23BE-45CC-5BA2-0000-002020E30000}","CommandLine":"\"C:\\Program Files\\7-Zip\\7zG.exe\" x -o\"C:\\Users\\flare\\Downloads\\RTA-master\\\" -spe -an -ai#7zMap32021:82:7zEvent22615","CurrentDirectory":"C:\\Windows\\system32\\","ProcessId":"212","ParentProcessId":"1692","IntegrityLevel":"Medium","Company":"Igor Pavlov","ParentImage":"C:\\Windows\\explorer.exe","TerminalSessionId":"1","ProcessGuid":"{2D3B23BE-4832-5BA2-0000-001011390700}"},"@timestamp":"2018-09-19T12:59:31.101Z","log_name":"Microsoft-Windows-Sysmon/Operational","level":"Informationen","computer_name":"flare-PC","source_name":"Microsoft-Windows-Sysmon","process_id":1304,"message":"Process Create:\nRuleName: \nUtcTime: 2018-09-19 12:59:30.898\nProcessGuid: {2D3B23BE-4832-5BA2-0000-001011390700}\nProcessId: 212\nImage: C:\\Program Files\\7-Zip\\7zG.exe\nFileVersion: 18.05\nDescription: 7-Zip GUI\nProduct: 7-Zip\nCompany: Igor Pavlov\nCommandLine: \"C:\\Program Files\\7-Zip\\7zG.exe\" x -o\"C:\\Users\\flare\\Downloads\\RTA-master\\\" -spe -an -ai#7zMap32021:82:7zEvent22615\nCurrentDirectory: C:\\Windows\\system32\\\nUser: flare-PC\\flare\nLogonGuid: {2D3B23BE-45CC-5BA2-0000-002020E30000}\nLogonId: 0xe320\nTerminalSessionId: 1\nIntegrityLevel: Medium\nHashes: MD5=6029519FF0CBAEAC5C0C218AE21C47DD,SHA256=21DE06307B89CC5700C1890BD705DEE3E2A5279302BEA0C04017750503666119\nParentProcessGuid: {2D3B23BE-45D0-5BA2-0000-0010C3580100}\nParentProcessId: 1692\nParentImage: C:\\Windows\\explorer.exe\nParentCommandLine: C:\\Windows\\Explorer.EXE","@version":"1","provider_guid":"{5770385F-C22A-43E0-BF4C-06F5698FFBD9}","beat":{"version":"6.4.0","name":"flare-PC","hostname":"flare-PC"},"tags":["beats_input_codec_plain_applied"],"task":"Process Create (rule: ProcessCreate)","type":"wineventlog","record_number":"909","event_id":1,"user":{"domain":"NT-AUTORITÄT","identifier":"S-1-5-18","type":"User","name":"SYSTEM"},"host":{"name":"flare-PC"},"version":5,"opcode":"Info"}
{"index":{"_index":"winlogbeat-6.4.0-2018.09.19","_type":"doc","_id":"o1_q8WUBfVn9xHWijzoV"}}
{"thread_id":1824,"event_data":{"CreationUtcTime":"2018-09-19 12:59:31.132","UtcTime":"2018-09-19 12:59:31.132","Image":"C:\\Program Files\\7-Zip\\7zG.exe","TargetFilename":"C:\\Users\\flare\\Downloads\\RTA-master\\red_ttp\\at_command.py","ProcessId":"212","ProcessGuid":"{2D3B23BE-4832-5BA2-0000-001011390700}"},"@timestamp":"2018-09-19T12:59:31.132Z","log_name":"Microsoft-Windows-Sysmon/Operational","level":"Informationen","computer_name":"flare-PC","source_name":"Microsoft-Windows-Sysmon","process_id":1304,"provider_guid":"{5770385F-C22A-43E0-BF4C-06F5698FFBD9}","message":"File created:\nRuleName: \nUtcTime: 2018-09-19 12:59:31.132\nProcessGuid: {2D3B23BE-4832-5BA2-0000-001011390700}\nProcessId: 212\nImage: C:\\Program Files\\7-Zip\\7zG.exe\nTargetFilename: C:\\Users\\flare\\Downloads\\RTA-master\\red_ttp\\at_command.py\nCreationUtcTime: 2018-09-19 12:59:31.132","@version":"1","beat":{"version":"6.4.0","name":"flare-PC","hostname":"flare-PC"},"tags":["beats_input_codec_plain_applied"],"task":"File created (rule: FileCreate)","event_id":11,"type":"wineventlog","host":{"name":"flare-PC"},"version":2,"record_number":"917","user":{"name":"SYSTEM","domain":"NT-AUTORITÄT","type":"User","identifier":"S-1-5-18"},"opcode":"Info"}
{"index":{"_index":"winlogbeat-6.4.0-2018.09.19","_type":"doc","_id":"p1_q8WUBfVn9xHWijzoV"}}
{"thread_id":1824,"event_data":{"CreationUtcTime":"2018-09-19 12:59:31.179","UtcTime":"2018-09-19 12:59:31.179","Image":"C:\\Program Files\\7-Zip\\7zG.exe","TargetFilename":"C:\\Users\\flare\\Downloads\\RTA-master\\red_ttp\\bin\\mydotnet.exe","ProcessId":"212","ProcessGuid":"{2D3B23BE-4832-5BA2-0000-001011390700}"},"@timestamp":"2018-09-19T12:59:31.179Z","log_name":"Microsoft-Windows-Sysmon/Operational","level":"Informationen","computer_name":"flare-PC","source_name":"Microsoft-Windows-Sysmon","process_id":1304,"message":"File created:\nRuleName: \nUtcTime: 2018-09-19 12:59:31.179\nProcessGuid: {2D3B23BE-4832-5BA2-0000-001011390700}\nProcessId: 212\nImage: C:\\Program Files\\7-Zip\\7zG.exe\nTargetFilename: C:\\Users\\flare\\Downloads\\RTA-master\\red_ttp\\bin\\mydotnet.exe\nCreationUtcTime: 2018-09-19 12:59:31.179","@version":"1","provider_guid":"{5770385F-C22A-43E0-BF4C-06F5698FFBD9}","beat":{"version":"6.4.0","name":"flare-PC","hostname":"flare-PC"},"tags":["beats_input_codec_plain_applied"],"task":"File created (rule: FileCreate)","record_number":"933","event_id":11,"host":{"name":"flare-PC"},"version":2,"user":{"name":"SYSTEM","identifier":"S-1-5-18","type":"User","domain":"NT-AUTORITÄT"},"type":"wineventlog","opcode":"Info"}
{"index":{"_index":"winlogbeat-6.4.0-2018.09.19","_type":"doc","_id":"qV_q8WUBfVn9xHWijzoV"}}
{"thread_id":1824,"event_data":{"CreationUtcTime":"2018-09-19 12:59:31.195","UtcTime":"2018-09-19 12:59:31.210","Image":"C:\\Program Files\\7-Zip\\7zG.exe","TargetFilename":"C:\\Users\\flare\\Downloads\\RTA-master\\red_ttp\\certutil_webrequest.py","ProcessId":"212","ProcessGuid":"{2D3B23BE-4832-5BA2-0000-001011390700}"},"@timestamp":"2018-09-19T12:59:31.210Z","log_name":"Microsoft-Windows-Sysmon/Operational","level":"Informationen","computer_name":"flare-PC","source_name":"Microsoft-Windows-Sysmon","process_id":1304,"provider_guid":"{5770385F-C22A-43E0-BF4C-06F5698FFBD9}","message":"File created:\nRuleName: \nUtcTime: 2018-09-19 12:59:31.210\nProcessGuid: {2D3B23BE-4832-5BA2-0000-001011390700}\nProcessId: 212\nImage: C:\\Program Files\\7-Zip\\7zG.exe\nTargetFilename: C:\\Users\\flare\\Downloads\\RTA-master\\red_ttp\\certutil_webrequest.py\nCreationUtcTime: 2018-09-19 12:59:31.195","@version":"1","beat":{"version":"6.4.0","name":"flare-PC","hostname":"flare-PC"},"tags":["beats_input_codec_plain_applied"],"task":"File created (rule: FileCreate)","event_id":11,"type":"wineventlog","host":{"name":"flare-PC"},"user":{"domain":"NT-AUTORITÄT","identifier":"S-1-5-18","type":"User","name":"SYSTEM"},"version":2,"record_number":"941","opcode":"Info"}
{"index":{"_index":"winlogbeat-6.4.0-2018.09.19","_type":"doc","_id":"ql_q8WUBfVn9xHWijzoV"}}
{"thread_id":1824,"event_data":{"CreationUtcTime":"2018-09-19 12:59:31.210","UtcTime":"2018-09-19 12:59:31.210","Image":"C:\\Program Files\\7-Zip\\7zG.exe","TargetFilename":"C:\\Users\\flare\\Downloads\\RTA-master\\red_ttp\\delete_volume_shadows.py","ProcessId":"212","ProcessGuid":"{2D3B23BE-4832-5BA2-0000-001011390700}"},"@timestamp":"2018-09-19T12:59:31.210Z","log_name":"Microsoft-Windows-Sysmon/Operational","level":"Informationen","computer_name":"flare-PC","source_name":"Microsoft-Windows-Sysmon","process_id":1304,"@version":"1","provider_guid":"{5770385F-C22A-43E0-BF4C-06F5698FFBD9}","message":"File created:\nRuleName: \nUtcTime: 2018-09-19 12:59:31.210\nProcessGuid: {2D3B23BE-4832-5BA2-0000-001011390700}\nProcessId: 212\nImage: C:\\Program Files\\7-Zip\\7zG.exe\nTargetFilename: C:\\Users\\flare\\Downloads\\RTA-master\\red_ttp\\delete_volume_shadows.py\nCreationUtcTime: 2018-09-19 12:59:31.210","beat":{"version":"6.4.0","name":"flare-PC","hostname":"flare-PC"},"tags":["beats_input_codec_plain_applied"],"task":"File created (rule: FileCreate)","record_number":"945","event_id":11,"version":2,"host":{"name":"flare-PC"},"user":{"name":"SYSTEM","domain":"NT-AUTORITÄT","type":"User","identifier":"S-1-5-18"},"type":"wineventlog","opcode":"Info"}
{"index":{"_index":"winlogbeat-6.4.0-2018.09.19","_type":"doc","_id":"q1_q8WUBfVn9xHWijzoV"}}
{"thread_id":1824,"event_data":{"CreationUtcTime":"2018-09-19 12:59:31.226","UtcTime":"2018-09-19 12:59:31.228","Image":"C:\\Program Files\\7-Zip\\7zG.exe","TargetFilename":"C:\\Users\\flare\\Downloads\\RTA-master\\red_ttp\\installutil_network.py","ProcessId":"212","ProcessGuid":"{2D3B23BE-4832-5BA2-0000-001011390700}"},"@timestamp":"2018-09-19T12:59:31.228Z","log_name":"Microsoft-Windows-Sysmon/Operational","level":"Informationen","computer_name":"flare-PC","source_name":"Microsoft-Windows-Sysmon","process_id":1304,"message":"File created:\nRuleName: \nUtcTime: 2018-09-19 12:59:31.228\nProcessGuid: {2D3B23BE-4832-5BA2-0000-001011390700}\nProcessId: 212\nImage: C:\\Program Files\\7-Zip\\7zG.exe\nTargetFilename: C:\\Users\\flare\\Downloads\\RTA-master\\red_ttp\\installutil_network.py\nCreationUtcTime: 2018-09-19 12:59:31.226","@version":"1","provider_guid":"{5770385F-C22A-43E0-BF4C-06F5698FFBD9}","beat":{"version":"6.4.0","name":"flare-PC","hostname":"flare-PC"},"tags":["beats_input_codec_plain_applied"],"task":"File created (rule: FileCreate)","type":"wineventlog","event_id":11,"host":{"name":"flare-PC"},"record_number":"949","version":2,"user":{"name":"SYSTEM","domain":"NT-AUTORITÄT","type":"User","identifier":"S-1-5-18"},"opcode":"Info"}
{"index":{"_index":"winlogbeat-6.4.0-2018.09.19","_type":"doc","_id":"rF_q8WUBfVn9xHWijzoV"}}
{"thread_id":1824,"event_data":{"CreationUtcTime":"2018-09-19 12:59:31.291","UtcTime":"2018-09-19 12:59:31.291","Image":"C:\\Program Files\\7-Zip\\7zG.exe","TargetFilename":"C:\\Users\\flare\\Downloads\\RTA-master\\red_ttp\\msiexec_http_installer.py","ProcessId":"212","ProcessGuid":"{2D3B23BE-4832-5BA2-0000-001011390700}"},"@timestamp":"2018-09-19T12:59:31.291Z","log_name":"Microsoft-Windows-Sysmon/Operational","level":"Informationen","computer_name":"flare-PC","source_name":"Microsoft-Windows-Sysmon","process_id":1304,"@version":"1","message":"File created:\nRuleName: \nUtcTime: 2018-09-19 12:59:31.291\nProcessGuid: {2D3B23BE-4832-5BA2-0000-001011390700}\nProcessId: 212\nImage: C:\\Program Files\\7-Zip\\7zG.exe\nTargetFilename: C:\\Users\\flare\\Downloads\\RTA-master\\red_ttp\\msiexec_http_installer.py\nCreationUtcTime: 2018-09-19 12:59:31.291","provider_guid":"{5770385F-C22A-43E0-BF4C-06F5698FFBD9}","beat":{"version":"6.4.0","name":"flare-PC","hostname":"flare-PC"},"tags":["beats_input_codec_plain_applied"],"type":"wineventlog","event_id":11,"record_number":"953","version":2,"user":{"name":"SYSTEM","domain":"NT-AUTORITÄT","type":"User","identifier":"S-1-5-18"},"host":{"name":"flare-PC"},"task":"File created (rule: FileCreate)","opcode":"Info"}
{"index":{"_index":"winlogbeat-6.4.0-2018.09.19","_type":"doc","_id":"rl_q8WUBfVn9xHWijzoV"}}
{"thread_id":1824,"event_data":{"CreationUtcTime":"2018-09-19 12:59:31.312","UtcTime":"2018-09-19 12:59:31.312","Image":"C:\\Program Files\\7-Zip\\7zG.exe","TargetFilename":"C:\\Users\\flare\\Downloads\\RTA-master\\red_ttp\\recycle_bin_process.py","ProcessId":"212","ProcessGuid":"{2D3B23BE-4832-5BA2-0000-001011390700}"},"@timestamp":"2018-09-19T12:59:31.312Z","log_name":"Microsoft-Windows-Sysmon/Operational","level":"Informationen","computer_name":"flare-PC","source_name":"Microsoft-Windows-Sysmon","process_id":1304,"message":"File created:\nRuleName: \nUtcTime: 2018-09-19 12:59:31.312\nProcessGuid: {2D3B23BE-4832-5BA2-0000-001011390700}\nProcessId: 212\nImage: C:\\Program Files\\7-Zip\\7zG.exe\nTargetFilename: C:\\Users\\flare\\Downloads\\RTA-master\\red_ttp\\recycle_bin_process.py\nCreationUtcTime: 2018-09-19 12:59:31.312","@version":"1","provider_guid":"{5770385F-C22A-43E0-BF4C-06F5698FFBD9}","beat":{"version":"6.4.0","name":"flare-PC","hostname":"flare-PC"},"tags":["beats_input_codec_plain_applied"],"type":"wineventlog","record_number":"961","event_id":11,"host":{"name":"flare-PC"},"user":{"name":"SYSTEM","identifier":"S-1-5-18","domain":"NT-AUTORITÄT","type":"User"},"version":2,"task":"File created (rule: FileCreate)","opcode":"Info"}
{"index":{"_index":"winlogbeat-6.4.0-2018.09.19","_type":"doc","_id":"s1_q8WUBfVn9xHWijzoV"}}
{"thread_id":1824,"event_data":{"CreationUtcTime":"2018-09-19 12:59:31.343","UtcTime":"2018-09-19 12:59:31.343","Image":"C:\\Program Files\\7-Zip\\7zG.exe","TargetFilename":"C:\\Users\\flare\\Downloads\\RTA-master\\red_ttp\\wmi_tool_execution.py","ProcessId":"212","ProcessGuid":"{2D3B23BE-4832-5BA2-0000-001011390700}"},"@timestamp":"2018-09-19T12:59:31.343Z","log_name":"Microsoft-Windows-Sysmon/Operational","level":"Informationen","computer_name":"flare-PC","source_name":"Microsoft-Windows-Sysmon","process_id":1304,"provider_guid":"{5770385F-C22A-43E0-BF4C-06F5698FFBD9}","message":"File created:\nRuleName: \nUtcTime: 2018-09-19 12:59:31.343\nProcessGuid: {2D3B23BE-4832-5BA2-0000-001011390700}\nProcessId: 212\nImage: C:\\Program Files\\7-Zip\\7zG.exe\nTargetFilename: C:\\Users\\flare\\Downloads\\RTA-master\\red_ttp\\wmi_tool_execution.py\nCreationUtcTime: 2018-09-19 12:59:31.343","@version":"1","beat":{"version":"6.4.0","name":"flare-PC","hostname":"flare-PC"},"tags":["beats_input_codec_plain_applied"],"task":"File created (rule: FileCreate)","record_number":"981","type":"wineventlog","version":2,"host":{"name":"flare-PC"},"event_id":11,"user":{"name":"SYSTEM","identifier":"S-1-5-18","type":"User","domain":"NT-AUTORITÄT"},"opcode":"Info"}
{"index":{"_index":"winlogbeat-6.4.0-2018.09.19","_type":"doc","_id":"tl_q8WUBfVn9xHWijzoX"}}
{"thread_id":1824,"event_data":{"CreationUtcTime":"2018-09-19 12:59:31.132","UtcTime":"2018-09-19 12:59:31.132","Image":"C:\\Program Files\\7-Zip\\7zG.exe","TargetFilename":"C:\\Users\\flare\\Downloads\\RTA-master\\red_ttp\\bin\\BadTasks.csproj","ProcessId":"212","ProcessGuid":"{2D3B23BE-4832-5BA2-0000-001011390700}"},"@timestamp":"2018-09-19T12:59:31.132Z","log_name":"Microsoft-Windows-Sysmon/Operational","level":"Informationen","computer_name":"flare-PC","source_name":"Microsoft-Windows-Sysmon","process_id":1304,"message":"File created:\nRuleName: \nUtcTime: 2018-09-19 12:59:31.132\nProcessGuid: {2D3B23BE-4832-5BA2-0000-001011390700}\nProcessId: 212\nImage: C:\\Program Files\\7-Zip\\7zG.exe\nTargetFilename: C:\\Users\\flare\\Downloads\\RTA-master\\red_ttp\\bin\\BadTasks.csproj\nCreationUtcTime: 2018-09-19 12:59:31.132","@version":"1","provider_guid":"{5770385F-C22A-43E0-BF4C-06F5698FFBD9}","beat":{"version":"6.4.0","name":"flare-PC","hostname":"flare-PC"},"tags":["beats_input_codec_plain_applied"],"type":"wineventlog","event_id":11,"task":"File created (rule: FileCreate)","host":{"name":"flare-PC"},"version":2,"user":{"name":"SYSTEM","domain":"NT-AUTORITÄT","type":"User","identifier":"S-1-5-18"},"record_number":"919","opcode":"Info"}
{"index":{"_index":"winlogbeat-6.4.0-2018.09.19","_type":"doc","_id":"t1_q8WUBfVn9xHWijzoX"}}
{"thread_id":1824,"event_data":{"CreationUtcTime":"2018-09-19 12:59:31.148","UtcTime":"2018-09-19 12:59:31.148","Image":"C:\\Program Files\\7-Zip\\7zG.exe","TargetFilename":"C:\\Users\\flare\\Downloads\\RTA-master\\red_ttp\\bin\\TrustProvider32.dll","ProcessId":"212","ProcessGuid":"{2D3B23BE-4832-5BA2-0000-001011390700}"},"@timestamp":"2018-09-19T12:59:31.148Z","log_name":"Microsoft-Windows-Sysmon/Operational","level":"Informationen","computer_name":"flare-PC","source_name":"Microsoft-Windows-Sysmon","process_id":1304,"message":"File created:\nRuleName: \nUtcTime: 2018-09-19 12:59:31.148\nProcessGuid: {2D3B23BE-4832-5BA2-0000-001011390700}\nProcessId: 212\nImage: C:\\Program Files\\7-Zip\\7zG.exe\nTargetFilename: C:\\Users\\flare\\Downloads\\RTA-master\\red_ttp\\bin\\TrustProvider32.dll\nCreationUtcTime: 2018-09-19 12:59:31.148","@version":"1","provider_guid":"{5770385F-C22A-43E0-BF4C-06F5698FFBD9}","beat":{"version":"6.4.0","name":"flare-PC","hostname":"flare-PC"},"tags":["beats_input_codec_plain_applied"],"task":"File created (rule: FileCreate)","type":"wineventlog","record_number":"923","version":2,"host":{"name":"flare-PC"},"event_id":11,"user":{"domain":"NT-AUTORITÄT","identifier":"S-1-5-18","type":"User","name":"SYSTEM"},"opcode":"Info"}
{"index":{"_index":"winlogbeat-6.4.0-2018.09.19","_type":"doc","_id":"uF_q8WUBfVn9xHWijzoX"}}
{"thread_id":1824,"event_data":{"CreationUtcTime":"2018-09-19 12:59:31.179","UtcTime":"2018-09-19 12:59:31.179","Image":"C:\\Program Files\\7-Zip\\7zG.exe","TargetFilename":"C:\\Users\\flare\\Downloads\\RTA-master\\red_ttp\\bin\\cscript.xsl","ProcessId":"212","ProcessGuid":"{2D3B23BE-4832-5BA2-0000-001011390700}"},"@timestamp":"2018-09-19T12:59:31.179Z","log_name":"Microsoft-Windows-Sysmon/Operational","level":"Informationen","computer_name":"flare-PC","source_name":"Microsoft-Windows-Sysmon","process_id":1304,"@version":"1","provider_guid":"{5770385F-C22A-43E0-BF4C-06F5698FFBD9}","message":"File created:\nRuleName: \nUtcTime: 2018-09-19 12:59:31.179\nProcessGuid: {2D3B23BE-4832-5BA2-0000-001011390700}\nProcessId: 212\nImage: C:\\Program Files\\7-Zip\\7zG.exe\nTargetFilename: C:\\Users\\flare\\Downloads\\RTA-master\\red_ttp\\bin\\cscript.xsl\nCreationUtcTime: 2018-09-19 12:59:31.179","beat":{"version":"6.4.0","name":"flare-PC","hostname":"flare-PC"},"tags":["beats_input_codec_plain_applied"],"type":"wineventlog","event_id":11,"task":"File created (rule: FileCreate)","record_number":"927","user":{"name":"SYSTEM","identifier":"S-1-5-18","type":"User","domain":"NT-AUTORITÄT"},"version":2,"host":{"name":"flare-PC"},"opcode":"Info"}
{"index":{"_index":"winlogbeat-6.4.0-2018.09.19","_type":"doc","_id":"uV_q8WUBfVn9xHWijzoX"}}
{"thread_id":1824,"event_data":{"CreationUtcTime":"2018-09-19 12:59:31.179","UtcTime":"2018-09-19 12:59:31.179","Image":"C:\\Program Files\\7-Zip\\7zG.exe","TargetFilename":"C:\\Users\\flare\\Downloads\\RTA-master\\red_ttp\\bin\\mydll.dll","ProcessId":"212","ProcessGuid":"{2D3B23BE-4832-5BA2-0000-001011390700}"},"@timestamp":"2018-09-19T12:59:31.179Z","log_name":"Microsoft-Windows-Sysmon/Operational","level":"Informationen","computer_name":"flare-PC","source_name":"Microsoft-Windows-Sysmon","process_id":1304,"message":"File created:\nRuleName: \nUtcTime: 2018-09-19 12:59:31.179\nProcessGuid: {2D3B23BE-4832-5BA2-0000-001011390700}\nProcessId: 212\nImage: C:\\Program Files\\7-Zip\\7zG.exe\nTargetFilename: C:\\Users\\flare\\Downloads\\RTA-master\\red_ttp\\bin\\mydll.dll\nCreationUtcTime: 2018-09-19 12:59:31.179","@version":"1","provider_guid":"{5770385F-C22A-43E0-BF4C-06F5698FFBD9}","beat":{"version":"6.4.0","name":"flare-PC","hostname":"flare-PC"},"tags":["beats_input_codec_plain_applied"],"task":"File created (rule: FileCreate)","record_number":"931","event_id":11,"type":"wineventlog","host":{"name":"flare-PC"},"version":2,"user":{"name":"SYSTEM","domain":"NT-AUTORITÄT","type":"User","identifier":"S-1-5-18"},"opcode":"Info"}
{"index":{"_index":"winlogbeat-6.4.0-2018.09.19","_type":"doc","_id":"wF_q8WUBfVn9xHWijzoX"}}
{"thread_id":1824,"event_data":{"CreationUtcTime":"2018-09-19 12:59:31.312","UtcTime":"2018-09-19 12:59:31.312","Image":"C:\\Program Files\\7-Zip\\7zG.exe","TargetFilename":"C:\\Users\\flare\\Downloads\\RTA-master\\red_ttp\\process_extension_anomalies.py","ProcessId":"212","ProcessGuid":"{2D3B23BE-4832-5BA2-0000-001011390700}"},"@timestamp":"2018-09-19T12:59:31.312Z","log_name":"Microsoft-Windows-Sysmon/Operational","level":"Informationen","computer_name":"flare-PC","source_name":"Microsoft-Windows-Sysmon","process_id":1304,"@version":"1","provider_guid":"{5770385F-C22A-43E0-BF4C-06F5698FFBD9}","message":"File created:\nRuleName: \nUtcTime: 2018-09-19 12:59:31.312\nProcessGuid: {2D3B23BE-4832-5BA2-0000-001011390700}\nProcessId: 212\nImage: C:\\Program Files\\7-Zip\\7zG.exe\nTargetFilename: C:\\Users\\flare\\Downloads\\RTA-master\\red_ttp\\process_extension_anomalies.py\nCreationUtcTime: 2018-09-19 12:59:31.312","beat":{"version":"6.4.0","name":"flare-PC","hostname":"flare-PC"},"tags":["beats_input_codec_plain_applied"],"task":"File created (rule: FileCreate)","record_number":"959","type":"wineventlog","event_id":11,"user":{"name":"SYSTEM","identifier":"S-1-5-18","type":"User","domain":"NT-AUTORITÄT"},"version":2,"host":{"name":"flare-PC"},"opcode":"Info"}
{"index":{"_index":"winlogbeat-6.4.0-2018.09.19","_type":"doc","_id":"xV_q8WUBfVn9xHWijzoX"}}
{"thread_id":1824,"event_data":{"CreationUtcTime":"2018-09-19 12:59:31.343","UtcTime":"2018-09-19 12:59:31.343","Image":"C:\\Program Files\\7-Zip\\7zG.exe","TargetFilename":"C:\\Users\\flare\\Downloads\\RTA-master\\red_ttp\\user_dir_escalation.py","ProcessId":"212","ProcessGuid":"{2D3B23BE-4832-5BA2-0000-001011390700}"},"@timestamp":"2018-09-19T12:59:31.343Z","log_name":"Microsoft-Windows-Sysmon/Operational","level":"Informationen","computer_name":"flare-PC","source_name":"Microsoft-Windows-Sysmon","process_id":1304,"message":"File created:\nRuleName: \nUtcTime: 2018-09-19 12:59:31.343\nProcessGuid: {2D3B23BE-4832-5BA2-0000-001011390700}\nProcessId: 212\nImage: C:\\Program Files\\7-Zip\\7zG.exe\nTargetFilename: C:\\Users\\flare\\Downloads\\RTA-master\\red_ttp\\user_dir_escalation.py\nCreationUtcTime: 2018-09-19 12:59:31.343","@version":"1","provider_guid":"{5770385F-C22A-43E0-BF4C-06F5698FFBD9}","beat":{"version":"6.4.0","name":"flare-PC","hostname":"flare-PC"},"tags":["beats_input_codec_plain_applied"],"task":"File created (rule: FileCreate)","event_id":11,"type":"wineventlog","host":{"name":"flare-PC"},"version":2,"user":{"name":"SYSTEM","domain":"NT-AUTORITÄT","type":"User","identifier":"S-1-5-18"},"record_number":"979","opcode":"Info"}
{"index":{"_index":"winlogbeat-6.4.0-2018.09.19","_type":"doc","_id":"xl_q8WUBfVn9xHWijzoY"}}
{"thread_id":1824,"event_data":{"CreationUtcTime":"2018-09-19 12:59:31.132","UtcTime":"2018-09-19 12:59:31.132","Image":"C:\\Program Files\\7-Zip\\7zG.exe","TargetFilename":"C:\\Users\\flare\\Downloads\\RTA-master\\README.md","ProcessId":"212","ProcessGuid":"{2D3B23BE-4832-5BA2-0000-001011390700}"},"@timestamp":"2018-09-19T12:59:31.132Z","log_name":"Microsoft-Windows-Sysmon/Operational","level":"Informationen","computer_name":"flare-PC","source_name":"Microsoft-Windows-Sysmon","process_id":1304,"message":"File created:\nRuleName: \nUtcTime: 2018-09-19 12:59:31.132\nProcessGuid: {2D3B23BE-4832-5BA2-0000-001011390700}\nProcessId: 212\nImage: C:\\Program Files\\7-Zip\\7zG.exe\nTargetFilename: C:\\Users\\flare\\Downloads\\RTA-master\\README.md\nCreationUtcTime: 2018-09-19 12:59:31.132","@version":"1","provider_guid":"{5770385F-C22A-43E0-BF4C-06F5698FFBD9}","beat":{"version":"6.4.0","name":"flare-PC","hostname":"flare-PC"},"tags":["beats_input_codec_plain_applied"],"type":"wineventlog","record_number":"912","task":"File created (rule: FileCreate)","host":{"name":"flare-PC"},"version":2,"user":{"name":"SYSTEM","domain":"NT-AUTORITÄT","type":"User","identifier":"S-1-5-18"},"event_id":11,"opcode":"Info"}
{"index":{"_index":"winlogbeat-6.4.0-2018.09.19","_type":"doc","_id":"yV_q8WUBfVn9xHWijzoY"}}
{"thread_id":1824,"event_data":{"CreationUtcTime":"2018-09-19 12:59:31.164","UtcTime":"2018-09-19 12:59:31.164","Image":"C:\\Program Files\\7-Zip\\7zG.exe","TargetFilename":"C:\\Users\\flare\\Downloads\\RTA-master\\red_ttp\\bin\\TrustProvider64.dll","ProcessId":"212","ProcessGuid":"{2D3B23BE-4832-5BA2-0000-001011390700}"},"@timestamp":"2018-09-19T12:59:31.164Z","log_name":"Microsoft-Windows-Sysmon/Operational","level":"Informationen","computer_name":"flare-PC","source_name":"Microsoft-Windows-Sysmon","process_id":1304,"@version":"1","provider_guid":"{5770385F-C22A-43E0-BF4C-06F5698FFBD9}","message":"File created:\nRuleName: \nUtcTime: 2018-09-19 12:59:31.164\nProcessGuid: {2D3B23BE-4832-5BA2-0000-001011390700}\nProcessId: 212\nImage: C:\\Program Files\\7-Zip\\7zG.exe\nTargetFilename: C:\\Users\\flare\\Downloads\\RTA-master\\red_ttp\\bin\\TrustProvider64.dll\nCreationUtcTime: 2018-09-19 12:59:31.164","beat":{"version":"6.4.0","name":"flare-PC","hostname":"flare-PC"},"tags":["beats_input_codec_plain_applied"],"task":"File created (rule: FileCreate)","record_number":"924","type":"wineventlog","event_id":11,"user":{"name":"SYSTEM","identifier":"S-1-5-18","domain":"NT-AUTORITÄT","type":"User"},"host":{"name":"flare-PC"},"version":2,"opcode":"Info"}
{"index":{"_index":"winlogbeat-6.4.0-2018.09.19","_type":"doc","_id":"1F_q8WUBfVn9xHWijzoY"}}
{"thread_id":1824,"event_data":{"CreationUtcTime":"2018-09-19 12:59:31.343","UtcTime":"2018-09-19 12:59:31.343","Image":"C:\\Program Files\\7-Zip\\7zG.exe","TargetFilename":"C:\\Users\\flare\\Downloads\\RTA-master\\red_ttp\\scrobj_com_hijack.py","ProcessId":"212","ProcessGuid":"{2D3B23BE-4832-5BA2-0000-001011390700}"},"@timestamp":"2018-09-19T12:59:31.343Z","log_name":"Microsoft-Windows-Sysmon/Operational","level":"Informationen","computer_name":"flare-PC","source_name":"Microsoft-Windows-Sysmon","process_id":1304,"provider_guid":"{5770385F-C22A-43E0-BF4C-06F5698FFBD9}","message":"File created:\nRuleName: \nUtcTime: 2018-09-19 12:59:31.343\nProcessGuid: {2D3B23BE-4832-5BA2-0000-001011390700}\nProcessId: 212\nImage: C:\\Program Files\\7-Zip\\7zG.exe\nTargetFilename: C:\\Users\\flare\\Downloads\\RTA-master\\red_ttp\\scrobj_com_hijack.py\nCreationUtcTime: 2018-09-19 12:59:31.343","@version":"1","beat":{"version":"6.4.0","name":"flare-PC","hostname":"flare-PC"},"tags":["beats_input_codec_plain_applied"],"task":"File created (rule: FileCreate)","record_number":"968","event_id":11,"version":2,"user":{"name":"SYSTEM","identifier":"S-1-5-18","domain":"NT-AUTORITÄT","type":"User"},"host":{"name":"flare-PC"},"type":"wineventlog","opcode":"Info"}
{"index":{"_index":"winlogbeat-6.4.0-2018.09.19","_type":"doc","_id":"1l_q8WUBfVn9xHWijzoY"}}
{"thread_id":1824,"event_data":{"CreationUtcTime":"2018-09-19 12:59:31.343","UtcTime":"2018-09-19 12:59:31.343","Image":"C:\\Program Files\\7-Zip\\7zG.exe","TargetFilename":"C:\\Users\\flare\\Downloads\\RTA-master\\red_ttp\\unusual_ms_tool_network.py","ProcessId":"212","ProcessGuid":"{2D3B23BE-4832-5BA2-0000-001011390700}"},"@timestamp":"2018-09-19T12:59:31.343Z","log_name":"Microsoft-Windows-Sysmon/Operational","level":"Informationen","computer_name":"flare-PC","source_name":"Microsoft-Windows-Sysmon","process_id":1304,"@version":"1","provider_guid":"{5770385F-C22A-43E0-BF4C-06F5698FFBD9}","message":"File created:\nRuleName: \nUtcTime: 2018-09-19 12:59:31.343\nProcessGuid: {2D3B23BE-4832-5BA2-0000-001011390700}\nProcessId: 212\nImage: C:\\Program Files\\7-Zip\\7zG.exe\nTargetFilename: C:\\Users\\flare\\Downloads\\RTA-master\\red_ttp\\unusual_ms_tool_network.py\nCreationUtcTime: 2018-09-19 12:59:31.343","beat":{"version":"6.4.0","name":"flare-PC","hostname":"flare-PC"},"tags":["beats_input_codec_plain_applied"],"type":"wineventlog","record_number":"976","event_id":11,"version":2,"user":{"name":"SYSTEM","identifier":"S-1-5-18","domain":"NT-AUTORITÄT","type":"User"},"task":"File created (rule: FileCreate)","host":{"name":"flare-PC"},"opcode":"Info"}
{"index":{"_index":"winlogbeat-6.4.0-2018.09.19","_type":"doc","_id":"hF_o8WUBfVn9xHWi7zpm"}}
{"thread_id":1824,"event_data":{"LogonId":"0x3e7","ParentProcessGuid":"{2D3B23BE-45CA-5BA2-0000-00104A5C0000}","UtcTime":"2018-09-19 12:57:48.792","Hashes":"MD5=31E27D80332A83C1417480F2119E9366,SHA256=4FBF73AC4A71B9E3D549D1C13FF09ED283DEA60FCA4E19C18E800527D30D2B54","Image":"C:\\Windows\\System32\\msiexec.exe","Description":"Windows® Installer","User":"NT-AUTORITÄT\\SYSTEM","FileVersion":"5.0.7600.16385 (win7_rtm.090713-1255)","ParentCommandLine":"C:\\Windows\\system32\\services.exe","ParentImage":"C:\\Windows\\System32\\services.exe","TerminalSessionId":"0","LogonGuid":"{2D3B23BE-45CA-5BA2-0000-0020E7030000}","ParentProcessId":"488","ProcessId":"3592","Company":"Microsoft Corporation","CommandLine":"C:\\Windows\\system32\\msiexec.exe /V","CurrentDirectory":"C:\\Windows\\system32\\","IntegrityLevel":"System","Product":"Windows Installer - Unicode","ProcessGuid":"{2D3B23BE-47CC-5BA2-0000-0010B3B70600}"},"@timestamp":"2018-09-19T12:57:48.792Z","log_name":"Microsoft-Windows-Sysmon/Operational","level":"Informationen","computer_name":"flare-PC","source_name":"Microsoft-Windows-Sysmon","process_id":1304,"@version":"1","message":"Process Create:\nRuleName: \nUtcTime: 2018-09-19 12:57:48.792\nProcessGuid: {2D3B23BE-47CC-5BA2-0000-0010B3B70600}\nProcessId: 3592\nImage: C:\\Windows\\System32\\msiexec.exe\nFileVersion: 5.0.7600.16385 (win7_rtm.090713-1255)\nDescription: Windows® Installer\nProduct: Windows Installer - Unicode\nCompany: Microsoft Corporation\nCommandLine: C:\\Windows\\system32\\msiexec.exe /V\nCurrentDirectory: C:\\Windows\\system32\\\nUser: NT-AUTORITÄT\\SYSTEM\nLogonGuid: {2D3B23BE-45CA-5BA2-0000-0020E7030000}\nLogonId: 0x3e7\nTerminalSessionId: 0\nIntegrityLevel: System\nHashes: MD5=31E27D80332A83C1417480F2119E9366,SHA256=4FBF73AC4A71B9E3D549D1C13FF09ED283DEA60FCA4E19C18E800527D30D2B54\nParentProcessGuid: {2D3B23BE-45CA-5BA2-0000-00104A5C0000}\nParentProcessId: 488\nParentImage: C:\\Windows\\System32\\services.exe\nParentCommandLine: C:\\Windows\\system32\\services.exe","provider_guid":"{5770385F-C22A-43E0-BF4C-06F5698FFBD9}","beat":{"version":"6.4.0","name":"flare-PC","hostname":"flare-PC"},"tags":["beats_input_codec_plain_applied"],"task":"Process Create (rule: ProcessCreate)","event_id":1,"record_number":"907","version":5,"user":{"name":"SYSTEM","identifier":"S-1-5-18","type":"User","domain":"NT-AUTORITÄT"},"type":"wineventlog","host":{"name":"flare-PC"},"opcode":"Info"}
{"index":{"_index":"winlogbeat-6.4.0-2018.09.19","_type":"doc","_id":"hV_o8WUBfVn9xHWi7zpo"}}
{"thread_id":580,"event_data":{"SubjectDomainName":"NT-AUTORITÄT","PrivilegeList":"SeAssignPrimaryTokenPrivilege\n\t\t\tSeTcbPrivilege\n\t\t\tSeSecurityPrivilege\n\t\t\tSeTakeOwnershipPrivilege\n\t\t\tSeLoadDriverPrivilege\n\t\t\tSeBackupPrivilege\n\t\t\tSeRestorePrivilege\n\t\t\tSeDebugPrivilege\n\t\t\tSeAuditPrivilege\n\t\t\tSeSystemEnvironmentPrivilege\n\t\t\tSeImpersonatePrivilege","SubjectUserName":"SYSTEM","SubjectUserSid":"S-1-5-18","SubjectLogonId":"0x3e7"},"@timestamp":"2018-09-19T12:57:48.792Z","log_name":"Security","keywords":["Überwachung erfolgreich"],"level":"Informationen","computer_name":"flare-PC","source_name":"Microsoft-Windows-Security-Auditing","process_id":512,"@version":"1","message":"Einer neuen Anmeldung wurden besondere Rechte zugewiesen.\n\nAntragsteller:\n\tSicherheits-ID:\t\tS-1-5-18\n\tKontoname:\t\tSYSTEM\n\tKontodomäne:\t\tNT-AUTORITÄT\n\tAnmelde-ID:\t\t0x3e7\n\nBerechtigungen:\t\tSeAssignPrimaryTokenPrivilege\n\t\t\tSeTcbPrivilege\n\t\t\tSeSecurityPrivilege\n\t\t\tSeTakeOwnershipPrivilege\n\t\t\tSeLoadDriverPrivilege\n\t\t\tSeBackupPrivilege\n\t\t\tSeRestorePrivilege\n\t\t\tSeDebugPrivilege\n\t\t\tSeAuditPrivilege\n\t\t\tSeSystemEnvironmentPrivilege\n\t\t\tSeImpersonatePrivilege","provider_guid":"{54849625-5478-4994-A5BA-3E3B0328C30D}","beat":{"version":"6.4.0","name":"flare-PC","hostname":"flare-PC"},"tags":["beats_input_codec_plain_applied"],"task":"Spezielle Anmeldung","record_number":"16740","event_id":4672,"host":{"name":"flare-PC"},"type":"wineventlog","opcode":"Info"}
{"index":{"_index":"winlogbeat-6.4.0-2018.09.19","_type":"doc","_id":"a1_k8WUBfVn9xHWiszpG"}}
{"thread_id":1824,"event_data":{"LogonId":"0xe320","Product":"Firefox","ParentProcessGuid":"{2D3B23BE-463E-5BA2-0000-001010000400}","Hashes":"MD5=FA64B4AEB420A6C292F877E90D0670A5,SHA256=377D3B741D8447B9BBD5F6FA700151A6CE8412CA15792BA4EAAA3174B1763BA4","Image":"C:\\Program Files\\Mozilla Firefox\\firefox.exe","Description":"Firefox","User":"flare-PC\\flare","FileVersion":"62.0","UtcTime":"2018-09-19 12:53:26.167","ParentCommandLine":"\"C:\\Program Files\\Mozilla Firefox\\firefox.exe\" ","TerminalSessionId":"1","CommandLine":"\"C:\\Program Files\\Mozilla Firefox\\firefox.exe\" -contentproc --channel=\"588.18.275068702\\249200244\" -childID 4 -isForBrowser -prefsHandle 2976 -prefsLen 12724 -schedulerPrefs 0001,2 -parentBuildID 20180830143136 -greomni \"C:\\Program Files\\Mozilla Firefox\\omni.ja\" -appomni \"C:\\Program Files\\Mozilla Firefox\\browser\\omni.ja\" -appdir \"C:\\Program Files\\Mozilla Firefox\\browser\" - 588 \"\\\\.\\pipe\\gecko-crash-server-pipe.588\" 3476 tab","ParentProcessId":"588","ProcessId":"3824","Company":"Mozilla Corporation","IntegrityLevel":"Low","CurrentDirectory":"C:\\Program Files\\Mozilla Firefox\\","LogonGuid":"{2D3B23BE-45CC-5BA2-0000-002020E30000}","ParentImage":"C:\\Program Files\\Mozilla Firefox\\firefox.exe","ProcessGuid":"{2D3B23BE-46C6-5BA2-0000-001080F20400}"},"@timestamp":"2018-09-19T12:53:26.167Z","log_name":"Microsoft-Windows-Sysmon/Operational","level":"Informationen","computer_name":"flare-PC","source_name":"Microsoft-Windows-Sysmon","process_id":1304,"message":"Process Create:\nRuleName: \nUtcTime: 2018-09-19 12:53:26.167\nProcessGuid: {2D3B23BE-46C6-5BA2-0000-001080F20400}\nProcessId: 3824\nImage: C:\\Program Files\\Mozilla Firefox\\firefox.exe\nFileVersion: 62.0\nDescription: Firefox\nProduct: Firefox\nCompany: Mozilla Corporation\nCommandLine: \"C:\\Program Files\\Mozilla Firefox\\firefox.exe\" -contentproc --channel=\"588.18.275068702\\249200244\" -childID 4 -isForBrowser -prefsHandle 2976 -prefsLen 12724 -schedulerPrefs 0001,2 -parentBuildID 20180830143136 -greomni \"C:\\Program Files\\Mozilla Firefox\\omni.ja\" -appomni \"C:\\Program Files\\Mozilla Firefox\\browser\\omni.ja\" -appdir \"C:\\Program Files\\Mozilla Firefox\\browser\" - 588 \"\\\\.\\pipe\\gecko-crash-server-pipe.588\" 3476 tab\nCurrentDirectory: C:\\Program Files\\Mozilla Firefox\\\nUser: flare-PC\\flare\nLogonGuid: {2D3B23BE-45CC-5BA2-0000-002020E30000}\nLogonId: 0xe320\nTerminalSessionId: 1\nIntegrityLevel: Low\nHashes: MD5=FA64B4AEB420A6C292F877E90D0670A5,SHA256=377D3B741D8447B9BBD5F6FA700151A6CE8412CA15792BA4EAAA3174B1763BA4\nParentProcessGuid: {2D3B23BE-463E-5BA2-0000-001010000400}\nParentProcessId: 588\nParentImage: C:\\Program Files\\Mozilla Firefox\\firefox.exe\nParentCommandLine: \"C:\\Program Files\\Mozilla Firefox\\firefox.exe\" ","@version":"1","provider_guid":"{5770385F-C22A-43E0-BF4C-06F5698FFBD9}","beat":{"version":"6.4.0","name":"flare-PC","hostname":"flare-PC"},"tags":["beats_input_codec_plain_applied"],"type":"wineventlog","record_number":"890","event_id":1,"version":5,"user":{"name":"SYSTEM","identifier":"S-1-5-18","type":"User","domain":"NT-AUTORITÄT"},"host":{"name":"flare-PC"},"task":"Process Create (rule: ProcessCreate)","opcode":"Info"}
