{"index":{"_index":"winlogbeat-6.4.0-2018.09.19","_type":"doc","_id":"pV_q8WUBfVn9xHWijzoV"}}
{"thread_id":1824,"event_data":{"CreationUtcTime":"2018-09-19 12:59:31.179","UtcTime":"2018-09-19 12:59:31.179","Image":"C:\\Program Files\\7-Zip\\7zG.exe","TargetFilename":"C:\\Users\\flare\\Downloads\\RTA-master\\red_ttp\\bin\\TrustProvider_LICENSE","ProcessId":"212","ProcessGuid":"{2D3B23BE-4832-5BA2-0000-001011390700}"},"@timestamp":"2018-09-19T12:59:31.179Z","log_name":"Microsoft-Windows-Sysmon/Operational","level":"Informationen","computer_name":"flare-PC","source_name":"Microsoft-Windows-Sysmon","process_id":1304,"message":"File created:\nRuleName: \nUtcTime: 2018-09-19 12:59:31.179\nProcessGuid: {2D3B23BE-4832-5BA2-0000-001011390700}\nProcessId: 212\nImage: C:\\Program Files\\7-Zip\\7zG.exe\nTargetFilename: C:\\Users\\flare\\Downloads\\RTA-master\\red_ttp\\bin\\TrustProvider_LICENSE\nCreationUtcTime: 2018-09-19 12:59:31.179","@version":"1","provider_guid":"{5770385F-C22A-43E0-BF4C-06F5698FFBD9}","beat":{"version":"6.4.0","name":"flare-PC","hostname":"flare-PC"},"tags":["beats_input_codec_plain_applied"],"task":"File created (rule: FileCreate)","type":"wineventlog","record_number":"925","host":{"name":"flare-PC"},"user":{"name":"SYSTEM","identifier":"S-1-5-18","type":"User","domain":"NT-AUTORITÄT"},"version":2,"event_id":11,"opcode":"Info"}
{"index":{"_index":"winlogbeat-6.4.0-2018.09.19","_type":"doc","_id":"qF_q8WUBfVn9xHWijzoV"}}
{"thread_id":1824,"event_data":{"CreationUtcTime":"2018-09-19 12:59:31.195","UtcTime":"2018-09-19 12:59:31.195","Image":"C:\\Program Files\\7-Zip\\7zG.exe","TargetFilename":"C:\\Users\\flare\\Downloads\\RTA-master\\red_ttp\\bin\\notepad.sct","ProcessId":"212","ProcessGuid":"{2D3B23BE-4832-5BA2-0000-001011390700}"},"@timestamp":"2018-09-19T12:59:31.195Z","log_name":"Microsoft-Windows-Sysmon/Operational","level":"Informationen","computer_name":"flare-PC","source_name":"Microsoft-Windows-Sysmon","process_id":1304,"@version":"1","provider_guid":"{5770385F-C22A-43E0-BF4C-06F5698FFBD9}","message":"File created:\nRuleName: \nUtcTime: 2018-09-19 12:59:31.195\nProcessGuid: {2D3B23BE-4832-5BA2-0000-001011390700}\nProcessId: 212\nImage: C:\\Program Files\\7-Zip\\7zG.exe\nTargetFilename: C:\\Users\\flare\\Downloads\\RTA-master\\red_ttp\\bin\\notepad.sct\nCreationUtcTime: 2018-09-19 12:59:31.195","beat":{"version":"6.4.0","name":"flare-PC","hostname":"flare-PC"},"tags":["beats_input_codec_plain_applied"],"type":"wineventlog","record_number":"937","task":"File created (rule: FileCreate)","version":2,"host":{"name":"flare-PC"},"user":{"domain":"NT-AUTORITÄT","identifier":"S-1-5-18","type":"User","name":"SYSTEM"},"event_id":11,"opcode":"Info"}
{"index":{"_index":"winlogbeat-6.4.0-2018.09.19","_type":"doc","_id":"rV_q8WUBfVn9xHWijzoV"}}
{"thread_id":1824,"event_data":{"CreationUtcTime":"2018-09-19 12:59:31.312","UtcTime":"2018-09-19 12:59:31.312","Image":"C:\\Program Files\\7-Zip\\7zG.exe","TargetFilename":"C:\\Users\\flare\\Downloads\\RTA-master\\red_ttp\\persistent_scripts.py","ProcessId":"212","ProcessGuid":"{2D3B23BE-4832-5BA2-0000-001011390700}"},"@timestamp":"2018-09-19T12:59:31.312Z","log_name":"Microsoft-Windows-Sysmon/Operational","level":"Informationen","computer_name":"flare-PC","source_name":"Microsoft-Windows-Sysmon","process_id":1304,"message":"File created:\nRuleName: \nUtcTime: 2018-09-19 12:59:31.312\nProcessGuid: {2D3B23BE-4832-5BA2-0000-001011390700}\nProcessId: 212\nImage: C:\\Program Files\\7-Zip\\7zG.exe\nTargetFilename: C:\\Users\\flare\\Downloads\\RTA-master\\red_ttp\\persistent_scripts.py\nCreationUtcTime: 2018-09-19 12:59:31.312","@version":"1","provider_guid":"{5770385F-C22A-43E0-BF4C-06F5698FFBD9}","beat":{"version":"6.4.0","name":"flare-PC","hostname":"flare-PC"},"tags":["beats_input_codec_plain_applied"],"type":"wineventlog","event_id":11,"record_number":"957","host":{"name":"flare-PC"},"user":{"name":"SYSTEM","identifier":"S-1-5-18","domain":"NT-AUTORITÄT","type":"User"},"task":"File created (rule: FileCreate)","version":2,"opcode":"Info"}
{"index":{"_index":"winlogbeat-6.4.0-2018.09.19","_type":"doc","_id":"r1_q8WUBfVn9xHWijzoV"}}
{"thread_id":1824,"event_data":{"CreationUtcTime":"2018-09-19 12:59:31.328","UtcTime":"2018-09-19 12:59:31.328","Image":"C:\\Program Files\\7-Zip\\7zG.exe","TargetFilename":"C:\\Users\\flare\\Downloads\\RTA-master\\red_ttp\\rundll32_inf_callback.py","ProcessId":"212","ProcessGuid":"{2D3B23BE-4832-5BA2-0000-001011390700}"},"@timestamp":"2018-09-19T12:59:31.328Z","log_name":"Microsoft-Windows-Sysmon/Operational","level":"Informationen","computer_name":"flare-PC","source_name":"Microsoft-Windows-Sysmon","process_id":1304,"message":"File created:\nRuleName: \nUtcTime: 2018-09-19 12:59:31.328\nProcessGuid: {2D3B23BE-4832-5BA2-0000-001011390700}\nProcessId: 212\nImage: C:\\Program Files\\7-Zip\\7zG.exe\nTargetFilename: C:\\Users\\flare\\Downloads\\RTA-master\\red_ttp\\rundll32_inf_callback.py\nCreationUtcTime: 2018-09-19 12:59:31.328","@version":"1","provider_guid":"{5770385F-C22A-43E0-BF4C-06F5698FFBD9}","beat":{"version":"6.4.0","name":"flare-PC","hostname":"flare-PC"},"tags":["beats_input_codec_plain_applied"],"type":"wineventlog","record_number":"965","task":"File created (rule: FileCreate)","version":2,"user":{"name":"SYSTEM","identifier":"S-1-5-18","domain":"NT-AUTORITÄT","type":"User"},"host":{"name":"flare-PC"},"event_id":11,"opcode":"Info"}
{"index":{"_index":"winlogbeat-6.4.0-2018.09.19","_type":"doc","_id":"sV_q8WUBfVn9xHWijzoV"}}
{"thread_id":1824,"event_data":{"CreationUtcTime":"2018-09-19 12:59:31.343","UtcTime":"2018-09-19 12:59:31.343","Image":"C:\\Program Files\\7-Zip\\7zG.exe","TargetFilename":"C:\\Users\\flare\\Downloads\\RTA-master\\red_ttp\\trust_provider.py","ProcessId":"212","ProcessGuid":"{2D3B23BE-4832-5BA2-0000-001011390700}"},"@timestamp":"2018-09-19T12:59:31.343Z","log_name":"Microsoft-Windows-Sysmon/Operational","level":"Informationen","computer_name":"flare-PC","source_name":"Microsoft-Windows-Sysmon","process_id":1304,"provider_guid":"{5770385F-C22A-43E0-BF4C-06F5698FFBD9}","message":"File created:\nRuleName: \nUtcTime: 2018-09-19 12:59:31.343\nProcessGuid: {2D3B23BE-4832-5BA2-0000-001011390700}\nProcessId: 212\nImage: C:\\Program Files\\7-Zip\\7zG.exe\nTargetFilename: C:\\Users\\flare\\Downloads\\RTA-master\\red_ttp\\trust_provider.py\nCreationUtcTime: 2018-09-19 12:59:31.343","@version":"1","beat":{"version":"6.4.0","name":"flare-PC","hostname":"flare-PC"},"tags":["beats_input_codec_plain_applied"],"type":"wineventlog","record_number":"973","task":"File created (rule: FileCreate)","version":2,"user":{"name":"SYSTEM","identifier":"S-1-5-18","type":"User","domain":"NT-AUTORITÄT"},"host":{"name":"flare-PC"},"event_id":11,"opcode":"Info"}
{"index":{"_index":"winlogbeat-6.4.0-2018.09.19","_type":"doc","_id":"sl_q8WUBfVn9xHWijzoV"}}
{"thread_id":1824,"event_data":{"CreationUtcTime":"2018-09-19 12:59:31.343","UtcTime":"2018-09-19 12:59:31.343","Image":"C:\\Program Files\\7-Zip\\7zG.exe","TargetFilename":"C:\\Users\\flare\\Downloads\\RTA-master\\red_ttp\\unusual_parent.py","ProcessId":"212","ProcessGuid":"{2D3B23BE-4832-5BA2-0000-001011390700}"},"@timestamp":"2018-09-19T12:59:31.343Z","log_name":"Microsoft-Windows-Sysmon/Operational","level":"Informationen","computer_name":"flare-PC","source_name":"Microsoft-Windows-Sysmon","process_id":1304,"provider_guid":"{5770385F-C22A-43E0-BF4C-06F5698FFBD9}","message":"File created:\nRuleName: \nUtcTime: 2018-09-19 12:59:31.343\nProcessGuid: {2D3B23BE-4832-5BA2-0000-001011390700}\nProcessId: 212\nImage: C:\\Program Files\\7-Zip\\7zG.exe\nTargetFilename: C:\\Users\\flare\\Downloads\\RTA-master\\red_ttp\\unusual_parent.py\nCreationUtcTime: 2018-09-19 12:59:31.343","@version":"1","beat":{"version":"6.4.0","name":"flare-PC","hostname":"flare-PC"},"tags":["beats_input_codec_plain_applied"],"task":"File created (rule: FileCreate)","record_number":"977","event_id":11,"version":2,"type":"wineventlog","user":{"name":"SYSTEM","identifier":"S-1-5-18","domain":"NT-AUTORITÄT","type":"User"},"host":{"name":"flare-PC"},"opcode":"Info"}
{"index":{"_index":"winlogbeat-6.4.0-2018.09.19","_type":"doc","_id":"vF_q8WUBfVn9xHWijzoX"}}
{"thread_id":1824,"event_data":{"CreationUtcTime":"2018-09-19 12:59:31.210","UtcTime":"2018-09-19 12:59:31.210","Image":"C:\\Program Files\\7-Zip\\7zG.exe","TargetFilename":"C:\\Users\\flare\\Downloads\\RTA-master\\red_ttp\\delete_catalogs.py","ProcessId":"212","ProcessGuid":"{2D3B23BE-4832-5BA2-0000-001011390700}"},"@timestamp":"2018-09-19T12:59:31.210Z","log_name":"Microsoft-Windows-Sysmon/Operational","level":"Informationen","computer_name":"flare-PC","source_name":"Microsoft-Windows-Sysmon","process_id":1304,"message":"File created:\nRuleName: \nUtcTime: 2018-09-19 12:59:31.210\nProcessGuid: {2D3B23BE-4832-5BA2-0000-001011390700}\nProcessId: 212\nImage: C:\\Program Files\\7-Zip\\7zG.exe\nTargetFilename: C:\\Users\\flare\\Downloads\\RTA-master\\red_ttp\\delete_catalogs.py\nCreationUtcTime: 2018-09-19 12:59:31.210","@version":"1","provider_guid":"{5770385F-C22A-43E0-BF4C-06F5698FFBD9}","beat":{"version":"6.4.0","name":"flare-PC","hostname":"flare-PC"},"tags":["beats_input_codec_plain_applied"],"task":"File created (rule: FileCreate)","event_id":11,"record_number":"943","type":"wineventlog","host":{"name":"flare-PC"},"user":{"domain":"NT-AUTORITÄT","identifier":"S-1-5-18","type":"User","name":"SYSTEM"},"version":2,"opcode":"Info"}
{"index":{"_index":"winlogbeat-6.4.0-2018.09.19","_type":"doc","_id":"vV_q8WUBfVn9xHWijzoX"}}
{"thread_id":1824,"event_data":{"CreationUtcTime":"2018-09-19 12:59:31.210","UtcTime":"2018-09-19 12:59:31.210","Image":"C:\\Program Files\\7-Zip\\7zG.exe","TargetFilename":"C:\\Users\\flare\\Downloads\\RTA-master\\red_ttp\\enum_commands.py","ProcessId":"212","ProcessGuid":"{2D3B23BE-4832-5BA2-0000-001011390700}"},"@timestamp":"2018-09-19T12:59:31.210Z","log_name":"Microsoft-Windows-Sysmon/Operational","level":"Informationen","computer_name":"flare-PC","source_name":"Microsoft-Windows-Sysmon","process_id":1304,"message":"File created:\nRuleName: \nUtcTime: 2018-09-19 12:59:31.210\nProcessGuid: {2D3B23BE-4832-5BA2-0000-001011390700}\nProcessId: 212\nImage: C:\\Program Files\\7-Zip\\7zG.exe\nTargetFilename: C:\\Users\\flare\\Downloads\\RTA-master\\red_ttp\\enum_commands.py\nCreationUtcTime: 2018-09-19 12:59:31.210","@version":"1","provider_guid":"{5770385F-C22A-43E0-BF4C-06F5698FFBD9}","beat":{"version":"6.4.0","name":"flare-PC","hostname":"flare-PC"},"tags":["beats_input_codec_plain_applied"],"task":"File created (rule: FileCreate)","record_number":"947","event_id":11,"host":{"name":"flare-PC"},"user":{"name":"SYSTEM","identifier":"S-1-5-18","type":"User","domain":"NT-AUTORITÄT"},"version":2,"type":"wineventlog","opcode":"Info"}
{"index":{"_index":"winlogbeat-6.4.0-2018.09.19","_type":"doc","_id":"vl_q8WUBfVn9xHWijzoX"}}
{"thread_id":1824,"event_data":{"CreationUtcTime":"2018-09-19 12:59:31.229","UtcTime":"2018-09-19 12:59:31.229","Image":"C:\\Program Files\\7-Zip\\7zG.exe","TargetFilename":"C:\\Users\\flare\\Downloads\\RTA-master\\red_ttp\\msbuild_network.py","ProcessId":"212","ProcessGuid":"{2D3B23BE-4832-5BA2-0000-001011390700}"},"@timestamp":"2018-09-19T12:59:31.229Z","log_name":"Microsoft-Windows-Sysmon/Operational","level":"Informationen","computer_name":"flare-PC","source_name":"Microsoft-Windows-Sysmon","process_id":1304,"provider_guid":"{5770385F-C22A-43E0-BF4C-06F5698FFBD9}","message":"File created:\nRuleName: \nUtcTime: 2018-09-19 12:59:31.229\nProcessGuid: {2D3B23BE-4832-5BA2-0000-001011390700}\nProcessId: 212\nImage: C:\\Program Files\\7-Zip\\7zG.exe\nTargetFilename: C:\\Users\\flare\\Downloads\\RTA-master\\red_ttp\\msbuild_network.py\nCreationUtcTime: 2018-09-19 12:59:31.229","@version":"1","beat":{"version":"6.4.0","name":"flare-PC","hostname":"flare-PC"},"tags":["beats_input_codec_plain_applied"],"task":"File created (rule: FileCreate)","event_id":11,"record_number":"951","version":2,"user":{"domain":"NT-AUTORITÄT","identifier":"S-1-5-18","type":"User","name":"SYSTEM"},"host":{"name":"flare-PC"},"type":"wineventlog","opcode":"Info"}
{"index":{"_index":"winlogbeat-6.4.0-2018.09.19","_type":"doc","_id":"v1_q8WUBfVn9xHWijzoX"}}
{"thread_id":1824,"event_data":{"CreationUtcTime":"2018-09-19 12:59:31.291","UtcTime":"2018-09-19 12:59:31.291","Image":"C:\\Program Files\\7-Zip\\7zG.exe","TargetFilename":"C:\\Users\\flare\\Downloads\\RTA-master\\red_ttp\\net_user_add.py","ProcessId":"212","ProcessGuid":"{2D3B23BE-4832-5BA2-0000-001011390700}"},"@timestamp":"2018-09-19T12:59:31.291Z","log_name":"Microsoft-Windows-Sysmon/Operational","level":"Informationen","computer_name":"flare-PC","source_name":"Microsoft-Windows-Sysmon","process_id":1304,"message":"File created:\nRuleName: \nUtcTime: 2018-09-19 12:59:31.291\nProcessGuid: {2D3B23BE-4832-5BA2-0000-001011390700}\nProcessId: 212\nImage: C:\\Program Files\\7-Zip\\7zG.exe\nTargetFilename: C:\\Users\\flare\\Downloads\\RTA-master\\red_ttp\\net_user_add.py\nCreationUtcTime: 2018-09-19 12:59:31.291","@version":"1","provider_guid":"{5770385F-C22A-43E0-BF4C-06F5698FFBD9}","beat":{"version":"6.4.0","name":"flare-PC","hostname":"flare-PC"},"tags":["beats_input_codec_plain_applied"],"task":"File created (rule: FileCreate)","record_number":"955","event_id":11,"version":2,"type":"wineventlog","user":{"name":"SYSTEM","identifier":"S-1-5-18","domain":"NT-AUTORITÄT","type":"User"},"host":{"name":"flare-PC"},"opcode":"Info"}
{"index":{"_index":"winlogbeat-6.4.0-2018.09.19","_type":"doc","_id":"x1_q8WUBfVn9xHWijzoY"}}
{"thread_id":1824,"event_data":{"CreationUtcTime":"2018-09-19 12:59:31.132","UtcTime":"2018-09-19 12:59:31.132","Image":"C:\\Program Files\\7-Zip\\7zG.exe","TargetFilename":"C:\\Users\\flare\\Downloads\\RTA-master\\red_ttp\\__init__.py","ProcessId":"212","ProcessGuid":"{2D3B23BE-4832-5BA2-0000-001011390700}"},"@timestamp":"2018-09-19T12:59:31.132Z","log_name":"Microsoft-Windows-Sysmon/Operational","level":"Informationen","computer_name":"flare-PC","source_name":"Microsoft-Windows-Sysmon","process_id":1304,"message":"File created:\nRuleName: \nUtcTime: 2018-09-19 12:59:31.132\nProcessGuid: {2D3B23BE-4832-5BA2-0000-001011390700}\nProcessId: 212\nImage: C:\\Program Files\\7-Zip\\7zG.exe\nTargetFilename: C:\\Users\\flare\\Downloads\\RTA-master\\red_ttp\\__init__.py\nCreationUtcTime: 2018-09-19 12:59:31.132","@version":"1","provider_guid":"{5770385F-C22A-43E0-BF4C-06F5698FFBD9}","beat":{"version":"6.4.0","name":"flare-PC","hostname":"flare-PC"},"tags":["beats_input_codec_plain_applied"],"type":"wineventlog","event_id":11,"record_number":"916","host":{"name":"flare-PC"},"user":{"name":"SYSTEM","identifier":"S-1-5-18","domain":"NT-AUTORITÄT","type":"User"},"version":2,"task":"File created (rule: FileCreate)","opcode":"Info"}
{"index":{"_index":"winlogbeat-6.4.0-2018.09.19","_type":"doc","_id":"yF_q8WUBfVn9xHWijzoY"}}
{"thread_id":1824,"event_data":{"CreationUtcTime":"2018-09-19 12:59:31.132","UtcTime":"2018-09-19 12:59:31.132","Image":"C:\\Program Files\\7-Zip\\7zG.exe","TargetFilename":"C:\\Users\\flare\\Downloads\\RTA-master\\red_ttp\\bin\\Installer.msi","ProcessId":"212","ProcessGuid":"{2D3B23BE-4832-5BA2-0000-001011390700}"},"@timestamp":"2018-09-19T12:59:31.132Z","log_name":"Microsoft-Windows-Sysmon/Operational","level":"Informationen","computer_name":"flare-PC","source_name":"Microsoft-Windows-Sysmon","process_id":1304,"@version":"1","provider_guid":"{5770385F-C22A-43E0-BF4C-06F5698FFBD9}","message":"File created:\nRuleName: \nUtcTime: 2018-09-19 12:59:31.132\nProcessGuid: {2D3B23BE-4832-5BA2-0000-001011390700}\nProcessId: 212\nImage: C:\\Program Files\\7-Zip\\7zG.exe\nTargetFilename: C:\\Users\\flare\\Downloads\\RTA-master\\red_ttp\\bin\\Installer.msi\nCreationUtcTime: 2018-09-19 12:59:31.132","beat":{"version":"6.4.0","name":"flare-PC","hostname":"flare-PC"},"tags":["beats_input_codec_plain_applied"],"type":"wineventlog","task":"File created (rule: FileCreate)","event_id":11,"version":2,"user":{"domain":"NT-AUTORITÄT","identifier":"S-1-5-18","type":"User","name":"SYSTEM"},"record_number":"920","host":{"name":"flare-PC"},"opcode":"Info"}
{"index":{"_index":"winlogbeat-6.4.0-2018.09.19","_type":"doc","_id":"y1_q8WUBfVn9xHWijzoY"}}
{"thread_id":1824,"event_data":{"CreationUtcTime":"2018-09-19 12:59:31.179","UtcTime":"2018-09-19 12:59:31.179","Image":"C:\\Program Files\\7-Zip\\7zG.exe","TargetFilename":"C:\\Users\\flare\\Downloads\\RTA-master\\red_ttp\\bin\\mydll_x64.dll","ProcessId":"212","ProcessGuid":"{2D3B23BE-4832-5BA2-0000-001011390700}"},"@timestamp":"2018-09-19T12:59:31.179Z","log_name":"Microsoft-Windows-Sysmon/Operational","level":"Informationen","computer_name":"flare-PC","source_name":"Microsoft-Windows-Sysmon","process_id":1304,"message":"File created:\nRuleName: \nUtcTime: 2018-09-19 12:59:31.179\nProcessGuid: {2D3B23BE-4832-5BA2-0000-001011390700}\nProcessId: 212\nImage: C:\\Program Files\\7-Zip\\7zG.exe\nTargetFilename: C:\\Users\\flare\\Downloads\\RTA-master\\red_ttp\\bin\\mydll_x64.dll\nCreationUtcTime: 2018-09-19 12:59:31.179","@version":"1","provider_guid":"{5770385F-C22A-43E0-BF4C-06F5698FFBD9}","beat":{"version":"6.4.0","name":"flare-PC","hostname":"flare-PC"},"tags":["beats_input_codec_plain_applied"],"type":"wineventlog","event_id":11,"record_number":"932","version":2,"user":{"domain":"NT-AUTORITÄT","identifier":"S-1-5-18","type":"User","name":"SYSTEM"},"task":"File created (rule: FileCreate)","host":{"name":"flare-PC"},"opcode":"Info"}
{"index":{"_index":"winlogbeat-6.4.0-2018.09.19","_type":"doc","_id":"zl_q8WUBfVn9xHWijzoY"}}
{"thread_id":1824,"event_data":{"CreationUtcTime":"2018-09-19 12:59:31.210","UtcTime":"2018-09-19 12:59:31.210","Image":"C:\\Program Files\\7-Zip\\7zG.exe","TargetFilename":"C:\\Users\\flare\\Downloads\\RTA-master\\red_ttp\\delete_usnjrnl.py","ProcessId":"212","ProcessGuid":"{2D3B23BE-4832-5BA2-0000-001011390700}"},"@timestamp":"2018-09-19T12:59:31.210Z","log_name":"Microsoft-Windows-Sysmon/Operational","level":"Informationen","computer_name":"flare-PC","source_name":"Microsoft-Windows-Sysmon","process_id":1304,"message":"File created:\nRuleName: \nUtcTime: 2018-09-19 12:59:31.210\nProcessGuid: {2D3B23BE-4832-5BA2-0000-001011390700}\nProcessId: 212\nImage: C:\\Program Files\\7-Zip\\7zG.exe\nTargetFilename: C:\\Users\\flare\\Downloads\\RTA-master\\red_ttp\\delete_usnjrnl.py\nCreationUtcTime: 2018-09-19 12:59:31.210","@version":"1","provider_guid":"{5770385F-C22A-43E0-BF4C-06F5698FFBD9}","beat":{"version":"6.4.0","name":"flare-PC","hostname":"flare-PC"},"tags":["beats_input_codec_plain_applied"],"task":"File created (rule: FileCreate)","event_id":11,"type":"wineventlog","version":2,"host":{"name":"flare-PC"},"record_number":"944","user":{"name":"SYSTEM","identifier":"S-1-5-18","domain":"NT-AUTORITÄT","type":"User"},"opcode":"Info"}
{"index":{"_index":"winlogbeat-6.4.0-2018.09.19","_type":"doc","_id":"2F_q8WUBfVn9xHWi3Tol"}}
{"thread_id":1824,"event_data":{"LogonId":"0xe2f8","Product":"Betriebssystem Microsoft® Windows®","User":"flare-PC\\flare","Hashes":"MD5=5746BD7E255DD6A8AFA06F7C42C1BA41,SHA256=DB06C3534964E3FC79D2763144BA53742D7FA250CA336F4A0FE724B75AAFF386","Description":"Windows-Befehlsprozessor","Image":"C:\\Windows\\System32\\cmd.exe","UtcTime":"2018-09-19 12:59:50.440","FileVersion":"6.1.7601.17514 (win7sp1_rtm.101119-1850)","ParentCommandLine":"C:\\Windows\\Explorer.EXE","ParentImage":"C:\\Windows\\explorer.exe","TerminalSessionId":"1","CommandLine":"\"C:\\Windows\\System32\\cmd.exe\" ","CurrentDirectory":"C:\\Windows\\system32\\","ParentProcessId":"1692","LogonGuid":"{2D3B23BE-45CC-5BA2-0000-0020F8E20000}","IntegrityLevel":"High","ProcessId":"3208","Company":"Microsoft Corporation","ParentProcessGuid":"{2D3B23BE-45D0-5BA2-0000-0010C3580100}","ProcessGuid":"{2D3B23BE-4846-5BA2-0000-00102D030800}"},"@timestamp":"2018-09-19T12:59:50.456Z","log_name":"Microsoft-Windows-Sysmon/Operational","level":"Informationen","computer_name":"flare-PC","source_name":"Microsoft-Windows-Sysmon","process_id":1304,"message":"Process Create:\nRuleName: \nUtcTime: 2018-09-19 12:59:50.440\nProcessGuid: {2D3B23BE-4846-5BA2-0000-00102D030800}\nProcessId: 3208\nImage: C:\\Windows\\System32\\cmd.exe\nFileVersion: 6.1.7601.17514 (win7sp1_rtm.101119-1850)\nDescription: Windows-Befehlsprozessor\nProduct: Betriebssystem Microsoft® Windows®\nCompany: Microsoft Corporation\nCommandLine: \"C:\\Windows\\System32\\cmd.exe\" \nCurrentDirectory: C:\\Windows\\system32\\\nUser: flare-PC\\flare\nLogonGuid: {2D3B23BE-45CC-5BA2-0000-0020F8E20000}\nLogonId: 0xe2f8\nTerminalSessionId: 1\nIntegrityLevel: High\nHashes: MD5=5746BD7E255DD6A8AFA06F7C42C1BA41,SHA256=DB06C3534964E3FC79D2763144BA53742D7FA250CA336F4A0FE724B75AAFF386\nParentProcessGuid: {2D3B23BE-45D0-5BA2-0000-0010C3580100}\nParentProcessId: 1692\nParentImage: C:\\Windows\\explorer.exe\nParentCommandLine: C:\\Windows\\Explorer.EXE","@version":"1","provider_guid":"{5770385F-C22A-43E0-BF4C-06F5698FFBD9}","beat":{"version":"6.4.0","name":"flare-PC","hostname":"flare-PC"},"tags":["beats_input_codec_plain_applied"],"task":"Process Create (rule: ProcessCreate)","event_id":1,"type":"wineventlog","version":5,"user":{"name":"SYSTEM","domain":"NT-AUTORITÄT","type":"User","identifier":"S-1-5-18"},"record_number":"983","host":{"name":"flare-PC"},"opcode":"Info"}
{"index":{"_index":"winlogbeat-6.4.0-2018.09.19","_type":"doc","_id":"21_r8WUBfVn9xHWiSjpS"}}
{"thread_id":1824,"event_data":{"ParentProcessGuid":"{2D3B23BE-4846-5BA2-0000-00102D030800}","User":"flare-PC\\flare","UtcTime":"2018-09-19 13:00:18.381","Hashes":"MD5=332A5371389A8953A96BF09B69EDCB6E,SHA256=E46BA4BDD4168A399EE5BC2161A8C918095FA30EB20AC88CAC6AB1D6DBEA2B4A","Description":"mimikatz for Windows","Image":"C:\\Users\\flare\\AppData\\Roaming\\Microsoft\\Windows\\cmd.exe","Product":"mimikatz","FileVersion":"2.1.1.0","ParentImage":"C:\\Windows\\System32\\cmd.exe","ParentCommandLine":"\"C:\\Windows\\System32\\cmd.exe\" ","Company":"gentilkiwi (Benjamin DELPY)","CommandLine":"cmd","CurrentDirectory":"C:\\Users\\flare\\AppData\\Roaming\\Microsoft\\Windows\\","ProcessId":"3556","TerminalSessionId":"1","IntegrityLevel":"High","LogonGuid":"{2D3B23BE-45CC-5BA2-0000-0020F8E20000}","ParentProcessId":"3208","LogonId":"0xe2f8","ProcessGuid":"{2D3B23BE-4862-5BA2-0000-00102D0D0800}"},"@timestamp":"2018-09-19T13:00:18.446Z","log_name":"Microsoft-Windows-Sysmon/Operational","level":"Informationen","computer_name":"flare-PC","source_name":"Microsoft-Windows-Sysmon","process_id":1304,"@version":"1","provider_guid":"{5770385F-C22A-43E0-BF4C-06F5698FFBD9}","message":"Process Create:\nRuleName: \nUtcTime: 2018-09-19 13:00:18.381\nProcessGuid: {2D3B23BE-4862-5BA2-0000-00102D0D0800}\nProcessId: 3556\nImage: C:\\Users\\flare\\AppData\\Roaming\\Microsoft\\Windows\\cmd.exe\nFileVersion: 2.1.1.0\nDescription: mimikatz for Windows\nProduct: mimikatz\nCompany: gentilkiwi (Benjamin DELPY)\nCommandLine: cmd\nCurrentDirectory: C:\\Users\\flare\\AppData\\Roaming\\Microsoft\\Windows\\\nUser: flare-PC\\flare\nLogonGuid: {2D3B23BE-45CC-5BA2-0000-0020F8E20000}\nLogonId: 0xe2f8\nTerminalSessionId: 1\nIntegrityLevel: High\nHashes: MD5=332A5371389A8953A96BF09B69EDCB6E,SHA256=E46BA4BDD4168A399EE5BC2161A8C918095FA30EB20AC88CAC6AB1D6DBEA2B4A\nParentProcessGuid: {2D3B23BE-4846-5BA2-0000-00102D030800}\nParentProcessId: 3208\nParentImage: C:\\Windows\\System32\\cmd.exe\nParentCommandLine: \"C:\\Windows\\System32\\cmd.exe\" ","beat":{"version":"6.4.0","name":"flare-PC","hostname":"flare-PC"},"tags":["beats_input_codec_plain_applied"],"task":"Process Create (rule: ProcessCreate)","event_id":1,"type":"wineventlog","version":5,"user":{"domain":"NT-AUTORITÄT","identifier":"S-1-5-18","type":"User","name":"SYSTEM"},"host":{"name":"flare-PC"},"record_number":"986","opcode":"Info"}
{"index":{"_index":"winlogbeat-6.4.0-2018.09.19","_type":"doc","_id":"3F_s8WUBfVn9xHWiHTqP"}}
{"thread_id":1824,"event_data":{"UtcTime":"2018-09-19 13:01:11.043","Image":"C:\\Users\\flare\\AppData\\Roaming\\Microsoft\\Windows\\cmd.exe","ProcessId":"3556","ProcessGuid":"{2D3B23BE-4862-5BA2-0000-00102D0D0800}"},"@timestamp":"2018-09-19T13:01:11.043Z","log_name":"Microsoft-Windows-Sysmon/Operational","level":"Informationen","computer_name":"flare-PC","source_name":"Microsoft-Windows-Sysmon","process_id":1304,"message":"Process terminated:\nRuleName: \nUtcTime: 2018-09-19 13:01:11.043\nProcessGuid: {2D3B23BE-4862-5BA2-0000-00102D0D0800}\nProcessId: 3556\nImage: C:\\Users\\flare\\AppData\\Roaming\\Microsoft\\Windows\\cmd.exe","@version":"1","provider_guid":"{5770385F-C22A-43E0-BF4C-06F5698FFBD9}","beat":{"version":"6.4.0","name":"flare-PC","hostname":"flare-PC"},"tags":["beats_input_codec_plain_applied"],"task":"Process terminated (rule: ProcessTerminate)","record_number":"987","type":"wineventlog","version":3,"user":{"name":"SYSTEM","domain":"NT-AUTORITÄT","type":"User","identifier":"S-1-5-18"},"host":{"name":"flare-PC"},"event_id":5,"opcode":"Info"}
{"index":{"_index":"winlogbeat-6.4.0-2018.09.19","_type":"doc","_id":"3l_s8WUBfVn9xHWiJTqS"}}
{"thread_id":1824,"event_data":{"UtcTime":"2018-09-19 13:01:13.673","Image":"C:\\Windows\\system32\\services.exe","Details":"DWORD (0x00000003)","EventType":"SetValue","TargetObject":"HKLM\\System\\CurrentControlSet\\services\\WCESERVICE\\Start","ProcessId":"488","ProcessGuid":"{2D3B23BE-45CA-5BA2-0000-00104A5C0000}"},"@timestamp":"2018-09-19T13:01:13.689Z","log_name":"Microsoft-Windows-Sysmon/Operational","level":"Informationen","computer_name":"flare-PC","source_name":"Microsoft-Windows-Sysmon","process_id":1304,"message":"Registry value set:\nRuleName: \nEventType: SetValue\nUtcTime: 2018-09-19 13:01:13.673\nProcessGuid: {2D3B23BE-45CA-5BA2-0000-00104A5C0000}\nProcessId: 488\nImage: C:\\Windows\\system32\\services.exe\nTargetObject: HKLM\\System\\CurrentControlSet\\services\\WCESERVICE\\Start\nDetails: DWORD (0x00000003)","@version":"1","provider_guid":"{5770385F-C22A-43E0-BF4C-06F5698FFBD9}","beat":{"version":"6.4.0","name":"flare-PC","hostname":"flare-PC"},"tags":["beats_input_codec_plain_applied"],"type":"wineventlog","record_number":"989","task":"Registry value set (rule: RegistryEvent)","host":{"name":"flare-PC"},"user":{"name":"SYSTEM","identifier":"S-1-5-18","type":"User","domain":"NT-AUTORITÄT"},"version":2,"event_id":13,"opcode":"Info"}
{"index":{"_index":"winlogbeat-6.4.0-2018.09.19","_type":"doc","_id":"3V_s8WUBfVn9xHWiJTqQ"}}
{"thread_id":2940,"event_data":{"StartType":"Manuell starten","ServiceType":"Benutzermodusdienst","AccountName":"LocalSystem","ServiceName":"WCESERVICE","ImagePath":"C:\\Users\\flare\\AppData\\Roaming\\Microsoft\\Windows\\editor.exe -S"},"@timestamp":"2018-09-19T13:01:13.673Z","log_name":"System","keywords":["Klassisch"],"level":"Informationen","computer_name":"flare-PC","source_name":"Service Control Manager","process_id":488,"@version":"1","provider_guid":"{555908d1-a6d7-4695-8e1e-26931d2012f4}","message":"Im System wurde ein Dienst installiert.\n\nDienstname:  WCESERVICE\nDienstdateiname:  C:\\Users\\flare\\AppData\\Roaming\\Microsoft\\Windows\\editor.exe -S\nDiensttyp:  Benutzermodusdienst\nDienststarttyp:  Manuell starten\nDienstkonto:  LocalSystem","beat":{"version":"6.4.0","name":"flare-PC","hostname":"flare-PC"},"tags":["beats_input_codec_plain_applied"],"type":"wineventlog","event_id":7045,"record_number":"11732","host":{"name":"flare-PC"},"user":{"name":"flare","identifier":"S-1-5-21-4019173901-3792766986-1456451320-1001","domain":"flare-PC","type":"User"}}
{"index":{"_index":"winlogbeat-6.4.0-2018.09.19","_type":"doc","_id":"6F_s8WUBfVn9xHWiLTqH"}}
{"thread_id":1824,"event_data":{"TargetImage":"C:\\Windows\\System32\\lsass.exe","SourceProcessGuid":"{2D3B23BE-489A-5BA2-0000-00104B150800}","UtcTime":"2018-09-19 13:01:14.126","TargetProcessGuid":"{2D3B23BE-45CA-5BA2-0000-0010035F0000}","TargetProcessId":"512","StartAddress":"0x00000000001E082C","SourceProcessId":"3248","SourceImage":"C:\\Users\\flare\\AppData\\Roaming\\Microsoft\\Windows\\editor.exe","NewThreadId":"3232"},"@timestamp":"2018-09-19T13:01:14.126Z","log_name":"Microsoft-Windows-Sysmon/Operational","level":"Informationen","computer_name":"flare-PC","source_name":"Microsoft-Windows-Sysmon","process_id":1304,"@version":"1","provider_guid":"{5770385F-C22A-43E0-BF4C-06F5698FFBD9}","message":"CreateRemoteThread detected:\nRuleName: \nUtcTime: 2018-09-19 13:01:14.126\nSourceProcessGuid: {2D3B23BE-489A-5BA2-0000-00104B150800}\nSourceProcessId: 3248\nSourceImage: C:\\Users\\flare\\AppData\\Roaming\\Microsoft\\Windows\\editor.exe\nTargetProcessGuid: {2D3B23BE-45CA-5BA2-0000-0010035F0000}\nTargetProcessId: 512\nTargetImage: C:\\Windows\\System32\\lsass.exe\nNewThreadId: 3232\nStartAddress: 0x00000000001E082C\nStartModule: \nStartFunction: ","beat":{"version":"6.4.0","name":"flare-PC","hostname":"flare-PC"},"tags":["beats_input_codec_plain_applied"],"task":"CreateRemoteThread detected (rule: CreateRemoteThread)","event_id":8,"type":"wineventlog","version":2,"user":{"name":"SYSTEM","identifier":"S-1-5-18","domain":"NT-AUTORITÄT","type":"User"},"host":{"name":"flare-PC"},"record_number":"993","opcode":"Info"}
{"index":{"_index":"winlogbeat-6.4.0-2018.09.19","_type":"doc","_id":"6l_s8WUBfVn9xHWiLTqH"}}
{"thread_id":1824,"event_data":{"UtcTime":"2018-09-19 13:01:14.173","Image":"C:\\Users\\flare\\AppData\\Roaming\\Microsoft\\Windows\\editor.exe","ProcessId":"3108","ProcessGuid":"{2D3B23BE-4899-5BA2-0000-00109C120800}"},"@timestamp":"2018-09-19T13:01:14.173Z","log_name":"Microsoft-Windows-Sysmon/Operational","level":"Informationen","computer_name":"flare-PC","source_name":"Microsoft-Windows-Sysmon","process_id":1304,"message":"Process terminated:\nRuleName: \nUtcTime: 2018-09-19 13:01:14.173\nProcessGuid: {2D3B23BE-4899-5BA2-0000-00109C120800}\nProcessId: 3108\nImage: C:\\Users\\flare\\AppData\\Roaming\\Microsoft\\Windows\\editor.exe","@version":"1","provider_guid":"{5770385F-C22A-43E0-BF4C-06F5698FFBD9}","beat":{"version":"6.4.0","name":"flare-PC","hostname":"flare-PC"},"tags":["beats_input_codec_plain_applied"],"task":"Process terminated (rule: ProcessTerminate)","record_number":"1001","event_id":5,"version":3,"user":{"name":"SYSTEM","domain":"NT-AUTORITÄT","type":"User","identifier":"S-1-5-18"},"type":"wineventlog","host":{"name":"flare-PC"},"opcode":"Info"}
{"index":{"_index":"winlogbeat-6.4.0-2018.09.19","_type":"doc","_id":"5F_s8WUBfVn9xHWiLTqH"}}
{"thread_id":1824,"event_data":{"SourceProcessId":"3248","TargetImage":"C:\\Windows\\System32\\lsass.exe","UtcTime":"2018-09-19 13:01:14.158","TargetProcessGuid":"{2D3B23BE-45CA-5BA2-0000-0010035F0000}","SourceImage":"C:\\Users\\flare\\AppData\\Roaming\\Microsoft\\Windows\\editor.exe","StartAddress":"0x00000000001E082C","SourceProcessGuid":"{2D3B23BE-489A-5BA2-0000-00104B150800}","TargetProcessId":"512","NewThreadId":"3440"},"@timestamp":"2018-09-19T13:01:14.158Z","log_name":"Microsoft-Windows-Sysmon/Operational","level":"Informationen","computer_name":"flare-PC","source_name":"Microsoft-Windows-Sysmon","process_id":1304,"@version":"1","message":"CreateRemoteThread detected:\nRuleName: \nUtcTime: 2018-09-19 13:01:14.158\nSourceProcessGuid: {2D3B23BE-489A-5BA2-0000-00104B150800}\nSourceProcessId: 3248\nSourceImage: C:\\Users\\flare\\AppData\\Roaming\\Microsoft\\Windows\\editor.exe\nTargetProcessGuid: {2D3B23BE-45CA-5BA2-0000-0010035F0000}\nTargetProcessId: 512\nTargetImage: C:\\Windows\\System32\\lsass.exe\nNewThreadId: 3440\nStartAddress: 0x00000000001E082C\nStartModule: \nStartFunction: ","provider_guid":"{5770385F-C22A-43E0-BF4C-06F5698FFBD9}","beat":{"version":"6.4.0","name":"flare-PC","hostname":"flare-PC"},"tags":["beats_input_codec_plain_applied"],"task":"CreateRemoteThread detected (rule: CreateRemoteThread)","record_number":"996","event_id":8,"version":2,"user":{"name":"SYSTEM","identifier":"S-1-5-18","domain":"NT-AUTORITÄT","type":"User"},"host":{"name":"flare-PC"},"type":"wineventlog","opcode":"Info"}
{"index":{"_index":"winlogbeat-6.4.0-2018.09.19","_type":"doc","_id":"9l_v8WUBfVn9xHWiPjqi"}}
{"thread_id":1824,"event_data":{"CreationUtcTime":"2018-09-19 13:04:28.620","UtcTime":"2018-09-19 13:04:30.820","Image":"C:\\Program Files\\Mozilla Firefox\\firefox.exe","TargetFilename":"C:\\Users\\flare\\Downloads\\msxsl.exe:Zone.Identifier","ProcessId":"588","ProcessGuid":"{2D3B23BE-463E-5BA2-0000-001010000400}"},"@timestamp":"2018-09-19T13:04:30.820Z","log_name":"Microsoft-Windows-Sysmon/Operational","level":"Informationen","computer_name":"flare-PC","source_name":"Microsoft-Windows-Sysmon","process_id":1304,"message":"File created:\nRuleName: \nUtcTime: 2018-09-19 13:04:30.820\nProcessGuid: {2D3B23BE-463E-5BA2-0000-001010000400}\nProcessId: 588\nImage: C:\\Program Files\\Mozilla Firefox\\firefox.exe\nTargetFilename: C:\\Users\\flare\\Downloads\\msxsl.exe:Zone.Identifier\nCreationUtcTime: 2018-09-19 13:04:28.620","@version":"1","provider_guid":"{5770385F-C22A-43E0-BF4C-06F5698FFBD9}","beat":{"version":"6.4.0","name":"flare-PC","hostname":"flare-PC"},"tags":["beats_input_codec_plain_applied"],"task":"File created (rule: FileCreate)","event_id":11,"type":"wineventlog","host":{"name":"flare-PC"},"version":2,"user":{"name":"SYSTEM","identifier":"S-1-5-18","domain":"NT-AUTORITÄT","type":"User"},"record_number":"1009","opcode":"Info"}
{"index":{"_index":"winlogbeat-6.4.0-2018.09.19","_type":"doc","_id":"8V_t8WUBfVn9xHWiLzp-"}}
{"thread_id":3364,"event_data":{"param2":"Beendet","Binary":"770065007200630070006C0073007500700070006F00720074002F0031000000","param1":"Unterstützung in der Systemsteuerung unter Lösungen für Probleme"},"@timestamp":"2018-09-19T13:02:19.884Z","log_name":"System","keywords":["Klassisch"],"level":"Informationen","computer_name":"flare-PC","source_name":"Service Control Manager","process_id":488,"message":"Dienst \"Unterstützung in der Systemsteuerung unter Lösungen für Probleme\" befindet sich jetzt im Status \"Beendet\".","@version":"1","provider_guid":"{555908d1-a6d7-4695-8e1e-26931d2012f4}","beat":{"version":"6.4.0","name":"flare-PC","hostname":"flare-PC"},"tags":["beats_input_codec_plain_applied"],"type":"wineventlog","event_id":7036,"record_number":"11736","host":{"name":"flare-PC"}}
{"index":{"_index":"winlogbeat-6.4.0-2018.09.19","_type":"doc","_id":"CV_x8WUBfVn9xHWiSTto"}}
{"thread_id":1824,"event_data":{"CreationUtcTime":"2018-09-19 13:06:35.983","UtcTime":"2018-09-19 13:06:35.983","Image":"C:\\Program Files\\7-Zip\\7zG.exe","TargetFilename":"C:\\Users\\flare\\Downloads\\SysinternalsSuite\\ctrl2cap.amd.sys","ProcessId":"3056","ProcessGuid":"{2D3B23BE-49CF-5BA2-0000-001095020A00}"},"@timestamp":"2018-09-19T13:06:35.983Z","log_name":"Microsoft-Windows-Sysmon/Operational","level":"Informationen","computer_name":"flare-PC","source_name":"Microsoft-Windows-Sysmon","process_id":1304,"@version":"1","provider_guid":"{5770385F-C22A-43E0-BF4C-06F5698FFBD9}","message":"File created:\nRuleName: \nUtcTime: 2018-09-19 13:06:35.983\nProcessGuid: {2D3B23BE-49CF-5BA2-0000-001095020A00}\nProcessId: 3056\nImage: C:\\Program Files\\7-Zip\\7zG.exe\nTargetFilename: C:\\Users\\flare\\Downloads\\SysinternalsSuite\\ctrl2cap.amd.sys\nCreationUtcTime: 2018-09-19 13:06:35.983","beat":{"version":"6.4.0","name":"flare-PC","hostname":"flare-PC"},"tags":["beats_input_codec_plain_applied"],"type":"wineventlog","event_id":11,"record_number":"1025","host":{"name":"flare-PC"},"task":"File created (rule: FileCreate)","user":{"name":"SYSTEM","identifier":"S-1-5-18","domain":"NT-AUTORITÄT","type":"User"},"version":2,"opcode":"Info"}
{"index":{"_index":"winlogbeat-6.4.0-2018.09.19","_type":"doc","_id":"Cl_x8WUBfVn9xHWiSTto"}}
{"thread_id":1824,"event_data":{"CreationUtcTime":"2018-09-19 13:06:36.014","UtcTime":"2018-09-19 13:06:36.014","Image":"C:\\Program Files\\7-Zip\\7zG.exe","TargetFilename":"C:\\Users\\flare\\Downloads\\SysinternalsSuite\\dbgview.chm","ProcessId":"3056","ProcessGuid":"{2D3B23BE-49CF-5BA2-0000-001095020A00}"},"@timestamp":"2018-09-19T13:06:36.014Z","log_name":"Microsoft-Windows-Sysmon/Operational","level":"Informationen","computer_name":"flare-PC","source_name":"Microsoft-Windows-Sysmon","process_id":1304,"message":"File created:\nRuleName: \nUtcTime: 2018-09-19 13:06:36.014\nProcessGuid: {2D3B23BE-49CF-5BA2-0000-001095020A00}\nProcessId: 3056\nImage: C:\\Program Files\\7-Zip\\7zG.exe\nTargetFilename: C:\\Users\\flare\\Downloads\\SysinternalsSuite\\dbgview.chm\nCreationUtcTime: 2018-09-19 13:06:36.014","@version":"1","provider_guid":"{5770385F-C22A-43E0-BF4C-06F5698FFBD9}","beat":{"version":"6.4.0","name":"flare-PC","hostname":"flare-PC"},"tags":["beats_input_codec_plain_applied"],"type":"wineventlog","event_id":11,"task":"File created (rule: FileCreate)","host":{"name":"flare-PC"},"user":{"name":"SYSTEM","domain":"NT-AUTORITÄT","type":"User","identifier":"S-1-5-18"},"version":2,"record_number":"1029","opcode":"Info"}
{"index":{"_index":"winlogbeat-6.4.0-2018.09.19","_type":"doc","_id":"Dl_x8WUBfVn9xHWiSTto"}}
{"thread_id":1824,"event_data":{"CreationUtcTime":"2018-09-19 13:06:36.171","UtcTime":"2018-09-19 13:06:36.171","Image":"C:\\Program Files\\7-Zip\\7zG.exe","TargetFilename":"C:\\Users\\flare\\Downloads\\SysinternalsSuite\\psloglist.exe","ProcessId":"3056","ProcessGuid":"{2D3B23BE-49CF-5BA2-0000-001095020A00}"},"@timestamp":"2018-09-19T13:06:36.171Z","log_name":"Microsoft-Windows-Sysmon/Operational","level":"Informationen","computer_name":"flare-PC","source_name":"Microsoft-Windows-Sysmon","process_id":1304,"message":"File created:\nRuleName: \nUtcTime: 2018-09-19 13:06:36.171\nProcessGuid: {2D3B23BE-49CF-5BA2-0000-001095020A00}\nProcessId: 3056\nImage: C:\\Program Files\\7-Zip\\7zG.exe\nTargetFilename: C:\\Users\\flare\\Downloads\\SysinternalsSuite\\psloglist.exe\nCreationUtcTime: 2018-09-19 13:06:36.171","@version":"1","provider_guid":"{5770385F-C22A-43E0-BF4C-06F5698FFBD9}","beat":{"version":"6.4.0","name":"flare-PC","hostname":"flare-PC"},"tags":["beats_input_codec_plain_applied"],"type":"wineventlog","task":"File created (rule: FileCreate)","record_number":"1045","host":{"name":"flare-PC"},"user":{"domain":"NT-AUTORITÄT","identifier":"S-1-5-18","type":"User","name":"SYSTEM"},"version":2,"event_id":11,"opcode":"Info"}
{"index":{"_index":"winlogbeat-6.4.0-2018.09.19","_type":"doc","_id":"D1_x8WUBfVn9xHWiSTto"}}
{"thread_id":1824,"event_data":{"CreationUtcTime":"2018-09-19 13:06:36.187","UtcTime":"2018-09-19 13:06:36.187","Image":"C:\\Program Files\\7-Zip\\7zG.exe","TargetFilename":"C:\\Users\\flare\\Downloads\\SysinternalsSuite\\readme.txt","ProcessId":"3056","ProcessGuid":"{2D3B23BE-49CF-5BA2-0000-001095020A00}"},"@timestamp":"2018-09-19T13:06:36.187Z","log_name":"Microsoft-Windows-Sysmon/Operational","level":"Informationen","computer_name":"flare-PC","source_name":"Microsoft-Windows-Sysmon","process_id":1304,"message":"File created:\nRuleName: \nUtcTime: 2018-09-19 13:06:36.187\nProcessGuid: {2D3B23BE-49CF-5BA2-0000-001095020A00}\nProcessId: 3056\nImage: C:\\Program Files\\7-Zip\\7zG.exe\nTargetFilename: C:\\Users\\flare\\Downloads\\SysinternalsSuite\\readme.txt\nCreationUtcTime: 2018-09-19 13:06:36.187","@version":"1","provider_guid":"{5770385F-C22A-43E0-BF4C-06F5698FFBD9}","beat":{"version":"6.4.0","name":"flare-PC","hostname":"flare-PC"},"tags":["beats_input_codec_plain_applied"],"type":"wineventlog","event_id":11,"record_number":"1049","host":{"name":"flare-PC"},"user":{"name":"SYSTEM","identifier":"S-1-5-18","type":"User","domain":"NT-AUTORITÄT"},"version":2,"task":"File created (rule: FileCreate)","opcode":"Info"}
{"index":{"_index":"winlogbeat-6.4.0-2018.09.19","_type":"doc","_id":"E1_x8WUBfVn9xHWiSTto"}}
{"thread_id":1824,"event_data":{"CreationUtcTime":"2018-09-19 13:06:36.281","UtcTime":"2018-09-19 13:06:36.281","Image":"C:\\Program Files\\7-Zip\\7zG.exe","TargetFilename":"C:\\Users\\flare\\Downloads\\SysinternalsSuite\\Clockres64.exe","ProcessId":"3056","ProcessGuid":"{2D3B23BE-49CF-5BA2-0000-001095020A00}"},"@timestamp":"2018-09-19T13:06:36.281Z","log_name":"Microsoft-Windows-Sysmon/Operational","level":"Informationen","computer_name":"flare-PC","source_name":"Microsoft-Windows-Sysmon","process_id":1304,"provider_guid":"{5770385F-C22A-43E0-BF4C-06F5698FFBD9}","message":"File created:\nRuleName: \nUtcTime: 2018-09-19 13:06:36.281\nProcessGuid: {2D3B23BE-49CF-5BA2-0000-001095020A00}\nProcessId: 3056\nImage: C:\\Program Files\\7-Zip\\7zG.exe\nTargetFilename: C:\\Users\\flare\\Downloads\\SysinternalsSuite\\Clockres64.exe\nCreationUtcTime: 2018-09-19 13:06:36.281","@version":"1","beat":{"version":"6.4.0","name":"flare-PC","hostname":"flare-PC"},"tags":["beats_input_codec_plain_applied"],"task":"File created (rule: FileCreate)","event_id":11,"record_number":"1065","version":2,"user":{"name":"SYSTEM","identifier":"S-1-5-18","domain":"NT-AUTORITÄT","type":"User"},"type":"wineventlog","host":{"name":"flare-PC"},"opcode":"Info"}
{"index":{"_index":"winlogbeat-6.4.0-2018.09.19","_type":"doc","_id":"FV_x8WUBfVn9xHWiSTto"}}
{"thread_id":1824,"event_data":{"CreationUtcTime":"2018-09-19 13:06:36.312","UtcTime":"2018-09-19 13:06:36.312","Image":"C:\\Program Files\\7-Zip\\7zG.exe","TargetFilename":"C:\\Users\\flare\\Downloads\\SysinternalsSuite\\hex2dec64.exe","ProcessId":"3056","ProcessGuid":"{2D3B23BE-49CF-5BA2-0000-001095020A00}"},"@timestamp":"2018-09-19T13:06:36.312Z","log_name":"Microsoft-Windows-Sysmon/Operational","level":"Informationen","computer_name":"flare-PC","source_name":"Microsoft-Windows-Sysmon","process_id":1304,"message":"File created:\nRuleName: \nUtcTime: 2018-09-19 13:06:36.312\nProcessGuid: {2D3B23BE-49CF-5BA2-0000-001095020A00}\nProcessId: 3056\nImage: C:\\Program Files\\7-Zip\\7zG.exe\nTargetFilename: C:\\Users\\flare\\Downloads\\SysinternalsSuite\\hex2dec64.exe\nCreationUtcTime: 2018-09-19 13:06:36.312","@version":"1","provider_guid":"{5770385F-C22A-43E0-BF4C-06F5698FFBD9}","beat":{"version":"6.4.0","name":"flare-PC","hostname":"flare-PC"},"tags":["beats_input_codec_plain_applied"],"task":"File created (rule: FileCreate)","type":"wineventlog","record_number":"1073","version":2,"host":{"name":"flare-PC"},"user":{"domain":"NT-AUTORITÄT","identifier":"S-1-5-18","type":"User","name":"SYSTEM"},"event_id":11,"opcode":"Info"}
{"index":{"_index":"winlogbeat-6.4.0-2018.09.19","_type":"doc","_id":"Fl_x8WUBfVn9xHWiSTto"}}
{"thread_id":1824,"event_data":{"CreationUtcTime":"2018-09-19 13:06:36.328","UtcTime":"2018-09-19 13:06:36.328","Image":"C:\\Program Files\\7-Zip\\7zG.exe","TargetFilename":"C:\\Users\\flare\\Downloads\\SysinternalsSuite\\Listdlls64.exe","ProcessId":"3056","ProcessGuid":"{2D3B23BE-49CF-5BA2-0000-001095020A00}"},"@timestamp":"2018-09-19T13:06:36.328Z","log_name":"Microsoft-Windows-Sysmon/Operational","level":"Informationen","computer_name":"flare-PC","source_name":"Microsoft-Windows-Sysmon","process_id":1304,"message":"File created:\nRuleName: \nUtcTime: 2018-09-19 13:06:36.328\nProcessGuid: {2D3B23BE-49CF-5BA2-0000-001095020A00}\nProcessId: 3056\nImage: C:\\Program Files\\7-Zip\\7zG.exe\nTargetFilename: C:\\Users\\flare\\Downloads\\SysinternalsSuite\\Listdlls64.exe\nCreationUtcTime: 2018-09-19 13:06:36.328","@version":"1","provider_guid":"{5770385F-C22A-43E0-BF4C-06F5698FFBD9}","beat":{"version":"6.4.0","name":"flare-PC","hostname":"flare-PC"},"tags":["beats_input_codec_plain_applied"],"task":"File created (rule: FileCreate)","record_number":"1077","event_id":11,"version":2,"host":{"name":"flare-PC"},"user":{"name":"SYSTEM","domain":"NT-AUTORITÄT","type":"User","identifier":"S-1-5-18"},"type":"wineventlog","opcode":"Info"}
{"index":{"_index":"winlogbeat-6.4.0-2018.09.19","_type":"doc","_id":"F1_x8WUBfVn9xHWiSTto"}}
{"thread_id":1824,"event_data":{"CreationUtcTime":"2018-09-19 13:06:36.343","UtcTime":"2018-09-19 13:06:36.343","Image":"C:\\Program Files\\7-Zip\\7zG.exe","TargetFilename":"C:\\Users\\flare\\Downloads\\SysinternalsSuite\\LoadOrdC64.exe","ProcessId":"3056","ProcessGuid":"{2D3B23BE-49CF-5BA2-0000-001095020A00}"},"@timestamp":"2018-09-19T13:06:36.343Z","log_name":"Microsoft-Windows-Sysmon/Operational","level":"Informationen","computer_name":"flare-PC","source_name":"Microsoft-Windows-Sysmon","process_id":1304,"provider_guid":"{5770385F-C22A-43E0-BF4C-06F5698FFBD9}","message":"File created:\nRuleName: \nUtcTime: 2018-09-19 13:06:36.343\nProcessGuid: {2D3B23BE-49CF-5BA2-0000-001095020A00}\nProcessId: 3056\nImage: C:\\Program Files\\7-Zip\\7zG.exe\nTargetFilename: C:\\Users\\flare\\Downloads\\SysinternalsSuite\\LoadOrdC64.exe\nCreationUtcTime: 2018-09-19 13:06:36.343","@version":"1","beat":{"version":"6.4.0","name":"flare-PC","hostname":"flare-PC"},"tags":["beats_input_codec_plain_applied"],"type":"wineventlog","record_number":"1081","event_id":11,"host":{"name":"flare-PC"},"user":{"name":"SYSTEM","identifier":"S-1-5-18","domain":"NT-AUTORITÄT","type":"User"},"version":2,"task":"File created (rule: FileCreate)","opcode":"Info"}
{"index":{"_index":"winlogbeat-6.4.0-2018.09.19","_type":"doc","_id":"GV_x8WUBfVn9xHWiSTto"}}
{"thread_id":1824,"event_data":{"CreationUtcTime":"2018-09-19 13:06:36.359","UtcTime":"2018-09-19 13:06:36.359","Image":"C:\\Program Files\\7-Zip\\7zG.exe","TargetFilename":"C:\\Users\\flare\\Downloads\\SysinternalsSuite\\movefile64.exe","ProcessId":"3056","ProcessGuid":"{2D3B23BE-49CF-5BA2-0000-001095020A00}"},"@timestamp":"2018-09-19T13:06:36.359Z","log_name":"Microsoft-Windows-Sysmon/Operational","level":"Informationen","computer_name":"flare-PC","source_name":"Microsoft-Windows-Sysmon","process_id":1304,"message":"File created:\nRuleName: \nUtcTime: 2018-09-19 13:06:36.359\nProcessGuid: {2D3B23BE-49CF-5BA2-0000-001095020A00}\nProcessId: 3056\nImage: C:\\Program Files\\7-Zip\\7zG.exe\nTargetFilename: C:\\Users\\flare\\Downloads\\SysinternalsSuite\\movefile64.exe\nCreationUtcTime: 2018-09-19 13:06:36.359","@version":"1","provider_guid":"{5770385F-C22A-43E0-BF4C-06F5698FFBD9}","beat":{"version":"6.4.0","name":"flare-PC","hostname":"flare-PC"},"tags":["beats_input_codec_plain_applied"],"task":"File created (rule: FileCreate)","record_number":"1089","type":"wineventlog","version":2,"event_id":11,"user":{"name":"SYSTEM","identifier":"S-1-5-18","type":"User","domain":"NT-AUTORITÄT"},"host":{"name":"flare-PC"},"opcode":"Info"}
{"index":{"_index":"winlogbeat-6.4.0-2018.09.19","_type":"doc","_id":"Gl_x8WUBfVn9xHWiSTto"}}
{"thread_id":1824,"event_data":{"CreationUtcTime":"2018-09-19 13:06:36.406","UtcTime":"2018-09-19 13:06:36.406","Image":"C:\\Program Files\\7-Zip\\7zG.exe","TargetFilename":"C:\\Users\\flare\\Downloads\\SysinternalsSuite\\PsExec64.exe","ProcessId":"3056","ProcessGuid":"{2D3B23BE-49CF-5BA2-0000-001095020A00}"},"@timestamp":"2018-09-19T13:06:36.406Z","log_name":"Microsoft-Windows-Sysmon/Operational","level":"Informationen","computer_name":"flare-PC","source_name":"Microsoft-Windows-Sysmon","process_id":1304,"@version":"1","provider_guid":"{5770385F-C22A-43E0-BF4C-06F5698FFBD9}","message":"File created:\nRuleName: \nUtcTime: 2018-09-19 13:06:36.406\nProcessGuid: {2D3B23BE-49CF-5BA2-0000-001095020A00}\nProcessId: 3056\nImage: C:\\Program Files\\7-Zip\\7zG.exe\nTargetFilename: C:\\Users\\flare\\Downloads\\SysinternalsSuite\\PsExec64.exe\nCreationUtcTime: 2018-09-19 13:06:36.406","beat":{"version":"6.4.0","name":"flare-PC","hostname":"flare-PC"},"tags":["beats_input_codec_plain_applied"],"task":"File created (rule: FileCreate)","event_id":11,"type":"wineventlog","version":2,"record_number":"1093","host":{"name":"flare-PC"},"user":{"domain":"NT-AUTORITÄT","identifier":"S-1-5-18","type":"User","name":"SYSTEM"},"opcode":"Info"}
{"index":{"_index":"winlogbeat-6.4.0-2018.09.19","_type":"doc","_id":"HF_x8WUBfVn9xHWiSTto"}}
{"thread_id":1824,"event_data":{"CreationUtcTime":"2018-09-19 13:06:36.437","UtcTime":"2018-09-19 13:06:36.437","Image":"C:\\Program Files\\7-Zip\\7zG.exe","TargetFilename":"C:\\Users\\flare\\Downloads\\SysinternalsSuite\\PsLoggedon64.exe","ProcessId":"3056","ProcessGuid":"{2D3B23BE-49CF-5BA2-0000-001095020A00}"},"@timestamp":"2018-09-19T13:06:36.437Z","log_name":"Microsoft-Windows-Sysmon/Operational","level":"Informationen","computer_name":"flare-PC","source_name":"Microsoft-Windows-Sysmon","process_id":1304,"@version":"1","provider_guid":"{5770385F-C22A-43E0-BF4C-06F5698FFBD9}","message":"File created:\nRuleName: \nUtcTime: 2018-09-19 13:06:36.437\nProcessGuid: {2D3B23BE-49CF-5BA2-0000-001095020A00}\nProcessId: 3056\nImage: C:\\Program Files\\7-Zip\\7zG.exe\nTargetFilename: C:\\Users\\flare\\Downloads\\SysinternalsSuite\\PsLoggedon64.exe\nCreationUtcTime: 2018-09-19 13:06:36.437","beat":{"version":"6.4.0","name":"flare-PC","hostname":"flare-PC"},"tags":["beats_input_codec_plain_applied"],"type":"wineventlog","event_id":11,"record_number":"1101","host":{"name":"flare-PC"},"user":{"domain":"NT-AUTORITÄT","identifier":"S-1-5-18","type":"User","name":"SYSTEM"},"version":2,"task":"File created (rule: FileCreate)","opcode":"Info"}
