{"index":{"_index":"winlogbeat-6.4.0-2018.09.19","_type":"doc","_id":"kF_28WUBfVn9xHWi5zxC"}}
{"thread_id":1824,"event_data":{"UtcTime":"2018-09-19 13:12:28.594","Image":"C:\\Users\\flare\\Downloads\\RTA-master\\evil.com","ProcessId":"4056","ProcessGuid":"{2D3B23BE-4B37-5BA2-0000-0010555D1700}"},"@timestamp":"2018-09-19T13:12:28.594Z","log_name":"Microsoft-Windows-Sysmon/Operational","level":"Informationen","computer_name":"flare-PC","source_name":"Microsoft-Windows-Sysmon","process_id":1304,"provider_guid":"{5770385F-C22A-43E0-BF4C-06F5698FFBD9}","message":"Process terminated:\nRuleName: \nUtcTime: 2018-09-19 13:12:28.594\nProcessGuid: {2D3B23BE-4B37-5BA2-0000-0010555D1700}\nProcessId: 4056\nImage: C:\\Users\\flare\\Downloads\\RTA-master\\evil.com","@version":"1","beat":{"version":"6.4.0","name":"flare-PC","hostname":"flare-PC"},"tags":["beats_input_codec_plain_applied"],"task":"Process terminated (rule: ProcessTerminate)","event_id":5,"type":"wineventlog","record_number":"1388","user":{"name":"SYSTEM","identifier":"S-1-5-18","domain":"NT-AUTORITÄT","type":"User"},"version":3,"host":{"name":"flare-PC"},"opcode":"Info"}
{"index":{"_index":"winlogbeat-6.4.0-2018.09.19","_type":"doc","_id":"s1_38WUBfVn9xHWinTx_"}}
{"thread_id":1824,"event_data":{"LogonId":"0xe320","Product":"Betriebssystem Microsoft® Windows®","User":"flare-PC\\flare","Image":"C:\\Windows\\SysWOW64\\reg.exe","Description":"Konsolenregistrierungsprogramm","UtcTime":"2018-09-19 13:13:13.807","Hashes":"MD5=D69A9ABBB0D795F21995C2F48C1EB560,SHA256=36414C7E57AFA6136D77FD47F4C55102E35F2475FBCD719728DA7D14B1590E2A","FileVersion":"6.1.7600.16385 (win7_rtm.090713-1255)","ParentCommandLine":"\"C:\\Program Files (x86)\\Python27\\python.exe\"  C:\\Users\\flare\\Downloads\\RTA-master\\red_ttp\\registry_hive_export.py","ParentImage":"C:\\Program Files (x86)\\Python27\\python.exe","LogonGuid":"{2D3B23BE-45CC-5BA2-0000-002020E30000}","Company":"Microsoft Corporation","CurrentDirectory":"C:\\Users\\flare\\Downloads\\RTA-master\\","ParentProcessId":"3828","CommandLine":"reg.exe save hkey_local_machine\\system C:\\Users\\flare\\Downloads\\RTA-master\\system.reg","IntegrityLevel":"Medium","ProcessId":"3704","TerminalSessionId":"1","ParentProcessGuid":"{2D3B23BE-4B69-5BA2-0000-00109FD61700}","ProcessGuid":"{2D3B23BE-4B69-5BA2-0000-001051071800}"},"@timestamp":"2018-09-19T13:13:13.807Z","log_name":"Microsoft-Windows-Sysmon/Operational","level":"Informationen","computer_name":"flare-PC","source_name":"Microsoft-Windows-Sysmon","process_id":1304,"message":"Process Create:\nRuleName: \nUtcTime: 2018-09-19 13:13:13.807\nProcessGuid: {2D3B23BE-4B69-5BA2-0000-001051071800}\nProcessId: 3704\nImage: C:\\Windows\\SysWOW64\\reg.exe\nFileVersion: 6.1.7600.16385 (win7_rtm.090713-1255)\nDescription: Konsolenregistrierungsprogramm\nProduct: Betriebssystem Microsoft® Windows®\nCompany: Microsoft Corporation\nCommandLine: reg.exe save hkey_local_machine\\system C:\\Users\\flare\\Downloads\\RTA-master\\system.reg\nCurrentDirectory: C:\\Users\\flare\\Downloads\\RTA-master\\\nUser: flare-PC\\flare\nLogonGuid: {2D3B23BE-45CC-5BA2-0000-002020E30000}\nLogonId: 0xe320\nTerminalSessionId: 1\nIntegrityLevel: Medium\nHashes: MD5=D69A9ABBB0D795F21995C2F48C1EB560,SHA256=36414C7E57AFA6136D77FD47F4C55102E35F2475FBCD719728DA7D14B1590E2A\nParentProcessGuid: {2D3B23BE-4B69-5BA2-0000-00109FD61700}\nParentProcessId: 3828\nParentImage: C:\\Program Files (x86)\\Python27\\python.exe\nParentCommandLine: \"C:\\Program Files (x86)\\Python27\\python.exe\"  C:\\Users\\flare\\Downloads\\RTA-master\\red_ttp\\registry_hive_export.py","@version":"1","provider_guid":"{5770385F-C22A-43E0-BF4C-06F5698FFBD9}","beat":{"version":"6.4.0","name":"flare-PC","hostname":"flare-PC"},"tags":["beats_input_codec_plain_applied"],"type":"wineventlog","event_id":1,"record_number":"1426","version":5,"user":{"name":"SYSTEM","identifier":"S-1-5-18","domain":"NT-AUTORITÄT","type":"User"},"host":{"name":"flare-PC"},"task":"Process Create (rule: ProcessCreate)","opcode":"Info"}
{"index":{"_index":"winlogbeat-6.4.0-2018.09.19","_type":"doc","_id":"tV_38WUBfVn9xHWinTyB"}}
{"thread_id":1824,"event_data":{"LogonId":"0xe320","User":"flare-PC\\flare","Product":"Betriebssystem Microsoft® Windows®","Hashes":"MD5=D69A9ABBB0D795F21995C2F48C1EB560,SHA256=36414C7E57AFA6136D77FD47F4C55102E35F2475FBCD719728DA7D14B1590E2A","ParentProcessGuid":"{2D3B23BE-4B69-5BA2-0000-00109FD61700}","Description":"Konsolenregistrierungsprogramm","UtcTime":"2018-09-19 13:13:13.651","FileVersion":"6.1.7600.16385 (win7_rtm.090713-1255)","ParentCommandLine":"\"C:\\Program Files (x86)\\Python27\\python.exe\"  C:\\Users\\flare\\Downloads\\RTA-master\\red_ttp\\registry_hive_export.py","ParentImage":"C:\\Program Files (x86)\\Python27\\python.exe","TerminalSessionId":"1","CommandLine":"reg.exe save hkey_local_machine\\sam C:\\Users\\flare\\Downloads\\RTA-master\\sam.reg","ParentProcessId":"3828","ProcessId":"3944","CurrentDirectory":"C:\\Users\\flare\\Downloads\\RTA-master\\","LogonGuid":"{2D3B23BE-45CC-5BA2-0000-002020E30000}","IntegrityLevel":"Medium","Company":"Microsoft Corporation","Image":"C:\\Windows\\SysWOW64\\reg.exe","ProcessGuid":"{2D3B23BE-4B69-5BA2-0000-001011011800}"},"@timestamp":"2018-09-19T13:13:13.651Z","log_name":"Microsoft-Windows-Sysmon/Operational","level":"Informationen","computer_name":"flare-PC","source_name":"Microsoft-Windows-Sysmon","process_id":1304,"message":"Process Create:\nRuleName: \nUtcTime: 2018-09-19 13:13:13.651\nProcessGuid: {2D3B23BE-4B69-5BA2-0000-001011011800}\nProcessId: 3944\nImage: C:\\Windows\\SysWOW64\\reg.exe\nFileVersion: 6.1.7600.16385 (win7_rtm.090713-1255)\nDescription: Konsolenregistrierungsprogramm\nProduct: Betriebssystem Microsoft® Windows®\nCompany: Microsoft Corporation\nCommandLine: reg.exe save hkey_local_machine\\sam C:\\Users\\flare\\Downloads\\RTA-master\\sam.reg\nCurrentDirectory: C:\\Users\\flare\\Downloads\\RTA-master\\\nUser: flare-PC\\flare\nLogonGuid: {2D3B23BE-45CC-5BA2-0000-002020E30000}\nLogonId: 0xe320\nTerminalSessionId: 1\nIntegrityLevel: Medium\nHashes: MD5=D69A9ABBB0D795F21995C2F48C1EB560,SHA256=36414C7E57AFA6136D77FD47F4C55102E35F2475FBCD719728DA7D14B1590E2A\nParentProcessGuid: {2D3B23BE-4B69-5BA2-0000-00109FD61700}\nParentProcessId: 3828\nParentImage: C:\\Program Files (x86)\\Python27\\python.exe\nParentCommandLine: \"C:\\Program Files (x86)\\Python27\\python.exe\"  C:\\Users\\flare\\Downloads\\RTA-master\\red_ttp\\registry_hive_export.py","@version":"1","provider_guid":"{5770385F-C22A-43E0-BF4C-06F5698FFBD9}","beat":{"version":"6.4.0","name":"flare-PC","hostname":"flare-PC"},"tags":["beats_input_codec_plain_applied"],"task":"Process Create (rule: ProcessCreate)","record_number":"1420","type":"wineventlog","version":5,"user":{"name":"SYSTEM","identifier":"S-1-5-18","domain":"NT-AUTORITÄT","type":"User"},"event_id":1,"host":{"name":"flare-PC"},"opcode":"Info"}
{"index":{"_index":"winlogbeat-6.4.0-2018.09.19","_type":"doc","_id":"tl_38WUBfVn9xHWinTyB"}}
{"thread_id":1824,"event_data":{"LogonId":"0xe320","Product":"Betriebssystem Microsoft® Windows®","UtcTime":"2018-09-19 13:13:13.760","Hashes":"MD5=D69A9ABBB0D795F21995C2F48C1EB560,SHA256=36414C7E57AFA6136D77FD47F4C55102E35F2475FBCD719728DA7D14B1590E2A","Description":"Konsolenregistrierungsprogramm","ParentProcessGuid":"{2D3B23BE-4B69-5BA2-0000-00109FD61700}","Image":"C:\\Windows\\SysWOW64\\reg.exe","ParentImage":"C:\\Program Files (x86)\\Python27\\python.exe","ParentCommandLine":"\"C:\\Program Files (x86)\\Python27\\python.exe\"  C:\\Users\\flare\\Downloads\\RTA-master\\red_ttp\\registry_hive_export.py","FileVersion":"6.1.7600.16385 (win7_rtm.090713-1255)","TerminalSessionId":"1","CommandLine":"reg.exe save hkey_local_machine\\security C:\\Users\\flare\\Downloads\\RTA-master\\security.reg","ParentProcessId":"3828","LogonGuid":"{2D3B23BE-45CC-5BA2-0000-002020E30000}","ProcessId":"3968","IntegrityLevel":"Medium","CurrentDirectory":"C:\\Users\\flare\\Downloads\\RTA-master\\","Company":"Microsoft Corporation","User":"flare-PC\\flare","ProcessGuid":"{2D3B23BE-4B69-5BA2-0000-00103B051800}"},"@timestamp":"2018-09-19T13:13:13.776Z","log_name":"Microsoft-Windows-Sysmon/Operational","level":"Informationen","computer_name":"flare-PC","source_name":"Microsoft-Windows-Sysmon","process_id":1304,"provider_guid":"{5770385F-C22A-43E0-BF4C-06F5698FFBD9}","message":"Process Create:\nRuleName: \nUtcTime: 2018-09-19 13:13:13.760\nProcessGuid: {2D3B23BE-4B69-5BA2-0000-00103B051800}\nProcessId: 3968\nImage: C:\\Windows\\SysWOW64\\reg.exe\nFileVersion: 6.1.7600.16385 (win7_rtm.090713-1255)\nDescription: Konsolenregistrierungsprogramm\nProduct: Betriebssystem Microsoft® Windows®\nCompany: Microsoft Corporation\nCommandLine: reg.exe save hkey_local_machine\\security C:\\Users\\flare\\Downloads\\RTA-master\\security.reg\nCurrentDirectory: C:\\Users\\flare\\Downloads\\RTA-master\\\nUser: flare-PC\\flare\nLogonGuid: {2D3B23BE-45CC-5BA2-0000-002020E30000}\nLogonId: 0xe320\nTerminalSessionId: 1\nIntegrityLevel: Medium\nHashes: MD5=D69A9ABBB0D795F21995C2F48C1EB560,SHA256=36414C7E57AFA6136D77FD47F4C55102E35F2475FBCD719728DA7D14B1590E2A\nParentProcessGuid: {2D3B23BE-4B69-5BA2-0000-00109FD61700}\nParentProcessId: 3828\nParentImage: C:\\Program Files (x86)\\Python27\\python.exe\nParentCommandLine: \"C:\\Program Files (x86)\\Python27\\python.exe\"  C:\\Users\\flare\\Downloads\\RTA-master\\red_ttp\\registry_hive_export.py","@version":"1","beat":{"version":"6.4.0","name":"flare-PC","hostname":"flare-PC"},"tags":["beats_input_codec_plain_applied"],"task":"Process Create (rule: ProcessCreate)","type":"wineventlog","event_id":1,"host":{"name":"flare-PC"},"version":5,"user":{"name":"SYSTEM","identifier":"S-1-5-18","type":"User","domain":"NT-AUTORITÄT"},"record_number":"1424","opcode":"Info"}
{"index":{"_index":"winlogbeat-6.4.0-2018.09.19","_type":"doc","_id":"t1_38WUBfVn9xHWinTyB"}}
{"thread_id":1824,"event_data":{"LogonId":"0xe320","User":"flare-PC\\flare","ParentProcessGuid":"{2D3B23BE-4B69-5BA2-0000-00109FD61700}","Image":"C:\\Windows\\SysWOW64\\reg.exe","Description":"Konsolenregistrierungsprogramm","Hashes":"MD5=D69A9ABBB0D795F21995C2F48C1EB560,SHA256=36414C7E57AFA6136D77FD47F4C55102E35F2475FBCD719728DA7D14B1590E2A","UtcTime":"2018-09-19 13:13:13.838","ParentImage":"C:\\Program Files (x86)\\Python27\\python.exe","FileVersion":"6.1.7600.16385 (win7_rtm.090713-1255)","ParentCommandLine":"\"C:\\Program Files (x86)\\Python27\\python.exe\"  C:\\Users\\flare\\Downloads\\RTA-master\\red_ttp\\registry_hive_export.py","Company":"Microsoft Corporation","CommandLine":"reg.exe save hklm\\system C:\\Users\\flare\\Downloads\\RTA-master\\system.reg","LogonGuid":"{2D3B23BE-45CC-5BA2-0000-002020E30000}","ProcessId":"1344","ParentProcessId":"3828","IntegrityLevel":"Medium","TerminalSessionId":"1","Product":"Betriebssystem Microsoft® Windows®","CurrentDirectory":"C:\\Users\\flare\\Downloads\\RTA-master\\","ProcessGuid":"{2D3B23BE-4B69-5BA2-0000-001092081800}"},"@timestamp":"2018-09-19T13:13:13.854Z","log_name":"Microsoft-Windows-Sysmon/Operational","level":"Informationen","computer_name":"flare-PC","source_name":"Microsoft-Windows-Sysmon","process_id":1304,"provider_guid":"{5770385F-C22A-43E0-BF4C-06F5698FFBD9}","message":"Process Create:\nRuleName: \nUtcTime: 2018-09-19 13:13:13.838\nProcessGuid: {2D3B23BE-4B69-5BA2-0000-001092081800}\nProcessId: 1344\nImage: C:\\Windows\\SysWOW64\\reg.exe\nFileVersion: 6.1.7600.16385 (win7_rtm.090713-1255)\nDescription: Konsolenregistrierungsprogramm\nProduct: Betriebssystem Microsoft® Windows®\nCompany: Microsoft Corporation\nCommandLine: reg.exe save hklm\\system C:\\Users\\flare\\Downloads\\RTA-master\\system.reg\nCurrentDirectory: C:\\Users\\flare\\Downloads\\RTA-master\\\nUser: flare-PC\\flare\nLogonGuid: {2D3B23BE-45CC-5BA2-0000-002020E30000}\nLogonId: 0xe320\nTerminalSessionId: 1\nIntegrityLevel: Medium\nHashes: MD5=D69A9ABBB0D795F21995C2F48C1EB560,SHA256=36414C7E57AFA6136D77FD47F4C55102E35F2475FBCD719728DA7D14B1590E2A\nParentProcessGuid: {2D3B23BE-4B69-5BA2-0000-00109FD61700}\nParentProcessId: 3828\nParentImage: C:\\Program Files (x86)\\Python27\\python.exe\nParentCommandLine: \"C:\\Program Files (x86)\\Python27\\python.exe\"  C:\\Users\\flare\\Downloads\\RTA-master\\red_ttp\\registry_hive_export.py","@version":"1","beat":{"version":"6.4.0","name":"flare-PC","hostname":"flare-PC"},"tags":["beats_input_codec_plain_applied"],"type":"wineventlog","record_number":"1428","task":"Process Create (rule: ProcessCreate)","version":5,"host":{"name":"flare-PC"},"event_id":1,"user":{"name":"SYSTEM","identifier":"S-1-5-18","domain":"NT-AUTORITÄT","type":"User"},"opcode":"Info"}
{"index":{"_index":"winlogbeat-6.4.0-2018.09.19","_type":"doc","_id":"uF_38WUBfVn9xHWinTyB"}}
{"thread_id":1824,"event_data":{"ParentProcessGuid":"{2D3B23BE-4A1C-5BA2-0000-0010C8100B00}","Product":"Betriebssystem Microsoft® Windows®","User":"flare-PC\\flare","Hashes":"MD5=AD7B9C14083B52BC532FBA5948342B98,SHA256=17F746D82695FA9B35493B41859D39D786D32B23A9D2E00F4011DEC7A02402AE","Image":"C:\\Windows\\SysWOW64\\cmd.exe","Description":"Windows-Befehlsprozessor","LogonId":"0xe320","ParentImage":"C:\\Program Files (x86)\\Python27\\python.exe","FileVersion":"6.1.7601.17514 (win7sp1_rtm.101119-1850)","ParentCommandLine":"\"C:\\Program Files (x86)\\Python27\\python.exe\" \"C:\\Users\\flare\\Downloads\\RTA-master\\run_all.py\" ","LogonGuid":"{2D3B23BE-45CC-5BA2-0000-002020E30000}","CommandLine":"C:\\Windows\\system32\\cmd.exe /c \"\"C:\\Program Files (x86)\\Python27\\python.exe\" C:\\Users\\flare\\Downloads\\RTA-master\\red_ttp\\regsvr32_scrobj.py\"","ParentProcessId":"3756","ProcessId":"3764","TerminalSessionId":"1","IntegrityLevel":"Medium","CurrentDirectory":"C:\\Users\\flare\\Downloads\\RTA-master\\","Company":"Microsoft Corporation","UtcTime":"2018-09-19 13:13:14.342","ProcessGuid":"{2D3B23BE-4B6A-5BA2-0000-0010DD371800}"},"@timestamp":"2018-09-19T13:13:14.342Z","log_name":"Microsoft-Windows-Sysmon/Operational","level":"Informationen","computer_name":"flare-PC","source_name":"Microsoft-Windows-Sysmon","process_id":1304,"message":"Process Create:\nRuleName: \nUtcTime: 2018-09-19 13:13:14.342\nProcessGuid: {2D3B23BE-4B6A-5BA2-0000-0010DD371800}\nProcessId: 3764\nImage: C:\\Windows\\SysWOW64\\cmd.exe\nFileVersion: 6.1.7601.17514 (win7sp1_rtm.101119-1850)\nDescription: Windows-Befehlsprozessor\nProduct: Betriebssystem Microsoft® Windows®\nCompany: Microsoft Corporation\nCommandLine: C:\\Windows\\system32\\cmd.exe /c \"\"C:\\Program Files (x86)\\Python27\\python.exe\" C:\\Users\\flare\\Downloads\\RTA-master\\red_ttp\\regsvr32_scrobj.py\"\nCurrentDirectory: C:\\Users\\flare\\Downloads\\RTA-master\\\nUser: flare-PC\\flare\nLogonGuid: {2D3B23BE-45CC-5BA2-0000-002020E30000}\nLogonId: 0xe320\nTerminalSessionId: 1\nIntegrityLevel: Medium\nHashes: MD5=AD7B9C14083B52BC532FBA5948342B98,SHA256=17F746D82695FA9B35493B41859D39D786D32B23A9D2E00F4011DEC7A02402AE\nParentProcessGuid: {2D3B23BE-4A1C-5BA2-0000-0010C8100B00}\nParentProcessId: 3756\nParentImage: C:\\Program Files (x86)\\Python27\\python.exe\nParentCommandLine: \"C:\\Program Files (x86)\\Python27\\python.exe\" \"C:\\Users\\flare\\Downloads\\RTA-master\\run_all.py\" ","@version":"1","provider_guid":"{5770385F-C22A-43E0-BF4C-06F5698FFBD9}","beat":{"version":"6.4.0","name":"flare-PC","hostname":"flare-PC"},"tags":["beats_input_codec_plain_applied"],"type":"wineventlog","task":"Process Create (rule: ProcessCreate)","event_id":1,"version":5,"user":{"name":"SYSTEM","identifier":"S-1-5-18","domain":"NT-AUTORITÄT","type":"User"},"record_number":"1432","host":{"name":"flare-PC"},"opcode":"Info"}
{"index":{"_index":"winlogbeat-6.4.0-2018.09.19","_type":"doc","_id":"vF_38WUBfVn9xHWinTyB"}}
{"thread_id":1824,"event_data":{"ParentProcessGuid":"{2D3B23BE-4B6A-5BA2-0000-0010DD371800}","User":"flare-PC\\flare","UtcTime":"2018-09-19 13:13:14.358","Hashes":"MD5=6E8B813C218546F9DF6F17F4B97B06EE,SHA256=C7817E6DA74A7AE196EB2D35CE21319ABE3A62CD23AB4DB39FA5138DF7CA1D44","Image":"C:\\Program Files (x86)\\Python27\\python.exe","Product":"?","Description":"?","FileVersion":"?","ParentCommandLine":"C:\\Windows\\system32\\cmd.exe /c \"\"C:\\Program Files (x86)\\Python27\\python.exe\" C:\\Users\\flare\\Downloads\\RTA-master\\red_ttp\\regsvr32_scrobj.py\"","ParentImage":"C:\\Windows\\SysWOW64\\cmd.exe","Company":"?","CommandLine":"\"C:\\Program Files (x86)\\Python27\\python.exe\"  C:\\Users\\flare\\Downloads\\RTA-master\\red_ttp\\regsvr32_scrobj.py","CurrentDirectory":"C:\\Users\\flare\\Downloads\\RTA-master\\","ParentProcessId":"3764","ProcessId":"628","IntegrityLevel":"Medium","TerminalSessionId":"1","LogonGuid":"{2D3B23BE-45CC-5BA2-0000-002020E30000}","LogonId":"0xe320","ProcessGuid":"{2D3B23BE-4B6A-5BA2-0000-001016391800}"},"@timestamp":"2018-09-19T13:13:14.374Z","log_name":"Microsoft-Windows-Sysmon/Operational","level":"Informationen","computer_name":"flare-PC","source_name":"Microsoft-Windows-Sysmon","process_id":1304,"provider_guid":"{5770385F-C22A-43E0-BF4C-06F5698FFBD9}","message":"Process Create:\nRuleName: \nUtcTime: 2018-09-19 13:13:14.358\nProcessGuid: {2D3B23BE-4B6A-5BA2-0000-001016391800}\nProcessId: 628\nImage: C:\\Program Files (x86)\\Python27\\python.exe\nFileVersion: ?\nDescription: ?\nProduct: ?\nCompany: ?\nCommandLine: \"C:\\Program Files (x86)\\Python27\\python.exe\"  C:\\Users\\flare\\Downloads\\RTA-master\\red_ttp\\regsvr32_scrobj.py\nCurrentDirectory: C:\\Users\\flare\\Downloads\\RTA-master\\\nUser: flare-PC\\flare\nLogonGuid: {2D3B23BE-45CC-5BA2-0000-002020E30000}\nLogonId: 0xe320\nTerminalSessionId: 1\nIntegrityLevel: Medium\nHashes: MD5=6E8B813C218546F9DF6F17F4B97B06EE,SHA256=C7817E6DA74A7AE196EB2D35CE21319ABE3A62CD23AB4DB39FA5138DF7CA1D44\nParentProcessGuid: {2D3B23BE-4B6A-5BA2-0000-0010DD371800}\nParentProcessId: 3764\nParentImage: C:\\Windows\\SysWOW64\\cmd.exe\nParentCommandLine: C:\\Windows\\system32\\cmd.exe /c \"\"C:\\Program Files (x86)\\Python27\\python.exe\" C:\\Users\\flare\\Downloads\\RTA-master\\red_ttp\\regsvr32_scrobj.py\"","@version":"1","beat":{"version":"6.4.0","name":"flare-PC","hostname":"flare-PC"},"tags":["beats_input_codec_plain_applied"],"type":"wineventlog","event_id":1,"task":"Process Create (rule: ProcessCreate)","host":{"name":"flare-PC"},"user":{"domain":"NT-AUTORITÄT","identifier":"S-1-5-18","type":"User","name":"SYSTEM"},"version":5,"record_number":"1433","opcode":"Info"}
{"index":{"_index":"winlogbeat-6.4.0-2018.09.19","_type":"doc","_id":"mF_38WUBfVn9xHWiKzyH"}}
{"thread_id":1824,"event_data":{"ParentProcessGuid":"{2D3B23BE-4A1C-5BA2-0000-0010C8100B00}","Product":"Betriebssystem Microsoft® Windows®","UtcTime":"2018-09-19 13:12:45.315","Hashes":"MD5=AD7B9C14083B52BC532FBA5948342B98,SHA256=17F746D82695FA9B35493B41859D39D786D32B23A9D2E00F4011DEC7A02402AE","Image":"C:\\Windows\\SysWOW64\\cmd.exe","User":"flare-PC\\flare","Description":"Windows-Befehlsprozessor","FileVersion":"6.1.7601.17514 (win7sp1_rtm.101119-1850)","ParentCommandLine":"\"C:\\Program Files (x86)\\Python27\\python.exe\" \"C:\\Users\\flare\\Downloads\\RTA-master\\run_all.py\" ","LogonId":"0xe320","TerminalSessionId":"1","CommandLine":"C:\\Windows\\system32\\cmd.exe /c \"\"C:\\Program Files (x86)\\Python27\\python.exe\" C:\\Users\\flare\\Downloads\\RTA-master\\red_ttp\\process_name_masquerade.py\"","ParentProcessId":"3756","ProcessId":"2772","Company":"Microsoft Corporation","IntegrityLevel":"Medium","LogonGuid":"{2D3B23BE-45CC-5BA2-0000-002020E30000}","ParentImage":"C:\\Program Files (x86)\\Python27\\python.exe","CurrentDirectory":"C:\\Users\\flare\\Downloads\\RTA-master\\","ProcessGuid":"{2D3B23BE-4B4D-5BA2-0000-0010A9711700}"},"@timestamp":"2018-09-19T13:12:45.315Z","log_name":"Microsoft-Windows-Sysmon/Operational","level":"Informationen","computer_name":"flare-PC","source_name":"Microsoft-Windows-Sysmon","process_id":1304,"message":"Process Create:\nRuleName: \nUtcTime: 2018-09-19 13:12:45.315\nProcessGuid: {2D3B23BE-4B4D-5BA2-0000-0010A9711700}\nProcessId: 2772\nImage: C:\\Windows\\SysWOW64\\cmd.exe\nFileVersion: 6.1.7601.17514 (win7sp1_rtm.101119-1850)\nDescription: Windows-Befehlsprozessor\nProduct: Betriebssystem Microsoft® Windows®\nCompany: Microsoft Corporation\nCommandLine: C:\\Windows\\system32\\cmd.exe /c \"\"C:\\Program Files (x86)\\Python27\\python.exe\" C:\\Users\\flare\\Downloads\\RTA-master\\red_ttp\\process_name_masquerade.py\"\nCurrentDirectory: C:\\Users\\flare\\Downloads\\RTA-master\\\nUser: flare-PC\\flare\nLogonGuid: {2D3B23BE-45CC-5BA2-0000-002020E30000}\nLogonId: 0xe320\nTerminalSessionId: 1\nIntegrityLevel: Medium\nHashes: MD5=AD7B9C14083B52BC532FBA5948342B98,SHA256=17F746D82695FA9B35493B41859D39D786D32B23A9D2E00F4011DEC7A02402AE\nParentProcessGuid: {2D3B23BE-4A1C-5BA2-0000-0010C8100B00}\nParentProcessId: 3756\nParentImage: C:\\Program Files (x86)\\Python27\\python.exe\nParentCommandLine: \"C:\\Program Files (x86)\\Python27\\python.exe\" \"C:\\Users\\flare\\Downloads\\RTA-master\\run_all.py\" ","@version":"1","provider_guid":"{5770385F-C22A-43E0-BF4C-06F5698FFBD9}","beat":{"version":"6.4.0","name":"flare-PC","hostname":"flare-PC"},"tags":["beats_input_codec_plain_applied"],"type":"wineventlog","event_id":1,"record_number":"1398","host":{"name":"flare-PC"},"user":{"name":"SYSTEM","identifier":"S-1-5-18","domain":"NT-AUTORITÄT","type":"User"},"version":5,"task":"Process Create (rule: ProcessCreate)","opcode":"Info"}
{"index":{"_index":"winlogbeat-6.4.0-2018.09.19","_type":"doc","_id":"wF_38WUBfVn9xHWiqjxn"}}
{"thread_id":1824,"event_data":{"LogonId":"0xe320","ParentProcessGuid":"{2D3B23BE-4A1C-5BA2-0000-0010C8100B00}","UtcTime":"2018-09-19 13:13:17.649","Hashes":"MD5=AD7B9C14083B52BC532FBA5948342B98,SHA256=17F746D82695FA9B35493B41859D39D786D32B23A9D2E00F4011DEC7A02402AE","Description":"Windows-Befehlsprozessor","Image":"C:\\Windows\\SysWOW64\\cmd.exe","Product":"Betriebssystem Microsoft® Windows®","FileVersion":"6.1.7601.17514 (win7sp1_rtm.101119-1850)","ParentCommandLine":"\"C:\\Program Files (x86)\\Python27\\python.exe\" \"C:\\Users\\flare\\Downloads\\RTA-master\\run_all.py\" ","ParentImage":"C:\\Program Files (x86)\\Python27\\python.exe","Company":"Microsoft Corporation","LogonGuid":"{2D3B23BE-45CC-5BA2-0000-002020E30000}","CurrentDirectory":"C:\\Users\\flare\\Downloads\\RTA-master\\","CommandLine":"C:\\Windows\\system32\\cmd.exe /c \"\"C:\\Program Files (x86)\\Python27\\python.exe\" C:\\Users\\flare\\Downloads\\RTA-master\\red_ttp\\rundll32_inf_callback.py\"","User":"flare-PC\\flare","IntegrityLevel":"Medium","TerminalSessionId":"1","ParentProcessId":"3756","ProcessId":"3104","ProcessGuid":"{2D3B23BE-4B6D-5BA2-0000-001062C31800}"},"@timestamp":"2018-09-19T13:13:17.649Z","log_name":"Microsoft-Windows-Sysmon/Operational","level":"Informationen","computer_name":"flare-PC","source_name":"Microsoft-Windows-Sysmon","process_id":1304,"provider_guid":"{5770385F-C22A-43E0-BF4C-06F5698FFBD9}","message":"Process Create:\nRuleName: \nUtcTime: 2018-09-19 13:13:17.649\nProcessGuid: {2D3B23BE-4B6D-5BA2-0000-001062C31800}\nProcessId: 3104\nImage: C:\\Windows\\SysWOW64\\cmd.exe\nFileVersion: 6.1.7601.17514 (win7sp1_rtm.101119-1850)\nDescription: Windows-Befehlsprozessor\nProduct: Betriebssystem Microsoft® Windows®\nCompany: Microsoft Corporation\nCommandLine: C:\\Windows\\system32\\cmd.exe /c \"\"C:\\Program Files (x86)\\Python27\\python.exe\" C:\\Users\\flare\\Downloads\\RTA-master\\red_ttp\\rundll32_inf_callback.py\"\nCurrentDirectory: C:\\Users\\flare\\Downloads\\RTA-master\\\nUser: flare-PC\\flare\nLogonGuid: {2D3B23BE-45CC-5BA2-0000-002020E30000}\nLogonId: 0xe320\nTerminalSessionId: 1\nIntegrityLevel: Medium\nHashes: MD5=AD7B9C14083B52BC532FBA5948342B98,SHA256=17F746D82695FA9B35493B41859D39D786D32B23A9D2E00F4011DEC7A02402AE\nParentProcessGuid: {2D3B23BE-4A1C-5BA2-0000-0010C8100B00}\nParentProcessId: 3756\nParentImage: C:\\Program Files (x86)\\Python27\\python.exe\nParentCommandLine: \"C:\\Program Files (x86)\\Python27\\python.exe\" \"C:\\Users\\flare\\Downloads\\RTA-master\\run_all.py\" ","@version":"1","beat":{"version":"6.4.0","name":"flare-PC","hostname":"flare-PC"},"tags":["beats_input_codec_plain_applied"],"task":"Process Create (rule: ProcessCreate)","record_number":"1438","type":"wineventlog","host":{"name":"flare-PC"},"version":5,"user":{"name":"SYSTEM","identifier":"S-1-5-18","type":"User","domain":"NT-AUTORITÄT"},"event_id":1,"opcode":"Info"}
{"index":{"_index":"winlogbeat-6.4.0-2018.09.19","_type":"doc","_id":"pF_38WUBfVn9xHWiaDyV"}}
{"thread_id":1824,"event_data":{"ParentProcessGuid":"{2D3B23BE-4B4D-5BA2-0000-0010C9721700}","User":"flare-PC\\flare","UtcTime":"2018-09-19 13:12:59.142","Hashes":"MD5=0D19266C09D4DEAC5836E572BE912A39,SHA256=DAB5DC65269C0F834EADE5177F8FB486C08685EB6773369576303855F70EF82F","Image":"C:\\Users\\flare\\Downloads\\RTA-master\\csrss.exe","Product":"?","LogonId":"0xe320","FileVersion":"?","ParentImage":"C:\\Program Files (x86)\\Python27\\python.exe","ParentCommandLine":"\"C:\\Program Files (x86)\\Python27\\python.exe\"  C:\\Users\\flare\\Downloads\\RTA-master\\red_ttp\\process_name_masquerade.py","LogonGuid":"{2D3B23BE-45CC-5BA2-0000-002020E30000}","Company":"?","CurrentDirectory":"C:\\Users\\flare\\Downloads\\RTA-master\\","ProcessId":"4004","ParentProcessId":"4040","Description":"?","IntegrityLevel":"Medium","CommandLine":"C:\\Users\\flare\\Downloads\\RTA-master\\csrss.exe","TerminalSessionId":"1","ProcessGuid":"{2D3B23BE-4B5B-5BA2-0000-001049A31700}"},"@timestamp":"2018-09-19T13:12:59.142Z","log_name":"Microsoft-Windows-Sysmon/Operational","level":"Informationen","computer_name":"flare-PC","source_name":"Microsoft-Windows-Sysmon","process_id":1304,"@version":"1","message":"Process Create:\nRuleName: \nUtcTime: 2018-09-19 13:12:59.142\nProcessGuid: {2D3B23BE-4B5B-5BA2-0000-001049A31700}\nProcessId: 4004\nImage: C:\\Users\\flare\\Downloads\\RTA-master\\csrss.exe\nFileVersion: ?\nDescription: ?\nProduct: ?\nCompany: ?\nCommandLine: C:\\Users\\flare\\Downloads\\RTA-master\\csrss.exe\nCurrentDirectory: C:\\Users\\flare\\Downloads\\RTA-master\\\nUser: flare-PC\\flare\nLogonGuid: {2D3B23BE-45CC-5BA2-0000-002020E30000}\nLogonId: 0xe320\nTerminalSessionId: 1\nIntegrityLevel: Medium\nHashes: MD5=0D19266C09D4DEAC5836E572BE912A39,SHA256=DAB5DC65269C0F834EADE5177F8FB486C08685EB6773369576303855F70EF82F\nParentProcessGuid: {2D3B23BE-4B4D-5BA2-0000-0010C9721700}\nParentProcessId: 4040\nParentImage: C:\\Program Files (x86)\\Python27\\python.exe\nParentCommandLine: \"C:\\Program Files (x86)\\Python27\\python.exe\"  C:\\Users\\flare\\Downloads\\RTA-master\\red_ttp\\process_name_masquerade.py","provider_guid":"{5770385F-C22A-43E0-BF4C-06F5698FFBD9}","beat":{"version":"6.4.0","name":"flare-PC","hostname":"flare-PC"},"tags":["beats_input_codec_plain_applied"],"type":"wineventlog","event_id":1,"record_number":"1410","task":"Process Create (rule: ProcessCreate)","user":{"domain":"NT-AUTORITÄT","identifier":"S-1-5-18","type":"User","name":"SYSTEM"},"version":5,"host":{"name":"flare-PC"},"opcode":"Info"}
{"index":{"_index":"winlogbeat-6.4.0-2018.09.19","_type":"doc","_id":"x1_38WUBfVn9xHWiwzxG"}}
{"thread_id":2060,"event_data":{"SourceIsIpv6":"false","SourceHostname":"flare-PC","User":"flare-PC\\flare","UtcTime":"2018-09-19 13:14:24.455","DestinationIp":"172.16.100.10","Image":"C:\\Windows\\SysWOW64\\rundll32.exe","SourcePort":"49350","DestinationPort":"8000","Initiated":"true","ProcessId":"2556","DestinationIsIpv6":"false","DestinationHostname":"flare-PC","Protocol":"tcp","SourceIp":"172.16.100.10","ProcessGuid":"{2D3B23BE-4B70-5BA2-0000-001062341900}"},"@timestamp":"2018-09-19T13:13:22.116Z","log_name":"Microsoft-Windows-Sysmon/Operational","level":"Informationen","computer_name":"flare-PC","source_name":"Microsoft-Windows-Sysmon","process_id":1304,"@version":"1","provider_guid":"{5770385F-C22A-43E0-BF4C-06F5698FFBD9}","message":"Network connection detected:\nRuleName: \nUtcTime: 2018-09-19 13:14:24.455\nProcessGuid: {2D3B23BE-4B70-5BA2-0000-001062341900}\nProcessId: 2556\nImage: C:\\Windows\\SysWOW64\\rundll32.exe\nUser: flare-PC\\flare\nProtocol: tcp\nInitiated: true\nSourceIsIpv6: false\nSourceIp: 172.16.100.10\nSourceHostname: flare-PC\nSourcePort: 49350\nSourcePortName: \nDestinationIsIpv6: false\nDestinationIp: 172.16.100.10\nDestinationHostname: flare-PC\nDestinationPort: 8000\nDestinationPortName: ","beat":{"version":"6.4.0","name":"flare-PC","hostname":"flare-PC"},"tags":["beats_input_codec_plain_applied"],"type":"wineventlog","record_number":"1444","event_id":3,"host":{"name":"flare-PC"},"user":{"name":"SYSTEM","identifier":"S-1-5-18","type":"User","domain":"NT-AUTORITÄT"},"version":5,"task":"Network connection detected (rule: NetworkConnect)","opcode":"Info"}
{"index":{"_index":"winlogbeat-6.4.0-2018.09.19","_type":"doc","_id":"oV_38WUBfVn9xHWiUDy3"}}
{"thread_id":1824,"event_data":{"CreationUtcTime":"2018-09-19 13:12:54.543","UtcTime":"2018-09-19 13:12:54.543","Image":"C:\\Program Files (x86)\\Python27\\python.exe","TargetFilename":"C:\\Users\\flare\\Downloads\\RTA-master\\services.exe","ProcessId":"4040","ProcessGuid":"{2D3B23BE-4B4D-5BA2-0000-0010C9721700}"},"@timestamp":"2018-09-19T13:12:54.543Z","log_name":"Microsoft-Windows-Sysmon/Operational","level":"Informationen","computer_name":"flare-PC","source_name":"Microsoft-Windows-Sysmon","process_id":1304,"provider_guid":"{5770385F-C22A-43E0-BF4C-06F5698FFBD9}","message":"File created:\nRuleName: \nUtcTime: 2018-09-19 13:12:54.543\nProcessGuid: {2D3B23BE-4B4D-5BA2-0000-0010C9721700}\nProcessId: 4040\nImage: C:\\Program Files (x86)\\Python27\\python.exe\nTargetFilename: C:\\Users\\flare\\Downloads\\RTA-master\\services.exe\nCreationUtcTime: 2018-09-19 13:12:54.543","@version":"1","beat":{"version":"6.4.0","name":"flare-PC","hostname":"flare-PC"},"tags":["beats_input_codec_plain_applied"],"task":"File created (rule: FileCreate)","event_id":11,"record_number":"1406","type":"wineventlog","host":{"name":"flare-PC"},"user":{"name":"SYSTEM","identifier":"S-1-5-18","domain":"NT-AUTORITÄT","type":"User"},"version":2,"opcode":"Info"}
{"index":{"_index":"winlogbeat-6.4.0-2018.09.19","_type":"doc","_id":"rl_38WUBfVn9xHWinTx_"}}
{"thread_id":1824,"event_data":{"CreationUtcTime":"2018-09-19 13:13:13.666","UtcTime":"2018-09-19 13:13:13.760","Image":"C:\\Windows\\SysWOW64\\reg.exe","TargetFilename":"C:\\Users\\flare\\Downloads\\RTA-master\\sam.reg","ProcessId":"3224","ProcessGuid":"{2D3B23BE-4B69-5BA2-0000-0010A6031800}"},"@timestamp":"2018-09-19T13:13:13.760Z","log_name":"Microsoft-Windows-Sysmon/Operational","level":"Informationen","computer_name":"flare-PC","source_name":"Microsoft-Windows-Sysmon","process_id":1304,"provider_guid":"{5770385F-C22A-43E0-BF4C-06F5698FFBD9}","message":"File created:\nRuleName: \nUtcTime: 2018-09-19 13:13:13.760\nProcessGuid: {2D3B23BE-4B69-5BA2-0000-0010A6031800}\nProcessId: 3224\nImage: C:\\Windows\\SysWOW64\\reg.exe\nTargetFilename: C:\\Users\\flare\\Downloads\\RTA-master\\sam.reg\nCreationUtcTime: 2018-09-19 13:13:13.666","@version":"1","beat":{"version":"6.4.0","name":"flare-PC","hostname":"flare-PC"},"tags":["beats_input_codec_plain_applied"],"task":"File created (rule: FileCreate)","record_number":"1423","event_id":11,"version":2,"user":{"name":"SYSTEM","identifier":"S-1-5-18","domain":"NT-AUTORITÄT","type":"User"},"host":{"name":"flare-PC"},"type":"wineventlog","opcode":"Info"}
{"index":{"_index":"winlogbeat-6.4.0-2018.09.19","_type":"doc","_id":"ol_38WUBfVn9xHWiUDy3"}}
{"thread_id":1824,"event_data":{"UtcTime":"2018-09-19 13:12:54.043","Image":"C:\\Users\\flare\\Downloads\\RTA-master\\lsass.exe","ProcessId":"2596","ProcessGuid":"{2D3B23BE-4B52-5BA2-0000-00103F9F1700}"},"@timestamp":"2018-09-19T13:12:54.043Z","log_name":"Microsoft-Windows-Sysmon/Operational","level":"Informationen","computer_name":"flare-PC","source_name":"Microsoft-Windows-Sysmon","process_id":1304,"provider_guid":"{5770385F-C22A-43E0-BF4C-06F5698FFBD9}","message":"Process terminated:\nRuleName: \nUtcTime: 2018-09-19 13:12:54.043\nProcessGuid: {2D3B23BE-4B52-5BA2-0000-00103F9F1700}\nProcessId: 2596\nImage: C:\\Users\\flare\\Downloads\\RTA-master\\lsass.exe","@version":"1","beat":{"version":"6.4.0","name":"flare-PC","hostname":"flare-PC"},"tags":["beats_input_codec_plain_applied"],"type":"wineventlog","event_id":5,"task":"Process terminated (rule: ProcessTerminate)","host":{"name":"flare-PC"},"user":{"name":"SYSTEM","identifier":"S-1-5-18","domain":"NT-AUTORITÄT","type":"User"},"version":3,"record_number":"1405","opcode":"Info"}
{"index":{"_index":"winlogbeat-6.4.0-2018.09.19","_type":"doc","_id":"lV_38WUBfVn9xHWiEzwR"}}
{"thread_id":1824,"event_data":{"UtcTime":"2018-09-19 13:12:39.860","Image":"C:\\Users\\flare\\Downloads\\RTA-master\\evil.cmd","ProcessId":"1320","ProcessGuid":"{2D3B23BE-4B42-5BA2-0000-001066641700}"},"@timestamp":"2018-09-19T13:12:39.861Z","log_name":"Microsoft-Windows-Sysmon/Operational","level":"Informationen","computer_name":"flare-PC","source_name":"Microsoft-Windows-Sysmon","process_id":1304,"provider_guid":"{5770385F-C22A-43E0-BF4C-06F5698FFBD9}","message":"Process terminated:\nRuleName: \nUtcTime: 2018-09-19 13:12:39.860\nProcessGuid: {2D3B23BE-4B42-5BA2-0000-001066641700}\nProcessId: 1320\nImage: C:\\Users\\flare\\Downloads\\RTA-master\\evil.cmd","@version":"1","beat":{"version":"6.4.0","name":"flare-PC","hostname":"flare-PC"},"tags":["beats_input_codec_plain_applied"],"type":"wineventlog","event_id":5,"task":"Process terminated (rule: ProcessTerminate)","version":3,"user":{"name":"SYSTEM","identifier":"S-1-5-18","domain":"NT-AUTORITÄT","type":"User"},"host":{"name":"flare-PC"},"record_number":"1394","opcode":"Info"}
{"index":{"_index":"winlogbeat-6.4.0-2018.09.19","_type":"doc","_id":"51_58WUBfVn9xHWieTzN"}}
{"event_data":{"param1":"C:\\Users\\flare\\Downloads\\RTA-master\\blah.msi","param5":"(NULL)","param3":"(NULL)","param4":"(NULL)","param6":"(NULL)","param2":"696"},"@timestamp":"2018-09-19T13:15:14.000Z","keywords":["Klassisch"],"log_name":"Application","level":"Informationen","computer_name":"flare-PC","source_name":"MsiInstaller","message":"Eine Windows Installer-Transaktion wird gestartet: C:\\Users\\flare\\Downloads\\RTA-master\\blah.msi. Clientprozess-ID: 696.","@version":"1","beat":{"version":"6.4.0","name":"flare-PC","hostname":"flare-PC"},"tags":["beats_input_codec_plain_applied"],"type":"wineventlog","record_number":"2414","event_id":1040,"host":{"name":"flare-PC"},"user":{"name":"flare","domain":"flare-PC","type":"User","identifier":"S-1-5-21-4019173901-3792766986-1456451320-1001"},"opcode":"Info"}
{"index":{"_index":"winlogbeat-6.4.0-2018.09.19","_type":"doc","_id":"61_58WUBfVn9xHWieTzN"}}
{"thread_id":1824,"event_data":{"UtcTime":"2018-09-19 13:15:12.904","Image":"C:\\Users\\flare\\Downloads\\RTA-master\\winword.exe","ProcessId":"2224","ProcessGuid":"{2D3B23BE-4BE0-5BA2-0000-00109A2E1D00}"},"@timestamp":"2018-09-19T13:15:12.904Z","log_name":"Microsoft-Windows-Sysmon/Operational","level":"Informationen","computer_name":"flare-PC","source_name":"Microsoft-Windows-Sysmon","process_id":1304,"@version":"1","message":"Process terminated:\nRuleName: \nUtcTime: 2018-09-19 13:15:12.904\nProcessGuid: {2D3B23BE-4BE0-5BA2-0000-00109A2E1D00}\nProcessId: 2224\nImage: C:\\Users\\flare\\Downloads\\RTA-master\\winword.exe","provider_guid":"{5770385F-C22A-43E0-BF4C-06F5698FFBD9}","beat":{"version":"6.4.0","name":"flare-PC","hostname":"flare-PC"},"tags":["beats_input_codec_plain_applied"],"task":"Process terminated (rule: ProcessTerminate)","record_number":"1472","event_id":5,"host":{"name":"flare-PC"},"user":{"name":"SYSTEM","domain":"NT-AUTORITÄT","type":"User","identifier":"S-1-5-18"},"type":"wineventlog","version":3,"opcode":"Info"}
{"index":{"_index":"winlogbeat-6.4.0-2018.09.19","_type":"doc","_id":"7V_58WUBfVn9xHWigTyo"}}
{"thread_id":1824,"event_data":{"CreationUtcTime":"2018-09-19 13:15:14.164","UtcTime":"2018-09-19 13:15:14.164","Image":"C:\\Program Files (x86)\\Python27\\python.exe","TargetFilename":"C:\\Users\\flare\\Downloads\\RTA-master\\excel.exe","ProcessId":"1132","ProcessGuid":"{2D3B23BE-4BDF-5BA2-0000-001096FB1C00}"},"@timestamp":"2018-09-19T13:15:14.164Z","log_name":"Microsoft-Windows-Sysmon/Operational","level":"Informationen","computer_name":"flare-PC","source_name":"Microsoft-Windows-Sysmon","process_id":1304,"@version":"1","message":"File created:\nRuleName: \nUtcTime: 2018-09-19 13:15:14.164\nProcessGuid: {2D3B23BE-4BDF-5BA2-0000-001096FB1C00}\nProcessId: 1132\nImage: C:\\Program Files (x86)\\Python27\\python.exe\nTargetFilename: C:\\Users\\flare\\Downloads\\RTA-master\\excel.exe\nCreationUtcTime: 2018-09-19 13:15:14.164","provider_guid":"{5770385F-C22A-43E0-BF4C-06F5698FFBD9}","beat":{"version":"6.4.0","name":"flare-PC","hostname":"flare-PC"},"tags":["beats_input_codec_plain_applied"],"type":"wineventlog","task":"File created (rule: FileCreate)","event_id":11,"version":2,"host":{"name":"flare-PC"},"user":{"name":"SYSTEM","identifier":"S-1-5-18","domain":"NT-AUTORITÄT","type":"User"},"record_number":"1476","opcode":"Info"}
{"index":{"_index":"winlogbeat-6.4.0-2018.09.19","_type":"doc","_id":"8F_58WUBfVn9xHWigTyo"}}
{"thread_id":1824,"event_data":{"ParentProcessGuid":"{2D3B23BE-4BDF-5BA2-0000-001096FB1C00}","LogonId":"0xe320","UtcTime":"2018-09-19 13:15:14.195","Image":"C:\\Users\\flare\\Downloads\\RTA-master\\excel.exe","User":"flare-PC\\flare","Hashes":"MD5=AD7B9C14083B52BC532FBA5948342B98,SHA256=17F746D82695FA9B35493B41859D39D786D32B23A9D2E00F4011DEC7A02402AE","Product":"Betriebssystem Microsoft® Windows®","FileVersion":"6.1.7601.17514 (win7sp1_rtm.101119-1850)","ParentCommandLine":"\"C:\\Program Files (x86)\\Python27\\python.exe\"  C:\\Users\\flare\\Downloads\\RTA-master\\red_ttp\\suspicious_office_children.py","Description":"Windows-Befehlsprozessor","TerminalSessionId":"1","Company":"Microsoft Corporation","CurrentDirectory":"C:\\Users\\flare\\Downloads\\RTA-master\\","ParentProcessId":"1132","CommandLine":"C:\\Users\\flare\\Downloads\\RTA-master\\excel.exe /c msiexec.exe /i blah /quiet","LogonGuid":"{2D3B23BE-45CC-5BA2-0000-002020E30000}","ProcessId":"3068","IntegrityLevel":"Medium","ParentImage":"C:\\Program Files (x86)\\Python27\\python.exe","ProcessGuid":"{2D3B23BE-4BE2-5BA2-0000-001020431D00}"},"@timestamp":"2018-09-19T13:15:14.195Z","log_name":"Microsoft-Windows-Sysmon/Operational","level":"Informationen","computer_name":"flare-PC","source_name":"Microsoft-Windows-Sysmon","process_id":1304,"message":"Process Create:\nRuleName: \nUtcTime: 2018-09-19 13:15:14.195\nProcessGuid: {2D3B23BE-4BE2-5BA2-0000-001020431D00}\nProcessId: 3068\nImage: C:\\Users\\flare\\Downloads\\RTA-master\\excel.exe\nFileVersion: 6.1.7601.17514 (win7sp1_rtm.101119-1850)\nDescription: Windows-Befehlsprozessor\nProduct: Betriebssystem Microsoft® Windows®\nCompany: Microsoft Corporation\nCommandLine: C:\\Users\\flare\\Downloads\\RTA-master\\excel.exe /c msiexec.exe /i blah /quiet\nCurrentDirectory: C:\\Users\\flare\\Downloads\\RTA-master\\\nUser: flare-PC\\flare\nLogonGuid: {2D3B23BE-45CC-5BA2-0000-002020E30000}\nLogonId: 0xe320\nTerminalSessionId: 1\nIntegrityLevel: Medium\nHashes: MD5=AD7B9C14083B52BC532FBA5948342B98,SHA256=17F746D82695FA9B35493B41859D39D786D32B23A9D2E00F4011DEC7A02402AE\nParentProcessGuid: {2D3B23BE-4BDF-5BA2-0000-001096FB1C00}\nParentProcessId: 1132\nParentImage: C:\\Program Files (x86)\\Python27\\python.exe\nParentCommandLine: \"C:\\Program Files (x86)\\Python27\\python.exe\"  C:\\Users\\flare\\Downloads\\RTA-master\\red_ttp\\suspicious_office_children.py","@version":"1","provider_guid":"{5770385F-C22A-43E0-BF4C-06F5698FFBD9}","beat":{"version":"6.4.0","name":"flare-PC","hostname":"flare-PC"},"tags":["beats_input_codec_plain_applied"],"type":"wineventlog","record_number":"1477","task":"Process Create (rule: ProcessCreate)","version":5,"event_id":1,"user":{"name":"SYSTEM","domain":"NT-AUTORITÄT","type":"User","identifier":"S-1-5-18"},"host":{"name":"flare-PC"},"opcode":"Info"}
{"index":{"_index":"winlogbeat-6.4.0-2018.09.19","_type":"doc","_id":"91_58WUBfVn9xHWigTyo"}}
{"thread_id":1824,"event_data":{"UtcTime":"2018-09-19 13:15:14.979","Image":"C:\\Users\\flare\\Downloads\\RTA-master\\excel.exe","ProcessId":"2976","ProcessGuid":"{2D3B23BE-4BE2-5BA2-0000-0010934A1D00}"},"@timestamp":"2018-09-19T13:15:14.979Z","log_name":"Microsoft-Windows-Sysmon/Operational","level":"Informationen","computer_name":"flare-PC","source_name":"Microsoft-Windows-Sysmon","process_id":1304,"@version":"1","message":"Process terminated:\nRuleName: \nUtcTime: 2018-09-19 13:15:14.979\nProcessGuid: {2D3B23BE-4BE2-5BA2-0000-0010934A1D00}\nProcessId: 2976\nImage: C:\\Users\\flare\\Downloads\\RTA-master\\excel.exe","provider_guid":"{5770385F-C22A-43E0-BF4C-06F5698FFBD9}","beat":{"version":"6.4.0","name":"flare-PC","hostname":"flare-PC"},"tags":["beats_input_codec_plain_applied"],"type":"wineventlog","event_id":5,"task":"Process terminated (rule: ProcessTerminate)","version":3,"user":{"name":"SYSTEM","identifier":"S-1-5-18","type":"User","domain":"NT-AUTORITÄT"},"host":{"name":"flare-PC"},"record_number":"1483","opcode":"Info"}
{"index":{"_index":"winlogbeat-6.4.0-2018.09.19","_type":"doc","_id":"A1_58WUBfVn9xHWikT2y"}}
{"thread_id":1824,"event_data":{"ParentProcessGuid":"{2D3B23BE-4A1C-5BA2-0000-0010C8100B00}","LogonId":"0xe320","UtcTime":"2018-09-19 13:15:17.318","Image":"C:\\Windows\\SysWOW64\\cmd.exe","Product":"Betriebssystem Microsoft® Windows®","Hashes":"MD5=AD7B9C14083B52BC532FBA5948342B98,SHA256=17F746D82695FA9B35493B41859D39D786D32B23A9D2E00F4011DEC7A02402AE","Description":"Windows-Befehlsprozessor","FileVersion":"6.1.7601.17514 (win7sp1_rtm.101119-1850)","ParentCommandLine":"\"C:\\Program Files (x86)\\Python27\\python.exe\" \"C:\\Users\\flare\\Downloads\\RTA-master\\run_all.py\" ","ParentImage":"C:\\Program Files (x86)\\Python27\\python.exe","TerminalSessionId":"1","CommandLine":"C:\\Windows\\system32\\cmd.exe /c \"\"C:\\Program Files (x86)\\Python27\\python.exe\" C:\\Users\\flare\\Downloads\\RTA-master\\red_ttp\\uac_sdclt.py\"","CurrentDirectory":"C:\\Users\\flare\\Downloads\\RTA-master\\","ParentProcessId":"3756","Company":"Microsoft Corporation","IntegrityLevel":"Medium","ProcessId":"4088","LogonGuid":"{2D3B23BE-45CC-5BA2-0000-002020E30000}","User":"flare-PC\\flare","ProcessGuid":"{2D3B23BE-4BE5-5BA2-0000-0010C4E31D00}"},"@timestamp":"2018-09-19T13:15:17.318Z","log_name":"Microsoft-Windows-Sysmon/Operational","level":"Informationen","computer_name":"flare-PC","source_name":"Microsoft-Windows-Sysmon","process_id":1304,"message":"Process Create:\nRuleName: \nUtcTime: 2018-09-19 13:15:17.318\nProcessGuid: {2D3B23BE-4BE5-5BA2-0000-0010C4E31D00}\nProcessId: 4088\nImage: C:\\Windows\\SysWOW64\\cmd.exe\nFileVersion: 6.1.7601.17514 (win7sp1_rtm.101119-1850)\nDescription: Windows-Befehlsprozessor\nProduct: Betriebssystem Microsoft® Windows®\nCompany: Microsoft Corporation\nCommandLine: C:\\Windows\\system32\\cmd.exe /c \"\"C:\\Program Files (x86)\\Python27\\python.exe\" C:\\Users\\flare\\Downloads\\RTA-master\\red_ttp\\uac_sdclt.py\"\nCurrentDirectory: C:\\Users\\flare\\Downloads\\RTA-master\\\nUser: flare-PC\\flare\nLogonGuid: {2D3B23BE-45CC-5BA2-0000-002020E30000}\nLogonId: 0xe320\nTerminalSessionId: 1\nIntegrityLevel: Medium\nHashes: MD5=AD7B9C14083B52BC532FBA5948342B98,SHA256=17F746D82695FA9B35493B41859D39D786D32B23A9D2E00F4011DEC7A02402AE\nParentProcessGuid: {2D3B23BE-4A1C-5BA2-0000-0010C8100B00}\nParentProcessId: 3756\nParentImage: C:\\Program Files (x86)\\Python27\\python.exe\nParentCommandLine: \"C:\\Program Files (x86)\\Python27\\python.exe\" \"C:\\Users\\flare\\Downloads\\RTA-master\\run_all.py\" ","@version":"1","provider_guid":"{5770385F-C22A-43E0-BF4C-06F5698FFBD9}","beat":{"version":"6.4.0","name":"flare-PC","hostname":"flare-PC"},"tags":["beats_input_codec_plain_applied"],"type":"wineventlog","event_id":1,"record_number":"1497","host":{"name":"flare-PC"},"version":5,"task":"Process Create (rule: ProcessCreate)","user":{"name":"SYSTEM","domain":"NT-AUTORITÄT","type":"User","identifier":"S-1-5-18"},"opcode":"Info"}
{"index":{"_index":"winlogbeat-6.4.0-2018.09.19","_type":"doc","_id":"CF_58WUBfVn9xHWikT2y"}}
{"thread_id":1824,"event_data":{"LogonId":"0xe320","Product":"?","User":"flare-PC\\flare","Hashes":"MD5=6E8B813C218546F9DF6F17F4B97B06EE,SHA256=C7817E6DA74A7AE196EB2D35CE21319ABE3A62CD23AB4DB39FA5138DF7CA1D44","UtcTime":"2018-09-19 13:15:17.798","ParentProcessGuid":"{2D3B23BE-4BE5-5BA2-0000-001007101E00}","Image":"C:\\Program Files (x86)\\Python27\\python.exe","FileVersion":"?","ParentCommandLine":"C:\\Windows\\system32\\cmd.exe /c \"\"C:\\Program Files (x86)\\Python27\\python.exe\" C:\\Users\\flare\\Downloads\\RTA-master\\red_ttp\\unusual_ms_tool_network.py\"","Description":"?","LogonGuid":"{2D3B23BE-45CC-5BA2-0000-002020E30000}","Company":"?","CurrentDirectory":"C:\\Users\\flare\\Downloads\\RTA-master\\","ParentProcessId":"3972","ProcessId":"2792","IntegrityLevel":"Medium","CommandLine":"\"C:\\Program Files (x86)\\Python27\\python.exe\"  C:\\Users\\flare\\Downloads\\RTA-master\\red_ttp\\unusual_ms_tool_network.py","TerminalSessionId":"1","ParentImage":"C:\\Windows\\SysWOW64\\cmd.exe","ProcessGuid":"{2D3B23BE-4BE5-5BA2-0000-00103E111E00}"},"@timestamp":"2018-09-19T13:15:17.798Z","log_name":"Microsoft-Windows-Sysmon/Operational","level":"Informationen","computer_name":"flare-PC","source_name":"Microsoft-Windows-Sysmon","process_id":1304,"@version":"1","provider_guid":"{5770385F-C22A-43E0-BF4C-06F5698FFBD9}","message":"Process Create:\nRuleName: \nUtcTime: 2018-09-19 13:15:17.798\nProcessGuid: {2D3B23BE-4BE5-5BA2-0000-00103E111E00}\nProcessId: 2792\nImage: C:\\Program Files (x86)\\Python27\\python.exe\nFileVersion: ?\nDescription: ?\nProduct: ?\nCompany: ?\nCommandLine: \"C:\\Program Files (x86)\\Python27\\python.exe\"  C:\\Users\\flare\\Downloads\\RTA-master\\red_ttp\\unusual_ms_tool_network.py\nCurrentDirectory: C:\\Users\\flare\\Downloads\\RTA-master\\\nUser: flare-PC\\flare\nLogonGuid: {2D3B23BE-45CC-5BA2-0000-002020E30000}\nLogonId: 0xe320\nTerminalSessionId: 1\nIntegrityLevel: Medium\nHashes: MD5=6E8B813C218546F9DF6F17F4B97B06EE,SHA256=C7817E6DA74A7AE196EB2D35CE21319ABE3A62CD23AB4DB39FA5138DF7CA1D44\nParentProcessGuid: {2D3B23BE-4BE5-5BA2-0000-001007101E00}\nParentProcessId: 3972\nParentImage: C:\\Windows\\SysWOW64\\cmd.exe\nParentCommandLine: C:\\Windows\\system32\\cmd.exe /c \"\"C:\\Program Files (x86)\\Python27\\python.exe\" C:\\Users\\flare\\Downloads\\RTA-master\\red_ttp\\unusual_ms_tool_network.py\"","beat":{"version":"6.4.0","name":"flare-PC","hostname":"flare-PC"},"tags":["beats_input_codec_plain_applied"],"task":"Process Create (rule: ProcessCreate)","record_number":"1505","event_id":1,"host":{"name":"flare-PC"},"user":{"name":"SYSTEM","identifier":"S-1-5-18","domain":"NT-AUTORITÄT","type":"User"},"version":5,"type":"wineventlog","opcode":"Info"}
{"index":{"_index":"winlogbeat-6.4.0-2018.09.19","_type":"doc","_id":"Cl_58WUBfVn9xHWikT2y"}}
{"thread_id":1824,"event_data":{"UtcTime":"2018-09-19 13:15:17.751","Image":"C:\\Program Files (x86)\\Python27\\python.exe","EventType":"CreateKey","TargetObject":"HKU\\S-1-5-21-4019173901-3792766986-1456451320-1001_CLASSES\\exefile\\shell","ProcessId":"3228","ProcessGuid":"{2D3B23BE-4BE5-5BA2-0000-0010FDE41D00}"},"@timestamp":"2018-09-19T13:15:17.751Z","log_name":"Microsoft-Windows-Sysmon/Operational","level":"Informationen","computer_name":"flare-PC","source_name":"Microsoft-Windows-Sysmon","process_id":1304,"message":"Registry object added or deleted:\nRuleName: \nEventType: CreateKey\nUtcTime: 2018-09-19 13:15:17.751\nProcessGuid: {2D3B23BE-4BE5-5BA2-0000-0010FDE41D00}\nProcessId: 3228\nImage: C:\\Program Files (x86)\\Python27\\python.exe\nTargetObject: HKU\\S-1-5-21-4019173901-3792766986-1456451320-1001_CLASSES\\exefile\\shell","@version":"1","provider_guid":"{5770385F-C22A-43E0-BF4C-06F5698FFBD9}","beat":{"version":"6.4.0","name":"flare-PC","hostname":"flare-PC"},"tags":["beats_input_codec_plain_applied"],"type":"wineventlog","record_number":"1500","task":"Registry object added or deleted (rule: RegistryEvent)","version":2,"user":{"name":"SYSTEM","domain":"NT-AUTORITÄT","type":"User","identifier":"S-1-5-18"},"host":{"name":"flare-PC"},"event_id":12,"opcode":"Info"}
{"index":{"_index":"winlogbeat-6.4.0-2018.09.19","_type":"doc","_id":"DV_58WUBfVn9xHWikT2z"}}
{"thread_id":1824,"event_data":{"UtcTime":"2018-09-19 13:15:17.751","Image":"C:\\Program Files (x86)\\Python27\\python.exe","EventType":"CreateKey","TargetObject":"HKU\\S-1-5-21-4019173901-3792766986-1456451320-1001_CLASSES\\exefile","ProcessId":"3228","ProcessGuid":"{2D3B23BE-4BE5-5BA2-0000-0010FDE41D00}"},"@timestamp":"2018-09-19T13:15:17.751Z","log_name":"Microsoft-Windows-Sysmon/Operational","level":"Informationen","computer_name":"flare-PC","source_name":"Microsoft-Windows-Sysmon","process_id":1304,"@version":"1","provider_guid":"{5770385F-C22A-43E0-BF4C-06F5698FFBD9}","message":"Registry object added or deleted:\nRuleName: \nEventType: CreateKey\nUtcTime: 2018-09-19 13:15:17.751\nProcessGuid: {2D3B23BE-4BE5-5BA2-0000-0010FDE41D00}\nProcessId: 3228\nImage: C:\\Program Files (x86)\\Python27\\python.exe\nTargetObject: HKU\\S-1-5-21-4019173901-3792766986-1456451320-1001_CLASSES\\exefile","beat":{"version":"6.4.0","name":"flare-PC","hostname":"flare-PC"},"tags":["beats_input_codec_plain_applied"],"task":"Registry object added or deleted (rule: RegistryEvent)","event_id":12,"type":"wineventlog","version":2,"user":{"name":"SYSTEM","identifier":"S-1-5-18","domain":"NT-AUTORITÄT","type":"User"},"record_number":"1499","host":{"name":"flare-PC"},"opcode":"Info"}
