{"index":{"_index":"winlogbeat-6.4.0-2018.09.19","_type":"doc","_id":"NF_18WUBfVn9xHWicjxS"}}
{"thread_id":3112,"event_data":{"AuthenticationPackageName":"Negotiate","LmPackageName":"-","ProcessName":"C:\\Windows\\System32\\services.exe","IpPort":"-","LogonType":"5","TargetDomainName":"NT-AUTORITÄT","TargetUserName":"SYSTEM","IpAddress":"-","KeyLength":"0","SubjectLogonId":"0x3e7","LogonGuid":"{00000000-0000-0000-0000-000000000000}","ProcessId":"0x1e8","SubjectUserSid":"S-1-5-18","LogonProcessName":"Advapi  ","SubjectDomainName":"WORKGROUP","TargetUserSid":"S-1-5-18","SubjectUserName":"FLARE-PC$","TargetLogonId":"0x3e7","TransmittedServices":"-"},"@timestamp":"2018-09-19T13:10:57.301Z","log_name":"Security","keywords":["Überwachung erfolgreich"],"level":"Informationen","computer_name":"flare-PC","source_name":"Microsoft-Windows-Security-Auditing","process_id":512,"@version":"1","provider_guid":"{54849625-5478-4994-A5BA-3E3B0328C30D}","message":"Ein Konto wurde erfolgreich angemeldet.\n\nAntragsteller:\n\tSicherheits-ID:\t\tS-1-5-18\n\tKontoname:\t\tFLARE-PC$\n\tKontodomäne:\t\tWORKGROUP\n\tAnmelde-ID:\t\t0x3e7\n\nAnmeldetyp:\t\t\t5\n\nNeue Anmeldung:\n\tSicherheits-ID:\t\tS-1-5-18\n\tKontoname:\t\tSYSTEM\n\tKontodomäne:\t\tNT-AUTORITÄT\n\tAnmelde-ID:\t\t0x3e7\n\tAnmelde-GUID:\t\t{00000000-0000-0000-0000-000000000000}\n\nProzessinformationen:\n\tProzess-ID:\t\t0x1e8\n\tProzessname:\t\tC:\\Windows\\System32\\services.exe\n\nNetzwerkinformationen:\n\tArbeitsstationsname:\t\n\tQuellnetzwerkadresse:\t-\n\tQuellport:\t\t-\n\nDetaillierte Authentifizierungsinformationen:\n\tAnmeldeprozess:\t\tAdvapi  \n\tAuthentifizierungspaket:\tNegotiate\n\tÜbertragene Dienste:\t-\n\tPaketname (nur NTLM):\t-\n\tSchlüssellänge:\t\t0\n\nDieses Ereignis wird beim Erstellen einer Anmeldesitzung generiert. Es wird auf dem Computer generiert, auf den zugegriffen wurde.\n\nDie Antragstellerfelder geben das Konto auf dem lokalen System an, von dem die Anmeldung angefordert wurde. Dies ist meistens ein Dienst wie der Serverdienst oder ein lokaler Prozess wie \"Winlogon.exe\" oder \"Services.exe\".\n\nDas Anmeldetypfeld gibt den jeweiligen Anmeldetyp an. Die häufigsten Typen sind 2 (interaktiv) und 3 (Netzwerk).\n\nDie Felder für die neue Anmeldung geben das Konto an, für das die Anmeldung erstellt wurde, d. h. das angemeldete Konto.\n\nDie Netzwerkfelder geben die Quelle einer Remoteanmeldeanforderung an. der Arbeitsstationsname ist nicht immer verfügbar und kann in manchen Fällen leer bleiben.\n\nDie Felder für die Authentifizierungsinformationen enthalten detaillierte Informationen zu dieser speziellen Anmeldeanforderung.\n\t - Die Anmelde-GUID ist ein eindeutiger Bezeichner, der verwendet werden kann, um dieses Ereignis mit einem KDC-Ereignis zu korrelieren.\n\t- Die übertragenen Dienste geben an, welche Zwischendienste an der Anmeldeanforderung beteiligt waren.\n\t- Der Paketname gibt das in den NTLM-Protokollen verwendete Unterprotokoll an.\n\t- Die Schlüssellänge gibt die Länge des generierten Sitzungsschlüssels an. Wenn kein Sitzungsschlüssel angefordert wurde, ist dieser Wert 0.","beat":{"version":"6.4.0","name":"flare-PC","hostname":"flare-PC"},"tags":["beats_input_codec_plain_applied"],"task":"Anmelden","event_id":4624,"type":"wineventlog","host":{"name":"flare-PC"},"record_number":"16745","opcode":"Info"}
{"index":{"_index":"winlogbeat-6.4.0-2018.09.19","_type":"doc","_id":"Nl_18WUBfVn9xHWidjxB"}}
{"event_data":{"param1":"MyAppInstall","param5":"MyApp","param3":"1033","param4":"0","param6":"(NULL)","param2":"1.0.0","Binary":"7B38443644393141342D303446362D343131372D393732442D3742434338423431363044437D3030303065306661313161303831303835366230323734383530393535323733663937323030303030393034"},"@timestamp":"2018-09-19T13:10:58.000Z","log_name":"Application","keywords":["Klassisch"],"level":"Informationen","computer_name":"flare-PC","source_name":"MsiInstaller","message":"Das Produkt wurde durch Windows Installer installiert. Produktname: MyAppInstall. Produktversion: 1.0.0. Produktsprache: 1033. Hersteller: MyApp. Erfolg- bzw. Fehlerstatus der Installation: 0.","@version":"1","beat":{"version":"6.4.0","name":"flare-PC","hostname":"flare-PC"},"tags":["beats_input_codec_plain_applied"],"type":"wineventlog","event_id":1033,"record_number":"2399","host":{"name":"flare-PC"},"user":{"name":"flare","identifier":"S-1-5-21-4019173901-3792766986-1456451320-1001","domain":"flare-PC","type":"User"},"opcode":"Info"}
{"index":{"_index":"winlogbeat-6.4.0-2018.09.19","_type":"doc","_id":"O1_18WUBfVn9xHWiejw7"}}
{"thread_id":4076,"@timestamp":"2018-09-19T13:10:58.636Z","log_name":"Application","user_data":{"xml_name":"RmSessionEvent","UTCStartTime":"2018-09-19T13:10:57.395507800Z","RmSessionId":"0"},"level":"Informationen","computer_name":"flare-PC","source_name":"Microsoft-Windows-RestartManager","process_id":172,"message":"Sitzung wird beendet: 0. ‎2018‎-‎09‎-‎19T13:10:57.395507800Z wird gestartet.","@version":"1","provider_guid":"{0888E5EF-9B98-4695-979D-E92CE4247224}","beat":{"version":"6.4.0","name":"flare-PC","hostname":"flare-PC"},"tags":["beats_input_codec_plain_applied"],"type":"wineventlog","record_number":"2402","event_id":10001,"host":{"name":"flare-PC"},"user":{"name":"flare","domain":"flare-PC","type":"User","identifier":"S-1-5-21-4019173901-3792766986-1456451320-1001"},"opcode":"Info"}
{"index":{"_index":"winlogbeat-6.4.0-2018.09.19","_type":"doc","_id":"OV_18WUBfVn9xHWiejw7"}}
{"thread_id":2060,"event_data":{"SourceIsIpv6":"false","SourceHostname":"flare-PC","User":"NT-AUTORITÄT\\SYSTEM","UtcTime":"2018-09-19 13:11:55.213","DestinationIp":"172.16.100.10","Image":"C:\\Windows\\System32\\msiexec.exe","SourcePort":"49346","DestinationPort":"8000","Initiated":"true","ProcessId":"172","DestinationIsIpv6":"false","DestinationHostname":"flare-PC","Protocol":"tcp","SourceIp":"172.16.100.10","ProcessGuid":"{2D3B23BE-4AE1-5BA2-0000-0010C9BA1400}"},"@timestamp":"2018-09-19T13:10:58.197Z","log_name":"Microsoft-Windows-Sysmon/Operational","level":"Informationen","computer_name":"flare-PC","source_name":"Microsoft-Windows-Sysmon","process_id":1304,"@version":"1","provider_guid":"{5770385F-C22A-43E0-BF4C-06F5698FFBD9}","message":"Network connection detected:\nRuleName: \nUtcTime: 2018-09-19 13:11:55.213\nProcessGuid: {2D3B23BE-4AE1-5BA2-0000-0010C9BA1400}\nProcessId: 172\nImage: C:\\Windows\\System32\\msiexec.exe\nUser: NT-AUTORITÄT\\SYSTEM\nProtocol: tcp\nInitiated: true\nSourceIsIpv6: false\nSourceIp: 172.16.100.10\nSourceHostname: flare-PC\nSourcePort: 49346\nSourcePortName: \nDestinationIsIpv6: false\nDestinationIp: 172.16.100.10\nDestinationHostname: flare-PC\nDestinationPort: 8000\nDestinationPortName: ","beat":{"version":"6.4.0","name":"flare-PC","hostname":"flare-PC"},"tags":["beats_input_codec_plain_applied"],"task":"Network connection detected (rule: NetworkConnect)","record_number":"1308","type":"wineventlog","event_id":3,"host":{"name":"flare-PC"},"user":{"name":"SYSTEM","identifier":"S-1-5-18","domain":"NT-AUTORITÄT","type":"User"},"version":5,"opcode":"Info"}
{"index":{"_index":"winlogbeat-6.4.0-2018.09.19","_type":"doc","_id":"QV_18WUBfVn9xHWiejw8"}}
{"thread_id":1824,"event_data":{"UtcTime":"2018-09-19 13:10:58.541","Image":"C:\\Windows\\system32\\msiexec.exe","Details":"(Empty)","EventType":"SetValue","TargetObject":"HKLM\\SOFTWARE\\Microsoft\\Windows\\CurrentVersion\\Installer\\UserData\\S-1-5-21-4019173901-3792766986-1456451320-1001\\Products\\4A19D6D86F40711479D2B7CCB81406CD\\InstallProperties\\URLUpdateInfo","ProcessId":"172","ProcessGuid":"{2D3B23BE-4AE1-5BA2-0000-0010C9BA1400}"},"@timestamp":"2018-09-19T13:10:58.541Z","log_name":"Microsoft-Windows-Sysmon/Operational","level":"Informationen","computer_name":"flare-PC","source_name":"Microsoft-Windows-Sysmon","process_id":1304,"message":"Registry value set:\nRuleName: \nEventType: SetValue\nUtcTime: 2018-09-19 13:10:58.541\nProcessGuid: {2D3B23BE-4AE1-5BA2-0000-0010C9BA1400}\nProcessId: 172\nImage: C:\\Windows\\system32\\msiexec.exe\nTargetObject: HKLM\\SOFTWARE\\Microsoft\\Windows\\CurrentVersion\\Installer\\UserData\\S-1-5-21-4019173901-3792766986-1456451320-1001\\Products\\4A19D6D86F40711479D2B7CCB81406CD\\InstallProperties\\URLUpdateInfo\nDetails: (Empty)","@version":"1","provider_guid":"{5770385F-C22A-43E0-BF4C-06F5698FFBD9}","beat":{"version":"6.4.0","name":"flare-PC","hostname":"flare-PC"},"tags":["beats_input_codec_plain_applied"],"task":"Registry value set (rule: RegistryEvent)","type":"wineventlog","event_id":13,"version":2,"record_number":"1311","user":{"domain":"NT-AUTORITÄT","identifier":"S-1-5-18","type":"User","name":"SYSTEM"},"host":{"name":"flare-PC"},"opcode":"Info"}
{"index":{"_index":"winlogbeat-6.4.0-2018.09.19","_type":"doc","_id":"Ql_18WUBfVn9xHWiejw8"}}
{"thread_id":1824,"event_data":{"UtcTime":"2018-09-19 13:10:58.856","Image":"C:\\Windows\\system32\\msiexec.exe","Details":"C:\\Windows\\Installer\\13f71a.ipi","EventType":"SetValue","TargetObject":"HKLM\\SOFTWARE\\Microsoft\\Windows\\CurrentVersion\\Installer\\InProgress\\(Default)","ProcessId":"172","ProcessGuid":"{2D3B23BE-4AE1-5BA2-0000-0010C9BA1400}"},"@timestamp":"2018-09-19T13:10:58.856Z","log_name":"Microsoft-Windows-Sysmon/Operational","level":"Informationen","computer_name":"flare-PC","source_name":"Microsoft-Windows-Sysmon","process_id":1304,"provider_guid":"{5770385F-C22A-43E0-BF4C-06F5698FFBD9}","message":"Registry value set:\nRuleName: \nEventType: SetValue\nUtcTime: 2018-09-19 13:10:58.856\nProcessGuid: {2D3B23BE-4AE1-5BA2-0000-0010C9BA1400}\nProcessId: 172\nImage: C:\\Windows\\system32\\msiexec.exe\nTargetObject: HKLM\\SOFTWARE\\Microsoft\\Windows\\CurrentVersion\\Installer\\InProgress\\(Default)\nDetails: C:\\Windows\\Installer\\13f71a.ipi","@version":"1","beat":{"version":"6.4.0","name":"flare-PC","hostname":"flare-PC"},"tags":["beats_input_codec_plain_applied"],"type":"wineventlog","record_number":"1315","event_id":13,"version":2,"task":"Registry value set (rule: RegistryEvent)","host":{"name":"flare-PC"},"user":{"name":"SYSTEM","identifier":"S-1-5-18","type":"User","domain":"NT-AUTORITÄT"},"opcode":"Info"}
{"index":{"_index":"winlogbeat-6.4.0-2018.09.19","_type":"doc","_id":"Gl_18WUBfVn9xHWiIDyz"}}
{"thread_id":1824,"event_data":{"LogonId":"0xe320","User":"flare-PC\\flare","Product":"Betriebssystem Microsoft® Windows®","Hashes":"MD5=C648901695E275C8F2AD04B687A68CE2,SHA256=3FA4912EB43FC304652D7B01F118589259861E2D628FA7C86193E54D5F987670","Description":"Windows-Hostprozess (Rundll32)","Image":"C:\\Windows\\SysWOW64\\rundll32.exe","UtcTime":"2018-09-19 13:10:37.552","ParentImage":"C:\\Program Files (x86)\\Python27\\python.exe","ParentCommandLine":"\"C:\\Program Files (x86)\\Python27\\python.exe\"  C:\\Users\\flare\\Downloads\\RTA-master\\red_ttp\\msbuild_network.py","ParentProcessGuid":"{2D3B23BE-4ACC-5BA2-0000-0010EB321300}","LogonGuid":"{2D3B23BE-45CC-5BA2-0000-002020E30000}","TerminalSessionId":"1","CurrentDirectory":"C:\\Users\\flare\\Downloads\\RTA-master\\red_ttp\\","ParentProcessId":"3792","ProcessId":"1652","FileVersion":"6.1.7600.16385 (win7_rtm.090713-1255)","Company":"Microsoft Corporation","IntegrityLevel":"Medium","CommandLine":"RunDll32.exe InetCpl.cpl, ClearMyTracksByProcess 8","ProcessGuid":"{2D3B23BE-4ACD-5BA2-0000-00108C5D1300}"},"@timestamp":"2018-09-19T13:10:37.552Z","log_name":"Microsoft-Windows-Sysmon/Operational","level":"Informationen","computer_name":"flare-PC","source_name":"Microsoft-Windows-Sysmon","process_id":1304,"@version":"1","provider_guid":"{5770385F-C22A-43E0-BF4C-06F5698FFBD9}","message":"Process Create:\nRuleName: \nUtcTime: 2018-09-19 13:10:37.552\nProcessGuid: {2D3B23BE-4ACD-5BA2-0000-00108C5D1300}\nProcessId: 1652\nImage: C:\\Windows\\SysWOW64\\rundll32.exe\nFileVersion: 6.1.7600.16385 (win7_rtm.090713-1255)\nDescription: Windows-Hostprozess (Rundll32)\nProduct: Betriebssystem Microsoft® Windows®\nCompany: Microsoft Corporation\nCommandLine: RunDll32.exe InetCpl.cpl, ClearMyTracksByProcess 8\nCurrentDirectory: C:\\Users\\flare\\Downloads\\RTA-master\\red_ttp\\\nUser: flare-PC\\flare\nLogonGuid: {2D3B23BE-45CC-5BA2-0000-002020E30000}\nLogonId: 0xe320\nTerminalSessionId: 1\nIntegrityLevel: Medium\nHashes: MD5=C648901695E275C8F2AD04B687A68CE2,SHA256=3FA4912EB43FC304652D7B01F118589259861E2D628FA7C86193E54D5F987670\nParentProcessGuid: {2D3B23BE-4ACC-5BA2-0000-0010EB321300}\nParentProcessId: 3792\nParentImage: C:\\Program Files (x86)\\Python27\\python.exe\nParentCommandLine: \"C:\\Program Files (x86)\\Python27\\python.exe\"  C:\\Users\\flare\\Downloads\\RTA-master\\red_ttp\\msbuild_network.py","beat":{"version":"6.4.0","name":"flare-PC","hostname":"flare-PC"},"tags":["beats_input_codec_plain_applied"],"task":"Process Create (rule: ProcessCreate)","type":"wineventlog","record_number":"1286","version":5,"event_id":1,"host":{"name":"flare-PC"},"user":{"name":"SYSTEM","identifier":"S-1-5-18","type":"User","domain":"NT-AUTORITÄT"},"opcode":"Info"}
{"index":{"_index":"winlogbeat-6.4.0-2018.09.19","_type":"doc","_id":"G1_18WUBfVn9xHWiKTxe"}}
{"thread_id":1824,"event_data":{"CreationUtcTime":"2018-09-19 13:10:39.962","UtcTime":"2018-09-19 13:10:39.962","Image":"C:\\Windows\\Microsoft.NET\\Framework\\v4.0.30319\\msbuild.exe","TargetFilename":"C:\\Users\\flare\\AppData\\Local\\Temp\\yifzgt45.cmdline","ProcessId":"3816","ProcessGuid":"{2D3B23BE-4ACF-5BA2-0000-0010CDA21300}"},"@timestamp":"2018-09-19T13:10:39.962Z","log_name":"Microsoft-Windows-Sysmon/Operational","level":"Informationen","computer_name":"flare-PC","source_name":"Microsoft-Windows-Sysmon","process_id":1304,"@version":"1","message":"File created:\nRuleName: \nUtcTime: 2018-09-19 13:10:39.962\nProcessGuid: {2D3B23BE-4ACF-5BA2-0000-0010CDA21300}\nProcessId: 3816\nImage: C:\\Windows\\Microsoft.NET\\Framework\\v4.0.30319\\msbuild.exe\nTargetFilename: C:\\Users\\flare\\AppData\\Local\\Temp\\yifzgt45.cmdline\nCreationUtcTime: 2018-09-19 13:10:39.962","provider_guid":"{5770385F-C22A-43E0-BF4C-06F5698FFBD9}","beat":{"version":"6.4.0","name":"flare-PC","hostname":"flare-PC"},"tags":["beats_input_codec_plain_applied"],"type":"wineventlog","event_id":11,"record_number":"1290","host":{"name":"flare-PC"},"version":2,"task":"File created (rule: FileCreate)","user":{"name":"SYSTEM","identifier":"S-1-5-18","domain":"NT-AUTORITÄT","type":"User"},"opcode":"Info"}
{"index":{"_index":"winlogbeat-6.4.0-2018.09.19","_type":"doc","_id":"IV_18WUBfVn9xHWiKTxf"}}
{"thread_id":1824,"event_data":{"ParentProcessGuid":"{2D3B23BE-4ACF-5BA2-0000-0010CDA21300}","Product":"Microsoft® .NET Framework","User":"flare-PC\\flare","Hashes":"MD5=00C5EB029F9263291C91277E37B5FE4C,SHA256=31FA9A05AD114C683A189A17F7E12A3BB93A0ED07C8029A89C1B7508DA4F1F31","Description":"Visual C# Command Line Compiler","LogonId":"0xe320","UtcTime":"2018-09-19 13:10:39.962","ParentImage":"C:\\Windows\\Microsoft.NET\\Framework\\v4.0.30319\\MSBuild.exe","ParentCommandLine":"C:\\Windows\\Microsoft.NET\\Framework\\v4.0.30319\\msbuild.exe tmp-file.csproj","FileVersion":"4.7.3062.0 built by: NET472REL1","LogonGuid":"{2D3B23BE-45CC-5BA2-0000-002020E30000}","CommandLine":"\"C:\\Windows\\Microsoft.NET\\Framework\\v4.0.30319\\csc.exe\" /noconfig /fullpaths @\"C:\\Users\\flare\\AppData\\Local\\Temp\\yifzgt45.cmdline\"","CurrentDirectory":"C:\\Users\\flare\\Downloads\\RTA-master\\red_ttp\\","ProcessId":"3392","Company":"Microsoft Corporation","IntegrityLevel":"Medium","TerminalSessionId":"1","ParentProcessId":"3816","Image":"C:\\Windows\\Microsoft.NET\\Framework\\v4.0.30319\\csc.exe","ProcessGuid":"{2D3B23BE-4ACF-5BA2-0000-0010A9AB1300}"},"@timestamp":"2018-09-19T13:10:40.009Z","log_name":"Microsoft-Windows-Sysmon/Operational","level":"Informationen","computer_name":"flare-PC","source_name":"Microsoft-Windows-Sysmon","process_id":1304,"message":"Process Create:\nRuleName: \nUtcTime: 2018-09-19 13:10:39.962\nProcessGuid: {2D3B23BE-4ACF-5BA2-0000-0010A9AB1300}\nProcessId: 3392\nImage: C:\\Windows\\Microsoft.NET\\Framework\\v4.0.30319\\csc.exe\nFileVersion: 4.7.3062.0 built by: NET472REL1\nDescription: Visual C# Command Line Compiler\nProduct: Microsoft® .NET Framework\nCompany: Microsoft Corporation\nCommandLine: \"C:\\Windows\\Microsoft.NET\\Framework\\v4.0.30319\\csc.exe\" /noconfig /fullpaths @\"C:\\Users\\flare\\AppData\\Local\\Temp\\yifzgt45.cmdline\"\nCurrentDirectory: C:\\Users\\flare\\Downloads\\RTA-master\\red_ttp\\\nUser: flare-PC\\flare\nLogonGuid: {2D3B23BE-45CC-5BA2-0000-002020E30000}\nLogonId: 0xe320\nTerminalSessionId: 1\nIntegrityLevel: Medium\nHashes: MD5=00C5EB029F9263291C91277E37B5FE4C,SHA256=31FA9A05AD114C683A189A17F7E12A3BB93A0ED07C8029A89C1B7508DA4F1F31\nParentProcessGuid: {2D3B23BE-4ACF-5BA2-0000-0010CDA21300}\nParentProcessId: 3816\nParentImage: C:\\Windows\\Microsoft.NET\\Framework\\v4.0.30319\\MSBuild.exe\nParentCommandLine: C:\\Windows\\Microsoft.NET\\Framework\\v4.0.30319\\msbuild.exe tmp-file.csproj","@version":"1","provider_guid":"{5770385F-C22A-43E0-BF4C-06F5698FFBD9}","beat":{"version":"6.4.0","name":"flare-PC","hostname":"flare-PC"},"tags":["beats_input_codec_plain_applied"],"task":"Process Create (rule: ProcessCreate)","record_number":"1291","event_id":1,"host":{"name":"flare-PC"},"user":{"name":"SYSTEM","identifier":"S-1-5-18","domain":"NT-AUTORITÄT","type":"User"},"type":"wineventlog","version":5,"opcode":"Info"}
{"index":{"_index":"winlogbeat-6.4.0-2018.09.19","_type":"doc","_id":"Il_18WUBfVn9xHWiKTxf"}}
{"thread_id":1824,"event_data":{"ParentProcessGuid":"{2D3B23BE-4AD0-5BA2-0000-0010B0B01300}","Product":"Microsoft® .NET Framework","UtcTime":"2018-09-19 13:10:40.337","LogonId":"0xe320","Description":"Microsoft® Resource File To COFF Object Conversion Utility","User":"flare-PC\\flare","Image":"C:\\Windows\\Microsoft.NET\\Framework\\v4.0.30319\\cvtres.exe","ParentImage":"C:\\Windows\\Microsoft.NET\\Framework\\v4.0.30319\\csc.exe","ParentCommandLine":"\"C:\\Windows\\Microsoft.NET\\Framework\\v4.0.30319\\csc.exe\" /noconfig /fullpaths @\"C:\\Users\\flare\\AppData\\Local\\Temp\\zgbmbnr4.cmdline\"","Hashes":"MD5=C09985AE74F0882F208D75DE27770DFA,SHA256=E24570ABD130832732D0DD3EC4EFB6E3E1835064513C8B8A2B1AE0D530B04534","TerminalSessionId":"1","CommandLine":"C:\\Windows\\Microsoft.NET\\Framework\\v4.0.30319\\cvtres.exe /NOLOGO /READONLY /MACHINE:IX86 \"/OUT:C:\\Users\\flare\\AppData\\Local\\Temp\\RESB44F.tmp\" \"c:\\Users\\flare\\AppData\\Local\\Temp\\CSC638A0285552E42B2AE931CB27EA3FB0.TMP\"","ParentProcessId":"3424","ProcessId":"3672","Company":"Microsoft Corporation","IntegrityLevel":"Medium","LogonGuid":"{2D3B23BE-45CC-5BA2-0000-002020E30000}","FileVersion":"12.00.52519.0 built by: VSWINSERVICING","CurrentDirectory":"C:\\Users\\flare\\Downloads\\RTA-master\\red_ttp\\","ProcessGuid":"{2D3B23BE-4AD0-5BA2-0000-0010E2BB1300}"},"@timestamp":"2018-09-19T13:10:40.337Z","log_name":"Microsoft-Windows-Sysmon/Operational","level":"Informationen","computer_name":"flare-PC","source_name":"Microsoft-Windows-Sysmon","process_id":1304,"message":"Process Create:\nRuleName: \nUtcTime: 2018-09-19 13:10:40.337\nProcessGuid: {2D3B23BE-4AD0-5BA2-0000-0010E2BB1300}\nProcessId: 3672\nImage: C:\\Windows\\Microsoft.NET\\Framework\\v4.0.30319\\cvtres.exe\nFileVersion: 12.00.52519.0 built by: VSWINSERVICING\nDescription: Microsoft® Resource File To COFF Object Conversion Utility\nProduct: Microsoft® .NET Framework\nCompany: Microsoft Corporation\nCommandLine: C:\\Windows\\Microsoft.NET\\Framework\\v4.0.30319\\cvtres.exe /NOLOGO /READONLY /MACHINE:IX86 \"/OUT:C:\\Users\\flare\\AppData\\Local\\Temp\\RESB44F.tmp\" \"c:\\Users\\flare\\AppData\\Local\\Temp\\CSC638A0285552E42B2AE931CB27EA3FB0.TMP\"\nCurrentDirectory: C:\\Users\\flare\\Downloads\\RTA-master\\red_ttp\\\nUser: flare-PC\\flare\nLogonGuid: {2D3B23BE-45CC-5BA2-0000-002020E30000}\nLogonId: 0xe320\nTerminalSessionId: 1\nIntegrityLevel: Medium\nHashes: MD5=C09985AE74F0882F208D75DE27770DFA,SHA256=E24570ABD130832732D0DD3EC4EFB6E3E1835064513C8B8A2B1AE0D530B04534\nParentProcessGuid: {2D3B23BE-4AD0-5BA2-0000-0010B0B01300}\nParentProcessId: 3424\nParentImage: C:\\Windows\\Microsoft.NET\\Framework\\v4.0.30319\\csc.exe\nParentCommandLine: \"C:\\Windows\\Microsoft.NET\\Framework\\v4.0.30319\\csc.exe\" /noconfig /fullpaths @\"C:\\Users\\flare\\AppData\\Local\\Temp\\zgbmbnr4.cmdline\"","@version":"1","provider_guid":"{5770385F-C22A-43E0-BF4C-06F5698FFBD9}","beat":{"version":"6.4.0","name":"flare-PC","hostname":"flare-PC"},"tags":["beats_input_codec_plain_applied"],"task":"Process Create (rule: ProcessCreate)","record_number":"1295","event_id":1,"version":5,"user":{"name":"SYSTEM","domain":"NT-AUTORITÄT","type":"User","identifier":"S-1-5-18"},"type":"wineventlog","host":{"name":"flare-PC"},"opcode":"Info"}
{"index":{"_index":"winlogbeat-6.4.0-2018.09.19","_type":"doc","_id":"JF_18WUBfVn9xHWiKTxf"}}
{"thread_id":1824,"event_data":{"CreationUtcTime":"2018-09-19 13:10:40.228","UtcTime":"2018-09-19 13:10:40.228","Image":"C:\\Windows\\Microsoft.NET\\Framework\\v4.0.30319\\msbuild.exe","TargetFilename":"C:\\Users\\flare\\AppData\\Local\\Temp\\zgbmbnr4.cmdline","ProcessId":"3816","ProcessGuid":"{2D3B23BE-4ACF-5BA2-0000-0010CDA21300}"},"@timestamp":"2018-09-19T13:10:40.228Z","log_name":"Microsoft-Windows-Sysmon/Operational","level":"Informationen","computer_name":"flare-PC","source_name":"Microsoft-Windows-Sysmon","process_id":1304,"message":"File created:\nRuleName: \nUtcTime: 2018-09-19 13:10:40.228\nProcessGuid: {2D3B23BE-4ACF-5BA2-0000-0010CDA21300}\nProcessId: 3816\nImage: C:\\Windows\\Microsoft.NET\\Framework\\v4.0.30319\\msbuild.exe\nTargetFilename: C:\\Users\\flare\\AppData\\Local\\Temp\\zgbmbnr4.cmdline\nCreationUtcTime: 2018-09-19 13:10:40.228","@version":"1","provider_guid":"{5770385F-C22A-43E0-BF4C-06F5698FFBD9}","beat":{"version":"6.4.0","name":"flare-PC","hostname":"flare-PC"},"tags":["beats_input_codec_plain_applied"],"task":"File created (rule: FileCreate)","type":"wineventlog","record_number":"1293","host":{"name":"flare-PC"},"user":{"name":"SYSTEM","identifier":"S-1-5-18","domain":"NT-AUTORITÄT","type":"User"},"event_id":11,"version":2,"opcode":"Info"}
{"index":{"_index":"winlogbeat-6.4.0-2018.09.19","_type":"doc","_id":"Bl_18WUBfVn9xHWiADx7"}}
{"thread_id":1824,"event_data":{"LogonId":"0xe320","Product":"Microsoft® Windows® Operating System","UtcTime":"2018-09-19 13:10:30.302","User":"flare-PC\\flare","Description":"Net Command","Hashes":"MD5=B9A4DAC2192FD78CDA097BFA79F6E7B2,SHA256=D468E6B1B79555AC8BCE0300942FD479689EB8F159F3A399848D3BF9B9990A56","Image":"C:\\Windows\\SysWOW64\\net.exe","ParentImage":"C:\\Program Files (x86)\\Python27\\python.exe","ParentCommandLine":"\"C:\\Program Files (x86)\\Python27\\python.exe\"  C:\\Users\\flare\\Downloads\\RTA-master\\red_ttp\\lateral_commands.py","ParentProcessGuid":"{2D3B23BE-4AC5-5BA2-0000-0010A6C51200}","Company":"Microsoft Corporation","LogonGuid":"{2D3B23BE-45CC-5BA2-0000-002020E30000}","ParentProcessId":"1148","ProcessId":"3440","CommandLine":"net.exe use \\\\172.16.100.10\\admin$ /delete","IntegrityLevel":"Medium","TerminalSessionId":"1","FileVersion":"6.1.7600.16385 (win7_rtm.090713-1255)","CurrentDirectory":"C:\\Users\\flare\\Downloads\\RTA-master\\","ProcessGuid":"{2D3B23BE-4AC6-5BA2-0000-001016101300}"},"@timestamp":"2018-09-19T13:10:30.302Z","log_name":"Microsoft-Windows-Sysmon/Operational","level":"Informationen","computer_name":"flare-PC","source_name":"Microsoft-Windows-Sysmon","process_id":1304,"message":"Process Create:\nRuleName: \nUtcTime: 2018-09-19 13:10:30.302\nProcessGuid: {2D3B23BE-4AC6-5BA2-0000-001016101300}\nProcessId: 3440\nImage: C:\\Windows\\SysWOW64\\net.exe\nFileVersion: 6.1.7600.16385 (win7_rtm.090713-1255)\nDescription: Net Command\nProduct: Microsoft® Windows® Operating System\nCompany: Microsoft Corporation\nCommandLine: net.exe use \\\\172.16.100.10\\admin$ /delete\nCurrentDirectory: C:\\Users\\flare\\Downloads\\RTA-master\\\nUser: flare-PC\\flare\nLogonGuid: {2D3B23BE-45CC-5BA2-0000-002020E30000}\nLogonId: 0xe320\nTerminalSessionId: 1\nIntegrityLevel: Medium\nHashes: MD5=B9A4DAC2192FD78CDA097BFA79F6E7B2,SHA256=D468E6B1B79555AC8BCE0300942FD479689EB8F159F3A399848D3BF9B9990A56\nParentProcessGuid: {2D3B23BE-4AC5-5BA2-0000-0010A6C51200}\nParentProcessId: 1148\nParentImage: C:\\Program Files (x86)\\Python27\\python.exe\nParentCommandLine: \"C:\\Program Files (x86)\\Python27\\python.exe\"  C:\\Users\\flare\\Downloads\\RTA-master\\red_ttp\\lateral_commands.py","@version":"1","provider_guid":"{5770385F-C22A-43E0-BF4C-06F5698FFBD9}","beat":{"version":"6.4.0","name":"flare-PC","hostname":"flare-PC"},"tags":["beats_input_codec_plain_applied"],"type":"wineventlog","event_id":1,"record_number":"1274","host":{"name":"flare-PC"},"user":{"name":"SYSTEM","identifier":"S-1-5-18","type":"User","domain":"NT-AUTORITÄT"},"version":5,"task":"Process Create (rule: ProcessCreate)","opcode":"Info"}
{"index":{"_index":"winlogbeat-6.4.0-2018.09.19","_type":"doc","_id":"CF_18WUBfVn9xHWiADx7"}}
{"thread_id":1824,"event_data":{"LogonId":"0xe320","Product":"Betriebssystem Microsoft® Windows®","User":"flare-PC\\flare","Image":"C:\\Windows\\SysWOW64\\schtasks.exe","UtcTime":"2018-09-19 13:10:30.558","Hashes":"MD5=2003E9B15E1C502B146DAD2E383AC1E3,SHA256=15018D0093BEFABBA8B927743191030D1F8C17BB97FDB48C2FC3EAB20E2D4B3D","ParentProcessGuid":"{2D3B23BE-4AC5-5BA2-0000-0010A6C51200}","ParentImage":"C:\\Program Files (x86)\\Python27\\python.exe","ParentCommandLine":"\"C:\\Program Files (x86)\\Python27\\python.exe\"  C:\\Users\\flare\\Downloads\\RTA-master\\red_ttp\\lateral_commands.py","FileVersion":"6.1.7600.16385 (win7_rtm.090713-1255)","LogonGuid":"{2D3B23BE-45CC-5BA2-0000-002020E30000}","TerminalSessionId":"1","Company":"Microsoft Corporation","CommandLine":"schtasks /s 172.16.100.10 /delete /tn test_task-1148 /f","ParentProcessId":"1148","ProcessId":"2448","Description":"Verwaltung geplanter Aufgaben","CurrentDirectory":"C:\\Users\\flare\\Downloads\\RTA-master\\","IntegrityLevel":"Medium","ProcessGuid":"{2D3B23BE-4AC6-5BA2-0000-00106E291300}"},"@timestamp":"2018-09-19T13:10:30.558Z","log_name":"Microsoft-Windows-Sysmon/Operational","level":"Informationen","computer_name":"flare-PC","source_name":"Microsoft-Windows-Sysmon","process_id":1304,"message":"Process Create:\nRuleName: \nUtcTime: 2018-09-19 13:10:30.558\nProcessGuid: {2D3B23BE-4AC6-5BA2-0000-00106E291300}\nProcessId: 2448\nImage: C:\\Windows\\SysWOW64\\schtasks.exe\nFileVersion: 6.1.7600.16385 (win7_rtm.090713-1255)\nDescription: Verwaltung geplanter Aufgaben\nProduct: Betriebssystem Microsoft® Windows®\nCompany: Microsoft Corporation\nCommandLine: schtasks /s 172.16.100.10 /delete /tn test_task-1148 /f\nCurrentDirectory: C:\\Users\\flare\\Downloads\\RTA-master\\\nUser: flare-PC\\flare\nLogonGuid: {2D3B23BE-45CC-5BA2-0000-002020E30000}\nLogonId: 0xe320\nTerminalSessionId: 1\nIntegrityLevel: Medium\nHashes: MD5=2003E9B15E1C502B146DAD2E383AC1E3,SHA256=15018D0093BEFABBA8B927743191030D1F8C17BB97FDB48C2FC3EAB20E2D4B3D\nParentProcessGuid: {2D3B23BE-4AC5-5BA2-0000-0010A6C51200}\nParentProcessId: 1148\nParentImage: C:\\Program Files (x86)\\Python27\\python.exe\nParentCommandLine: \"C:\\Program Files (x86)\\Python27\\python.exe\"  C:\\Users\\flare\\Downloads\\RTA-master\\red_ttp\\lateral_commands.py","@version":"1","provider_guid":"{5770385F-C22A-43E0-BF4C-06F5698FFBD9}","beat":{"version":"6.4.0","name":"flare-PC","hostname":"flare-PC"},"tags":["beats_input_codec_plain_applied"],"type":"wineventlog","record_number":"1282","event_id":1,"host":{"name":"flare-PC"},"task":"Process Create (rule: ProcessCreate)","user":{"name":"SYSTEM","domain":"NT-AUTORITÄT","type":"User","identifier":"S-1-5-18"},"version":5,"opcode":"Info"}
{"index":{"_index":"winlogbeat-6.4.0-2018.09.19","_type":"doc","_id":"DF_18WUBfVn9xHWiADx-"}}
{"thread_id":1824,"event_data":{"ParentProcessGuid":"{2D3B23BE-4AC5-5BA2-0000-0010A6C51200}","Product":"Betriebssystem Microsoft® Windows®","UtcTime":"2018-09-19 13:10:29.770","Hashes":"MD5=D2F7A0ADC2EE0F65AB1F19D2E00C16B8,SHA256=1C2EC0BB83D2AD3F53B0706C46A2604F81F2FC2AFDCF43BE5914CC8F509DD48C","Description":"Ein Programm, das die Entwicklung von Diensten in WindowsNT unterstützt","LogonId":"0xe320","User":"flare-PC\\flare","FileVersion":"6.1.7600.16385 (win7_rtm.090713-1255)","ParentCommandLine":"\"C:\\Program Files (x86)\\Python27\\python.exe\"  C:\\Users\\flare\\Downloads\\RTA-master\\red_ttp\\lateral_commands.py","ParentImage":"C:\\Program Files (x86)\\Python27\\python.exe","TerminalSessionId":"1","LogonGuid":"{2D3B23BE-45CC-5BA2-0000-002020E30000}","Company":"Microsoft Corporation","ProcessId":"3980","CommandLine":"sc.exe \\\\172.16.100.10 create test_service binPath= c:\\windows\\system32\\calc.exe","IntegrityLevel":"Medium","CurrentDirectory":"C:\\Users\\flare\\Downloads\\RTA-master\\","ParentProcessId":"1148","Image":"C:\\Windows\\SysWOW64\\sc.exe","ProcessGuid":"{2D3B23BE-4AC5-5BA2-0000-001041F11200}"},"@timestamp":"2018-09-19T13:10:29.786Z","log_name":"Microsoft-Windows-Sysmon/Operational","level":"Informationen","computer_name":"flare-PC","source_name":"Microsoft-Windows-Sysmon","process_id":1304,"provider_guid":"{5770385F-C22A-43E0-BF4C-06F5698FFBD9}","message":"Process Create:\nRuleName: \nUtcTime: 2018-09-19 13:10:29.770\nProcessGuid: {2D3B23BE-4AC5-5BA2-0000-001041F11200}\nProcessId: 3980\nImage: C:\\Windows\\SysWOW64\\sc.exe\nFileVersion: 6.1.7600.16385 (win7_rtm.090713-1255)\nDescription: Ein Programm, das die Entwicklung von Diensten in WindowsNT unterstützt\nProduct: Betriebssystem Microsoft® Windows®\nCompany: Microsoft Corporation\nCommandLine: sc.exe \\\\172.16.100.10 create test_service binPath= c:\\windows\\system32\\calc.exe\nCurrentDirectory: C:\\Users\\flare\\Downloads\\RTA-master\\\nUser: flare-PC\\flare\nLogonGuid: {2D3B23BE-45CC-5BA2-0000-002020E30000}\nLogonId: 0xe320\nTerminalSessionId: 1\nIntegrityLevel: Medium\nHashes: MD5=D2F7A0ADC2EE0F65AB1F19D2E00C16B8,SHA256=1C2EC0BB83D2AD3F53B0706C46A2604F81F2FC2AFDCF43BE5914CC8F509DD48C\nParentProcessGuid: {2D3B23BE-4AC5-5BA2-0000-0010A6C51200}\nParentProcessId: 1148\nParentImage: C:\\Program Files (x86)\\Python27\\python.exe\nParentCommandLine: \"C:\\Program Files (x86)\\Python27\\python.exe\"  C:\\Users\\flare\\Downloads\\RTA-master\\red_ttp\\lateral_commands.py","@version":"1","beat":{"version":"6.4.0","name":"flare-PC","hostname":"flare-PC"},"tags":["beats_input_codec_plain_applied"],"task":"Process Create (rule: ProcessCreate)","record_number":"1263","event_id":1,"host":{"name":"flare-PC"},"user":{"name":"SYSTEM","identifier":"S-1-5-18","domain":"NT-AUTORITÄT","type":"User"},"type":"wineventlog","version":5,"opcode":"Info"}
{"index":{"_index":"winlogbeat-6.4.0-2018.09.19","_type":"doc","_id":"EF_18WUBfVn9xHWiADx-"}}
{"thread_id":1824,"event_data":{"ParentProcessGuid":"{2D3B23BE-4AC5-5BA2-0000-0010A6C51200}","User":"flare-PC\\flare","UtcTime":"2018-09-19 13:10:30.427","Hashes":"MD5=2003E9B15E1C502B146DAD2E383AC1E3,SHA256=15018D0093BEFABBA8B927743191030D1F8C17BB97FDB48C2FC3EAB20E2D4B3D","Description":"Verwaltung geplanter Aufgaben","Image":"C:\\Windows\\SysWOW64\\schtasks.exe","Product":"Betriebssystem Microsoft® Windows®","LogonId":"0xe320","ParentCommandLine":"\"C:\\Program Files (x86)\\Python27\\python.exe\"  C:\\Users\\flare\\Downloads\\RTA-master\\red_ttp\\lateral_commands.py","ParentImage":"C:\\Program Files (x86)\\Python27\\python.exe","LogonGuid":"{2D3B23BE-45CC-5BA2-0000-002020E30000}","CommandLine":"schtasks /s 172.16.100.10 /delete /tn test_task-1148 /f","CurrentDirectory":"C:\\Users\\flare\\Downloads\\RTA-master\\","ProcessId":"3768","Company":"Microsoft Corporation","IntegrityLevel":"Medium","TerminalSessionId":"1","FileVersion":"6.1.7600.16385 (win7_rtm.090713-1255)","ParentProcessId":"1148","ProcessGuid":"{2D3B23BE-4AC6-5BA2-0000-00100D211300}"},"@timestamp":"2018-09-19T13:10:30.427Z","log_name":"Microsoft-Windows-Sysmon/Operational","level":"Informationen","computer_name":"flare-PC","source_name":"Microsoft-Windows-Sysmon","process_id":1304,"provider_guid":"{5770385F-C22A-43E0-BF4C-06F5698FFBD9}","message":"Process Create:\nRuleName: \nUtcTime: 2018-09-19 13:10:30.427\nProcessGuid: {2D3B23BE-4AC6-5BA2-0000-00100D211300}\nProcessId: 3768\nImage: C:\\Windows\\SysWOW64\\schtasks.exe\nFileVersion: 6.1.7600.16385 (win7_rtm.090713-1255)\nDescription: Verwaltung geplanter Aufgaben\nProduct: Betriebssystem Microsoft® Windows®\nCompany: Microsoft Corporation\nCommandLine: schtasks /s 172.16.100.10 /delete /tn test_task-1148 /f\nCurrentDirectory: C:\\Users\\flare\\Downloads\\RTA-master\\\nUser: flare-PC\\flare\nLogonGuid: {2D3B23BE-45CC-5BA2-0000-002020E30000}\nLogonId: 0xe320\nTerminalSessionId: 1\nIntegrityLevel: Medium\nHashes: MD5=2003E9B15E1C502B146DAD2E383AC1E3,SHA256=15018D0093BEFABBA8B927743191030D1F8C17BB97FDB48C2FC3EAB20E2D4B3D\nParentProcessGuid: {2D3B23BE-4AC5-5BA2-0000-0010A6C51200}\nParentProcessId: 1148\nParentImage: C:\\Program Files (x86)\\Python27\\python.exe\nParentCommandLine: \"C:\\Program Files (x86)\\Python27\\python.exe\"  C:\\Users\\flare\\Downloads\\RTA-master\\red_ttp\\lateral_commands.py","@version":"1","beat":{"version":"6.4.0","name":"flare-PC","hostname":"flare-PC"},"tags":["beats_input_codec_plain_applied"],"type":"wineventlog","event_id":1,"task":"Process Create (rule: ProcessCreate)","host":{"name":"flare-PC"},"version":5,"record_number":"1279","user":{"name":"SYSTEM","domain":"NT-AUTORITÄT","type":"User","identifier":"S-1-5-18"},"opcode":"Info"}
{"index":{"_index":"winlogbeat-6.4.0-2018.09.19","_type":"doc","_id":"FV_18WUBfVn9xHWiADyC"}}
{"thread_id":1824,"event_data":{"ParentProcessGuid":"{2D3B23BE-4AC6-5BA2-0000-0010B60B1300}","Product":"Microsoft® Windows® Operating System","UtcTime":"2018-09-19 13:10:30.255","Hashes":"MD5=2041012726EF7C95ED51C15C56545A7F,SHA256=A0BE13AC9443ACC6D2EEA474CC82A727BDB7E1009F573DBA34D269F9A6AAA347","Description":"Net Command","Image":"C:\\Windows\\SysWOW64\\net1.exe","User":"flare-PC\\flare","ParentImage":"C:\\Windows\\SysWOW64\\net.exe","FileVersion":"6.1.7601.17514 (win7sp1_rtm.101119-1850)","LogonId":"0xe320","Company":"Microsoft Corporation","CommandLine":"C:\\Windows\\system32\\net1 time \\\\172.16.100.10","CurrentDirectory":"C:\\Users\\flare\\Downloads\\RTA-master\\","ParentProcessId":"3860","TerminalSessionId":"1","IntegrityLevel":"Medium","ParentCommandLine":"net.exe time \\\\172.16.100.10","ProcessId":"2016","LogonGuid":"{2D3B23BE-45CC-5BA2-0000-002020E30000}","ProcessGuid":"{2D3B23BE-4AC6-5BA2-0000-0010EC0C1300}"},"@timestamp":"2018-09-19T13:10:30.255Z","log_name":"Microsoft-Windows-Sysmon/Operational","level":"Informationen","computer_name":"flare-PC","source_name":"Microsoft-Windows-Sysmon","process_id":1304,"message":"Process Create:\nRuleName: \nUtcTime: 2018-09-19 13:10:30.255\nProcessGuid: {2D3B23BE-4AC6-5BA2-0000-0010EC0C1300}\nProcessId: 2016\nImage: C:\\Windows\\SysWOW64\\net1.exe\nFileVersion: 6.1.7601.17514 (win7sp1_rtm.101119-1850)\nDescription: Net Command\nProduct: Microsoft® Windows® Operating System\nCompany: Microsoft Corporation\nCommandLine: C:\\Windows\\system32\\net1 time \\\\172.16.100.10\nCurrentDirectory: C:\\Users\\flare\\Downloads\\RTA-master\\\nUser: flare-PC\\flare\nLogonGuid: {2D3B23BE-45CC-5BA2-0000-002020E30000}\nLogonId: 0xe320\nTerminalSessionId: 1\nIntegrityLevel: Medium\nHashes: MD5=2041012726EF7C95ED51C15C56545A7F,SHA256=A0BE13AC9443ACC6D2EEA474CC82A727BDB7E1009F573DBA34D269F9A6AAA347\nParentProcessGuid: {2D3B23BE-4AC6-5BA2-0000-0010B60B1300}\nParentProcessId: 3860\nParentImage: C:\\Windows\\SysWOW64\\net.exe\nParentCommandLine: net.exe time \\\\172.16.100.10","@version":"1","provider_guid":"{5770385F-C22A-43E0-BF4C-06F5698FFBD9}","beat":{"version":"6.4.0","name":"flare-PC","hostname":"flare-PC"},"tags":["beats_input_codec_plain_applied"],"task":"Process Create (rule: ProcessCreate)","event_id":1,"type":"wineventlog","host":{"name":"flare-PC"},"user":{"name":"SYSTEM","identifier":"S-1-5-18","domain":"NT-AUTORITÄT","type":"User"},"version":5,"record_number":"1272","opcode":"Info"}
{"index":{"_index":"winlogbeat-6.4.0-2018.09.19","_type":"doc","_id":"Ul_18WUBfVn9xHWimjy8"}}
{"thread_id":1824,"event_data":{"ParentProcessGuid":"{2D3B23BE-4AEA-5BA2-0000-001072641500}","User":"flare-PC\\flare","UtcTime":"2018-09-19 13:11:07.352","Image":"C:\\Windows\\SysWOW64\\net.exe","Product":"Microsoft® Windows® Operating System","Hashes":"MD5=B9A4DAC2192FD78CDA097BFA79F6E7B2,SHA256=D468E6B1B79555AC8BCE0300942FD479689EB8F159F3A399848D3BF9B9990A56","Description":"Net Command","ParentImage":"C:\\Program Files (x86)\\Python27\\python.exe","FileVersion":"6.1.7600.16385 (win7_rtm.090713-1255)","ParentCommandLine":"\"C:\\Program Files (x86)\\Python27\\python.exe\"  C:\\Users\\flare\\Downloads\\RTA-master\\red_ttp\\net_user_add.py","LogonGuid":"{2D3B23BE-45CC-5BA2-0000-002020E30000}","CommandLine":"net.exe user macgyver $w!$$@rmy11 /add /fullname:\"Angus Macgyver\"","ParentProcessId":"2532","ProcessId":"340","Company":"Microsoft Corporation","TerminalSessionId":"1","IntegrityLevel":"Medium","CurrentDirectory":"C:\\Users\\flare\\Downloads\\RTA-master\\","LogonId":"0xe320","ProcessGuid":"{2D3B23BE-4AEB-5BA2-0000-0010D58E1500}"},"@timestamp":"2018-09-19T13:11:07.352Z","log_name":"Microsoft-Windows-Sysmon/Operational","level":"Informationen","computer_name":"flare-PC","source_name":"Microsoft-Windows-Sysmon","process_id":1304,"@version":"1","provider_guid":"{5770385F-C22A-43E0-BF4C-06F5698FFBD9}","message":"Process Create:\nRuleName: \nUtcTime: 2018-09-19 13:11:07.352\nProcessGuid: {2D3B23BE-4AEB-5BA2-0000-0010D58E1500}\nProcessId: 340\nImage: C:\\Windows\\SysWOW64\\net.exe\nFileVersion: 6.1.7600.16385 (win7_rtm.090713-1255)\nDescription: Net Command\nProduct: Microsoft® Windows® Operating System\nCompany: Microsoft Corporation\nCommandLine: net.exe user macgyver $w!$$@rmy11 /add /fullname:\"Angus Macgyver\"\nCurrentDirectory: C:\\Users\\flare\\Downloads\\RTA-master\\\nUser: flare-PC\\flare\nLogonGuid: {2D3B23BE-45CC-5BA2-0000-002020E30000}\nLogonId: 0xe320\nTerminalSessionId: 1\nIntegrityLevel: Medium\nHashes: MD5=B9A4DAC2192FD78CDA097BFA79F6E7B2,SHA256=D468E6B1B79555AC8BCE0300942FD479689EB8F159F3A399848D3BF9B9990A56\nParentProcessGuid: {2D3B23BE-4AEA-5BA2-0000-001072641500}\nParentProcessId: 2532\nParentImage: C:\\Program Files (x86)\\Python27\\python.exe\nParentCommandLine: \"C:\\Program Files (x86)\\Python27\\python.exe\"  C:\\Users\\flare\\Downloads\\RTA-master\\red_ttp\\net_user_add.py","beat":{"version":"6.4.0","name":"flare-PC","hostname":"flare-PC"},"tags":["beats_input_codec_plain_applied"],"type":"wineventlog","record_number":"1329","event_id":1,"version":5,"task":"Process Create (rule: ProcessCreate)","user":{"name":"SYSTEM","identifier":"S-1-5-18","domain":"NT-AUTORITÄT","type":"User"},"host":{"name":"flare-PC"},"opcode":"Info"}
{"index":{"_index":"winlogbeat-6.4.0-2018.09.19","_type":"doc","_id":"VV_18WUBfVn9xHWimjy8"}}
{"thread_id":1824,"event_data":{"LogonId":"0xe320","Product":"Microsoft® Windows® Operating System","UtcTime":"2018-09-19 13:11:07.430","Hashes":"MD5=B9A4DAC2192FD78CDA097BFA79F6E7B2,SHA256=D468E6B1B79555AC8BCE0300942FD479689EB8F159F3A399848D3BF9B9990A56","Description":"Net Command","Image":"C:\\Windows\\SysWOW64\\net.exe","User":"flare-PC\\flare","ParentImage":"C:\\Program Files (x86)\\Python27\\python.exe","ParentCommandLine":"\"C:\\Program Files (x86)\\Python27\\python.exe\"  C:\\Users\\flare\\Downloads\\RTA-master\\red_ttp\\net_user_add.py","ParentProcessGuid":"{2D3B23BE-4AEA-5BA2-0000-001072641500}","Company":"Microsoft Corporation","TerminalSessionId":"1","CommandLine":"net.exe group  Administrators macgyver /add","ProcessId":"2184","LogonGuid":"{2D3B23BE-45CC-5BA2-0000-002020E30000}","IntegrityLevel":"Medium","ParentProcessId":"2532","FileVersion":"6.1.7600.16385 (win7_rtm.090713-1255)","CurrentDirectory":"C:\\Users\\flare\\Downloads\\RTA-master\\","ProcessGuid":"{2D3B23BE-4AEB-5BA2-0000-001065941500}"},"@timestamp":"2018-09-19T13:11:07.430Z","log_name":"Microsoft-Windows-Sysmon/Operational","level":"Informationen","computer_name":"flare-PC","source_name":"Microsoft-Windows-Sysmon","process_id":1304,"message":"Process Create:\nRuleName: \nUtcTime: 2018-09-19 13:11:07.430\nProcessGuid: {2D3B23BE-4AEB-5BA2-0000-001065941500}\nProcessId: 2184\nImage: C:\\Windows\\SysWOW64\\net.exe\nFileVersion: 6.1.7600.16385 (win7_rtm.090713-1255)\nDescription: Net Command\nProduct: Microsoft® Windows® Operating System\nCompany: Microsoft Corporation\nCommandLine: net.exe group  Administrators macgyver /add\nCurrentDirectory: C:\\Users\\flare\\Downloads\\RTA-master\\\nUser: flare-PC\\flare\nLogonGuid: {2D3B23BE-45CC-5BA2-0000-002020E30000}\nLogonId: 0xe320\nTerminalSessionId: 1\nIntegrityLevel: Medium\nHashes: MD5=B9A4DAC2192FD78CDA097BFA79F6E7B2,SHA256=D468E6B1B79555AC8BCE0300942FD479689EB8F159F3A399848D3BF9B9990A56\nParentProcessGuid: {2D3B23BE-4AEA-5BA2-0000-001072641500}\nParentProcessId: 2532\nParentImage: C:\\Program Files (x86)\\Python27\\python.exe\nParentCommandLine: \"C:\\Program Files (x86)\\Python27\\python.exe\"  C:\\Users\\flare\\Downloads\\RTA-master\\red_ttp\\net_user_add.py","@version":"1","provider_guid":"{5770385F-C22A-43E0-BF4C-06F5698FFBD9}","beat":{"version":"6.4.0","name":"flare-PC","hostname":"flare-PC"},"tags":["beats_input_codec_plain_applied"],"type":"wineventlog","event_id":1,"record_number":"1333","host":{"name":"flare-PC"},"user":{"domain":"NT-AUTORITÄT","identifier":"S-1-5-18","type":"User","name":"SYSTEM"},"version":5,"task":"Process Create (rule: ProcessCreate)","opcode":"Info"}
{"index":{"_index":"winlogbeat-6.4.0-2018.09.19","_type":"doc","_id":"Vl_18WUBfVn9xHWimjy8"}}
{"thread_id":1824,"event_data":{"ParentProcessGuid":"{2D3B23BE-4AEB-5BA2-0000-0010AA911500}","User":"flare-PC\\flare","LogonId":"0xe320","Image":"C:\\Windows\\SysWOW64\\net1.exe","Hashes":"MD5=2041012726EF7C95ED51C15C56545A7F,SHA256=A0BE13AC9443ACC6D2EEA474CC82A727BDB7E1009F573DBA34D269F9A6AAA347","Product":"Microsoft® Windows® Operating System","UtcTime":"2018-09-19 13:11:07.399","FileVersion":"6.1.7601.17514 (win7sp1_rtm.101119-1850)","ParentImage":"C:\\Windows\\SysWOW64\\net.exe","ParentCommandLine":"net.exe user macgyver $w!$$@rmy11 /add /fullname:\"Angus Macgyver\" /domain","LogonGuid":"{2D3B23BE-45CC-5BA2-0000-002020E30000}","TerminalSessionId":"1","CommandLine":"C:\\Windows\\system32\\net1 user macgyver $w!$$@rmy11 /add /fullname:\"Angus Macgyver\" /domain","ProcessId":"2564","CurrentDirectory":"C:\\Users\\flare\\Downloads\\RTA-master\\","ParentProcessId":"1052","Company":"Microsoft Corporation","IntegrityLevel":"Medium","Description":"Net Command","ProcessGuid":"{2D3B23BE-4AEB-5BA2-0000-0010DE921500}"},"@timestamp":"2018-09-19T13:11:07.415Z","log_name":"Microsoft-Windows-Sysmon/Operational","level":"Informationen","computer_name":"flare-PC","source_name":"Microsoft-Windows-Sysmon","process_id":1304,"message":"Process Create:\nRuleName: \nUtcTime: 2018-09-19 13:11:07.399\nProcessGuid: {2D3B23BE-4AEB-5BA2-0000-0010DE921500}\nProcessId: 2564\nImage: C:\\Windows\\SysWOW64\\net1.exe\nFileVersion: 6.1.7601.17514 (win7sp1_rtm.101119-1850)\nDescription: Net Command\nProduct: Microsoft® Windows® Operating System\nCompany: Microsoft Corporation\nCommandLine: C:\\Windows\\system32\\net1 user macgyver $w!$$@rmy11 /add /fullname:\"Angus Macgyver\" /domain\nCurrentDirectory: C:\\Users\\flare\\Downloads\\RTA-master\\\nUser: flare-PC\\flare\nLogonGuid: {2D3B23BE-45CC-5BA2-0000-002020E30000}\nLogonId: 0xe320\nTerminalSessionId: 1\nIntegrityLevel: Medium\nHashes: MD5=2041012726EF7C95ED51C15C56545A7F,SHA256=A0BE13AC9443ACC6D2EEA474CC82A727BDB7E1009F573DBA34D269F9A6AAA347\nParentProcessGuid: {2D3B23BE-4AEB-5BA2-0000-0010AA911500}\nParentProcessId: 1052\nParentImage: C:\\Windows\\SysWOW64\\net.exe\nParentCommandLine: net.exe user macgyver $w!$$@rmy11 /add /fullname:\"Angus Macgyver\" /domain","@version":"1","provider_guid":"{5770385F-C22A-43E0-BF4C-06F5698FFBD9}","beat":{"version":"6.4.0","name":"flare-PC","hostname":"flare-PC"},"tags":["beats_input_codec_plain_applied"],"task":"Process Create (rule: ProcessCreate)","event_id":1,"type":"wineventlog","version":5,"host":{"name":"flare-PC"},"user":{"name":"SYSTEM","identifier":"S-1-5-18","type":"User","domain":"NT-AUTORITÄT"},"record_number":"1332","opcode":"Info"}
{"index":{"_index":"winlogbeat-6.4.0-2018.09.19","_type":"doc","_id":"Xl_18WUBfVn9xHWimjy8"}}
{"thread_id":1824,"event_data":{"ParentProcessGuid":"{2D3B23BE-4AEB-5BA2-0000-001007A21500}","LogonId":"0xe320","UtcTime":"2018-09-19 13:11:07.655","Hashes":"MD5=6E8B813C218546F9DF6F17F4B97B06EE,SHA256=C7817E6DA74A7AE196EB2D35CE21319ABE3A62CD23AB4DB39FA5138DF7CA1D44","Image":"C:\\Program Files (x86)\\Python27\\python.exe","User":"flare-PC\\flare","Product":"?","ParentImage":"C:\\Windows\\SysWOW64\\cmd.exe","FileVersion":"?","ParentCommandLine":"C:\\Windows\\system32\\cmd.exe /c \"\"C:\\Program Files (x86)\\Python27\\python.exe\" C:\\Users\\flare\\Downloads\\RTA-master\\red_ttp\\office_application_startup.py\"","Company":"?","TerminalSessionId":"1","CurrentDirectory":"C:\\Users\\flare\\Downloads\\RTA-master\\","ProcessId":"3800","CommandLine":"\"C:\\Program Files (x86)\\Python27\\python.exe\"  C:\\Users\\flare\\Downloads\\RTA-master\\red_ttp\\office_application_startup.py","IntegrityLevel":"Medium","LogonGuid":"{2D3B23BE-45CC-5BA2-0000-002020E30000}","ParentProcessId":"3088","Description":"?","ProcessGuid":"{2D3B23BE-4AEB-5BA2-0000-00103BA31500}"},"@timestamp":"2018-09-19T13:11:07.655Z","log_name":"Microsoft-Windows-Sysmon/Operational","level":"Informationen","computer_name":"flare-PC","source_name":"Microsoft-Windows-Sysmon","process_id":1304,"@version":"1","message":"Process Create:\nRuleName: \nUtcTime: 2018-09-19 13:11:07.655\nProcessGuid: {2D3B23BE-4AEB-5BA2-0000-00103BA31500}\nProcessId: 3800\nImage: C:\\Program Files (x86)\\Python27\\python.exe\nFileVersion: ?\nDescription: ?\nProduct: ?\nCompany: ?\nCommandLine: \"C:\\Program Files (x86)\\Python27\\python.exe\"  C:\\Users\\flare\\Downloads\\RTA-master\\red_ttp\\office_application_startup.py\nCurrentDirectory: C:\\Users\\flare\\Downloads\\RTA-master\\\nUser: flare-PC\\flare\nLogonGuid: {2D3B23BE-45CC-5BA2-0000-002020E30000}\nLogonId: 0xe320\nTerminalSessionId: 1\nIntegrityLevel: Medium\nHashes: MD5=6E8B813C218546F9DF6F17F4B97B06EE,SHA256=C7817E6DA74A7AE196EB2D35CE21319ABE3A62CD23AB4DB39FA5138DF7CA1D44\nParentProcessGuid: {2D3B23BE-4AEB-5BA2-0000-001007A21500}\nParentProcessId: 3088\nParentImage: C:\\Windows\\SysWOW64\\cmd.exe\nParentCommandLine: C:\\Windows\\system32\\cmd.exe /c \"\"C:\\Program Files (x86)\\Python27\\python.exe\" C:\\Users\\flare\\Downloads\\RTA-master\\red_ttp\\office_application_startup.py\"","provider_guid":"{5770385F-C22A-43E0-BF4C-06F5698FFBD9}","beat":{"version":"6.4.0","name":"flare-PC","hostname":"flare-PC"},"tags":["beats_input_codec_plain_applied"],"type":"wineventlog","record_number":"1344","task":"Process Create (rule: ProcessCreate)","host":{"name":"flare-PC"},"user":{"domain":"NT-AUTORITÄT","identifier":"S-1-5-18","type":"User","name":"SYSTEM"},"event_id":1,"version":5,"opcode":"Info"}
{"index":{"_index":"winlogbeat-6.4.0-2018.09.19","_type":"doc","_id":"Jl_18WUBfVn9xHWiMjwD"}}
{"thread_id":1824,"event_data":{"ParentProcessGuid":"{2D3B23BE-4AD0-5BA2-0000-001034C11300}","User":"flare-PC\\flare","UtcTime":"2018-09-19 13:10:41.850","Image":"C:\\Windows\\SysWOW64\\rundll32.exe","Description":"Windows-Hostprozess (Rundll32)","Hashes":"MD5=C648901695E275C8F2AD04B687A68CE2,SHA256=3FA4912EB43FC304652D7B01F118589259861E2D628FA7C86193E54D5F987670","Product":"Betriebssystem Microsoft® Windows®","ParentImage":"C:\\Program Files (x86)\\Python27\\python.exe","ParentCommandLine":"\"C:\\Program Files (x86)\\Python27\\python.exe\"  C:\\Users\\flare\\Downloads\\RTA-master\\red_ttp\\mshta_network.py","FileVersion":"6.1.7600.16385 (win7_rtm.090713-1255)","Company":"Microsoft Corporation","CommandLine":"RunDll32.exe InetCpl.cpl, ClearMyTracksByProcess 8","CurrentDirectory":"C:\\Users\\flare\\Downloads\\RTA-master\\red_ttp\\","ParentProcessId":"2748","LogonGuid":"{2D3B23BE-45CC-5BA2-0000-002020E30000}","IntegrityLevel":"Medium","ProcessId":"320","TerminalSessionId":"1","LogonId":"0xe320","ProcessGuid":"{2D3B23BE-4AD1-5BA2-0000-001025EC1300}"},"@timestamp":"2018-09-19T13:10:41.850Z","log_name":"Microsoft-Windows-Sysmon/Operational","level":"Informationen","computer_name":"flare-PC","source_name":"Microsoft-Windows-Sysmon","process_id":1304,"message":"Process Create:\nRuleName: \nUtcTime: 2018-09-19 13:10:41.850\nProcessGuid: {2D3B23BE-4AD1-5BA2-0000-001025EC1300}\nProcessId: 320\nImage: C:\\Windows\\SysWOW64\\rundll32.exe\nFileVersion: 6.1.7600.16385 (win7_rtm.090713-1255)\nDescription: Windows-Hostprozess (Rundll32)\nProduct: Betriebssystem Microsoft® Windows®\nCompany: Microsoft Corporation\nCommandLine: RunDll32.exe InetCpl.cpl, ClearMyTracksByProcess 8\nCurrentDirectory: C:\\Users\\flare\\Downloads\\RTA-master\\red_ttp\\\nUser: flare-PC\\flare\nLogonGuid: {2D3B23BE-45CC-5BA2-0000-002020E30000}\nLogonId: 0xe320\nTerminalSessionId: 1\nIntegrityLevel: Medium\nHashes: MD5=C648901695E275C8F2AD04B687A68CE2,SHA256=3FA4912EB43FC304652D7B01F118589259861E2D628FA7C86193E54D5F987670\nParentProcessGuid: {2D3B23BE-4AD0-5BA2-0000-001034C11300}\nParentProcessId: 2748\nParentImage: C:\\Program Files (x86)\\Python27\\python.exe\nParentCommandLine: \"C:\\Program Files (x86)\\Python27\\python.exe\"  C:\\Users\\flare\\Downloads\\RTA-master\\red_ttp\\mshta_network.py","@version":"1","provider_guid":"{5770385F-C22A-43E0-BF4C-06F5698FFBD9}","beat":{"version":"6.4.0","name":"flare-PC","hostname":"flare-PC"},"tags":["beats_input_codec_plain_applied"],"task":"Process Create (rule: ProcessCreate)","type":"wineventlog","event_id":1,"version":5,"user":{"name":"SYSTEM","identifier":"S-1-5-18","domain":"NT-AUTORITÄT","type":"User"},"record_number":"1298","host":{"name":"flare-PC"},"opcode":"Info"}
