{"index":{"_index":"winlogbeat-6.4.0-2018.09.19","_type":"doc","_id":"Jl_58WUBfVn9xHWirT1k"}}
{"thread_id":1824,"event_data":{"ParentProcessGuid":"{2D3B23BE-4A1C-5BA2-0000-0010C8100B00}","Product":"Betriebssystem Microsoft® Windows®","UtcTime":"2018-09-19 13:15:25.899","Hashes":"MD5=AD7B9C14083B52BC532FBA5948342B98,SHA256=17F746D82695FA9B35493B41859D39D786D32B23A9D2E00F4011DEC7A02402AE","Description":"Windows-Befehlsprozessor","LogonId":"0xe320","User":"flare-PC\\flare","ParentImage":"C:\\Program Files (x86)\\Python27\\python.exe","ParentCommandLine":"\"C:\\Program Files (x86)\\Python27\\python.exe\" \"C:\\Users\\flare\\Downloads\\RTA-master\\run_all.py\" ","FileVersion":"6.1.7601.17514 (win7sp1_rtm.101119-1850)","TerminalSessionId":"1","CommandLine":"C:\\Windows\\system32\\cmd.exe /c \"\"C:\\Program Files (x86)\\Python27\\python.exe\" C:\\Users\\flare\\Downloads\\RTA-master\\red_ttp\\wmi_tool_execution.py\"","ParentProcessId":"3756","CurrentDirectory":"C:\\Users\\flare\\Downloads\\RTA-master\\","Company":"Microsoft Corporation","IntegrityLevel":"Medium","ProcessId":"1696","Image":"C:\\Windows\\SysWOW64\\cmd.exe","LogonGuid":"{2D3B23BE-45CC-5BA2-0000-002020E30000}","ProcessGuid":"{2D3B23BE-4BED-5BA2-0000-0010270A1F00}"},"@timestamp":"2018-09-19T13:15:25.899Z","log_name":"Microsoft-Windows-Sysmon/Operational","level":"Informationen","computer_name":"flare-PC","source_name":"Microsoft-Windows-Sysmon","process_id":1304,"message":"Process Create:\nRuleName: \nUtcTime: 2018-09-19 13:15:25.899\nProcessGuid: {2D3B23BE-4BED-5BA2-0000-0010270A1F00}\nProcessId: 1696\nImage: C:\\Windows\\SysWOW64\\cmd.exe\nFileVersion: 6.1.7601.17514 (win7sp1_rtm.101119-1850)\nDescription: Windows-Befehlsprozessor\nProduct: Betriebssystem Microsoft® Windows®\nCompany: Microsoft Corporation\nCommandLine: C:\\Windows\\system32\\cmd.exe /c \"\"C:\\Program Files (x86)\\Python27\\python.exe\" C:\\Users\\flare\\Downloads\\RTA-master\\red_ttp\\wmi_tool_execution.py\"\nCurrentDirectory: C:\\Users\\flare\\Downloads\\RTA-master\\\nUser: flare-PC\\flare\nLogonGuid: {2D3B23BE-45CC-5BA2-0000-002020E30000}\nLogonId: 0xe320\nTerminalSessionId: 1\nIntegrityLevel: Medium\nHashes: MD5=AD7B9C14083B52BC532FBA5948342B98,SHA256=17F746D82695FA9B35493B41859D39D786D32B23A9D2E00F4011DEC7A02402AE\nParentProcessGuid: {2D3B23BE-4A1C-5BA2-0000-0010C8100B00}\nParentProcessId: 3756\nParentImage: C:\\Program Files (x86)\\Python27\\python.exe\nParentCommandLine: \"C:\\Program Files (x86)\\Python27\\python.exe\" \"C:\\Users\\flare\\Downloads\\RTA-master\\run_all.py\" ","@version":"1","provider_guid":"{5770385F-C22A-43E0-BF4C-06F5698FFBD9}","beat":{"version":"6.4.0","name":"flare-PC","hostname":"flare-PC"},"tags":["beats_input_codec_plain_applied"],"task":"Process Create (rule: ProcessCreate)","type":"wineventlog","event_id":1,"host":{"name":"flare-PC"},"user":{"name":"SYSTEM","identifier":"S-1-5-18","domain":"NT-AUTORITÄT","type":"User"},"version":5,"record_number":"1532","opcode":"Info"}
{"index":{"_index":"winlogbeat-6.4.0-2018.09.19","_type":"doc","_id":"Hl_58WUBfVn9xHWioT17"}}
{"thread_id":1824,"event_data":{"ParentProcessGuid":"{2D3B23BE-4A1C-5BA2-0000-0010C8100B00}","Product":"Betriebssystem Microsoft® Windows®","User":"flare-PC\\flare","Hashes":"MD5=AD7B9C14083B52BC532FBA5948342B98,SHA256=17F746D82695FA9B35493B41859D39D786D32B23A9D2E00F4011DEC7A02402AE","UtcTime":"2018-09-19 13:15:21.854","Description":"Windows-Befehlsprozessor","Image":"C:\\Windows\\SysWOW64\\cmd.exe","ParentImage":"C:\\Program Files (x86)\\Python27\\python.exe","FileVersion":"6.1.7601.17514 (win7sp1_rtm.101119-1850)","LogonId":"0xe320","Company":"Microsoft Corporation","LogonGuid":"{2D3B23BE-45CC-5BA2-0000-002020E30000}","CommandLine":"C:\\Windows\\system32\\cmd.exe /c \"\"C:\\Program Files (x86)\\Python27\\python.exe\" C:\\Users\\flare\\Downloads\\RTA-master\\red_ttp\\user_dir_escalation.py\"","ProcessId":"4052","ParentProcessId":"3756","IntegrityLevel":"Medium","ParentCommandLine":"\"C:\\Program Files (x86)\\Python27\\python.exe\" \"C:\\Users\\flare\\Downloads\\RTA-master\\run_all.py\" ","CurrentDirectory":"C:\\Users\\flare\\Downloads\\RTA-master\\","TerminalSessionId":"1","ProcessGuid":"{2D3B23BE-4BE9-5BA2-0000-00105EAB1E00}"},"@timestamp":"2018-09-19T13:15:21.854Z","log_name":"Microsoft-Windows-Sysmon/Operational","level":"Informationen","computer_name":"flare-PC","source_name":"Microsoft-Windows-Sysmon","process_id":1304,"message":"Process Create:\nRuleName: \nUtcTime: 2018-09-19 13:15:21.854\nProcessGuid: {2D3B23BE-4BE9-5BA2-0000-00105EAB1E00}\nProcessId: 4052\nImage: C:\\Windows\\SysWOW64\\cmd.exe\nFileVersion: 6.1.7601.17514 (win7sp1_rtm.101119-1850)\nDescription: Windows-Befehlsprozessor\nProduct: Betriebssystem Microsoft® Windows®\nCompany: Microsoft Corporation\nCommandLine: C:\\Windows\\system32\\cmd.exe /c \"\"C:\\Program Files (x86)\\Python27\\python.exe\" C:\\Users\\flare\\Downloads\\RTA-master\\red_ttp\\user_dir_escalation.py\"\nCurrentDirectory: C:\\Users\\flare\\Downloads\\RTA-master\\\nUser: flare-PC\\flare\nLogonGuid: {2D3B23BE-45CC-5BA2-0000-002020E30000}\nLogonId: 0xe320\nTerminalSessionId: 1\nIntegrityLevel: Medium\nHashes: MD5=AD7B9C14083B52BC532FBA5948342B98,SHA256=17F746D82695FA9B35493B41859D39D786D32B23A9D2E00F4011DEC7A02402AE\nParentProcessGuid: {2D3B23BE-4A1C-5BA2-0000-0010C8100B00}\nParentProcessId: 3756\nParentImage: C:\\Program Files (x86)\\Python27\\python.exe\nParentCommandLine: \"C:\\Program Files (x86)\\Python27\\python.exe\" \"C:\\Users\\flare\\Downloads\\RTA-master\\run_all.py\" ","@version":"1","provider_guid":"{5770385F-C22A-43E0-BF4C-06F5698FFBD9}","beat":{"version":"6.4.0","name":"flare-PC","hostname":"flare-PC"},"tags":["beats_input_codec_plain_applied"],"type":"wineventlog","event_id":1,"record_number":"1523","version":5,"host":{"name":"flare-PC"},"user":{"name":"SYSTEM","identifier":"S-1-5-18","domain":"NT-AUTORITÄT","type":"User"},"task":"Process Create (rule: ProcessCreate)","opcode":"Info"}
{"index":{"_index":"winlogbeat-6.4.0-2018.09.19","_type":"doc","_id":"J1_58WUBfVn9xHWirT1k"}}
{"thread_id":1824,"event_data":{"LogonId":"0xe320","Product":"Betriebssystem Microsoft® Windows®","UtcTime":"2018-09-19 13:15:25.836","Hashes":"MD5=81538B795F922B8DA6FD897EFB04B5EE,SHA256=6D1B7029D64F022392078DD4EB3BA7FD706D02997E96C544DB5682CD356A809C","Description":"Befehlszeilenprogramm für die Ereignisverwaltung","User":"flare-PC\\flare","ParentProcessGuid":"{2D3B23BE-4BEA-5BA2-0000-001012DA1E00}","ParentImage":"C:\\Program Files (x86)\\Python27\\python.exe","ParentCommandLine":"\"C:\\Program Files (x86)\\Python27\\python.exe\"  C:\\Users\\flare\\Downloads\\RTA-master\\red_ttp\\wevtutil_log_clear.py","FileVersion":"6.1.7600.16385 (win7_rtm.090713-1255)","Company":"Microsoft Corporation","CommandLine":"wevtutil.exe cl application","ParentProcessId":"3956","CurrentDirectory":"C:\\Users\\flare\\Downloads\\RTA-master\\","ProcessId":"2116","IntegrityLevel":"Medium","LogonGuid":"{2D3B23BE-45CC-5BA2-0000-002020E30000}","TerminalSessionId":"1","Image":"C:\\Windows\\SysWOW64\\wevtutil.exe","ProcessGuid":"{2D3B23BE-4BED-5BA2-0000-0010C9061F00}"},"@timestamp":"2018-09-19T13:15:25.836Z","log_name":"Microsoft-Windows-Sysmon/Operational","level":"Informationen","computer_name":"flare-PC","source_name":"Microsoft-Windows-Sysmon","process_id":1304,"provider_guid":"{5770385F-C22A-43E0-BF4C-06F5698FFBD9}","message":"Process Create:\nRuleName: \nUtcTime: 2018-09-19 13:15:25.836\nProcessGuid: {2D3B23BE-4BED-5BA2-0000-0010C9061F00}\nProcessId: 2116\nImage: C:\\Windows\\SysWOW64\\wevtutil.exe\nFileVersion: 6.1.7600.16385 (win7_rtm.090713-1255)\nDescription: Befehlszeilenprogramm für die Ereignisverwaltung\nProduct: Betriebssystem Microsoft® Windows®\nCompany: Microsoft Corporation\nCommandLine: wevtutil.exe cl application\nCurrentDirectory: C:\\Users\\flare\\Downloads\\RTA-master\\\nUser: flare-PC\\flare\nLogonGuid: {2D3B23BE-45CC-5BA2-0000-002020E30000}\nLogonId: 0xe320\nTerminalSessionId: 1\nIntegrityLevel: Medium\nHashes: MD5=81538B795F922B8DA6FD897EFB04B5EE,SHA256=6D1B7029D64F022392078DD4EB3BA7FD706D02997E96C544DB5682CD356A809C\nParentProcessGuid: {2D3B23BE-4BEA-5BA2-0000-001012DA1E00}\nParentProcessId: 3956\nParentImage: C:\\Program Files (x86)\\Python27\\python.exe\nParentCommandLine: \"C:\\Program Files (x86)\\Python27\\python.exe\"  C:\\Users\\flare\\Downloads\\RTA-master\\red_ttp\\wevtutil_log_clear.py","@version":"1","beat":{"version":"6.4.0","name":"flare-PC","hostname":"flare-PC"},"tags":["beats_input_codec_plain_applied"],"type":"wineventlog","record_number":"1530","event_id":1,"version":5,"user":{"name":"SYSTEM","identifier":"S-1-5-18","domain":"NT-AUTORITÄT","type":"User"},"host":{"name":"flare-PC"},"task":"Process Create (rule: ProcessCreate)","opcode":"Info"}
{"index":{"_index":"winlogbeat-6.4.0-2018.09.19","_type":"doc","_id":"z1_58WUBfVn9xHWiYDxJ"}}
{"thread_id":1824,"event_data":{"LogonId":"0xe320","Product":"Betriebssystem Microsoft® Windows®","User":"flare-PC\\flare","Image":"C:\\Windows\\SysWOW64\\rundll32.exe","Description":"Windows-Hostprozess (Rundll32)","Hashes":"MD5=C648901695E275C8F2AD04B687A68CE2,SHA256=3FA4912EB43FC304652D7B01F118589259861E2D628FA7C86193E54D5F987670","UtcTime":"2018-09-19 13:15:05.113","ParentImage":"C:\\Program Files (x86)\\Python27\\python.exe","ParentCommandLine":"\"C:\\Program Files (x86)\\Python27\\python.exe\"  C:\\Users\\flare\\Downloads\\RTA-master\\red_ttp\\rundll32_ordinal.py","ParentProcessGuid":"{2D3B23BE-4BD5-5BA2-0000-00100C031C00}","LogonGuid":"{2D3B23BE-45CC-5BA2-0000-002020E30000}","Company":"Microsoft Corporation","CurrentDirectory":"C:\\Users\\flare\\Downloads\\RTA-master\\","ParentProcessId":"3836","ProcessId":"3100","IntegrityLevel":"Medium","TerminalSessionId":"1","CommandLine":"rundll32.exe C:\\Users\\flare\\Downloads\\RTA-master\\dsquery.dat #258","FileVersion":"6.1.7600.16385 (win7_rtm.090713-1255)","ProcessGuid":"{2D3B23BE-4BD9-5BA2-0000-001099351C00}"},"@timestamp":"2018-09-19T13:15:05.113Z","log_name":"Microsoft-Windows-Sysmon/Operational","level":"Informationen","computer_name":"flare-PC","source_name":"Microsoft-Windows-Sysmon","process_id":1304,"message":"Process Create:\nRuleName: \nUtcTime: 2018-09-19 13:15:05.113\nProcessGuid: {2D3B23BE-4BD9-5BA2-0000-001099351C00}\nProcessId: 3100\nImage: C:\\Windows\\SysWOW64\\rundll32.exe\nFileVersion: 6.1.7600.16385 (win7_rtm.090713-1255)\nDescription: Windows-Hostprozess (Rundll32)\nProduct: Betriebssystem Microsoft® Windows®\nCompany: Microsoft Corporation\nCommandLine: rundll32.exe C:\\Users\\flare\\Downloads\\RTA-master\\dsquery.dat #258\nCurrentDirectory: C:\\Users\\flare\\Downloads\\RTA-master\\\nUser: flare-PC\\flare\nLogonGuid: {2D3B23BE-45CC-5BA2-0000-002020E30000}\nLogonId: 0xe320\nTerminalSessionId: 1\nIntegrityLevel: Medium\nHashes: MD5=C648901695E275C8F2AD04B687A68CE2,SHA256=3FA4912EB43FC304652D7B01F118589259861E2D628FA7C86193E54D5F987670\nParentProcessGuid: {2D3B23BE-4BD5-5BA2-0000-00100C031C00}\nParentProcessId: 3836\nParentImage: C:\\Program Files (x86)\\Python27\\python.exe\nParentCommandLine: \"C:\\Program Files (x86)\\Python27\\python.exe\"  C:\\Users\\flare\\Downloads\\RTA-master\\red_ttp\\rundll32_ordinal.py","@version":"1","provider_guid":"{5770385F-C22A-43E0-BF4C-06F5698FFBD9}","beat":{"version":"6.4.0","name":"flare-PC","hostname":"flare-PC"},"tags":["beats_input_codec_plain_applied"],"type":"wineventlog","event_id":1,"task":"Process Create (rule: ProcessCreate)","host":{"name":"flare-PC"},"version":5,"user":{"name":"SYSTEM","identifier":"S-1-5-18","domain":"NT-AUTORITÄT","type":"User"},"record_number":"1451","opcode":"Info"}
{"index":{"_index":"winlogbeat-6.4.0-2018.09.19","_type":"doc","_id":"y1_58WUBfVn9xHWiTzw1"}}
{"thread_id":1824,"event_data":{"ParentProcessGuid":"{2D3B23BE-4BD5-5BA2-0000-00100C031C00}","User":"flare-PC\\flare","UtcTime":"2018-09-19 13:15:01.579","Hashes":"MD5=C648901695E275C8F2AD04B687A68CE2,SHA256=3FA4912EB43FC304652D7B01F118589259861E2D628FA7C86193E54D5F987670","Image":"C:\\Windows\\SysWOW64\\rundll32.exe","Description":"Windows-Hostprozess (Rundll32)","LogonId":"0xe320","FileVersion":"6.1.7600.16385 (win7_rtm.090713-1255)","ParentCommandLine":"\"C:\\Program Files (x86)\\Python27\\python.exe\"  C:\\Users\\flare\\Downloads\\RTA-master\\red_ttp\\rundll32_ordinal.py","ParentImage":"C:\\Program Files (x86)\\Python27\\python.exe","TerminalSessionId":"1","LogonGuid":"{2D3B23BE-45CC-5BA2-0000-002020E30000}","Company":"Microsoft Corporation","ProcessId":"2468","CurrentDirectory":"C:\\Users\\flare\\Downloads\\RTA-master\\","IntegrityLevel":"Medium","CommandLine":"rundll32.exe dsquery.dll #258","Product":"Betriebssystem Microsoft® Windows®","ParentProcessId":"3836","ProcessGuid":"{2D3B23BE-4BD5-5BA2-0000-0010242E1C00}"},"@timestamp":"2018-09-19T13:15:01.579Z","log_name":"Microsoft-Windows-Sysmon/Operational","level":"Informationen","computer_name":"flare-PC","source_name":"Microsoft-Windows-Sysmon","process_id":1304,"message":"Process Create:\nRuleName: \nUtcTime: 2018-09-19 13:15:01.579\nProcessGuid: {2D3B23BE-4BD5-5BA2-0000-0010242E1C00}\nProcessId: 2468\nImage: C:\\Windows\\SysWOW64\\rundll32.exe\nFileVersion: 6.1.7600.16385 (win7_rtm.090713-1255)\nDescription: Windows-Hostprozess (Rundll32)\nProduct: Betriebssystem Microsoft® Windows®\nCompany: Microsoft Corporation\nCommandLine: rundll32.exe dsquery.dll #258\nCurrentDirectory: C:\\Users\\flare\\Downloads\\RTA-master\\\nUser: flare-PC\\flare\nLogonGuid: {2D3B23BE-45CC-5BA2-0000-002020E30000}\nLogonId: 0xe320\nTerminalSessionId: 1\nIntegrityLevel: Medium\nHashes: MD5=C648901695E275C8F2AD04B687A68CE2,SHA256=3FA4912EB43FC304652D7B01F118589259861E2D628FA7C86193E54D5F987670\nParentProcessGuid: {2D3B23BE-4BD5-5BA2-0000-00100C031C00}\nParentProcessId: 3836\nParentImage: C:\\Program Files (x86)\\Python27\\python.exe\nParentCommandLine: \"C:\\Program Files (x86)\\Python27\\python.exe\"  C:\\Users\\flare\\Downloads\\RTA-master\\red_ttp\\rundll32_ordinal.py","@version":"1","provider_guid":"{5770385F-C22A-43E0-BF4C-06F5698FFBD9}","beat":{"version":"6.4.0","name":"flare-PC","hostname":"flare-PC"},"tags":["beats_input_codec_plain_applied"],"type":"wineventlog","task":"Process Create (rule: ProcessCreate)","record_number":"1449","host":{"name":"flare-PC"},"version":5,"user":{"name":"SYSTEM","identifier":"S-1-5-18","domain":"NT-AUTORITÄT","type":"User"},"event_id":1,"opcode":"Info"}
{"index":{"_index":"winlogbeat-6.4.0-2018.09.19","_type":"doc","_id":"0F_58WUBfVn9xHWicTwe"}}
{"thread_id":1824,"event_data":{"ParentProcessGuid":"{2D3B23BE-4BDD-5BA2-0000-001066461C00}","Product":"?","LogonId":"0xe320","Hashes":"MD5=6E8B813C218546F9DF6F17F4B97B06EE,SHA256=C7817E6DA74A7AE196EB2D35CE21319ABE3A62CD23AB4DB39FA5138DF7CA1D44","Description":"?","Image":"C:\\Program Files (x86)\\Python27\\python.exe","UtcTime":"2018-09-19 13:15:09.664","FileVersion":"?","ParentCommandLine":"C:\\Windows\\system32\\cmd.exe /c \"\"C:\\Program Files (x86)\\Python27\\python.exe\" C:\\Users\\flare\\Downloads\\RTA-master\\red_ttp\\schtask_escalation.py\"","ParentImage":"C:\\Windows\\SysWOW64\\cmd.exe","LogonGuid":"{2D3B23BE-45CC-5BA2-0000-002020E30000}","CommandLine":"\"C:\\Program Files (x86)\\Python27\\python.exe\"  C:\\Users\\flare\\Downloads\\RTA-master\\red_ttp\\schtask_escalation.py","CurrentDirectory":"C:\\Users\\flare\\Downloads\\RTA-master\\","ProcessId":"2788","ParentProcessId":"3088","TerminalSessionId":"1","IntegrityLevel":"Medium","Company":"?","User":"flare-PC\\flare","ProcessGuid":"{2D3B23BE-4BDD-5BA2-0000-00109F471C00}"},"@timestamp":"2018-09-19T13:15:09.679Z","log_name":"Microsoft-Windows-Sysmon/Operational","level":"Informationen","computer_name":"flare-PC","source_name":"Microsoft-Windows-Sysmon","process_id":1304,"message":"Process Create:\nRuleName: \nUtcTime: 2018-09-19 13:15:09.664\nProcessGuid: {2D3B23BE-4BDD-5BA2-0000-00109F471C00}\nProcessId: 2788\nImage: C:\\Program Files (x86)\\Python27\\python.exe\nFileVersion: ?\nDescription: ?\nProduct: ?\nCompany: ?\nCommandLine: \"C:\\Program Files (x86)\\Python27\\python.exe\"  C:\\Users\\flare\\Downloads\\RTA-master\\red_ttp\\schtask_escalation.py\nCurrentDirectory: C:\\Users\\flare\\Downloads\\RTA-master\\\nUser: flare-PC\\flare\nLogonGuid: {2D3B23BE-45CC-5BA2-0000-002020E30000}\nLogonId: 0xe320\nTerminalSessionId: 1\nIntegrityLevel: Medium\nHashes: MD5=6E8B813C218546F9DF6F17F4B97B06EE,SHA256=C7817E6DA74A7AE196EB2D35CE21319ABE3A62CD23AB4DB39FA5138DF7CA1D44\nParentProcessGuid: {2D3B23BE-4BDD-5BA2-0000-001066461C00}\nParentProcessId: 3088\nParentImage: C:\\Windows\\SysWOW64\\cmd.exe\nParentCommandLine: C:\\Windows\\system32\\cmd.exe /c \"\"C:\\Program Files (x86)\\Python27\\python.exe\" C:\\Users\\flare\\Downloads\\RTA-master\\red_ttp\\schtask_escalation.py\"","@version":"1","provider_guid":"{5770385F-C22A-43E0-BF4C-06F5698FFBD9}","beat":{"version":"6.4.0","name":"flare-PC","hostname":"flare-PC"},"tags":["beats_input_codec_plain_applied"],"type":"wineventlog","task":"Process Create (rule: ProcessCreate)","event_id":1,"version":5,"user":{"name":"SYSTEM","identifier":"S-1-5-18","domain":"NT-AUTORITÄT","type":"User"},"host":{"name":"flare-PC"},"record_number":"1453","opcode":"Info"}
{"index":{"_index":"winlogbeat-6.4.0-2018.09.19","_type":"doc","_id":"Kl_58WUBfVn9xHWitT2H"}}
{"thread_id":1824,"event_data":{"ParentProcessGuid":"{2D3B23BE-4A77-5BA2-0000-001076DF0D00}","LogonId":"0xe320","User":"flare-PC\\flare","Image":"C:\\Windows\\System32\\cscript.exe","Description":"Microsoft ® Console Based Script Host","Hashes":"MD5=ECB021CA3370582F0C7244B0CF06732C,SHA256=8350F39F98D9DBA69254A979EDE8D48CE88D9CE62CD62015181448C80E3ECADB","Product":"Microsoft ® Windows Script Host","ParentImage":"C:\\Windows\\System32\\wbem\\WmiPrvSE.exe","ParentCommandLine":"C:\\Windows\\system32\\wbem\\wmiprvse.exe -secured -Embedding","FileVersion":"5.8.7600.16385","TerminalSessionId":"1","Company":"Microsoft Corporation","CommandLine":"cscript.exe","ProcessId":"2636","ParentProcessId":"1764","IntegrityLevel":"Medium","LogonGuid":"{2D3B23BE-45CC-5BA2-0000-002020E30000}","UtcTime":"2018-09-19 13:15:26.446","CurrentDirectory":"C:\\Windows\\system32\\","ProcessGuid":"{2D3B23BE-4BEE-5BA2-0000-0010963B1F00}"},"@timestamp":"2018-09-19T13:15:26.446Z","log_name":"Microsoft-Windows-Sysmon/Operational","level":"Informationen","computer_name":"flare-PC","source_name":"Microsoft-Windows-Sysmon","process_id":1304,"message":"Process Create:\nRuleName: \nUtcTime: 2018-09-19 13:15:26.446\nProcessGuid: {2D3B23BE-4BEE-5BA2-0000-0010963B1F00}\nProcessId: 2636\nImage: C:\\Windows\\System32\\cscript.exe\nFileVersion: 5.8.7600.16385\nDescription: Microsoft ® Console Based Script Host\nProduct: Microsoft ® Windows Script Host\nCompany: Microsoft Corporation\nCommandLine: cscript.exe\nCurrentDirectory: C:\\Windows\\system32\\\nUser: flare-PC\\flare\nLogonGuid: {2D3B23BE-45CC-5BA2-0000-002020E30000}\nLogonId: 0xe320\nTerminalSessionId: 1\nIntegrityLevel: Medium\nHashes: MD5=ECB021CA3370582F0C7244B0CF06732C,SHA256=8350F39F98D9DBA69254A979EDE8D48CE88D9CE62CD62015181448C80E3ECADB\nParentProcessGuid: {2D3B23BE-4A77-5BA2-0000-001076DF0D00}\nParentProcessId: 1764\nParentImage: C:\\Windows\\System32\\wbem\\WmiPrvSE.exe\nParentCommandLine: C:\\Windows\\system32\\wbem\\wmiprvse.exe -secured -Embedding","@version":"1","provider_guid":"{5770385F-C22A-43E0-BF4C-06F5698FFBD9}","beat":{"version":"6.4.0","name":"flare-PC","hostname":"flare-PC"},"tags":["beats_input_codec_plain_applied"],"type":"wineventlog","event_id":1,"task":"Process Create (rule: ProcessCreate)","version":5,"user":{"domain":"NT-AUTORITÄT","identifier":"S-1-5-18","type":"User","name":"SYSTEM"},"host":{"name":"flare-PC"},"record_number":"1535","opcode":"Info"}
{"index":{"_index":"winlogbeat-6.4.0-2018.09.19","_type":"doc","_id":"LF_58WUBfVn9xHWitT2H"}}
{"thread_id":1824,"event_data":{"LogonId":"0xe320","User":"flare-PC\\flare","UtcTime":"2018-09-19 13:15:26.776","Image":"C:\\Windows\\SysWOW64\\taskkill.exe","Description":"Beendet Prozesse","ParentProcessGuid":"{2D3B23BE-4BED-5BA2-0000-0010600B1F00}","Hashes":"MD5=94BDCAFBD584C979B385ADEE14B08AB4,SHA256=CB1822A981E9821D571AF16B7E37BEBA5FEB8E3DEDCDD0461119AF9AAC0358B3","FileVersion":"6.1.7600.16385 (win7_rtm.090713-1255)","ParentImage":"C:\\Program Files (x86)\\Python27\\python.exe","Product":"Betriebssystem Microsoft® Windows®","TerminalSessionId":"1","CommandLine":"taskkill.exe /f /im mshta.exe","CurrentDirectory":"C:\\Users\\flare\\Downloads\\RTA-master\\","ProcessId":"2100","LogonGuid":"{2D3B23BE-45CC-5BA2-0000-002020E30000}","IntegrityLevel":"Medium","Company":"Microsoft Corporation","ParentProcessId":"3604","ParentCommandLine":"\"C:\\Program Files (x86)\\Python27\\python.exe\"  C:\\Users\\flare\\Downloads\\RTA-master\\red_ttp\\wmi_tool_execution.py","ProcessGuid":"{2D3B23BE-4BEE-5BA2-0000-0010B05E1F00}"},"@timestamp":"2018-09-19T13:15:26.776Z","log_name":"Microsoft-Windows-Sysmon/Operational","level":"Informationen","computer_name":"flare-PC","source_name":"Microsoft-Windows-Sysmon","process_id":1304,"message":"Process Create:\nRuleName: \nUtcTime: 2018-09-19 13:15:26.776\nProcessGuid: {2D3B23BE-4BEE-5BA2-0000-0010B05E1F00}\nProcessId: 2100\nImage: C:\\Windows\\SysWOW64\\taskkill.exe\nFileVersion: 6.1.7600.16385 (win7_rtm.090713-1255)\nDescription: Beendet Prozesse\nProduct: Betriebssystem Microsoft® Windows®\nCompany: Microsoft Corporation\nCommandLine: taskkill.exe /f /im mshta.exe\nCurrentDirectory: C:\\Users\\flare\\Downloads\\RTA-master\\\nUser: flare-PC\\flare\nLogonGuid: {2D3B23BE-45CC-5BA2-0000-002020E30000}\nLogonId: 0xe320\nTerminalSessionId: 1\nIntegrityLevel: Medium\nHashes: MD5=94BDCAFBD584C979B385ADEE14B08AB4,SHA256=CB1822A981E9821D571AF16B7E37BEBA5FEB8E3DEDCDD0461119AF9AAC0358B3\nParentProcessGuid: {2D3B23BE-4BED-5BA2-0000-0010600B1F00}\nParentProcessId: 3604\nParentImage: C:\\Program Files (x86)\\Python27\\python.exe\nParentCommandLine: \"C:\\Program Files (x86)\\Python27\\python.exe\"  C:\\Users\\flare\\Downloads\\RTA-master\\red_ttp\\wmi_tool_execution.py","@version":"1","provider_guid":"{5770385F-C22A-43E0-BF4C-06F5698FFBD9}","beat":{"version":"6.4.0","name":"flare-PC","hostname":"flare-PC"},"tags":["beats_input_codec_plain_applied"],"task":"Process Create (rule: ProcessCreate)","type":"wineventlog","record_number":"1543","version":5,"user":{"name":"SYSTEM","identifier":"S-1-5-18","domain":"NT-AUTORITÄT","type":"User"},"host":{"name":"flare-PC"},"event_id":1,"opcode":"Info"}
{"index":{"_index":"winlogbeat-6.4.0-2018.09.19","_type":"doc","_id":"M1_58WUBfVn9xHWitT2J"}}
{"thread_id":1824,"event_data":{"LogonId":"0xe320","User":"flare-PC\\flare","UtcTime":"2018-09-19 13:15:26.525","Hashes":"MD5=95828D670CFD3B16EE188168E083C3C5,SHA256=8C10AE4BE93834A4C744F27CA79736D9123ED9B0D180DB28556D2D002545BAF2","Image":"C:\\Windows\\System32\\mshta.exe","Description":"Microsoft (R)-HTML-Anwendungshost","ParentProcessGuid":"{2D3B23BE-4A77-5BA2-0000-001076DF0D00}","FileVersion":"11.00.9600.16428 (winblue_gdr.131013-1700)","ParentCommandLine":"C:\\Windows\\system32\\wbem\\wmiprvse.exe -secured -Embedding","Product":"Internet Explorer","Company":"Microsoft Corporation","TerminalSessionId":"1","ParentProcessId":"1764","ProcessId":"1148","CurrentDirectory":"C:\\Windows\\system32\\","LogonGuid":"{2D3B23BE-45CC-5BA2-0000-002020E30000}","IntegrityLevel":"Medium","CommandLine":"mshta.exe /?","ParentImage":"C:\\Windows\\System32\\wbem\\WmiPrvSE.exe","ProcessGuid":"{2D3B23BE-4BEE-5BA2-0000-0010EA441F00}"},"@timestamp":"2018-09-19T13:15:26.525Z","log_name":"Microsoft-Windows-Sysmon/Operational","level":"Informationen","computer_name":"flare-PC","source_name":"Microsoft-Windows-Sysmon","process_id":1304,"@version":"1","message":"Process Create:\nRuleName: \nUtcTime: 2018-09-19 13:15:26.525\nProcessGuid: {2D3B23BE-4BEE-5BA2-0000-0010EA441F00}\nProcessId: 1148\nImage: C:\\Windows\\System32\\mshta.exe\nFileVersion: 11.00.9600.16428 (winblue_gdr.131013-1700)\nDescription: Microsoft (R)-HTML-Anwendungshost\nProduct: Internet Explorer\nCompany: Microsoft Corporation\nCommandLine: mshta.exe /?\nCurrentDirectory: C:\\Windows\\system32\\\nUser: flare-PC\\flare\nLogonGuid: {2D3B23BE-45CC-5BA2-0000-002020E30000}\nLogonId: 0xe320\nTerminalSessionId: 1\nIntegrityLevel: Medium\nHashes: MD5=95828D670CFD3B16EE188168E083C3C5,SHA256=8C10AE4BE93834A4C744F27CA79736D9123ED9B0D180DB28556D2D002545BAF2\nParentProcessGuid: {2D3B23BE-4A77-5BA2-0000-001076DF0D00}\nParentProcessId: 1764\nParentImage: C:\\Windows\\System32\\wbem\\WmiPrvSE.exe\nParentCommandLine: C:\\Windows\\system32\\wbem\\wmiprvse.exe -secured -Embedding","provider_guid":"{5770385F-C22A-43E0-BF4C-06F5698FFBD9}","beat":{"version":"6.4.0","name":"flare-PC","hostname":"flare-PC"},"tags":["beats_input_codec_plain_applied"],"task":"Process Create (rule: ProcessCreate)","record_number":"1537","type":"wineventlog","version":5,"user":{"name":"SYSTEM","domain":"NT-AUTORITÄT","type":"User","identifier":"S-1-5-18"},"host":{"name":"flare-PC"},"event_id":1,"opcode":"Info"}
{"index":{"_index":"winlogbeat-6.4.0-2018.09.19","_type":"doc","_id":"NF_58WUBfVn9xHWitT2J"}}
{"thread_id":1824,"event_data":{"ParentProcessGuid":"{2D3B23BE-4A77-5BA2-0000-001076DF0D00}","User":"flare-PC\\flare","UtcTime":"2018-09-19 13:15:26.666","Image":"C:\\Windows\\System32\\WindowsPowerShell\\v1.0\\powershell.exe","Hashes":"MD5=A575A7610E5F003CC36DF39E07C4BA7D,SHA256=006CEF6EF6488721895D93E4CEF7FA0709C2692D74BDE1E22E2A8719B2A86218","Description":"Windows PowerShell","Product":"Betriebssystem Microsoft® Windows®","FileVersion":"10.0.14409.1005 (rs1_srvoob.161208-1155)","ParentImage":"C:\\Windows\\System32\\wbem\\WmiPrvSE.exe","ParentCommandLine":"C:\\Windows\\system32\\wbem\\wmiprvse.exe -secured -Embedding","LogonGuid":"{2D3B23BE-45CC-5BA2-0000-002020E30000}","CommandLine":"powershell.exe exit'","TerminalSessionId":"1","ParentProcessId":"1764","CurrentDirectory":"C:\\Windows\\system32\\","Company":"Microsoft Corporation","ProcessId":"2564","LogonId":"0xe320","IntegrityLevel":"Medium","ProcessGuid":"{2D3B23BE-4BEE-5BA2-0000-00102D551F00}"},"@timestamp":"2018-09-19T13:15:26.682Z","log_name":"Microsoft-Windows-Sysmon/Operational","level":"Informationen","computer_name":"flare-PC","source_name":"Microsoft-Windows-Sysmon","process_id":1304,"@version":"1","provider_guid":"{5770385F-C22A-43E0-BF4C-06F5698FFBD9}","message":"Process Create:\nRuleName: \nUtcTime: 2018-09-19 13:15:26.666\nProcessGuid: {2D3B23BE-4BEE-5BA2-0000-00102D551F00}\nProcessId: 2564\nImage: C:\\Windows\\System32\\WindowsPowerShell\\v1.0\\powershell.exe\nFileVersion: 10.0.14409.1005 (rs1_srvoob.161208-1155)\nDescription: Windows PowerShell\nProduct: Betriebssystem Microsoft® Windows®\nCompany: Microsoft Corporation\nCommandLine: powershell.exe exit'\nCurrentDirectory: C:\\Windows\\system32\\\nUser: flare-PC\\flare\nLogonGuid: {2D3B23BE-45CC-5BA2-0000-002020E30000}\nLogonId: 0xe320\nTerminalSessionId: 1\nIntegrityLevel: Medium\nHashes: MD5=A575A7610E5F003CC36DF39E07C4BA7D,SHA256=006CEF6EF6488721895D93E4CEF7FA0709C2692D74BDE1E22E2A8719B2A86218\nParentProcessGuid: {2D3B23BE-4A77-5BA2-0000-001076DF0D00}\nParentProcessId: 1764\nParentImage: C:\\Windows\\System32\\wbem\\WmiPrvSE.exe\nParentCommandLine: C:\\Windows\\system32\\wbem\\wmiprvse.exe -secured -Embedding","beat":{"version":"6.4.0","name":"flare-PC","hostname":"flare-PC"},"tags":["beats_input_codec_plain_applied"],"task":"Process Create (rule: ProcessCreate)","record_number":"1541","type":"wineventlog","host":{"name":"flare-PC"},"user":{"name":"SYSTEM","identifier":"S-1-5-18","domain":"NT-AUTORITÄT","type":"User"},"version":5,"event_id":1,"opcode":"Info"}
{"index":{"_index":"winlogbeat-6.4.0-2018.09.19","_type":"doc","_id":"ml_g8WUBfVn9xHWiyTkg"}}
{"thread_id":1372,"event_data":{"param2":"Beendet","param1":"Diagnoserichtliniendienst","Binary":"4400500053002F0031000000"},"@timestamp":"2018-09-19T12:47:54.727Z","log_name":"System","keywords":["Klassisch"],"level":"Informationen","computer_name":"flare-PC","source_name":"Service Control Manager","process_id":496,"@version":"1","provider_guid":"{555908d1-a6d7-4695-8e1e-26931d2012f4}","message":"Dienst \"Diagnoserichtliniendienst\" befindet sich jetzt im Status \"Beendet\".","beat":{"version":"6.4.0","name":"flare-PC","hostname":"flare-PC"},"tags":["beats_input_codec_plain_applied"],"type":"wineventlog","record_number":"11606","event_id":7036,"host":{"name":"flare-PC"}}
{"index":{"_index":"winlogbeat-6.4.0-2018.09.19","_type":"doc","_id":"y1_g8WUBfVn9xHWiyTkh"}}
{"thread_id":548,"event_data":{"ProcessName":"C:\\Windows\\System32\\services.exe","LmPackageName":"-","TransmittedServices":"-","IpAddress":"-","SubjectLogonId":"0x3e7","IpPort":"-","TargetUserName":"NETZWERKDIENST","TargetDomainName":"NT-AUTORITÄT","KeyLength":"0","AuthenticationPackageName":"Negotiate","LogonGuid":"{00000000-0000-0000-0000-000000000000}","ProcessId":"0x1e8","SubjectUserSid":"S-1-5-18","LogonProcessName":"Advapi  ","SubjectDomainName":"WORKGROUP","TargetUserSid":"S-1-5-20","SubjectUserName":"FLARE-PC$","TargetLogonId":"0x3e4","LogonType":"5"},"@timestamp":"2018-09-19T12:49:15.406Z","log_name":"Security","keywords":["Überwachung erfolgreich"],"level":"Informationen","computer_name":"flare-PC","source_name":"Microsoft-Windows-Security-Auditing","process_id":512,"message":"Ein Konto wurde erfolgreich angemeldet.\n\nAntragsteller:\n\tSicherheits-ID:\t\tS-1-5-18\n\tKontoname:\t\tFLARE-PC$\n\tKontodomäne:\t\tWORKGROUP\n\tAnmelde-ID:\t\t0x3e7\n\nAnmeldetyp:\t\t\t5\n\nNeue Anmeldung:\n\tSicherheits-ID:\t\tS-1-5-20\n\tKontoname:\t\tNETZWERKDIENST\n\tKontodomäne:\t\tNT-AUTORITÄT\n\tAnmelde-ID:\t\t0x3e4\n\tAnmelde-GUID:\t\t{00000000-0000-0000-0000-000000000000}\n\nProzessinformationen:\n\tProzess-ID:\t\t0x1e8\n\tProzessname:\t\tC:\\Windows\\System32\\services.exe\n\nNetzwerkinformationen:\n\tArbeitsstationsname:\t\n\tQuellnetzwerkadresse:\t-\n\tQuellport:\t\t-\n\nDetaillierte Authentifizierungsinformationen:\n\tAnmeldeprozess:\t\tAdvapi  \n\tAuthentifizierungspaket:\tNegotiate\n\tÜbertragene Dienste:\t-\n\tPaketname (nur NTLM):\t-\n\tSchlüssellänge:\t\t0\n\nDieses Ereignis wird beim Erstellen einer Anmeldesitzung generiert. Es wird auf dem Computer generiert, auf den zugegriffen wurde.\n\nDie Antragstellerfelder geben das Konto auf dem lokalen System an, von dem die Anmeldung angefordert wurde. Dies ist meistens ein Dienst wie der Serverdienst oder ein lokaler Prozess wie \"Winlogon.exe\" oder \"Services.exe\".\n\nDas Anmeldetypfeld gibt den jeweiligen Anmeldetyp an. Die häufigsten Typen sind 2 (interaktiv) und 3 (Netzwerk).\n\nDie Felder für die neue Anmeldung geben das Konto an, für das die Anmeldung erstellt wurde, d. h. das angemeldete Konto.\n\nDie Netzwerkfelder geben die Quelle einer Remoteanmeldeanforderung an. der Arbeitsstationsname ist nicht immer verfügbar und kann in manchen Fällen leer bleiben.\n\nDie Felder für die Authentifizierungsinformationen enthalten detaillierte Informationen zu dieser speziellen Anmeldeanforderung.\n\t - Die Anmelde-GUID ist ein eindeutiger Bezeichner, der verwendet werden kann, um dieses Ereignis mit einem KDC-Ereignis zu korrelieren.\n\t- Die übertragenen Dienste geben an, welche Zwischendienste an der Anmeldeanforderung beteiligt waren.\n\t- Der Paketname gibt das in den NTLM-Protokollen verwendete Unterprotokoll an.\n\t- Die Schlüssellänge gibt die Länge des generierten Sitzungsschlüssels an. Wenn kein Sitzungsschlüssel angefordert wurde, ist dieser Wert 0.","@version":"1","provider_guid":"{54849625-5478-4994-A5BA-3E3B0328C30D}","beat":{"version":"6.4.0","name":"flare-PC","hostname":"flare-PC"},"tags":["beats_input_codec_plain_applied"],"type":"wineventlog","record_number":"16707","task":"Anmelden","host":{"name":"flare-PC"},"event_id":4624,"opcode":"Info"}
{"index":{"_index":"winlogbeat-6.4.0-2018.09.19","_type":"doc","_id":"ul_g8WUBfVn9xHWiyTkh"}}
{"thread_id":1012,"event_data":{"param2":"Beendet","Binary":"5300790073004D00610069006E002F0031000000","param1":"Superfetch"},"@timestamp":"2018-09-19T12:47:55.657Z","log_name":"System","keywords":["Klassisch"],"level":"Informationen","computer_name":"flare-PC","source_name":"Service Control Manager","process_id":496,"message":"Dienst \"Superfetch\" befindet sich jetzt im Status \"Beendet\".","@version":"1","provider_guid":"{555908d1-a6d7-4695-8e1e-26931d2012f4}","beat":{"version":"6.4.0","name":"flare-PC","hostname":"flare-PC"},"tags":["beats_input_codec_plain_applied"],"type":"wineventlog","record_number":"11627","event_id":7036,"host":{"name":"flare-PC"}}
{"index":{"_index":"winlogbeat-6.4.0-2018.09.19","_type":"doc","_id":"wF_g8WUBfVn9xHWiyTkh"}}
{"thread_id":604,"event_data":{"param2":"Ausgeführt","param1":"Remoteprozeduraufruf (RPC)","Binary":"520070006300530073002F0034000000"},"@timestamp":"2018-09-19T12:49:15.437Z","log_name":"System","keywords":["Klassisch"],"level":"Informationen","computer_name":"flare-PC","source_name":"Service Control Manager","process_id":488,"@version":"1","provider_guid":"{555908d1-a6d7-4695-8e1e-26931d2012f4}","message":"Dienst \"Remoteprozeduraufruf (RPC)\" befindet sich jetzt im Status \"Ausgeführt\".","beat":{"version":"6.4.0","name":"flare-PC","hostname":"flare-PC"},"tags":["beats_input_codec_plain_applied"],"type":"wineventlog","event_id":7036,"record_number":"11651","host":{"name":"flare-PC"}}
{"index":{"_index":"winlogbeat-6.4.0-2018.09.19","_type":"doc","_id":"w1_g8WUBfVn9xHWiyTkh"}}
{"thread_id":596,"event_data":{"param2":"Ausgeführt","param1":"Sitzungs-Manager für Desktopfenster-Manager","Binary":"5500780053006D0073002F0034000000"},"@timestamp":"2018-09-19T12:49:15.937Z","keywords":["Klassisch"],"log_name":"System","level":"Informationen","computer_name":"flare-PC","source_name":"Service Control Manager","process_id":488,"message":"Dienst \"Sitzungs-Manager für Desktopfenster-Manager\" befindet sich jetzt im Status \"Ausgeführt\".","@version":"1","provider_guid":"{555908d1-a6d7-4695-8e1e-26931d2012f4}","beat":{"version":"6.4.0","name":"flare-PC","hostname":"flare-PC"},"tags":["beats_input_codec_plain_applied"],"type":"wineventlog","record_number":"11663","event_id":7036,"host":{"name":"flare-PC"}}
{"index":{"_index":"winlogbeat-6.4.0-2018.09.19","_type":"doc","_id":"x1_g8WUBfVn9xHWiyTkh"}}
{"thread_id":368,"event_data":{"param2":"Ausgeführt","param1":"Diagnoserichtliniendienst","Binary":"4400500053002F0034000000"},"@timestamp":"2018-09-19T12:49:17.953Z","log_name":"System","keywords":["Klassisch"],"level":"Informationen","computer_name":"flare-PC","source_name":"Service Control Manager","process_id":488,"message":"Dienst \"Diagnoserichtliniendienst\" befindet sich jetzt im Status \"Ausgeführt\".","@version":"1","provider_guid":"{555908d1-a6d7-4695-8e1e-26931d2012f4}","beat":{"version":"6.4.0","name":"flare-PC","hostname":"flare-PC"},"tags":["beats_input_codec_plain_applied"],"type":"wineventlog","event_id":7036,"record_number":"11679","host":{"name":"flare-PC"}}
{"index":{"_index":"winlogbeat-6.4.0-2018.09.19","_type":"doc","_id":"z1_g8WUBfVn9xHWiyTkh"}}
{"thread_id":580,"event_data":{"LmPackageName":"-","ProcessName":"C:\\Windows\\System32\\services.exe","AuthenticationPackageName":"Negotiate","IpAddress":"-","TransmittedServices":"-","TargetDomainName":"NT-AUTORITÄT","TargetUserName":"SYSTEM","SubjectLogonId":"0x3e7","KeyLength":"0","IpPort":"-","LogonGuid":"{00000000-0000-0000-0000-000000000000}","ProcessId":"0x1e8","SubjectUserSid":"S-1-5-18","LogonProcessName":"Advapi  ","SubjectDomainName":"WORKGROUP","TargetUserSid":"S-1-5-18","SubjectUserName":"FLARE-PC$","TargetLogonId":"0x3e7","LogonType":"5"},"@timestamp":"2018-09-19T12:49:15.484Z","log_name":"Security","keywords":["Überwachung erfolgreich"],"level":"Informationen","computer_name":"flare-PC","source_name":"Microsoft-Windows-Security-Auditing","process_id":512,"provider_guid":"{54849625-5478-4994-A5BA-3E3B0328C30D}","message":"Ein Konto wurde erfolgreich angemeldet.\n\nAntragsteller:\n\tSicherheits-ID:\t\tS-1-5-18\n\tKontoname:\t\tFLARE-PC$\n\tKontodomäne:\t\tWORKGROUP\n\tAnmelde-ID:\t\t0x3e7\n\nAnmeldetyp:\t\t\t5\n\nNeue Anmeldung:\n\tSicherheits-ID:\t\tS-1-5-18\n\tKontoname:\t\tSYSTEM\n\tKontodomäne:\t\tNT-AUTORITÄT\n\tAnmelde-ID:\t\t0x3e7\n\tAnmelde-GUID:\t\t{00000000-0000-0000-0000-000000000000}\n\nProzessinformationen:\n\tProzess-ID:\t\t0x1e8\n\tProzessname:\t\tC:\\Windows\\System32\\services.exe\n\nNetzwerkinformationen:\n\tArbeitsstationsname:\t\n\tQuellnetzwerkadresse:\t-\n\tQuellport:\t\t-\n\nDetaillierte Authentifizierungsinformationen:\n\tAnmeldeprozess:\t\tAdvapi  \n\tAuthentifizierungspaket:\tNegotiate\n\tÜbertragene Dienste:\t-\n\tPaketname (nur NTLM):\t-\n\tSchlüssellänge:\t\t0\n\nDieses Ereignis wird beim Erstellen einer Anmeldesitzung generiert. Es wird auf dem Computer generiert, auf den zugegriffen wurde.\n\nDie Antragstellerfelder geben das Konto auf dem lokalen System an, von dem die Anmeldung angefordert wurde. Dies ist meistens ein Dienst wie der Serverdienst oder ein lokaler Prozess wie \"Winlogon.exe\" oder \"Services.exe\".\n\nDas Anmeldetypfeld gibt den jeweiligen Anmeldetyp an. Die häufigsten Typen sind 2 (interaktiv) und 3 (Netzwerk).\n\nDie Felder für die neue Anmeldung geben das Konto an, für das die Anmeldung erstellt wurde, d. h. das angemeldete Konto.\n\nDie Netzwerkfelder geben die Quelle einer Remoteanmeldeanforderung an. der Arbeitsstationsname ist nicht immer verfügbar und kann in manchen Fällen leer bleiben.\n\nDie Felder für die Authentifizierungsinformationen enthalten detaillierte Informationen zu dieser speziellen Anmeldeanforderung.\n\t - Die Anmelde-GUID ist ein eindeutiger Bezeichner, der verwendet werden kann, um dieses Ereignis mit einem KDC-Ereignis zu korrelieren.\n\t- Die übertragenen Dienste geben an, welche Zwischendienste an der Anmeldeanforderung beteiligt waren.\n\t- Der Paketname gibt das in den NTLM-Protokollen verwendete Unterprotokoll an.\n\t- Die Schlüssellänge gibt die Länge des generierten Sitzungsschlüssels an. Wenn kein Sitzungsschlüssel angefordert wurde, ist dieser Wert 0.","@version":"1","beat":{"version":"6.4.0","name":"flare-PC","hostname":"flare-PC"},"tags":["beats_input_codec_plain_applied"],"type":"wineventlog","record_number":"16711","event_id":4624,"host":{"name":"flare-PC"},"task":"Anmelden","opcode":"Info"}
{"index":{"_index":"winlogbeat-6.4.0-2018.09.19","_type":"doc","_id":"ql_g8WUBfVn9xHWiyTkg"}}
{"thread_id":596,"event_data":{"param2":"Ausgeführt","param1":"DHCP-Client","Binary":"44006800630070002F0034000000"},"@timestamp":"2018-09-19T12:49:17.406Z","keywords":["Klassisch"],"log_name":"System","level":"Informationen","computer_name":"flare-PC","source_name":"Service Control Manager","process_id":488,"message":"Dienst \"DHCP-Client\" befindet sich jetzt im Status \"Ausgeführt\".","@version":"1","provider_guid":"{555908d1-a6d7-4695-8e1e-26931d2012f4}","beat":{"version":"6.4.0","name":"flare-PC","hostname":"flare-PC"},"tags":["beats_input_codec_plain_applied"],"type":"wineventlog","event_id":7036,"record_number":"11670","host":{"name":"flare-PC"}}
{"index":{"_index":"winlogbeat-6.4.0-2018.09.19","_type":"doc","_id":"0V_g8WUBfVn9xHWiyTkh"}}
{"thread_id":576,"event_data":{"ProcessName":"C:\\Windows\\System32\\services.exe","AuthenticationPackageName":"Negotiate","LogonType":"5","IpAddress":"-","SubjectLogonId":"0x3e7","TargetDomainName":"NT-AUTORITÄT","TargetUserName":"SYSTEM","IpPort":"-","KeyLength":"0","TransmittedServices":"-","LogonGuid":"{00000000-0000-0000-0000-000000000000}","SubjectUserSid":"S-1-5-18","ProcessId":"0x1e8","SubjectDomainName":"WORKGROUP","LogonProcessName":"Advapi  ","TargetUserSid":"S-1-5-18","SubjectUserName":"FLARE-PC$","TargetLogonId":"0x3e7","LmPackageName":"-"},"@timestamp":"2018-09-19T12:49:17.625Z","log_name":"Security","keywords":["Überwachung erfolgreich"],"level":"Informationen","computer_name":"flare-PC","source_name":"Microsoft-Windows-Security-Auditing","process_id":512,"message":"Ein Konto wurde erfolgreich angemeldet.\n\nAntragsteller:\n\tSicherheits-ID:\t\tS-1-5-18\n\tKontoname:\t\tFLARE-PC$\n\tKontodomäne:\t\tWORKGROUP\n\tAnmelde-ID:\t\t0x3e7\n\nAnmeldetyp:\t\t\t5\n\nNeue Anmeldung:\n\tSicherheits-ID:\t\tS-1-5-18\n\tKontoname:\t\tSYSTEM\n\tKontodomäne:\t\tNT-AUTORITÄT\n\tAnmelde-ID:\t\t0x3e7\n\tAnmelde-GUID:\t\t{00000000-0000-0000-0000-000000000000}\n\nProzessinformationen:\n\tProzess-ID:\t\t0x1e8\n\tProzessname:\t\tC:\\Windows\\System32\\services.exe\n\nNetzwerkinformationen:\n\tArbeitsstationsname:\t\n\tQuellnetzwerkadresse:\t-\n\tQuellport:\t\t-\n\nDetaillierte Authentifizierungsinformationen:\n\tAnmeldeprozess:\t\tAdvapi  \n\tAuthentifizierungspaket:\tNegotiate\n\tÜbertragene Dienste:\t-\n\tPaketname (nur NTLM):\t-\n\tSchlüssellänge:\t\t0\n\nDieses Ereignis wird beim Erstellen einer Anmeldesitzung generiert. Es wird auf dem Computer generiert, auf den zugegriffen wurde.\n\nDie Antragstellerfelder geben das Konto auf dem lokalen System an, von dem die Anmeldung angefordert wurde. Dies ist meistens ein Dienst wie der Serverdienst oder ein lokaler Prozess wie \"Winlogon.exe\" oder \"Services.exe\".\n\nDas Anmeldetypfeld gibt den jeweiligen Anmeldetyp an. Die häufigsten Typen sind 2 (interaktiv) und 3 (Netzwerk).\n\nDie Felder für die neue Anmeldung geben das Konto an, für das die Anmeldung erstellt wurde, d. h. das angemeldete Konto.\n\nDie Netzwerkfelder geben die Quelle einer Remoteanmeldeanforderung an. der Arbeitsstationsname ist nicht immer verfügbar und kann in manchen Fällen leer bleiben.\n\nDie Felder für die Authentifizierungsinformationen enthalten detaillierte Informationen zu dieser speziellen Anmeldeanforderung.\n\t - Die Anmelde-GUID ist ein eindeutiger Bezeichner, der verwendet werden kann, um dieses Ereignis mit einem KDC-Ereignis zu korrelieren.\n\t- Die übertragenen Dienste geben an, welche Zwischendienste an der Anmeldeanforderung beteiligt waren.\n\t- Der Paketname gibt das in den NTLM-Protokollen verwendete Unterprotokoll an.\n\t- Die Schlüssellänge gibt die Länge des generierten Sitzungsschlüssels an. Wenn kein Sitzungsschlüssel angefordert wurde, ist dieser Wert 0.","@version":"1","provider_guid":"{54849625-5478-4994-A5BA-3E3B0328C30D}","beat":{"version":"6.4.0","name":"flare-PC","hostname":"flare-PC"},"tags":["beats_input_codec_plain_applied"],"task":"Anmelden","record_number":"16719","type":"wineventlog","host":{"name":"flare-PC"},"event_id":4624,"opcode":"Info"}
{"index":{"_index":"winlogbeat-6.4.0-2018.09.19","_type":"doc","_id":"01_g8WUBfVn9xHWiyTkh"}}
{"thread_id":448,"@timestamp":"2018-09-19T12:47:54.179Z","keywords":["Status"],"log_name":"System","level":"Informationen","computer_name":"flare-PC","activity_id":"{02AF2CC0-F800-0000-946D-E427524FD401}","source_name":"Microsoft-Windows-WindowsUpdateClient","process_id":908,"message":"\"Automatische Updates\" wurde angehalten.","@version":"1","provider_guid":"{945A8954-C147-4ACD-923F-40C45405A658}","beat":{"version":"6.4.0","name":"flare-PC","hostname":"flare-PC"},"tags":["beats_input_codec_plain_applied"],"task":"Windows Update-Agent","event_id":27,"record_number":"11601","host":{"name":"flare-PC"},"user":{"name":"SYSTEM","identifier":"S-1-5-18","domain":"NT-AUTORITÄT","type":"User"},"type":"wineventlog","opcode":"Statusänderung"}
{"index":{"_index":"winlogbeat-6.4.0-2018.09.19","_type":"doc","_id":"2F_g8WUBfVn9xHWiyTkh"}}
{"thread_id":1012,"event_data":{"param2":"Beendet","param1":"Sicherheitscenter","Binary":"7700730063007300760063002F0031000000"},"@timestamp":"2018-09-19T12:47:54.961Z","log_name":"System","keywords":["Klassisch"],"level":"Informationen","computer_name":"flare-PC","source_name":"Service Control Manager","process_id":496,"provider_guid":"{555908d1-a6d7-4695-8e1e-26931d2012f4}","message":"Dienst \"Sicherheitscenter\" befindet sich jetzt im Status \"Beendet\".","@version":"1","beat":{"version":"6.4.0","name":"flare-PC","hostname":"flare-PC"},"tags":["beats_input_codec_plain_applied"],"type":"wineventlog","event_id":7036,"record_number":"11621","host":{"name":"flare-PC"}}
{"index":{"_index":"winlogbeat-6.4.0-2018.09.19","_type":"doc","_id":"2V_g8WUBfVn9xHWiyTkh"}}
{"thread_id":1012,"event_data":{"param2":"Beendet","Binary":"570069006E0044006500660065006E0064002F0031000000","param1":"Windows Defender"},"@timestamp":"2018-09-19T12:47:55.079Z","log_name":"System","keywords":["Klassisch"],"level":"Informationen","computer_name":"flare-PC","source_name":"Service Control Manager","process_id":496,"provider_guid":"{555908d1-a6d7-4695-8e1e-26931d2012f4}","message":"Dienst \"Windows Defender\" befindet sich jetzt im Status \"Beendet\".","@version":"1","beat":{"version":"6.4.0","name":"flare-PC","hostname":"flare-PC"},"tags":["beats_input_codec_plain_applied"],"type":"wineventlog","record_number":"11625","event_id":7036,"host":{"name":"flare-PC"}}
{"index":{"_index":"winlogbeat-6.4.0-2018.09.19","_type":"doc","_id":"2l_g8WUBfVn9xHWiyTkh"}}
{"thread_id":3348,"event_data":{"param2":"Beendet","param1":"Kryptografiedienste","Binary":"430072007900700074005300760063002F0031000000"},"@timestamp":"2018-09-19T12:47:59.688Z","log_name":"System","keywords":["Klassisch"],"level":"Informationen","computer_name":"flare-PC","source_name":"Service Control Manager","process_id":496,"provider_guid":"{555908d1-a6d7-4695-8e1e-26931d2012f4}","message":"Dienst \"Kryptografiedienste\" befindet sich jetzt im Status \"Beendet\".","@version":"1","beat":{"version":"6.4.0","name":"flare-PC","hostname":"flare-PC"},"tags":["beats_input_codec_plain_applied"],"type":"wineventlog","event_id":7036,"record_number":"11629","host":{"name":"flare-PC"}}
{"index":{"_index":"winlogbeat-6.4.0-2018.09.19","_type":"doc","_id":"31_g8WUBfVn9xHWiyTkh"}}
{"thread_id":604,"event_data":{"param2":"Ausgeführt","param1":"DCOM-Server-Prozessstart","Binary":"440063006F006D004C00610075006E00630068002F0034000000"},"@timestamp":"2018-09-19T12:49:15.406Z","keywords":["Klassisch"],"log_name":"System","level":"Informationen","computer_name":"flare-PC","source_name":"Service Control Manager","process_id":488,"message":"Dienst \"DCOM-Server-Prozessstart\" befindet sich jetzt im Status \"Ausgeführt\".","@version":"1","provider_guid":"{555908d1-a6d7-4695-8e1e-26931d2012f4}","beat":{"version":"6.4.0","name":"flare-PC","hostname":"flare-PC"},"tags":["beats_input_codec_plain_applied"],"type":"wineventlog","event_id":7036,"record_number":"11649","host":{"name":"flare-PC"}}
{"index":{"_index":"winlogbeat-6.4.0-2018.09.19","_type":"doc","_id":"4F_g8WUBfVn9xHWiyTkh"}}
{"thread_id":648,"event_data":{"param2":"Ausgeführt","Binary":"46006F006E007400430061006300680065002F0034000000","param1":"Windows-Dienst für Schriftartencache"},"@timestamp":"2018-09-19T12:49:15.546Z","keywords":["Klassisch"],"log_name":"System","level":"Informationen","computer_name":"flare-PC","source_name":"Service Control Manager","process_id":488,"provider_guid":"{555908d1-a6d7-4695-8e1e-26931d2012f4}","message":"Dienst \"Windows-Dienst für Schriftartencache\" befindet sich jetzt im Status \"Ausgeführt\".","@version":"1","beat":{"version":"6.4.0","name":"flare-PC","hostname":"flare-PC"},"tags":["beats_input_codec_plain_applied"],"type":"wineventlog","event_id":7036,"record_number":"11653","host":{"name":"flare-PC"}}
{"index":{"_index":"winlogbeat-6.4.0-2018.09.19","_type":"doc","_id":"4l_g8WUBfVn9xHWiyTkh"}}
{"thread_id":596,"event_data":{"param2":"Ausgeführt","param1":"COM+-Ereignissystem","Binary":"4500760065006E007400530079007300740065006D002F0034000000"},"@timestamp":"2018-09-19T12:49:15.937Z","log_name":"System","keywords":["Klassisch"],"level":"Informationen","computer_name":"flare-PC","source_name":"Service Control Manager","process_id":488,"message":"Dienst \"COM+-Ereignissystem\" befindet sich jetzt im Status \"Ausgeführt\".","@version":"1","provider_guid":"{555908d1-a6d7-4695-8e1e-26931d2012f4}","beat":{"version":"6.4.0","name":"flare-PC","hostname":"flare-PC"},"tags":["beats_input_codec_plain_applied"],"type":"wineventlog","event_id":7036,"record_number":"11661","host":{"name":"flare-PC"}}
{"index":{"_index":"winlogbeat-6.4.0-2018.09.19","_type":"doc","_id":"61_g8WUBfVn9xHWizzke"}}
{"thread_id":576,"event_data":{"SubjectDomainName":"flare-PC","SubjectLogonId":"0xe2f8","PrivilegeList":"SeSecurityPrivilege\n\t\t\tSeTakeOwnershipPrivilege\n\t\t\tSeLoadDriverPrivilege\n\t\t\tSeBackupPrivilege\n\t\t\tSeRestorePrivilege\n\t\t\tSeDebugPrivilege\n\t\t\tSeSystemEnvironmentPrivilege\n\t\t\tSeImpersonatePrivilege","SubjectUserSid":"S-1-5-21-4019173901-3792766986-1456451320-1001","SubjectUserName":"flare"},"@timestamp":"2018-09-19T12:49:16.859Z","log_name":"Security","keywords":["Überwachung erfolgreich"],"level":"Informationen","computer_name":"flare-PC","source_name":"Microsoft-Windows-Security-Auditing","process_id":512,"message":"Einer neuen Anmeldung wurden besondere Rechte zugewiesen.\n\nAntragsteller:\n\tSicherheits-ID:\t\tS-1-5-21-4019173901-3792766986-1456451320-1001\n\tKontoname:\t\tflare\n\tKontodomäne:\t\tflare-PC\n\tAnmelde-ID:\t\t0xe2f8\n\nBerechtigungen:\t\tSeSecurityPrivilege\n\t\t\tSeTakeOwnershipPrivilege\n\t\t\tSeLoadDriverPrivilege\n\t\t\tSeBackupPrivilege\n\t\t\tSeRestorePrivilege\n\t\t\tSeDebugPrivilege\n\t\t\tSeSystemEnvironmentPrivilege\n\t\t\tSeImpersonatePrivilege","@version":"1","provider_guid":"{54849625-5478-4994-A5BA-3E3B0328C30D}","beat":{"version":"6.4.0","name":"flare-PC","hostname":"flare-PC"},"tags":["beats_input_codec_plain_applied"],"task":"Spezielle Anmeldung","event_id":4672,"type":"wineventlog","host":{"name":"flare-PC"},"record_number":"16718","opcode":"Info"}
